[2024-03-28T07:34:08.543+0000] {taskinstance.py:1979} INFO - Dependencies all met for dep_context=non-requeueable deps ti=<TaskInstance: ingesting_data_bq.format_to_parquet_dataset_3_task scheduled__2024-03-27T00:00:00+00:00 [queued]>
[2024-03-28T07:34:08.661+0000] {taskinstance.py:1979} INFO - Dependencies all met for dep_context=requeueable deps ti=<TaskInstance: ingesting_data_bq.format_to_parquet_dataset_3_task scheduled__2024-03-27T00:00:00+00:00 [queued]>
[2024-03-28T07:34:08.667+0000] {taskinstance.py:2193} INFO - Starting attempt 1 of 1
[2024-03-28T07:34:08.774+0000] {taskinstance.py:2214} INFO - Executing <Task(PythonOperator): format_to_parquet_dataset_3_task> on 2024-03-27 00:00:00+00:00
[2024-03-28T07:34:08.844+0000] {standard_task_runner.py:60} INFO - Started process 305 to run task
[2024-03-28T07:34:08.872+0000] {standard_task_runner.py:87} INFO - Running: ['***', 'tasks', 'run', 'ingesting_data_bq', 'format_to_parquet_dataset_3_task', 'scheduled__2024-03-27T00:00:00+00:00', '--job-id', '406', '--raw', '--subdir', 'DAGS_FOLDER/ingest_data_to_gcs.py', '--cfg-path', '/tmp/tmp4pudiv9r']
[2024-03-28T07:34:08.885+0000] {standard_task_runner.py:88} INFO - Job 406: Subtask format_to_parquet_dataset_3_task
[2024-03-28T07:34:09.105+0000] {task_command.py:423} INFO - Running <TaskInstance: ingesting_data_bq.format_to_parquet_dataset_3_task scheduled__2024-03-27T00:00:00+00:00 [running]> on host d3d7fa608a49
[2024-03-28T07:34:09.577+0000] {taskinstance.py:2510} INFO - Exporting env vars: AIRFLOW_CTX_DAG_OWNER='***' AIRFLOW_CTX_DAG_ID='ingesting_data_bq' AIRFLOW_CTX_TASK_ID='format_to_parquet_dataset_3_task' AIRFLOW_CTX_EXECUTION_DATE='2024-03-27T00:00:00+00:00' AIRFLOW_CTX_TRY_NUMBER='1' AIRFLOW_CTX_DAG_RUN_ID='scheduled__2024-03-27T00:00:00+00:00'
[2024-03-28T07:34:09.834+0000] {taskinstance.py:2728} ERROR - Task failed with exception
Traceback (most recent call last):
  File "/home/airflow/.local/lib/python3.8/site-packages/airflow/models/taskinstance.py", line 444, in _execute_task
    result = _execute_callable(context=context, **execute_callable_kwargs)
  File "/home/airflow/.local/lib/python3.8/site-packages/airflow/models/taskinstance.py", line 414, in _execute_callable
    return execute_callable(context=context, **execute_callable_kwargs)
  File "/home/airflow/.local/lib/python3.8/site-packages/airflow/operators/python.py", line 200, in execute
    return_value = self.execute_callable()
  File "/home/airflow/.local/lib/python3.8/site-packages/airflow/operators/python.py", line 217, in execute_callable
    return self.python_callable(*self.op_args, **self.op_kwargs)
  File "/opt/airflow/dags/ingest_data_to_gcs.py", line 37, in format_to_parquet
    table = pv.read_csv(src_file)
  File "pyarrow/_csv.pyx", line 1261, in pyarrow._csv.read_csv
  File "pyarrow/_csv.pyx", line 1270, in pyarrow._csv.read_csv
  File "pyarrow/error.pxi", line 154, in pyarrow.lib.pyarrow_internal_check_status
  File "pyarrow/error.pxi", line 91, in pyarrow.lib.check_status
pyarrow.lib.ArrowInvalid: CSV parse error: Expected 30 columns, got 34: 11862412,JC474382,10/16/2019 05:00:00 AM,003XX S STATE ST,0454,BATTERY,AGG PO HANDS NO/MIN INJUR ...
[2024-03-28T07:34:09.857+0000] {taskinstance.py:1149} INFO - Marking task as FAILED. dag_id=ingesting_data_bq, task_id=format_to_parquet_dataset_3_task, execution_date=20240327T000000, start_date=20240328T073408, end_date=20240328T073409
[2024-03-28T07:34:09.983+0000] {standard_task_runner.py:107} ERROR - Failed to execute job 406 for task format_to_parquet_dataset_3_task (CSV parse error: Expected 30 columns, got 34: 11862412,JC474382,10/16/2019 05:00:00 AM,003XX S STATE ST,0454,BATTERY,AGG PO HANDS NO/MIN INJUR ...; 305)
[2024-03-28T07:34:10.113+0000] {local_task_job_runner.py:234} INFO - Task exited with return code 1
[2024-03-28T07:34:10.167+0000] {taskinstance.py:3309} INFO - 0 downstream tasks scheduled from follow-on schedule check
