[2024-03-28T07:33:10.725+0000] {taskinstance.py:1979} INFO - Dependencies all met for dep_context=non-requeueable deps ti=<TaskInstance: ingesting_data_bq.download_CommunityAreas_task manual__2024-03-28T07:31:49.089267+00:00 [queued]>
[2024-03-28T07:33:10.744+0000] {taskinstance.py:1979} INFO - Dependencies all met for dep_context=requeueable deps ti=<TaskInstance: ingesting_data_bq.download_CommunityAreas_task manual__2024-03-28T07:31:49.089267+00:00 [queued]>
[2024-03-28T07:33:10.744+0000] {taskinstance.py:2193} INFO - Starting attempt 1 of 1
[2024-03-28T07:33:10.928+0000] {taskinstance.py:2214} INFO - Executing <Task(BashOperator): download_CommunityAreas_task> on 2024-03-28 07:31:49.089267+00:00
[2024-03-28T07:33:10.946+0000] {standard_task_runner.py:60} INFO - Started process 235 to run task
[2024-03-28T07:33:10.954+0000] {standard_task_runner.py:87} INFO - Running: ['***', 'tasks', 'run', 'ingesting_data_bq', 'download_CommunityAreas_task', 'manual__2024-03-28T07:31:49.089267+00:00', '--job-id', '398', '--raw', '--subdir', 'DAGS_FOLDER/ingest_data_to_gcs.py', '--cfg-path', '/tmp/tmp_uwkgnul']
[2024-03-28T07:33:10.956+0000] {standard_task_runner.py:88} INFO - Job 398: Subtask download_CommunityAreas_task
[2024-03-28T07:33:11.172+0000] {task_command.py:423} INFO - Running <TaskInstance: ingesting_data_bq.download_CommunityAreas_task manual__2024-03-28T07:31:49.089267+00:00 [running]> on host d3d7fa608a49
[2024-03-28T07:33:11.529+0000] {taskinstance.py:2510} INFO - Exporting env vars: AIRFLOW_CTX_DAG_OWNER='***' AIRFLOW_CTX_DAG_ID='ingesting_data_bq' AIRFLOW_CTX_TASK_ID='download_CommunityAreas_task' AIRFLOW_CTX_EXECUTION_DATE='2024-03-28T07:31:49.089267+00:00' AIRFLOW_CTX_TRY_NUMBER='1' AIRFLOW_CTX_DAG_RUN_ID='manual__2024-03-28T07:31:49.089267+00:00'
[2024-03-28T07:33:11.535+0000] {subprocess.py:63} INFO - Tmp dir root location: /tmp
[2024-03-28T07:33:11.538+0000] {subprocess.py:75} INFO - Running command: ['/usr/bin/bash', '-c', 'wget -O /opt/***/chicago_comm_areas.csv https://data.cityofchicago.org/api/views/igwz-8jzy/rows.csv?accessType=DOWNLOAD']
[2024-03-28T07:33:11.585+0000] {subprocess.py:86} INFO - Output:
[2024-03-28T07:33:11.597+0000] {subprocess.py:93} INFO - --2024-03-28 07:33:11--  https://data.cityofchicago.org/api/views/igwz-8jzy/rows.csv?accessType=DOWNLOAD
[2024-03-28T07:33:11.622+0000] {subprocess.py:93} INFO - Resolving data.cityofchicago.org (data.cityofchicago.org)... 52.206.140.199, 52.206.68.26, 52.206.140.205
[2024-03-28T07:33:11.624+0000] {subprocess.py:93} INFO - Connecting to data.cityofchicago.org (data.cityofchicago.org)|52.206.140.199|:443... connected.
[2024-03-28T07:33:12.364+0000] {subprocess.py:93} INFO - HTTP request sent, awaiting response... 200 OK
[2024-03-28T07:33:12.365+0000] {subprocess.py:93} INFO - Length: unspecified [text/csv]
[2024-03-28T07:33:12.366+0000] {subprocess.py:93} INFO - Saving to: ‘/opt/***/chicago_comm_areas.csv’
[2024-03-28T07:33:12.367+0000] {subprocess.py:93} INFO - 
[2024-03-28T07:33:12.497+0000] {subprocess.py:93} INFO -      0K .......... .......... .......... .......... ..........  378K
[2024-03-28T07:33:12.812+0000] {subprocess.py:93} INFO -     50K .......... .......... .......... .......... ..........  159K
[2024-03-28T07:33:12.958+0000] {subprocess.py:93} INFO -    100K .......... .......... .......... .......... ..........  343K
[2024-03-28T07:33:13.176+0000] {subprocess.py:93} INFO -    150K .......... .......... .......... .......... ..........  229K
[2024-03-28T07:33:13.379+0000] {subprocess.py:93} INFO -    200K .......... .......... .......... .......... ..........  247K
[2024-03-28T07:33:13.695+0000] {subprocess.py:93} INFO -    250K .......... .......... .......... .......... ..........  158K
[2024-03-28T07:33:13.943+0000] {subprocess.py:93} INFO -    300K .......... .......... .......... .......... ..........  202K
[2024-03-28T07:33:14.284+0000] {subprocess.py:93} INFO -    350K .......... .......... .......... .......... ..........  147K
[2024-03-28T07:33:14.523+0000] {subprocess.py:93} INFO -    400K .......... .......... .......... .......... ..........  209K
[2024-03-28T07:33:14.766+0000] {subprocess.py:93} INFO -    450K .......... .......... .......... .......... ..........  207K
[2024-03-28T07:33:14.995+0000] {subprocess.py:93} INFO -    500K .......... .......... .......... .......... ..........  219K
[2024-03-28T07:33:15.214+0000] {subprocess.py:93} INFO -    550K .......... .......... .......... .......... ..........  225K
[2024-03-28T07:33:15.337+0000] {subprocess.py:93} INFO -    600K .......... .......... .......... .......... ..........  409K
[2024-03-28T07:33:15.554+0000] {subprocess.py:93} INFO -    650K .......... .......... .......... .......... ..........  230K
[2024-03-28T07:33:15.664+0000] {subprocess.py:93} INFO -    700K .......... .......... .......... .......... ..........  454K
[2024-03-28T07:33:15.973+0000] {subprocess.py:93} INFO -    750K .......... .......... .......... .......... ..........  162K
[2024-03-28T07:33:17.116+0000] {subprocess.py:93} INFO -    800K .......... .......... .......... .......... .......... 43.7K
[2024-03-28T07:33:17.336+0000] {subprocess.py:93} INFO -    850K .......... .......... .......... .......... ..........  228K
[2024-03-28T07:33:17.456+0000] {subprocess.py:93} INFO -    900K .......... .......... .......... .......... ..........  419K
[2024-03-28T07:33:17.734+0000] {subprocess.py:93} INFO -    950K .......... .......... .......... .......... ..........  179K
[2024-03-28T07:33:18.008+0000] {subprocess.py:93} INFO -   1000K .......... .......... .......... .......... ..........  182K
[2024-03-28T07:33:18.136+0000] {subprocess.py:93} INFO -   1050K .......... .......... .......... .......... ..........  390K
[2024-03-28T07:33:18.352+0000] {subprocess.py:93} INFO -   1100K .......... .......... .......... .......... ..........  470K
[2024-03-28T07:33:18.480+0000] {subprocess.py:93} INFO -   1150K .......... .......... .......... .......... ..........  210K
[2024-03-28T07:33:18.764+0000] {subprocess.py:93} INFO -   1200K .......... .......... .......... .......... ..........  177K
[2024-03-28T07:33:18.884+0000] {subprocess.py:93} INFO -   1250K .......... .......... .......... .......... ..........  414K
[2024-03-28T07:33:19.106+0000] {subprocess.py:93} INFO -   1300K .......... .......... .......... .......... ..........  229K
[2024-03-28T07:33:19.270+0000] {subprocess.py:93} INFO -   1350K .......... .......... .......... .......... ..........  301K
[2024-03-28T07:33:19.375+0000] {subprocess.py:93} INFO -   1400K .......... .......... .......... .......... ..........  473K
[2024-03-28T07:33:19.599+0000] {subprocess.py:93} INFO -   1450K .......... .......... .......... .......... ..........  224K
[2024-03-28T07:33:19.735+0000] {subprocess.py:93} INFO -   1500K .......... .......... .......... .......... ..........  365K
[2024-03-28T07:33:19.933+0000] {subprocess.py:93} INFO -   1550K .......... .......... .......... .......... ..........  253K
[2024-03-28T07:33:20.059+0000] {subprocess.py:93} INFO -   1600K .......... .......... .......... .......... ..........  403K
[2024-03-28T07:33:20.174+0000] {subprocess.py:93} INFO -   1650K .......... .......... .......... .......... ..........  428K
[2024-03-28T07:33:20.288+0000] {subprocess.py:93} INFO -   1700K .......... .......... .......... .......... ..........  440K
[2024-03-28T07:33:20.399+0000] {subprocess.py:93} INFO -   1750K .......... .......... .......... .......... ..........  448K
[2024-03-28T07:33:20.603+0000] {subprocess.py:93} INFO -   1800K .......... .......... .......... .......... ..........  245K
[2024-03-28T07:33:20.711+0000] {subprocess.py:93} INFO -   1850K .......... .......... .......... .......... ..........  463K
[2024-03-28T07:33:20.846+0000] {subprocess.py:93} INFO -   1900K .......... .......... .......... .......... ..........  380K
[2024-03-28T07:33:20.848+0000] {subprocess.py:93} INFO -   1950K .......... ..                                          7.80M=8.5s
[2024-03-28T07:33:20.852+0000] {subprocess.py:93} INFO - 
[2024-03-28T07:33:20.855+0000] {subprocess.py:93} INFO - 2024-03-28 07:33:20 (231 KB/s) - ‘/opt/***/chicago_comm_areas.csv’ saved [2009107]
[2024-03-28T07:33:20.858+0000] {subprocess.py:93} INFO - 
[2024-03-28T07:33:20.859+0000] {subprocess.py:97} INFO - Command exited with return code 0
[2024-03-28T07:33:20.942+0000] {taskinstance.py:1149} INFO - Marking task as SUCCESS. dag_id=ingesting_data_bq, task_id=download_CommunityAreas_task, execution_date=20240328T073149, start_date=20240328T073310, end_date=20240328T073320
[2024-03-28T07:33:21.214+0000] {local_task_job_runner.py:234} INFO - Task exited with return code 0
[2024-03-28T07:33:21.258+0000] {taskinstance.py:3309} INFO - 1 downstream tasks scheduled from follow-on schedule check
