[2024-03-29T11:24:37.987+0000] {processor.py:161} INFO - Started process (PID=51) to work on /home/airflow/.local/lib/python3.8/site-packages/airflow/example_dags/example_params_trigger_ui.py
[2024-03-29T11:24:38.040+0000] {processor.py:830} INFO - Processing file /home/airflow/.local/lib/python3.8/site-packages/airflow/example_dags/example_params_trigger_ui.py for tasks to queue
[2024-03-29T11:24:38.054+0000] {logging_mixin.py:188} INFO - [2024-03-29T11:24:38.051+0000] {dagbag.py:540} INFO - Filling up the DagBag from /home/airflow/.local/lib/python3.8/site-packages/airflow/example_dags/example_params_trigger_ui.py
[2024-03-29T11:24:38.120+0000] {processor.py:840} INFO - DAG(s) 'example_params_trigger_ui' retrieved from /home/airflow/.local/lib/python3.8/site-packages/airflow/example_dags/example_params_trigger_ui.py
[2024-03-29T11:24:38.133+0000] {logging_mixin.py:188} INFO - [2024-03-29T11:24:38.132+0000] {dag.py:3047} INFO - Sync 1 DAGs
[2024-03-29T11:24:38.149+0000] {logging_mixin.py:188} INFO - [2024-03-29T11:24:38.149+0000] {dag.py:3834} INFO - Setting next_dagrun for example_params_trigger_ui to None, run_after=None
[2024-03-29T11:24:38.190+0000] {processor.py:183} INFO - Processing /home/airflow/.local/lib/python3.8/site-packages/airflow/example_dags/example_params_trigger_ui.py took 0.235 seconds
[2024-03-29T11:25:08.523+0000] {processor.py:161} INFO - Started process (PID=107) to work on /home/airflow/.local/lib/python3.8/site-packages/airflow/example_dags/example_params_trigger_ui.py
[2024-03-29T11:25:08.526+0000] {processor.py:830} INFO - Processing file /home/airflow/.local/lib/python3.8/site-packages/airflow/example_dags/example_params_trigger_ui.py for tasks to queue
[2024-03-29T11:25:08.528+0000] {logging_mixin.py:188} INFO - [2024-03-29T11:25:08.528+0000] {dagbag.py:540} INFO - Filling up the DagBag from /home/airflow/.local/lib/python3.8/site-packages/airflow/example_dags/example_params_trigger_ui.py
[2024-03-29T11:25:08.545+0000] {processor.py:840} INFO - DAG(s) 'example_params_trigger_ui' retrieved from /home/airflow/.local/lib/python3.8/site-packages/airflow/example_dags/example_params_trigger_ui.py
[2024-03-29T11:25:08.710+0000] {logging_mixin.py:188} INFO - [2024-03-29T11:25:08.709+0000] {dag.py:3047} INFO - Sync 1 DAGs
[2024-03-29T11:25:08.722+0000] {logging_mixin.py:188} INFO - [2024-03-29T11:25:08.721+0000] {dag.py:3834} INFO - Setting next_dagrun for example_params_trigger_ui to None, run_after=None
[2024-03-29T11:25:08.748+0000] {processor.py:183} INFO - Processing /home/airflow/.local/lib/python3.8/site-packages/airflow/example_dags/example_params_trigger_ui.py took 0.228 seconds
[2024-03-29T11:25:38.844+0000] {processor.py:161} INFO - Started process (PID=163) to work on /home/airflow/.local/lib/python3.8/site-packages/airflow/example_dags/example_params_trigger_ui.py
[2024-03-29T11:25:38.845+0000] {processor.py:830} INFO - Processing file /home/airflow/.local/lib/python3.8/site-packages/airflow/example_dags/example_params_trigger_ui.py for tasks to queue
[2024-03-29T11:25:38.847+0000] {logging_mixin.py:188} INFO - [2024-03-29T11:25:38.847+0000] {dagbag.py:540} INFO - Filling up the DagBag from /home/airflow/.local/lib/python3.8/site-packages/airflow/example_dags/example_params_trigger_ui.py
[2024-03-29T11:25:38.861+0000] {processor.py:840} INFO - DAG(s) 'example_params_trigger_ui' retrieved from /home/airflow/.local/lib/python3.8/site-packages/airflow/example_dags/example_params_trigger_ui.py
[2024-03-29T11:25:38.918+0000] {logging_mixin.py:188} INFO - [2024-03-29T11:25:38.917+0000] {dag.py:3047} INFO - Sync 1 DAGs
[2024-03-29T11:25:38.931+0000] {logging_mixin.py:188} INFO - [2024-03-29T11:25:38.931+0000] {dag.py:3834} INFO - Setting next_dagrun for example_params_trigger_ui to None, run_after=None
[2024-03-29T11:25:38.951+0000] {processor.py:183} INFO - Processing /home/airflow/.local/lib/python3.8/site-packages/airflow/example_dags/example_params_trigger_ui.py took 0.110 seconds
[2024-03-29T11:26:09.154+0000] {processor.py:161} INFO - Started process (PID=218) to work on /home/airflow/.local/lib/python3.8/site-packages/airflow/example_dags/example_params_trigger_ui.py
[2024-03-29T11:26:09.155+0000] {processor.py:830} INFO - Processing file /home/airflow/.local/lib/python3.8/site-packages/airflow/example_dags/example_params_trigger_ui.py for tasks to queue
[2024-03-29T11:26:09.158+0000] {logging_mixin.py:188} INFO - [2024-03-29T11:26:09.157+0000] {dagbag.py:540} INFO - Filling up the DagBag from /home/airflow/.local/lib/python3.8/site-packages/airflow/example_dags/example_params_trigger_ui.py
[2024-03-29T11:26:09.171+0000] {processor.py:840} INFO - DAG(s) 'example_params_trigger_ui' retrieved from /home/airflow/.local/lib/python3.8/site-packages/airflow/example_dags/example_params_trigger_ui.py
[2024-03-29T11:26:09.229+0000] {logging_mixin.py:188} INFO - [2024-03-29T11:26:09.229+0000] {dag.py:3047} INFO - Sync 1 DAGs
[2024-03-29T11:26:09.241+0000] {logging_mixin.py:188} INFO - [2024-03-29T11:26:09.241+0000] {dag.py:3834} INFO - Setting next_dagrun for example_params_trigger_ui to None, run_after=None
[2024-03-29T11:26:09.262+0000] {processor.py:183} INFO - Processing /home/airflow/.local/lib/python3.8/site-packages/airflow/example_dags/example_params_trigger_ui.py took 0.111 seconds
[2024-03-29T11:26:40.115+0000] {processor.py:161} INFO - Started process (PID=274) to work on /home/airflow/.local/lib/python3.8/site-packages/airflow/example_dags/example_params_trigger_ui.py
[2024-03-29T11:26:40.117+0000] {processor.py:830} INFO - Processing file /home/airflow/.local/lib/python3.8/site-packages/airflow/example_dags/example_params_trigger_ui.py for tasks to queue
[2024-03-29T11:26:40.145+0000] {logging_mixin.py:188} INFO - [2024-03-29T11:26:40.137+0000] {dagbag.py:540} INFO - Filling up the DagBag from /home/airflow/.local/lib/python3.8/site-packages/airflow/example_dags/example_params_trigger_ui.py
[2024-03-29T11:26:40.217+0000] {processor.py:840} INFO - DAG(s) 'example_params_trigger_ui' retrieved from /home/airflow/.local/lib/python3.8/site-packages/airflow/example_dags/example_params_trigger_ui.py
[2024-03-29T11:26:40.388+0000] {logging_mixin.py:188} INFO - [2024-03-29T11:26:40.387+0000] {dag.py:3047} INFO - Sync 1 DAGs
[2024-03-29T11:26:40.432+0000] {logging_mixin.py:188} INFO - [2024-03-29T11:26:40.432+0000] {dag.py:3834} INFO - Setting next_dagrun for example_params_trigger_ui to None, run_after=None
[2024-03-29T11:26:40.511+0000] {processor.py:183} INFO - Processing /home/airflow/.local/lib/python3.8/site-packages/airflow/example_dags/example_params_trigger_ui.py took 0.403 seconds
[2024-03-29T11:27:11.253+0000] {processor.py:161} INFO - Started process (PID=330) to work on /home/airflow/.local/lib/python3.8/site-packages/airflow/example_dags/example_params_trigger_ui.py
[2024-03-29T11:27:11.257+0000] {processor.py:830} INFO - Processing file /home/airflow/.local/lib/python3.8/site-packages/airflow/example_dags/example_params_trigger_ui.py for tasks to queue
[2024-03-29T11:27:11.260+0000] {logging_mixin.py:188} INFO - [2024-03-29T11:27:11.260+0000] {dagbag.py:540} INFO - Filling up the DagBag from /home/airflow/.local/lib/python3.8/site-packages/airflow/example_dags/example_params_trigger_ui.py
[2024-03-29T11:27:11.283+0000] {processor.py:840} INFO - DAG(s) 'example_params_trigger_ui' retrieved from /home/airflow/.local/lib/python3.8/site-packages/airflow/example_dags/example_params_trigger_ui.py
[2024-03-29T11:27:11.362+0000] {logging_mixin.py:188} INFO - [2024-03-29T11:27:11.361+0000] {dag.py:3047} INFO - Sync 1 DAGs
[2024-03-29T11:27:11.381+0000] {logging_mixin.py:188} INFO - [2024-03-29T11:27:11.381+0000] {dag.py:3834} INFO - Setting next_dagrun for example_params_trigger_ui to None, run_after=None
[2024-03-29T11:27:11.401+0000] {processor.py:183} INFO - Processing /home/airflow/.local/lib/python3.8/site-packages/airflow/example_dags/example_params_trigger_ui.py took 0.151 seconds
[2024-03-29T11:28:39.645+0000] {processor.py:161} INFO - Started process (PID=51) to work on /home/airflow/.local/lib/python3.8/site-packages/airflow/example_dags/example_params_trigger_ui.py
[2024-03-29T11:28:39.647+0000] {processor.py:830} INFO - Processing file /home/airflow/.local/lib/python3.8/site-packages/airflow/example_dags/example_params_trigger_ui.py for tasks to queue
[2024-03-29T11:28:39.665+0000] {logging_mixin.py:188} INFO - [2024-03-29T11:28:39.665+0000] {dagbag.py:540} INFO - Filling up the DagBag from /home/airflow/.local/lib/python3.8/site-packages/airflow/example_dags/example_params_trigger_ui.py
[2024-03-29T11:28:39.708+0000] {processor.py:840} INFO - DAG(s) 'example_params_trigger_ui' retrieved from /home/airflow/.local/lib/python3.8/site-packages/airflow/example_dags/example_params_trigger_ui.py
[2024-03-29T11:28:39.754+0000] {logging_mixin.py:188} INFO - [2024-03-29T11:28:39.753+0000] {dag.py:3047} INFO - Sync 1 DAGs
[2024-03-29T11:28:39.816+0000] {logging_mixin.py:188} INFO - [2024-03-29T11:28:39.812+0000] {dag.py:3834} INFO - Setting next_dagrun for example_params_trigger_ui to None, run_after=None
[2024-03-29T11:28:39.913+0000] {processor.py:183} INFO - Processing /home/airflow/.local/lib/python3.8/site-packages/airflow/example_dags/example_params_trigger_ui.py took 0.277 seconds
[2024-03-29T11:29:10.357+0000] {processor.py:161} INFO - Started process (PID=107) to work on /home/airflow/.local/lib/python3.8/site-packages/airflow/example_dags/example_params_trigger_ui.py
[2024-03-29T11:29:10.359+0000] {processor.py:830} INFO - Processing file /home/airflow/.local/lib/python3.8/site-packages/airflow/example_dags/example_params_trigger_ui.py for tasks to queue
[2024-03-29T11:29:10.362+0000] {logging_mixin.py:188} INFO - [2024-03-29T11:29:10.361+0000] {dagbag.py:540} INFO - Filling up the DagBag from /home/airflow/.local/lib/python3.8/site-packages/airflow/example_dags/example_params_trigger_ui.py
[2024-03-29T11:29:10.378+0000] {processor.py:840} INFO - DAG(s) 'example_params_trigger_ui' retrieved from /home/airflow/.local/lib/python3.8/site-packages/airflow/example_dags/example_params_trigger_ui.py
[2024-03-29T11:29:10.530+0000] {logging_mixin.py:188} INFO - [2024-03-29T11:29:10.529+0000] {dag.py:3047} INFO - Sync 1 DAGs
[2024-03-29T11:29:10.541+0000] {logging_mixin.py:188} INFO - [2024-03-29T11:29:10.541+0000] {dag.py:3834} INFO - Setting next_dagrun for example_params_trigger_ui to None, run_after=None
[2024-03-29T11:29:10.561+0000] {processor.py:183} INFO - Processing /home/airflow/.local/lib/python3.8/site-packages/airflow/example_dags/example_params_trigger_ui.py took 0.208 seconds
[2024-03-29T11:29:41.429+0000] {processor.py:161} INFO - Started process (PID=163) to work on /home/airflow/.local/lib/python3.8/site-packages/airflow/example_dags/example_params_trigger_ui.py
[2024-03-29T11:29:41.430+0000] {processor.py:830} INFO - Processing file /home/airflow/.local/lib/python3.8/site-packages/airflow/example_dags/example_params_trigger_ui.py for tasks to queue
[2024-03-29T11:29:41.432+0000] {logging_mixin.py:188} INFO - [2024-03-29T11:29:41.432+0000] {dagbag.py:540} INFO - Filling up the DagBag from /home/airflow/.local/lib/python3.8/site-packages/airflow/example_dags/example_params_trigger_ui.py
[2024-03-29T11:29:41.457+0000] {processor.py:840} INFO - DAG(s) 'example_params_trigger_ui' retrieved from /home/airflow/.local/lib/python3.8/site-packages/airflow/example_dags/example_params_trigger_ui.py
[2024-03-29T11:29:41.574+0000] {logging_mixin.py:188} INFO - [2024-03-29T11:29:41.573+0000] {dag.py:3047} INFO - Sync 1 DAGs
[2024-03-29T11:29:41.601+0000] {logging_mixin.py:188} INFO - [2024-03-29T11:29:41.601+0000] {dag.py:3834} INFO - Setting next_dagrun for example_params_trigger_ui to None, run_after=None
[2024-03-29T11:29:41.655+0000] {processor.py:183} INFO - Processing /home/airflow/.local/lib/python3.8/site-packages/airflow/example_dags/example_params_trigger_ui.py took 0.228 seconds
[2024-03-29T11:30:11.783+0000] {processor.py:161} INFO - Started process (PID=220) to work on /home/airflow/.local/lib/python3.8/site-packages/airflow/example_dags/example_params_trigger_ui.py
[2024-03-29T11:30:11.785+0000] {processor.py:830} INFO - Processing file /home/airflow/.local/lib/python3.8/site-packages/airflow/example_dags/example_params_trigger_ui.py for tasks to queue
[2024-03-29T11:30:11.792+0000] {logging_mixin.py:188} INFO - [2024-03-29T11:30:11.791+0000] {dagbag.py:540} INFO - Filling up the DagBag from /home/airflow/.local/lib/python3.8/site-packages/airflow/example_dags/example_params_trigger_ui.py
[2024-03-29T11:30:11.816+0000] {processor.py:840} INFO - DAG(s) 'example_params_trigger_ui' retrieved from /home/airflow/.local/lib/python3.8/site-packages/airflow/example_dags/example_params_trigger_ui.py
[2024-03-29T11:30:11.889+0000] {logging_mixin.py:188} INFO - [2024-03-29T11:30:11.888+0000] {dag.py:3047} INFO - Sync 1 DAGs
[2024-03-29T11:30:11.905+0000] {logging_mixin.py:188} INFO - [2024-03-29T11:30:11.902+0000] {dag.py:3834} INFO - Setting next_dagrun for example_params_trigger_ui to None, run_after=None
[2024-03-29T11:30:11.932+0000] {processor.py:183} INFO - Processing /home/airflow/.local/lib/python3.8/site-packages/airflow/example_dags/example_params_trigger_ui.py took 0.155 seconds
[2024-03-29T11:30:42.769+0000] {processor.py:161} INFO - Started process (PID=275) to work on /home/airflow/.local/lib/python3.8/site-packages/airflow/example_dags/example_params_trigger_ui.py
[2024-03-29T11:30:42.771+0000] {processor.py:830} INFO - Processing file /home/airflow/.local/lib/python3.8/site-packages/airflow/example_dags/example_params_trigger_ui.py for tasks to queue
[2024-03-29T11:30:42.775+0000] {logging_mixin.py:188} INFO - [2024-03-29T11:30:42.774+0000] {dagbag.py:540} INFO - Filling up the DagBag from /home/airflow/.local/lib/python3.8/site-packages/airflow/example_dags/example_params_trigger_ui.py
[2024-03-29T11:30:42.797+0000] {processor.py:840} INFO - DAG(s) 'example_params_trigger_ui' retrieved from /home/airflow/.local/lib/python3.8/site-packages/airflow/example_dags/example_params_trigger_ui.py
[2024-03-29T11:30:42.873+0000] {logging_mixin.py:188} INFO - [2024-03-29T11:30:42.872+0000] {dag.py:3047} INFO - Sync 1 DAGs
[2024-03-29T11:30:42.893+0000] {logging_mixin.py:188} INFO - [2024-03-29T11:30:42.893+0000] {dag.py:3834} INFO - Setting next_dagrun for example_params_trigger_ui to None, run_after=None
[2024-03-29T11:30:42.917+0000] {processor.py:183} INFO - Processing /home/airflow/.local/lib/python3.8/site-packages/airflow/example_dags/example_params_trigger_ui.py took 0.152 seconds
[2024-03-29T11:31:13.566+0000] {processor.py:161} INFO - Started process (PID=330) to work on /home/airflow/.local/lib/python3.8/site-packages/airflow/example_dags/example_params_trigger_ui.py
[2024-03-29T11:31:13.567+0000] {processor.py:830} INFO - Processing file /home/airflow/.local/lib/python3.8/site-packages/airflow/example_dags/example_params_trigger_ui.py for tasks to queue
[2024-03-29T11:31:13.572+0000] {logging_mixin.py:188} INFO - [2024-03-29T11:31:13.571+0000] {dagbag.py:540} INFO - Filling up the DagBag from /home/airflow/.local/lib/python3.8/site-packages/airflow/example_dags/example_params_trigger_ui.py
[2024-03-29T11:31:13.606+0000] {processor.py:840} INFO - DAG(s) 'example_params_trigger_ui' retrieved from /home/airflow/.local/lib/python3.8/site-packages/airflow/example_dags/example_params_trigger_ui.py
[2024-03-29T11:31:13.835+0000] {logging_mixin.py:188} INFO - [2024-03-29T11:31:13.834+0000] {dag.py:3047} INFO - Sync 1 DAGs
[2024-03-29T11:31:13.874+0000] {logging_mixin.py:188} INFO - [2024-03-29T11:31:13.874+0000] {dag.py:3834} INFO - Setting next_dagrun for example_params_trigger_ui to None, run_after=None
[2024-03-29T11:31:13.938+0000] {processor.py:183} INFO - Processing /home/airflow/.local/lib/python3.8/site-packages/airflow/example_dags/example_params_trigger_ui.py took 0.375 seconds
[2024-03-29T11:32:35.476+0000] {processor.py:161} INFO - Started process (PID=51) to work on /home/airflow/.local/lib/python3.8/site-packages/airflow/example_dags/example_params_trigger_ui.py
[2024-03-29T11:32:35.482+0000] {processor.py:830} INFO - Processing file /home/airflow/.local/lib/python3.8/site-packages/airflow/example_dags/example_params_trigger_ui.py for tasks to queue
[2024-03-29T11:32:35.493+0000] {logging_mixin.py:188} INFO - [2024-03-29T11:32:35.492+0000] {dagbag.py:540} INFO - Filling up the DagBag from /home/airflow/.local/lib/python3.8/site-packages/airflow/example_dags/example_params_trigger_ui.py
[2024-03-29T11:32:35.532+0000] {processor.py:840} INFO - DAG(s) 'example_params_trigger_ui' retrieved from /home/airflow/.local/lib/python3.8/site-packages/airflow/example_dags/example_params_trigger_ui.py
[2024-03-29T11:32:35.583+0000] {logging_mixin.py:188} INFO - [2024-03-29T11:32:35.582+0000] {dag.py:3047} INFO - Sync 1 DAGs
[2024-03-29T11:32:35.632+0000] {logging_mixin.py:188} INFO - [2024-03-29T11:32:35.628+0000] {dag.py:3834} INFO - Setting next_dagrun for example_params_trigger_ui to None, run_after=None
[2024-03-29T11:32:35.715+0000] {processor.py:183} INFO - Processing /home/airflow/.local/lib/python3.8/site-packages/airflow/example_dags/example_params_trigger_ui.py took 0.243 seconds
[2024-03-29T11:33:07.058+0000] {processor.py:161} INFO - Started process (PID=107) to work on /home/airflow/.local/lib/python3.8/site-packages/airflow/example_dags/example_params_trigger_ui.py
[2024-03-29T11:33:07.074+0000] {processor.py:830} INFO - Processing file /home/airflow/.local/lib/python3.8/site-packages/airflow/example_dags/example_params_trigger_ui.py for tasks to queue
[2024-03-29T11:33:07.081+0000] {logging_mixin.py:188} INFO - [2024-03-29T11:33:07.080+0000] {dagbag.py:540} INFO - Filling up the DagBag from /home/airflow/.local/lib/python3.8/site-packages/airflow/example_dags/example_params_trigger_ui.py
[2024-03-29T11:33:07.129+0000] {processor.py:840} INFO - DAG(s) 'example_params_trigger_ui' retrieved from /home/airflow/.local/lib/python3.8/site-packages/airflow/example_dags/example_params_trigger_ui.py
[2024-03-29T11:33:07.765+0000] {logging_mixin.py:188} INFO - [2024-03-29T11:33:07.764+0000] {dag.py:3047} INFO - Sync 1 DAGs
[2024-03-29T11:33:07.788+0000] {logging_mixin.py:188} INFO - [2024-03-29T11:33:07.787+0000] {dag.py:3834} INFO - Setting next_dagrun for example_params_trigger_ui to None, run_after=None
[2024-03-29T11:33:07.924+0000] {processor.py:183} INFO - Processing /home/airflow/.local/lib/python3.8/site-packages/airflow/example_dags/example_params_trigger_ui.py took 0.878 seconds
[2024-03-29T11:33:38.958+0000] {processor.py:161} INFO - Started process (PID=162) to work on /home/airflow/.local/lib/python3.8/site-packages/airflow/example_dags/example_params_trigger_ui.py
[2024-03-29T11:33:38.959+0000] {processor.py:830} INFO - Processing file /home/airflow/.local/lib/python3.8/site-packages/airflow/example_dags/example_params_trigger_ui.py for tasks to queue
[2024-03-29T11:33:38.971+0000] {logging_mixin.py:188} INFO - [2024-03-29T11:33:38.970+0000] {dagbag.py:540} INFO - Filling up the DagBag from /home/airflow/.local/lib/python3.8/site-packages/airflow/example_dags/example_params_trigger_ui.py
[2024-03-29T11:33:39.009+0000] {processor.py:840} INFO - DAG(s) 'example_params_trigger_ui' retrieved from /home/airflow/.local/lib/python3.8/site-packages/airflow/example_dags/example_params_trigger_ui.py
[2024-03-29T11:33:39.378+0000] {logging_mixin.py:188} INFO - [2024-03-29T11:33:39.378+0000] {dag.py:3047} INFO - Sync 1 DAGs
[2024-03-29T11:33:39.411+0000] {logging_mixin.py:188} INFO - [2024-03-29T11:33:39.410+0000] {dag.py:3834} INFO - Setting next_dagrun for example_params_trigger_ui to None, run_after=None
[2024-03-29T11:33:39.434+0000] {processor.py:183} INFO - Processing /home/airflow/.local/lib/python3.8/site-packages/airflow/example_dags/example_params_trigger_ui.py took 0.480 seconds
[2024-03-29T11:34:09.528+0000] {processor.py:161} INFO - Started process (PID=217) to work on /home/airflow/.local/lib/python3.8/site-packages/airflow/example_dags/example_params_trigger_ui.py
[2024-03-29T11:34:09.529+0000] {processor.py:830} INFO - Processing file /home/airflow/.local/lib/python3.8/site-packages/airflow/example_dags/example_params_trigger_ui.py for tasks to queue
[2024-03-29T11:34:09.531+0000] {logging_mixin.py:188} INFO - [2024-03-29T11:34:09.530+0000] {dagbag.py:540} INFO - Filling up the DagBag from /home/airflow/.local/lib/python3.8/site-packages/airflow/example_dags/example_params_trigger_ui.py
[2024-03-29T11:34:09.599+0000] {processor.py:840} INFO - DAG(s) 'example_params_trigger_ui' retrieved from /home/airflow/.local/lib/python3.8/site-packages/airflow/example_dags/example_params_trigger_ui.py
[2024-03-29T11:34:09.632+0000] {logging_mixin.py:188} INFO - [2024-03-29T11:34:09.631+0000] {dag.py:3047} INFO - Sync 1 DAGs
[2024-03-29T11:34:09.675+0000] {logging_mixin.py:188} INFO - [2024-03-29T11:34:09.672+0000] {dag.py:3834} INFO - Setting next_dagrun for example_params_trigger_ui to None, run_after=None
[2024-03-29T11:34:09.701+0000] {processor.py:183} INFO - Processing /home/airflow/.local/lib/python3.8/site-packages/airflow/example_dags/example_params_trigger_ui.py took 0.176 seconds
[2024-03-29T11:34:40.423+0000] {processor.py:161} INFO - Started process (PID=273) to work on /home/airflow/.local/lib/python3.8/site-packages/airflow/example_dags/example_params_trigger_ui.py
[2024-03-29T11:34:40.424+0000] {processor.py:830} INFO - Processing file /home/airflow/.local/lib/python3.8/site-packages/airflow/example_dags/example_params_trigger_ui.py for tasks to queue
[2024-03-29T11:34:40.430+0000] {logging_mixin.py:188} INFO - [2024-03-29T11:34:40.429+0000] {dagbag.py:540} INFO - Filling up the DagBag from /home/airflow/.local/lib/python3.8/site-packages/airflow/example_dags/example_params_trigger_ui.py
[2024-03-29T11:34:40.443+0000] {processor.py:840} INFO - DAG(s) 'example_params_trigger_ui' retrieved from /home/airflow/.local/lib/python3.8/site-packages/airflow/example_dags/example_params_trigger_ui.py
[2024-03-29T11:34:40.455+0000] {logging_mixin.py:188} INFO - [2024-03-29T11:34:40.454+0000] {dag.py:3047} INFO - Sync 1 DAGs
[2024-03-29T11:34:40.497+0000] {logging_mixin.py:188} INFO - [2024-03-29T11:34:40.497+0000] {dag.py:3834} INFO - Setting next_dagrun for example_params_trigger_ui to None, run_after=None
[2024-03-29T11:34:40.515+0000] {processor.py:183} INFO - Processing /home/airflow/.local/lib/python3.8/site-packages/airflow/example_dags/example_params_trigger_ui.py took 0.099 seconds
[2024-03-29T11:35:11.416+0000] {processor.py:161} INFO - Started process (PID=328) to work on /home/airflow/.local/lib/python3.8/site-packages/airflow/example_dags/example_params_trigger_ui.py
[2024-03-29T11:35:11.417+0000] {processor.py:830} INFO - Processing file /home/airflow/.local/lib/python3.8/site-packages/airflow/example_dags/example_params_trigger_ui.py for tasks to queue
[2024-03-29T11:35:11.421+0000] {logging_mixin.py:188} INFO - [2024-03-29T11:35:11.420+0000] {dagbag.py:540} INFO - Filling up the DagBag from /home/airflow/.local/lib/python3.8/site-packages/airflow/example_dags/example_params_trigger_ui.py
[2024-03-29T11:35:11.447+0000] {processor.py:840} INFO - DAG(s) 'example_params_trigger_ui' retrieved from /home/airflow/.local/lib/python3.8/site-packages/airflow/example_dags/example_params_trigger_ui.py
[2024-03-29T11:35:11.516+0000] {logging_mixin.py:188} INFO - [2024-03-29T11:35:11.515+0000] {dag.py:3047} INFO - Sync 1 DAGs
[2024-03-29T11:35:11.540+0000] {logging_mixin.py:188} INFO - [2024-03-29T11:35:11.540+0000] {dag.py:3834} INFO - Setting next_dagrun for example_params_trigger_ui to None, run_after=None
[2024-03-29T11:35:11.595+0000] {processor.py:183} INFO - Processing /home/airflow/.local/lib/python3.8/site-packages/airflow/example_dags/example_params_trigger_ui.py took 0.182 seconds
[2024-03-29T11:35:41.888+0000] {processor.py:161} INFO - Started process (PID=384) to work on /home/airflow/.local/lib/python3.8/site-packages/airflow/example_dags/example_params_trigger_ui.py
[2024-03-29T11:35:41.891+0000] {processor.py:830} INFO - Processing file /home/airflow/.local/lib/python3.8/site-packages/airflow/example_dags/example_params_trigger_ui.py for tasks to queue
[2024-03-29T11:35:41.894+0000] {logging_mixin.py:188} INFO - [2024-03-29T11:35:41.894+0000] {dagbag.py:540} INFO - Filling up the DagBag from /home/airflow/.local/lib/python3.8/site-packages/airflow/example_dags/example_params_trigger_ui.py
[2024-03-29T11:35:41.914+0000] {processor.py:840} INFO - DAG(s) 'example_params_trigger_ui' retrieved from /home/airflow/.local/lib/python3.8/site-packages/airflow/example_dags/example_params_trigger_ui.py
[2024-03-29T11:35:42.117+0000] {logging_mixin.py:188} INFO - [2024-03-29T11:35:42.115+0000] {dag.py:3047} INFO - Sync 1 DAGs
[2024-03-29T11:35:42.129+0000] {logging_mixin.py:188} INFO - [2024-03-29T11:35:42.128+0000] {dag.py:3834} INFO - Setting next_dagrun for example_params_trigger_ui to None, run_after=None
[2024-03-29T11:35:42.151+0000] {processor.py:183} INFO - Processing /home/airflow/.local/lib/python3.8/site-packages/airflow/example_dags/example_params_trigger_ui.py took 0.270 seconds
[2024-03-29T11:36:12.527+0000] {processor.py:161} INFO - Started process (PID=440) to work on /home/airflow/.local/lib/python3.8/site-packages/airflow/example_dags/example_params_trigger_ui.py
[2024-03-29T11:36:12.528+0000] {processor.py:830} INFO - Processing file /home/airflow/.local/lib/python3.8/site-packages/airflow/example_dags/example_params_trigger_ui.py for tasks to queue
[2024-03-29T11:36:12.530+0000] {logging_mixin.py:188} INFO - [2024-03-29T11:36:12.530+0000] {dagbag.py:540} INFO - Filling up the DagBag from /home/airflow/.local/lib/python3.8/site-packages/airflow/example_dags/example_params_trigger_ui.py
[2024-03-29T11:36:12.543+0000] {processor.py:840} INFO - DAG(s) 'example_params_trigger_ui' retrieved from /home/airflow/.local/lib/python3.8/site-packages/airflow/example_dags/example_params_trigger_ui.py
[2024-03-29T11:36:12.604+0000] {logging_mixin.py:188} INFO - [2024-03-29T11:36:12.604+0000] {dag.py:3047} INFO - Sync 1 DAGs
[2024-03-29T11:36:12.621+0000] {logging_mixin.py:188} INFO - [2024-03-29T11:36:12.621+0000] {dag.py:3834} INFO - Setting next_dagrun for example_params_trigger_ui to None, run_after=None
[2024-03-29T11:36:12.639+0000] {processor.py:183} INFO - Processing /home/airflow/.local/lib/python3.8/site-packages/airflow/example_dags/example_params_trigger_ui.py took 0.114 seconds
[2024-03-29T11:36:43.365+0000] {processor.py:161} INFO - Started process (PID=496) to work on /home/airflow/.local/lib/python3.8/site-packages/airflow/example_dags/example_params_trigger_ui.py
[2024-03-29T11:36:43.368+0000] {processor.py:830} INFO - Processing file /home/airflow/.local/lib/python3.8/site-packages/airflow/example_dags/example_params_trigger_ui.py for tasks to queue
[2024-03-29T11:36:43.371+0000] {logging_mixin.py:188} INFO - [2024-03-29T11:36:43.371+0000] {dagbag.py:540} INFO - Filling up the DagBag from /home/airflow/.local/lib/python3.8/site-packages/airflow/example_dags/example_params_trigger_ui.py
[2024-03-29T11:36:43.391+0000] {processor.py:840} INFO - DAG(s) 'example_params_trigger_ui' retrieved from /home/airflow/.local/lib/python3.8/site-packages/airflow/example_dags/example_params_trigger_ui.py
[2024-03-29T11:36:43.460+0000] {logging_mixin.py:188} INFO - [2024-03-29T11:36:43.459+0000] {dag.py:3047} INFO - Sync 1 DAGs
[2024-03-29T11:36:43.474+0000] {logging_mixin.py:188} INFO - [2024-03-29T11:36:43.474+0000] {dag.py:3834} INFO - Setting next_dagrun for example_params_trigger_ui to None, run_after=None
[2024-03-29T11:36:43.500+0000] {processor.py:183} INFO - Processing /home/airflow/.local/lib/python3.8/site-packages/airflow/example_dags/example_params_trigger_ui.py took 0.139 seconds
[2024-03-29T11:37:13.934+0000] {processor.py:161} INFO - Started process (PID=552) to work on /home/airflow/.local/lib/python3.8/site-packages/airflow/example_dags/example_params_trigger_ui.py
[2024-03-29T11:37:13.935+0000] {processor.py:830} INFO - Processing file /home/airflow/.local/lib/python3.8/site-packages/airflow/example_dags/example_params_trigger_ui.py for tasks to queue
[2024-03-29T11:37:13.938+0000] {logging_mixin.py:188} INFO - [2024-03-29T11:37:13.937+0000] {dagbag.py:540} INFO - Filling up the DagBag from /home/airflow/.local/lib/python3.8/site-packages/airflow/example_dags/example_params_trigger_ui.py
[2024-03-29T11:37:13.952+0000] {processor.py:840} INFO - DAG(s) 'example_params_trigger_ui' retrieved from /home/airflow/.local/lib/python3.8/site-packages/airflow/example_dags/example_params_trigger_ui.py
[2024-03-29T11:37:14.010+0000] {logging_mixin.py:188} INFO - [2024-03-29T11:37:14.009+0000] {dag.py:3047} INFO - Sync 1 DAGs
[2024-03-29T11:37:14.026+0000] {logging_mixin.py:188} INFO - [2024-03-29T11:37:14.026+0000] {dag.py:3834} INFO - Setting next_dagrun for example_params_trigger_ui to None, run_after=None
[2024-03-29T11:37:14.046+0000] {processor.py:183} INFO - Processing /home/airflow/.local/lib/python3.8/site-packages/airflow/example_dags/example_params_trigger_ui.py took 0.116 seconds
[2024-03-29T11:37:44.244+0000] {processor.py:161} INFO - Started process (PID=609) to work on /home/airflow/.local/lib/python3.8/site-packages/airflow/example_dags/example_params_trigger_ui.py
[2024-03-29T11:37:44.245+0000] {processor.py:830} INFO - Processing file /home/airflow/.local/lib/python3.8/site-packages/airflow/example_dags/example_params_trigger_ui.py for tasks to queue
[2024-03-29T11:37:44.249+0000] {logging_mixin.py:188} INFO - [2024-03-29T11:37:44.249+0000] {dagbag.py:540} INFO - Filling up the DagBag from /home/airflow/.local/lib/python3.8/site-packages/airflow/example_dags/example_params_trigger_ui.py
[2024-03-29T11:37:44.262+0000] {processor.py:840} INFO - DAG(s) 'example_params_trigger_ui' retrieved from /home/airflow/.local/lib/python3.8/site-packages/airflow/example_dags/example_params_trigger_ui.py
[2024-03-29T11:37:44.324+0000] {logging_mixin.py:188} INFO - [2024-03-29T11:37:44.324+0000] {dag.py:3047} INFO - Sync 1 DAGs
[2024-03-29T11:37:44.337+0000] {logging_mixin.py:188} INFO - [2024-03-29T11:37:44.336+0000] {dag.py:3834} INFO - Setting next_dagrun for example_params_trigger_ui to None, run_after=None
[2024-03-29T11:37:44.357+0000] {processor.py:183} INFO - Processing /home/airflow/.local/lib/python3.8/site-packages/airflow/example_dags/example_params_trigger_ui.py took 0.116 seconds
[2024-03-29T11:38:14.941+0000] {processor.py:161} INFO - Started process (PID=665) to work on /home/airflow/.local/lib/python3.8/site-packages/airflow/example_dags/example_params_trigger_ui.py
[2024-03-29T11:38:14.942+0000] {processor.py:830} INFO - Processing file /home/airflow/.local/lib/python3.8/site-packages/airflow/example_dags/example_params_trigger_ui.py for tasks to queue
[2024-03-29T11:38:14.945+0000] {logging_mixin.py:188} INFO - [2024-03-29T11:38:14.944+0000] {dagbag.py:540} INFO - Filling up the DagBag from /home/airflow/.local/lib/python3.8/site-packages/airflow/example_dags/example_params_trigger_ui.py
[2024-03-29T11:38:14.960+0000] {processor.py:840} INFO - DAG(s) 'example_params_trigger_ui' retrieved from /home/airflow/.local/lib/python3.8/site-packages/airflow/example_dags/example_params_trigger_ui.py
[2024-03-29T11:38:15.031+0000] {logging_mixin.py:188} INFO - [2024-03-29T11:38:15.031+0000] {dag.py:3047} INFO - Sync 1 DAGs
[2024-03-29T11:38:15.047+0000] {logging_mixin.py:188} INFO - [2024-03-29T11:38:15.046+0000] {dag.py:3834} INFO - Setting next_dagrun for example_params_trigger_ui to None, run_after=None
[2024-03-29T11:38:15.071+0000] {processor.py:183} INFO - Processing /home/airflow/.local/lib/python3.8/site-packages/airflow/example_dags/example_params_trigger_ui.py took 0.133 seconds
[2024-03-29T11:40:09.688+0000] {processor.py:161} INFO - Started process (PID=51) to work on /home/airflow/.local/lib/python3.8/site-packages/airflow/example_dags/example_params_trigger_ui.py
[2024-03-29T11:40:09.703+0000] {processor.py:830} INFO - Processing file /home/airflow/.local/lib/python3.8/site-packages/airflow/example_dags/example_params_trigger_ui.py for tasks to queue
[2024-03-29T11:40:09.707+0000] {logging_mixin.py:188} INFO - [2024-03-29T11:40:09.707+0000] {dagbag.py:540} INFO - Filling up the DagBag from /home/airflow/.local/lib/python3.8/site-packages/airflow/example_dags/example_params_trigger_ui.py
[2024-03-29T11:40:09.839+0000] {processor.py:840} INFO - DAG(s) 'example_params_trigger_ui' retrieved from /home/airflow/.local/lib/python3.8/site-packages/airflow/example_dags/example_params_trigger_ui.py
[2024-03-29T11:40:09.886+0000] {logging_mixin.py:188} INFO - [2024-03-29T11:40:09.884+0000] {dag.py:3047} INFO - Sync 1 DAGs
[2024-03-29T11:40:09.960+0000] {logging_mixin.py:188} INFO - [2024-03-29T11:40:09.960+0000] {dag.py:3834} INFO - Setting next_dagrun for example_params_trigger_ui to None, run_after=None
[2024-03-29T11:40:10.082+0000] {processor.py:183} INFO - Processing /home/airflow/.local/lib/python3.8/site-packages/airflow/example_dags/example_params_trigger_ui.py took 0.410 seconds
[2024-03-29T11:40:41.375+0000] {processor.py:161} INFO - Started process (PID=106) to work on /home/airflow/.local/lib/python3.8/site-packages/airflow/example_dags/example_params_trigger_ui.py
[2024-03-29T11:40:41.377+0000] {processor.py:830} INFO - Processing file /home/airflow/.local/lib/python3.8/site-packages/airflow/example_dags/example_params_trigger_ui.py for tasks to queue
[2024-03-29T11:40:41.381+0000] {logging_mixin.py:188} INFO - [2024-03-29T11:40:41.380+0000] {dagbag.py:540} INFO - Filling up the DagBag from /home/airflow/.local/lib/python3.8/site-packages/airflow/example_dags/example_params_trigger_ui.py
[2024-03-29T11:40:41.406+0000] {processor.py:840} INFO - DAG(s) 'example_params_trigger_ui' retrieved from /home/airflow/.local/lib/python3.8/site-packages/airflow/example_dags/example_params_trigger_ui.py
[2024-03-29T11:40:41.816+0000] {logging_mixin.py:188} INFO - [2024-03-29T11:40:41.815+0000] {dag.py:3047} INFO - Sync 1 DAGs
[2024-03-29T11:40:41.857+0000] {logging_mixin.py:188} INFO - [2024-03-29T11:40:41.857+0000] {dag.py:3834} INFO - Setting next_dagrun for example_params_trigger_ui to None, run_after=None
[2024-03-29T11:40:41.961+0000] {processor.py:183} INFO - Processing /home/airflow/.local/lib/python3.8/site-packages/airflow/example_dags/example_params_trigger_ui.py took 0.589 seconds
[2024-03-29T11:41:14.391+0000] {processor.py:161} INFO - Started process (PID=163) to work on /home/airflow/.local/lib/python3.8/site-packages/airflow/example_dags/example_params_trigger_ui.py
[2024-03-29T11:41:14.406+0000] {processor.py:830} INFO - Processing file /home/airflow/.local/lib/python3.8/site-packages/airflow/example_dags/example_params_trigger_ui.py for tasks to queue
[2024-03-29T11:41:14.432+0000] {logging_mixin.py:188} INFO - [2024-03-29T11:41:14.431+0000] {dagbag.py:540} INFO - Filling up the DagBag from /home/airflow/.local/lib/python3.8/site-packages/airflow/example_dags/example_params_trigger_ui.py
[2024-03-29T11:41:14.603+0000] {processor.py:840} INFO - DAG(s) 'example_params_trigger_ui' retrieved from /home/airflow/.local/lib/python3.8/site-packages/airflow/example_dags/example_params_trigger_ui.py
[2024-03-29T11:41:15.186+0000] {logging_mixin.py:188} INFO - [2024-03-29T11:41:15.185+0000] {dag.py:3047} INFO - Sync 1 DAGs
[2024-03-29T11:41:15.403+0000] {logging_mixin.py:188} INFO - [2024-03-29T11:41:15.403+0000] {dag.py:3834} INFO - Setting next_dagrun for example_params_trigger_ui to None, run_after=None
[2024-03-29T11:41:15.665+0000] {processor.py:183} INFO - Processing /home/airflow/.local/lib/python3.8/site-packages/airflow/example_dags/example_params_trigger_ui.py took 1.336 seconds
[2024-03-29T11:41:45.953+0000] {processor.py:161} INFO - Started process (PID=218) to work on /home/airflow/.local/lib/python3.8/site-packages/airflow/example_dags/example_params_trigger_ui.py
[2024-03-29T11:41:45.961+0000] {processor.py:830} INFO - Processing file /home/airflow/.local/lib/python3.8/site-packages/airflow/example_dags/example_params_trigger_ui.py for tasks to queue
[2024-03-29T11:41:45.975+0000] {logging_mixin.py:188} INFO - [2024-03-29T11:41:45.974+0000] {dagbag.py:540} INFO - Filling up the DagBag from /home/airflow/.local/lib/python3.8/site-packages/airflow/example_dags/example_params_trigger_ui.py
[2024-03-29T11:41:46.092+0000] {processor.py:840} INFO - DAG(s) 'example_params_trigger_ui' retrieved from /home/airflow/.local/lib/python3.8/site-packages/airflow/example_dags/example_params_trigger_ui.py
[2024-03-29T11:41:46.595+0000] {logging_mixin.py:188} INFO - [2024-03-29T11:41:46.584+0000] {dag.py:3047} INFO - Sync 1 DAGs
[2024-03-29T11:41:46.722+0000] {logging_mixin.py:188} INFO - [2024-03-29T11:41:46.720+0000] {dag.py:3834} INFO - Setting next_dagrun for example_params_trigger_ui to None, run_after=None
[2024-03-29T11:41:46.922+0000] {processor.py:183} INFO - Processing /home/airflow/.local/lib/python3.8/site-packages/airflow/example_dags/example_params_trigger_ui.py took 0.995 seconds
[2024-03-29T11:42:17.685+0000] {processor.py:161} INFO - Started process (PID=274) to work on /home/airflow/.local/lib/python3.8/site-packages/airflow/example_dags/example_params_trigger_ui.py
[2024-03-29T11:42:17.693+0000] {processor.py:830} INFO - Processing file /home/airflow/.local/lib/python3.8/site-packages/airflow/example_dags/example_params_trigger_ui.py for tasks to queue
[2024-03-29T11:42:17.697+0000] {logging_mixin.py:188} INFO - [2024-03-29T11:42:17.696+0000] {dagbag.py:540} INFO - Filling up the DagBag from /home/airflow/.local/lib/python3.8/site-packages/airflow/example_dags/example_params_trigger_ui.py
[2024-03-29T11:42:17.733+0000] {processor.py:840} INFO - DAG(s) 'example_params_trigger_ui' retrieved from /home/airflow/.local/lib/python3.8/site-packages/airflow/example_dags/example_params_trigger_ui.py
[2024-03-29T11:42:17.886+0000] {logging_mixin.py:188} INFO - [2024-03-29T11:42:17.885+0000] {dag.py:3047} INFO - Sync 1 DAGs
[2024-03-29T11:42:17.913+0000] {logging_mixin.py:188} INFO - [2024-03-29T11:42:17.909+0000] {dag.py:3834} INFO - Setting next_dagrun for example_params_trigger_ui to None, run_after=None
[2024-03-29T11:42:17.947+0000] {processor.py:183} INFO - Processing /home/airflow/.local/lib/python3.8/site-packages/airflow/example_dags/example_params_trigger_ui.py took 0.265 seconds
[2024-03-29T11:42:48.556+0000] {processor.py:161} INFO - Started process (PID=330) to work on /home/airflow/.local/lib/python3.8/site-packages/airflow/example_dags/example_params_trigger_ui.py
[2024-03-29T11:42:48.567+0000] {processor.py:830} INFO - Processing file /home/airflow/.local/lib/python3.8/site-packages/airflow/example_dags/example_params_trigger_ui.py for tasks to queue
[2024-03-29T11:42:48.573+0000] {logging_mixin.py:188} INFO - [2024-03-29T11:42:48.573+0000] {dagbag.py:540} INFO - Filling up the DagBag from /home/airflow/.local/lib/python3.8/site-packages/airflow/example_dags/example_params_trigger_ui.py
[2024-03-29T11:42:48.704+0000] {processor.py:840} INFO - DAG(s) 'example_params_trigger_ui' retrieved from /home/airflow/.local/lib/python3.8/site-packages/airflow/example_dags/example_params_trigger_ui.py
[2024-03-29T11:42:48.949+0000] {logging_mixin.py:188} INFO - [2024-03-29T11:42:48.948+0000] {dag.py:3047} INFO - Sync 1 DAGs
[2024-03-29T11:42:48.987+0000] {logging_mixin.py:188} INFO - [2024-03-29T11:42:48.987+0000] {dag.py:3834} INFO - Setting next_dagrun for example_params_trigger_ui to None, run_after=None
[2024-03-29T11:42:49.033+0000] {processor.py:183} INFO - Processing /home/airflow/.local/lib/python3.8/site-packages/airflow/example_dags/example_params_trigger_ui.py took 0.482 seconds
[2024-03-29T11:43:19.540+0000] {processor.py:161} INFO - Started process (PID=391) to work on /home/airflow/.local/lib/python3.8/site-packages/airflow/example_dags/example_params_trigger_ui.py
[2024-03-29T11:43:19.546+0000] {processor.py:830} INFO - Processing file /home/airflow/.local/lib/python3.8/site-packages/airflow/example_dags/example_params_trigger_ui.py for tasks to queue
[2024-03-29T11:43:19.548+0000] {logging_mixin.py:188} INFO - [2024-03-29T11:43:19.547+0000] {dagbag.py:540} INFO - Filling up the DagBag from /home/airflow/.local/lib/python3.8/site-packages/airflow/example_dags/example_params_trigger_ui.py
[2024-03-29T11:43:19.587+0000] {processor.py:840} INFO - DAG(s) 'example_params_trigger_ui' retrieved from /home/airflow/.local/lib/python3.8/site-packages/airflow/example_dags/example_params_trigger_ui.py
[2024-03-29T11:43:19.734+0000] {logging_mixin.py:188} INFO - [2024-03-29T11:43:19.734+0000] {dag.py:3047} INFO - Sync 1 DAGs
[2024-03-29T11:43:19.762+0000] {logging_mixin.py:188} INFO - [2024-03-29T11:43:19.757+0000] {dag.py:3834} INFO - Setting next_dagrun for example_params_trigger_ui to None, run_after=None
[2024-03-29T11:43:19.813+0000] {processor.py:183} INFO - Processing /home/airflow/.local/lib/python3.8/site-packages/airflow/example_dags/example_params_trigger_ui.py took 0.277 seconds
[2024-03-29T11:43:50.225+0000] {processor.py:161} INFO - Started process (PID=447) to work on /home/airflow/.local/lib/python3.8/site-packages/airflow/example_dags/example_params_trigger_ui.py
[2024-03-29T11:43:50.227+0000] {processor.py:830} INFO - Processing file /home/airflow/.local/lib/python3.8/site-packages/airflow/example_dags/example_params_trigger_ui.py for tasks to queue
[2024-03-29T11:43:50.231+0000] {logging_mixin.py:188} INFO - [2024-03-29T11:43:50.231+0000] {dagbag.py:540} INFO - Filling up the DagBag from /home/airflow/.local/lib/python3.8/site-packages/airflow/example_dags/example_params_trigger_ui.py
[2024-03-29T11:43:50.250+0000] {processor.py:840} INFO - DAG(s) 'example_params_trigger_ui' retrieved from /home/airflow/.local/lib/python3.8/site-packages/airflow/example_dags/example_params_trigger_ui.py
[2024-03-29T11:43:50.338+0000] {logging_mixin.py:188} INFO - [2024-03-29T11:43:50.338+0000] {dag.py:3047} INFO - Sync 1 DAGs
[2024-03-29T11:43:50.358+0000] {logging_mixin.py:188} INFO - [2024-03-29T11:43:50.358+0000] {dag.py:3834} INFO - Setting next_dagrun for example_params_trigger_ui to None, run_after=None
[2024-03-29T11:43:50.407+0000] {processor.py:183} INFO - Processing /home/airflow/.local/lib/python3.8/site-packages/airflow/example_dags/example_params_trigger_ui.py took 0.186 seconds
[2024-03-29T11:44:21.199+0000] {processor.py:161} INFO - Started process (PID=503) to work on /home/airflow/.local/lib/python3.8/site-packages/airflow/example_dags/example_params_trigger_ui.py
[2024-03-29T11:44:21.199+0000] {processor.py:830} INFO - Processing file /home/airflow/.local/lib/python3.8/site-packages/airflow/example_dags/example_params_trigger_ui.py for tasks to queue
[2024-03-29T11:44:21.201+0000] {logging_mixin.py:188} INFO - [2024-03-29T11:44:21.201+0000] {dagbag.py:540} INFO - Filling up the DagBag from /home/airflow/.local/lib/python3.8/site-packages/airflow/example_dags/example_params_trigger_ui.py
[2024-03-29T11:44:21.216+0000] {processor.py:840} INFO - DAG(s) 'example_params_trigger_ui' retrieved from /home/airflow/.local/lib/python3.8/site-packages/airflow/example_dags/example_params_trigger_ui.py
[2024-03-29T11:44:21.290+0000] {logging_mixin.py:188} INFO - [2024-03-29T11:44:21.289+0000] {dag.py:3047} INFO - Sync 1 DAGs
[2024-03-29T11:44:21.312+0000] {logging_mixin.py:188} INFO - [2024-03-29T11:44:21.312+0000] {dag.py:3834} INFO - Setting next_dagrun for example_params_trigger_ui to None, run_after=None
[2024-03-29T11:44:21.334+0000] {processor.py:183} INFO - Processing /home/airflow/.local/lib/python3.8/site-packages/airflow/example_dags/example_params_trigger_ui.py took 0.139 seconds
[2024-03-29T11:44:51.981+0000] {processor.py:161} INFO - Started process (PID=559) to work on /home/airflow/.local/lib/python3.8/site-packages/airflow/example_dags/example_params_trigger_ui.py
[2024-03-29T11:44:51.982+0000] {processor.py:830} INFO - Processing file /home/airflow/.local/lib/python3.8/site-packages/airflow/example_dags/example_params_trigger_ui.py for tasks to queue
[2024-03-29T11:44:51.988+0000] {logging_mixin.py:188} INFO - [2024-03-29T11:44:51.988+0000] {dagbag.py:540} INFO - Filling up the DagBag from /home/airflow/.local/lib/python3.8/site-packages/airflow/example_dags/example_params_trigger_ui.py
[2024-03-29T11:44:52.003+0000] {processor.py:840} INFO - DAG(s) 'example_params_trigger_ui' retrieved from /home/airflow/.local/lib/python3.8/site-packages/airflow/example_dags/example_params_trigger_ui.py
[2024-03-29T11:44:52.096+0000] {logging_mixin.py:188} INFO - [2024-03-29T11:44:52.095+0000] {dag.py:3047} INFO - Sync 1 DAGs
[2024-03-29T11:44:52.120+0000] {logging_mixin.py:188} INFO - [2024-03-29T11:44:52.119+0000] {dag.py:3834} INFO - Setting next_dagrun for example_params_trigger_ui to None, run_after=None
[2024-03-29T11:44:52.149+0000] {processor.py:183} INFO - Processing /home/airflow/.local/lib/python3.8/site-packages/airflow/example_dags/example_params_trigger_ui.py took 0.171 seconds
[2024-03-29T11:45:22.470+0000] {processor.py:161} INFO - Started process (PID=615) to work on /home/airflow/.local/lib/python3.8/site-packages/airflow/example_dags/example_params_trigger_ui.py
[2024-03-29T11:45:22.471+0000] {processor.py:830} INFO - Processing file /home/airflow/.local/lib/python3.8/site-packages/airflow/example_dags/example_params_trigger_ui.py for tasks to queue
[2024-03-29T11:45:22.473+0000] {logging_mixin.py:188} INFO - [2024-03-29T11:45:22.473+0000] {dagbag.py:540} INFO - Filling up the DagBag from /home/airflow/.local/lib/python3.8/site-packages/airflow/example_dags/example_params_trigger_ui.py
[2024-03-29T11:45:22.487+0000] {processor.py:840} INFO - DAG(s) 'example_params_trigger_ui' retrieved from /home/airflow/.local/lib/python3.8/site-packages/airflow/example_dags/example_params_trigger_ui.py
[2024-03-29T11:45:22.557+0000] {logging_mixin.py:188} INFO - [2024-03-29T11:45:22.556+0000] {dag.py:3047} INFO - Sync 1 DAGs
[2024-03-29T11:45:22.571+0000] {logging_mixin.py:188} INFO - [2024-03-29T11:45:22.571+0000] {dag.py:3834} INFO - Setting next_dagrun for example_params_trigger_ui to None, run_after=None
[2024-03-29T11:45:22.598+0000] {processor.py:183} INFO - Processing /home/airflow/.local/lib/python3.8/site-packages/airflow/example_dags/example_params_trigger_ui.py took 0.132 seconds
[2024-03-29T11:45:53.098+0000] {processor.py:161} INFO - Started process (PID=671) to work on /home/airflow/.local/lib/python3.8/site-packages/airflow/example_dags/example_params_trigger_ui.py
[2024-03-29T11:45:53.099+0000] {processor.py:830} INFO - Processing file /home/airflow/.local/lib/python3.8/site-packages/airflow/example_dags/example_params_trigger_ui.py for tasks to queue
[2024-03-29T11:45:53.102+0000] {logging_mixin.py:188} INFO - [2024-03-29T11:45:53.101+0000] {dagbag.py:540} INFO - Filling up the DagBag from /home/airflow/.local/lib/python3.8/site-packages/airflow/example_dags/example_params_trigger_ui.py
[2024-03-29T11:45:53.163+0000] {processor.py:840} INFO - DAG(s) 'example_params_trigger_ui' retrieved from /home/airflow/.local/lib/python3.8/site-packages/airflow/example_dags/example_params_trigger_ui.py
[2024-03-29T11:45:53.329+0000] {logging_mixin.py:188} INFO - [2024-03-29T11:45:53.328+0000] {dag.py:3047} INFO - Sync 1 DAGs
[2024-03-29T11:45:53.350+0000] {logging_mixin.py:188} INFO - [2024-03-29T11:45:53.349+0000] {dag.py:3834} INFO - Setting next_dagrun for example_params_trigger_ui to None, run_after=None
[2024-03-29T11:45:53.391+0000] {processor.py:183} INFO - Processing /home/airflow/.local/lib/python3.8/site-packages/airflow/example_dags/example_params_trigger_ui.py took 0.302 seconds
[2024-03-29T11:46:23.435+0000] {processor.py:161} INFO - Started process (PID=727) to work on /home/airflow/.local/lib/python3.8/site-packages/airflow/example_dags/example_params_trigger_ui.py
[2024-03-29T11:46:23.436+0000] {processor.py:830} INFO - Processing file /home/airflow/.local/lib/python3.8/site-packages/airflow/example_dags/example_params_trigger_ui.py for tasks to queue
[2024-03-29T11:46:23.437+0000] {logging_mixin.py:188} INFO - [2024-03-29T11:46:23.437+0000] {dagbag.py:540} INFO - Filling up the DagBag from /home/airflow/.local/lib/python3.8/site-packages/airflow/example_dags/example_params_trigger_ui.py
[2024-03-29T11:46:23.450+0000] {processor.py:840} INFO - DAG(s) 'example_params_trigger_ui' retrieved from /home/airflow/.local/lib/python3.8/site-packages/airflow/example_dags/example_params_trigger_ui.py
[2024-03-29T11:46:23.507+0000] {logging_mixin.py:188} INFO - [2024-03-29T11:46:23.507+0000] {dag.py:3047} INFO - Sync 1 DAGs
[2024-03-29T11:46:23.525+0000] {logging_mixin.py:188} INFO - [2024-03-29T11:46:23.524+0000] {dag.py:3834} INFO - Setting next_dagrun for example_params_trigger_ui to None, run_after=None
[2024-03-29T11:46:23.564+0000] {processor.py:183} INFO - Processing /home/airflow/.local/lib/python3.8/site-packages/airflow/example_dags/example_params_trigger_ui.py took 0.132 seconds
[2024-03-29T11:46:53.983+0000] {processor.py:161} INFO - Started process (PID=783) to work on /home/airflow/.local/lib/python3.8/site-packages/airflow/example_dags/example_params_trigger_ui.py
[2024-03-29T11:46:53.984+0000] {processor.py:830} INFO - Processing file /home/airflow/.local/lib/python3.8/site-packages/airflow/example_dags/example_params_trigger_ui.py for tasks to queue
[2024-03-29T11:46:53.986+0000] {logging_mixin.py:188} INFO - [2024-03-29T11:46:53.986+0000] {dagbag.py:540} INFO - Filling up the DagBag from /home/airflow/.local/lib/python3.8/site-packages/airflow/example_dags/example_params_trigger_ui.py
[2024-03-29T11:46:54.013+0000] {processor.py:840} INFO - DAG(s) 'example_params_trigger_ui' retrieved from /home/airflow/.local/lib/python3.8/site-packages/airflow/example_dags/example_params_trigger_ui.py
[2024-03-29T11:46:54.079+0000] {logging_mixin.py:188} INFO - [2024-03-29T11:46:54.078+0000] {dag.py:3047} INFO - Sync 1 DAGs
[2024-03-29T11:46:54.091+0000] {logging_mixin.py:188} INFO - [2024-03-29T11:46:54.091+0000] {dag.py:3834} INFO - Setting next_dagrun for example_params_trigger_ui to None, run_after=None
[2024-03-29T11:46:54.108+0000] {processor.py:183} INFO - Processing /home/airflow/.local/lib/python3.8/site-packages/airflow/example_dags/example_params_trigger_ui.py took 0.128 seconds
[2024-03-29T11:47:24.187+0000] {processor.py:161} INFO - Started process (PID=839) to work on /home/airflow/.local/lib/python3.8/site-packages/airflow/example_dags/example_params_trigger_ui.py
[2024-03-29T11:47:24.189+0000] {processor.py:830} INFO - Processing file /home/airflow/.local/lib/python3.8/site-packages/airflow/example_dags/example_params_trigger_ui.py for tasks to queue
[2024-03-29T11:47:24.191+0000] {logging_mixin.py:188} INFO - [2024-03-29T11:47:24.191+0000] {dagbag.py:540} INFO - Filling up the DagBag from /home/airflow/.local/lib/python3.8/site-packages/airflow/example_dags/example_params_trigger_ui.py
[2024-03-29T11:47:24.207+0000] {processor.py:840} INFO - DAG(s) 'example_params_trigger_ui' retrieved from /home/airflow/.local/lib/python3.8/site-packages/airflow/example_dags/example_params_trigger_ui.py
[2024-03-29T11:47:24.343+0000] {logging_mixin.py:188} INFO - [2024-03-29T11:47:24.342+0000] {dag.py:3047} INFO - Sync 1 DAGs
[2024-03-29T11:47:24.391+0000] {logging_mixin.py:188} INFO - [2024-03-29T11:47:24.390+0000] {dag.py:3834} INFO - Setting next_dagrun for example_params_trigger_ui to None, run_after=None
[2024-03-29T11:47:24.422+0000] {processor.py:183} INFO - Processing /home/airflow/.local/lib/python3.8/site-packages/airflow/example_dags/example_params_trigger_ui.py took 0.239 seconds
[2024-03-29T11:47:54.917+0000] {processor.py:161} INFO - Started process (PID=895) to work on /home/airflow/.local/lib/python3.8/site-packages/airflow/example_dags/example_params_trigger_ui.py
[2024-03-29T11:47:54.919+0000] {processor.py:830} INFO - Processing file /home/airflow/.local/lib/python3.8/site-packages/airflow/example_dags/example_params_trigger_ui.py for tasks to queue
[2024-03-29T11:47:54.922+0000] {logging_mixin.py:188} INFO - [2024-03-29T11:47:54.922+0000] {dagbag.py:540} INFO - Filling up the DagBag from /home/airflow/.local/lib/python3.8/site-packages/airflow/example_dags/example_params_trigger_ui.py
[2024-03-29T11:47:54.964+0000] {processor.py:840} INFO - DAG(s) 'example_params_trigger_ui' retrieved from /home/airflow/.local/lib/python3.8/site-packages/airflow/example_dags/example_params_trigger_ui.py
[2024-03-29T11:47:55.059+0000] {logging_mixin.py:188} INFO - [2024-03-29T11:47:55.058+0000] {dag.py:3047} INFO - Sync 1 DAGs
[2024-03-29T11:47:55.073+0000] {logging_mixin.py:188} INFO - [2024-03-29T11:47:55.073+0000] {dag.py:3834} INFO - Setting next_dagrun for example_params_trigger_ui to None, run_after=None
[2024-03-29T11:47:55.110+0000] {processor.py:183} INFO - Processing /home/airflow/.local/lib/python3.8/site-packages/airflow/example_dags/example_params_trigger_ui.py took 0.197 seconds
[2024-03-29T11:48:25.250+0000] {processor.py:161} INFO - Started process (PID=950) to work on /home/airflow/.local/lib/python3.8/site-packages/airflow/example_dags/example_params_trigger_ui.py
[2024-03-29T11:48:25.251+0000] {processor.py:830} INFO - Processing file /home/airflow/.local/lib/python3.8/site-packages/airflow/example_dags/example_params_trigger_ui.py for tasks to queue
[2024-03-29T11:48:25.253+0000] {logging_mixin.py:188} INFO - [2024-03-29T11:48:25.252+0000] {dagbag.py:540} INFO - Filling up the DagBag from /home/airflow/.local/lib/python3.8/site-packages/airflow/example_dags/example_params_trigger_ui.py
[2024-03-29T11:48:25.273+0000] {processor.py:840} INFO - DAG(s) 'example_params_trigger_ui' retrieved from /home/airflow/.local/lib/python3.8/site-packages/airflow/example_dags/example_params_trigger_ui.py
[2024-03-29T11:48:25.346+0000] {logging_mixin.py:188} INFO - [2024-03-29T11:48:25.345+0000] {dag.py:3047} INFO - Sync 1 DAGs
[2024-03-29T11:48:25.376+0000] {logging_mixin.py:188} INFO - [2024-03-29T11:48:25.375+0000] {dag.py:3834} INFO - Setting next_dagrun for example_params_trigger_ui to None, run_after=None
[2024-03-29T11:48:25.440+0000] {processor.py:183} INFO - Processing /home/airflow/.local/lib/python3.8/site-packages/airflow/example_dags/example_params_trigger_ui.py took 0.193 seconds
[2024-03-29T11:48:55.974+0000] {processor.py:161} INFO - Started process (PID=1006) to work on /home/airflow/.local/lib/python3.8/site-packages/airflow/example_dags/example_params_trigger_ui.py
[2024-03-29T11:48:55.975+0000] {processor.py:830} INFO - Processing file /home/airflow/.local/lib/python3.8/site-packages/airflow/example_dags/example_params_trigger_ui.py for tasks to queue
[2024-03-29T11:48:55.977+0000] {logging_mixin.py:188} INFO - [2024-03-29T11:48:55.977+0000] {dagbag.py:540} INFO - Filling up the DagBag from /home/airflow/.local/lib/python3.8/site-packages/airflow/example_dags/example_params_trigger_ui.py
[2024-03-29T11:48:55.991+0000] {processor.py:840} INFO - DAG(s) 'example_params_trigger_ui' retrieved from /home/airflow/.local/lib/python3.8/site-packages/airflow/example_dags/example_params_trigger_ui.py
[2024-03-29T11:48:56.053+0000] {logging_mixin.py:188} INFO - [2024-03-29T11:48:56.052+0000] {dag.py:3047} INFO - Sync 1 DAGs
[2024-03-29T11:48:56.069+0000] {logging_mixin.py:188} INFO - [2024-03-29T11:48:56.068+0000] {dag.py:3834} INFO - Setting next_dagrun for example_params_trigger_ui to None, run_after=None
[2024-03-29T11:48:56.087+0000] {processor.py:183} INFO - Processing /home/airflow/.local/lib/python3.8/site-packages/airflow/example_dags/example_params_trigger_ui.py took 0.116 seconds
[2024-03-29T11:49:26.243+0000] {processor.py:161} INFO - Started process (PID=1061) to work on /home/airflow/.local/lib/python3.8/site-packages/airflow/example_dags/example_params_trigger_ui.py
[2024-03-29T11:49:26.244+0000] {processor.py:830} INFO - Processing file /home/airflow/.local/lib/python3.8/site-packages/airflow/example_dags/example_params_trigger_ui.py for tasks to queue
[2024-03-29T11:49:26.246+0000] {logging_mixin.py:188} INFO - [2024-03-29T11:49:26.245+0000] {dagbag.py:540} INFO - Filling up the DagBag from /home/airflow/.local/lib/python3.8/site-packages/airflow/example_dags/example_params_trigger_ui.py
[2024-03-29T11:49:26.264+0000] {processor.py:840} INFO - DAG(s) 'example_params_trigger_ui' retrieved from /home/airflow/.local/lib/python3.8/site-packages/airflow/example_dags/example_params_trigger_ui.py
[2024-03-29T11:49:26.336+0000] {logging_mixin.py:188} INFO - [2024-03-29T11:49:26.335+0000] {dag.py:3047} INFO - Sync 1 DAGs
[2024-03-29T11:49:26.353+0000] {logging_mixin.py:188} INFO - [2024-03-29T11:49:26.352+0000] {dag.py:3834} INFO - Setting next_dagrun for example_params_trigger_ui to None, run_after=None
[2024-03-29T11:49:26.373+0000] {processor.py:183} INFO - Processing /home/airflow/.local/lib/python3.8/site-packages/airflow/example_dags/example_params_trigger_ui.py took 0.136 seconds
[2024-03-29T11:49:57.065+0000] {processor.py:161} INFO - Started process (PID=1117) to work on /home/airflow/.local/lib/python3.8/site-packages/airflow/example_dags/example_params_trigger_ui.py
[2024-03-29T11:49:57.066+0000] {processor.py:830} INFO - Processing file /home/airflow/.local/lib/python3.8/site-packages/airflow/example_dags/example_params_trigger_ui.py for tasks to queue
[2024-03-29T11:49:57.068+0000] {logging_mixin.py:188} INFO - [2024-03-29T11:49:57.068+0000] {dagbag.py:540} INFO - Filling up the DagBag from /home/airflow/.local/lib/python3.8/site-packages/airflow/example_dags/example_params_trigger_ui.py
[2024-03-29T11:49:57.081+0000] {processor.py:840} INFO - DAG(s) 'example_params_trigger_ui' retrieved from /home/airflow/.local/lib/python3.8/site-packages/airflow/example_dags/example_params_trigger_ui.py
[2024-03-29T11:49:57.145+0000] {logging_mixin.py:188} INFO - [2024-03-29T11:49:57.145+0000] {dag.py:3047} INFO - Sync 1 DAGs
[2024-03-29T11:49:57.160+0000] {logging_mixin.py:188} INFO - [2024-03-29T11:49:57.159+0000] {dag.py:3834} INFO - Setting next_dagrun for example_params_trigger_ui to None, run_after=None
[2024-03-29T11:49:57.181+0000] {processor.py:183} INFO - Processing /home/airflow/.local/lib/python3.8/site-packages/airflow/example_dags/example_params_trigger_ui.py took 0.119 seconds
[2024-03-29T11:50:27.481+0000] {processor.py:161} INFO - Started process (PID=1173) to work on /home/airflow/.local/lib/python3.8/site-packages/airflow/example_dags/example_params_trigger_ui.py
[2024-03-29T11:50:27.482+0000] {processor.py:830} INFO - Processing file /home/airflow/.local/lib/python3.8/site-packages/airflow/example_dags/example_params_trigger_ui.py for tasks to queue
[2024-03-29T11:50:27.484+0000] {logging_mixin.py:188} INFO - [2024-03-29T11:50:27.483+0000] {dagbag.py:540} INFO - Filling up the DagBag from /home/airflow/.local/lib/python3.8/site-packages/airflow/example_dags/example_params_trigger_ui.py
[2024-03-29T11:50:27.497+0000] {processor.py:840} INFO - DAG(s) 'example_params_trigger_ui' retrieved from /home/airflow/.local/lib/python3.8/site-packages/airflow/example_dags/example_params_trigger_ui.py
[2024-03-29T11:50:27.564+0000] {logging_mixin.py:188} INFO - [2024-03-29T11:50:27.563+0000] {dag.py:3047} INFO - Sync 1 DAGs
[2024-03-29T11:50:27.576+0000] {logging_mixin.py:188} INFO - [2024-03-29T11:50:27.576+0000] {dag.py:3834} INFO - Setting next_dagrun for example_params_trigger_ui to None, run_after=None
[2024-03-29T11:50:27.599+0000] {processor.py:183} INFO - Processing /home/airflow/.local/lib/python3.8/site-packages/airflow/example_dags/example_params_trigger_ui.py took 0.120 seconds
[2024-03-29T11:50:58.015+0000] {processor.py:161} INFO - Started process (PID=1229) to work on /home/airflow/.local/lib/python3.8/site-packages/airflow/example_dags/example_params_trigger_ui.py
[2024-03-29T11:50:58.016+0000] {processor.py:830} INFO - Processing file /home/airflow/.local/lib/python3.8/site-packages/airflow/example_dags/example_params_trigger_ui.py for tasks to queue
[2024-03-29T11:50:58.018+0000] {logging_mixin.py:188} INFO - [2024-03-29T11:50:58.018+0000] {dagbag.py:540} INFO - Filling up the DagBag from /home/airflow/.local/lib/python3.8/site-packages/airflow/example_dags/example_params_trigger_ui.py
[2024-03-29T11:50:58.032+0000] {processor.py:840} INFO - DAG(s) 'example_params_trigger_ui' retrieved from /home/airflow/.local/lib/python3.8/site-packages/airflow/example_dags/example_params_trigger_ui.py
[2024-03-29T11:50:58.095+0000] {logging_mixin.py:188} INFO - [2024-03-29T11:50:58.095+0000] {dag.py:3047} INFO - Sync 1 DAGs
[2024-03-29T11:50:58.111+0000] {logging_mixin.py:188} INFO - [2024-03-29T11:50:58.111+0000] {dag.py:3834} INFO - Setting next_dagrun for example_params_trigger_ui to None, run_after=None
[2024-03-29T11:50:58.141+0000] {processor.py:183} INFO - Processing /home/airflow/.local/lib/python3.8/site-packages/airflow/example_dags/example_params_trigger_ui.py took 0.128 seconds
[2024-03-29T11:51:28.541+0000] {processor.py:161} INFO - Started process (PID=1285) to work on /home/airflow/.local/lib/python3.8/site-packages/airflow/example_dags/example_params_trigger_ui.py
[2024-03-29T11:51:28.543+0000] {processor.py:830} INFO - Processing file /home/airflow/.local/lib/python3.8/site-packages/airflow/example_dags/example_params_trigger_ui.py for tasks to queue
[2024-03-29T11:51:28.545+0000] {logging_mixin.py:188} INFO - [2024-03-29T11:51:28.545+0000] {dagbag.py:540} INFO - Filling up the DagBag from /home/airflow/.local/lib/python3.8/site-packages/airflow/example_dags/example_params_trigger_ui.py
[2024-03-29T11:51:28.562+0000] {processor.py:840} INFO - DAG(s) 'example_params_trigger_ui' retrieved from /home/airflow/.local/lib/python3.8/site-packages/airflow/example_dags/example_params_trigger_ui.py
[2024-03-29T11:51:28.629+0000] {logging_mixin.py:188} INFO - [2024-03-29T11:51:28.628+0000] {dag.py:3047} INFO - Sync 1 DAGs
[2024-03-29T11:51:28.659+0000] {logging_mixin.py:188} INFO - [2024-03-29T11:51:28.658+0000] {dag.py:3834} INFO - Setting next_dagrun for example_params_trigger_ui to None, run_after=None
[2024-03-29T11:51:28.698+0000] {processor.py:183} INFO - Processing /home/airflow/.local/lib/python3.8/site-packages/airflow/example_dags/example_params_trigger_ui.py took 0.162 seconds
[2024-03-29T11:51:58.977+0000] {processor.py:161} INFO - Started process (PID=1341) to work on /home/airflow/.local/lib/python3.8/site-packages/airflow/example_dags/example_params_trigger_ui.py
[2024-03-29T11:51:58.979+0000] {processor.py:830} INFO - Processing file /home/airflow/.local/lib/python3.8/site-packages/airflow/example_dags/example_params_trigger_ui.py for tasks to queue
[2024-03-29T11:51:58.981+0000] {logging_mixin.py:188} INFO - [2024-03-29T11:51:58.981+0000] {dagbag.py:540} INFO - Filling up the DagBag from /home/airflow/.local/lib/python3.8/site-packages/airflow/example_dags/example_params_trigger_ui.py
[2024-03-29T11:51:59.005+0000] {processor.py:840} INFO - DAG(s) 'example_params_trigger_ui' retrieved from /home/airflow/.local/lib/python3.8/site-packages/airflow/example_dags/example_params_trigger_ui.py
[2024-03-29T11:51:59.098+0000] {logging_mixin.py:188} INFO - [2024-03-29T11:51:59.098+0000] {dag.py:3047} INFO - Sync 1 DAGs
[2024-03-29T11:51:59.119+0000] {logging_mixin.py:188} INFO - [2024-03-29T11:51:59.118+0000] {dag.py:3834} INFO - Setting next_dagrun for example_params_trigger_ui to None, run_after=None
[2024-03-29T11:51:59.152+0000] {processor.py:183} INFO - Processing /home/airflow/.local/lib/python3.8/site-packages/airflow/example_dags/example_params_trigger_ui.py took 0.178 seconds
[2024-03-29T11:52:29.254+0000] {processor.py:161} INFO - Started process (PID=1397) to work on /home/airflow/.local/lib/python3.8/site-packages/airflow/example_dags/example_params_trigger_ui.py
[2024-03-29T11:52:29.256+0000] {processor.py:830} INFO - Processing file /home/airflow/.local/lib/python3.8/site-packages/airflow/example_dags/example_params_trigger_ui.py for tasks to queue
[2024-03-29T11:52:29.258+0000] {logging_mixin.py:188} INFO - [2024-03-29T11:52:29.257+0000] {dagbag.py:540} INFO - Filling up the DagBag from /home/airflow/.local/lib/python3.8/site-packages/airflow/example_dags/example_params_trigger_ui.py
[2024-03-29T11:52:29.274+0000] {processor.py:840} INFO - DAG(s) 'example_params_trigger_ui' retrieved from /home/airflow/.local/lib/python3.8/site-packages/airflow/example_dags/example_params_trigger_ui.py
[2024-03-29T11:52:29.331+0000] {logging_mixin.py:188} INFO - [2024-03-29T11:52:29.331+0000] {dag.py:3047} INFO - Sync 1 DAGs
[2024-03-29T11:52:29.344+0000] {logging_mixin.py:188} INFO - [2024-03-29T11:52:29.344+0000] {dag.py:3834} INFO - Setting next_dagrun for example_params_trigger_ui to None, run_after=None
[2024-03-29T11:52:29.366+0000] {processor.py:183} INFO - Processing /home/airflow/.local/lib/python3.8/site-packages/airflow/example_dags/example_params_trigger_ui.py took 0.116 seconds
[2024-03-29T11:52:59.514+0000] {processor.py:161} INFO - Started process (PID=1453) to work on /home/airflow/.local/lib/python3.8/site-packages/airflow/example_dags/example_params_trigger_ui.py
[2024-03-29T11:52:59.522+0000] {processor.py:830} INFO - Processing file /home/airflow/.local/lib/python3.8/site-packages/airflow/example_dags/example_params_trigger_ui.py for tasks to queue
[2024-03-29T11:52:59.528+0000] {logging_mixin.py:188} INFO - [2024-03-29T11:52:59.527+0000] {dagbag.py:540} INFO - Filling up the DagBag from /home/airflow/.local/lib/python3.8/site-packages/airflow/example_dags/example_params_trigger_ui.py
[2024-03-29T11:52:59.549+0000] {processor.py:840} INFO - DAG(s) 'example_params_trigger_ui' retrieved from /home/airflow/.local/lib/python3.8/site-packages/airflow/example_dags/example_params_trigger_ui.py
[2024-03-29T11:52:59.626+0000] {logging_mixin.py:188} INFO - [2024-03-29T11:52:59.625+0000] {dag.py:3047} INFO - Sync 1 DAGs
[2024-03-29T11:52:59.641+0000] {logging_mixin.py:188} INFO - [2024-03-29T11:52:59.641+0000] {dag.py:3834} INFO - Setting next_dagrun for example_params_trigger_ui to None, run_after=None
[2024-03-29T11:52:59.663+0000] {processor.py:183} INFO - Processing /home/airflow/.local/lib/python3.8/site-packages/airflow/example_dags/example_params_trigger_ui.py took 0.152 seconds
[2024-03-29T11:53:29.824+0000] {processor.py:161} INFO - Started process (PID=1511) to work on /home/airflow/.local/lib/python3.8/site-packages/airflow/example_dags/example_params_trigger_ui.py
[2024-03-29T11:53:29.825+0000] {processor.py:830} INFO - Processing file /home/airflow/.local/lib/python3.8/site-packages/airflow/example_dags/example_params_trigger_ui.py for tasks to queue
[2024-03-29T11:53:29.827+0000] {logging_mixin.py:188} INFO - [2024-03-29T11:53:29.826+0000] {dagbag.py:540} INFO - Filling up the DagBag from /home/airflow/.local/lib/python3.8/site-packages/airflow/example_dags/example_params_trigger_ui.py
[2024-03-29T11:53:29.842+0000] {processor.py:840} INFO - DAG(s) 'example_params_trigger_ui' retrieved from /home/airflow/.local/lib/python3.8/site-packages/airflow/example_dags/example_params_trigger_ui.py
[2024-03-29T11:53:29.908+0000] {logging_mixin.py:188} INFO - [2024-03-29T11:53:29.908+0000] {dag.py:3047} INFO - Sync 1 DAGs
[2024-03-29T11:53:29.921+0000] {logging_mixin.py:188} INFO - [2024-03-29T11:53:29.921+0000] {dag.py:3834} INFO - Setting next_dagrun for example_params_trigger_ui to None, run_after=None
[2024-03-29T11:53:29.945+0000] {processor.py:183} INFO - Processing /home/airflow/.local/lib/python3.8/site-packages/airflow/example_dags/example_params_trigger_ui.py took 0.124 seconds
[2024-03-29T11:54:00.470+0000] {processor.py:161} INFO - Started process (PID=1566) to work on /home/airflow/.local/lib/python3.8/site-packages/airflow/example_dags/example_params_trigger_ui.py
[2024-03-29T11:54:00.471+0000] {processor.py:830} INFO - Processing file /home/airflow/.local/lib/python3.8/site-packages/airflow/example_dags/example_params_trigger_ui.py for tasks to queue
[2024-03-29T11:54:00.474+0000] {logging_mixin.py:188} INFO - [2024-03-29T11:54:00.473+0000] {dagbag.py:540} INFO - Filling up the DagBag from /home/airflow/.local/lib/python3.8/site-packages/airflow/example_dags/example_params_trigger_ui.py
[2024-03-29T11:54:00.490+0000] {processor.py:840} INFO - DAG(s) 'example_params_trigger_ui' retrieved from /home/airflow/.local/lib/python3.8/site-packages/airflow/example_dags/example_params_trigger_ui.py
[2024-03-29T11:54:00.550+0000] {logging_mixin.py:188} INFO - [2024-03-29T11:54:00.550+0000] {dag.py:3047} INFO - Sync 1 DAGs
[2024-03-29T11:54:00.575+0000] {logging_mixin.py:188} INFO - [2024-03-29T11:54:00.574+0000] {dag.py:3834} INFO - Setting next_dagrun for example_params_trigger_ui to None, run_after=None
[2024-03-29T11:54:00.596+0000] {processor.py:183} INFO - Processing /home/airflow/.local/lib/python3.8/site-packages/airflow/example_dags/example_params_trigger_ui.py took 0.130 seconds
[2024-03-29T11:54:31.146+0000] {processor.py:161} INFO - Started process (PID=1622) to work on /home/airflow/.local/lib/python3.8/site-packages/airflow/example_dags/example_params_trigger_ui.py
[2024-03-29T11:54:31.147+0000] {processor.py:830} INFO - Processing file /home/airflow/.local/lib/python3.8/site-packages/airflow/example_dags/example_params_trigger_ui.py for tasks to queue
[2024-03-29T11:54:31.149+0000] {logging_mixin.py:188} INFO - [2024-03-29T11:54:31.149+0000] {dagbag.py:540} INFO - Filling up the DagBag from /home/airflow/.local/lib/python3.8/site-packages/airflow/example_dags/example_params_trigger_ui.py
[2024-03-29T11:54:31.166+0000] {processor.py:840} INFO - DAG(s) 'example_params_trigger_ui' retrieved from /home/airflow/.local/lib/python3.8/site-packages/airflow/example_dags/example_params_trigger_ui.py
[2024-03-29T11:54:31.239+0000] {logging_mixin.py:188} INFO - [2024-03-29T11:54:31.239+0000] {dag.py:3047} INFO - Sync 1 DAGs
[2024-03-29T11:54:31.256+0000] {logging_mixin.py:188} INFO - [2024-03-29T11:54:31.256+0000] {dag.py:3834} INFO - Setting next_dagrun for example_params_trigger_ui to None, run_after=None
[2024-03-29T11:54:31.279+0000] {processor.py:183} INFO - Processing /home/airflow/.local/lib/python3.8/site-packages/airflow/example_dags/example_params_trigger_ui.py took 0.136 seconds
[2024-03-29T11:55:01.976+0000] {processor.py:161} INFO - Started process (PID=1678) to work on /home/airflow/.local/lib/python3.8/site-packages/airflow/example_dags/example_params_trigger_ui.py
[2024-03-29T11:55:01.977+0000] {processor.py:830} INFO - Processing file /home/airflow/.local/lib/python3.8/site-packages/airflow/example_dags/example_params_trigger_ui.py for tasks to queue
[2024-03-29T11:55:01.979+0000] {logging_mixin.py:188} INFO - [2024-03-29T11:55:01.978+0000] {dagbag.py:540} INFO - Filling up the DagBag from /home/airflow/.local/lib/python3.8/site-packages/airflow/example_dags/example_params_trigger_ui.py
[2024-03-29T11:55:01.995+0000] {processor.py:840} INFO - DAG(s) 'example_params_trigger_ui' retrieved from /home/airflow/.local/lib/python3.8/site-packages/airflow/example_dags/example_params_trigger_ui.py
[2024-03-29T11:55:02.058+0000] {logging_mixin.py:188} INFO - [2024-03-29T11:55:02.058+0000] {dag.py:3047} INFO - Sync 1 DAGs
[2024-03-29T11:55:02.073+0000] {logging_mixin.py:188} INFO - [2024-03-29T11:55:02.073+0000] {dag.py:3834} INFO - Setting next_dagrun for example_params_trigger_ui to None, run_after=None
[2024-03-29T11:55:02.092+0000] {processor.py:183} INFO - Processing /home/airflow/.local/lib/python3.8/site-packages/airflow/example_dags/example_params_trigger_ui.py took 0.120 seconds
[2024-03-29T11:55:32.125+0000] {processor.py:161} INFO - Started process (PID=1736) to work on /home/airflow/.local/lib/python3.8/site-packages/airflow/example_dags/example_params_trigger_ui.py
[2024-03-29T11:55:32.126+0000] {processor.py:830} INFO - Processing file /home/airflow/.local/lib/python3.8/site-packages/airflow/example_dags/example_params_trigger_ui.py for tasks to queue
[2024-03-29T11:55:32.128+0000] {logging_mixin.py:188} INFO - [2024-03-29T11:55:32.128+0000] {dagbag.py:540} INFO - Filling up the DagBag from /home/airflow/.local/lib/python3.8/site-packages/airflow/example_dags/example_params_trigger_ui.py
[2024-03-29T11:55:32.151+0000] {processor.py:840} INFO - DAG(s) 'example_params_trigger_ui' retrieved from /home/airflow/.local/lib/python3.8/site-packages/airflow/example_dags/example_params_trigger_ui.py
[2024-03-29T11:55:32.210+0000] {logging_mixin.py:188} INFO - [2024-03-29T11:55:32.210+0000] {dag.py:3047} INFO - Sync 1 DAGs
[2024-03-29T11:55:32.222+0000] {logging_mixin.py:188} INFO - [2024-03-29T11:55:32.222+0000] {dag.py:3834} INFO - Setting next_dagrun for example_params_trigger_ui to None, run_after=None
[2024-03-29T11:55:32.240+0000] {processor.py:183} INFO - Processing /home/airflow/.local/lib/python3.8/site-packages/airflow/example_dags/example_params_trigger_ui.py took 0.117 seconds
[2024-03-29T11:56:02.340+0000] {processor.py:161} INFO - Started process (PID=1791) to work on /home/airflow/.local/lib/python3.8/site-packages/airflow/example_dags/example_params_trigger_ui.py
[2024-03-29T11:56:02.341+0000] {processor.py:830} INFO - Processing file /home/airflow/.local/lib/python3.8/site-packages/airflow/example_dags/example_params_trigger_ui.py for tasks to queue
[2024-03-29T11:56:02.343+0000] {logging_mixin.py:188} INFO - [2024-03-29T11:56:02.342+0000] {dagbag.py:540} INFO - Filling up the DagBag from /home/airflow/.local/lib/python3.8/site-packages/airflow/example_dags/example_params_trigger_ui.py
[2024-03-29T11:56:02.361+0000] {processor.py:840} INFO - DAG(s) 'example_params_trigger_ui' retrieved from /home/airflow/.local/lib/python3.8/site-packages/airflow/example_dags/example_params_trigger_ui.py
[2024-03-29T11:56:02.426+0000] {logging_mixin.py:188} INFO - [2024-03-29T11:56:02.425+0000] {dag.py:3047} INFO - Sync 1 DAGs
[2024-03-29T11:56:02.442+0000] {logging_mixin.py:188} INFO - [2024-03-29T11:56:02.441+0000] {dag.py:3834} INFO - Setting next_dagrun for example_params_trigger_ui to None, run_after=None
[2024-03-29T11:56:02.463+0000] {processor.py:183} INFO - Processing /home/airflow/.local/lib/python3.8/site-packages/airflow/example_dags/example_params_trigger_ui.py took 0.126 seconds
[2024-03-29T11:56:32.561+0000] {processor.py:161} INFO - Started process (PID=1848) to work on /home/airflow/.local/lib/python3.8/site-packages/airflow/example_dags/example_params_trigger_ui.py
[2024-03-29T11:56:32.562+0000] {processor.py:830} INFO - Processing file /home/airflow/.local/lib/python3.8/site-packages/airflow/example_dags/example_params_trigger_ui.py for tasks to queue
[2024-03-29T11:56:32.564+0000] {logging_mixin.py:188} INFO - [2024-03-29T11:56:32.563+0000] {dagbag.py:540} INFO - Filling up the DagBag from /home/airflow/.local/lib/python3.8/site-packages/airflow/example_dags/example_params_trigger_ui.py
[2024-03-29T11:56:32.578+0000] {processor.py:840} INFO - DAG(s) 'example_params_trigger_ui' retrieved from /home/airflow/.local/lib/python3.8/site-packages/airflow/example_dags/example_params_trigger_ui.py
[2024-03-29T11:56:32.665+0000] {logging_mixin.py:188} INFO - [2024-03-29T11:56:32.665+0000] {dag.py:3047} INFO - Sync 1 DAGs
[2024-03-29T11:56:32.684+0000] {logging_mixin.py:188} INFO - [2024-03-29T11:56:32.684+0000] {dag.py:3834} INFO - Setting next_dagrun for example_params_trigger_ui to None, run_after=None
[2024-03-29T11:56:32.730+0000] {processor.py:183} INFO - Processing /home/airflow/.local/lib/python3.8/site-packages/airflow/example_dags/example_params_trigger_ui.py took 0.172 seconds
[2024-03-29T11:57:03.688+0000] {processor.py:161} INFO - Started process (PID=1906) to work on /home/airflow/.local/lib/python3.8/site-packages/airflow/example_dags/example_params_trigger_ui.py
[2024-03-29T11:57:03.689+0000] {processor.py:830} INFO - Processing file /home/airflow/.local/lib/python3.8/site-packages/airflow/example_dags/example_params_trigger_ui.py for tasks to queue
[2024-03-29T11:57:03.691+0000] {logging_mixin.py:188} INFO - [2024-03-29T11:57:03.690+0000] {dagbag.py:540} INFO - Filling up the DagBag from /home/airflow/.local/lib/python3.8/site-packages/airflow/example_dags/example_params_trigger_ui.py
[2024-03-29T11:57:03.702+0000] {processor.py:840} INFO - DAG(s) 'example_params_trigger_ui' retrieved from /home/airflow/.local/lib/python3.8/site-packages/airflow/example_dags/example_params_trigger_ui.py
[2024-03-29T11:57:03.758+0000] {logging_mixin.py:188} INFO - [2024-03-29T11:57:03.757+0000] {dag.py:3047} INFO - Sync 1 DAGs
[2024-03-29T11:57:03.778+0000] {logging_mixin.py:188} INFO - [2024-03-29T11:57:03.778+0000] {dag.py:3834} INFO - Setting next_dagrun for example_params_trigger_ui to None, run_after=None
[2024-03-29T11:57:03.798+0000] {processor.py:183} INFO - Processing /home/airflow/.local/lib/python3.8/site-packages/airflow/example_dags/example_params_trigger_ui.py took 0.113 seconds
[2024-03-29T11:57:34.063+0000] {processor.py:161} INFO - Started process (PID=1962) to work on /home/airflow/.local/lib/python3.8/site-packages/airflow/example_dags/example_params_trigger_ui.py
[2024-03-29T11:57:34.063+0000] {processor.py:830} INFO - Processing file /home/airflow/.local/lib/python3.8/site-packages/airflow/example_dags/example_params_trigger_ui.py for tasks to queue
[2024-03-29T11:57:34.065+0000] {logging_mixin.py:188} INFO - [2024-03-29T11:57:34.065+0000] {dagbag.py:540} INFO - Filling up the DagBag from /home/airflow/.local/lib/python3.8/site-packages/airflow/example_dags/example_params_trigger_ui.py
[2024-03-29T11:57:34.078+0000] {processor.py:840} INFO - DAG(s) 'example_params_trigger_ui' retrieved from /home/airflow/.local/lib/python3.8/site-packages/airflow/example_dags/example_params_trigger_ui.py
[2024-03-29T11:57:34.129+0000] {logging_mixin.py:188} INFO - [2024-03-29T11:57:34.129+0000] {dag.py:3047} INFO - Sync 1 DAGs
[2024-03-29T11:57:34.309+0000] {logging_mixin.py:188} INFO - [2024-03-29T11:57:34.309+0000] {dag.py:3834} INFO - Setting next_dagrun for example_params_trigger_ui to None, run_after=None
[2024-03-29T11:57:34.330+0000] {processor.py:183} INFO - Processing /home/airflow/.local/lib/python3.8/site-packages/airflow/example_dags/example_params_trigger_ui.py took 0.269 seconds
[2024-03-29T11:58:04.729+0000] {processor.py:161} INFO - Started process (PID=2018) to work on /home/airflow/.local/lib/python3.8/site-packages/airflow/example_dags/example_params_trigger_ui.py
[2024-03-29T11:58:04.730+0000] {processor.py:830} INFO - Processing file /home/airflow/.local/lib/python3.8/site-packages/airflow/example_dags/example_params_trigger_ui.py for tasks to queue
[2024-03-29T11:58:04.732+0000] {logging_mixin.py:188} INFO - [2024-03-29T11:58:04.731+0000] {dagbag.py:540} INFO - Filling up the DagBag from /home/airflow/.local/lib/python3.8/site-packages/airflow/example_dags/example_params_trigger_ui.py
[2024-03-29T11:58:04.745+0000] {processor.py:840} INFO - DAG(s) 'example_params_trigger_ui' retrieved from /home/airflow/.local/lib/python3.8/site-packages/airflow/example_dags/example_params_trigger_ui.py
[2024-03-29T11:58:04.807+0000] {logging_mixin.py:188} INFO - [2024-03-29T11:58:04.807+0000] {dag.py:3047} INFO - Sync 1 DAGs
[2024-03-29T11:58:04.820+0000] {logging_mixin.py:188} INFO - [2024-03-29T11:58:04.820+0000] {dag.py:3834} INFO - Setting next_dagrun for example_params_trigger_ui to None, run_after=None
[2024-03-29T11:58:05.007+0000] {processor.py:183} INFO - Processing /home/airflow/.local/lib/python3.8/site-packages/airflow/example_dags/example_params_trigger_ui.py took 0.281 seconds
[2024-03-29T11:58:35.527+0000] {processor.py:161} INFO - Started process (PID=2072) to work on /home/airflow/.local/lib/python3.8/site-packages/airflow/example_dags/example_params_trigger_ui.py
[2024-03-29T11:58:35.528+0000] {processor.py:830} INFO - Processing file /home/airflow/.local/lib/python3.8/site-packages/airflow/example_dags/example_params_trigger_ui.py for tasks to queue
[2024-03-29T11:58:35.530+0000] {logging_mixin.py:188} INFO - [2024-03-29T11:58:35.529+0000] {dagbag.py:540} INFO - Filling up the DagBag from /home/airflow/.local/lib/python3.8/site-packages/airflow/example_dags/example_params_trigger_ui.py
[2024-03-29T11:58:35.548+0000] {processor.py:840} INFO - DAG(s) 'example_params_trigger_ui' retrieved from /home/airflow/.local/lib/python3.8/site-packages/airflow/example_dags/example_params_trigger_ui.py
[2024-03-29T11:58:35.617+0000] {logging_mixin.py:188} INFO - [2024-03-29T11:58:35.615+0000] {dag.py:3047} INFO - Sync 1 DAGs
[2024-03-29T11:58:35.631+0000] {logging_mixin.py:188} INFO - [2024-03-29T11:58:35.630+0000] {dag.py:3834} INFO - Setting next_dagrun for example_params_trigger_ui to None, run_after=None
[2024-03-29T11:58:35.830+0000] {processor.py:183} INFO - Processing /home/airflow/.local/lib/python3.8/site-packages/airflow/example_dags/example_params_trigger_ui.py took 0.309 seconds
[2024-03-29T11:59:06.205+0000] {processor.py:161} INFO - Started process (PID=2128) to work on /home/airflow/.local/lib/python3.8/site-packages/airflow/example_dags/example_params_trigger_ui.py
[2024-03-29T11:59:06.206+0000] {processor.py:830} INFO - Processing file /home/airflow/.local/lib/python3.8/site-packages/airflow/example_dags/example_params_trigger_ui.py for tasks to queue
[2024-03-29T11:59:06.208+0000] {logging_mixin.py:188} INFO - [2024-03-29T11:59:06.208+0000] {dagbag.py:540} INFO - Filling up the DagBag from /home/airflow/.local/lib/python3.8/site-packages/airflow/example_dags/example_params_trigger_ui.py
[2024-03-29T11:59:06.230+0000] {processor.py:840} INFO - DAG(s) 'example_params_trigger_ui' retrieved from /home/airflow/.local/lib/python3.8/site-packages/airflow/example_dags/example_params_trigger_ui.py
[2024-03-29T11:59:06.314+0000] {logging_mixin.py:188} INFO - [2024-03-29T11:59:06.314+0000] {dag.py:3047} INFO - Sync 1 DAGs
[2024-03-29T11:59:06.327+0000] {logging_mixin.py:188} INFO - [2024-03-29T11:59:06.326+0000] {dag.py:3834} INFO - Setting next_dagrun for example_params_trigger_ui to None, run_after=None
[2024-03-29T11:59:06.347+0000] {processor.py:183} INFO - Processing /home/airflow/.local/lib/python3.8/site-packages/airflow/example_dags/example_params_trigger_ui.py took 0.144 seconds
[2024-03-29T11:59:36.779+0000] {processor.py:161} INFO - Started process (PID=2185) to work on /home/airflow/.local/lib/python3.8/site-packages/airflow/example_dags/example_params_trigger_ui.py
[2024-03-29T11:59:36.781+0000] {processor.py:830} INFO - Processing file /home/airflow/.local/lib/python3.8/site-packages/airflow/example_dags/example_params_trigger_ui.py for tasks to queue
[2024-03-29T11:59:36.783+0000] {logging_mixin.py:188} INFO - [2024-03-29T11:59:36.783+0000] {dagbag.py:540} INFO - Filling up the DagBag from /home/airflow/.local/lib/python3.8/site-packages/airflow/example_dags/example_params_trigger_ui.py
[2024-03-29T11:59:36.799+0000] {processor.py:840} INFO - DAG(s) 'example_params_trigger_ui' retrieved from /home/airflow/.local/lib/python3.8/site-packages/airflow/example_dags/example_params_trigger_ui.py
[2024-03-29T11:59:36.859+0000] {logging_mixin.py:188} INFO - [2024-03-29T11:59:36.858+0000] {dag.py:3047} INFO - Sync 1 DAGs
[2024-03-29T11:59:36.878+0000] {logging_mixin.py:188} INFO - [2024-03-29T11:59:36.878+0000] {dag.py:3834} INFO - Setting next_dagrun for example_params_trigger_ui to None, run_after=None
[2024-03-29T11:59:36.910+0000] {processor.py:183} INFO - Processing /home/airflow/.local/lib/python3.8/site-packages/airflow/example_dags/example_params_trigger_ui.py took 0.134 seconds
