[2024-03-29T11:24:44.518+0000] {processor.py:161} INFO - Started process (PID=87) to work on /home/airflow/.local/lib/python3.8/site-packages/airflow/example_dags/example_python_operator.py
[2024-03-29T11:24:44.520+0000] {processor.py:830} INFO - Processing file /home/airflow/.local/lib/python3.8/site-packages/airflow/example_dags/example_python_operator.py for tasks to queue
[2024-03-29T11:24:44.522+0000] {logging_mixin.py:188} INFO - [2024-03-29T11:24:44.522+0000] {dagbag.py:540} INFO - Filling up the DagBag from /home/airflow/.local/lib/python3.8/site-packages/airflow/example_dags/example_python_operator.py
[2024-03-29T11:24:44.539+0000] {processor.py:840} INFO - DAG(s) 'example_python_operator' retrieved from /home/airflow/.local/lib/python3.8/site-packages/airflow/example_dags/example_python_operator.py
[2024-03-29T11:24:44.561+0000] {logging_mixin.py:188} INFO - [2024-03-29T11:24:44.560+0000] {dag.py:3047} INFO - Sync 1 DAGs
[2024-03-29T11:24:44.584+0000] {logging_mixin.py:188} INFO - [2024-03-29T11:24:44.583+0000] {dag.py:3834} INFO - Setting next_dagrun for example_python_operator to None, run_after=None
[2024-03-29T11:24:44.612+0000] {processor.py:183} INFO - Processing /home/airflow/.local/lib/python3.8/site-packages/airflow/example_dags/example_python_operator.py took 0.097 seconds
[2024-03-29T11:25:15.561+0000] {processor.py:161} INFO - Started process (PID=143) to work on /home/airflow/.local/lib/python3.8/site-packages/airflow/example_dags/example_python_operator.py
[2024-03-29T11:25:15.562+0000] {processor.py:830} INFO - Processing file /home/airflow/.local/lib/python3.8/site-packages/airflow/example_dags/example_python_operator.py for tasks to queue
[2024-03-29T11:25:15.564+0000] {logging_mixin.py:188} INFO - [2024-03-29T11:25:15.564+0000] {dagbag.py:540} INFO - Filling up the DagBag from /home/airflow/.local/lib/python3.8/site-packages/airflow/example_dags/example_python_operator.py
[2024-03-29T11:25:15.574+0000] {processor.py:840} INFO - DAG(s) 'example_python_operator' retrieved from /home/airflow/.local/lib/python3.8/site-packages/airflow/example_dags/example_python_operator.py
[2024-03-29T11:25:15.688+0000] {logging_mixin.py:188} INFO - [2024-03-29T11:25:15.688+0000] {dag.py:3047} INFO - Sync 1 DAGs
[2024-03-29T11:25:15.701+0000] {logging_mixin.py:188} INFO - [2024-03-29T11:25:15.701+0000] {dag.py:3834} INFO - Setting next_dagrun for example_python_operator to None, run_after=None
[2024-03-29T11:25:15.722+0000] {processor.py:183} INFO - Processing /home/airflow/.local/lib/python3.8/site-packages/airflow/example_dags/example_python_operator.py took 0.164 seconds
[2024-03-29T11:25:47.138+0000] {processor.py:161} INFO - Started process (PID=199) to work on /home/airflow/.local/lib/python3.8/site-packages/airflow/example_dags/example_python_operator.py
[2024-03-29T11:25:47.139+0000] {processor.py:830} INFO - Processing file /home/airflow/.local/lib/python3.8/site-packages/airflow/example_dags/example_python_operator.py for tasks to queue
[2024-03-29T11:25:47.142+0000] {logging_mixin.py:188} INFO - [2024-03-29T11:25:47.141+0000] {dagbag.py:540} INFO - Filling up the DagBag from /home/airflow/.local/lib/python3.8/site-packages/airflow/example_dags/example_python_operator.py
[2024-03-29T11:25:47.151+0000] {processor.py:840} INFO - DAG(s) 'example_python_operator' retrieved from /home/airflow/.local/lib/python3.8/site-packages/airflow/example_dags/example_python_operator.py
[2024-03-29T11:25:47.178+0000] {logging_mixin.py:188} INFO - [2024-03-29T11:25:47.177+0000] {dag.py:3047} INFO - Sync 1 DAGs
[2024-03-29T11:25:47.192+0000] {logging_mixin.py:188} INFO - [2024-03-29T11:25:47.191+0000] {dag.py:3834} INFO - Setting next_dagrun for example_python_operator to None, run_after=None
[2024-03-29T11:25:47.212+0000] {processor.py:183} INFO - Processing /home/airflow/.local/lib/python3.8/site-packages/airflow/example_dags/example_python_operator.py took 0.077 seconds
[2024-03-29T11:26:17.593+0000] {processor.py:161} INFO - Started process (PID=254) to work on /home/airflow/.local/lib/python3.8/site-packages/airflow/example_dags/example_python_operator.py
[2024-03-29T11:26:17.594+0000] {processor.py:830} INFO - Processing file /home/airflow/.local/lib/python3.8/site-packages/airflow/example_dags/example_python_operator.py for tasks to queue
[2024-03-29T11:26:17.596+0000] {logging_mixin.py:188} INFO - [2024-03-29T11:26:17.596+0000] {dagbag.py:540} INFO - Filling up the DagBag from /home/airflow/.local/lib/python3.8/site-packages/airflow/example_dags/example_python_operator.py
[2024-03-29T11:26:17.606+0000] {processor.py:840} INFO - DAG(s) 'example_python_operator' retrieved from /home/airflow/.local/lib/python3.8/site-packages/airflow/example_dags/example_python_operator.py
[2024-03-29T11:26:17.629+0000] {logging_mixin.py:188} INFO - [2024-03-29T11:26:17.628+0000] {dag.py:3047} INFO - Sync 1 DAGs
[2024-03-29T11:26:17.640+0000] {logging_mixin.py:188} INFO - [2024-03-29T11:26:17.639+0000] {dag.py:3834} INFO - Setting next_dagrun for example_python_operator to None, run_after=None
[2024-03-29T11:26:17.660+0000] {processor.py:183} INFO - Processing /home/airflow/.local/lib/python3.8/site-packages/airflow/example_dags/example_python_operator.py took 0.071 seconds
[2024-03-29T11:26:47.990+0000] {processor.py:161} INFO - Started process (PID=310) to work on /home/airflow/.local/lib/python3.8/site-packages/airflow/example_dags/example_python_operator.py
[2024-03-29T11:26:47.992+0000] {processor.py:830} INFO - Processing file /home/airflow/.local/lib/python3.8/site-packages/airflow/example_dags/example_python_operator.py for tasks to queue
[2024-03-29T11:26:47.995+0000] {logging_mixin.py:188} INFO - [2024-03-29T11:26:47.994+0000] {dagbag.py:540} INFO - Filling up the DagBag from /home/airflow/.local/lib/python3.8/site-packages/airflow/example_dags/example_python_operator.py
[2024-03-29T11:26:48.014+0000] {processor.py:840} INFO - DAG(s) 'example_python_operator' retrieved from /home/airflow/.local/lib/python3.8/site-packages/airflow/example_dags/example_python_operator.py
[2024-03-29T11:26:48.048+0000] {logging_mixin.py:188} INFO - [2024-03-29T11:26:48.047+0000] {dag.py:3047} INFO - Sync 1 DAGs
[2024-03-29T11:26:48.089+0000] {logging_mixin.py:188} INFO - [2024-03-29T11:26:48.088+0000] {dag.py:3834} INFO - Setting next_dagrun for example_python_operator to None, run_after=None
[2024-03-29T11:26:48.142+0000] {processor.py:183} INFO - Processing /home/airflow/.local/lib/python3.8/site-packages/airflow/example_dags/example_python_operator.py took 0.156 seconds
[2024-03-29T11:27:18.853+0000] {processor.py:161} INFO - Started process (PID=366) to work on /home/airflow/.local/lib/python3.8/site-packages/airflow/example_dags/example_python_operator.py
[2024-03-29T11:27:18.857+0000] {processor.py:830} INFO - Processing file /home/airflow/.local/lib/python3.8/site-packages/airflow/example_dags/example_python_operator.py for tasks to queue
[2024-03-29T11:27:18.860+0000] {logging_mixin.py:188} INFO - [2024-03-29T11:27:18.859+0000] {dagbag.py:540} INFO - Filling up the DagBag from /home/airflow/.local/lib/python3.8/site-packages/airflow/example_dags/example_python_operator.py
[2024-03-29T11:27:18.875+0000] {processor.py:840} INFO - DAG(s) 'example_python_operator' retrieved from /home/airflow/.local/lib/python3.8/site-packages/airflow/example_dags/example_python_operator.py
[2024-03-29T11:27:18.904+0000] {logging_mixin.py:188} INFO - [2024-03-29T11:27:18.904+0000] {dag.py:3047} INFO - Sync 1 DAGs
[2024-03-29T11:27:18.935+0000] {logging_mixin.py:188} INFO - [2024-03-29T11:27:18.932+0000] {dag.py:3834} INFO - Setting next_dagrun for example_python_operator to None, run_after=None
[2024-03-29T11:27:18.962+0000] {processor.py:183} INFO - Processing /home/airflow/.local/lib/python3.8/site-packages/airflow/example_dags/example_python_operator.py took 0.113 seconds
[2024-03-29T11:28:54.851+0000] {processor.py:161} INFO - Started process (PID=87) to work on /home/airflow/.local/lib/python3.8/site-packages/airflow/example_dags/example_python_operator.py
[2024-03-29T11:28:54.852+0000] {processor.py:830} INFO - Processing file /home/airflow/.local/lib/python3.8/site-packages/airflow/example_dags/example_python_operator.py for tasks to queue
[2024-03-29T11:28:54.861+0000] {logging_mixin.py:188} INFO - [2024-03-29T11:28:54.861+0000] {dagbag.py:540} INFO - Filling up the DagBag from /home/airflow/.local/lib/python3.8/site-packages/airflow/example_dags/example_python_operator.py
[2024-03-29T11:28:54.881+0000] {processor.py:840} INFO - DAG(s) 'example_python_operator' retrieved from /home/airflow/.local/lib/python3.8/site-packages/airflow/example_dags/example_python_operator.py
[2024-03-29T11:28:55.100+0000] {logging_mixin.py:188} INFO - [2024-03-29T11:28:55.099+0000] {dag.py:3047} INFO - Sync 1 DAGs
[2024-03-29T11:28:55.128+0000] {logging_mixin.py:188} INFO - [2024-03-29T11:28:55.128+0000] {dag.py:3834} INFO - Setting next_dagrun for example_python_operator to None, run_after=None
[2024-03-29T11:28:55.230+0000] {processor.py:183} INFO - Processing /home/airflow/.local/lib/python3.8/site-packages/airflow/example_dags/example_python_operator.py took 0.382 seconds
[2024-03-29T11:29:25.871+0000] {processor.py:161} INFO - Started process (PID=143) to work on /home/airflow/.local/lib/python3.8/site-packages/airflow/example_dags/example_python_operator.py
[2024-03-29T11:29:25.873+0000] {processor.py:830} INFO - Processing file /home/airflow/.local/lib/python3.8/site-packages/airflow/example_dags/example_python_operator.py for tasks to queue
[2024-03-29T11:29:25.875+0000] {logging_mixin.py:188} INFO - [2024-03-29T11:29:25.875+0000] {dagbag.py:540} INFO - Filling up the DagBag from /home/airflow/.local/lib/python3.8/site-packages/airflow/example_dags/example_python_operator.py
[2024-03-29T11:29:25.884+0000] {processor.py:840} INFO - DAG(s) 'example_python_operator' retrieved from /home/airflow/.local/lib/python3.8/site-packages/airflow/example_dags/example_python_operator.py
[2024-03-29T11:29:25.909+0000] {logging_mixin.py:188} INFO - [2024-03-29T11:29:25.909+0000] {dag.py:3047} INFO - Sync 1 DAGs
[2024-03-29T11:29:25.923+0000] {logging_mixin.py:188} INFO - [2024-03-29T11:29:25.923+0000] {dag.py:3834} INFO - Setting next_dagrun for example_python_operator to None, run_after=None
[2024-03-29T11:29:25.950+0000] {processor.py:183} INFO - Processing /home/airflow/.local/lib/python3.8/site-packages/airflow/example_dags/example_python_operator.py took 0.082 seconds
[2024-03-29T11:29:56.549+0000] {processor.py:161} INFO - Started process (PID=199) to work on /home/airflow/.local/lib/python3.8/site-packages/airflow/example_dags/example_python_operator.py
[2024-03-29T11:29:56.550+0000] {processor.py:830} INFO - Processing file /home/airflow/.local/lib/python3.8/site-packages/airflow/example_dags/example_python_operator.py for tasks to queue
[2024-03-29T11:29:56.559+0000] {logging_mixin.py:188} INFO - [2024-03-29T11:29:56.552+0000] {dagbag.py:540} INFO - Filling up the DagBag from /home/airflow/.local/lib/python3.8/site-packages/airflow/example_dags/example_python_operator.py
[2024-03-29T11:29:56.584+0000] {processor.py:840} INFO - DAG(s) 'example_python_operator' retrieved from /home/airflow/.local/lib/python3.8/site-packages/airflow/example_dags/example_python_operator.py
[2024-03-29T11:29:56.627+0000] {logging_mixin.py:188} INFO - [2024-03-29T11:29:56.626+0000] {dag.py:3047} INFO - Sync 1 DAGs
[2024-03-29T11:29:56.657+0000] {logging_mixin.py:188} INFO - [2024-03-29T11:29:56.657+0000] {dag.py:3834} INFO - Setting next_dagrun for example_python_operator to None, run_after=None
[2024-03-29T11:29:56.711+0000] {processor.py:183} INFO - Processing /home/airflow/.local/lib/python3.8/site-packages/airflow/example_dags/example_python_operator.py took 0.165 seconds
[2024-03-29T11:30:26.808+0000] {processor.py:161} INFO - Started process (PID=255) to work on /home/airflow/.local/lib/python3.8/site-packages/airflow/example_dags/example_python_operator.py
[2024-03-29T11:30:26.809+0000] {processor.py:830} INFO - Processing file /home/airflow/.local/lib/python3.8/site-packages/airflow/example_dags/example_python_operator.py for tasks to queue
[2024-03-29T11:30:26.811+0000] {logging_mixin.py:188} INFO - [2024-03-29T11:30:26.810+0000] {dagbag.py:540} INFO - Filling up the DagBag from /home/airflow/.local/lib/python3.8/site-packages/airflow/example_dags/example_python_operator.py
[2024-03-29T11:30:26.821+0000] {processor.py:840} INFO - DAG(s) 'example_python_operator' retrieved from /home/airflow/.local/lib/python3.8/site-packages/airflow/example_dags/example_python_operator.py
[2024-03-29T11:30:26.842+0000] {logging_mixin.py:188} INFO - [2024-03-29T11:30:26.842+0000] {dag.py:3047} INFO - Sync 1 DAGs
[2024-03-29T11:30:26.854+0000] {logging_mixin.py:188} INFO - [2024-03-29T11:30:26.854+0000] {dag.py:3834} INFO - Setting next_dagrun for example_python_operator to None, run_after=None
[2024-03-29T11:30:26.874+0000] {processor.py:183} INFO - Processing /home/airflow/.local/lib/python3.8/site-packages/airflow/example_dags/example_python_operator.py took 0.068 seconds
[2024-03-29T11:30:57.828+0000] {processor.py:161} INFO - Started process (PID=311) to work on /home/airflow/.local/lib/python3.8/site-packages/airflow/example_dags/example_python_operator.py
[2024-03-29T11:30:57.829+0000] {processor.py:830} INFO - Processing file /home/airflow/.local/lib/python3.8/site-packages/airflow/example_dags/example_python_operator.py for tasks to queue
[2024-03-29T11:30:57.830+0000] {logging_mixin.py:188} INFO - [2024-03-29T11:30:57.830+0000] {dagbag.py:540} INFO - Filling up the DagBag from /home/airflow/.local/lib/python3.8/site-packages/airflow/example_dags/example_python_operator.py
[2024-03-29T11:30:57.842+0000] {processor.py:840} INFO - DAG(s) 'example_python_operator' retrieved from /home/airflow/.local/lib/python3.8/site-packages/airflow/example_dags/example_python_operator.py
[2024-03-29T11:30:57.874+0000] {logging_mixin.py:188} INFO - [2024-03-29T11:30:57.874+0000] {dag.py:3047} INFO - Sync 1 DAGs
[2024-03-29T11:30:57.888+0000] {logging_mixin.py:188} INFO - [2024-03-29T11:30:57.888+0000] {dag.py:3834} INFO - Setting next_dagrun for example_python_operator to None, run_after=None
[2024-03-29T11:30:57.913+0000] {processor.py:183} INFO - Processing /home/airflow/.local/lib/python3.8/site-packages/airflow/example_dags/example_python_operator.py took 0.088 seconds
[2024-03-29T11:32:44.761+0000] {processor.py:161} INFO - Started process (PID=87) to work on /home/airflow/.local/lib/python3.8/site-packages/airflow/example_dags/example_python_operator.py
[2024-03-29T11:32:44.766+0000] {processor.py:830} INFO - Processing file /home/airflow/.local/lib/python3.8/site-packages/airflow/example_dags/example_python_operator.py for tasks to queue
[2024-03-29T11:32:44.770+0000] {logging_mixin.py:188} INFO - [2024-03-29T11:32:44.769+0000] {dagbag.py:540} INFO - Filling up the DagBag from /home/airflow/.local/lib/python3.8/site-packages/airflow/example_dags/example_python_operator.py
[2024-03-29T11:32:44.792+0000] {processor.py:840} INFO - DAG(s) 'example_python_operator' retrieved from /home/airflow/.local/lib/python3.8/site-packages/airflow/example_dags/example_python_operator.py
[2024-03-29T11:32:44.958+0000] {logging_mixin.py:188} INFO - [2024-03-29T11:32:44.957+0000] {dag.py:3047} INFO - Sync 1 DAGs
[2024-03-29T11:32:44.994+0000] {logging_mixin.py:188} INFO - [2024-03-29T11:32:44.994+0000] {dag.py:3834} INFO - Setting next_dagrun for example_python_operator to None, run_after=None
[2024-03-29T11:32:45.047+0000] {processor.py:183} INFO - Processing /home/airflow/.local/lib/python3.8/site-packages/airflow/example_dags/example_python_operator.py took 0.290 seconds
[2024-03-29T11:33:15.648+0000] {processor.py:161} INFO - Started process (PID=143) to work on /home/airflow/.local/lib/python3.8/site-packages/airflow/example_dags/example_python_operator.py
[2024-03-29T11:33:15.649+0000] {processor.py:830} INFO - Processing file /home/airflow/.local/lib/python3.8/site-packages/airflow/example_dags/example_python_operator.py for tasks to queue
[2024-03-29T11:33:15.651+0000] {logging_mixin.py:188} INFO - [2024-03-29T11:33:15.651+0000] {dagbag.py:540} INFO - Filling up the DagBag from /home/airflow/.local/lib/python3.8/site-packages/airflow/example_dags/example_python_operator.py
[2024-03-29T11:33:15.666+0000] {processor.py:840} INFO - DAG(s) 'example_python_operator' retrieved from /home/airflow/.local/lib/python3.8/site-packages/airflow/example_dags/example_python_operator.py
[2024-03-29T11:33:15.694+0000] {logging_mixin.py:188} INFO - [2024-03-29T11:33:15.693+0000] {dag.py:3047} INFO - Sync 1 DAGs
[2024-03-29T11:33:15.713+0000] {logging_mixin.py:188} INFO - [2024-03-29T11:33:15.712+0000] {dag.py:3834} INFO - Setting next_dagrun for example_python_operator to None, run_after=None
[2024-03-29T11:33:15.744+0000] {processor.py:183} INFO - Processing /home/airflow/.local/lib/python3.8/site-packages/airflow/example_dags/example_python_operator.py took 0.099 seconds
[2024-03-29T11:33:46.642+0000] {processor.py:161} INFO - Started process (PID=197) to work on /home/airflow/.local/lib/python3.8/site-packages/airflow/example_dags/example_python_operator.py
[2024-03-29T11:33:46.648+0000] {processor.py:830} INFO - Processing file /home/airflow/.local/lib/python3.8/site-packages/airflow/example_dags/example_python_operator.py for tasks to queue
[2024-03-29T11:33:46.677+0000] {logging_mixin.py:188} INFO - [2024-03-29T11:33:46.677+0000] {dagbag.py:540} INFO - Filling up the DagBag from /home/airflow/.local/lib/python3.8/site-packages/airflow/example_dags/example_python_operator.py
[2024-03-29T11:33:46.725+0000] {processor.py:840} INFO - DAG(s) 'example_python_operator' retrieved from /home/airflow/.local/lib/python3.8/site-packages/airflow/example_dags/example_python_operator.py
[2024-03-29T11:33:46.741+0000] {logging_mixin.py:188} INFO - [2024-03-29T11:33:46.741+0000] {dag.py:3047} INFO - Sync 1 DAGs
[2024-03-29T11:33:46.765+0000] {logging_mixin.py:188} INFO - [2024-03-29T11:33:46.764+0000] {dag.py:3834} INFO - Setting next_dagrun for example_python_operator to None, run_after=None
[2024-03-29T11:33:46.811+0000] {processor.py:183} INFO - Processing /home/airflow/.local/lib/python3.8/site-packages/airflow/example_dags/example_python_operator.py took 0.186 seconds
[2024-03-29T11:34:17.756+0000] {processor.py:161} INFO - Started process (PID=252) to work on /home/airflow/.local/lib/python3.8/site-packages/airflow/example_dags/example_python_operator.py
[2024-03-29T11:34:17.757+0000] {processor.py:830} INFO - Processing file /home/airflow/.local/lib/python3.8/site-packages/airflow/example_dags/example_python_operator.py for tasks to queue
[2024-03-29T11:34:17.759+0000] {logging_mixin.py:188} INFO - [2024-03-29T11:34:17.759+0000] {dagbag.py:540} INFO - Filling up the DagBag from /home/airflow/.local/lib/python3.8/site-packages/airflow/example_dags/example_python_operator.py
[2024-03-29T11:34:17.776+0000] {processor.py:840} INFO - DAG(s) 'example_python_operator' retrieved from /home/airflow/.local/lib/python3.8/site-packages/airflow/example_dags/example_python_operator.py
[2024-03-29T11:34:17.797+0000] {logging_mixin.py:188} INFO - [2024-03-29T11:34:17.797+0000] {dag.py:3047} INFO - Sync 1 DAGs
[2024-03-29T11:34:17.825+0000] {logging_mixin.py:188} INFO - [2024-03-29T11:34:17.825+0000] {dag.py:3834} INFO - Setting next_dagrun for example_python_operator to None, run_after=None
[2024-03-29T11:34:17.852+0000] {processor.py:183} INFO - Processing /home/airflow/.local/lib/python3.8/site-packages/airflow/example_dags/example_python_operator.py took 0.099 seconds
[2024-03-29T11:34:48.003+0000] {processor.py:161} INFO - Started process (PID=308) to work on /home/airflow/.local/lib/python3.8/site-packages/airflow/example_dags/example_python_operator.py
[2024-03-29T11:34:48.005+0000] {processor.py:830} INFO - Processing file /home/airflow/.local/lib/python3.8/site-packages/airflow/example_dags/example_python_operator.py for tasks to queue
[2024-03-29T11:34:48.007+0000] {logging_mixin.py:188} INFO - [2024-03-29T11:34:48.006+0000] {dagbag.py:540} INFO - Filling up the DagBag from /home/airflow/.local/lib/python3.8/site-packages/airflow/example_dags/example_python_operator.py
[2024-03-29T11:34:48.018+0000] {processor.py:840} INFO - DAG(s) 'example_python_operator' retrieved from /home/airflow/.local/lib/python3.8/site-packages/airflow/example_dags/example_python_operator.py
[2024-03-29T11:34:48.030+0000] {logging_mixin.py:188} INFO - [2024-03-29T11:34:48.029+0000] {dag.py:3047} INFO - Sync 1 DAGs
[2024-03-29T11:34:48.044+0000] {logging_mixin.py:188} INFO - [2024-03-29T11:34:48.043+0000] {dag.py:3834} INFO - Setting next_dagrun for example_python_operator to None, run_after=None
[2024-03-29T11:34:48.074+0000] {processor.py:183} INFO - Processing /home/airflow/.local/lib/python3.8/site-packages/airflow/example_dags/example_python_operator.py took 0.075 seconds
[2024-03-29T11:35:18.561+0000] {processor.py:161} INFO - Started process (PID=363) to work on /home/airflow/.local/lib/python3.8/site-packages/airflow/example_dags/example_python_operator.py
[2024-03-29T11:35:18.562+0000] {processor.py:830} INFO - Processing file /home/airflow/.local/lib/python3.8/site-packages/airflow/example_dags/example_python_operator.py for tasks to queue
[2024-03-29T11:35:18.564+0000] {logging_mixin.py:188} INFO - [2024-03-29T11:35:18.563+0000] {dagbag.py:540} INFO - Filling up the DagBag from /home/airflow/.local/lib/python3.8/site-packages/airflow/example_dags/example_python_operator.py
[2024-03-29T11:35:18.575+0000] {processor.py:840} INFO - DAG(s) 'example_python_operator' retrieved from /home/airflow/.local/lib/python3.8/site-packages/airflow/example_dags/example_python_operator.py
[2024-03-29T11:35:18.587+0000] {logging_mixin.py:188} INFO - [2024-03-29T11:35:18.587+0000] {dag.py:3047} INFO - Sync 1 DAGs
[2024-03-29T11:35:18.601+0000] {logging_mixin.py:188} INFO - [2024-03-29T11:35:18.601+0000] {dag.py:3834} INFO - Setting next_dagrun for example_python_operator to None, run_after=None
[2024-03-29T11:35:18.620+0000] {processor.py:183} INFO - Processing /home/airflow/.local/lib/python3.8/site-packages/airflow/example_dags/example_python_operator.py took 0.061 seconds
[2024-03-29T11:35:50.517+0000] {processor.py:161} INFO - Started process (PID=419) to work on /home/airflow/.local/lib/python3.8/site-packages/airflow/example_dags/example_python_operator.py
[2024-03-29T11:35:50.519+0000] {processor.py:830} INFO - Processing file /home/airflow/.local/lib/python3.8/site-packages/airflow/example_dags/example_python_operator.py for tasks to queue
[2024-03-29T11:35:50.521+0000] {logging_mixin.py:188} INFO - [2024-03-29T11:35:50.521+0000] {dagbag.py:540} INFO - Filling up the DagBag from /home/airflow/.local/lib/python3.8/site-packages/airflow/example_dags/example_python_operator.py
[2024-03-29T11:35:50.535+0000] {processor.py:840} INFO - DAG(s) 'example_python_operator' retrieved from /home/airflow/.local/lib/python3.8/site-packages/airflow/example_dags/example_python_operator.py
[2024-03-29T11:35:50.660+0000] {logging_mixin.py:188} INFO - [2024-03-29T11:35:50.659+0000] {dag.py:3047} INFO - Sync 1 DAGs
[2024-03-29T11:35:50.674+0000] {logging_mixin.py:188} INFO - [2024-03-29T11:35:50.674+0000] {dag.py:3834} INFO - Setting next_dagrun for example_python_operator to None, run_after=None
[2024-03-29T11:35:50.695+0000] {processor.py:183} INFO - Processing /home/airflow/.local/lib/python3.8/site-packages/airflow/example_dags/example_python_operator.py took 0.182 seconds
[2024-03-29T11:36:21.057+0000] {processor.py:161} INFO - Started process (PID=475) to work on /home/airflow/.local/lib/python3.8/site-packages/airflow/example_dags/example_python_operator.py
[2024-03-29T11:36:21.058+0000] {processor.py:830} INFO - Processing file /home/airflow/.local/lib/python3.8/site-packages/airflow/example_dags/example_python_operator.py for tasks to queue
[2024-03-29T11:36:21.060+0000] {logging_mixin.py:188} INFO - [2024-03-29T11:36:21.060+0000] {dagbag.py:540} INFO - Filling up the DagBag from /home/airflow/.local/lib/python3.8/site-packages/airflow/example_dags/example_python_operator.py
[2024-03-29T11:36:21.074+0000] {processor.py:840} INFO - DAG(s) 'example_python_operator' retrieved from /home/airflow/.local/lib/python3.8/site-packages/airflow/example_dags/example_python_operator.py
[2024-03-29T11:36:21.098+0000] {logging_mixin.py:188} INFO - [2024-03-29T11:36:21.097+0000] {dag.py:3047} INFO - Sync 1 DAGs
[2024-03-29T11:36:21.110+0000] {logging_mixin.py:188} INFO - [2024-03-29T11:36:21.110+0000] {dag.py:3834} INFO - Setting next_dagrun for example_python_operator to None, run_after=None
[2024-03-29T11:36:21.129+0000] {processor.py:183} INFO - Processing /home/airflow/.local/lib/python3.8/site-packages/airflow/example_dags/example_python_operator.py took 0.074 seconds
[2024-03-29T11:36:51.969+0000] {processor.py:161} INFO - Started process (PID=531) to work on /home/airflow/.local/lib/python3.8/site-packages/airflow/example_dags/example_python_operator.py
[2024-03-29T11:36:51.970+0000] {processor.py:830} INFO - Processing file /home/airflow/.local/lib/python3.8/site-packages/airflow/example_dags/example_python_operator.py for tasks to queue
[2024-03-29T11:36:51.972+0000] {logging_mixin.py:188} INFO - [2024-03-29T11:36:51.971+0000] {dagbag.py:540} INFO - Filling up the DagBag from /home/airflow/.local/lib/python3.8/site-packages/airflow/example_dags/example_python_operator.py
[2024-03-29T11:36:51.986+0000] {processor.py:840} INFO - DAG(s) 'example_python_operator' retrieved from /home/airflow/.local/lib/python3.8/site-packages/airflow/example_dags/example_python_operator.py
[2024-03-29T11:36:52.016+0000] {logging_mixin.py:188} INFO - [2024-03-29T11:36:52.014+0000] {dag.py:3047} INFO - Sync 1 DAGs
[2024-03-29T11:36:52.027+0000] {logging_mixin.py:188} INFO - [2024-03-29T11:36:52.026+0000] {dag.py:3834} INFO - Setting next_dagrun for example_python_operator to None, run_after=None
[2024-03-29T11:36:52.046+0000] {processor.py:183} INFO - Processing /home/airflow/.local/lib/python3.8/site-packages/airflow/example_dags/example_python_operator.py took 0.082 seconds
[2024-03-29T11:37:22.672+0000] {processor.py:161} INFO - Started process (PID=587) to work on /home/airflow/.local/lib/python3.8/site-packages/airflow/example_dags/example_python_operator.py
[2024-03-29T11:37:22.673+0000] {processor.py:830} INFO - Processing file /home/airflow/.local/lib/python3.8/site-packages/airflow/example_dags/example_python_operator.py for tasks to queue
[2024-03-29T11:37:22.675+0000] {logging_mixin.py:188} INFO - [2024-03-29T11:37:22.674+0000] {dagbag.py:540} INFO - Filling up the DagBag from /home/airflow/.local/lib/python3.8/site-packages/airflow/example_dags/example_python_operator.py
[2024-03-29T11:37:22.691+0000] {processor.py:840} INFO - DAG(s) 'example_python_operator' retrieved from /home/airflow/.local/lib/python3.8/site-packages/airflow/example_dags/example_python_operator.py
[2024-03-29T11:37:22.722+0000] {logging_mixin.py:188} INFO - [2024-03-29T11:37:22.722+0000] {dag.py:3047} INFO - Sync 1 DAGs
[2024-03-29T11:37:22.739+0000] {logging_mixin.py:188} INFO - [2024-03-29T11:37:22.739+0000] {dag.py:3834} INFO - Setting next_dagrun for example_python_operator to None, run_after=None
[2024-03-29T11:37:22.760+0000] {processor.py:183} INFO - Processing /home/airflow/.local/lib/python3.8/site-packages/airflow/example_dags/example_python_operator.py took 0.091 seconds
[2024-03-29T11:37:53.527+0000] {processor.py:161} INFO - Started process (PID=644) to work on /home/airflow/.local/lib/python3.8/site-packages/airflow/example_dags/example_python_operator.py
[2024-03-29T11:37:53.527+0000] {processor.py:830} INFO - Processing file /home/airflow/.local/lib/python3.8/site-packages/airflow/example_dags/example_python_operator.py for tasks to queue
[2024-03-29T11:37:53.529+0000] {logging_mixin.py:188} INFO - [2024-03-29T11:37:53.529+0000] {dagbag.py:540} INFO - Filling up the DagBag from /home/airflow/.local/lib/python3.8/site-packages/airflow/example_dags/example_python_operator.py
[2024-03-29T11:37:53.541+0000] {processor.py:840} INFO - DAG(s) 'example_python_operator' retrieved from /home/airflow/.local/lib/python3.8/site-packages/airflow/example_dags/example_python_operator.py
[2024-03-29T11:37:53.564+0000] {logging_mixin.py:188} INFO - [2024-03-29T11:37:53.563+0000] {dag.py:3047} INFO - Sync 1 DAGs
[2024-03-29T11:37:53.577+0000] {logging_mixin.py:188} INFO - [2024-03-29T11:37:53.576+0000] {dag.py:3834} INFO - Setting next_dagrun for example_python_operator to None, run_after=None
[2024-03-29T11:37:53.594+0000] {processor.py:183} INFO - Processing /home/airflow/.local/lib/python3.8/site-packages/airflow/example_dags/example_python_operator.py took 0.070 seconds
[2024-03-29T11:40:21.704+0000] {processor.py:161} INFO - Started process (PID=93) to work on /home/airflow/.local/lib/python3.8/site-packages/airflow/example_dags/example_python_operator.py
[2024-03-29T11:40:21.709+0000] {processor.py:830} INFO - Processing file /home/airflow/.local/lib/python3.8/site-packages/airflow/example_dags/example_python_operator.py for tasks to queue
[2024-03-29T11:40:21.711+0000] {logging_mixin.py:188} INFO - [2024-03-29T11:40:21.711+0000] {dagbag.py:540} INFO - Filling up the DagBag from /home/airflow/.local/lib/python3.8/site-packages/airflow/example_dags/example_python_operator.py
[2024-03-29T11:40:21.745+0000] {processor.py:840} INFO - DAG(s) 'example_python_operator' retrieved from /home/airflow/.local/lib/python3.8/site-packages/airflow/example_dags/example_python_operator.py
[2024-03-29T11:40:22.393+0000] {logging_mixin.py:188} INFO - [2024-03-29T11:40:22.392+0000] {dag.py:3047} INFO - Sync 1 DAGs
[2024-03-29T11:40:22.446+0000] {logging_mixin.py:188} INFO - [2024-03-29T11:40:22.445+0000] {dag.py:3834} INFO - Setting next_dagrun for example_python_operator to None, run_after=None
[2024-03-29T11:40:22.546+0000] {processor.py:183} INFO - Processing /home/airflow/.local/lib/python3.8/site-packages/airflow/example_dags/example_python_operator.py took 0.852 seconds
[2024-03-29T11:40:53.165+0000] {processor.py:161} INFO - Started process (PID=150) to work on /home/airflow/.local/lib/python3.8/site-packages/airflow/example_dags/example_python_operator.py
[2024-03-29T11:40:53.167+0000] {processor.py:830} INFO - Processing file /home/airflow/.local/lib/python3.8/site-packages/airflow/example_dags/example_python_operator.py for tasks to queue
[2024-03-29T11:40:53.186+0000] {logging_mixin.py:188} INFO - [2024-03-29T11:40:53.177+0000] {dagbag.py:540} INFO - Filling up the DagBag from /home/airflow/.local/lib/python3.8/site-packages/airflow/example_dags/example_python_operator.py
[2024-03-29T11:40:53.207+0000] {processor.py:840} INFO - DAG(s) 'example_python_operator' retrieved from /home/airflow/.local/lib/python3.8/site-packages/airflow/example_dags/example_python_operator.py
[2024-03-29T11:40:53.275+0000] {logging_mixin.py:188} INFO - [2024-03-29T11:40:53.275+0000] {dag.py:3047} INFO - Sync 1 DAGs
[2024-03-29T11:40:53.317+0000] {logging_mixin.py:188} INFO - [2024-03-29T11:40:53.317+0000] {dag.py:3834} INFO - Setting next_dagrun for example_python_operator to None, run_after=None
[2024-03-29T11:40:53.380+0000] {processor.py:183} INFO - Processing /home/airflow/.local/lib/python3.8/site-packages/airflow/example_dags/example_python_operator.py took 0.218 seconds
[2024-03-29T11:41:34.867+0000] {processor.py:161} INFO - Started process (PID=205) to work on /home/airflow/.local/lib/python3.8/site-packages/airflow/example_dags/example_python_operator.py
[2024-03-29T11:41:34.886+0000] {processor.py:830} INFO - Processing file /home/airflow/.local/lib/python3.8/site-packages/airflow/example_dags/example_python_operator.py for tasks to queue
[2024-03-29T11:41:34.900+0000] {logging_mixin.py:188} INFO - [2024-03-29T11:41:34.899+0000] {dagbag.py:540} INFO - Filling up the DagBag from /home/airflow/.local/lib/python3.8/site-packages/airflow/example_dags/example_python_operator.py
[2024-03-29T11:41:35.102+0000] {processor.py:840} INFO - DAG(s) 'example_python_operator' retrieved from /home/airflow/.local/lib/python3.8/site-packages/airflow/example_dags/example_python_operator.py
[2024-03-29T11:41:35.330+0000] {logging_mixin.py:188} INFO - [2024-03-29T11:41:35.328+0000] {dag.py:3047} INFO - Sync 1 DAGs
[2024-03-29T11:41:35.442+0000] {logging_mixin.py:188} INFO - [2024-03-29T11:41:35.440+0000] {dag.py:3834} INFO - Setting next_dagrun for example_python_operator to None, run_after=None
[2024-03-29T11:41:35.534+0000] {processor.py:183} INFO - Processing /home/airflow/.local/lib/python3.8/site-packages/airflow/example_dags/example_python_operator.py took 0.684 seconds
[2024-03-29T11:42:05.657+0000] {processor.py:161} INFO - Started process (PID=261) to work on /home/airflow/.local/lib/python3.8/site-packages/airflow/example_dags/example_python_operator.py
[2024-03-29T11:42:05.660+0000] {processor.py:830} INFO - Processing file /home/airflow/.local/lib/python3.8/site-packages/airflow/example_dags/example_python_operator.py for tasks to queue
[2024-03-29T11:42:05.666+0000] {logging_mixin.py:188} INFO - [2024-03-29T11:42:05.665+0000] {dagbag.py:540} INFO - Filling up the DagBag from /home/airflow/.local/lib/python3.8/site-packages/airflow/example_dags/example_python_operator.py
[2024-03-29T11:42:05.692+0000] {processor.py:840} INFO - DAG(s) 'example_python_operator' retrieved from /home/airflow/.local/lib/python3.8/site-packages/airflow/example_dags/example_python_operator.py
[2024-03-29T11:42:05.756+0000] {logging_mixin.py:188} INFO - [2024-03-29T11:42:05.755+0000] {dag.py:3047} INFO - Sync 1 DAGs
[2024-03-29T11:42:05.798+0000] {logging_mixin.py:188} INFO - [2024-03-29T11:42:05.797+0000] {dag.py:3834} INFO - Setting next_dagrun for example_python_operator to None, run_after=None
[2024-03-29T11:42:05.858+0000] {processor.py:183} INFO - Processing /home/airflow/.local/lib/python3.8/site-packages/airflow/example_dags/example_python_operator.py took 0.204 seconds
[2024-03-29T11:42:39.790+0000] {processor.py:161} INFO - Started process (PID=317) to work on /home/airflow/.local/lib/python3.8/site-packages/airflow/example_dags/example_python_operator.py
[2024-03-29T11:42:39.799+0000] {processor.py:830} INFO - Processing file /home/airflow/.local/lib/python3.8/site-packages/airflow/example_dags/example_python_operator.py for tasks to queue
[2024-03-29T11:42:39.801+0000] {logging_mixin.py:188} INFO - [2024-03-29T11:42:39.801+0000] {dagbag.py:540} INFO - Filling up the DagBag from /home/airflow/.local/lib/python3.8/site-packages/airflow/example_dags/example_python_operator.py
[2024-03-29T11:42:39.871+0000] {processor.py:840} INFO - DAG(s) 'example_python_operator' retrieved from /home/airflow/.local/lib/python3.8/site-packages/airflow/example_dags/example_python_operator.py
[2024-03-29T11:42:39.982+0000] {logging_mixin.py:188} INFO - [2024-03-29T11:42:39.972+0000] {dag.py:3047} INFO - Sync 1 DAGs
[2024-03-29T11:42:40.031+0000] {logging_mixin.py:188} INFO - [2024-03-29T11:42:40.031+0000] {dag.py:3834} INFO - Setting next_dagrun for example_python_operator to None, run_after=None
[2024-03-29T11:42:40.121+0000] {processor.py:183} INFO - Processing /home/airflow/.local/lib/python3.8/site-packages/airflow/example_dags/example_python_operator.py took 0.334 seconds
[2024-03-29T11:43:10.501+0000] {processor.py:161} INFO - Started process (PID=373) to work on /home/airflow/.local/lib/python3.8/site-packages/airflow/example_dags/example_python_operator.py
[2024-03-29T11:43:10.508+0000] {processor.py:830} INFO - Processing file /home/airflow/.local/lib/python3.8/site-packages/airflow/example_dags/example_python_operator.py for tasks to queue
[2024-03-29T11:43:10.516+0000] {logging_mixin.py:188} INFO - [2024-03-29T11:43:10.515+0000] {dagbag.py:540} INFO - Filling up the DagBag from /home/airflow/.local/lib/python3.8/site-packages/airflow/example_dags/example_python_operator.py
[2024-03-29T11:43:10.560+0000] {processor.py:840} INFO - DAG(s) 'example_python_operator' retrieved from /home/airflow/.local/lib/python3.8/site-packages/airflow/example_dags/example_python_operator.py
[2024-03-29T11:43:10.630+0000] {logging_mixin.py:188} INFO - [2024-03-29T11:43:10.629+0000] {dag.py:3047} INFO - Sync 1 DAGs
[2024-03-29T11:43:10.675+0000] {logging_mixin.py:188} INFO - [2024-03-29T11:43:10.674+0000] {dag.py:3834} INFO - Setting next_dagrun for example_python_operator to None, run_after=None
[2024-03-29T11:43:10.770+0000] {processor.py:183} INFO - Processing /home/airflow/.local/lib/python3.8/site-packages/airflow/example_dags/example_python_operator.py took 0.282 seconds
[2024-03-29T11:43:41.297+0000] {processor.py:161} INFO - Started process (PID=428) to work on /home/airflow/.local/lib/python3.8/site-packages/airflow/example_dags/example_python_operator.py
[2024-03-29T11:43:41.298+0000] {processor.py:830} INFO - Processing file /home/airflow/.local/lib/python3.8/site-packages/airflow/example_dags/example_python_operator.py for tasks to queue
[2024-03-29T11:43:41.300+0000] {logging_mixin.py:188} INFO - [2024-03-29T11:43:41.300+0000] {dagbag.py:540} INFO - Filling up the DagBag from /home/airflow/.local/lib/python3.8/site-packages/airflow/example_dags/example_python_operator.py
[2024-03-29T11:43:41.314+0000] {processor.py:840} INFO - DAG(s) 'example_python_operator' retrieved from /home/airflow/.local/lib/python3.8/site-packages/airflow/example_dags/example_python_operator.py
[2024-03-29T11:43:41.343+0000] {logging_mixin.py:188} INFO - [2024-03-29T11:43:41.342+0000] {dag.py:3047} INFO - Sync 1 DAGs
[2024-03-29T11:43:41.356+0000] {logging_mixin.py:188} INFO - [2024-03-29T11:43:41.356+0000] {dag.py:3834} INFO - Setting next_dagrun for example_python_operator to None, run_after=None
[2024-03-29T11:43:41.398+0000] {processor.py:183} INFO - Processing /home/airflow/.local/lib/python3.8/site-packages/airflow/example_dags/example_python_operator.py took 0.104 seconds
[2024-03-29T11:44:12.397+0000] {processor.py:161} INFO - Started process (PID=484) to work on /home/airflow/.local/lib/python3.8/site-packages/airflow/example_dags/example_python_operator.py
[2024-03-29T11:44:12.399+0000] {processor.py:830} INFO - Processing file /home/airflow/.local/lib/python3.8/site-packages/airflow/example_dags/example_python_operator.py for tasks to queue
[2024-03-29T11:44:12.401+0000] {logging_mixin.py:188} INFO - [2024-03-29T11:44:12.401+0000] {dagbag.py:540} INFO - Filling up the DagBag from /home/airflow/.local/lib/python3.8/site-packages/airflow/example_dags/example_python_operator.py
[2024-03-29T11:44:12.417+0000] {processor.py:840} INFO - DAG(s) 'example_python_operator' retrieved from /home/airflow/.local/lib/python3.8/site-packages/airflow/example_dags/example_python_operator.py
[2024-03-29T11:44:12.457+0000] {logging_mixin.py:188} INFO - [2024-03-29T11:44:12.456+0000] {dag.py:3047} INFO - Sync 1 DAGs
[2024-03-29T11:44:12.480+0000] {logging_mixin.py:188} INFO - [2024-03-29T11:44:12.479+0000] {dag.py:3834} INFO - Setting next_dagrun for example_python_operator to None, run_after=None
[2024-03-29T11:44:12.506+0000] {processor.py:183} INFO - Processing /home/airflow/.local/lib/python3.8/site-packages/airflow/example_dags/example_python_operator.py took 0.116 seconds
[2024-03-29T11:44:43.205+0000] {processor.py:161} INFO - Started process (PID=540) to work on /home/airflow/.local/lib/python3.8/site-packages/airflow/example_dags/example_python_operator.py
[2024-03-29T11:44:43.206+0000] {processor.py:830} INFO - Processing file /home/airflow/.local/lib/python3.8/site-packages/airflow/example_dags/example_python_operator.py for tasks to queue
[2024-03-29T11:44:43.213+0000] {logging_mixin.py:188} INFO - [2024-03-29T11:44:43.209+0000] {dagbag.py:540} INFO - Filling up the DagBag from /home/airflow/.local/lib/python3.8/site-packages/airflow/example_dags/example_python_operator.py
[2024-03-29T11:44:43.240+0000] {processor.py:840} INFO - DAG(s) 'example_python_operator' retrieved from /home/airflow/.local/lib/python3.8/site-packages/airflow/example_dags/example_python_operator.py
[2024-03-29T11:44:43.311+0000] {logging_mixin.py:188} INFO - [2024-03-29T11:44:43.307+0000] {dag.py:3047} INFO - Sync 1 DAGs
[2024-03-29T11:44:43.335+0000] {logging_mixin.py:188} INFO - [2024-03-29T11:44:43.334+0000] {dag.py:3834} INFO - Setting next_dagrun for example_python_operator to None, run_after=None
[2024-03-29T11:44:43.380+0000] {processor.py:183} INFO - Processing /home/airflow/.local/lib/python3.8/site-packages/airflow/example_dags/example_python_operator.py took 0.178 seconds
[2024-03-29T11:45:13.602+0000] {processor.py:161} INFO - Started process (PID=596) to work on /home/airflow/.local/lib/python3.8/site-packages/airflow/example_dags/example_python_operator.py
[2024-03-29T11:45:13.603+0000] {processor.py:830} INFO - Processing file /home/airflow/.local/lib/python3.8/site-packages/airflow/example_dags/example_python_operator.py for tasks to queue
[2024-03-29T11:45:13.606+0000] {logging_mixin.py:188} INFO - [2024-03-29T11:45:13.605+0000] {dagbag.py:540} INFO - Filling up the DagBag from /home/airflow/.local/lib/python3.8/site-packages/airflow/example_dags/example_python_operator.py
[2024-03-29T11:45:13.620+0000] {processor.py:840} INFO - DAG(s) 'example_python_operator' retrieved from /home/airflow/.local/lib/python3.8/site-packages/airflow/example_dags/example_python_operator.py
[2024-03-29T11:45:13.656+0000] {logging_mixin.py:188} INFO - [2024-03-29T11:45:13.655+0000] {dag.py:3047} INFO - Sync 1 DAGs
[2024-03-29T11:45:13.673+0000] {logging_mixin.py:188} INFO - [2024-03-29T11:45:13.672+0000] {dag.py:3834} INFO - Setting next_dagrun for example_python_operator to None, run_after=None
[2024-03-29T11:45:13.702+0000] {processor.py:183} INFO - Processing /home/airflow/.local/lib/python3.8/site-packages/airflow/example_dags/example_python_operator.py took 0.103 seconds
[2024-03-29T11:45:44.229+0000] {processor.py:161} INFO - Started process (PID=652) to work on /home/airflow/.local/lib/python3.8/site-packages/airflow/example_dags/example_python_operator.py
[2024-03-29T11:45:44.230+0000] {processor.py:830} INFO - Processing file /home/airflow/.local/lib/python3.8/site-packages/airflow/example_dags/example_python_operator.py for tasks to queue
[2024-03-29T11:45:44.232+0000] {logging_mixin.py:188} INFO - [2024-03-29T11:45:44.232+0000] {dagbag.py:540} INFO - Filling up the DagBag from /home/airflow/.local/lib/python3.8/site-packages/airflow/example_dags/example_python_operator.py
[2024-03-29T11:45:44.249+0000] {processor.py:840} INFO - DAG(s) 'example_python_operator' retrieved from /home/airflow/.local/lib/python3.8/site-packages/airflow/example_dags/example_python_operator.py
[2024-03-29T11:45:44.283+0000] {logging_mixin.py:188} INFO - [2024-03-29T11:45:44.282+0000] {dag.py:3047} INFO - Sync 1 DAGs
[2024-03-29T11:45:44.296+0000] {logging_mixin.py:188} INFO - [2024-03-29T11:45:44.296+0000] {dag.py:3834} INFO - Setting next_dagrun for example_python_operator to None, run_after=None
[2024-03-29T11:45:44.320+0000] {processor.py:183} INFO - Processing /home/airflow/.local/lib/python3.8/site-packages/airflow/example_dags/example_python_operator.py took 0.093 seconds
[2024-03-29T11:46:14.491+0000] {processor.py:161} INFO - Started process (PID=708) to work on /home/airflow/.local/lib/python3.8/site-packages/airflow/example_dags/example_python_operator.py
[2024-03-29T11:46:14.492+0000] {processor.py:830} INFO - Processing file /home/airflow/.local/lib/python3.8/site-packages/airflow/example_dags/example_python_operator.py for tasks to queue
[2024-03-29T11:46:14.494+0000] {logging_mixin.py:188} INFO - [2024-03-29T11:46:14.494+0000] {dagbag.py:540} INFO - Filling up the DagBag from /home/airflow/.local/lib/python3.8/site-packages/airflow/example_dags/example_python_operator.py
[2024-03-29T11:46:14.503+0000] {processor.py:840} INFO - DAG(s) 'example_python_operator' retrieved from /home/airflow/.local/lib/python3.8/site-packages/airflow/example_dags/example_python_operator.py
[2024-03-29T11:46:14.527+0000] {logging_mixin.py:188} INFO - [2024-03-29T11:46:14.526+0000] {dag.py:3047} INFO - Sync 1 DAGs
[2024-03-29T11:46:14.540+0000] {logging_mixin.py:188} INFO - [2024-03-29T11:46:14.540+0000] {dag.py:3834} INFO - Setting next_dagrun for example_python_operator to None, run_after=None
[2024-03-29T11:46:14.561+0000] {processor.py:183} INFO - Processing /home/airflow/.local/lib/python3.8/site-packages/airflow/example_dags/example_python_operator.py took 0.074 seconds
[2024-03-29T11:46:44.985+0000] {processor.py:161} INFO - Started process (PID=764) to work on /home/airflow/.local/lib/python3.8/site-packages/airflow/example_dags/example_python_operator.py
[2024-03-29T11:46:44.986+0000] {processor.py:830} INFO - Processing file /home/airflow/.local/lib/python3.8/site-packages/airflow/example_dags/example_python_operator.py for tasks to queue
[2024-03-29T11:46:44.988+0000] {logging_mixin.py:188} INFO - [2024-03-29T11:46:44.988+0000] {dagbag.py:540} INFO - Filling up the DagBag from /home/airflow/.local/lib/python3.8/site-packages/airflow/example_dags/example_python_operator.py
[2024-03-29T11:46:44.999+0000] {processor.py:840} INFO - DAG(s) 'example_python_operator' retrieved from /home/airflow/.local/lib/python3.8/site-packages/airflow/example_dags/example_python_operator.py
[2024-03-29T11:46:45.023+0000] {logging_mixin.py:188} INFO - [2024-03-29T11:46:45.022+0000] {dag.py:3047} INFO - Sync 1 DAGs
[2024-03-29T11:46:45.037+0000] {logging_mixin.py:188} INFO - [2024-03-29T11:46:45.037+0000] {dag.py:3834} INFO - Setting next_dagrun for example_python_operator to None, run_after=None
[2024-03-29T11:46:45.059+0000] {processor.py:183} INFO - Processing /home/airflow/.local/lib/python3.8/site-packages/airflow/example_dags/example_python_operator.py took 0.077 seconds
[2024-03-29T11:47:15.373+0000] {processor.py:161} INFO - Started process (PID=820) to work on /home/airflow/.local/lib/python3.8/site-packages/airflow/example_dags/example_python_operator.py
[2024-03-29T11:47:15.374+0000] {processor.py:830} INFO - Processing file /home/airflow/.local/lib/python3.8/site-packages/airflow/example_dags/example_python_operator.py for tasks to queue
[2024-03-29T11:47:15.376+0000] {logging_mixin.py:188} INFO - [2024-03-29T11:47:15.376+0000] {dagbag.py:540} INFO - Filling up the DagBag from /home/airflow/.local/lib/python3.8/site-packages/airflow/example_dags/example_python_operator.py
[2024-03-29T11:47:15.394+0000] {processor.py:840} INFO - DAG(s) 'example_python_operator' retrieved from /home/airflow/.local/lib/python3.8/site-packages/airflow/example_dags/example_python_operator.py
[2024-03-29T11:47:15.427+0000] {logging_mixin.py:188} INFO - [2024-03-29T11:47:15.421+0000] {dag.py:3047} INFO - Sync 1 DAGs
[2024-03-29T11:47:15.440+0000] {logging_mixin.py:188} INFO - [2024-03-29T11:47:15.440+0000] {dag.py:3834} INFO - Setting next_dagrun for example_python_operator to None, run_after=None
[2024-03-29T11:47:15.462+0000] {processor.py:183} INFO - Processing /home/airflow/.local/lib/python3.8/site-packages/airflow/example_dags/example_python_operator.py took 0.092 seconds
[2024-03-29T11:47:46.039+0000] {processor.py:161} INFO - Started process (PID=876) to work on /home/airflow/.local/lib/python3.8/site-packages/airflow/example_dags/example_python_operator.py
[2024-03-29T11:47:46.040+0000] {processor.py:830} INFO - Processing file /home/airflow/.local/lib/python3.8/site-packages/airflow/example_dags/example_python_operator.py for tasks to queue
[2024-03-29T11:47:46.045+0000] {logging_mixin.py:188} INFO - [2024-03-29T11:47:46.044+0000] {dagbag.py:540} INFO - Filling up the DagBag from /home/airflow/.local/lib/python3.8/site-packages/airflow/example_dags/example_python_operator.py
[2024-03-29T11:47:46.056+0000] {processor.py:840} INFO - DAG(s) 'example_python_operator' retrieved from /home/airflow/.local/lib/python3.8/site-packages/airflow/example_dags/example_python_operator.py
[2024-03-29T11:47:46.089+0000] {logging_mixin.py:188} INFO - [2024-03-29T11:47:46.089+0000] {dag.py:3047} INFO - Sync 1 DAGs
[2024-03-29T11:47:46.108+0000] {logging_mixin.py:188} INFO - [2024-03-29T11:47:46.108+0000] {dag.py:3834} INFO - Setting next_dagrun for example_python_operator to None, run_after=None
[2024-03-29T11:47:46.137+0000] {processor.py:183} INFO - Processing /home/airflow/.local/lib/python3.8/site-packages/airflow/example_dags/example_python_operator.py took 0.101 seconds
[2024-03-29T11:48:17.118+0000] {processor.py:161} INFO - Started process (PID=932) to work on /home/airflow/.local/lib/python3.8/site-packages/airflow/example_dags/example_python_operator.py
[2024-03-29T11:48:17.121+0000] {processor.py:830} INFO - Processing file /home/airflow/.local/lib/python3.8/site-packages/airflow/example_dags/example_python_operator.py for tasks to queue
[2024-03-29T11:48:17.123+0000] {logging_mixin.py:188} INFO - [2024-03-29T11:48:17.123+0000] {dagbag.py:540} INFO - Filling up the DagBag from /home/airflow/.local/lib/python3.8/site-packages/airflow/example_dags/example_python_operator.py
[2024-03-29T11:48:17.143+0000] {processor.py:840} INFO - DAG(s) 'example_python_operator' retrieved from /home/airflow/.local/lib/python3.8/site-packages/airflow/example_dags/example_python_operator.py
[2024-03-29T11:48:17.179+0000] {logging_mixin.py:188} INFO - [2024-03-29T11:48:17.178+0000] {dag.py:3047} INFO - Sync 1 DAGs
[2024-03-29T11:48:17.199+0000] {logging_mixin.py:188} INFO - [2024-03-29T11:48:17.198+0000] {dag.py:3834} INFO - Setting next_dagrun for example_python_operator to None, run_after=None
[2024-03-29T11:48:17.231+0000] {processor.py:183} INFO - Processing /home/airflow/.local/lib/python3.8/site-packages/airflow/example_dags/example_python_operator.py took 0.115 seconds
[2024-03-29T11:48:47.843+0000] {processor.py:161} INFO - Started process (PID=987) to work on /home/airflow/.local/lib/python3.8/site-packages/airflow/example_dags/example_python_operator.py
[2024-03-29T11:48:47.844+0000] {processor.py:830} INFO - Processing file /home/airflow/.local/lib/python3.8/site-packages/airflow/example_dags/example_python_operator.py for tasks to queue
[2024-03-29T11:48:47.846+0000] {logging_mixin.py:188} INFO - [2024-03-29T11:48:47.846+0000] {dagbag.py:540} INFO - Filling up the DagBag from /home/airflow/.local/lib/python3.8/site-packages/airflow/example_dags/example_python_operator.py
[2024-03-29T11:48:47.859+0000] {processor.py:840} INFO - DAG(s) 'example_python_operator' retrieved from /home/airflow/.local/lib/python3.8/site-packages/airflow/example_dags/example_python_operator.py
[2024-03-29T11:48:47.884+0000] {logging_mixin.py:188} INFO - [2024-03-29T11:48:47.883+0000] {dag.py:3047} INFO - Sync 1 DAGs
[2024-03-29T11:48:47.902+0000] {logging_mixin.py:188} INFO - [2024-03-29T11:48:47.901+0000] {dag.py:3834} INFO - Setting next_dagrun for example_python_operator to None, run_after=None
[2024-03-29T11:48:47.928+0000] {processor.py:183} INFO - Processing /home/airflow/.local/lib/python3.8/site-packages/airflow/example_dags/example_python_operator.py took 0.087 seconds
[2024-03-29T11:49:18.067+0000] {processor.py:161} INFO - Started process (PID=1042) to work on /home/airflow/.local/lib/python3.8/site-packages/airflow/example_dags/example_python_operator.py
[2024-03-29T11:49:18.068+0000] {processor.py:830} INFO - Processing file /home/airflow/.local/lib/python3.8/site-packages/airflow/example_dags/example_python_operator.py for tasks to queue
[2024-03-29T11:49:18.070+0000] {logging_mixin.py:188} INFO - [2024-03-29T11:49:18.070+0000] {dagbag.py:540} INFO - Filling up the DagBag from /home/airflow/.local/lib/python3.8/site-packages/airflow/example_dags/example_python_operator.py
[2024-03-29T11:49:18.103+0000] {processor.py:840} INFO - DAG(s) 'example_python_operator' retrieved from /home/airflow/.local/lib/python3.8/site-packages/airflow/example_dags/example_python_operator.py
[2024-03-29T11:49:18.142+0000] {logging_mixin.py:188} INFO - [2024-03-29T11:49:18.141+0000] {dag.py:3047} INFO - Sync 1 DAGs
[2024-03-29T11:49:18.161+0000] {logging_mixin.py:188} INFO - [2024-03-29T11:49:18.161+0000] {dag.py:3834} INFO - Setting next_dagrun for example_python_operator to None, run_after=None
[2024-03-29T11:49:18.183+0000] {processor.py:183} INFO - Processing /home/airflow/.local/lib/python3.8/site-packages/airflow/example_dags/example_python_operator.py took 0.119 seconds
[2024-03-29T11:49:48.616+0000] {processor.py:161} INFO - Started process (PID=1097) to work on /home/airflow/.local/lib/python3.8/site-packages/airflow/example_dags/example_python_operator.py
[2024-03-29T11:49:48.617+0000] {processor.py:830} INFO - Processing file /home/airflow/.local/lib/python3.8/site-packages/airflow/example_dags/example_python_operator.py for tasks to queue
[2024-03-29T11:49:48.619+0000] {logging_mixin.py:188} INFO - [2024-03-29T11:49:48.619+0000] {dagbag.py:540} INFO - Filling up the DagBag from /home/airflow/.local/lib/python3.8/site-packages/airflow/example_dags/example_python_operator.py
[2024-03-29T11:49:48.630+0000] {processor.py:840} INFO - DAG(s) 'example_python_operator' retrieved from /home/airflow/.local/lib/python3.8/site-packages/airflow/example_dags/example_python_operator.py
[2024-03-29T11:49:48.652+0000] {logging_mixin.py:188} INFO - [2024-03-29T11:49:48.651+0000] {dag.py:3047} INFO - Sync 1 DAGs
[2024-03-29T11:49:48.669+0000] {logging_mixin.py:188} INFO - [2024-03-29T11:49:48.669+0000] {dag.py:3834} INFO - Setting next_dagrun for example_python_operator to None, run_after=None
[2024-03-29T11:49:48.722+0000] {processor.py:183} INFO - Processing /home/airflow/.local/lib/python3.8/site-packages/airflow/example_dags/example_python_operator.py took 0.108 seconds
[2024-03-29T11:50:18.940+0000] {processor.py:161} INFO - Started process (PID=1153) to work on /home/airflow/.local/lib/python3.8/site-packages/airflow/example_dags/example_python_operator.py
[2024-03-29T11:50:18.942+0000] {processor.py:830} INFO - Processing file /home/airflow/.local/lib/python3.8/site-packages/airflow/example_dags/example_python_operator.py for tasks to queue
[2024-03-29T11:50:18.944+0000] {logging_mixin.py:188} INFO - [2024-03-29T11:50:18.944+0000] {dagbag.py:540} INFO - Filling up the DagBag from /home/airflow/.local/lib/python3.8/site-packages/airflow/example_dags/example_python_operator.py
[2024-03-29T11:50:18.958+0000] {processor.py:840} INFO - DAG(s) 'example_python_operator' retrieved from /home/airflow/.local/lib/python3.8/site-packages/airflow/example_dags/example_python_operator.py
[2024-03-29T11:50:18.985+0000] {logging_mixin.py:188} INFO - [2024-03-29T11:50:18.985+0000] {dag.py:3047} INFO - Sync 1 DAGs
[2024-03-29T11:50:19.000+0000] {logging_mixin.py:188} INFO - [2024-03-29T11:50:19.000+0000] {dag.py:3834} INFO - Setting next_dagrun for example_python_operator to None, run_after=None
[2024-03-29T11:50:19.040+0000] {processor.py:183} INFO - Processing /home/airflow/.local/lib/python3.8/site-packages/airflow/example_dags/example_python_operator.py took 0.103 seconds
[2024-03-29T11:50:49.673+0000] {processor.py:161} INFO - Started process (PID=1215) to work on /home/airflow/.local/lib/python3.8/site-packages/airflow/example_dags/example_python_operator.py
[2024-03-29T11:50:49.674+0000] {processor.py:830} INFO - Processing file /home/airflow/.local/lib/python3.8/site-packages/airflow/example_dags/example_python_operator.py for tasks to queue
[2024-03-29T11:50:49.676+0000] {logging_mixin.py:188} INFO - [2024-03-29T11:50:49.676+0000] {dagbag.py:540} INFO - Filling up the DagBag from /home/airflow/.local/lib/python3.8/site-packages/airflow/example_dags/example_python_operator.py
[2024-03-29T11:50:49.690+0000] {processor.py:840} INFO - DAG(s) 'example_python_operator' retrieved from /home/airflow/.local/lib/python3.8/site-packages/airflow/example_dags/example_python_operator.py
[2024-03-29T11:50:49.731+0000] {logging_mixin.py:188} INFO - [2024-03-29T11:50:49.731+0000] {dag.py:3047} INFO - Sync 1 DAGs
[2024-03-29T11:50:49.744+0000] {logging_mixin.py:188} INFO - [2024-03-29T11:50:49.744+0000] {dag.py:3834} INFO - Setting next_dagrun for example_python_operator to None, run_after=None
[2024-03-29T11:50:49.804+0000] {processor.py:183} INFO - Processing /home/airflow/.local/lib/python3.8/site-packages/airflow/example_dags/example_python_operator.py took 0.135 seconds
[2024-03-29T11:51:20.705+0000] {processor.py:161} INFO - Started process (PID=1271) to work on /home/airflow/.local/lib/python3.8/site-packages/airflow/example_dags/example_python_operator.py
[2024-03-29T11:51:20.706+0000] {processor.py:830} INFO - Processing file /home/airflow/.local/lib/python3.8/site-packages/airflow/example_dags/example_python_operator.py for tasks to queue
[2024-03-29T11:51:20.707+0000] {logging_mixin.py:188} INFO - [2024-03-29T11:51:20.707+0000] {dagbag.py:540} INFO - Filling up the DagBag from /home/airflow/.local/lib/python3.8/site-packages/airflow/example_dags/example_python_operator.py
[2024-03-29T11:51:20.718+0000] {processor.py:840} INFO - DAG(s) 'example_python_operator' retrieved from /home/airflow/.local/lib/python3.8/site-packages/airflow/example_dags/example_python_operator.py
[2024-03-29T11:51:20.742+0000] {logging_mixin.py:188} INFO - [2024-03-29T11:51:20.741+0000] {dag.py:3047} INFO - Sync 1 DAGs
[2024-03-29T11:51:20.754+0000] {logging_mixin.py:188} INFO - [2024-03-29T11:51:20.753+0000] {dag.py:3834} INFO - Setting next_dagrun for example_python_operator to None, run_after=None
[2024-03-29T11:51:20.779+0000] {processor.py:183} INFO - Processing /home/airflow/.local/lib/python3.8/site-packages/airflow/example_dags/example_python_operator.py took 0.077 seconds
[2024-03-29T11:51:50.999+0000] {processor.py:161} INFO - Started process (PID=1327) to work on /home/airflow/.local/lib/python3.8/site-packages/airflow/example_dags/example_python_operator.py
[2024-03-29T11:51:51.001+0000] {processor.py:830} INFO - Processing file /home/airflow/.local/lib/python3.8/site-packages/airflow/example_dags/example_python_operator.py for tasks to queue
[2024-03-29T11:51:51.006+0000] {logging_mixin.py:188} INFO - [2024-03-29T11:51:51.005+0000] {dagbag.py:540} INFO - Filling up the DagBag from /home/airflow/.local/lib/python3.8/site-packages/airflow/example_dags/example_python_operator.py
[2024-03-29T11:51:51.019+0000] {processor.py:840} INFO - DAG(s) 'example_python_operator' retrieved from /home/airflow/.local/lib/python3.8/site-packages/airflow/example_dags/example_python_operator.py
[2024-03-29T11:51:51.052+0000] {logging_mixin.py:188} INFO - [2024-03-29T11:51:51.051+0000] {dag.py:3047} INFO - Sync 1 DAGs
[2024-03-29T11:51:51.067+0000] {logging_mixin.py:188} INFO - [2024-03-29T11:51:51.067+0000] {dag.py:3834} INFO - Setting next_dagrun for example_python_operator to None, run_after=None
[2024-03-29T11:51:51.092+0000] {processor.py:183} INFO - Processing /home/airflow/.local/lib/python3.8/site-packages/airflow/example_dags/example_python_operator.py took 0.098 seconds
[2024-03-29T11:52:21.252+0000] {processor.py:161} INFO - Started process (PID=1383) to work on /home/airflow/.local/lib/python3.8/site-packages/airflow/example_dags/example_python_operator.py
[2024-03-29T11:52:21.253+0000] {processor.py:830} INFO - Processing file /home/airflow/.local/lib/python3.8/site-packages/airflow/example_dags/example_python_operator.py for tasks to queue
[2024-03-29T11:52:21.257+0000] {logging_mixin.py:188} INFO - [2024-03-29T11:52:21.256+0000] {dagbag.py:540} INFO - Filling up the DagBag from /home/airflow/.local/lib/python3.8/site-packages/airflow/example_dags/example_python_operator.py
[2024-03-29T11:52:21.269+0000] {processor.py:840} INFO - DAG(s) 'example_python_operator' retrieved from /home/airflow/.local/lib/python3.8/site-packages/airflow/example_dags/example_python_operator.py
[2024-03-29T11:52:21.308+0000] {logging_mixin.py:188} INFO - [2024-03-29T11:52:21.307+0000] {dag.py:3047} INFO - Sync 1 DAGs
[2024-03-29T11:52:21.322+0000] {logging_mixin.py:188} INFO - [2024-03-29T11:52:21.321+0000] {dag.py:3834} INFO - Setting next_dagrun for example_python_operator to None, run_after=None
[2024-03-29T11:52:21.347+0000] {processor.py:183} INFO - Processing /home/airflow/.local/lib/python3.8/site-packages/airflow/example_dags/example_python_operator.py took 0.100 seconds
[2024-03-29T11:52:51.961+0000] {processor.py:161} INFO - Started process (PID=1439) to work on /home/airflow/.local/lib/python3.8/site-packages/airflow/example_dags/example_python_operator.py
[2024-03-29T11:52:51.962+0000] {processor.py:830} INFO - Processing file /home/airflow/.local/lib/python3.8/site-packages/airflow/example_dags/example_python_operator.py for tasks to queue
[2024-03-29T11:52:51.967+0000] {logging_mixin.py:188} INFO - [2024-03-29T11:52:51.966+0000] {dagbag.py:540} INFO - Filling up the DagBag from /home/airflow/.local/lib/python3.8/site-packages/airflow/example_dags/example_python_operator.py
[2024-03-29T11:52:51.982+0000] {processor.py:840} INFO - DAG(s) 'example_python_operator' retrieved from /home/airflow/.local/lib/python3.8/site-packages/airflow/example_dags/example_python_operator.py
[2024-03-29T11:52:52.020+0000] {logging_mixin.py:188} INFO - [2024-03-29T11:52:52.019+0000] {dag.py:3047} INFO - Sync 1 DAGs
[2024-03-29T11:52:52.040+0000] {logging_mixin.py:188} INFO - [2024-03-29T11:52:52.040+0000] {dag.py:3834} INFO - Setting next_dagrun for example_python_operator to None, run_after=None
[2024-03-29T11:52:52.083+0000] {processor.py:183} INFO - Processing /home/airflow/.local/lib/python3.8/site-packages/airflow/example_dags/example_python_operator.py took 0.126 seconds
[2024-03-29T11:53:22.224+0000] {processor.py:161} INFO - Started process (PID=1496) to work on /home/airflow/.local/lib/python3.8/site-packages/airflow/example_dags/example_python_operator.py
[2024-03-29T11:53:22.225+0000] {processor.py:830} INFO - Processing file /home/airflow/.local/lib/python3.8/site-packages/airflow/example_dags/example_python_operator.py for tasks to queue
[2024-03-29T11:53:22.227+0000] {logging_mixin.py:188} INFO - [2024-03-29T11:53:22.227+0000] {dagbag.py:540} INFO - Filling up the DagBag from /home/airflow/.local/lib/python3.8/site-packages/airflow/example_dags/example_python_operator.py
[2024-03-29T11:53:22.240+0000] {processor.py:840} INFO - DAG(s) 'example_python_operator' retrieved from /home/airflow/.local/lib/python3.8/site-packages/airflow/example_dags/example_python_operator.py
[2024-03-29T11:53:22.271+0000] {logging_mixin.py:188} INFO - [2024-03-29T11:53:22.270+0000] {dag.py:3047} INFO - Sync 1 DAGs
[2024-03-29T11:53:22.284+0000] {logging_mixin.py:188} INFO - [2024-03-29T11:53:22.284+0000] {dag.py:3834} INFO - Setting next_dagrun for example_python_operator to None, run_after=None
[2024-03-29T11:53:22.313+0000] {processor.py:183} INFO - Processing /home/airflow/.local/lib/python3.8/site-packages/airflow/example_dags/example_python_operator.py took 0.092 seconds
[2024-03-29T11:53:52.447+0000] {processor.py:161} INFO - Started process (PID=1552) to work on /home/airflow/.local/lib/python3.8/site-packages/airflow/example_dags/example_python_operator.py
[2024-03-29T11:53:52.448+0000] {processor.py:830} INFO - Processing file /home/airflow/.local/lib/python3.8/site-packages/airflow/example_dags/example_python_operator.py for tasks to queue
[2024-03-29T11:53:52.449+0000] {logging_mixin.py:188} INFO - [2024-03-29T11:53:52.449+0000] {dagbag.py:540} INFO - Filling up the DagBag from /home/airflow/.local/lib/python3.8/site-packages/airflow/example_dags/example_python_operator.py
[2024-03-29T11:53:52.464+0000] {processor.py:840} INFO - DAG(s) 'example_python_operator' retrieved from /home/airflow/.local/lib/python3.8/site-packages/airflow/example_dags/example_python_operator.py
[2024-03-29T11:53:52.511+0000] {logging_mixin.py:188} INFO - [2024-03-29T11:53:52.511+0000] {dag.py:3047} INFO - Sync 1 DAGs
[2024-03-29T11:53:52.532+0000] {logging_mixin.py:188} INFO - [2024-03-29T11:53:52.531+0000] {dag.py:3834} INFO - Setting next_dagrun for example_python_operator to None, run_after=None
[2024-03-29T11:53:52.566+0000] {processor.py:183} INFO - Processing /home/airflow/.local/lib/python3.8/site-packages/airflow/example_dags/example_python_operator.py took 0.121 seconds
[2024-03-29T11:54:23.252+0000] {processor.py:161} INFO - Started process (PID=1608) to work on /home/airflow/.local/lib/python3.8/site-packages/airflow/example_dags/example_python_operator.py
[2024-03-29T11:54:23.253+0000] {processor.py:830} INFO - Processing file /home/airflow/.local/lib/python3.8/site-packages/airflow/example_dags/example_python_operator.py for tasks to queue
[2024-03-29T11:54:23.255+0000] {logging_mixin.py:188} INFO - [2024-03-29T11:54:23.255+0000] {dagbag.py:540} INFO - Filling up the DagBag from /home/airflow/.local/lib/python3.8/site-packages/airflow/example_dags/example_python_operator.py
[2024-03-29T11:54:23.267+0000] {processor.py:840} INFO - DAG(s) 'example_python_operator' retrieved from /home/airflow/.local/lib/python3.8/site-packages/airflow/example_dags/example_python_operator.py
[2024-03-29T11:54:23.291+0000] {logging_mixin.py:188} INFO - [2024-03-29T11:54:23.290+0000] {dag.py:3047} INFO - Sync 1 DAGs
[2024-03-29T11:54:23.304+0000] {logging_mixin.py:188} INFO - [2024-03-29T11:54:23.304+0000] {dag.py:3834} INFO - Setting next_dagrun for example_python_operator to None, run_after=None
[2024-03-29T11:54:23.337+0000] {processor.py:183} INFO - Processing /home/airflow/.local/lib/python3.8/site-packages/airflow/example_dags/example_python_operator.py took 0.089 seconds
[2024-03-29T11:54:53.931+0000] {processor.py:161} INFO - Started process (PID=1664) to work on /home/airflow/.local/lib/python3.8/site-packages/airflow/example_dags/example_python_operator.py
[2024-03-29T11:54:53.932+0000] {processor.py:830} INFO - Processing file /home/airflow/.local/lib/python3.8/site-packages/airflow/example_dags/example_python_operator.py for tasks to queue
[2024-03-29T11:54:53.934+0000] {logging_mixin.py:188} INFO - [2024-03-29T11:54:53.933+0000] {dagbag.py:540} INFO - Filling up the DagBag from /home/airflow/.local/lib/python3.8/site-packages/airflow/example_dags/example_python_operator.py
[2024-03-29T11:54:53.944+0000] {processor.py:840} INFO - DAG(s) 'example_python_operator' retrieved from /home/airflow/.local/lib/python3.8/site-packages/airflow/example_dags/example_python_operator.py
[2024-03-29T11:54:53.970+0000] {logging_mixin.py:188} INFO - [2024-03-29T11:54:53.970+0000] {dag.py:3047} INFO - Sync 1 DAGs
[2024-03-29T11:54:53.982+0000] {logging_mixin.py:188} INFO - [2024-03-29T11:54:53.981+0000] {dag.py:3834} INFO - Setting next_dagrun for example_python_operator to None, run_after=None
[2024-03-29T11:54:54.004+0000] {processor.py:183} INFO - Processing /home/airflow/.local/lib/python3.8/site-packages/airflow/example_dags/example_python_operator.py took 0.076 seconds
[2024-03-29T11:55:24.689+0000] {processor.py:161} INFO - Started process (PID=1721) to work on /home/airflow/.local/lib/python3.8/site-packages/airflow/example_dags/example_python_operator.py
[2024-03-29T11:55:24.690+0000] {processor.py:830} INFO - Processing file /home/airflow/.local/lib/python3.8/site-packages/airflow/example_dags/example_python_operator.py for tasks to queue
[2024-03-29T11:55:24.692+0000] {logging_mixin.py:188} INFO - [2024-03-29T11:55:24.692+0000] {dagbag.py:540} INFO - Filling up the DagBag from /home/airflow/.local/lib/python3.8/site-packages/airflow/example_dags/example_python_operator.py
[2024-03-29T11:55:24.711+0000] {processor.py:840} INFO - DAG(s) 'example_python_operator' retrieved from /home/airflow/.local/lib/python3.8/site-packages/airflow/example_dags/example_python_operator.py
[2024-03-29T11:55:24.755+0000] {logging_mixin.py:188} INFO - [2024-03-29T11:55:24.753+0000] {dag.py:3047} INFO - Sync 1 DAGs
[2024-03-29T11:55:24.797+0000] {logging_mixin.py:188} INFO - [2024-03-29T11:55:24.797+0000] {dag.py:3834} INFO - Setting next_dagrun for example_python_operator to None, run_after=None
[2024-03-29T11:55:24.820+0000] {processor.py:183} INFO - Processing /home/airflow/.local/lib/python3.8/site-packages/airflow/example_dags/example_python_operator.py took 0.138 seconds
[2024-03-29T11:55:55.311+0000] {processor.py:161} INFO - Started process (PID=1777) to work on /home/airflow/.local/lib/python3.8/site-packages/airflow/example_dags/example_python_operator.py
[2024-03-29T11:55:55.312+0000] {processor.py:830} INFO - Processing file /home/airflow/.local/lib/python3.8/site-packages/airflow/example_dags/example_python_operator.py for tasks to queue
[2024-03-29T11:55:55.315+0000] {logging_mixin.py:188} INFO - [2024-03-29T11:55:55.314+0000] {dagbag.py:540} INFO - Filling up the DagBag from /home/airflow/.local/lib/python3.8/site-packages/airflow/example_dags/example_python_operator.py
[2024-03-29T11:55:55.330+0000] {processor.py:840} INFO - DAG(s) 'example_python_operator' retrieved from /home/airflow/.local/lib/python3.8/site-packages/airflow/example_dags/example_python_operator.py
[2024-03-29T11:55:55.365+0000] {logging_mixin.py:188} INFO - [2024-03-29T11:55:55.364+0000] {dag.py:3047} INFO - Sync 1 DAGs
[2024-03-29T11:55:55.395+0000] {logging_mixin.py:188} INFO - [2024-03-29T11:55:55.394+0000] {dag.py:3834} INFO - Setting next_dagrun for example_python_operator to None, run_after=None
[2024-03-29T11:55:55.422+0000] {processor.py:183} INFO - Processing /home/airflow/.local/lib/python3.8/site-packages/airflow/example_dags/example_python_operator.py took 0.114 seconds
[2024-03-29T11:56:25.750+0000] {processor.py:161} INFO - Started process (PID=1834) to work on /home/airflow/.local/lib/python3.8/site-packages/airflow/example_dags/example_python_operator.py
[2024-03-29T11:56:25.751+0000] {processor.py:830} INFO - Processing file /home/airflow/.local/lib/python3.8/site-packages/airflow/example_dags/example_python_operator.py for tasks to queue
[2024-03-29T11:56:25.753+0000] {logging_mixin.py:188} INFO - [2024-03-29T11:56:25.753+0000] {dagbag.py:540} INFO - Filling up the DagBag from /home/airflow/.local/lib/python3.8/site-packages/airflow/example_dags/example_python_operator.py
[2024-03-29T11:56:25.764+0000] {processor.py:840} INFO - DAG(s) 'example_python_operator' retrieved from /home/airflow/.local/lib/python3.8/site-packages/airflow/example_dags/example_python_operator.py
[2024-03-29T11:56:25.796+0000] {logging_mixin.py:188} INFO - [2024-03-29T11:56:25.795+0000] {dag.py:3047} INFO - Sync 1 DAGs
[2024-03-29T11:56:25.810+0000] {logging_mixin.py:188} INFO - [2024-03-29T11:56:25.810+0000] {dag.py:3834} INFO - Setting next_dagrun for example_python_operator to None, run_after=None
[2024-03-29T11:56:25.835+0000] {processor.py:183} INFO - Processing /home/airflow/.local/lib/python3.8/site-packages/airflow/example_dags/example_python_operator.py took 0.088 seconds
[2024-03-29T11:56:56.215+0000] {processor.py:161} INFO - Started process (PID=1891) to work on /home/airflow/.local/lib/python3.8/site-packages/airflow/example_dags/example_python_operator.py
[2024-03-29T11:56:56.217+0000] {processor.py:830} INFO - Processing file /home/airflow/.local/lib/python3.8/site-packages/airflow/example_dags/example_python_operator.py for tasks to queue
[2024-03-29T11:56:56.219+0000] {logging_mixin.py:188} INFO - [2024-03-29T11:56:56.218+0000] {dagbag.py:540} INFO - Filling up the DagBag from /home/airflow/.local/lib/python3.8/site-packages/airflow/example_dags/example_python_operator.py
[2024-03-29T11:56:56.229+0000] {processor.py:840} INFO - DAG(s) 'example_python_operator' retrieved from /home/airflow/.local/lib/python3.8/site-packages/airflow/example_dags/example_python_operator.py
[2024-03-29T11:56:56.250+0000] {logging_mixin.py:188} INFO - [2024-03-29T11:56:56.249+0000] {dag.py:3047} INFO - Sync 1 DAGs
[2024-03-29T11:56:56.264+0000] {logging_mixin.py:188} INFO - [2024-03-29T11:56:56.264+0000] {dag.py:3834} INFO - Setting next_dagrun for example_python_operator to None, run_after=None
[2024-03-29T11:56:56.289+0000] {processor.py:183} INFO - Processing /home/airflow/.local/lib/python3.8/site-packages/airflow/example_dags/example_python_operator.py took 0.078 seconds
[2024-03-29T11:57:26.847+0000] {processor.py:161} INFO - Started process (PID=1947) to work on /home/airflow/.local/lib/python3.8/site-packages/airflow/example_dags/example_python_operator.py
[2024-03-29T11:57:26.848+0000] {processor.py:830} INFO - Processing file /home/airflow/.local/lib/python3.8/site-packages/airflow/example_dags/example_python_operator.py for tasks to queue
[2024-03-29T11:57:26.851+0000] {logging_mixin.py:188} INFO - [2024-03-29T11:57:26.850+0000] {dagbag.py:540} INFO - Filling up the DagBag from /home/airflow/.local/lib/python3.8/site-packages/airflow/example_dags/example_python_operator.py
[2024-03-29T11:57:26.860+0000] {processor.py:840} INFO - DAG(s) 'example_python_operator' retrieved from /home/airflow/.local/lib/python3.8/site-packages/airflow/example_dags/example_python_operator.py
[2024-03-29T11:57:26.882+0000] {logging_mixin.py:188} INFO - [2024-03-29T11:57:26.881+0000] {dag.py:3047} INFO - Sync 1 DAGs
[2024-03-29T11:57:26.895+0000] {logging_mixin.py:188} INFO - [2024-03-29T11:57:26.894+0000] {dag.py:3834} INFO - Setting next_dagrun for example_python_operator to None, run_after=None
[2024-03-29T11:57:26.922+0000] {processor.py:183} INFO - Processing /home/airflow/.local/lib/python3.8/site-packages/airflow/example_dags/example_python_operator.py took 0.078 seconds
[2024-03-29T11:57:57.165+0000] {processor.py:161} INFO - Started process (PID=2003) to work on /home/airflow/.local/lib/python3.8/site-packages/airflow/example_dags/example_python_operator.py
[2024-03-29T11:57:57.167+0000] {processor.py:830} INFO - Processing file /home/airflow/.local/lib/python3.8/site-packages/airflow/example_dags/example_python_operator.py for tasks to queue
[2024-03-29T11:57:57.170+0000] {logging_mixin.py:188} INFO - [2024-03-29T11:57:57.170+0000] {dagbag.py:540} INFO - Filling up the DagBag from /home/airflow/.local/lib/python3.8/site-packages/airflow/example_dags/example_python_operator.py
[2024-03-29T11:57:57.181+0000] {processor.py:840} INFO - DAG(s) 'example_python_operator' retrieved from /home/airflow/.local/lib/python3.8/site-packages/airflow/example_dags/example_python_operator.py
[2024-03-29T11:57:57.203+0000] {logging_mixin.py:188} INFO - [2024-03-29T11:57:57.202+0000] {dag.py:3047} INFO - Sync 1 DAGs
[2024-03-29T11:57:57.214+0000] {logging_mixin.py:188} INFO - [2024-03-29T11:57:57.213+0000] {dag.py:3834} INFO - Setting next_dagrun for example_python_operator to None, run_after=None
[2024-03-29T11:57:57.230+0000] {processor.py:183} INFO - Processing /home/airflow/.local/lib/python3.8/site-packages/airflow/example_dags/example_python_operator.py took 0.068 seconds
[2024-03-29T11:58:27.465+0000] {processor.py:161} INFO - Started process (PID=2058) to work on /home/airflow/.local/lib/python3.8/site-packages/airflow/example_dags/example_python_operator.py
[2024-03-29T11:58:27.467+0000] {processor.py:830} INFO - Processing file /home/airflow/.local/lib/python3.8/site-packages/airflow/example_dags/example_python_operator.py for tasks to queue
[2024-03-29T11:58:27.469+0000] {logging_mixin.py:188} INFO - [2024-03-29T11:58:27.469+0000] {dagbag.py:540} INFO - Filling up the DagBag from /home/airflow/.local/lib/python3.8/site-packages/airflow/example_dags/example_python_operator.py
[2024-03-29T11:58:27.479+0000] {processor.py:840} INFO - DAG(s) 'example_python_operator' retrieved from /home/airflow/.local/lib/python3.8/site-packages/airflow/example_dags/example_python_operator.py
[2024-03-29T11:58:27.506+0000] {logging_mixin.py:188} INFO - [2024-03-29T11:58:27.505+0000] {dag.py:3047} INFO - Sync 1 DAGs
[2024-03-29T11:58:27.522+0000] {logging_mixin.py:188} INFO - [2024-03-29T11:58:27.522+0000] {dag.py:3834} INFO - Setting next_dagrun for example_python_operator to None, run_after=None
[2024-03-29T11:58:27.542+0000] {processor.py:183} INFO - Processing /home/airflow/.local/lib/python3.8/site-packages/airflow/example_dags/example_python_operator.py took 0.082 seconds
[2024-03-29T11:58:58.212+0000] {processor.py:161} INFO - Started process (PID=2114) to work on /home/airflow/.local/lib/python3.8/site-packages/airflow/example_dags/example_python_operator.py
[2024-03-29T11:58:58.213+0000] {processor.py:830} INFO - Processing file /home/airflow/.local/lib/python3.8/site-packages/airflow/example_dags/example_python_operator.py for tasks to queue
[2024-03-29T11:58:58.216+0000] {logging_mixin.py:188} INFO - [2024-03-29T11:58:58.215+0000] {dagbag.py:540} INFO - Filling up the DagBag from /home/airflow/.local/lib/python3.8/site-packages/airflow/example_dags/example_python_operator.py
[2024-03-29T11:58:58.226+0000] {processor.py:840} INFO - DAG(s) 'example_python_operator' retrieved from /home/airflow/.local/lib/python3.8/site-packages/airflow/example_dags/example_python_operator.py
[2024-03-29T11:58:58.254+0000] {logging_mixin.py:188} INFO - [2024-03-29T11:58:58.254+0000] {dag.py:3047} INFO - Sync 1 DAGs
[2024-03-29T11:58:58.278+0000] {logging_mixin.py:188} INFO - [2024-03-29T11:58:58.277+0000] {dag.py:3834} INFO - Setting next_dagrun for example_python_operator to None, run_after=None
[2024-03-29T11:58:58.320+0000] {processor.py:183} INFO - Processing /home/airflow/.local/lib/python3.8/site-packages/airflow/example_dags/example_python_operator.py took 0.112 seconds
[2024-03-29T11:59:28.459+0000] {processor.py:161} INFO - Started process (PID=2170) to work on /home/airflow/.local/lib/python3.8/site-packages/airflow/example_dags/example_python_operator.py
[2024-03-29T11:59:28.460+0000] {processor.py:830} INFO - Processing file /home/airflow/.local/lib/python3.8/site-packages/airflow/example_dags/example_python_operator.py for tasks to queue
[2024-03-29T11:59:28.463+0000] {logging_mixin.py:188} INFO - [2024-03-29T11:59:28.462+0000] {dagbag.py:540} INFO - Filling up the DagBag from /home/airflow/.local/lib/python3.8/site-packages/airflow/example_dags/example_python_operator.py
[2024-03-29T11:59:28.484+0000] {processor.py:840} INFO - DAG(s) 'example_python_operator' retrieved from /home/airflow/.local/lib/python3.8/site-packages/airflow/example_dags/example_python_operator.py
[2024-03-29T11:59:28.528+0000] {logging_mixin.py:188} INFO - [2024-03-29T11:59:28.528+0000] {dag.py:3047} INFO - Sync 1 DAGs
[2024-03-29T11:59:28.554+0000] {logging_mixin.py:188} INFO - [2024-03-29T11:59:28.554+0000] {dag.py:3834} INFO - Setting next_dagrun for example_python_operator to None, run_after=None
[2024-03-29T11:59:28.596+0000] {processor.py:183} INFO - Processing /home/airflow/.local/lib/python3.8/site-packages/airflow/example_dags/example_python_operator.py took 0.142 seconds
