[2024-03-29T11:24:43.357+0000] {processor.py:161} INFO - Started process (PID=81) to work on /home/airflow/.local/lib/python3.8/site-packages/airflow/example_dags/example_branch_python_dop_operator_3.py
[2024-03-29T11:24:43.362+0000] {processor.py:830} INFO - Processing file /home/airflow/.local/lib/python3.8/site-packages/airflow/example_dags/example_branch_python_dop_operator_3.py for tasks to queue
[2024-03-29T11:24:43.367+0000] {logging_mixin.py:188} INFO - [2024-03-29T11:24:43.367+0000] {dagbag.py:540} INFO - Filling up the DagBag from /home/airflow/.local/lib/python3.8/site-packages/airflow/example_dags/example_branch_python_dop_operator_3.py
[2024-03-29T11:24:43.399+0000] {processor.py:840} INFO - DAG(s) 'example_branch_dop_operator_v3' retrieved from /home/airflow/.local/lib/python3.8/site-packages/airflow/example_dags/example_branch_python_dop_operator_3.py
[2024-03-29T11:24:43.438+0000] {logging_mixin.py:188} INFO - [2024-03-29T11:24:43.437+0000] {dag.py:3047} INFO - Sync 1 DAGs
[2024-03-29T11:24:43.553+0000] {logging_mixin.py:188} INFO - [2024-03-29T11:24:43.553+0000] {dag.py:3834} INFO - Setting next_dagrun for example_branch_dop_operator_v3 to 2024-03-29 11:23:00+00:00, run_after=2024-03-29 11:24:00+00:00
[2024-03-29T11:24:43.618+0000] {processor.py:183} INFO - Processing /home/airflow/.local/lib/python3.8/site-packages/airflow/example_dags/example_branch_python_dop_operator_3.py took 0.271 seconds
[2024-03-29T11:25:13.799+0000] {processor.py:161} INFO - Started process (PID=136) to work on /home/airflow/.local/lib/python3.8/site-packages/airflow/example_dags/example_branch_python_dop_operator_3.py
[2024-03-29T11:25:13.800+0000] {processor.py:830} INFO - Processing file /home/airflow/.local/lib/python3.8/site-packages/airflow/example_dags/example_branch_python_dop_operator_3.py for tasks to queue
[2024-03-29T11:25:13.801+0000] {logging_mixin.py:188} INFO - [2024-03-29T11:25:13.801+0000] {dagbag.py:540} INFO - Filling up the DagBag from /home/airflow/.local/lib/python3.8/site-packages/airflow/example_dags/example_branch_python_dop_operator_3.py
[2024-03-29T11:25:13.813+0000] {processor.py:840} INFO - DAG(s) 'example_branch_dop_operator_v3' retrieved from /home/airflow/.local/lib/python3.8/site-packages/airflow/example_dags/example_branch_python_dop_operator_3.py
[2024-03-29T11:25:13.938+0000] {logging_mixin.py:188} INFO - [2024-03-29T11:25:13.938+0000] {dag.py:3047} INFO - Sync 1 DAGs
[2024-03-29T11:25:13.974+0000] {logging_mixin.py:188} INFO - [2024-03-29T11:25:13.974+0000] {dag.py:3834} INFO - Setting next_dagrun for example_branch_dop_operator_v3 to 2024-03-29 11:24:00+00:00, run_after=2024-03-29 11:25:00+00:00
[2024-03-29T11:25:14.002+0000] {processor.py:183} INFO - Processing /home/airflow/.local/lib/python3.8/site-packages/airflow/example_dags/example_branch_python_dop_operator_3.py took 0.206 seconds
[2024-03-29T11:25:44.745+0000] {processor.py:161} INFO - Started process (PID=193) to work on /home/airflow/.local/lib/python3.8/site-packages/airflow/example_dags/example_branch_python_dop_operator_3.py
[2024-03-29T11:25:44.746+0000] {processor.py:830} INFO - Processing file /home/airflow/.local/lib/python3.8/site-packages/airflow/example_dags/example_branch_python_dop_operator_3.py for tasks to queue
[2024-03-29T11:25:44.749+0000] {logging_mixin.py:188} INFO - [2024-03-29T11:25:44.748+0000] {dagbag.py:540} INFO - Filling up the DagBag from /home/airflow/.local/lib/python3.8/site-packages/airflow/example_dags/example_branch_python_dop_operator_3.py
[2024-03-29T11:25:44.758+0000] {processor.py:840} INFO - DAG(s) 'example_branch_dop_operator_v3' retrieved from /home/airflow/.local/lib/python3.8/site-packages/airflow/example_dags/example_branch_python_dop_operator_3.py
[2024-03-29T11:25:44.783+0000] {logging_mixin.py:188} INFO - [2024-03-29T11:25:44.782+0000] {dag.py:3047} INFO - Sync 1 DAGs
[2024-03-29T11:25:44.820+0000] {logging_mixin.py:188} INFO - [2024-03-29T11:25:44.820+0000] {dag.py:3834} INFO - Setting next_dagrun for example_branch_dop_operator_v3 to 2024-03-29 11:24:00+00:00, run_after=2024-03-29 11:25:00+00:00
[2024-03-29T11:25:44.846+0000] {processor.py:183} INFO - Processing /home/airflow/.local/lib/python3.8/site-packages/airflow/example_dags/example_branch_python_dop_operator_3.py took 0.104 seconds
[2024-03-29T11:26:15.127+0000] {processor.py:161} INFO - Started process (PID=248) to work on /home/airflow/.local/lib/python3.8/site-packages/airflow/example_dags/example_branch_python_dop_operator_3.py
[2024-03-29T11:26:15.128+0000] {processor.py:830} INFO - Processing file /home/airflow/.local/lib/python3.8/site-packages/airflow/example_dags/example_branch_python_dop_operator_3.py for tasks to queue
[2024-03-29T11:26:15.130+0000] {logging_mixin.py:188} INFO - [2024-03-29T11:26:15.130+0000] {dagbag.py:540} INFO - Filling up the DagBag from /home/airflow/.local/lib/python3.8/site-packages/airflow/example_dags/example_branch_python_dop_operator_3.py
[2024-03-29T11:26:15.138+0000] {processor.py:840} INFO - DAG(s) 'example_branch_dop_operator_v3' retrieved from /home/airflow/.local/lib/python3.8/site-packages/airflow/example_dags/example_branch_python_dop_operator_3.py
[2024-03-29T11:26:15.160+0000] {logging_mixin.py:188} INFO - [2024-03-29T11:26:15.159+0000] {dag.py:3047} INFO - Sync 1 DAGs
[2024-03-29T11:26:15.187+0000] {logging_mixin.py:188} INFO - [2024-03-29T11:26:15.187+0000] {dag.py:3834} INFO - Setting next_dagrun for example_branch_dop_operator_v3 to 2024-03-29 11:25:00+00:00, run_after=2024-03-29 11:26:00+00:00
[2024-03-29T11:26:15.214+0000] {processor.py:183} INFO - Processing /home/airflow/.local/lib/python3.8/site-packages/airflow/example_dags/example_branch_python_dop_operator_3.py took 0.091 seconds
[2024-03-29T11:26:45.316+0000] {processor.py:161} INFO - Started process (PID=303) to work on /home/airflow/.local/lib/python3.8/site-packages/airflow/example_dags/example_branch_python_dop_operator_3.py
[2024-03-29T11:26:45.317+0000] {processor.py:830} INFO - Processing file /home/airflow/.local/lib/python3.8/site-packages/airflow/example_dags/example_branch_python_dop_operator_3.py for tasks to queue
[2024-03-29T11:26:45.319+0000] {logging_mixin.py:188} INFO - [2024-03-29T11:26:45.318+0000] {dagbag.py:540} INFO - Filling up the DagBag from /home/airflow/.local/lib/python3.8/site-packages/airflow/example_dags/example_branch_python_dop_operator_3.py
[2024-03-29T11:26:45.329+0000] {processor.py:840} INFO - DAG(s) 'example_branch_dop_operator_v3' retrieved from /home/airflow/.local/lib/python3.8/site-packages/airflow/example_dags/example_branch_python_dop_operator_3.py
[2024-03-29T11:26:45.364+0000] {logging_mixin.py:188} INFO - [2024-03-29T11:26:45.364+0000] {dag.py:3047} INFO - Sync 1 DAGs
[2024-03-29T11:26:45.433+0000] {logging_mixin.py:188} INFO - [2024-03-29T11:26:45.432+0000] {dag.py:3834} INFO - Setting next_dagrun for example_branch_dop_operator_v3 to 2024-03-29 11:25:00+00:00, run_after=2024-03-29 11:26:00+00:00
[2024-03-29T11:26:45.491+0000] {processor.py:183} INFO - Processing /home/airflow/.local/lib/python3.8/site-packages/airflow/example_dags/example_branch_python_dop_operator_3.py took 0.178 seconds
[2024-03-29T11:27:16.950+0000] {processor.py:161} INFO - Started process (PID=360) to work on /home/airflow/.local/lib/python3.8/site-packages/airflow/example_dags/example_branch_python_dop_operator_3.py
[2024-03-29T11:27:16.961+0000] {processor.py:830} INFO - Processing file /home/airflow/.local/lib/python3.8/site-packages/airflow/example_dags/example_branch_python_dop_operator_3.py for tasks to queue
[2024-03-29T11:27:16.963+0000] {logging_mixin.py:188} INFO - [2024-03-29T11:27:16.963+0000] {dagbag.py:540} INFO - Filling up the DagBag from /home/airflow/.local/lib/python3.8/site-packages/airflow/example_dags/example_branch_python_dop_operator_3.py
[2024-03-29T11:27:16.980+0000] {processor.py:840} INFO - DAG(s) 'example_branch_dop_operator_v3' retrieved from /home/airflow/.local/lib/python3.8/site-packages/airflow/example_dags/example_branch_python_dop_operator_3.py
[2024-03-29T11:27:17.037+0000] {logging_mixin.py:188} INFO - [2024-03-29T11:27:17.037+0000] {dag.py:3047} INFO - Sync 1 DAGs
[2024-03-29T11:27:17.082+0000] {logging_mixin.py:188} INFO - [2024-03-29T11:27:17.082+0000] {dag.py:3834} INFO - Setting next_dagrun for example_branch_dop_operator_v3 to 2024-03-29 11:26:00+00:00, run_after=2024-03-29 11:27:00+00:00
[2024-03-29T11:27:17.128+0000] {processor.py:183} INFO - Processing /home/airflow/.local/lib/python3.8/site-packages/airflow/example_dags/example_branch_python_dop_operator_3.py took 0.182 seconds
[2024-03-29T11:28:52.108+0000] {processor.py:161} INFO - Started process (PID=81) to work on /home/airflow/.local/lib/python3.8/site-packages/airflow/example_dags/example_branch_python_dop_operator_3.py
[2024-03-29T11:28:52.116+0000] {processor.py:830} INFO - Processing file /home/airflow/.local/lib/python3.8/site-packages/airflow/example_dags/example_branch_python_dop_operator_3.py for tasks to queue
[2024-03-29T11:28:52.128+0000] {logging_mixin.py:188} INFO - [2024-03-29T11:28:52.128+0000] {dagbag.py:540} INFO - Filling up the DagBag from /home/airflow/.local/lib/python3.8/site-packages/airflow/example_dags/example_branch_python_dop_operator_3.py
[2024-03-29T11:28:52.175+0000] {processor.py:840} INFO - DAG(s) 'example_branch_dop_operator_v3' retrieved from /home/airflow/.local/lib/python3.8/site-packages/airflow/example_dags/example_branch_python_dop_operator_3.py
[2024-03-29T11:28:52.507+0000] {logging_mixin.py:188} INFO - [2024-03-29T11:28:52.505+0000] {dag.py:3047} INFO - Sync 1 DAGs
[2024-03-29T11:28:52.600+0000] {logging_mixin.py:188} INFO - [2024-03-29T11:28:52.599+0000] {dag.py:3834} INFO - Setting next_dagrun for example_branch_dop_operator_v3 to 2024-03-29 11:27:00+00:00, run_after=2024-03-29 11:28:00+00:00
[2024-03-29T11:28:52.662+0000] {processor.py:183} INFO - Processing /home/airflow/.local/lib/python3.8/site-packages/airflow/example_dags/example_branch_python_dop_operator_3.py took 0.578 seconds
[2024-03-29T11:29:23.320+0000] {processor.py:161} INFO - Started process (PID=137) to work on /home/airflow/.local/lib/python3.8/site-packages/airflow/example_dags/example_branch_python_dop_operator_3.py
[2024-03-29T11:29:23.324+0000] {processor.py:830} INFO - Processing file /home/airflow/.local/lib/python3.8/site-packages/airflow/example_dags/example_branch_python_dop_operator_3.py for tasks to queue
[2024-03-29T11:29:23.326+0000] {logging_mixin.py:188} INFO - [2024-03-29T11:29:23.326+0000] {dagbag.py:540} INFO - Filling up the DagBag from /home/airflow/.local/lib/python3.8/site-packages/airflow/example_dags/example_branch_python_dop_operator_3.py
[2024-03-29T11:29:23.334+0000] {processor.py:840} INFO - DAG(s) 'example_branch_dop_operator_v3' retrieved from /home/airflow/.local/lib/python3.8/site-packages/airflow/example_dags/example_branch_python_dop_operator_3.py
[2024-03-29T11:29:23.358+0000] {logging_mixin.py:188} INFO - [2024-03-29T11:29:23.357+0000] {dag.py:3047} INFO - Sync 1 DAGs
[2024-03-29T11:29:23.396+0000] {logging_mixin.py:188} INFO - [2024-03-29T11:29:23.396+0000] {dag.py:3834} INFO - Setting next_dagrun for example_branch_dop_operator_v3 to 2024-03-29 11:28:00+00:00, run_after=2024-03-29 11:29:00+00:00
[2024-03-29T11:29:23.418+0000] {processor.py:183} INFO - Processing /home/airflow/.local/lib/python3.8/site-packages/airflow/example_dags/example_branch_python_dop_operator_3.py took 0.100 seconds
[2024-03-29T11:29:53.968+0000] {processor.py:161} INFO - Started process (PID=193) to work on /home/airflow/.local/lib/python3.8/site-packages/airflow/example_dags/example_branch_python_dop_operator_3.py
[2024-03-29T11:29:53.969+0000] {processor.py:830} INFO - Processing file /home/airflow/.local/lib/python3.8/site-packages/airflow/example_dags/example_branch_python_dop_operator_3.py for tasks to queue
[2024-03-29T11:29:53.973+0000] {logging_mixin.py:188} INFO - [2024-03-29T11:29:53.972+0000] {dagbag.py:540} INFO - Filling up the DagBag from /home/airflow/.local/lib/python3.8/site-packages/airflow/example_dags/example_branch_python_dop_operator_3.py
[2024-03-29T11:29:53.986+0000] {processor.py:840} INFO - DAG(s) 'example_branch_dop_operator_v3' retrieved from /home/airflow/.local/lib/python3.8/site-packages/airflow/example_dags/example_branch_python_dop_operator_3.py
[2024-03-29T11:29:54.016+0000] {logging_mixin.py:188} INFO - [2024-03-29T11:29:54.015+0000] {dag.py:3047} INFO - Sync 1 DAGs
[2024-03-29T11:29:54.062+0000] {logging_mixin.py:188} INFO - [2024-03-29T11:29:54.062+0000] {dag.py:3834} INFO - Setting next_dagrun for example_branch_dop_operator_v3 to 2024-03-29 11:28:00+00:00, run_after=2024-03-29 11:29:00+00:00
[2024-03-29T11:29:54.093+0000] {processor.py:183} INFO - Processing /home/airflow/.local/lib/python3.8/site-packages/airflow/example_dags/example_branch_python_dop_operator_3.py took 0.128 seconds
[2024-03-29T11:30:24.197+0000] {processor.py:161} INFO - Started process (PID=248) to work on /home/airflow/.local/lib/python3.8/site-packages/airflow/example_dags/example_branch_python_dop_operator_3.py
[2024-03-29T11:30:24.199+0000] {processor.py:830} INFO - Processing file /home/airflow/.local/lib/python3.8/site-packages/airflow/example_dags/example_branch_python_dop_operator_3.py for tasks to queue
[2024-03-29T11:30:24.201+0000] {logging_mixin.py:188} INFO - [2024-03-29T11:30:24.201+0000] {dagbag.py:540} INFO - Filling up the DagBag from /home/airflow/.local/lib/python3.8/site-packages/airflow/example_dags/example_branch_python_dop_operator_3.py
[2024-03-29T11:30:24.215+0000] {processor.py:840} INFO - DAG(s) 'example_branch_dop_operator_v3' retrieved from /home/airflow/.local/lib/python3.8/site-packages/airflow/example_dags/example_branch_python_dop_operator_3.py
[2024-03-29T11:30:24.244+0000] {logging_mixin.py:188} INFO - [2024-03-29T11:30:24.243+0000] {dag.py:3047} INFO - Sync 1 DAGs
[2024-03-29T11:30:24.277+0000] {logging_mixin.py:188} INFO - [2024-03-29T11:30:24.277+0000] {dag.py:3834} INFO - Setting next_dagrun for example_branch_dop_operator_v3 to 2024-03-29 11:29:00+00:00, run_after=2024-03-29 11:30:00+00:00
[2024-03-29T11:30:24.300+0000] {processor.py:183} INFO - Processing /home/airflow/.local/lib/python3.8/site-packages/airflow/example_dags/example_branch_python_dop_operator_3.py took 0.106 seconds
[2024-03-29T11:30:55.266+0000] {processor.py:161} INFO - Started process (PID=304) to work on /home/airflow/.local/lib/python3.8/site-packages/airflow/example_dags/example_branch_python_dop_operator_3.py
[2024-03-29T11:30:55.267+0000] {processor.py:830} INFO - Processing file /home/airflow/.local/lib/python3.8/site-packages/airflow/example_dags/example_branch_python_dop_operator_3.py for tasks to queue
[2024-03-29T11:30:55.271+0000] {logging_mixin.py:188} INFO - [2024-03-29T11:30:55.270+0000] {dagbag.py:540} INFO - Filling up the DagBag from /home/airflow/.local/lib/python3.8/site-packages/airflow/example_dags/example_branch_python_dop_operator_3.py
[2024-03-29T11:30:55.282+0000] {processor.py:840} INFO - DAG(s) 'example_branch_dop_operator_v3' retrieved from /home/airflow/.local/lib/python3.8/site-packages/airflow/example_dags/example_branch_python_dop_operator_3.py
[2024-03-29T11:30:55.308+0000] {logging_mixin.py:188} INFO - [2024-03-29T11:30:55.307+0000] {dag.py:3047} INFO - Sync 1 DAGs
[2024-03-29T11:30:55.345+0000] {logging_mixin.py:188} INFO - [2024-03-29T11:30:55.345+0000] {dag.py:3834} INFO - Setting next_dagrun for example_branch_dop_operator_v3 to 2024-03-29 11:29:00+00:00, run_after=2024-03-29 11:30:00+00:00
[2024-03-29T11:30:55.367+0000] {processor.py:183} INFO - Processing /home/airflow/.local/lib/python3.8/site-packages/airflow/example_dags/example_branch_python_dop_operator_3.py took 0.104 seconds
[2024-03-29T11:32:43.526+0000] {processor.py:161} INFO - Started process (PID=81) to work on /home/airflow/.local/lib/python3.8/site-packages/airflow/example_dags/example_branch_python_dop_operator_3.py
[2024-03-29T11:32:43.527+0000] {processor.py:830} INFO - Processing file /home/airflow/.local/lib/python3.8/site-packages/airflow/example_dags/example_branch_python_dop_operator_3.py for tasks to queue
[2024-03-29T11:32:43.529+0000] {logging_mixin.py:188} INFO - [2024-03-29T11:32:43.529+0000] {dagbag.py:540} INFO - Filling up the DagBag from /home/airflow/.local/lib/python3.8/site-packages/airflow/example_dags/example_branch_python_dop_operator_3.py
[2024-03-29T11:32:43.544+0000] {processor.py:840} INFO - DAG(s) 'example_branch_dop_operator_v3' retrieved from /home/airflow/.local/lib/python3.8/site-packages/airflow/example_dags/example_branch_python_dop_operator_3.py
[2024-03-29T11:32:43.742+0000] {logging_mixin.py:188} INFO - [2024-03-29T11:32:43.741+0000] {dag.py:3047} INFO - Sync 1 DAGs
[2024-03-29T11:32:43.783+0000] {logging_mixin.py:188} INFO - [2024-03-29T11:32:43.782+0000] {dag.py:3834} INFO - Setting next_dagrun for example_branch_dop_operator_v3 to 2024-03-29 11:31:00+00:00, run_after=2024-03-29 11:32:00+00:00
[2024-03-29T11:32:43.821+0000] {processor.py:183} INFO - Processing /home/airflow/.local/lib/python3.8/site-packages/airflow/example_dags/example_branch_python_dop_operator_3.py took 0.308 seconds
[2024-03-29T11:33:14.557+0000] {processor.py:161} INFO - Started process (PID=137) to work on /home/airflow/.local/lib/python3.8/site-packages/airflow/example_dags/example_branch_python_dop_operator_3.py
[2024-03-29T11:33:14.562+0000] {processor.py:830} INFO - Processing file /home/airflow/.local/lib/python3.8/site-packages/airflow/example_dags/example_branch_python_dop_operator_3.py for tasks to queue
[2024-03-29T11:33:14.564+0000] {logging_mixin.py:188} INFO - [2024-03-29T11:33:14.564+0000] {dagbag.py:540} INFO - Filling up the DagBag from /home/airflow/.local/lib/python3.8/site-packages/airflow/example_dags/example_branch_python_dop_operator_3.py
[2024-03-29T11:33:14.588+0000] {processor.py:840} INFO - DAG(s) 'example_branch_dop_operator_v3' retrieved from /home/airflow/.local/lib/python3.8/site-packages/airflow/example_dags/example_branch_python_dop_operator_3.py
[2024-03-29T11:33:14.625+0000] {logging_mixin.py:188} INFO - [2024-03-29T11:33:14.623+0000] {dag.py:3047} INFO - Sync 1 DAGs
[2024-03-29T11:33:14.660+0000] {logging_mixin.py:188} INFO - [2024-03-29T11:33:14.660+0000] {dag.py:3834} INFO - Setting next_dagrun for example_branch_dop_operator_v3 to 2024-03-29 11:32:00+00:00, run_after=2024-03-29 11:33:00+00:00
[2024-03-29T11:33:14.682+0000] {processor.py:183} INFO - Processing /home/airflow/.local/lib/python3.8/site-packages/airflow/example_dags/example_branch_python_dop_operator_3.py took 0.134 seconds
[2024-03-29T11:33:45.232+0000] {processor.py:161} INFO - Started process (PID=191) to work on /home/airflow/.local/lib/python3.8/site-packages/airflow/example_dags/example_branch_python_dop_operator_3.py
[2024-03-29T11:33:45.237+0000] {processor.py:830} INFO - Processing file /home/airflow/.local/lib/python3.8/site-packages/airflow/example_dags/example_branch_python_dop_operator_3.py for tasks to queue
[2024-03-29T11:33:45.241+0000] {logging_mixin.py:188} INFO - [2024-03-29T11:33:45.240+0000] {dagbag.py:540} INFO - Filling up the DagBag from /home/airflow/.local/lib/python3.8/site-packages/airflow/example_dags/example_branch_python_dop_operator_3.py
[2024-03-29T11:33:45.264+0000] {processor.py:840} INFO - DAG(s) 'example_branch_dop_operator_v3' retrieved from /home/airflow/.local/lib/python3.8/site-packages/airflow/example_dags/example_branch_python_dop_operator_3.py
[2024-03-29T11:33:45.342+0000] {logging_mixin.py:188} INFO - [2024-03-29T11:33:45.342+0000] {dag.py:3047} INFO - Sync 1 DAGs
[2024-03-29T11:33:45.524+0000] {logging_mixin.py:188} INFO - [2024-03-29T11:33:45.513+0000] {dag.py:3834} INFO - Setting next_dagrun for example_branch_dop_operator_v3 to 2024-03-29 11:32:00+00:00, run_after=2024-03-29 11:33:00+00:00
[2024-03-29T11:33:45.629+0000] {processor.py:183} INFO - Processing /home/airflow/.local/lib/python3.8/site-packages/airflow/example_dags/example_branch_python_dop_operator_3.py took 0.400 seconds
[2024-03-29T11:34:16.098+0000] {processor.py:161} INFO - Started process (PID=246) to work on /home/airflow/.local/lib/python3.8/site-packages/airflow/example_dags/example_branch_python_dop_operator_3.py
[2024-03-29T11:34:16.102+0000] {processor.py:830} INFO - Processing file /home/airflow/.local/lib/python3.8/site-packages/airflow/example_dags/example_branch_python_dop_operator_3.py for tasks to queue
[2024-03-29T11:34:16.104+0000] {logging_mixin.py:188} INFO - [2024-03-29T11:34:16.104+0000] {dagbag.py:540} INFO - Filling up the DagBag from /home/airflow/.local/lib/python3.8/site-packages/airflow/example_dags/example_branch_python_dop_operator_3.py
[2024-03-29T11:34:16.120+0000] {processor.py:840} INFO - DAG(s) 'example_branch_dop_operator_v3' retrieved from /home/airflow/.local/lib/python3.8/site-packages/airflow/example_dags/example_branch_python_dop_operator_3.py
[2024-03-29T11:34:16.139+0000] {logging_mixin.py:188} INFO - [2024-03-29T11:34:16.138+0000] {dag.py:3047} INFO - Sync 1 DAGs
[2024-03-29T11:34:16.181+0000] {logging_mixin.py:188} INFO - [2024-03-29T11:34:16.181+0000] {dag.py:3834} INFO - Setting next_dagrun for example_branch_dop_operator_v3 to 2024-03-29 11:33:00+00:00, run_after=2024-03-29 11:34:00+00:00
[2024-03-29T11:34:16.213+0000] {processor.py:183} INFO - Processing /home/airflow/.local/lib/python3.8/site-packages/airflow/example_dags/example_branch_python_dop_operator_3.py took 0.119 seconds
[2024-03-29T11:34:46.336+0000] {processor.py:161} INFO - Started process (PID=302) to work on /home/airflow/.local/lib/python3.8/site-packages/airflow/example_dags/example_branch_python_dop_operator_3.py
[2024-03-29T11:34:46.342+0000] {processor.py:830} INFO - Processing file /home/airflow/.local/lib/python3.8/site-packages/airflow/example_dags/example_branch_python_dop_operator_3.py for tasks to queue
[2024-03-29T11:34:46.347+0000] {logging_mixin.py:188} INFO - [2024-03-29T11:34:46.346+0000] {dagbag.py:540} INFO - Filling up the DagBag from /home/airflow/.local/lib/python3.8/site-packages/airflow/example_dags/example_branch_python_dop_operator_3.py
[2024-03-29T11:34:46.357+0000] {processor.py:840} INFO - DAG(s) 'example_branch_dop_operator_v3' retrieved from /home/airflow/.local/lib/python3.8/site-packages/airflow/example_dags/example_branch_python_dop_operator_3.py
[2024-03-29T11:34:46.401+0000] {logging_mixin.py:188} INFO - [2024-03-29T11:34:46.400+0000] {dag.py:3047} INFO - Sync 1 DAGs
[2024-03-29T11:34:46.456+0000] {logging_mixin.py:188} INFO - [2024-03-29T11:34:46.456+0000] {dag.py:3834} INFO - Setting next_dagrun for example_branch_dop_operator_v3 to 2024-03-29 11:33:00+00:00, run_after=2024-03-29 11:34:00+00:00
[2024-03-29T11:34:46.506+0000] {processor.py:183} INFO - Processing /home/airflow/.local/lib/python3.8/site-packages/airflow/example_dags/example_branch_python_dop_operator_3.py took 0.174 seconds
[2024-03-29T11:35:16.989+0000] {processor.py:161} INFO - Started process (PID=357) to work on /home/airflow/.local/lib/python3.8/site-packages/airflow/example_dags/example_branch_python_dop_operator_3.py
[2024-03-29T11:35:16.989+0000] {processor.py:830} INFO - Processing file /home/airflow/.local/lib/python3.8/site-packages/airflow/example_dags/example_branch_python_dop_operator_3.py for tasks to queue
[2024-03-29T11:35:16.991+0000] {logging_mixin.py:188} INFO - [2024-03-29T11:35:16.991+0000] {dagbag.py:540} INFO - Filling up the DagBag from /home/airflow/.local/lib/python3.8/site-packages/airflow/example_dags/example_branch_python_dop_operator_3.py
[2024-03-29T11:35:17.012+0000] {processor.py:840} INFO - DAG(s) 'example_branch_dop_operator_v3' retrieved from /home/airflow/.local/lib/python3.8/site-packages/airflow/example_dags/example_branch_python_dop_operator_3.py
[2024-03-29T11:35:17.035+0000] {logging_mixin.py:188} INFO - [2024-03-29T11:35:17.035+0000] {dag.py:3047} INFO - Sync 1 DAGs
[2024-03-29T11:35:17.072+0000] {logging_mixin.py:188} INFO - [2024-03-29T11:35:17.072+0000] {dag.py:3834} INFO - Setting next_dagrun for example_branch_dop_operator_v3 to 2024-03-29 11:34:00+00:00, run_after=2024-03-29 11:35:00+00:00
[2024-03-29T11:35:17.125+0000] {processor.py:183} INFO - Processing /home/airflow/.local/lib/python3.8/site-packages/airflow/example_dags/example_branch_python_dop_operator_3.py took 0.139 seconds
[2024-03-29T11:35:49.329+0000] {processor.py:161} INFO - Started process (PID=413) to work on /home/airflow/.local/lib/python3.8/site-packages/airflow/example_dags/example_branch_python_dop_operator_3.py
[2024-03-29T11:35:49.342+0000] {processor.py:830} INFO - Processing file /home/airflow/.local/lib/python3.8/site-packages/airflow/example_dags/example_branch_python_dop_operator_3.py for tasks to queue
[2024-03-29T11:35:49.344+0000] {logging_mixin.py:188} INFO - [2024-03-29T11:35:49.344+0000] {dagbag.py:540} INFO - Filling up the DagBag from /home/airflow/.local/lib/python3.8/site-packages/airflow/example_dags/example_branch_python_dop_operator_3.py
[2024-03-29T11:35:49.394+0000] {processor.py:840} INFO - DAG(s) 'example_branch_dop_operator_v3' retrieved from /home/airflow/.local/lib/python3.8/site-packages/airflow/example_dags/example_branch_python_dop_operator_3.py
[2024-03-29T11:35:49.652+0000] {logging_mixin.py:188} INFO - [2024-03-29T11:35:49.646+0000] {dag.py:3047} INFO - Sync 1 DAGs
[2024-03-29T11:35:49.693+0000] {logging_mixin.py:188} INFO - [2024-03-29T11:35:49.692+0000] {dag.py:3834} INFO - Setting next_dagrun for example_branch_dop_operator_v3 to 2024-03-29 11:34:00+00:00, run_after=2024-03-29 11:35:00+00:00
[2024-03-29T11:35:49.783+0000] {processor.py:183} INFO - Processing /home/airflow/.local/lib/python3.8/site-packages/airflow/example_dags/example_branch_python_dop_operator_3.py took 0.468 seconds
[2024-03-29T11:36:20.628+0000] {processor.py:161} INFO - Started process (PID=469) to work on /home/airflow/.local/lib/python3.8/site-packages/airflow/example_dags/example_branch_python_dop_operator_3.py
[2024-03-29T11:36:20.630+0000] {processor.py:830} INFO - Processing file /home/airflow/.local/lib/python3.8/site-packages/airflow/example_dags/example_branch_python_dop_operator_3.py for tasks to queue
[2024-03-29T11:36:20.632+0000] {logging_mixin.py:188} INFO - [2024-03-29T11:36:20.632+0000] {dagbag.py:540} INFO - Filling up the DagBag from /home/airflow/.local/lib/python3.8/site-packages/airflow/example_dags/example_branch_python_dop_operator_3.py
[2024-03-29T11:36:20.647+0000] {processor.py:840} INFO - DAG(s) 'example_branch_dop_operator_v3' retrieved from /home/airflow/.local/lib/python3.8/site-packages/airflow/example_dags/example_branch_python_dop_operator_3.py
[2024-03-29T11:36:20.677+0000] {logging_mixin.py:188} INFO - [2024-03-29T11:36:20.677+0000] {dag.py:3047} INFO - Sync 1 DAGs
[2024-03-29T11:36:20.716+0000] {logging_mixin.py:188} INFO - [2024-03-29T11:36:20.716+0000] {dag.py:3834} INFO - Setting next_dagrun for example_branch_dop_operator_v3 to 2024-03-29 11:35:00+00:00, run_after=2024-03-29 11:36:00+00:00
[2024-03-29T11:36:20.745+0000] {processor.py:183} INFO - Processing /home/airflow/.local/lib/python3.8/site-packages/airflow/example_dags/example_branch_python_dop_operator_3.py took 0.120 seconds
[2024-03-29T11:36:51.537+0000] {processor.py:161} INFO - Started process (PID=525) to work on /home/airflow/.local/lib/python3.8/site-packages/airflow/example_dags/example_branch_python_dop_operator_3.py
[2024-03-29T11:36:51.538+0000] {processor.py:830} INFO - Processing file /home/airflow/.local/lib/python3.8/site-packages/airflow/example_dags/example_branch_python_dop_operator_3.py for tasks to queue
[2024-03-29T11:36:51.540+0000] {logging_mixin.py:188} INFO - [2024-03-29T11:36:51.539+0000] {dagbag.py:540} INFO - Filling up the DagBag from /home/airflow/.local/lib/python3.8/site-packages/airflow/example_dags/example_branch_python_dop_operator_3.py
[2024-03-29T11:36:51.551+0000] {processor.py:840} INFO - DAG(s) 'example_branch_dop_operator_v3' retrieved from /home/airflow/.local/lib/python3.8/site-packages/airflow/example_dags/example_branch_python_dop_operator_3.py
[2024-03-29T11:36:51.576+0000] {logging_mixin.py:188} INFO - [2024-03-29T11:36:51.576+0000] {dag.py:3047} INFO - Sync 1 DAGs
[2024-03-29T11:36:51.610+0000] {logging_mixin.py:188} INFO - [2024-03-29T11:36:51.610+0000] {dag.py:3834} INFO - Setting next_dagrun for example_branch_dop_operator_v3 to 2024-03-29 11:35:00+00:00, run_after=2024-03-29 11:36:00+00:00
[2024-03-29T11:36:51.631+0000] {processor.py:183} INFO - Processing /home/airflow/.local/lib/python3.8/site-packages/airflow/example_dags/example_branch_python_dop_operator_3.py took 0.098 seconds
[2024-03-29T11:37:22.159+0000] {processor.py:161} INFO - Started process (PID=581) to work on /home/airflow/.local/lib/python3.8/site-packages/airflow/example_dags/example_branch_python_dop_operator_3.py
[2024-03-29T11:37:22.160+0000] {processor.py:830} INFO - Processing file /home/airflow/.local/lib/python3.8/site-packages/airflow/example_dags/example_branch_python_dop_operator_3.py for tasks to queue
[2024-03-29T11:37:22.161+0000] {logging_mixin.py:188} INFO - [2024-03-29T11:37:22.161+0000] {dagbag.py:540} INFO - Filling up the DagBag from /home/airflow/.local/lib/python3.8/site-packages/airflow/example_dags/example_branch_python_dop_operator_3.py
[2024-03-29T11:37:22.171+0000] {processor.py:840} INFO - DAG(s) 'example_branch_dop_operator_v3' retrieved from /home/airflow/.local/lib/python3.8/site-packages/airflow/example_dags/example_branch_python_dop_operator_3.py
[2024-03-29T11:37:22.205+0000] {logging_mixin.py:188} INFO - [2024-03-29T11:37:22.205+0000] {dag.py:3047} INFO - Sync 1 DAGs
[2024-03-29T11:37:22.239+0000] {logging_mixin.py:188} INFO - [2024-03-29T11:37:22.239+0000] {dag.py:3834} INFO - Setting next_dagrun for example_branch_dop_operator_v3 to 2024-03-29 11:36:00+00:00, run_after=2024-03-29 11:37:00+00:00
[2024-03-29T11:37:22.261+0000] {processor.py:183} INFO - Processing /home/airflow/.local/lib/python3.8/site-packages/airflow/example_dags/example_branch_python_dop_operator_3.py took 0.104 seconds
[2024-03-29T11:37:53.073+0000] {processor.py:161} INFO - Started process (PID=638) to work on /home/airflow/.local/lib/python3.8/site-packages/airflow/example_dags/example_branch_python_dop_operator_3.py
[2024-03-29T11:37:53.074+0000] {processor.py:830} INFO - Processing file /home/airflow/.local/lib/python3.8/site-packages/airflow/example_dags/example_branch_python_dop_operator_3.py for tasks to queue
[2024-03-29T11:37:53.076+0000] {logging_mixin.py:188} INFO - [2024-03-29T11:37:53.076+0000] {dagbag.py:540} INFO - Filling up the DagBag from /home/airflow/.local/lib/python3.8/site-packages/airflow/example_dags/example_branch_python_dop_operator_3.py
[2024-03-29T11:37:53.086+0000] {processor.py:840} INFO - DAG(s) 'example_branch_dop_operator_v3' retrieved from /home/airflow/.local/lib/python3.8/site-packages/airflow/example_dags/example_branch_python_dop_operator_3.py
[2024-03-29T11:37:53.107+0000] {logging_mixin.py:188} INFO - [2024-03-29T11:37:53.107+0000] {dag.py:3047} INFO - Sync 1 DAGs
[2024-03-29T11:37:53.145+0000] {logging_mixin.py:188} INFO - [2024-03-29T11:37:53.144+0000] {dag.py:3834} INFO - Setting next_dagrun for example_branch_dop_operator_v3 to 2024-03-29 11:36:00+00:00, run_after=2024-03-29 11:37:00+00:00
[2024-03-29T11:37:53.190+0000] {processor.py:183} INFO - Processing /home/airflow/.local/lib/python3.8/site-packages/airflow/example_dags/example_branch_python_dop_operator_3.py took 0.119 seconds
[2024-03-29T11:40:19.995+0000] {processor.py:161} INFO - Started process (PID=87) to work on /home/airflow/.local/lib/python3.8/site-packages/airflow/example_dags/example_branch_python_dop_operator_3.py
[2024-03-29T11:40:20.000+0000] {processor.py:830} INFO - Processing file /home/airflow/.local/lib/python3.8/site-packages/airflow/example_dags/example_branch_python_dop_operator_3.py for tasks to queue
[2024-03-29T11:40:20.001+0000] {logging_mixin.py:188} INFO - [2024-03-29T11:40:20.001+0000] {dagbag.py:540} INFO - Filling up the DagBag from /home/airflow/.local/lib/python3.8/site-packages/airflow/example_dags/example_branch_python_dop_operator_3.py
[2024-03-29T11:40:20.020+0000] {processor.py:840} INFO - DAG(s) 'example_branch_dop_operator_v3' retrieved from /home/airflow/.local/lib/python3.8/site-packages/airflow/example_dags/example_branch_python_dop_operator_3.py
[2024-03-29T11:40:20.169+0000] {logging_mixin.py:188} INFO - [2024-03-29T11:40:20.168+0000] {dag.py:3047} INFO - Sync 1 DAGs
[2024-03-29T11:40:20.251+0000] {logging_mixin.py:188} INFO - [2024-03-29T11:40:20.251+0000] {dag.py:3834} INFO - Setting next_dagrun for example_branch_dop_operator_v3 to 2024-03-29 11:39:00+00:00, run_after=2024-03-29 11:40:00+00:00
[2024-03-29T11:40:20.316+0000] {processor.py:183} INFO - Processing /home/airflow/.local/lib/python3.8/site-packages/airflow/example_dags/example_branch_python_dop_operator_3.py took 0.333 seconds
[2024-03-29T11:40:51.059+0000] {processor.py:161} INFO - Started process (PID=144) to work on /home/airflow/.local/lib/python3.8/site-packages/airflow/example_dags/example_branch_python_dop_operator_3.py
[2024-03-29T11:40:51.062+0000] {processor.py:830} INFO - Processing file /home/airflow/.local/lib/python3.8/site-packages/airflow/example_dags/example_branch_python_dop_operator_3.py for tasks to queue
[2024-03-29T11:40:51.074+0000] {logging_mixin.py:188} INFO - [2024-03-29T11:40:51.073+0000] {dagbag.py:540} INFO - Filling up the DagBag from /home/airflow/.local/lib/python3.8/site-packages/airflow/example_dags/example_branch_python_dop_operator_3.py
[2024-03-29T11:40:51.105+0000] {processor.py:840} INFO - DAG(s) 'example_branch_dop_operator_v3' retrieved from /home/airflow/.local/lib/python3.8/site-packages/airflow/example_dags/example_branch_python_dop_operator_3.py
[2024-03-29T11:40:51.210+0000] {logging_mixin.py:188} INFO - [2024-03-29T11:40:51.210+0000] {dag.py:3047} INFO - Sync 1 DAGs
[2024-03-29T11:40:51.294+0000] {logging_mixin.py:188} INFO - [2024-03-29T11:40:51.287+0000] {dag.py:3834} INFO - Setting next_dagrun for example_branch_dop_operator_v3 to 2024-03-29 11:39:00+00:00, run_after=2024-03-29 11:40:00+00:00
[2024-03-29T11:40:51.405+0000] {processor.py:183} INFO - Processing /home/airflow/.local/lib/python3.8/site-packages/airflow/example_dags/example_branch_python_dop_operator_3.py took 0.348 seconds
[2024-03-29T11:41:30.815+0000] {processor.py:161} INFO - Started process (PID=199) to work on /home/airflow/.local/lib/python3.8/site-packages/airflow/example_dags/example_branch_python_dop_operator_3.py
[2024-03-29T11:41:30.838+0000] {processor.py:830} INFO - Processing file /home/airflow/.local/lib/python3.8/site-packages/airflow/example_dags/example_branch_python_dop_operator_3.py for tasks to queue
[2024-03-29T11:41:30.884+0000] {logging_mixin.py:188} INFO - [2024-03-29T11:41:30.877+0000] {dagbag.py:540} INFO - Filling up the DagBag from /home/airflow/.local/lib/python3.8/site-packages/airflow/example_dags/example_branch_python_dop_operator_3.py
[2024-03-29T11:41:30.981+0000] {processor.py:840} INFO - DAG(s) 'example_branch_dop_operator_v3' retrieved from /home/airflow/.local/lib/python3.8/site-packages/airflow/example_dags/example_branch_python_dop_operator_3.py
[2024-03-29T11:41:31.200+0000] {logging_mixin.py:188} INFO - [2024-03-29T11:41:31.195+0000] {dag.py:3047} INFO - Sync 1 DAGs
[2024-03-29T11:41:31.373+0000] {logging_mixin.py:188} INFO - [2024-03-29T11:41:31.371+0000] {dag.py:3834} INFO - Setting next_dagrun for example_branch_dop_operator_v3 to 2024-03-29 11:40:00+00:00, run_after=2024-03-29 11:41:00+00:00
[2024-03-29T11:41:31.473+0000] {processor.py:183} INFO - Processing /home/airflow/.local/lib/python3.8/site-packages/airflow/example_dags/example_branch_python_dop_operator_3.py took 0.664 seconds
[2024-03-29T11:42:02.507+0000] {processor.py:161} INFO - Started process (PID=254) to work on /home/airflow/.local/lib/python3.8/site-packages/airflow/example_dags/example_branch_python_dop_operator_3.py
[2024-03-29T11:42:02.512+0000] {processor.py:830} INFO - Processing file /home/airflow/.local/lib/python3.8/site-packages/airflow/example_dags/example_branch_python_dop_operator_3.py for tasks to queue
[2024-03-29T11:42:02.522+0000] {logging_mixin.py:188} INFO - [2024-03-29T11:42:02.521+0000] {dagbag.py:540} INFO - Filling up the DagBag from /home/airflow/.local/lib/python3.8/site-packages/airflow/example_dags/example_branch_python_dop_operator_3.py
[2024-03-29T11:42:02.561+0000] {processor.py:840} INFO - DAG(s) 'example_branch_dop_operator_v3' retrieved from /home/airflow/.local/lib/python3.8/site-packages/airflow/example_dags/example_branch_python_dop_operator_3.py
[2024-03-29T11:42:02.717+0000] {logging_mixin.py:188} INFO - [2024-03-29T11:42:02.716+0000] {dag.py:3047} INFO - Sync 1 DAGs
[2024-03-29T11:42:02.881+0000] {logging_mixin.py:188} INFO - [2024-03-29T11:42:02.880+0000] {dag.py:3834} INFO - Setting next_dagrun for example_branch_dop_operator_v3 to 2024-03-29 11:41:00+00:00, run_after=2024-03-29 11:42:00+00:00
[2024-03-29T11:42:02.993+0000] {processor.py:183} INFO - Processing /home/airflow/.local/lib/python3.8/site-packages/airflow/example_dags/example_branch_python_dop_operator_3.py took 0.498 seconds
[2024-03-29T11:42:36.216+0000] {processor.py:161} INFO - Started process (PID=311) to work on /home/airflow/.local/lib/python3.8/site-packages/airflow/example_dags/example_branch_python_dop_operator_3.py
[2024-03-29T11:42:36.228+0000] {processor.py:830} INFO - Processing file /home/airflow/.local/lib/python3.8/site-packages/airflow/example_dags/example_branch_python_dop_operator_3.py for tasks to queue
[2024-03-29T11:42:36.238+0000] {logging_mixin.py:188} INFO - [2024-03-29T11:42:36.238+0000] {dagbag.py:540} INFO - Filling up the DagBag from /home/airflow/.local/lib/python3.8/site-packages/airflow/example_dags/example_branch_python_dop_operator_3.py
[2024-03-29T11:42:36.325+0000] {processor.py:840} INFO - DAG(s) 'example_branch_dop_operator_v3' retrieved from /home/airflow/.local/lib/python3.8/site-packages/airflow/example_dags/example_branch_python_dop_operator_3.py
[2024-03-29T11:42:36.414+0000] {logging_mixin.py:188} INFO - [2024-03-29T11:42:36.409+0000] {dag.py:3047} INFO - Sync 1 DAGs
[2024-03-29T11:42:36.753+0000] {logging_mixin.py:188} INFO - [2024-03-29T11:42:36.749+0000] {dag.py:3834} INFO - Setting next_dagrun for example_branch_dop_operator_v3 to 2024-03-29 11:41:00+00:00, run_after=2024-03-29 11:42:00+00:00
[2024-03-29T11:42:36.962+0000] {processor.py:183} INFO - Processing /home/airflow/.local/lib/python3.8/site-packages/airflow/example_dags/example_branch_python_dop_operator_3.py took 0.754 seconds
[2024-03-29T11:43:07.133+0000] {processor.py:161} INFO - Started process (PID=366) to work on /home/airflow/.local/lib/python3.8/site-packages/airflow/example_dags/example_branch_python_dop_operator_3.py
[2024-03-29T11:43:07.138+0000] {processor.py:830} INFO - Processing file /home/airflow/.local/lib/python3.8/site-packages/airflow/example_dags/example_branch_python_dop_operator_3.py for tasks to queue
[2024-03-29T11:43:07.144+0000] {logging_mixin.py:188} INFO - [2024-03-29T11:43:07.143+0000] {dagbag.py:540} INFO - Filling up the DagBag from /home/airflow/.local/lib/python3.8/site-packages/airflow/example_dags/example_branch_python_dop_operator_3.py
[2024-03-29T11:43:07.163+0000] {processor.py:840} INFO - DAG(s) 'example_branch_dop_operator_v3' retrieved from /home/airflow/.local/lib/python3.8/site-packages/airflow/example_dags/example_branch_python_dop_operator_3.py
[2024-03-29T11:43:07.186+0000] {logging_mixin.py:188} INFO - [2024-03-29T11:43:07.185+0000] {dag.py:3047} INFO - Sync 1 DAGs
[2024-03-29T11:43:07.241+0000] {logging_mixin.py:188} INFO - [2024-03-29T11:43:07.241+0000] {dag.py:3834} INFO - Setting next_dagrun for example_branch_dop_operator_v3 to 2024-03-29 11:42:00+00:00, run_after=2024-03-29 11:43:00+00:00
[2024-03-29T11:43:07.373+0000] {processor.py:183} INFO - Processing /home/airflow/.local/lib/python3.8/site-packages/airflow/example_dags/example_branch_python_dop_operator_3.py took 0.243 seconds
[2024-03-29T11:43:37.515+0000] {processor.py:161} INFO - Started process (PID=421) to work on /home/airflow/.local/lib/python3.8/site-packages/airflow/example_dags/example_branch_python_dop_operator_3.py
[2024-03-29T11:43:37.516+0000] {processor.py:830} INFO - Processing file /home/airflow/.local/lib/python3.8/site-packages/airflow/example_dags/example_branch_python_dop_operator_3.py for tasks to queue
[2024-03-29T11:43:37.518+0000] {logging_mixin.py:188} INFO - [2024-03-29T11:43:37.518+0000] {dagbag.py:540} INFO - Filling up the DagBag from /home/airflow/.local/lib/python3.8/site-packages/airflow/example_dags/example_branch_python_dop_operator_3.py
[2024-03-29T11:43:37.532+0000] {processor.py:840} INFO - DAG(s) 'example_branch_dop_operator_v3' retrieved from /home/airflow/.local/lib/python3.8/site-packages/airflow/example_dags/example_branch_python_dop_operator_3.py
[2024-03-29T11:43:37.553+0000] {logging_mixin.py:188} INFO - [2024-03-29T11:43:37.552+0000] {dag.py:3047} INFO - Sync 1 DAGs
[2024-03-29T11:43:37.580+0000] {logging_mixin.py:188} INFO - [2024-03-29T11:43:37.579+0000] {dag.py:3834} INFO - Setting next_dagrun for example_branch_dop_operator_v3 to 2024-03-29 11:42:00+00:00, run_after=2024-03-29 11:43:00+00:00
[2024-03-29T11:43:37.613+0000] {processor.py:183} INFO - Processing /home/airflow/.local/lib/python3.8/site-packages/airflow/example_dags/example_branch_python_dop_operator_3.py took 0.101 seconds
[2024-03-29T11:44:07.686+0000] {processor.py:161} INFO - Started process (PID=477) to work on /home/airflow/.local/lib/python3.8/site-packages/airflow/example_dags/example_branch_python_dop_operator_3.py
[2024-03-29T11:44:07.688+0000] {processor.py:830} INFO - Processing file /home/airflow/.local/lib/python3.8/site-packages/airflow/example_dags/example_branch_python_dop_operator_3.py for tasks to queue
[2024-03-29T11:44:07.689+0000] {logging_mixin.py:188} INFO - [2024-03-29T11:44:07.689+0000] {dagbag.py:540} INFO - Filling up the DagBag from /home/airflow/.local/lib/python3.8/site-packages/airflow/example_dags/example_branch_python_dop_operator_3.py
[2024-03-29T11:44:07.700+0000] {processor.py:840} INFO - DAG(s) 'example_branch_dop_operator_v3' retrieved from /home/airflow/.local/lib/python3.8/site-packages/airflow/example_dags/example_branch_python_dop_operator_3.py
[2024-03-29T11:44:07.724+0000] {logging_mixin.py:188} INFO - [2024-03-29T11:44:07.723+0000] {dag.py:3047} INFO - Sync 1 DAGs
[2024-03-29T11:44:07.757+0000] {logging_mixin.py:188} INFO - [2024-03-29T11:44:07.756+0000] {dag.py:3834} INFO - Setting next_dagrun for example_branch_dop_operator_v3 to 2024-03-29 11:43:00+00:00, run_after=2024-03-29 11:44:00+00:00
[2024-03-29T11:44:07.779+0000] {processor.py:183} INFO - Processing /home/airflow/.local/lib/python3.8/site-packages/airflow/example_dags/example_branch_python_dop_operator_3.py took 0.095 seconds
[2024-03-29T11:44:38.624+0000] {processor.py:161} INFO - Started process (PID=533) to work on /home/airflow/.local/lib/python3.8/site-packages/airflow/example_dags/example_branch_python_dop_operator_3.py
[2024-03-29T11:44:38.626+0000] {processor.py:830} INFO - Processing file /home/airflow/.local/lib/python3.8/site-packages/airflow/example_dags/example_branch_python_dop_operator_3.py for tasks to queue
[2024-03-29T11:44:38.629+0000] {logging_mixin.py:188} INFO - [2024-03-29T11:44:38.628+0000] {dagbag.py:540} INFO - Filling up the DagBag from /home/airflow/.local/lib/python3.8/site-packages/airflow/example_dags/example_branch_python_dop_operator_3.py
[2024-03-29T11:44:38.637+0000] {processor.py:840} INFO - DAG(s) 'example_branch_dop_operator_v3' retrieved from /home/airflow/.local/lib/python3.8/site-packages/airflow/example_dags/example_branch_python_dop_operator_3.py
[2024-03-29T11:44:38.663+0000] {logging_mixin.py:188} INFO - [2024-03-29T11:44:38.662+0000] {dag.py:3047} INFO - Sync 1 DAGs
[2024-03-29T11:44:38.697+0000] {logging_mixin.py:188} INFO - [2024-03-29T11:44:38.697+0000] {dag.py:3834} INFO - Setting next_dagrun for example_branch_dop_operator_v3 to 2024-03-29 11:43:00+00:00, run_after=2024-03-29 11:44:00+00:00
[2024-03-29T11:44:38.721+0000] {processor.py:183} INFO - Processing /home/airflow/.local/lib/python3.8/site-packages/airflow/example_dags/example_branch_python_dop_operator_3.py took 0.100 seconds
[2024-03-29T11:45:08.999+0000] {processor.py:161} INFO - Started process (PID=589) to work on /home/airflow/.local/lib/python3.8/site-packages/airflow/example_dags/example_branch_python_dop_operator_3.py
[2024-03-29T11:45:08.999+0000] {processor.py:830} INFO - Processing file /home/airflow/.local/lib/python3.8/site-packages/airflow/example_dags/example_branch_python_dop_operator_3.py for tasks to queue
[2024-03-29T11:45:09.001+0000] {logging_mixin.py:188} INFO - [2024-03-29T11:45:09.001+0000] {dagbag.py:540} INFO - Filling up the DagBag from /home/airflow/.local/lib/python3.8/site-packages/airflow/example_dags/example_branch_python_dop_operator_3.py
[2024-03-29T11:45:09.009+0000] {processor.py:840} INFO - DAG(s) 'example_branch_dop_operator_v3' retrieved from /home/airflow/.local/lib/python3.8/site-packages/airflow/example_dags/example_branch_python_dop_operator_3.py
[2024-03-29T11:45:09.027+0000] {logging_mixin.py:188} INFO - [2024-03-29T11:45:09.026+0000] {dag.py:3047} INFO - Sync 1 DAGs
[2024-03-29T11:45:09.050+0000] {logging_mixin.py:188} INFO - [2024-03-29T11:45:09.050+0000] {dag.py:3834} INFO - Setting next_dagrun for example_branch_dop_operator_v3 to 2024-03-29 11:44:00+00:00, run_after=2024-03-29 11:45:00+00:00
[2024-03-29T11:45:09.069+0000] {processor.py:183} INFO - Processing /home/airflow/.local/lib/python3.8/site-packages/airflow/example_dags/example_branch_python_dop_operator_3.py took 0.073 seconds
[2024-03-29T11:45:39.771+0000] {processor.py:161} INFO - Started process (PID=645) to work on /home/airflow/.local/lib/python3.8/site-packages/airflow/example_dags/example_branch_python_dop_operator_3.py
[2024-03-29T11:45:39.772+0000] {processor.py:830} INFO - Processing file /home/airflow/.local/lib/python3.8/site-packages/airflow/example_dags/example_branch_python_dop_operator_3.py for tasks to queue
[2024-03-29T11:45:39.776+0000] {logging_mixin.py:188} INFO - [2024-03-29T11:45:39.776+0000] {dagbag.py:540} INFO - Filling up the DagBag from /home/airflow/.local/lib/python3.8/site-packages/airflow/example_dags/example_branch_python_dop_operator_3.py
[2024-03-29T11:45:39.785+0000] {processor.py:840} INFO - DAG(s) 'example_branch_dop_operator_v3' retrieved from /home/airflow/.local/lib/python3.8/site-packages/airflow/example_dags/example_branch_python_dop_operator_3.py
[2024-03-29T11:45:39.807+0000] {logging_mixin.py:188} INFO - [2024-03-29T11:45:39.806+0000] {dag.py:3047} INFO - Sync 1 DAGs
[2024-03-29T11:45:39.836+0000] {logging_mixin.py:188} INFO - [2024-03-29T11:45:39.835+0000] {dag.py:3834} INFO - Setting next_dagrun for example_branch_dop_operator_v3 to 2024-03-29 11:44:00+00:00, run_after=2024-03-29 11:45:00+00:00
[2024-03-29T11:45:39.855+0000] {processor.py:183} INFO - Processing /home/airflow/.local/lib/python3.8/site-packages/airflow/example_dags/example_branch_python_dop_operator_3.py took 0.087 seconds
[2024-03-29T11:46:09.905+0000] {processor.py:161} INFO - Started process (PID=701) to work on /home/airflow/.local/lib/python3.8/site-packages/airflow/example_dags/example_branch_python_dop_operator_3.py
[2024-03-29T11:46:09.906+0000] {processor.py:830} INFO - Processing file /home/airflow/.local/lib/python3.8/site-packages/airflow/example_dags/example_branch_python_dop_operator_3.py for tasks to queue
[2024-03-29T11:46:09.908+0000] {logging_mixin.py:188} INFO - [2024-03-29T11:46:09.908+0000] {dagbag.py:540} INFO - Filling up the DagBag from /home/airflow/.local/lib/python3.8/site-packages/airflow/example_dags/example_branch_python_dop_operator_3.py
[2024-03-29T11:46:09.916+0000] {processor.py:840} INFO - DAG(s) 'example_branch_dop_operator_v3' retrieved from /home/airflow/.local/lib/python3.8/site-packages/airflow/example_dags/example_branch_python_dop_operator_3.py
[2024-03-29T11:46:09.946+0000] {logging_mixin.py:188} INFO - [2024-03-29T11:46:09.945+0000] {dag.py:3047} INFO - Sync 1 DAGs
[2024-03-29T11:46:09.972+0000] {logging_mixin.py:188} INFO - [2024-03-29T11:46:09.972+0000] {dag.py:3834} INFO - Setting next_dagrun for example_branch_dop_operator_v3 to 2024-03-29 11:45:00+00:00, run_after=2024-03-29 11:46:00+00:00
[2024-03-29T11:46:09.993+0000] {processor.py:183} INFO - Processing /home/airflow/.local/lib/python3.8/site-packages/airflow/example_dags/example_branch_python_dop_operator_3.py took 0.091 seconds
[2024-03-29T11:46:40.547+0000] {processor.py:161} INFO - Started process (PID=757) to work on /home/airflow/.local/lib/python3.8/site-packages/airflow/example_dags/example_branch_python_dop_operator_3.py
[2024-03-29T11:46:40.548+0000] {processor.py:830} INFO - Processing file /home/airflow/.local/lib/python3.8/site-packages/airflow/example_dags/example_branch_python_dop_operator_3.py for tasks to queue
[2024-03-29T11:46:40.550+0000] {logging_mixin.py:188} INFO - [2024-03-29T11:46:40.549+0000] {dagbag.py:540} INFO - Filling up the DagBag from /home/airflow/.local/lib/python3.8/site-packages/airflow/example_dags/example_branch_python_dop_operator_3.py
[2024-03-29T11:46:40.559+0000] {processor.py:840} INFO - DAG(s) 'example_branch_dop_operator_v3' retrieved from /home/airflow/.local/lib/python3.8/site-packages/airflow/example_dags/example_branch_python_dop_operator_3.py
[2024-03-29T11:46:40.579+0000] {logging_mixin.py:188} INFO - [2024-03-29T11:46:40.578+0000] {dag.py:3047} INFO - Sync 1 DAGs
[2024-03-29T11:46:40.604+0000] {logging_mixin.py:188} INFO - [2024-03-29T11:46:40.604+0000] {dag.py:3834} INFO - Setting next_dagrun for example_branch_dop_operator_v3 to 2024-03-29 11:45:00+00:00, run_after=2024-03-29 11:46:00+00:00
[2024-03-29T11:46:40.623+0000] {processor.py:183} INFO - Processing /home/airflow/.local/lib/python3.8/site-packages/airflow/example_dags/example_branch_python_dop_operator_3.py took 0.078 seconds
[2024-03-29T11:47:10.881+0000] {processor.py:161} INFO - Started process (PID=813) to work on /home/airflow/.local/lib/python3.8/site-packages/airflow/example_dags/example_branch_python_dop_operator_3.py
[2024-03-29T11:47:10.882+0000] {processor.py:830} INFO - Processing file /home/airflow/.local/lib/python3.8/site-packages/airflow/example_dags/example_branch_python_dop_operator_3.py for tasks to queue
[2024-03-29T11:47:10.883+0000] {logging_mixin.py:188} INFO - [2024-03-29T11:47:10.883+0000] {dagbag.py:540} INFO - Filling up the DagBag from /home/airflow/.local/lib/python3.8/site-packages/airflow/example_dags/example_branch_python_dop_operator_3.py
[2024-03-29T11:47:10.892+0000] {processor.py:840} INFO - DAG(s) 'example_branch_dop_operator_v3' retrieved from /home/airflow/.local/lib/python3.8/site-packages/airflow/example_dags/example_branch_python_dop_operator_3.py
[2024-03-29T11:47:10.912+0000] {logging_mixin.py:188} INFO - [2024-03-29T11:47:10.912+0000] {dag.py:3047} INFO - Sync 1 DAGs
[2024-03-29T11:47:10.938+0000] {logging_mixin.py:188} INFO - [2024-03-29T11:47:10.937+0000] {dag.py:3834} INFO - Setting next_dagrun for example_branch_dop_operator_v3 to 2024-03-29 11:46:00+00:00, run_after=2024-03-29 11:47:00+00:00
[2024-03-29T11:47:10.958+0000] {processor.py:183} INFO - Processing /home/airflow/.local/lib/python3.8/site-packages/airflow/example_dags/example_branch_python_dop_operator_3.py took 0.080 seconds
[2024-03-29T11:47:41.472+0000] {processor.py:161} INFO - Started process (PID=869) to work on /home/airflow/.local/lib/python3.8/site-packages/airflow/example_dags/example_branch_python_dop_operator_3.py
[2024-03-29T11:47:41.474+0000] {processor.py:830} INFO - Processing file /home/airflow/.local/lib/python3.8/site-packages/airflow/example_dags/example_branch_python_dop_operator_3.py for tasks to queue
[2024-03-29T11:47:41.477+0000] {logging_mixin.py:188} INFO - [2024-03-29T11:47:41.477+0000] {dagbag.py:540} INFO - Filling up the DagBag from /home/airflow/.local/lib/python3.8/site-packages/airflow/example_dags/example_branch_python_dop_operator_3.py
[2024-03-29T11:47:41.493+0000] {processor.py:840} INFO - DAG(s) 'example_branch_dop_operator_v3' retrieved from /home/airflow/.local/lib/python3.8/site-packages/airflow/example_dags/example_branch_python_dop_operator_3.py
[2024-03-29T11:47:41.527+0000] {logging_mixin.py:188} INFO - [2024-03-29T11:47:41.526+0000] {dag.py:3047} INFO - Sync 1 DAGs
[2024-03-29T11:47:41.560+0000] {logging_mixin.py:188} INFO - [2024-03-29T11:47:41.560+0000] {dag.py:3834} INFO - Setting next_dagrun for example_branch_dop_operator_v3 to 2024-03-29 11:46:00+00:00, run_after=2024-03-29 11:47:00+00:00
[2024-03-29T11:47:41.579+0000] {processor.py:183} INFO - Processing /home/airflow/.local/lib/python3.8/site-packages/airflow/example_dags/example_branch_python_dop_operator_3.py took 0.110 seconds
[2024-03-29T11:48:12.707+0000] {processor.py:161} INFO - Started process (PID=925) to work on /home/airflow/.local/lib/python3.8/site-packages/airflow/example_dags/example_branch_python_dop_operator_3.py
[2024-03-29T11:48:12.708+0000] {processor.py:830} INFO - Processing file /home/airflow/.local/lib/python3.8/site-packages/airflow/example_dags/example_branch_python_dop_operator_3.py for tasks to queue
[2024-03-29T11:48:12.710+0000] {logging_mixin.py:188} INFO - [2024-03-29T11:48:12.710+0000] {dagbag.py:540} INFO - Filling up the DagBag from /home/airflow/.local/lib/python3.8/site-packages/airflow/example_dags/example_branch_python_dop_operator_3.py
[2024-03-29T11:48:12.718+0000] {processor.py:840} INFO - DAG(s) 'example_branch_dop_operator_v3' retrieved from /home/airflow/.local/lib/python3.8/site-packages/airflow/example_dags/example_branch_python_dop_operator_3.py
[2024-03-29T11:48:12.740+0000] {logging_mixin.py:188} INFO - [2024-03-29T11:48:12.739+0000] {dag.py:3047} INFO - Sync 1 DAGs
[2024-03-29T11:48:12.768+0000] {logging_mixin.py:188} INFO - [2024-03-29T11:48:12.768+0000] {dag.py:3834} INFO - Setting next_dagrun for example_branch_dop_operator_v3 to 2024-03-29 11:47:00+00:00, run_after=2024-03-29 11:48:00+00:00
[2024-03-29T11:48:12.828+0000] {processor.py:183} INFO - Processing /home/airflow/.local/lib/python3.8/site-packages/airflow/example_dags/example_branch_python_dop_operator_3.py took 0.124 seconds
[2024-03-29T11:48:43.411+0000] {processor.py:161} INFO - Started process (PID=980) to work on /home/airflow/.local/lib/python3.8/site-packages/airflow/example_dags/example_branch_python_dop_operator_3.py
[2024-03-29T11:48:43.412+0000] {processor.py:830} INFO - Processing file /home/airflow/.local/lib/python3.8/site-packages/airflow/example_dags/example_branch_python_dop_operator_3.py for tasks to queue
[2024-03-29T11:48:43.414+0000] {logging_mixin.py:188} INFO - [2024-03-29T11:48:43.413+0000] {dagbag.py:540} INFO - Filling up the DagBag from /home/airflow/.local/lib/python3.8/site-packages/airflow/example_dags/example_branch_python_dop_operator_3.py
[2024-03-29T11:48:43.426+0000] {processor.py:840} INFO - DAG(s) 'example_branch_dop_operator_v3' retrieved from /home/airflow/.local/lib/python3.8/site-packages/airflow/example_dags/example_branch_python_dop_operator_3.py
[2024-03-29T11:48:43.444+0000] {logging_mixin.py:188} INFO - [2024-03-29T11:48:43.444+0000] {dag.py:3047} INFO - Sync 1 DAGs
[2024-03-29T11:48:43.477+0000] {logging_mixin.py:188} INFO - [2024-03-29T11:48:43.476+0000] {dag.py:3834} INFO - Setting next_dagrun for example_branch_dop_operator_v3 to 2024-03-29 11:47:00+00:00, run_after=2024-03-29 11:48:00+00:00
[2024-03-29T11:48:43.500+0000] {processor.py:183} INFO - Processing /home/airflow/.local/lib/python3.8/site-packages/airflow/example_dags/example_branch_python_dop_operator_3.py took 0.091 seconds
[2024-03-29T11:49:13.681+0000] {processor.py:161} INFO - Started process (PID=1036) to work on /home/airflow/.local/lib/python3.8/site-packages/airflow/example_dags/example_branch_python_dop_operator_3.py
[2024-03-29T11:49:13.682+0000] {processor.py:830} INFO - Processing file /home/airflow/.local/lib/python3.8/site-packages/airflow/example_dags/example_branch_python_dop_operator_3.py for tasks to queue
[2024-03-29T11:49:13.684+0000] {logging_mixin.py:188} INFO - [2024-03-29T11:49:13.683+0000] {dagbag.py:540} INFO - Filling up the DagBag from /home/airflow/.local/lib/python3.8/site-packages/airflow/example_dags/example_branch_python_dop_operator_3.py
[2024-03-29T11:49:13.695+0000] {processor.py:840} INFO - DAG(s) 'example_branch_dop_operator_v3' retrieved from /home/airflow/.local/lib/python3.8/site-packages/airflow/example_dags/example_branch_python_dop_operator_3.py
[2024-03-29T11:49:13.716+0000] {logging_mixin.py:188} INFO - [2024-03-29T11:49:13.716+0000] {dag.py:3047} INFO - Sync 1 DAGs
[2024-03-29T11:49:13.746+0000] {logging_mixin.py:188} INFO - [2024-03-29T11:49:13.746+0000] {dag.py:3834} INFO - Setting next_dagrun for example_branch_dop_operator_v3 to 2024-03-29 11:48:00+00:00, run_after=2024-03-29 11:49:00+00:00
[2024-03-29T11:49:13.766+0000] {processor.py:183} INFO - Processing /home/airflow/.local/lib/python3.8/site-packages/airflow/example_dags/example_branch_python_dop_operator_3.py took 0.088 seconds
[2024-03-29T11:49:44.190+0000] {processor.py:161} INFO - Started process (PID=1091) to work on /home/airflow/.local/lib/python3.8/site-packages/airflow/example_dags/example_branch_python_dop_operator_3.py
[2024-03-29T11:49:44.191+0000] {processor.py:830} INFO - Processing file /home/airflow/.local/lib/python3.8/site-packages/airflow/example_dags/example_branch_python_dop_operator_3.py for tasks to queue
[2024-03-29T11:49:44.196+0000] {logging_mixin.py:188} INFO - [2024-03-29T11:49:44.193+0000] {dagbag.py:540} INFO - Filling up the DagBag from /home/airflow/.local/lib/python3.8/site-packages/airflow/example_dags/example_branch_python_dop_operator_3.py
[2024-03-29T11:49:44.215+0000] {processor.py:840} INFO - DAG(s) 'example_branch_dop_operator_v3' retrieved from /home/airflow/.local/lib/python3.8/site-packages/airflow/example_dags/example_branch_python_dop_operator_3.py
[2024-03-29T11:49:44.246+0000] {logging_mixin.py:188} INFO - [2024-03-29T11:49:44.245+0000] {dag.py:3047} INFO - Sync 1 DAGs
[2024-03-29T11:49:44.278+0000] {logging_mixin.py:188} INFO - [2024-03-29T11:49:44.278+0000] {dag.py:3834} INFO - Setting next_dagrun for example_branch_dop_operator_v3 to 2024-03-29 11:48:00+00:00, run_after=2024-03-29 11:49:00+00:00
[2024-03-29T11:49:44.299+0000] {processor.py:183} INFO - Processing /home/airflow/.local/lib/python3.8/site-packages/airflow/example_dags/example_branch_python_dop_operator_3.py took 0.114 seconds
[2024-03-29T11:50:14.582+0000] {processor.py:161} INFO - Started process (PID=1147) to work on /home/airflow/.local/lib/python3.8/site-packages/airflow/example_dags/example_branch_python_dop_operator_3.py
[2024-03-29T11:50:14.583+0000] {processor.py:830} INFO - Processing file /home/airflow/.local/lib/python3.8/site-packages/airflow/example_dags/example_branch_python_dop_operator_3.py for tasks to queue
[2024-03-29T11:50:14.585+0000] {logging_mixin.py:188} INFO - [2024-03-29T11:50:14.584+0000] {dagbag.py:540} INFO - Filling up the DagBag from /home/airflow/.local/lib/python3.8/site-packages/airflow/example_dags/example_branch_python_dop_operator_3.py
[2024-03-29T11:50:14.594+0000] {processor.py:840} INFO - DAG(s) 'example_branch_dop_operator_v3' retrieved from /home/airflow/.local/lib/python3.8/site-packages/airflow/example_dags/example_branch_python_dop_operator_3.py
[2024-03-29T11:50:14.613+0000] {logging_mixin.py:188} INFO - [2024-03-29T11:50:14.613+0000] {dag.py:3047} INFO - Sync 1 DAGs
[2024-03-29T11:50:14.642+0000] {logging_mixin.py:188} INFO - [2024-03-29T11:50:14.641+0000] {dag.py:3834} INFO - Setting next_dagrun for example_branch_dop_operator_v3 to 2024-03-29 11:49:00+00:00, run_after=2024-03-29 11:50:00+00:00
[2024-03-29T11:50:14.664+0000] {processor.py:183} INFO - Processing /home/airflow/.local/lib/python3.8/site-packages/airflow/example_dags/example_branch_python_dop_operator_3.py took 0.085 seconds
[2024-03-29T11:50:45.359+0000] {processor.py:161} INFO - Started process (PID=1203) to work on /home/airflow/.local/lib/python3.8/site-packages/airflow/example_dags/example_branch_python_dop_operator_3.py
[2024-03-29T11:50:45.360+0000] {processor.py:830} INFO - Processing file /home/airflow/.local/lib/python3.8/site-packages/airflow/example_dags/example_branch_python_dop_operator_3.py for tasks to queue
[2024-03-29T11:50:45.362+0000] {logging_mixin.py:188} INFO - [2024-03-29T11:50:45.361+0000] {dagbag.py:540} INFO - Filling up the DagBag from /home/airflow/.local/lib/python3.8/site-packages/airflow/example_dags/example_branch_python_dop_operator_3.py
[2024-03-29T11:50:45.373+0000] {processor.py:840} INFO - DAG(s) 'example_branch_dop_operator_v3' retrieved from /home/airflow/.local/lib/python3.8/site-packages/airflow/example_dags/example_branch_python_dop_operator_3.py
[2024-03-29T11:50:45.394+0000] {logging_mixin.py:188} INFO - [2024-03-29T11:50:45.394+0000] {dag.py:3047} INFO - Sync 1 DAGs
[2024-03-29T11:50:45.424+0000] {logging_mixin.py:188} INFO - [2024-03-29T11:50:45.424+0000] {dag.py:3834} INFO - Setting next_dagrun for example_branch_dop_operator_v3 to 2024-03-29 11:49:00+00:00, run_after=2024-03-29 11:50:00+00:00
[2024-03-29T11:50:45.443+0000] {processor.py:183} INFO - Processing /home/airflow/.local/lib/python3.8/site-packages/airflow/example_dags/example_branch_python_dop_operator_3.py took 0.087 seconds
[2024-03-29T11:51:16.153+0000] {processor.py:161} INFO - Started process (PID=1259) to work on /home/airflow/.local/lib/python3.8/site-packages/airflow/example_dags/example_branch_python_dop_operator_3.py
[2024-03-29T11:51:16.154+0000] {processor.py:830} INFO - Processing file /home/airflow/.local/lib/python3.8/site-packages/airflow/example_dags/example_branch_python_dop_operator_3.py for tasks to queue
[2024-03-29T11:51:16.159+0000] {logging_mixin.py:188} INFO - [2024-03-29T11:51:16.157+0000] {dagbag.py:540} INFO - Filling up the DagBag from /home/airflow/.local/lib/python3.8/site-packages/airflow/example_dags/example_branch_python_dop_operator_3.py
[2024-03-29T11:51:16.168+0000] {processor.py:840} INFO - DAG(s) 'example_branch_dop_operator_v3' retrieved from /home/airflow/.local/lib/python3.8/site-packages/airflow/example_dags/example_branch_python_dop_operator_3.py
[2024-03-29T11:51:16.200+0000] {logging_mixin.py:188} INFO - [2024-03-29T11:51:16.199+0000] {dag.py:3047} INFO - Sync 1 DAGs
[2024-03-29T11:51:16.235+0000] {logging_mixin.py:188} INFO - [2024-03-29T11:51:16.235+0000] {dag.py:3834} INFO - Setting next_dagrun for example_branch_dop_operator_v3 to 2024-03-29 11:50:00+00:00, run_after=2024-03-29 11:51:00+00:00
[2024-03-29T11:51:16.261+0000] {processor.py:183} INFO - Processing /home/airflow/.local/lib/python3.8/site-packages/airflow/example_dags/example_branch_python_dop_operator_3.py took 0.111 seconds
[2024-03-29T11:51:47.329+0000] {processor.py:161} INFO - Started process (PID=1315) to work on /home/airflow/.local/lib/python3.8/site-packages/airflow/example_dags/example_branch_python_dop_operator_3.py
[2024-03-29T11:51:47.331+0000] {processor.py:830} INFO - Processing file /home/airflow/.local/lib/python3.8/site-packages/airflow/example_dags/example_branch_python_dop_operator_3.py for tasks to queue
[2024-03-29T11:51:47.333+0000] {logging_mixin.py:188} INFO - [2024-03-29T11:51:47.333+0000] {dagbag.py:540} INFO - Filling up the DagBag from /home/airflow/.local/lib/python3.8/site-packages/airflow/example_dags/example_branch_python_dop_operator_3.py
[2024-03-29T11:51:47.344+0000] {processor.py:840} INFO - DAG(s) 'example_branch_dop_operator_v3' retrieved from /home/airflow/.local/lib/python3.8/site-packages/airflow/example_dags/example_branch_python_dop_operator_3.py
[2024-03-29T11:51:47.376+0000] {logging_mixin.py:188} INFO - [2024-03-29T11:51:47.375+0000] {dag.py:3047} INFO - Sync 1 DAGs
[2024-03-29T11:51:47.409+0000] {logging_mixin.py:188} INFO - [2024-03-29T11:51:47.408+0000] {dag.py:3834} INFO - Setting next_dagrun for example_branch_dop_operator_v3 to 2024-03-29 11:50:00+00:00, run_after=2024-03-29 11:51:00+00:00
[2024-03-29T11:51:47.432+0000] {processor.py:183} INFO - Processing /home/airflow/.local/lib/python3.8/site-packages/airflow/example_dags/example_branch_python_dop_operator_3.py took 0.106 seconds
[2024-03-29T11:52:18.362+0000] {processor.py:161} INFO - Started process (PID=1371) to work on /home/airflow/.local/lib/python3.8/site-packages/airflow/example_dags/example_branch_python_dop_operator_3.py
[2024-03-29T11:52:18.364+0000] {processor.py:830} INFO - Processing file /home/airflow/.local/lib/python3.8/site-packages/airflow/example_dags/example_branch_python_dop_operator_3.py for tasks to queue
[2024-03-29T11:52:18.365+0000] {logging_mixin.py:188} INFO - [2024-03-29T11:52:18.365+0000] {dagbag.py:540} INFO - Filling up the DagBag from /home/airflow/.local/lib/python3.8/site-packages/airflow/example_dags/example_branch_python_dop_operator_3.py
[2024-03-29T11:52:18.377+0000] {processor.py:840} INFO - DAG(s) 'example_branch_dop_operator_v3' retrieved from /home/airflow/.local/lib/python3.8/site-packages/airflow/example_dags/example_branch_python_dop_operator_3.py
[2024-03-29T11:52:18.401+0000] {logging_mixin.py:188} INFO - [2024-03-29T11:52:18.400+0000] {dag.py:3047} INFO - Sync 1 DAGs
[2024-03-29T11:52:18.440+0000] {logging_mixin.py:188} INFO - [2024-03-29T11:52:18.440+0000] {dag.py:3834} INFO - Setting next_dagrun for example_branch_dop_operator_v3 to 2024-03-29 11:51:00+00:00, run_after=2024-03-29 11:52:00+00:00
[2024-03-29T11:52:18.463+0000] {processor.py:183} INFO - Processing /home/airflow/.local/lib/python3.8/site-packages/airflow/example_dags/example_branch_python_dop_operator_3.py took 0.104 seconds
[2024-03-29T11:52:48.552+0000] {processor.py:161} INFO - Started process (PID=1427) to work on /home/airflow/.local/lib/python3.8/site-packages/airflow/example_dags/example_branch_python_dop_operator_3.py
[2024-03-29T11:52:48.555+0000] {processor.py:830} INFO - Processing file /home/airflow/.local/lib/python3.8/site-packages/airflow/example_dags/example_branch_python_dop_operator_3.py for tasks to queue
[2024-03-29T11:52:48.559+0000] {logging_mixin.py:188} INFO - [2024-03-29T11:52:48.558+0000] {dagbag.py:540} INFO - Filling up the DagBag from /home/airflow/.local/lib/python3.8/site-packages/airflow/example_dags/example_branch_python_dop_operator_3.py
[2024-03-29T11:52:48.570+0000] {processor.py:840} INFO - DAG(s) 'example_branch_dop_operator_v3' retrieved from /home/airflow/.local/lib/python3.8/site-packages/airflow/example_dags/example_branch_python_dop_operator_3.py
[2024-03-29T11:52:48.596+0000] {logging_mixin.py:188} INFO - [2024-03-29T11:52:48.595+0000] {dag.py:3047} INFO - Sync 1 DAGs
[2024-03-29T11:52:48.630+0000] {logging_mixin.py:188} INFO - [2024-03-29T11:52:48.629+0000] {dag.py:3834} INFO - Setting next_dagrun for example_branch_dop_operator_v3 to 2024-03-29 11:51:00+00:00, run_after=2024-03-29 11:52:00+00:00
[2024-03-29T11:52:48.650+0000] {processor.py:183} INFO - Processing /home/airflow/.local/lib/python3.8/site-packages/airflow/example_dags/example_branch_python_dop_operator_3.py took 0.102 seconds
[2024-03-29T11:53:18.797+0000] {processor.py:161} INFO - Started process (PID=1483) to work on /home/airflow/.local/lib/python3.8/site-packages/airflow/example_dags/example_branch_python_dop_operator_3.py
[2024-03-29T11:53:18.798+0000] {processor.py:830} INFO - Processing file /home/airflow/.local/lib/python3.8/site-packages/airflow/example_dags/example_branch_python_dop_operator_3.py for tasks to queue
[2024-03-29T11:53:18.799+0000] {logging_mixin.py:188} INFO - [2024-03-29T11:53:18.799+0000] {dagbag.py:540} INFO - Filling up the DagBag from /home/airflow/.local/lib/python3.8/site-packages/airflow/example_dags/example_branch_python_dop_operator_3.py
[2024-03-29T11:53:18.815+0000] {processor.py:840} INFO - DAG(s) 'example_branch_dop_operator_v3' retrieved from /home/airflow/.local/lib/python3.8/site-packages/airflow/example_dags/example_branch_python_dop_operator_3.py
[2024-03-29T11:53:18.834+0000] {logging_mixin.py:188} INFO - [2024-03-29T11:53:18.834+0000] {dag.py:3047} INFO - Sync 1 DAGs
[2024-03-29T11:53:18.872+0000] {logging_mixin.py:188} INFO - [2024-03-29T11:53:18.871+0000] {dag.py:3834} INFO - Setting next_dagrun for example_branch_dop_operator_v3 to 2024-03-29 11:52:00+00:00, run_after=2024-03-29 11:53:00+00:00
[2024-03-29T11:53:18.904+0000] {processor.py:183} INFO - Processing /home/airflow/.local/lib/python3.8/site-packages/airflow/example_dags/example_branch_python_dop_operator_3.py took 0.109 seconds
[2024-03-29T11:53:49.022+0000] {processor.py:161} INFO - Started process (PID=1540) to work on /home/airflow/.local/lib/python3.8/site-packages/airflow/example_dags/example_branch_python_dop_operator_3.py
[2024-03-29T11:53:49.023+0000] {processor.py:830} INFO - Processing file /home/airflow/.local/lib/python3.8/site-packages/airflow/example_dags/example_branch_python_dop_operator_3.py for tasks to queue
[2024-03-29T11:53:49.025+0000] {logging_mixin.py:188} INFO - [2024-03-29T11:53:49.024+0000] {dagbag.py:540} INFO - Filling up the DagBag from /home/airflow/.local/lib/python3.8/site-packages/airflow/example_dags/example_branch_python_dop_operator_3.py
[2024-03-29T11:53:49.036+0000] {processor.py:840} INFO - DAG(s) 'example_branch_dop_operator_v3' retrieved from /home/airflow/.local/lib/python3.8/site-packages/airflow/example_dags/example_branch_python_dop_operator_3.py
[2024-03-29T11:53:49.061+0000] {logging_mixin.py:188} INFO - [2024-03-29T11:53:49.060+0000] {dag.py:3047} INFO - Sync 1 DAGs
[2024-03-29T11:53:49.095+0000] {logging_mixin.py:188} INFO - [2024-03-29T11:53:49.094+0000] {dag.py:3834} INFO - Setting next_dagrun for example_branch_dop_operator_v3 to 2024-03-29 11:52:00+00:00, run_after=2024-03-29 11:53:00+00:00
[2024-03-29T11:53:49.119+0000] {processor.py:183} INFO - Processing /home/airflow/.local/lib/python3.8/site-packages/airflow/example_dags/example_branch_python_dop_operator_3.py took 0.101 seconds
[2024-03-29T11:54:19.731+0000] {processor.py:161} INFO - Started process (PID=1596) to work on /home/airflow/.local/lib/python3.8/site-packages/airflow/example_dags/example_branch_python_dop_operator_3.py
[2024-03-29T11:54:19.732+0000] {processor.py:830} INFO - Processing file /home/airflow/.local/lib/python3.8/site-packages/airflow/example_dags/example_branch_python_dop_operator_3.py for tasks to queue
[2024-03-29T11:54:19.733+0000] {logging_mixin.py:188} INFO - [2024-03-29T11:54:19.733+0000] {dagbag.py:540} INFO - Filling up the DagBag from /home/airflow/.local/lib/python3.8/site-packages/airflow/example_dags/example_branch_python_dop_operator_3.py
[2024-03-29T11:54:19.744+0000] {processor.py:840} INFO - DAG(s) 'example_branch_dop_operator_v3' retrieved from /home/airflow/.local/lib/python3.8/site-packages/airflow/example_dags/example_branch_python_dop_operator_3.py
[2024-03-29T11:54:19.768+0000] {logging_mixin.py:188} INFO - [2024-03-29T11:54:19.767+0000] {dag.py:3047} INFO - Sync 1 DAGs
[2024-03-29T11:54:19.803+0000] {logging_mixin.py:188} INFO - [2024-03-29T11:54:19.802+0000] {dag.py:3834} INFO - Setting next_dagrun for example_branch_dop_operator_v3 to 2024-03-29 11:53:00+00:00, run_after=2024-03-29 11:54:00+00:00
[2024-03-29T11:54:19.823+0000] {processor.py:183} INFO - Processing /home/airflow/.local/lib/python3.8/site-packages/airflow/example_dags/example_branch_python_dop_operator_3.py took 0.095 seconds
[2024-03-29T11:54:50.492+0000] {processor.py:161} INFO - Started process (PID=1658) to work on /home/airflow/.local/lib/python3.8/site-packages/airflow/example_dags/example_branch_python_dop_operator_3.py
[2024-03-29T11:54:50.493+0000] {processor.py:830} INFO - Processing file /home/airflow/.local/lib/python3.8/site-packages/airflow/example_dags/example_branch_python_dop_operator_3.py for tasks to queue
[2024-03-29T11:54:50.495+0000] {logging_mixin.py:188} INFO - [2024-03-29T11:54:50.495+0000] {dagbag.py:540} INFO - Filling up the DagBag from /home/airflow/.local/lib/python3.8/site-packages/airflow/example_dags/example_branch_python_dop_operator_3.py
[2024-03-29T11:54:50.503+0000] {processor.py:840} INFO - DAG(s) 'example_branch_dop_operator_v3' retrieved from /home/airflow/.local/lib/python3.8/site-packages/airflow/example_dags/example_branch_python_dop_operator_3.py
[2024-03-29T11:54:50.522+0000] {logging_mixin.py:188} INFO - [2024-03-29T11:54:50.522+0000] {dag.py:3047} INFO - Sync 1 DAGs
[2024-03-29T11:54:50.549+0000] {logging_mixin.py:188} INFO - [2024-03-29T11:54:50.549+0000] {dag.py:3834} INFO - Setting next_dagrun for example_branch_dop_operator_v3 to 2024-03-29 11:53:00+00:00, run_after=2024-03-29 11:54:00+00:00
[2024-03-29T11:54:50.572+0000] {processor.py:183} INFO - Processing /home/airflow/.local/lib/python3.8/site-packages/airflow/example_dags/example_branch_python_dop_operator_3.py took 0.083 seconds
[2024-03-29T11:55:21.262+0000] {processor.py:161} INFO - Started process (PID=1715) to work on /home/airflow/.local/lib/python3.8/site-packages/airflow/example_dags/example_branch_python_dop_operator_3.py
[2024-03-29T11:55:21.263+0000] {processor.py:830} INFO - Processing file /home/airflow/.local/lib/python3.8/site-packages/airflow/example_dags/example_branch_python_dop_operator_3.py for tasks to queue
[2024-03-29T11:55:21.264+0000] {logging_mixin.py:188} INFO - [2024-03-29T11:55:21.264+0000] {dagbag.py:540} INFO - Filling up the DagBag from /home/airflow/.local/lib/python3.8/site-packages/airflow/example_dags/example_branch_python_dop_operator_3.py
[2024-03-29T11:55:21.273+0000] {processor.py:840} INFO - DAG(s) 'example_branch_dop_operator_v3' retrieved from /home/airflow/.local/lib/python3.8/site-packages/airflow/example_dags/example_branch_python_dop_operator_3.py
[2024-03-29T11:55:21.301+0000] {logging_mixin.py:188} INFO - [2024-03-29T11:55:21.300+0000] {dag.py:3047} INFO - Sync 1 DAGs
[2024-03-29T11:55:21.337+0000] {logging_mixin.py:188} INFO - [2024-03-29T11:55:21.336+0000] {dag.py:3834} INFO - Setting next_dagrun for example_branch_dop_operator_v3 to 2024-03-29 11:54:00+00:00, run_after=2024-03-29 11:55:00+00:00
[2024-03-29T11:55:21.377+0000] {processor.py:183} INFO - Processing /home/airflow/.local/lib/python3.8/site-packages/airflow/example_dags/example_branch_python_dop_operator_3.py took 0.118 seconds
[2024-03-29T11:55:51.713+0000] {processor.py:161} INFO - Started process (PID=1771) to work on /home/airflow/.local/lib/python3.8/site-packages/airflow/example_dags/example_branch_python_dop_operator_3.py
[2024-03-29T11:55:51.714+0000] {processor.py:830} INFO - Processing file /home/airflow/.local/lib/python3.8/site-packages/airflow/example_dags/example_branch_python_dop_operator_3.py for tasks to queue
[2024-03-29T11:55:51.719+0000] {logging_mixin.py:188} INFO - [2024-03-29T11:55:51.718+0000] {dagbag.py:540} INFO - Filling up the DagBag from /home/airflow/.local/lib/python3.8/site-packages/airflow/example_dags/example_branch_python_dop_operator_3.py
[2024-03-29T11:55:51.730+0000] {processor.py:840} INFO - DAG(s) 'example_branch_dop_operator_v3' retrieved from /home/airflow/.local/lib/python3.8/site-packages/airflow/example_dags/example_branch_python_dop_operator_3.py
[2024-03-29T11:55:51.753+0000] {logging_mixin.py:188} INFO - [2024-03-29T11:55:51.752+0000] {dag.py:3047} INFO - Sync 1 DAGs
[2024-03-29T11:55:51.791+0000] {logging_mixin.py:188} INFO - [2024-03-29T11:55:51.791+0000] {dag.py:3834} INFO - Setting next_dagrun for example_branch_dop_operator_v3 to 2024-03-29 11:54:00+00:00, run_after=2024-03-29 11:55:00+00:00
[2024-03-29T11:55:52.019+0000] {processor.py:183} INFO - Processing /home/airflow/.local/lib/python3.8/site-packages/airflow/example_dags/example_branch_python_dop_operator_3.py took 0.310 seconds
[2024-03-29T11:56:22.093+0000] {processor.py:161} INFO - Started process (PID=1828) to work on /home/airflow/.local/lib/python3.8/site-packages/airflow/example_dags/example_branch_python_dop_operator_3.py
[2024-03-29T11:56:22.094+0000] {processor.py:830} INFO - Processing file /home/airflow/.local/lib/python3.8/site-packages/airflow/example_dags/example_branch_python_dop_operator_3.py for tasks to queue
[2024-03-29T11:56:22.096+0000] {logging_mixin.py:188} INFO - [2024-03-29T11:56:22.096+0000] {dagbag.py:540} INFO - Filling up the DagBag from /home/airflow/.local/lib/python3.8/site-packages/airflow/example_dags/example_branch_python_dop_operator_3.py
[2024-03-29T11:56:22.107+0000] {processor.py:840} INFO - DAG(s) 'example_branch_dop_operator_v3' retrieved from /home/airflow/.local/lib/python3.8/site-packages/airflow/example_dags/example_branch_python_dop_operator_3.py
[2024-03-29T11:56:22.130+0000] {logging_mixin.py:188} INFO - [2024-03-29T11:56:22.129+0000] {dag.py:3047} INFO - Sync 1 DAGs
[2024-03-29T11:56:22.159+0000] {logging_mixin.py:188} INFO - [2024-03-29T11:56:22.159+0000] {dag.py:3834} INFO - Setting next_dagrun for example_branch_dop_operator_v3 to 2024-03-29 11:55:00+00:00, run_after=2024-03-29 11:56:00+00:00
[2024-03-29T11:56:22.362+0000] {processor.py:183} INFO - Processing /home/airflow/.local/lib/python3.8/site-packages/airflow/example_dags/example_branch_python_dop_operator_3.py took 0.271 seconds
[2024-03-29T11:56:52.827+0000] {processor.py:161} INFO - Started process (PID=1885) to work on /home/airflow/.local/lib/python3.8/site-packages/airflow/example_dags/example_branch_python_dop_operator_3.py
[2024-03-29T11:56:52.829+0000] {processor.py:830} INFO - Processing file /home/airflow/.local/lib/python3.8/site-packages/airflow/example_dags/example_branch_python_dop_operator_3.py for tasks to queue
[2024-03-29T11:56:52.831+0000] {logging_mixin.py:188} INFO - [2024-03-29T11:56:52.831+0000] {dagbag.py:540} INFO - Filling up the DagBag from /home/airflow/.local/lib/python3.8/site-packages/airflow/example_dags/example_branch_python_dop_operator_3.py
[2024-03-29T11:56:52.848+0000] {processor.py:840} INFO - DAG(s) 'example_branch_dop_operator_v3' retrieved from /home/airflow/.local/lib/python3.8/site-packages/airflow/example_dags/example_branch_python_dop_operator_3.py
[2024-03-29T11:56:52.879+0000] {logging_mixin.py:188} INFO - [2024-03-29T11:56:52.878+0000] {dag.py:3047} INFO - Sync 1 DAGs
[2024-03-29T11:56:52.952+0000] {logging_mixin.py:188} INFO - [2024-03-29T11:56:52.951+0000] {dag.py:3834} INFO - Setting next_dagrun for example_branch_dop_operator_v3 to 2024-03-29 11:55:00+00:00, run_after=2024-03-29 11:56:00+00:00
[2024-03-29T11:56:52.994+0000] {processor.py:183} INFO - Processing /home/airflow/.local/lib/python3.8/site-packages/airflow/example_dags/example_branch_python_dop_operator_3.py took 0.172 seconds
[2024-03-29T11:57:23.559+0000] {processor.py:161} INFO - Started process (PID=1941) to work on /home/airflow/.local/lib/python3.8/site-packages/airflow/example_dags/example_branch_python_dop_operator_3.py
[2024-03-29T11:57:23.560+0000] {processor.py:830} INFO - Processing file /home/airflow/.local/lib/python3.8/site-packages/airflow/example_dags/example_branch_python_dop_operator_3.py for tasks to queue
[2024-03-29T11:57:23.562+0000] {logging_mixin.py:188} INFO - [2024-03-29T11:57:23.562+0000] {dagbag.py:540} INFO - Filling up the DagBag from /home/airflow/.local/lib/python3.8/site-packages/airflow/example_dags/example_branch_python_dop_operator_3.py
[2024-03-29T11:57:23.577+0000] {processor.py:840} INFO - DAG(s) 'example_branch_dop_operator_v3' retrieved from /home/airflow/.local/lib/python3.8/site-packages/airflow/example_dags/example_branch_python_dop_operator_3.py
[2024-03-29T11:57:23.608+0000] {logging_mixin.py:188} INFO - [2024-03-29T11:57:23.607+0000] {dag.py:3047} INFO - Sync 1 DAGs
[2024-03-29T11:57:23.645+0000] {logging_mixin.py:188} INFO - [2024-03-29T11:57:23.644+0000] {dag.py:3834} INFO - Setting next_dagrun for example_branch_dop_operator_v3 to 2024-03-29 11:56:00+00:00, run_after=2024-03-29 11:57:00+00:00
[2024-03-29T11:57:23.675+0000] {processor.py:183} INFO - Processing /home/airflow/.local/lib/python3.8/site-packages/airflow/example_dags/example_branch_python_dop_operator_3.py took 0.120 seconds
[2024-03-29T11:57:53.775+0000] {processor.py:161} INFO - Started process (PID=1997) to work on /home/airflow/.local/lib/python3.8/site-packages/airflow/example_dags/example_branch_python_dop_operator_3.py
[2024-03-29T11:57:53.776+0000] {processor.py:830} INFO - Processing file /home/airflow/.local/lib/python3.8/site-packages/airflow/example_dags/example_branch_python_dop_operator_3.py for tasks to queue
[2024-03-29T11:57:53.778+0000] {logging_mixin.py:188} INFO - [2024-03-29T11:57:53.777+0000] {dagbag.py:540} INFO - Filling up the DagBag from /home/airflow/.local/lib/python3.8/site-packages/airflow/example_dags/example_branch_python_dop_operator_3.py
[2024-03-29T11:57:53.791+0000] {processor.py:840} INFO - DAG(s) 'example_branch_dop_operator_v3' retrieved from /home/airflow/.local/lib/python3.8/site-packages/airflow/example_dags/example_branch_python_dop_operator_3.py
[2024-03-29T11:57:53.820+0000] {logging_mixin.py:188} INFO - [2024-03-29T11:57:53.819+0000] {dag.py:3047} INFO - Sync 1 DAGs
[2024-03-29T11:57:53.867+0000] {logging_mixin.py:188} INFO - [2024-03-29T11:57:53.866+0000] {dag.py:3834} INFO - Setting next_dagrun for example_branch_dop_operator_v3 to 2024-03-29 11:56:00+00:00, run_after=2024-03-29 11:57:00+00:00
[2024-03-29T11:57:53.887+0000] {processor.py:183} INFO - Processing /home/airflow/.local/lib/python3.8/site-packages/airflow/example_dags/example_branch_python_dop_operator_3.py took 0.114 seconds
[2024-03-29T11:58:24.097+0000] {processor.py:161} INFO - Started process (PID=2052) to work on /home/airflow/.local/lib/python3.8/site-packages/airflow/example_dags/example_branch_python_dop_operator_3.py
[2024-03-29T11:58:24.098+0000] {processor.py:830} INFO - Processing file /home/airflow/.local/lib/python3.8/site-packages/airflow/example_dags/example_branch_python_dop_operator_3.py for tasks to queue
[2024-03-29T11:58:24.101+0000] {logging_mixin.py:188} INFO - [2024-03-29T11:58:24.100+0000] {dagbag.py:540} INFO - Filling up the DagBag from /home/airflow/.local/lib/python3.8/site-packages/airflow/example_dags/example_branch_python_dop_operator_3.py
[2024-03-29T11:58:24.115+0000] {processor.py:840} INFO - DAG(s) 'example_branch_dop_operator_v3' retrieved from /home/airflow/.local/lib/python3.8/site-packages/airflow/example_dags/example_branch_python_dop_operator_3.py
[2024-03-29T11:58:24.153+0000] {logging_mixin.py:188} INFO - [2024-03-29T11:58:24.152+0000] {dag.py:3047} INFO - Sync 1 DAGs
[2024-03-29T11:58:24.185+0000] {logging_mixin.py:188} INFO - [2024-03-29T11:58:24.185+0000] {dag.py:3834} INFO - Setting next_dagrun for example_branch_dop_operator_v3 to 2024-03-29 11:57:00+00:00, run_after=2024-03-29 11:58:00+00:00
[2024-03-29T11:58:24.224+0000] {processor.py:183} INFO - Processing /home/airflow/.local/lib/python3.8/site-packages/airflow/example_dags/example_branch_python_dop_operator_3.py took 0.130 seconds
[2024-03-29T11:58:54.523+0000] {processor.py:161} INFO - Started process (PID=2108) to work on /home/airflow/.local/lib/python3.8/site-packages/airflow/example_dags/example_branch_python_dop_operator_3.py
[2024-03-29T11:58:54.526+0000] {processor.py:830} INFO - Processing file /home/airflow/.local/lib/python3.8/site-packages/airflow/example_dags/example_branch_python_dop_operator_3.py for tasks to queue
[2024-03-29T11:58:54.535+0000] {logging_mixin.py:188} INFO - [2024-03-29T11:58:54.533+0000] {dagbag.py:540} INFO - Filling up the DagBag from /home/airflow/.local/lib/python3.8/site-packages/airflow/example_dags/example_branch_python_dop_operator_3.py
[2024-03-29T11:58:54.549+0000] {processor.py:840} INFO - DAG(s) 'example_branch_dop_operator_v3' retrieved from /home/airflow/.local/lib/python3.8/site-packages/airflow/example_dags/example_branch_python_dop_operator_3.py
[2024-03-29T11:58:54.584+0000] {logging_mixin.py:188} INFO - [2024-03-29T11:58:54.583+0000] {dag.py:3047} INFO - Sync 1 DAGs
[2024-03-29T11:58:54.633+0000] {logging_mixin.py:188} INFO - [2024-03-29T11:58:54.633+0000] {dag.py:3834} INFO - Setting next_dagrun for example_branch_dop_operator_v3 to 2024-03-29 11:57:00+00:00, run_after=2024-03-29 11:58:00+00:00
[2024-03-29T11:58:54.671+0000] {processor.py:183} INFO - Processing /home/airflow/.local/lib/python3.8/site-packages/airflow/example_dags/example_branch_python_dop_operator_3.py took 0.152 seconds
[2024-03-29T11:59:24.971+0000] {processor.py:161} INFO - Started process (PID=2164) to work on /home/airflow/.local/lib/python3.8/site-packages/airflow/example_dags/example_branch_python_dop_operator_3.py
[2024-03-29T11:59:24.972+0000] {processor.py:830} INFO - Processing file /home/airflow/.local/lib/python3.8/site-packages/airflow/example_dags/example_branch_python_dop_operator_3.py for tasks to queue
[2024-03-29T11:59:24.973+0000] {logging_mixin.py:188} INFO - [2024-03-29T11:59:24.973+0000] {dagbag.py:540} INFO - Filling up the DagBag from /home/airflow/.local/lib/python3.8/site-packages/airflow/example_dags/example_branch_python_dop_operator_3.py
[2024-03-29T11:59:24.982+0000] {processor.py:840} INFO - DAG(s) 'example_branch_dop_operator_v3' retrieved from /home/airflow/.local/lib/python3.8/site-packages/airflow/example_dags/example_branch_python_dop_operator_3.py
[2024-03-29T11:59:25.008+0000] {logging_mixin.py:188} INFO - [2024-03-29T11:59:25.007+0000] {dag.py:3047} INFO - Sync 1 DAGs
[2024-03-29T11:59:25.037+0000] {logging_mixin.py:188} INFO - [2024-03-29T11:59:25.037+0000] {dag.py:3834} INFO - Setting next_dagrun for example_branch_dop_operator_v3 to 2024-03-29 11:58:00+00:00, run_after=2024-03-29 11:59:00+00:00
[2024-03-29T11:59:25.060+0000] {processor.py:183} INFO - Processing /home/airflow/.local/lib/python3.8/site-packages/airflow/example_dags/example_branch_python_dop_operator_3.py took 0.093 seconds
