[2024-03-29T11:24:38.237+0000] {processor.py:161} INFO - Started process (PID=52) to work on /home/airflow/.local/lib/python3.8/site-packages/airflow/example_dags/example_sensors.py
[2024-03-29T11:24:38.239+0000] {processor.py:830} INFO - Processing file /home/airflow/.local/lib/python3.8/site-packages/airflow/example_dags/example_sensors.py for tasks to queue
[2024-03-29T11:24:38.248+0000] {logging_mixin.py:188} INFO - [2024-03-29T11:24:38.242+0000] {dagbag.py:540} INFO - Filling up the DagBag from /home/airflow/.local/lib/python3.8/site-packages/airflow/example_dags/example_sensors.py
[2024-03-29T11:24:38.264+0000] {processor.py:840} INFO - DAG(s) 'example_sensors' retrieved from /home/airflow/.local/lib/python3.8/site-packages/airflow/example_dags/example_sensors.py
[2024-03-29T11:24:38.294+0000] {logging_mixin.py:188} INFO - [2024-03-29T11:24:38.294+0000] {dag.py:3047} INFO - Sync 1 DAGs
[2024-03-29T11:24:38.315+0000] {logging_mixin.py:188} INFO - [2024-03-29T11:24:38.314+0000] {dag.py:3834} INFO - Setting next_dagrun for example_sensors to None, run_after=None
[2024-03-29T11:24:38.365+0000] {processor.py:183} INFO - Processing /home/airflow/.local/lib/python3.8/site-packages/airflow/example_dags/example_sensors.py took 0.131 seconds
[2024-03-29T11:25:08.740+0000] {processor.py:161} INFO - Started process (PID=108) to work on /home/airflow/.local/lib/python3.8/site-packages/airflow/example_dags/example_sensors.py
[2024-03-29T11:25:08.742+0000] {processor.py:830} INFO - Processing file /home/airflow/.local/lib/python3.8/site-packages/airflow/example_dags/example_sensors.py for tasks to queue
[2024-03-29T11:25:08.744+0000] {logging_mixin.py:188} INFO - [2024-03-29T11:25:08.744+0000] {dagbag.py:540} INFO - Filling up the DagBag from /home/airflow/.local/lib/python3.8/site-packages/airflow/example_dags/example_sensors.py
[2024-03-29T11:25:08.753+0000] {processor.py:840} INFO - DAG(s) 'example_sensors' retrieved from /home/airflow/.local/lib/python3.8/site-packages/airflow/example_dags/example_sensors.py
[2024-03-29T11:25:08.868+0000] {logging_mixin.py:188} INFO - [2024-03-29T11:25:08.868+0000] {dag.py:3047} INFO - Sync 1 DAGs
[2024-03-29T11:25:08.880+0000] {logging_mixin.py:188} INFO - [2024-03-29T11:25:08.880+0000] {dag.py:3834} INFO - Setting next_dagrun for example_sensors to None, run_after=None
[2024-03-29T11:25:08.900+0000] {processor.py:183} INFO - Processing /home/airflow/.local/lib/python3.8/site-packages/airflow/example_dags/example_sensors.py took 0.163 seconds
[2024-03-29T11:25:38.986+0000] {processor.py:161} INFO - Started process (PID=164) to work on /home/airflow/.local/lib/python3.8/site-packages/airflow/example_dags/example_sensors.py
[2024-03-29T11:25:38.987+0000] {processor.py:830} INFO - Processing file /home/airflow/.local/lib/python3.8/site-packages/airflow/example_dags/example_sensors.py for tasks to queue
[2024-03-29T11:25:38.990+0000] {logging_mixin.py:188} INFO - [2024-03-29T11:25:38.989+0000] {dagbag.py:540} INFO - Filling up the DagBag from /home/airflow/.local/lib/python3.8/site-packages/airflow/example_dags/example_sensors.py
[2024-03-29T11:25:38.999+0000] {processor.py:840} INFO - DAG(s) 'example_sensors' retrieved from /home/airflow/.local/lib/python3.8/site-packages/airflow/example_dags/example_sensors.py
[2024-03-29T11:25:39.036+0000] {logging_mixin.py:188} INFO - [2024-03-29T11:25:39.036+0000] {dag.py:3047} INFO - Sync 1 DAGs
[2024-03-29T11:25:39.050+0000] {logging_mixin.py:188} INFO - [2024-03-29T11:25:39.050+0000] {dag.py:3834} INFO - Setting next_dagrun for example_sensors to None, run_after=None
[2024-03-29T11:25:39.067+0000] {processor.py:183} INFO - Processing /home/airflow/.local/lib/python3.8/site-packages/airflow/example_dags/example_sensors.py took 0.083 seconds
[2024-03-29T11:26:09.213+0000] {processor.py:161} INFO - Started process (PID=219) to work on /home/airflow/.local/lib/python3.8/site-packages/airflow/example_dags/example_sensors.py
[2024-03-29T11:26:09.214+0000] {processor.py:830} INFO - Processing file /home/airflow/.local/lib/python3.8/site-packages/airflow/example_dags/example_sensors.py for tasks to queue
[2024-03-29T11:26:09.216+0000] {logging_mixin.py:188} INFO - [2024-03-29T11:26:09.215+0000] {dagbag.py:540} INFO - Filling up the DagBag from /home/airflow/.local/lib/python3.8/site-packages/airflow/example_dags/example_sensors.py
[2024-03-29T11:26:09.226+0000] {processor.py:840} INFO - DAG(s) 'example_sensors' retrieved from /home/airflow/.local/lib/python3.8/site-packages/airflow/example_dags/example_sensors.py
[2024-03-29T11:26:09.250+0000] {logging_mixin.py:188} INFO - [2024-03-29T11:26:09.250+0000] {dag.py:3047} INFO - Sync 1 DAGs
[2024-03-29T11:26:09.263+0000] {logging_mixin.py:188} INFO - [2024-03-29T11:26:09.263+0000] {dag.py:3834} INFO - Setting next_dagrun for example_sensors to None, run_after=None
[2024-03-29T11:26:09.289+0000] {processor.py:183} INFO - Processing /home/airflow/.local/lib/python3.8/site-packages/airflow/example_dags/example_sensors.py took 0.079 seconds
[2024-03-29T11:26:40.350+0000] {processor.py:161} INFO - Started process (PID=275) to work on /home/airflow/.local/lib/python3.8/site-packages/airflow/example_dags/example_sensors.py
[2024-03-29T11:26:40.351+0000] {processor.py:830} INFO - Processing file /home/airflow/.local/lib/python3.8/site-packages/airflow/example_dags/example_sensors.py for tasks to queue
[2024-03-29T11:26:40.353+0000] {logging_mixin.py:188} INFO - [2024-03-29T11:26:40.353+0000] {dagbag.py:540} INFO - Filling up the DagBag from /home/airflow/.local/lib/python3.8/site-packages/airflow/example_dags/example_sensors.py
[2024-03-29T11:26:40.365+0000] {processor.py:840} INFO - DAG(s) 'example_sensors' retrieved from /home/airflow/.local/lib/python3.8/site-packages/airflow/example_dags/example_sensors.py
[2024-03-29T11:26:40.399+0000] {logging_mixin.py:188} INFO - [2024-03-29T11:26:40.399+0000] {dag.py:3047} INFO - Sync 1 DAGs
[2024-03-29T11:26:40.414+0000] {logging_mixin.py:188} INFO - [2024-03-29T11:26:40.414+0000] {dag.py:3834} INFO - Setting next_dagrun for example_sensors to None, run_after=None
[2024-03-29T11:26:40.436+0000] {processor.py:183} INFO - Processing /home/airflow/.local/lib/python3.8/site-packages/airflow/example_dags/example_sensors.py took 0.089 seconds
[2024-03-29T11:27:11.369+0000] {processor.py:161} INFO - Started process (PID=331) to work on /home/airflow/.local/lib/python3.8/site-packages/airflow/example_dags/example_sensors.py
[2024-03-29T11:27:11.370+0000] {processor.py:830} INFO - Processing file /home/airflow/.local/lib/python3.8/site-packages/airflow/example_dags/example_sensors.py for tasks to queue
[2024-03-29T11:27:11.375+0000] {logging_mixin.py:188} INFO - [2024-03-29T11:27:11.374+0000] {dagbag.py:540} INFO - Filling up the DagBag from /home/airflow/.local/lib/python3.8/site-packages/airflow/example_dags/example_sensors.py
[2024-03-29T11:27:11.386+0000] {processor.py:840} INFO - DAG(s) 'example_sensors' retrieved from /home/airflow/.local/lib/python3.8/site-packages/airflow/example_dags/example_sensors.py
[2024-03-29T11:27:11.419+0000] {logging_mixin.py:188} INFO - [2024-03-29T11:27:11.419+0000] {dag.py:3047} INFO - Sync 1 DAGs
[2024-03-29T11:27:11.436+0000] {logging_mixin.py:188} INFO - [2024-03-29T11:27:11.436+0000] {dag.py:3834} INFO - Setting next_dagrun for example_sensors to None, run_after=None
[2024-03-29T11:27:11.463+0000] {processor.py:183} INFO - Processing /home/airflow/.local/lib/python3.8/site-packages/airflow/example_dags/example_sensors.py took 0.097 seconds
[2024-03-29T11:28:39.965+0000] {processor.py:161} INFO - Started process (PID=52) to work on /home/airflow/.local/lib/python3.8/site-packages/airflow/example_dags/example_sensors.py
[2024-03-29T11:28:39.966+0000] {processor.py:830} INFO - Processing file /home/airflow/.local/lib/python3.8/site-packages/airflow/example_dags/example_sensors.py for tasks to queue
[2024-03-29T11:28:39.975+0000] {logging_mixin.py:188} INFO - [2024-03-29T11:28:39.975+0000] {dagbag.py:540} INFO - Filling up the DagBag from /home/airflow/.local/lib/python3.8/site-packages/airflow/example_dags/example_sensors.py
[2024-03-29T11:28:40.045+0000] {processor.py:840} INFO - DAG(s) 'example_sensors' retrieved from /home/airflow/.local/lib/python3.8/site-packages/airflow/example_dags/example_sensors.py
[2024-03-29T11:28:40.437+0000] {logging_mixin.py:188} INFO - [2024-03-29T11:28:40.437+0000] {dag.py:3047} INFO - Sync 1 DAGs
[2024-03-29T11:28:40.466+0000] {logging_mixin.py:188} INFO - [2024-03-29T11:28:40.466+0000] {dag.py:3834} INFO - Setting next_dagrun for example_sensors to None, run_after=None
[2024-03-29T11:28:40.519+0000] {processor.py:183} INFO - Processing /home/airflow/.local/lib/python3.8/site-packages/airflow/example_dags/example_sensors.py took 0.598 seconds
[2024-03-29T11:29:10.596+0000] {processor.py:161} INFO - Started process (PID=108) to work on /home/airflow/.local/lib/python3.8/site-packages/airflow/example_dags/example_sensors.py
[2024-03-29T11:29:10.597+0000] {processor.py:830} INFO - Processing file /home/airflow/.local/lib/python3.8/site-packages/airflow/example_dags/example_sensors.py for tasks to queue
[2024-03-29T11:29:10.599+0000] {logging_mixin.py:188} INFO - [2024-03-29T11:29:10.598+0000] {dagbag.py:540} INFO - Filling up the DagBag from /home/airflow/.local/lib/python3.8/site-packages/airflow/example_dags/example_sensors.py
[2024-03-29T11:29:10.610+0000] {processor.py:840} INFO - DAG(s) 'example_sensors' retrieved from /home/airflow/.local/lib/python3.8/site-packages/airflow/example_dags/example_sensors.py
[2024-03-29T11:29:10.634+0000] {logging_mixin.py:188} INFO - [2024-03-29T11:29:10.634+0000] {dag.py:3047} INFO - Sync 1 DAGs
[2024-03-29T11:29:10.647+0000] {logging_mixin.py:188} INFO - [2024-03-29T11:29:10.647+0000] {dag.py:3834} INFO - Setting next_dagrun for example_sensors to None, run_after=None
[2024-03-29T11:29:10.669+0000] {processor.py:183} INFO - Processing /home/airflow/.local/lib/python3.8/site-packages/airflow/example_dags/example_sensors.py took 0.075 seconds
[2024-03-29T11:29:41.452+0000] {processor.py:161} INFO - Started process (PID=164) to work on /home/airflow/.local/lib/python3.8/site-packages/airflow/example_dags/example_sensors.py
[2024-03-29T11:29:41.456+0000] {processor.py:830} INFO - Processing file /home/airflow/.local/lib/python3.8/site-packages/airflow/example_dags/example_sensors.py for tasks to queue
[2024-03-29T11:29:41.460+0000] {logging_mixin.py:188} INFO - [2024-03-29T11:29:41.459+0000] {dagbag.py:540} INFO - Filling up the DagBag from /home/airflow/.local/lib/python3.8/site-packages/airflow/example_dags/example_sensors.py
[2024-03-29T11:29:41.477+0000] {processor.py:840} INFO - DAG(s) 'example_sensors' retrieved from /home/airflow/.local/lib/python3.8/site-packages/airflow/example_dags/example_sensors.py
[2024-03-29T11:29:41.527+0000] {logging_mixin.py:188} INFO - [2024-03-29T11:29:41.526+0000] {dag.py:3047} INFO - Sync 1 DAGs
[2024-03-29T11:29:41.577+0000] {logging_mixin.py:188} INFO - [2024-03-29T11:29:41.577+0000] {dag.py:3834} INFO - Setting next_dagrun for example_sensors to None, run_after=None
[2024-03-29T11:29:41.617+0000] {processor.py:183} INFO - Processing /home/airflow/.local/lib/python3.8/site-packages/airflow/example_dags/example_sensors.py took 0.170 seconds
[2024-03-29T11:30:11.683+0000] {processor.py:161} INFO - Started process (PID=219) to work on /home/airflow/.local/lib/python3.8/site-packages/airflow/example_dags/example_sensors.py
[2024-03-29T11:30:11.684+0000] {processor.py:830} INFO - Processing file /home/airflow/.local/lib/python3.8/site-packages/airflow/example_dags/example_sensors.py for tasks to queue
[2024-03-29T11:30:11.686+0000] {logging_mixin.py:188} INFO - [2024-03-29T11:30:11.685+0000] {dagbag.py:540} INFO - Filling up the DagBag from /home/airflow/.local/lib/python3.8/site-packages/airflow/example_dags/example_sensors.py
[2024-03-29T11:30:11.696+0000] {processor.py:840} INFO - DAG(s) 'example_sensors' retrieved from /home/airflow/.local/lib/python3.8/site-packages/airflow/example_dags/example_sensors.py
[2024-03-29T11:30:11.731+0000] {logging_mixin.py:188} INFO - [2024-03-29T11:30:11.731+0000] {dag.py:3047} INFO - Sync 1 DAGs
[2024-03-29T11:30:11.747+0000] {logging_mixin.py:188} INFO - [2024-03-29T11:30:11.746+0000] {dag.py:3834} INFO - Setting next_dagrun for example_sensors to None, run_after=None
[2024-03-29T11:30:11.778+0000] {processor.py:183} INFO - Processing /home/airflow/.local/lib/python3.8/site-packages/airflow/example_dags/example_sensors.py took 0.098 seconds
[2024-03-29T11:30:42.826+0000] {processor.py:161} INFO - Started process (PID=276) to work on /home/airflow/.local/lib/python3.8/site-packages/airflow/example_dags/example_sensors.py
[2024-03-29T11:30:42.828+0000] {processor.py:830} INFO - Processing file /home/airflow/.local/lib/python3.8/site-packages/airflow/example_dags/example_sensors.py for tasks to queue
[2024-03-29T11:30:42.829+0000] {logging_mixin.py:188} INFO - [2024-03-29T11:30:42.829+0000] {dagbag.py:540} INFO - Filling up the DagBag from /home/airflow/.local/lib/python3.8/site-packages/airflow/example_dags/example_sensors.py
[2024-03-29T11:30:42.841+0000] {processor.py:840} INFO - DAG(s) 'example_sensors' retrieved from /home/airflow/.local/lib/python3.8/site-packages/airflow/example_dags/example_sensors.py
[2024-03-29T11:30:42.875+0000] {logging_mixin.py:188} INFO - [2024-03-29T11:30:42.875+0000] {dag.py:3047} INFO - Sync 1 DAGs
[2024-03-29T11:30:42.895+0000] {logging_mixin.py:188} INFO - [2024-03-29T11:30:42.894+0000] {dag.py:3834} INFO - Setting next_dagrun for example_sensors to None, run_after=None
[2024-03-29T11:30:42.926+0000] {processor.py:183} INFO - Processing /home/airflow/.local/lib/python3.8/site-packages/airflow/example_dags/example_sensors.py took 0.104 seconds
[2024-03-29T11:31:13.652+0000] {processor.py:161} INFO - Started process (PID=331) to work on /home/airflow/.local/lib/python3.8/site-packages/airflow/example_dags/example_sensors.py
[2024-03-29T11:31:13.673+0000] {processor.py:830} INFO - Processing file /home/airflow/.local/lib/python3.8/site-packages/airflow/example_dags/example_sensors.py for tasks to queue
[2024-03-29T11:31:13.676+0000] {logging_mixin.py:188} INFO - [2024-03-29T11:31:13.676+0000] {dagbag.py:540} INFO - Filling up the DagBag from /home/airflow/.local/lib/python3.8/site-packages/airflow/example_dags/example_sensors.py
[2024-03-29T11:31:13.696+0000] {processor.py:840} INFO - DAG(s) 'example_sensors' retrieved from /home/airflow/.local/lib/python3.8/site-packages/airflow/example_dags/example_sensors.py
[2024-03-29T11:31:13.774+0000] {logging_mixin.py:188} INFO - [2024-03-29T11:31:13.772+0000] {dag.py:3047} INFO - Sync 1 DAGs
[2024-03-29T11:31:13.825+0000] {logging_mixin.py:188} INFO - [2024-03-29T11:31:13.825+0000] {dag.py:3834} INFO - Setting next_dagrun for example_sensors to None, run_after=None
[2024-03-29T11:31:13.896+0000] {processor.py:183} INFO - Processing /home/airflow/.local/lib/python3.8/site-packages/airflow/example_dags/example_sensors.py took 0.248 seconds
[2024-03-29T11:32:35.733+0000] {processor.py:161} INFO - Started process (PID=52) to work on /home/airflow/.local/lib/python3.8/site-packages/airflow/example_dags/example_sensors.py
[2024-03-29T11:32:35.737+0000] {processor.py:830} INFO - Processing file /home/airflow/.local/lib/python3.8/site-packages/airflow/example_dags/example_sensors.py for tasks to queue
[2024-03-29T11:32:35.740+0000] {logging_mixin.py:188} INFO - [2024-03-29T11:32:35.740+0000] {dagbag.py:540} INFO - Filling up the DagBag from /home/airflow/.local/lib/python3.8/site-packages/airflow/example_dags/example_sensors.py
[2024-03-29T11:32:35.763+0000] {processor.py:840} INFO - DAG(s) 'example_sensors' retrieved from /home/airflow/.local/lib/python3.8/site-packages/airflow/example_dags/example_sensors.py
[2024-03-29T11:32:35.790+0000] {logging_mixin.py:188} INFO - [2024-03-29T11:32:35.789+0000] {dag.py:3047} INFO - Sync 1 DAGs
[2024-03-29T11:32:35.823+0000] {logging_mixin.py:188} INFO - [2024-03-29T11:32:35.822+0000] {dag.py:3834} INFO - Setting next_dagrun for example_sensors to None, run_after=None
[2024-03-29T11:32:35.893+0000] {processor.py:183} INFO - Processing /home/airflow/.local/lib/python3.8/site-packages/airflow/example_dags/example_sensors.py took 0.169 seconds
[2024-03-29T11:33:07.374+0000] {processor.py:161} INFO - Started process (PID=108) to work on /home/airflow/.local/lib/python3.8/site-packages/airflow/example_dags/example_sensors.py
[2024-03-29T11:33:07.376+0000] {processor.py:830} INFO - Processing file /home/airflow/.local/lib/python3.8/site-packages/airflow/example_dags/example_sensors.py for tasks to queue
[2024-03-29T11:33:07.379+0000] {logging_mixin.py:188} INFO - [2024-03-29T11:33:07.379+0000] {dagbag.py:540} INFO - Filling up the DagBag from /home/airflow/.local/lib/python3.8/site-packages/airflow/example_dags/example_sensors.py
[2024-03-29T11:33:07.427+0000] {processor.py:840} INFO - DAG(s) 'example_sensors' retrieved from /home/airflow/.local/lib/python3.8/site-packages/airflow/example_dags/example_sensors.py
[2024-03-29T11:33:07.828+0000] {logging_mixin.py:188} INFO - [2024-03-29T11:33:07.819+0000] {dag.py:3047} INFO - Sync 1 DAGs
[2024-03-29T11:33:07.882+0000] {logging_mixin.py:188} INFO - [2024-03-29T11:33:07.882+0000] {dag.py:3834} INFO - Setting next_dagrun for example_sensors to None, run_after=None
[2024-03-29T11:33:08.043+0000] {processor.py:183} INFO - Processing /home/airflow/.local/lib/python3.8/site-packages/airflow/example_dags/example_sensors.py took 0.683 seconds
[2024-03-29T11:33:38.969+0000] {processor.py:161} INFO - Started process (PID=163) to work on /home/airflow/.local/lib/python3.8/site-packages/airflow/example_dags/example_sensors.py
[2024-03-29T11:33:38.982+0000] {processor.py:830} INFO - Processing file /home/airflow/.local/lib/python3.8/site-packages/airflow/example_dags/example_sensors.py for tasks to queue
[2024-03-29T11:33:38.989+0000] {logging_mixin.py:188} INFO - [2024-03-29T11:33:38.989+0000] {dagbag.py:540} INFO - Filling up the DagBag from /home/airflow/.local/lib/python3.8/site-packages/airflow/example_dags/example_sensors.py
[2024-03-29T11:33:39.104+0000] {processor.py:840} INFO - DAG(s) 'example_sensors' retrieved from /home/airflow/.local/lib/python3.8/site-packages/airflow/example_dags/example_sensors.py
[2024-03-29T11:33:39.283+0000] {logging_mixin.py:188} INFO - [2024-03-29T11:33:39.283+0000] {dag.py:3047} INFO - Sync 1 DAGs
[2024-03-29T11:33:39.323+0000] {logging_mixin.py:188} INFO - [2024-03-29T11:33:39.313+0000] {dag.py:3834} INFO - Setting next_dagrun for example_sensors to None, run_after=None
[2024-03-29T11:33:39.436+0000] {processor.py:183} INFO - Processing /home/airflow/.local/lib/python3.8/site-packages/airflow/example_dags/example_sensors.py took 0.471 seconds
[2024-03-29T11:34:09.562+0000] {processor.py:161} INFO - Started process (PID=218) to work on /home/airflow/.local/lib/python3.8/site-packages/airflow/example_dags/example_sensors.py
[2024-03-29T11:34:09.565+0000] {processor.py:830} INFO - Processing file /home/airflow/.local/lib/python3.8/site-packages/airflow/example_dags/example_sensors.py for tasks to queue
[2024-03-29T11:34:09.570+0000] {logging_mixin.py:188} INFO - [2024-03-29T11:34:09.569+0000] {dagbag.py:540} INFO - Filling up the DagBag from /home/airflow/.local/lib/python3.8/site-packages/airflow/example_dags/example_sensors.py
[2024-03-29T11:34:09.602+0000] {processor.py:840} INFO - DAG(s) 'example_sensors' retrieved from /home/airflow/.local/lib/python3.8/site-packages/airflow/example_dags/example_sensors.py
[2024-03-29T11:34:09.615+0000] {logging_mixin.py:188} INFO - [2024-03-29T11:34:09.615+0000] {dag.py:3047} INFO - Sync 1 DAGs
[2024-03-29T11:34:09.663+0000] {logging_mixin.py:188} INFO - [2024-03-29T11:34:09.662+0000] {dag.py:3834} INFO - Setting next_dagrun for example_sensors to None, run_after=None
[2024-03-29T11:34:09.720+0000] {processor.py:183} INFO - Processing /home/airflow/.local/lib/python3.8/site-packages/airflow/example_dags/example_sensors.py took 0.164 seconds
[2024-03-29T11:34:40.429+0000] {processor.py:161} INFO - Started process (PID=274) to work on /home/airflow/.local/lib/python3.8/site-packages/airflow/example_dags/example_sensors.py
[2024-03-29T11:34:40.430+0000] {processor.py:830} INFO - Processing file /home/airflow/.local/lib/python3.8/site-packages/airflow/example_dags/example_sensors.py for tasks to queue
[2024-03-29T11:34:40.432+0000] {logging_mixin.py:188} INFO - [2024-03-29T11:34:40.432+0000] {dagbag.py:540} INFO - Filling up the DagBag from /home/airflow/.local/lib/python3.8/site-packages/airflow/example_dags/example_sensors.py
[2024-03-29T11:34:40.460+0000] {processor.py:840} INFO - DAG(s) 'example_sensors' retrieved from /home/airflow/.local/lib/python3.8/site-packages/airflow/example_dags/example_sensors.py
[2024-03-29T11:34:40.504+0000] {logging_mixin.py:188} INFO - [2024-03-29T11:34:40.503+0000] {dag.py:3047} INFO - Sync 1 DAGs
[2024-03-29T11:34:40.554+0000] {logging_mixin.py:188} INFO - [2024-03-29T11:34:40.554+0000] {dag.py:3834} INFO - Setting next_dagrun for example_sensors to None, run_after=None
[2024-03-29T11:34:40.573+0000] {processor.py:183} INFO - Processing /home/airflow/.local/lib/python3.8/site-packages/airflow/example_dags/example_sensors.py took 0.148 seconds
[2024-03-29T11:35:11.426+0000] {processor.py:161} INFO - Started process (PID=329) to work on /home/airflow/.local/lib/python3.8/site-packages/airflow/example_dags/example_sensors.py
[2024-03-29T11:35:11.431+0000] {processor.py:830} INFO - Processing file /home/airflow/.local/lib/python3.8/site-packages/airflow/example_dags/example_sensors.py for tasks to queue
[2024-03-29T11:35:11.435+0000] {logging_mixin.py:188} INFO - [2024-03-29T11:35:11.434+0000] {dagbag.py:540} INFO - Filling up the DagBag from /home/airflow/.local/lib/python3.8/site-packages/airflow/example_dags/example_sensors.py
[2024-03-29T11:35:11.459+0000] {processor.py:840} INFO - DAG(s) 'example_sensors' retrieved from /home/airflow/.local/lib/python3.8/site-packages/airflow/example_dags/example_sensors.py
[2024-03-29T11:35:11.502+0000] {logging_mixin.py:188} INFO - [2024-03-29T11:35:11.502+0000] {dag.py:3047} INFO - Sync 1 DAGs
[2024-03-29T11:35:11.527+0000] {logging_mixin.py:188} INFO - [2024-03-29T11:35:11.527+0000] {dag.py:3834} INFO - Setting next_dagrun for example_sensors to None, run_after=None
[2024-03-29T11:35:11.560+0000] {processor.py:183} INFO - Processing /home/airflow/.local/lib/python3.8/site-packages/airflow/example_dags/example_sensors.py took 0.137 seconds
[2024-03-29T11:35:41.901+0000] {processor.py:161} INFO - Started process (PID=385) to work on /home/airflow/.local/lib/python3.8/site-packages/airflow/example_dags/example_sensors.py
[2024-03-29T11:35:41.903+0000] {processor.py:830} INFO - Processing file /home/airflow/.local/lib/python3.8/site-packages/airflow/example_dags/example_sensors.py for tasks to queue
[2024-03-29T11:35:41.906+0000] {logging_mixin.py:188} INFO - [2024-03-29T11:35:41.905+0000] {dagbag.py:540} INFO - Filling up the DagBag from /home/airflow/.local/lib/python3.8/site-packages/airflow/example_dags/example_sensors.py
[2024-03-29T11:35:41.920+0000] {processor.py:840} INFO - DAG(s) 'example_sensors' retrieved from /home/airflow/.local/lib/python3.8/site-packages/airflow/example_dags/example_sensors.py
[2024-03-29T11:35:42.079+0000] {logging_mixin.py:188} INFO - [2024-03-29T11:35:42.079+0000] {dag.py:3047} INFO - Sync 1 DAGs
[2024-03-29T11:35:42.090+0000] {logging_mixin.py:188} INFO - [2024-03-29T11:35:42.090+0000] {dag.py:3834} INFO - Setting next_dagrun for example_sensors to None, run_after=None
[2024-03-29T11:35:42.113+0000] {processor.py:183} INFO - Processing /home/airflow/.local/lib/python3.8/site-packages/airflow/example_dags/example_sensors.py took 0.216 seconds
[2024-03-29T11:36:12.536+0000] {processor.py:161} INFO - Started process (PID=441) to work on /home/airflow/.local/lib/python3.8/site-packages/airflow/example_dags/example_sensors.py
[2024-03-29T11:36:12.537+0000] {processor.py:830} INFO - Processing file /home/airflow/.local/lib/python3.8/site-packages/airflow/example_dags/example_sensors.py for tasks to queue
[2024-03-29T11:36:12.539+0000] {logging_mixin.py:188} INFO - [2024-03-29T11:36:12.538+0000] {dagbag.py:540} INFO - Filling up the DagBag from /home/airflow/.local/lib/python3.8/site-packages/airflow/example_dags/example_sensors.py
[2024-03-29T11:36:12.548+0000] {processor.py:840} INFO - DAG(s) 'example_sensors' retrieved from /home/airflow/.local/lib/python3.8/site-packages/airflow/example_dags/example_sensors.py
[2024-03-29T11:36:12.574+0000] {logging_mixin.py:188} INFO - [2024-03-29T11:36:12.573+0000] {dag.py:3047} INFO - Sync 1 DAGs
[2024-03-29T11:36:12.587+0000] {logging_mixin.py:188} INFO - [2024-03-29T11:36:12.587+0000] {dag.py:3834} INFO - Setting next_dagrun for example_sensors to None, run_after=None
[2024-03-29T11:36:12.605+0000] {processor.py:183} INFO - Processing /home/airflow/.local/lib/python3.8/site-packages/airflow/example_dags/example_sensors.py took 0.071 seconds
[2024-03-29T11:36:43.374+0000] {processor.py:161} INFO - Started process (PID=497) to work on /home/airflow/.local/lib/python3.8/site-packages/airflow/example_dags/example_sensors.py
[2024-03-29T11:36:43.375+0000] {processor.py:830} INFO - Processing file /home/airflow/.local/lib/python3.8/site-packages/airflow/example_dags/example_sensors.py for tasks to queue
[2024-03-29T11:36:43.376+0000] {logging_mixin.py:188} INFO - [2024-03-29T11:36:43.376+0000] {dagbag.py:540} INFO - Filling up the DagBag from /home/airflow/.local/lib/python3.8/site-packages/airflow/example_dags/example_sensors.py
[2024-03-29T11:36:43.393+0000] {processor.py:840} INFO - DAG(s) 'example_sensors' retrieved from /home/airflow/.local/lib/python3.8/site-packages/airflow/example_dags/example_sensors.py
[2024-03-29T11:36:43.433+0000] {logging_mixin.py:188} INFO - [2024-03-29T11:36:43.432+0000] {dag.py:3047} INFO - Sync 1 DAGs
[2024-03-29T11:36:43.446+0000] {logging_mixin.py:188} INFO - [2024-03-29T11:36:43.446+0000] {dag.py:3834} INFO - Setting next_dagrun for example_sensors to None, run_after=None
[2024-03-29T11:36:43.472+0000] {processor.py:183} INFO - Processing /home/airflow/.local/lib/python3.8/site-packages/airflow/example_dags/example_sensors.py took 0.103 seconds
[2024-03-29T11:37:13.944+0000] {processor.py:161} INFO - Started process (PID=553) to work on /home/airflow/.local/lib/python3.8/site-packages/airflow/example_dags/example_sensors.py
[2024-03-29T11:37:13.945+0000] {processor.py:830} INFO - Processing file /home/airflow/.local/lib/python3.8/site-packages/airflow/example_dags/example_sensors.py for tasks to queue
[2024-03-29T11:37:13.948+0000] {logging_mixin.py:188} INFO - [2024-03-29T11:37:13.947+0000] {dagbag.py:540} INFO - Filling up the DagBag from /home/airflow/.local/lib/python3.8/site-packages/airflow/example_dags/example_sensors.py
[2024-03-29T11:37:13.958+0000] {processor.py:840} INFO - DAG(s) 'example_sensors' retrieved from /home/airflow/.local/lib/python3.8/site-packages/airflow/example_dags/example_sensors.py
[2024-03-29T11:37:13.989+0000] {logging_mixin.py:188} INFO - [2024-03-29T11:37:13.988+0000] {dag.py:3047} INFO - Sync 1 DAGs
[2024-03-29T11:37:14.002+0000] {logging_mixin.py:188} INFO - [2024-03-29T11:37:14.002+0000] {dag.py:3834} INFO - Setting next_dagrun for example_sensors to None, run_after=None
[2024-03-29T11:37:14.024+0000] {processor.py:183} INFO - Processing /home/airflow/.local/lib/python3.8/site-packages/airflow/example_dags/example_sensors.py took 0.082 seconds
[2024-03-29T11:37:44.255+0000] {processor.py:161} INFO - Started process (PID=610) to work on /home/airflow/.local/lib/python3.8/site-packages/airflow/example_dags/example_sensors.py
[2024-03-29T11:37:44.256+0000] {processor.py:830} INFO - Processing file /home/airflow/.local/lib/python3.8/site-packages/airflow/example_dags/example_sensors.py for tasks to queue
[2024-03-29T11:37:44.258+0000] {logging_mixin.py:188} INFO - [2024-03-29T11:37:44.258+0000] {dagbag.py:540} INFO - Filling up the DagBag from /home/airflow/.local/lib/python3.8/site-packages/airflow/example_dags/example_sensors.py
[2024-03-29T11:37:44.270+0000] {processor.py:840} INFO - DAG(s) 'example_sensors' retrieved from /home/airflow/.local/lib/python3.8/site-packages/airflow/example_dags/example_sensors.py
[2024-03-29T11:37:44.294+0000] {logging_mixin.py:188} INFO - [2024-03-29T11:37:44.294+0000] {dag.py:3047} INFO - Sync 1 DAGs
[2024-03-29T11:37:44.307+0000] {logging_mixin.py:188} INFO - [2024-03-29T11:37:44.307+0000] {dag.py:3834} INFO - Setting next_dagrun for example_sensors to None, run_after=None
[2024-03-29T11:37:44.329+0000] {processor.py:183} INFO - Processing /home/airflow/.local/lib/python3.8/site-packages/airflow/example_dags/example_sensors.py took 0.076 seconds
[2024-03-29T11:38:14.954+0000] {processor.py:161} INFO - Started process (PID=666) to work on /home/airflow/.local/lib/python3.8/site-packages/airflow/example_dags/example_sensors.py
[2024-03-29T11:38:14.955+0000] {processor.py:830} INFO - Processing file /home/airflow/.local/lib/python3.8/site-packages/airflow/example_dags/example_sensors.py for tasks to queue
[2024-03-29T11:38:14.956+0000] {logging_mixin.py:188} INFO - [2024-03-29T11:38:14.956+0000] {dagbag.py:540} INFO - Filling up the DagBag from /home/airflow/.local/lib/python3.8/site-packages/airflow/example_dags/example_sensors.py
[2024-03-29T11:38:14.970+0000] {processor.py:840} INFO - DAG(s) 'example_sensors' retrieved from /home/airflow/.local/lib/python3.8/site-packages/airflow/example_dags/example_sensors.py
[2024-03-29T11:38:15.003+0000] {logging_mixin.py:188} INFO - [2024-03-29T11:38:15.003+0000] {dag.py:3047} INFO - Sync 1 DAGs
[2024-03-29T11:38:15.020+0000] {logging_mixin.py:188} INFO - [2024-03-29T11:38:15.020+0000] {dag.py:3834} INFO - Setting next_dagrun for example_sensors to None, run_after=None
[2024-03-29T11:38:15.041+0000] {processor.py:183} INFO - Processing /home/airflow/.local/lib/python3.8/site-packages/airflow/example_dags/example_sensors.py took 0.089 seconds
[2024-03-29T11:40:09.911+0000] {processor.py:161} INFO - Started process (PID=52) to work on /home/airflow/.local/lib/python3.8/site-packages/airflow/example_dags/example_sensors.py
[2024-03-29T11:40:09.912+0000] {processor.py:830} INFO - Processing file /home/airflow/.local/lib/python3.8/site-packages/airflow/example_dags/example_sensors.py for tasks to queue
[2024-03-29T11:40:09.925+0000] {logging_mixin.py:188} INFO - [2024-03-29T11:40:09.925+0000] {dagbag.py:540} INFO - Filling up the DagBag from /home/airflow/.local/lib/python3.8/site-packages/airflow/example_dags/example_sensors.py
[2024-03-29T11:40:09.950+0000] {processor.py:840} INFO - DAG(s) 'example_sensors' retrieved from /home/airflow/.local/lib/python3.8/site-packages/airflow/example_dags/example_sensors.py
[2024-03-29T11:40:10.001+0000] {logging_mixin.py:188} INFO - [2024-03-29T11:40:10.001+0000] {dag.py:3047} INFO - Sync 1 DAGs
[2024-03-29T11:40:10.063+0000] {logging_mixin.py:188} INFO - [2024-03-29T11:40:10.063+0000] {dag.py:3834} INFO - Setting next_dagrun for example_sensors to None, run_after=None
[2024-03-29T11:40:10.182+0000] {processor.py:183} INFO - Processing /home/airflow/.local/lib/python3.8/site-packages/airflow/example_dags/example_sensors.py took 0.290 seconds
[2024-03-29T11:40:41.828+0000] {processor.py:161} INFO - Started process (PID=107) to work on /home/airflow/.local/lib/python3.8/site-packages/airflow/example_dags/example_sensors.py
[2024-03-29T11:40:41.838+0000] {processor.py:830} INFO - Processing file /home/airflow/.local/lib/python3.8/site-packages/airflow/example_dags/example_sensors.py for tasks to queue
[2024-03-29T11:40:41.844+0000] {logging_mixin.py:188} INFO - [2024-03-29T11:40:41.844+0000] {dagbag.py:540} INFO - Filling up the DagBag from /home/airflow/.local/lib/python3.8/site-packages/airflow/example_dags/example_sensors.py
[2024-03-29T11:40:41.866+0000] {processor.py:840} INFO - DAG(s) 'example_sensors' retrieved from /home/airflow/.local/lib/python3.8/site-packages/airflow/example_dags/example_sensors.py
[2024-03-29T11:40:42.326+0000] {logging_mixin.py:188} INFO - [2024-03-29T11:40:42.326+0000] {dag.py:3047} INFO - Sync 1 DAGs
[2024-03-29T11:40:42.359+0000] {logging_mixin.py:188} INFO - [2024-03-29T11:40:42.359+0000] {dag.py:3834} INFO - Setting next_dagrun for example_sensors to None, run_after=None
[2024-03-29T11:40:42.458+0000] {processor.py:183} INFO - Processing /home/airflow/.local/lib/python3.8/site-packages/airflow/example_dags/example_sensors.py took 0.636 seconds
[2024-03-29T11:41:14.932+0000] {processor.py:161} INFO - Started process (PID=164) to work on /home/airflow/.local/lib/python3.8/site-packages/airflow/example_dags/example_sensors.py
[2024-03-29T11:41:14.956+0000] {processor.py:830} INFO - Processing file /home/airflow/.local/lib/python3.8/site-packages/airflow/example_dags/example_sensors.py for tasks to queue
[2024-03-29T11:41:14.967+0000] {logging_mixin.py:188} INFO - [2024-03-29T11:41:14.966+0000] {dagbag.py:540} INFO - Filling up the DagBag from /home/airflow/.local/lib/python3.8/site-packages/airflow/example_dags/example_sensors.py
[2024-03-29T11:41:15.109+0000] {processor.py:840} INFO - DAG(s) 'example_sensors' retrieved from /home/airflow/.local/lib/python3.8/site-packages/airflow/example_dags/example_sensors.py
[2024-03-29T11:41:15.504+0000] {logging_mixin.py:188} INFO - [2024-03-29T11:41:15.503+0000] {dag.py:3047} INFO - Sync 1 DAGs
[2024-03-29T11:41:15.726+0000] {logging_mixin.py:188} INFO - [2024-03-29T11:41:15.726+0000] {dag.py:3834} INFO - Setting next_dagrun for example_sensors to None, run_after=None
[2024-03-29T11:41:15.939+0000] {processor.py:183} INFO - Processing /home/airflow/.local/lib/python3.8/site-packages/airflow/example_dags/example_sensors.py took 1.046 seconds
[2024-03-29T11:41:46.421+0000] {processor.py:161} INFO - Started process (PID=219) to work on /home/airflow/.local/lib/python3.8/site-packages/airflow/example_dags/example_sensors.py
[2024-03-29T11:41:46.423+0000] {processor.py:830} INFO - Processing file /home/airflow/.local/lib/python3.8/site-packages/airflow/example_dags/example_sensors.py for tasks to queue
[2024-03-29T11:41:46.426+0000] {logging_mixin.py:188} INFO - [2024-03-29T11:41:46.425+0000] {dagbag.py:540} INFO - Filling up the DagBag from /home/airflow/.local/lib/python3.8/site-packages/airflow/example_dags/example_sensors.py
[2024-03-29T11:41:46.505+0000] {processor.py:840} INFO - DAG(s) 'example_sensors' retrieved from /home/airflow/.local/lib/python3.8/site-packages/airflow/example_dags/example_sensors.py
[2024-03-29T11:41:46.650+0000] {logging_mixin.py:188} INFO - [2024-03-29T11:41:46.650+0000] {dag.py:3047} INFO - Sync 1 DAGs
[2024-03-29T11:41:46.720+0000] {logging_mixin.py:188} INFO - [2024-03-29T11:41:46.719+0000] {dag.py:3834} INFO - Setting next_dagrun for example_sensors to None, run_after=None
[2024-03-29T11:41:46.838+0000] {processor.py:183} INFO - Processing /home/airflow/.local/lib/python3.8/site-packages/airflow/example_dags/example_sensors.py took 0.458 seconds
[2024-03-29T11:42:17.720+0000] {processor.py:161} INFO - Started process (PID=275) to work on /home/airflow/.local/lib/python3.8/site-packages/airflow/example_dags/example_sensors.py
[2024-03-29T11:42:17.723+0000] {processor.py:830} INFO - Processing file /home/airflow/.local/lib/python3.8/site-packages/airflow/example_dags/example_sensors.py for tasks to queue
[2024-03-29T11:42:17.728+0000] {logging_mixin.py:188} INFO - [2024-03-29T11:42:17.727+0000] {dagbag.py:540} INFO - Filling up the DagBag from /home/airflow/.local/lib/python3.8/site-packages/airflow/example_dags/example_sensors.py
[2024-03-29T11:42:17.744+0000] {processor.py:840} INFO - DAG(s) 'example_sensors' retrieved from /home/airflow/.local/lib/python3.8/site-packages/airflow/example_dags/example_sensors.py
[2024-03-29T11:42:17.788+0000] {logging_mixin.py:188} INFO - [2024-03-29T11:42:17.788+0000] {dag.py:3047} INFO - Sync 1 DAGs
[2024-03-29T11:42:17.815+0000] {logging_mixin.py:188} INFO - [2024-03-29T11:42:17.815+0000] {dag.py:3834} INFO - Setting next_dagrun for example_sensors to None, run_after=None
[2024-03-29T11:42:17.861+0000] {processor.py:183} INFO - Processing /home/airflow/.local/lib/python3.8/site-packages/airflow/example_dags/example_sensors.py took 0.144 seconds
[2024-03-29T11:42:48.625+0000] {processor.py:161} INFO - Started process (PID=331) to work on /home/airflow/.local/lib/python3.8/site-packages/airflow/example_dags/example_sensors.py
[2024-03-29T11:42:48.630+0000] {processor.py:830} INFO - Processing file /home/airflow/.local/lib/python3.8/site-packages/airflow/example_dags/example_sensors.py for tasks to queue
[2024-03-29T11:42:48.641+0000] {logging_mixin.py:188} INFO - [2024-03-29T11:42:48.641+0000] {dagbag.py:540} INFO - Filling up the DagBag from /home/airflow/.local/lib/python3.8/site-packages/airflow/example_dags/example_sensors.py
[2024-03-29T11:42:48.696+0000] {processor.py:840} INFO - DAG(s) 'example_sensors' retrieved from /home/airflow/.local/lib/python3.8/site-packages/airflow/example_dags/example_sensors.py
[2024-03-29T11:42:48.860+0000] {logging_mixin.py:188} INFO - [2024-03-29T11:42:48.858+0000] {dag.py:3047} INFO - Sync 1 DAGs
[2024-03-29T11:42:48.897+0000] {logging_mixin.py:188} INFO - [2024-03-29T11:42:48.897+0000] {dag.py:3834} INFO - Setting next_dagrun for example_sensors to None, run_after=None
[2024-03-29T11:42:48.953+0000] {processor.py:183} INFO - Processing /home/airflow/.local/lib/python3.8/site-packages/airflow/example_dags/example_sensors.py took 0.351 seconds
[2024-03-29T11:43:19.563+0000] {processor.py:161} INFO - Started process (PID=392) to work on /home/airflow/.local/lib/python3.8/site-packages/airflow/example_dags/example_sensors.py
[2024-03-29T11:43:19.564+0000] {processor.py:830} INFO - Processing file /home/airflow/.local/lib/python3.8/site-packages/airflow/example_dags/example_sensors.py for tasks to queue
[2024-03-29T11:43:19.567+0000] {logging_mixin.py:188} INFO - [2024-03-29T11:43:19.566+0000] {dagbag.py:540} INFO - Filling up the DagBag from /home/airflow/.local/lib/python3.8/site-packages/airflow/example_dags/example_sensors.py
[2024-03-29T11:43:19.587+0000] {processor.py:840} INFO - DAG(s) 'example_sensors' retrieved from /home/airflow/.local/lib/python3.8/site-packages/airflow/example_dags/example_sensors.py
[2024-03-29T11:43:19.647+0000] {logging_mixin.py:188} INFO - [2024-03-29T11:43:19.646+0000] {dag.py:3047} INFO - Sync 1 DAGs
[2024-03-29T11:43:19.669+0000] {logging_mixin.py:188} INFO - [2024-03-29T11:43:19.669+0000] {dag.py:3834} INFO - Setting next_dagrun for example_sensors to None, run_after=None
[2024-03-29T11:43:19.735+0000] {processor.py:183} INFO - Processing /home/airflow/.local/lib/python3.8/site-packages/airflow/example_dags/example_sensors.py took 0.184 seconds
[2024-03-29T11:43:50.237+0000] {processor.py:161} INFO - Started process (PID=448) to work on /home/airflow/.local/lib/python3.8/site-packages/airflow/example_dags/example_sensors.py
[2024-03-29T11:43:50.238+0000] {processor.py:830} INFO - Processing file /home/airflow/.local/lib/python3.8/site-packages/airflow/example_dags/example_sensors.py for tasks to queue
[2024-03-29T11:43:50.240+0000] {logging_mixin.py:188} INFO - [2024-03-29T11:43:50.240+0000] {dagbag.py:540} INFO - Filling up the DagBag from /home/airflow/.local/lib/python3.8/site-packages/airflow/example_dags/example_sensors.py
[2024-03-29T11:43:50.255+0000] {processor.py:840} INFO - DAG(s) 'example_sensors' retrieved from /home/airflow/.local/lib/python3.8/site-packages/airflow/example_dags/example_sensors.py
[2024-03-29T11:43:50.299+0000] {logging_mixin.py:188} INFO - [2024-03-29T11:43:50.298+0000] {dag.py:3047} INFO - Sync 1 DAGs
[2024-03-29T11:43:50.317+0000] {logging_mixin.py:188} INFO - [2024-03-29T11:43:50.317+0000] {dag.py:3834} INFO - Setting next_dagrun for example_sensors to None, run_after=None
[2024-03-29T11:43:50.374+0000] {processor.py:183} INFO - Processing /home/airflow/.local/lib/python3.8/site-packages/airflow/example_dags/example_sensors.py took 0.142 seconds
[2024-03-29T11:44:21.202+0000] {processor.py:161} INFO - Started process (PID=504) to work on /home/airflow/.local/lib/python3.8/site-packages/airflow/example_dags/example_sensors.py
[2024-03-29T11:44:21.203+0000] {processor.py:830} INFO - Processing file /home/airflow/.local/lib/python3.8/site-packages/airflow/example_dags/example_sensors.py for tasks to queue
[2024-03-29T11:44:21.204+0000] {logging_mixin.py:188} INFO - [2024-03-29T11:44:21.204+0000] {dagbag.py:540} INFO - Filling up the DagBag from /home/airflow/.local/lib/python3.8/site-packages/airflow/example_dags/example_sensors.py
[2024-03-29T11:44:21.217+0000] {processor.py:840} INFO - DAG(s) 'example_sensors' retrieved from /home/airflow/.local/lib/python3.8/site-packages/airflow/example_dags/example_sensors.py
[2024-03-29T11:44:21.248+0000] {logging_mixin.py:188} INFO - [2024-03-29T11:44:21.247+0000] {dag.py:3047} INFO - Sync 1 DAGs
[2024-03-29T11:44:21.262+0000] {logging_mixin.py:188} INFO - [2024-03-29T11:44:21.261+0000] {dag.py:3834} INFO - Setting next_dagrun for example_sensors to None, run_after=None
[2024-03-29T11:44:21.285+0000] {processor.py:183} INFO - Processing /home/airflow/.local/lib/python3.8/site-packages/airflow/example_dags/example_sensors.py took 0.086 seconds
[2024-03-29T11:44:51.987+0000] {processor.py:161} INFO - Started process (PID=560) to work on /home/airflow/.local/lib/python3.8/site-packages/airflow/example_dags/example_sensors.py
[2024-03-29T11:44:51.989+0000] {processor.py:830} INFO - Processing file /home/airflow/.local/lib/python3.8/site-packages/airflow/example_dags/example_sensors.py for tasks to queue
[2024-03-29T11:44:51.991+0000] {logging_mixin.py:188} INFO - [2024-03-29T11:44:51.990+0000] {dagbag.py:540} INFO - Filling up the DagBag from /home/airflow/.local/lib/python3.8/site-packages/airflow/example_dags/example_sensors.py
[2024-03-29T11:44:52.002+0000] {processor.py:840} INFO - DAG(s) 'example_sensors' retrieved from /home/airflow/.local/lib/python3.8/site-packages/airflow/example_dags/example_sensors.py
[2024-03-29T11:44:52.038+0000] {logging_mixin.py:188} INFO - [2024-03-29T11:44:52.038+0000] {dag.py:3047} INFO - Sync 1 DAGs
[2024-03-29T11:44:52.059+0000] {logging_mixin.py:188} INFO - [2024-03-29T11:44:52.059+0000] {dag.py:3834} INFO - Setting next_dagrun for example_sensors to None, run_after=None
[2024-03-29T11:44:52.088+0000] {processor.py:183} INFO - Processing /home/airflow/.local/lib/python3.8/site-packages/airflow/example_dags/example_sensors.py took 0.104 seconds
[2024-03-29T11:45:22.472+0000] {processor.py:161} INFO - Started process (PID=616) to work on /home/airflow/.local/lib/python3.8/site-packages/airflow/example_dags/example_sensors.py
[2024-03-29T11:45:22.473+0000] {processor.py:830} INFO - Processing file /home/airflow/.local/lib/python3.8/site-packages/airflow/example_dags/example_sensors.py for tasks to queue
[2024-03-29T11:45:22.475+0000] {logging_mixin.py:188} INFO - [2024-03-29T11:45:22.475+0000] {dagbag.py:540} INFO - Filling up the DagBag from /home/airflow/.local/lib/python3.8/site-packages/airflow/example_dags/example_sensors.py
[2024-03-29T11:45:22.485+0000] {processor.py:840} INFO - DAG(s) 'example_sensors' retrieved from /home/airflow/.local/lib/python3.8/site-packages/airflow/example_dags/example_sensors.py
[2024-03-29T11:45:22.514+0000] {logging_mixin.py:188} INFO - [2024-03-29T11:45:22.513+0000] {dag.py:3047} INFO - Sync 1 DAGs
[2024-03-29T11:45:22.530+0000] {logging_mixin.py:188} INFO - [2024-03-29T11:45:22.530+0000] {dag.py:3834} INFO - Setting next_dagrun for example_sensors to None, run_after=None
[2024-03-29T11:45:22.567+0000] {processor.py:183} INFO - Processing /home/airflow/.local/lib/python3.8/site-packages/airflow/example_dags/example_sensors.py took 0.097 seconds
[2024-03-29T11:45:53.102+0000] {processor.py:161} INFO - Started process (PID=672) to work on /home/airflow/.local/lib/python3.8/site-packages/airflow/example_dags/example_sensors.py
[2024-03-29T11:45:53.103+0000] {processor.py:830} INFO - Processing file /home/airflow/.local/lib/python3.8/site-packages/airflow/example_dags/example_sensors.py for tasks to queue
[2024-03-29T11:45:53.106+0000] {logging_mixin.py:188} INFO - [2024-03-29T11:45:53.106+0000] {dagbag.py:540} INFO - Filling up the DagBag from /home/airflow/.local/lib/python3.8/site-packages/airflow/example_dags/example_sensors.py
[2024-03-29T11:45:53.167+0000] {processor.py:840} INFO - DAG(s) 'example_sensors' retrieved from /home/airflow/.local/lib/python3.8/site-packages/airflow/example_dags/example_sensors.py
[2024-03-29T11:45:53.268+0000] {logging_mixin.py:188} INFO - [2024-03-29T11:45:53.267+0000] {dag.py:3047} INFO - Sync 1 DAGs
[2024-03-29T11:45:53.308+0000] {logging_mixin.py:188} INFO - [2024-03-29T11:45:53.308+0000] {dag.py:3834} INFO - Setting next_dagrun for example_sensors to None, run_after=None
[2024-03-29T11:45:53.344+0000] {processor.py:183} INFO - Processing /home/airflow/.local/lib/python3.8/site-packages/airflow/example_dags/example_sensors.py took 0.247 seconds
[2024-03-29T11:46:23.439+0000] {processor.py:161} INFO - Started process (PID=728) to work on /home/airflow/.local/lib/python3.8/site-packages/airflow/example_dags/example_sensors.py
[2024-03-29T11:46:23.441+0000] {processor.py:830} INFO - Processing file /home/airflow/.local/lib/python3.8/site-packages/airflow/example_dags/example_sensors.py for tasks to queue
[2024-03-29T11:46:23.443+0000] {logging_mixin.py:188} INFO - [2024-03-29T11:46:23.442+0000] {dagbag.py:540} INFO - Filling up the DagBag from /home/airflow/.local/lib/python3.8/site-packages/airflow/example_dags/example_sensors.py
[2024-03-29T11:46:23.451+0000] {processor.py:840} INFO - DAG(s) 'example_sensors' retrieved from /home/airflow/.local/lib/python3.8/site-packages/airflow/example_dags/example_sensors.py
[2024-03-29T11:46:23.481+0000] {logging_mixin.py:188} INFO - [2024-03-29T11:46:23.481+0000] {dag.py:3047} INFO - Sync 1 DAGs
[2024-03-29T11:46:23.493+0000] {logging_mixin.py:188} INFO - [2024-03-29T11:46:23.493+0000] {dag.py:3834} INFO - Setting next_dagrun for example_sensors to None, run_after=None
[2024-03-29T11:46:23.536+0000] {processor.py:183} INFO - Processing /home/airflow/.local/lib/python3.8/site-packages/airflow/example_dags/example_sensors.py took 0.100 seconds
[2024-03-29T11:46:53.990+0000] {processor.py:161} INFO - Started process (PID=784) to work on /home/airflow/.local/lib/python3.8/site-packages/airflow/example_dags/example_sensors.py
[2024-03-29T11:46:53.991+0000] {processor.py:830} INFO - Processing file /home/airflow/.local/lib/python3.8/site-packages/airflow/example_dags/example_sensors.py for tasks to queue
[2024-03-29T11:46:53.993+0000] {logging_mixin.py:188} INFO - [2024-03-29T11:46:53.992+0000] {dagbag.py:540} INFO - Filling up the DagBag from /home/airflow/.local/lib/python3.8/site-packages/airflow/example_dags/example_sensors.py
[2024-03-29T11:46:54.005+0000] {processor.py:840} INFO - DAG(s) 'example_sensors' retrieved from /home/airflow/.local/lib/python3.8/site-packages/airflow/example_dags/example_sensors.py
[2024-03-29T11:46:54.033+0000] {logging_mixin.py:188} INFO - [2024-03-29T11:46:54.033+0000] {dag.py:3047} INFO - Sync 1 DAGs
[2024-03-29T11:46:54.045+0000] {logging_mixin.py:188} INFO - [2024-03-29T11:46:54.045+0000] {dag.py:3834} INFO - Setting next_dagrun for example_sensors to None, run_after=None
[2024-03-29T11:46:54.070+0000] {processor.py:183} INFO - Processing /home/airflow/.local/lib/python3.8/site-packages/airflow/example_dags/example_sensors.py took 0.084 seconds
[2024-03-29T11:47:24.194+0000] {processor.py:161} INFO - Started process (PID=840) to work on /home/airflow/.local/lib/python3.8/site-packages/airflow/example_dags/example_sensors.py
[2024-03-29T11:47:24.196+0000] {processor.py:830} INFO - Processing file /home/airflow/.local/lib/python3.8/site-packages/airflow/example_dags/example_sensors.py for tasks to queue
[2024-03-29T11:47:24.199+0000] {logging_mixin.py:188} INFO - [2024-03-29T11:47:24.198+0000] {dagbag.py:540} INFO - Filling up the DagBag from /home/airflow/.local/lib/python3.8/site-packages/airflow/example_dags/example_sensors.py
[2024-03-29T11:47:24.209+0000] {processor.py:840} INFO - DAG(s) 'example_sensors' retrieved from /home/airflow/.local/lib/python3.8/site-packages/airflow/example_dags/example_sensors.py
[2024-03-29T11:47:24.268+0000] {logging_mixin.py:188} INFO - [2024-03-29T11:47:24.268+0000] {dag.py:3047} INFO - Sync 1 DAGs
[2024-03-29T11:47:24.298+0000] {logging_mixin.py:188} INFO - [2024-03-29T11:47:24.298+0000] {dag.py:3834} INFO - Setting next_dagrun for example_sensors to None, run_after=None
[2024-03-29T11:47:24.360+0000] {processor.py:183} INFO - Processing /home/airflow/.local/lib/python3.8/site-packages/airflow/example_dags/example_sensors.py took 0.169 seconds
[2024-03-29T11:47:54.931+0000] {processor.py:161} INFO - Started process (PID=896) to work on /home/airflow/.local/lib/python3.8/site-packages/airflow/example_dags/example_sensors.py
[2024-03-29T11:47:54.939+0000] {processor.py:830} INFO - Processing file /home/airflow/.local/lib/python3.8/site-packages/airflow/example_dags/example_sensors.py for tasks to queue
[2024-03-29T11:47:54.942+0000] {logging_mixin.py:188} INFO - [2024-03-29T11:47:54.941+0000] {dagbag.py:540} INFO - Filling up the DagBag from /home/airflow/.local/lib/python3.8/site-packages/airflow/example_dags/example_sensors.py
[2024-03-29T11:47:54.966+0000] {processor.py:840} INFO - DAG(s) 'example_sensors' retrieved from /home/airflow/.local/lib/python3.8/site-packages/airflow/example_dags/example_sensors.py
[2024-03-29T11:47:55.033+0000] {logging_mixin.py:188} INFO - [2024-03-29T11:47:55.033+0000] {dag.py:3047} INFO - Sync 1 DAGs
[2024-03-29T11:47:55.054+0000] {logging_mixin.py:188} INFO - [2024-03-29T11:47:55.054+0000] {dag.py:3834} INFO - Setting next_dagrun for example_sensors to None, run_after=None
[2024-03-29T11:47:55.086+0000] {processor.py:183} INFO - Processing /home/airflow/.local/lib/python3.8/site-packages/airflow/example_dags/example_sensors.py took 0.159 seconds
[2024-03-29T11:48:25.261+0000] {processor.py:161} INFO - Started process (PID=951) to work on /home/airflow/.local/lib/python3.8/site-packages/airflow/example_dags/example_sensors.py
[2024-03-29T11:48:25.262+0000] {processor.py:830} INFO - Processing file /home/airflow/.local/lib/python3.8/site-packages/airflow/example_dags/example_sensors.py for tasks to queue
[2024-03-29T11:48:25.264+0000] {logging_mixin.py:188} INFO - [2024-03-29T11:48:25.263+0000] {dagbag.py:540} INFO - Filling up the DagBag from /home/airflow/.local/lib/python3.8/site-packages/airflow/example_dags/example_sensors.py
[2024-03-29T11:48:25.283+0000] {processor.py:840} INFO - DAG(s) 'example_sensors' retrieved from /home/airflow/.local/lib/python3.8/site-packages/airflow/example_dags/example_sensors.py
[2024-03-29T11:48:25.319+0000] {logging_mixin.py:188} INFO - [2024-03-29T11:48:25.318+0000] {dag.py:3047} INFO - Sync 1 DAGs
[2024-03-29T11:48:25.334+0000] {logging_mixin.py:188} INFO - [2024-03-29T11:48:25.334+0000] {dag.py:3834} INFO - Setting next_dagrun for example_sensors to None, run_after=None
[2024-03-29T11:48:25.372+0000] {processor.py:183} INFO - Processing /home/airflow/.local/lib/python3.8/site-packages/airflow/example_dags/example_sensors.py took 0.114 seconds
[2024-03-29T11:48:55.979+0000] {processor.py:161} INFO - Started process (PID=1007) to work on /home/airflow/.local/lib/python3.8/site-packages/airflow/example_dags/example_sensors.py
[2024-03-29T11:48:55.980+0000] {processor.py:830} INFO - Processing file /home/airflow/.local/lib/python3.8/site-packages/airflow/example_dags/example_sensors.py for tasks to queue
[2024-03-29T11:48:55.981+0000] {logging_mixin.py:188} INFO - [2024-03-29T11:48:55.981+0000] {dagbag.py:540} INFO - Filling up the DagBag from /home/airflow/.local/lib/python3.8/site-packages/airflow/example_dags/example_sensors.py
[2024-03-29T11:48:55.991+0000] {processor.py:840} INFO - DAG(s) 'example_sensors' retrieved from /home/airflow/.local/lib/python3.8/site-packages/airflow/example_dags/example_sensors.py
[2024-03-29T11:48:56.016+0000] {logging_mixin.py:188} INFO - [2024-03-29T11:48:56.016+0000] {dag.py:3047} INFO - Sync 1 DAGs
[2024-03-29T11:48:56.029+0000] {logging_mixin.py:188} INFO - [2024-03-29T11:48:56.029+0000] {dag.py:3834} INFO - Setting next_dagrun for example_sensors to None, run_after=None
[2024-03-29T11:48:56.049+0000] {processor.py:183} INFO - Processing /home/airflow/.local/lib/python3.8/site-packages/airflow/example_dags/example_sensors.py took 0.073 seconds
[2024-03-29T11:49:26.245+0000] {processor.py:161} INFO - Started process (PID=1062) to work on /home/airflow/.local/lib/python3.8/site-packages/airflow/example_dags/example_sensors.py
[2024-03-29T11:49:26.246+0000] {processor.py:830} INFO - Processing file /home/airflow/.local/lib/python3.8/site-packages/airflow/example_dags/example_sensors.py for tasks to queue
[2024-03-29T11:49:26.249+0000] {logging_mixin.py:188} INFO - [2024-03-29T11:49:26.248+0000] {dagbag.py:540} INFO - Filling up the DagBag from /home/airflow/.local/lib/python3.8/site-packages/airflow/example_dags/example_sensors.py
[2024-03-29T11:49:26.263+0000] {processor.py:840} INFO - DAG(s) 'example_sensors' retrieved from /home/airflow/.local/lib/python3.8/site-packages/airflow/example_dags/example_sensors.py
[2024-03-29T11:49:26.294+0000] {logging_mixin.py:188} INFO - [2024-03-29T11:49:26.293+0000] {dag.py:3047} INFO - Sync 1 DAGs
[2024-03-29T11:49:26.308+0000] {logging_mixin.py:188} INFO - [2024-03-29T11:49:26.308+0000] {dag.py:3834} INFO - Setting next_dagrun for example_sensors to None, run_after=None
[2024-03-29T11:49:26.333+0000] {processor.py:183} INFO - Processing /home/airflow/.local/lib/python3.8/site-packages/airflow/example_dags/example_sensors.py took 0.091 seconds
[2024-03-29T11:49:57.074+0000] {processor.py:161} INFO - Started process (PID=1118) to work on /home/airflow/.local/lib/python3.8/site-packages/airflow/example_dags/example_sensors.py
[2024-03-29T11:49:57.075+0000] {processor.py:830} INFO - Processing file /home/airflow/.local/lib/python3.8/site-packages/airflow/example_dags/example_sensors.py for tasks to queue
[2024-03-29T11:49:57.078+0000] {logging_mixin.py:188} INFO - [2024-03-29T11:49:57.077+0000] {dagbag.py:540} INFO - Filling up the DagBag from /home/airflow/.local/lib/python3.8/site-packages/airflow/example_dags/example_sensors.py
[2024-03-29T11:49:57.091+0000] {processor.py:840} INFO - DAG(s) 'example_sensors' retrieved from /home/airflow/.local/lib/python3.8/site-packages/airflow/example_dags/example_sensors.py
[2024-03-29T11:49:57.117+0000] {logging_mixin.py:188} INFO - [2024-03-29T11:49:57.117+0000] {dag.py:3047} INFO - Sync 1 DAGs
[2024-03-29T11:49:57.130+0000] {logging_mixin.py:188} INFO - [2024-03-29T11:49:57.130+0000] {dag.py:3834} INFO - Setting next_dagrun for example_sensors to None, run_after=None
[2024-03-29T11:49:57.150+0000] {processor.py:183} INFO - Processing /home/airflow/.local/lib/python3.8/site-packages/airflow/example_dags/example_sensors.py took 0.079 seconds
[2024-03-29T11:50:27.485+0000] {processor.py:161} INFO - Started process (PID=1174) to work on /home/airflow/.local/lib/python3.8/site-packages/airflow/example_dags/example_sensors.py
[2024-03-29T11:50:27.486+0000] {processor.py:830} INFO - Processing file /home/airflow/.local/lib/python3.8/site-packages/airflow/example_dags/example_sensors.py for tasks to queue
[2024-03-29T11:50:27.488+0000] {logging_mixin.py:188} INFO - [2024-03-29T11:50:27.488+0000] {dagbag.py:540} INFO - Filling up the DagBag from /home/airflow/.local/lib/python3.8/site-packages/airflow/example_dags/example_sensors.py
[2024-03-29T11:50:27.498+0000] {processor.py:840} INFO - DAG(s) 'example_sensors' retrieved from /home/airflow/.local/lib/python3.8/site-packages/airflow/example_dags/example_sensors.py
[2024-03-29T11:50:27.525+0000] {logging_mixin.py:188} INFO - [2024-03-29T11:50:27.525+0000] {dag.py:3047} INFO - Sync 1 DAGs
[2024-03-29T11:50:27.545+0000] {logging_mixin.py:188} INFO - [2024-03-29T11:50:27.545+0000] {dag.py:3834} INFO - Setting next_dagrun for example_sensors to None, run_after=None
[2024-03-29T11:50:27.575+0000] {processor.py:183} INFO - Processing /home/airflow/.local/lib/python3.8/site-packages/airflow/example_dags/example_sensors.py took 0.093 seconds
[2024-03-29T11:50:58.026+0000] {processor.py:161} INFO - Started process (PID=1230) to work on /home/airflow/.local/lib/python3.8/site-packages/airflow/example_dags/example_sensors.py
[2024-03-29T11:50:58.028+0000] {processor.py:830} INFO - Processing file /home/airflow/.local/lib/python3.8/site-packages/airflow/example_dags/example_sensors.py for tasks to queue
[2024-03-29T11:50:58.030+0000] {logging_mixin.py:188} INFO - [2024-03-29T11:50:58.029+0000] {dagbag.py:540} INFO - Filling up the DagBag from /home/airflow/.local/lib/python3.8/site-packages/airflow/example_dags/example_sensors.py
[2024-03-29T11:50:58.042+0000] {processor.py:840} INFO - DAG(s) 'example_sensors' retrieved from /home/airflow/.local/lib/python3.8/site-packages/airflow/example_dags/example_sensors.py
[2024-03-29T11:50:58.069+0000] {logging_mixin.py:188} INFO - [2024-03-29T11:50:58.069+0000] {dag.py:3047} INFO - Sync 1 DAGs
[2024-03-29T11:50:58.084+0000] {logging_mixin.py:188} INFO - [2024-03-29T11:50:58.083+0000] {dag.py:3834} INFO - Setting next_dagrun for example_sensors to None, run_after=None
[2024-03-29T11:50:58.114+0000] {processor.py:183} INFO - Processing /home/airflow/.local/lib/python3.8/site-packages/airflow/example_dags/example_sensors.py took 0.092 seconds
[2024-03-29T11:51:28.547+0000] {processor.py:161} INFO - Started process (PID=1286) to work on /home/airflow/.local/lib/python3.8/site-packages/airflow/example_dags/example_sensors.py
[2024-03-29T11:51:28.549+0000] {processor.py:830} INFO - Processing file /home/airflow/.local/lib/python3.8/site-packages/airflow/example_dags/example_sensors.py for tasks to queue
[2024-03-29T11:51:28.551+0000] {logging_mixin.py:188} INFO - [2024-03-29T11:51:28.550+0000] {dagbag.py:540} INFO - Filling up the DagBag from /home/airflow/.local/lib/python3.8/site-packages/airflow/example_dags/example_sensors.py
[2024-03-29T11:51:28.562+0000] {processor.py:840} INFO - DAG(s) 'example_sensors' retrieved from /home/airflow/.local/lib/python3.8/site-packages/airflow/example_dags/example_sensors.py
[2024-03-29T11:51:28.596+0000] {logging_mixin.py:188} INFO - [2024-03-29T11:51:28.596+0000] {dag.py:3047} INFO - Sync 1 DAGs
[2024-03-29T11:51:28.609+0000] {logging_mixin.py:188} INFO - [2024-03-29T11:51:28.609+0000] {dag.py:3834} INFO - Setting next_dagrun for example_sensors to None, run_after=None
[2024-03-29T11:51:28.628+0000] {processor.py:183} INFO - Processing /home/airflow/.local/lib/python3.8/site-packages/airflow/example_dags/example_sensors.py took 0.084 seconds
[2024-03-29T11:51:58.982+0000] {processor.py:161} INFO - Started process (PID=1342) to work on /home/airflow/.local/lib/python3.8/site-packages/airflow/example_dags/example_sensors.py
[2024-03-29T11:51:58.983+0000] {processor.py:830} INFO - Processing file /home/airflow/.local/lib/python3.8/site-packages/airflow/example_dags/example_sensors.py for tasks to queue
[2024-03-29T11:51:58.985+0000] {logging_mixin.py:188} INFO - [2024-03-29T11:51:58.985+0000] {dagbag.py:540} INFO - Filling up the DagBag from /home/airflow/.local/lib/python3.8/site-packages/airflow/example_dags/example_sensors.py
[2024-03-29T11:51:59.005+0000] {processor.py:840} INFO - DAG(s) 'example_sensors' retrieved from /home/airflow/.local/lib/python3.8/site-packages/airflow/example_dags/example_sensors.py
[2024-03-29T11:51:59.040+0000] {logging_mixin.py:188} INFO - [2024-03-29T11:51:59.040+0000] {dag.py:3047} INFO - Sync 1 DAGs
[2024-03-29T11:51:59.063+0000] {logging_mixin.py:188} INFO - [2024-03-29T11:51:59.062+0000] {dag.py:3834} INFO - Setting next_dagrun for example_sensors to None, run_after=None
[2024-03-29T11:51:59.118+0000] {processor.py:183} INFO - Processing /home/airflow/.local/lib/python3.8/site-packages/airflow/example_dags/example_sensors.py took 0.140 seconds
[2024-03-29T11:52:29.259+0000] {processor.py:161} INFO - Started process (PID=1398) to work on /home/airflow/.local/lib/python3.8/site-packages/airflow/example_dags/example_sensors.py
[2024-03-29T11:52:29.260+0000] {processor.py:830} INFO - Processing file /home/airflow/.local/lib/python3.8/site-packages/airflow/example_dags/example_sensors.py for tasks to queue
[2024-03-29T11:52:29.261+0000] {logging_mixin.py:188} INFO - [2024-03-29T11:52:29.261+0000] {dagbag.py:540} INFO - Filling up the DagBag from /home/airflow/.local/lib/python3.8/site-packages/airflow/example_dags/example_sensors.py
[2024-03-29T11:52:29.274+0000] {processor.py:840} INFO - DAG(s) 'example_sensors' retrieved from /home/airflow/.local/lib/python3.8/site-packages/airflow/example_dags/example_sensors.py
[2024-03-29T11:52:29.301+0000] {logging_mixin.py:188} INFO - [2024-03-29T11:52:29.301+0000] {dag.py:3047} INFO - Sync 1 DAGs
[2024-03-29T11:52:29.315+0000] {logging_mixin.py:188} INFO - [2024-03-29T11:52:29.314+0000] {dag.py:3834} INFO - Setting next_dagrun for example_sensors to None, run_after=None
[2024-03-29T11:52:29.334+0000] {processor.py:183} INFO - Processing /home/airflow/.local/lib/python3.8/site-packages/airflow/example_dags/example_sensors.py took 0.078 seconds
[2024-03-29T11:52:59.520+0000] {processor.py:161} INFO - Started process (PID=1454) to work on /home/airflow/.local/lib/python3.8/site-packages/airflow/example_dags/example_sensors.py
[2024-03-29T11:52:59.527+0000] {processor.py:830} INFO - Processing file /home/airflow/.local/lib/python3.8/site-packages/airflow/example_dags/example_sensors.py for tasks to queue
[2024-03-29T11:52:59.533+0000] {logging_mixin.py:188} INFO - [2024-03-29T11:52:59.532+0000] {dagbag.py:540} INFO - Filling up the DagBag from /home/airflow/.local/lib/python3.8/site-packages/airflow/example_dags/example_sensors.py
[2024-03-29T11:52:59.548+0000] {processor.py:840} INFO - DAG(s) 'example_sensors' retrieved from /home/airflow/.local/lib/python3.8/site-packages/airflow/example_dags/example_sensors.py
[2024-03-29T11:52:59.581+0000] {logging_mixin.py:188} INFO - [2024-03-29T11:52:59.581+0000] {dag.py:3047} INFO - Sync 1 DAGs
[2024-03-29T11:52:59.598+0000] {logging_mixin.py:188} INFO - [2024-03-29T11:52:59.598+0000] {dag.py:3834} INFO - Setting next_dagrun for example_sensors to None, run_after=None
[2024-03-29T11:52:59.620+0000] {processor.py:183} INFO - Processing /home/airflow/.local/lib/python3.8/site-packages/airflow/example_dags/example_sensors.py took 0.104 seconds
[2024-03-29T11:53:29.694+0000] {processor.py:161} INFO - Started process (PID=1510) to work on /home/airflow/.local/lib/python3.8/site-packages/airflow/example_dags/example_sensors.py
[2024-03-29T11:53:29.695+0000] {processor.py:830} INFO - Processing file /home/airflow/.local/lib/python3.8/site-packages/airflow/example_dags/example_sensors.py for tasks to queue
[2024-03-29T11:53:29.697+0000] {logging_mixin.py:188} INFO - [2024-03-29T11:53:29.696+0000] {dagbag.py:540} INFO - Filling up the DagBag from /home/airflow/.local/lib/python3.8/site-packages/airflow/example_dags/example_sensors.py
[2024-03-29T11:53:29.709+0000] {processor.py:840} INFO - DAG(s) 'example_sensors' retrieved from /home/airflow/.local/lib/python3.8/site-packages/airflow/example_dags/example_sensors.py
[2024-03-29T11:53:29.738+0000] {logging_mixin.py:188} INFO - [2024-03-29T11:53:29.738+0000] {dag.py:3047} INFO - Sync 1 DAGs
[2024-03-29T11:53:29.754+0000] {logging_mixin.py:188} INFO - [2024-03-29T11:53:29.754+0000] {dag.py:3834} INFO - Setting next_dagrun for example_sensors to None, run_after=None
[2024-03-29T11:53:29.780+0000] {processor.py:183} INFO - Processing /home/airflow/.local/lib/python3.8/site-packages/airflow/example_dags/example_sensors.py took 0.089 seconds
[2024-03-29T11:54:00.474+0000] {processor.py:161} INFO - Started process (PID=1567) to work on /home/airflow/.local/lib/python3.8/site-packages/airflow/example_dags/example_sensors.py
[2024-03-29T11:54:00.475+0000] {processor.py:830} INFO - Processing file /home/airflow/.local/lib/python3.8/site-packages/airflow/example_dags/example_sensors.py for tasks to queue
[2024-03-29T11:54:00.477+0000] {logging_mixin.py:188} INFO - [2024-03-29T11:54:00.476+0000] {dagbag.py:540} INFO - Filling up the DagBag from /home/airflow/.local/lib/python3.8/site-packages/airflow/example_dags/example_sensors.py
[2024-03-29T11:54:00.490+0000] {processor.py:840} INFO - DAG(s) 'example_sensors' retrieved from /home/airflow/.local/lib/python3.8/site-packages/airflow/example_dags/example_sensors.py
[2024-03-29T11:54:00.522+0000] {logging_mixin.py:188} INFO - [2024-03-29T11:54:00.522+0000] {dag.py:3047} INFO - Sync 1 DAGs
[2024-03-29T11:54:00.535+0000] {logging_mixin.py:188} INFO - [2024-03-29T11:54:00.534+0000] {dag.py:3834} INFO - Setting next_dagrun for example_sensors to None, run_after=None
[2024-03-29T11:54:00.559+0000] {processor.py:183} INFO - Processing /home/airflow/.local/lib/python3.8/site-packages/airflow/example_dags/example_sensors.py took 0.092 seconds
[2024-03-29T11:54:31.157+0000] {processor.py:161} INFO - Started process (PID=1623) to work on /home/airflow/.local/lib/python3.8/site-packages/airflow/example_dags/example_sensors.py
[2024-03-29T11:54:31.158+0000] {processor.py:830} INFO - Processing file /home/airflow/.local/lib/python3.8/site-packages/airflow/example_dags/example_sensors.py for tasks to queue
[2024-03-29T11:54:31.161+0000] {logging_mixin.py:188} INFO - [2024-03-29T11:54:31.160+0000] {dagbag.py:540} INFO - Filling up the DagBag from /home/airflow/.local/lib/python3.8/site-packages/airflow/example_dags/example_sensors.py
[2024-03-29T11:54:31.173+0000] {processor.py:840} INFO - DAG(s) 'example_sensors' retrieved from /home/airflow/.local/lib/python3.8/site-packages/airflow/example_dags/example_sensors.py
[2024-03-29T11:54:31.200+0000] {logging_mixin.py:188} INFO - [2024-03-29T11:54:31.200+0000] {dag.py:3047} INFO - Sync 1 DAGs
[2024-03-29T11:54:31.214+0000] {logging_mixin.py:188} INFO - [2024-03-29T11:54:31.214+0000] {dag.py:3834} INFO - Setting next_dagrun for example_sensors to None, run_after=None
[2024-03-29T11:54:31.245+0000] {processor.py:183} INFO - Processing /home/airflow/.local/lib/python3.8/site-packages/airflow/example_dags/example_sensors.py took 0.091 seconds
[2024-03-29T11:55:01.980+0000] {processor.py:161} INFO - Started process (PID=1679) to work on /home/airflow/.local/lib/python3.8/site-packages/airflow/example_dags/example_sensors.py
[2024-03-29T11:55:01.982+0000] {processor.py:830} INFO - Processing file /home/airflow/.local/lib/python3.8/site-packages/airflow/example_dags/example_sensors.py for tasks to queue
[2024-03-29T11:55:01.986+0000] {logging_mixin.py:188} INFO - [2024-03-29T11:55:01.985+0000] {dagbag.py:540} INFO - Filling up the DagBag from /home/airflow/.local/lib/python3.8/site-packages/airflow/example_dags/example_sensors.py
[2024-03-29T11:55:01.996+0000] {processor.py:840} INFO - DAG(s) 'example_sensors' retrieved from /home/airflow/.local/lib/python3.8/site-packages/airflow/example_dags/example_sensors.py
[2024-03-29T11:55:02.026+0000] {logging_mixin.py:188} INFO - [2024-03-29T11:55:02.025+0000] {dag.py:3047} INFO - Sync 1 DAGs
[2024-03-29T11:55:02.038+0000] {logging_mixin.py:188} INFO - [2024-03-29T11:55:02.038+0000] {dag.py:3834} INFO - Setting next_dagrun for example_sensors to None, run_after=None
[2024-03-29T11:55:02.058+0000] {processor.py:183} INFO - Processing /home/airflow/.local/lib/python3.8/site-packages/airflow/example_dags/example_sensors.py took 0.081 seconds
[2024-03-29T11:55:32.102+0000] {processor.py:161} INFO - Started process (PID=1735) to work on /home/airflow/.local/lib/python3.8/site-packages/airflow/example_dags/example_sensors.py
[2024-03-29T11:55:32.107+0000] {processor.py:830} INFO - Processing file /home/airflow/.local/lib/python3.8/site-packages/airflow/example_dags/example_sensors.py for tasks to queue
[2024-03-29T11:55:32.117+0000] {logging_mixin.py:188} INFO - [2024-03-29T11:55:32.116+0000] {dagbag.py:540} INFO - Filling up the DagBag from /home/airflow/.local/lib/python3.8/site-packages/airflow/example_dags/example_sensors.py
[2024-03-29T11:55:32.128+0000] {processor.py:840} INFO - DAG(s) 'example_sensors' retrieved from /home/airflow/.local/lib/python3.8/site-packages/airflow/example_dags/example_sensors.py
[2024-03-29T11:55:32.157+0000] {logging_mixin.py:188} INFO - [2024-03-29T11:55:32.157+0000] {dag.py:3047} INFO - Sync 1 DAGs
[2024-03-29T11:55:32.178+0000] {logging_mixin.py:188} INFO - [2024-03-29T11:55:32.178+0000] {dag.py:3834} INFO - Setting next_dagrun for example_sensors to None, run_after=None
[2024-03-29T11:55:32.196+0000] {processor.py:183} INFO - Processing /home/airflow/.local/lib/python3.8/site-packages/airflow/example_dags/example_sensors.py took 0.097 seconds
[2024-03-29T11:56:02.342+0000] {processor.py:161} INFO - Started process (PID=1792) to work on /home/airflow/.local/lib/python3.8/site-packages/airflow/example_dags/example_sensors.py
[2024-03-29T11:56:02.343+0000] {processor.py:830} INFO - Processing file /home/airflow/.local/lib/python3.8/site-packages/airflow/example_dags/example_sensors.py for tasks to queue
[2024-03-29T11:56:02.345+0000] {logging_mixin.py:188} INFO - [2024-03-29T11:56:02.345+0000] {dagbag.py:540} INFO - Filling up the DagBag from /home/airflow/.local/lib/python3.8/site-packages/airflow/example_dags/example_sensors.py
[2024-03-29T11:56:02.358+0000] {processor.py:840} INFO - DAG(s) 'example_sensors' retrieved from /home/airflow/.local/lib/python3.8/site-packages/airflow/example_dags/example_sensors.py
[2024-03-29T11:56:02.390+0000] {logging_mixin.py:188} INFO - [2024-03-29T11:56:02.389+0000] {dag.py:3047} INFO - Sync 1 DAGs
[2024-03-29T11:56:02.406+0000] {logging_mixin.py:188} INFO - [2024-03-29T11:56:02.405+0000] {dag.py:3834} INFO - Setting next_dagrun for example_sensors to None, run_after=None
[2024-03-29T11:56:02.425+0000] {processor.py:183} INFO - Processing /home/airflow/.local/lib/python3.8/site-packages/airflow/example_dags/example_sensors.py took 0.086 seconds
[2024-03-29T11:56:32.591+0000] {processor.py:161} INFO - Started process (PID=1849) to work on /home/airflow/.local/lib/python3.8/site-packages/airflow/example_dags/example_sensors.py
[2024-03-29T11:56:32.592+0000] {processor.py:830} INFO - Processing file /home/airflow/.local/lib/python3.8/site-packages/airflow/example_dags/example_sensors.py for tasks to queue
[2024-03-29T11:56:32.595+0000] {logging_mixin.py:188} INFO - [2024-03-29T11:56:32.594+0000] {dagbag.py:540} INFO - Filling up the DagBag from /home/airflow/.local/lib/python3.8/site-packages/airflow/example_dags/example_sensors.py
[2024-03-29T11:56:32.606+0000] {processor.py:840} INFO - DAG(s) 'example_sensors' retrieved from /home/airflow/.local/lib/python3.8/site-packages/airflow/example_dags/example_sensors.py
[2024-03-29T11:56:32.637+0000] {logging_mixin.py:188} INFO - [2024-03-29T11:56:32.636+0000] {dag.py:3047} INFO - Sync 1 DAGs
[2024-03-29T11:56:32.656+0000] {logging_mixin.py:188} INFO - [2024-03-29T11:56:32.656+0000] {dag.py:3834} INFO - Setting next_dagrun for example_sensors to None, run_after=None
[2024-03-29T11:56:32.692+0000] {processor.py:183} INFO - Processing /home/airflow/.local/lib/python3.8/site-packages/airflow/example_dags/example_sensors.py took 0.105 seconds
[2024-03-29T11:57:03.441+0000] {processor.py:161} INFO - Started process (PID=1905) to work on /home/airflow/.local/lib/python3.8/site-packages/airflow/example_dags/example_sensors.py
[2024-03-29T11:57:03.442+0000] {processor.py:830} INFO - Processing file /home/airflow/.local/lib/python3.8/site-packages/airflow/example_dags/example_sensors.py for tasks to queue
[2024-03-29T11:57:03.443+0000] {logging_mixin.py:188} INFO - [2024-03-29T11:57:03.443+0000] {dagbag.py:540} INFO - Filling up the DagBag from /home/airflow/.local/lib/python3.8/site-packages/airflow/example_dags/example_sensors.py
[2024-03-29T11:57:03.453+0000] {processor.py:840} INFO - DAG(s) 'example_sensors' retrieved from /home/airflow/.local/lib/python3.8/site-packages/airflow/example_dags/example_sensors.py
[2024-03-29T11:57:03.477+0000] {logging_mixin.py:188} INFO - [2024-03-29T11:57:03.476+0000] {dag.py:3047} INFO - Sync 1 DAGs
[2024-03-29T11:57:03.633+0000] {logging_mixin.py:188} INFO - [2024-03-29T11:57:03.633+0000] {dag.py:3834} INFO - Setting next_dagrun for example_sensors to None, run_after=None
[2024-03-29T11:57:03.649+0000] {processor.py:183} INFO - Processing /home/airflow/.local/lib/python3.8/site-packages/airflow/example_dags/example_sensors.py took 0.211 seconds
[2024-03-29T11:57:33.769+0000] {processor.py:161} INFO - Started process (PID=1961) to work on /home/airflow/.local/lib/python3.8/site-packages/airflow/example_dags/example_sensors.py
[2024-03-29T11:57:33.770+0000] {processor.py:830} INFO - Processing file /home/airflow/.local/lib/python3.8/site-packages/airflow/example_dags/example_sensors.py for tasks to queue
[2024-03-29T11:57:33.771+0000] {logging_mixin.py:188} INFO - [2024-03-29T11:57:33.771+0000] {dagbag.py:540} INFO - Filling up the DagBag from /home/airflow/.local/lib/python3.8/site-packages/airflow/example_dags/example_sensors.py
[2024-03-29T11:57:33.780+0000] {processor.py:840} INFO - DAG(s) 'example_sensors' retrieved from /home/airflow/.local/lib/python3.8/site-packages/airflow/example_dags/example_sensors.py
[2024-03-29T11:57:33.805+0000] {logging_mixin.py:188} INFO - [2024-03-29T11:57:33.805+0000] {dag.py:3047} INFO - Sync 1 DAGs
[2024-03-29T11:57:33.819+0000] {logging_mixin.py:188} INFO - [2024-03-29T11:57:33.818+0000] {dag.py:3834} INFO - Setting next_dagrun for example_sensors to None, run_after=None
[2024-03-29T11:57:34.026+0000] {processor.py:183} INFO - Processing /home/airflow/.local/lib/python3.8/site-packages/airflow/example_dags/example_sensors.py took 0.260 seconds
[2024-03-29T11:58:04.619+0000] {processor.py:161} INFO - Started process (PID=2017) to work on /home/airflow/.local/lib/python3.8/site-packages/airflow/example_dags/example_sensors.py
[2024-03-29T11:58:04.620+0000] {processor.py:830} INFO - Processing file /home/airflow/.local/lib/python3.8/site-packages/airflow/example_dags/example_sensors.py for tasks to queue
[2024-03-29T11:58:04.625+0000] {logging_mixin.py:188} INFO - [2024-03-29T11:58:04.625+0000] {dagbag.py:540} INFO - Filling up the DagBag from /home/airflow/.local/lib/python3.8/site-packages/airflow/example_dags/example_sensors.py
[2024-03-29T11:58:04.638+0000] {processor.py:840} INFO - DAG(s) 'example_sensors' retrieved from /home/airflow/.local/lib/python3.8/site-packages/airflow/example_dags/example_sensors.py
[2024-03-29T11:58:04.669+0000] {logging_mixin.py:188} INFO - [2024-03-29T11:58:04.669+0000] {dag.py:3047} INFO - Sync 1 DAGs
[2024-03-29T11:58:04.681+0000] {logging_mixin.py:188} INFO - [2024-03-29T11:58:04.680+0000] {dag.py:3834} INFO - Setting next_dagrun for example_sensors to None, run_after=None
[2024-03-29T11:58:04.707+0000] {processor.py:183} INFO - Processing /home/airflow/.local/lib/python3.8/site-packages/airflow/example_dags/example_sensors.py took 0.090 seconds
[2024-03-29T11:58:35.530+0000] {processor.py:161} INFO - Started process (PID=2073) to work on /home/airflow/.local/lib/python3.8/site-packages/airflow/example_dags/example_sensors.py
[2024-03-29T11:58:35.531+0000] {processor.py:830} INFO - Processing file /home/airflow/.local/lib/python3.8/site-packages/airflow/example_dags/example_sensors.py for tasks to queue
[2024-03-29T11:58:35.534+0000] {logging_mixin.py:188} INFO - [2024-03-29T11:58:35.534+0000] {dagbag.py:540} INFO - Filling up the DagBag from /home/airflow/.local/lib/python3.8/site-packages/airflow/example_dags/example_sensors.py
[2024-03-29T11:58:35.544+0000] {processor.py:840} INFO - DAG(s) 'example_sensors' retrieved from /home/airflow/.local/lib/python3.8/site-packages/airflow/example_dags/example_sensors.py
[2024-03-29T11:58:35.575+0000] {logging_mixin.py:188} INFO - [2024-03-29T11:58:35.575+0000] {dag.py:3047} INFO - Sync 1 DAGs
[2024-03-29T11:58:35.588+0000] {logging_mixin.py:188} INFO - [2024-03-29T11:58:35.588+0000] {dag.py:3834} INFO - Setting next_dagrun for example_sensors to None, run_after=None
[2024-03-29T11:58:35.614+0000] {processor.py:183} INFO - Processing /home/airflow/.local/lib/python3.8/site-packages/airflow/example_dags/example_sensors.py took 0.087 seconds
[2024-03-29T11:59:06.205+0000] {processor.py:161} INFO - Started process (PID=2129) to work on /home/airflow/.local/lib/python3.8/site-packages/airflow/example_dags/example_sensors.py
[2024-03-29T11:59:06.206+0000] {processor.py:830} INFO - Processing file /home/airflow/.local/lib/python3.8/site-packages/airflow/example_dags/example_sensors.py for tasks to queue
[2024-03-29T11:59:06.208+0000] {logging_mixin.py:188} INFO - [2024-03-29T11:59:06.208+0000] {dagbag.py:540} INFO - Filling up the DagBag from /home/airflow/.local/lib/python3.8/site-packages/airflow/example_dags/example_sensors.py
[2024-03-29T11:59:06.217+0000] {processor.py:840} INFO - DAG(s) 'example_sensors' retrieved from /home/airflow/.local/lib/python3.8/site-packages/airflow/example_dags/example_sensors.py
[2024-03-29T11:59:06.242+0000] {logging_mixin.py:188} INFO - [2024-03-29T11:59:06.242+0000] {dag.py:3047} INFO - Sync 1 DAGs
[2024-03-29T11:59:06.273+0000] {logging_mixin.py:188} INFO - [2024-03-29T11:59:06.273+0000] {dag.py:3834} INFO - Setting next_dagrun for example_sensors to None, run_after=None
[2024-03-29T11:59:06.297+0000] {processor.py:183} INFO - Processing /home/airflow/.local/lib/python3.8/site-packages/airflow/example_dags/example_sensors.py took 0.094 seconds
[2024-03-29T11:59:36.617+0000] {processor.py:161} INFO - Started process (PID=2184) to work on /home/airflow/.local/lib/python3.8/site-packages/airflow/example_dags/example_sensors.py
[2024-03-29T11:59:36.618+0000] {processor.py:830} INFO - Processing file /home/airflow/.local/lib/python3.8/site-packages/airflow/example_dags/example_sensors.py for tasks to queue
[2024-03-29T11:59:36.621+0000] {logging_mixin.py:188} INFO - [2024-03-29T11:59:36.621+0000] {dagbag.py:540} INFO - Filling up the DagBag from /home/airflow/.local/lib/python3.8/site-packages/airflow/example_dags/example_sensors.py
[2024-03-29T11:59:36.638+0000] {processor.py:840} INFO - DAG(s) 'example_sensors' retrieved from /home/airflow/.local/lib/python3.8/site-packages/airflow/example_dags/example_sensors.py
[2024-03-29T11:59:36.697+0000] {logging_mixin.py:188} INFO - [2024-03-29T11:59:36.697+0000] {dag.py:3047} INFO - Sync 1 DAGs
[2024-03-29T11:59:36.712+0000] {logging_mixin.py:188} INFO - [2024-03-29T11:59:36.712+0000] {dag.py:3834} INFO - Setting next_dagrun for example_sensors to None, run_after=None
[2024-03-29T11:59:36.742+0000] {processor.py:183} INFO - Processing /home/airflow/.local/lib/python3.8/site-packages/airflow/example_dags/example_sensors.py took 0.136 seconds
