[2024-03-29T11:24:40.207+0000] {processor.py:161} INFO - Started process (PID=65) to work on /home/airflow/.local/lib/python3.8/site-packages/airflow/example_dags/example_latest_only.py
[2024-03-29T11:24:40.211+0000] {processor.py:830} INFO - Processing file /home/airflow/.local/lib/python3.8/site-packages/airflow/example_dags/example_latest_only.py for tasks to queue
[2024-03-29T11:24:40.214+0000] {logging_mixin.py:188} INFO - [2024-03-29T11:24:40.213+0000] {dagbag.py:540} INFO - Filling up the DagBag from /home/airflow/.local/lib/python3.8/site-packages/airflow/example_dags/example_latest_only.py
[2024-03-29T11:24:40.226+0000] {processor.py:840} INFO - DAG(s) 'latest_only' retrieved from /home/airflow/.local/lib/python3.8/site-packages/airflow/example_dags/example_latest_only.py
[2024-03-29T11:24:40.299+0000] {logging_mixin.py:188} INFO - [2024-03-29T11:24:40.298+0000] {dag.py:3047} INFO - Sync 1 DAGs
[2024-03-29T11:24:40.409+0000] {logging_mixin.py:188} INFO - [2024-03-29T11:24:40.409+0000] {dag.py:3834} INFO - Setting next_dagrun for latest_only to 2024-03-29 04:00:00+00:00, run_after=2024-03-29 08:00:00+00:00
[2024-03-29T11:24:40.500+0000] {processor.py:183} INFO - Processing /home/airflow/.local/lib/python3.8/site-packages/airflow/example_dags/example_latest_only.py took 0.296 seconds
[2024-03-29T11:25:11.123+0000] {processor.py:161} INFO - Started process (PID=121) to work on /home/airflow/.local/lib/python3.8/site-packages/airflow/example_dags/example_latest_only.py
[2024-03-29T11:25:11.124+0000] {processor.py:830} INFO - Processing file /home/airflow/.local/lib/python3.8/site-packages/airflow/example_dags/example_latest_only.py for tasks to queue
[2024-03-29T11:25:11.128+0000] {logging_mixin.py:188} INFO - [2024-03-29T11:25:11.126+0000] {dagbag.py:540} INFO - Filling up the DagBag from /home/airflow/.local/lib/python3.8/site-packages/airflow/example_dags/example_latest_only.py
[2024-03-29T11:25:11.133+0000] {processor.py:840} INFO - DAG(s) 'latest_only' retrieved from /home/airflow/.local/lib/python3.8/site-packages/airflow/example_dags/example_latest_only.py
[2024-03-29T11:25:11.247+0000] {logging_mixin.py:188} INFO - [2024-03-29T11:25:11.247+0000] {dag.py:3047} INFO - Sync 1 DAGs
[2024-03-29T11:25:11.280+0000] {logging_mixin.py:188} INFO - [2024-03-29T11:25:11.280+0000] {dag.py:3834} INFO - Setting next_dagrun for latest_only to 2024-03-29 04:00:00+00:00, run_after=2024-03-29 08:00:00+00:00
[2024-03-29T11:25:11.299+0000] {processor.py:183} INFO - Processing /home/airflow/.local/lib/python3.8/site-packages/airflow/example_dags/example_latest_only.py took 0.179 seconds
[2024-03-29T11:25:41.476+0000] {processor.py:161} INFO - Started process (PID=177) to work on /home/airflow/.local/lib/python3.8/site-packages/airflow/example_dags/example_latest_only.py
[2024-03-29T11:25:41.478+0000] {processor.py:830} INFO - Processing file /home/airflow/.local/lib/python3.8/site-packages/airflow/example_dags/example_latest_only.py for tasks to queue
[2024-03-29T11:25:41.481+0000] {logging_mixin.py:188} INFO - [2024-03-29T11:25:41.481+0000] {dagbag.py:540} INFO - Filling up the DagBag from /home/airflow/.local/lib/python3.8/site-packages/airflow/example_dags/example_latest_only.py
[2024-03-29T11:25:41.486+0000] {processor.py:840} INFO - DAG(s) 'latest_only' retrieved from /home/airflow/.local/lib/python3.8/site-packages/airflow/example_dags/example_latest_only.py
[2024-03-29T11:25:41.514+0000] {logging_mixin.py:188} INFO - [2024-03-29T11:25:41.514+0000] {dag.py:3047} INFO - Sync 1 DAGs
[2024-03-29T11:25:41.536+0000] {logging_mixin.py:188} INFO - [2024-03-29T11:25:41.536+0000] {dag.py:3834} INFO - Setting next_dagrun for latest_only to 2024-03-29 04:00:00+00:00, run_after=2024-03-29 08:00:00+00:00
[2024-03-29T11:25:41.553+0000] {processor.py:183} INFO - Processing /home/airflow/.local/lib/python3.8/site-packages/airflow/example_dags/example_latest_only.py took 0.081 seconds
[2024-03-29T11:26:12.078+0000] {processor.py:161} INFO - Started process (PID=232) to work on /home/airflow/.local/lib/python3.8/site-packages/airflow/example_dags/example_latest_only.py
[2024-03-29T11:26:12.079+0000] {processor.py:830} INFO - Processing file /home/airflow/.local/lib/python3.8/site-packages/airflow/example_dags/example_latest_only.py for tasks to queue
[2024-03-29T11:26:12.081+0000] {logging_mixin.py:188} INFO - [2024-03-29T11:26:12.081+0000] {dagbag.py:540} INFO - Filling up the DagBag from /home/airflow/.local/lib/python3.8/site-packages/airflow/example_dags/example_latest_only.py
[2024-03-29T11:26:12.085+0000] {processor.py:840} INFO - DAG(s) 'latest_only' retrieved from /home/airflow/.local/lib/python3.8/site-packages/airflow/example_dags/example_latest_only.py
[2024-03-29T11:26:12.104+0000] {logging_mixin.py:188} INFO - [2024-03-29T11:26:12.103+0000] {dag.py:3047} INFO - Sync 1 DAGs
[2024-03-29T11:26:12.137+0000] {logging_mixin.py:188} INFO - [2024-03-29T11:26:12.136+0000] {dag.py:3834} INFO - Setting next_dagrun for latest_only to 2024-03-29 04:00:00+00:00, run_after=2024-03-29 08:00:00+00:00
[2024-03-29T11:26:12.163+0000] {processor.py:183} INFO - Processing /home/airflow/.local/lib/python3.8/site-packages/airflow/example_dags/example_latest_only.py took 0.087 seconds
[2024-03-29T11:26:42.733+0000] {processor.py:161} INFO - Started process (PID=288) to work on /home/airflow/.local/lib/python3.8/site-packages/airflow/example_dags/example_latest_only.py
[2024-03-29T11:26:42.737+0000] {processor.py:830} INFO - Processing file /home/airflow/.local/lib/python3.8/site-packages/airflow/example_dags/example_latest_only.py for tasks to queue
[2024-03-29T11:26:42.753+0000] {logging_mixin.py:188} INFO - [2024-03-29T11:26:42.746+0000] {dagbag.py:540} INFO - Filling up the DagBag from /home/airflow/.local/lib/python3.8/site-packages/airflow/example_dags/example_latest_only.py
[2024-03-29T11:26:42.770+0000] {processor.py:840} INFO - DAG(s) 'latest_only' retrieved from /home/airflow/.local/lib/python3.8/site-packages/airflow/example_dags/example_latest_only.py
[2024-03-29T11:26:42.828+0000] {logging_mixin.py:188} INFO - [2024-03-29T11:26:42.827+0000] {dag.py:3047} INFO - Sync 1 DAGs
[2024-03-29T11:26:42.908+0000] {logging_mixin.py:188} INFO - [2024-03-29T11:26:42.908+0000] {dag.py:3834} INFO - Setting next_dagrun for latest_only to 2024-03-29 04:00:00+00:00, run_after=2024-03-29 08:00:00+00:00
[2024-03-29T11:26:42.977+0000] {processor.py:183} INFO - Processing /home/airflow/.local/lib/python3.8/site-packages/airflow/example_dags/example_latest_only.py took 0.251 seconds
[2024-03-29T11:27:13.635+0000] {processor.py:161} INFO - Started process (PID=344) to work on /home/airflow/.local/lib/python3.8/site-packages/airflow/example_dags/example_latest_only.py
[2024-03-29T11:27:13.640+0000] {processor.py:830} INFO - Processing file /home/airflow/.local/lib/python3.8/site-packages/airflow/example_dags/example_latest_only.py for tasks to queue
[2024-03-29T11:27:13.645+0000] {logging_mixin.py:188} INFO - [2024-03-29T11:27:13.645+0000] {dagbag.py:540} INFO - Filling up the DagBag from /home/airflow/.local/lib/python3.8/site-packages/airflow/example_dags/example_latest_only.py
[2024-03-29T11:27:13.649+0000] {processor.py:840} INFO - DAG(s) 'latest_only' retrieved from /home/airflow/.local/lib/python3.8/site-packages/airflow/example_dags/example_latest_only.py
[2024-03-29T11:27:13.766+0000] {logging_mixin.py:188} INFO - [2024-03-29T11:27:13.765+0000] {dag.py:3047} INFO - Sync 1 DAGs
[2024-03-29T11:27:13.861+0000] {logging_mixin.py:188} INFO - [2024-03-29T11:27:13.861+0000] {dag.py:3834} INFO - Setting next_dagrun for latest_only to 2024-03-29 04:00:00+00:00, run_after=2024-03-29 08:00:00+00:00
[2024-03-29T11:27:13.921+0000] {processor.py:183} INFO - Processing /home/airflow/.local/lib/python3.8/site-packages/airflow/example_dags/example_latest_only.py took 0.289 seconds
[2024-03-29T11:28:43.753+0000] {processor.py:161} INFO - Started process (PID=65) to work on /home/airflow/.local/lib/python3.8/site-packages/airflow/example_dags/example_latest_only.py
[2024-03-29T11:28:43.763+0000] {processor.py:830} INFO - Processing file /home/airflow/.local/lib/python3.8/site-packages/airflow/example_dags/example_latest_only.py for tasks to queue
[2024-03-29T11:28:43.766+0000] {logging_mixin.py:188} INFO - [2024-03-29T11:28:43.766+0000] {dagbag.py:540} INFO - Filling up the DagBag from /home/airflow/.local/lib/python3.8/site-packages/airflow/example_dags/example_latest_only.py
[2024-03-29T11:28:43.779+0000] {processor.py:840} INFO - DAG(s) 'latest_only' retrieved from /home/airflow/.local/lib/python3.8/site-packages/airflow/example_dags/example_latest_only.py
[2024-03-29T11:28:44.182+0000] {logging_mixin.py:188} INFO - [2024-03-29T11:28:44.181+0000] {dag.py:3047} INFO - Sync 1 DAGs
[2024-03-29T11:28:44.319+0000] {logging_mixin.py:188} INFO - [2024-03-29T11:28:44.318+0000] {dag.py:3834} INFO - Setting next_dagrun for latest_only to 2024-03-29 04:00:00+00:00, run_after=2024-03-29 08:00:00+00:00
[2024-03-29T11:28:44.434+0000] {processor.py:183} INFO - Processing /home/airflow/.local/lib/python3.8/site-packages/airflow/example_dags/example_latest_only.py took 0.689 seconds
[2024-03-29T11:29:15.436+0000] {processor.py:161} INFO - Started process (PID=121) to work on /home/airflow/.local/lib/python3.8/site-packages/airflow/example_dags/example_latest_only.py
[2024-03-29T11:29:15.440+0000] {processor.py:830} INFO - Processing file /home/airflow/.local/lib/python3.8/site-packages/airflow/example_dags/example_latest_only.py for tasks to queue
[2024-03-29T11:29:15.442+0000] {logging_mixin.py:188} INFO - [2024-03-29T11:29:15.442+0000] {dagbag.py:540} INFO - Filling up the DagBag from /home/airflow/.local/lib/python3.8/site-packages/airflow/example_dags/example_latest_only.py
[2024-03-29T11:29:15.446+0000] {processor.py:840} INFO - DAG(s) 'latest_only' retrieved from /home/airflow/.local/lib/python3.8/site-packages/airflow/example_dags/example_latest_only.py
[2024-03-29T11:29:15.469+0000] {logging_mixin.py:188} INFO - [2024-03-29T11:29:15.468+0000] {dag.py:3047} INFO - Sync 1 DAGs
[2024-03-29T11:29:15.502+0000] {logging_mixin.py:188} INFO - [2024-03-29T11:29:15.502+0000] {dag.py:3834} INFO - Setting next_dagrun for latest_only to 2024-03-29 04:00:00+00:00, run_after=2024-03-29 08:00:00+00:00
[2024-03-29T11:29:15.529+0000] {processor.py:183} INFO - Processing /home/airflow/.local/lib/python3.8/site-packages/airflow/example_dags/example_latest_only.py took 0.096 seconds
[2024-03-29T11:29:45.588+0000] {processor.py:161} INFO - Started process (PID=177) to work on /home/airflow/.local/lib/python3.8/site-packages/airflow/example_dags/example_latest_only.py
[2024-03-29T11:29:45.590+0000] {processor.py:830} INFO - Processing file /home/airflow/.local/lib/python3.8/site-packages/airflow/example_dags/example_latest_only.py for tasks to queue
[2024-03-29T11:29:45.592+0000] {logging_mixin.py:188} INFO - [2024-03-29T11:29:45.592+0000] {dagbag.py:540} INFO - Filling up the DagBag from /home/airflow/.local/lib/python3.8/site-packages/airflow/example_dags/example_latest_only.py
[2024-03-29T11:29:45.597+0000] {processor.py:840} INFO - DAG(s) 'latest_only' retrieved from /home/airflow/.local/lib/python3.8/site-packages/airflow/example_dags/example_latest_only.py
[2024-03-29T11:29:45.622+0000] {logging_mixin.py:188} INFO - [2024-03-29T11:29:45.621+0000] {dag.py:3047} INFO - Sync 1 DAGs
[2024-03-29T11:29:45.651+0000] {logging_mixin.py:188} INFO - [2024-03-29T11:29:45.651+0000] {dag.py:3834} INFO - Setting next_dagrun for latest_only to 2024-03-29 04:00:00+00:00, run_after=2024-03-29 08:00:00+00:00
[2024-03-29T11:29:45.673+0000] {processor.py:183} INFO - Processing /home/airflow/.local/lib/python3.8/site-packages/airflow/example_dags/example_latest_only.py took 0.089 seconds
[2024-03-29T11:30:15.937+0000] {processor.py:161} INFO - Started process (PID=233) to work on /home/airflow/.local/lib/python3.8/site-packages/airflow/example_dags/example_latest_only.py
[2024-03-29T11:30:15.945+0000] {processor.py:830} INFO - Processing file /home/airflow/.local/lib/python3.8/site-packages/airflow/example_dags/example_latest_only.py for tasks to queue
[2024-03-29T11:30:15.947+0000] {logging_mixin.py:188} INFO - [2024-03-29T11:30:15.946+0000] {dagbag.py:540} INFO - Filling up the DagBag from /home/airflow/.local/lib/python3.8/site-packages/airflow/example_dags/example_latest_only.py
[2024-03-29T11:30:15.953+0000] {processor.py:840} INFO - DAG(s) 'latest_only' retrieved from /home/airflow/.local/lib/python3.8/site-packages/airflow/example_dags/example_latest_only.py
[2024-03-29T11:30:15.983+0000] {logging_mixin.py:188} INFO - [2024-03-29T11:30:15.982+0000] {dag.py:3047} INFO - Sync 1 DAGs
[2024-03-29T11:30:16.013+0000] {logging_mixin.py:188} INFO - [2024-03-29T11:30:16.012+0000] {dag.py:3834} INFO - Setting next_dagrun for latest_only to 2024-03-29 04:00:00+00:00, run_after=2024-03-29 08:00:00+00:00
[2024-03-29T11:30:16.031+0000] {processor.py:183} INFO - Processing /home/airflow/.local/lib/python3.8/site-packages/airflow/example_dags/example_latest_only.py took 0.099 seconds
[2024-03-29T11:30:46.876+0000] {processor.py:161} INFO - Started process (PID=289) to work on /home/airflow/.local/lib/python3.8/site-packages/airflow/example_dags/example_latest_only.py
[2024-03-29T11:30:46.877+0000] {processor.py:830} INFO - Processing file /home/airflow/.local/lib/python3.8/site-packages/airflow/example_dags/example_latest_only.py for tasks to queue
[2024-03-29T11:30:46.879+0000] {logging_mixin.py:188} INFO - [2024-03-29T11:30:46.879+0000] {dagbag.py:540} INFO - Filling up the DagBag from /home/airflow/.local/lib/python3.8/site-packages/airflow/example_dags/example_latest_only.py
[2024-03-29T11:30:46.884+0000] {processor.py:840} INFO - DAG(s) 'latest_only' retrieved from /home/airflow/.local/lib/python3.8/site-packages/airflow/example_dags/example_latest_only.py
[2024-03-29T11:30:46.915+0000] {logging_mixin.py:188} INFO - [2024-03-29T11:30:46.914+0000] {dag.py:3047} INFO - Sync 1 DAGs
[2024-03-29T11:30:46.947+0000] {logging_mixin.py:188} INFO - [2024-03-29T11:30:46.947+0000] {dag.py:3834} INFO - Setting next_dagrun for latest_only to 2024-03-29 04:00:00+00:00, run_after=2024-03-29 08:00:00+00:00
[2024-03-29T11:30:46.980+0000] {processor.py:183} INFO - Processing /home/airflow/.local/lib/python3.8/site-packages/airflow/example_dags/example_latest_only.py took 0.107 seconds
[2024-03-29T11:31:17.590+0000] {processor.py:161} INFO - Started process (PID=344) to work on /home/airflow/.local/lib/python3.8/site-packages/airflow/example_dags/example_latest_only.py
[2024-03-29T11:31:17.596+0000] {processor.py:830} INFO - Processing file /home/airflow/.local/lib/python3.8/site-packages/airflow/example_dags/example_latest_only.py for tasks to queue
[2024-03-29T11:31:17.613+0000] {logging_mixin.py:188} INFO - [2024-03-29T11:31:17.613+0000] {dagbag.py:540} INFO - Filling up the DagBag from /home/airflow/.local/lib/python3.8/site-packages/airflow/example_dags/example_latest_only.py
[2024-03-29T11:31:17.622+0000] {processor.py:840} INFO - DAG(s) 'latest_only' retrieved from /home/airflow/.local/lib/python3.8/site-packages/airflow/example_dags/example_latest_only.py
[2024-03-29T11:31:17.677+0000] {logging_mixin.py:188} INFO - [2024-03-29T11:31:17.676+0000] {dag.py:3047} INFO - Sync 1 DAGs
[2024-03-29T11:31:17.732+0000] {logging_mixin.py:188} INFO - [2024-03-29T11:31:17.732+0000] {dag.py:3834} INFO - Setting next_dagrun for latest_only to 2024-03-29 04:00:00+00:00, run_after=2024-03-29 08:00:00+00:00
[2024-03-29T11:31:17.806+0000] {processor.py:183} INFO - Processing /home/airflow/.local/lib/python3.8/site-packages/airflow/example_dags/example_latest_only.py took 0.222 seconds
[2024-03-29T11:32:38.589+0000] {processor.py:161} INFO - Started process (PID=65) to work on /home/airflow/.local/lib/python3.8/site-packages/airflow/example_dags/example_latest_only.py
[2024-03-29T11:32:38.591+0000] {processor.py:830} INFO - Processing file /home/airflow/.local/lib/python3.8/site-packages/airflow/example_dags/example_latest_only.py for tasks to queue
[2024-03-29T11:32:38.593+0000] {logging_mixin.py:188} INFO - [2024-03-29T11:32:38.593+0000] {dagbag.py:540} INFO - Filling up the DagBag from /home/airflow/.local/lib/python3.8/site-packages/airflow/example_dags/example_latest_only.py
[2024-03-29T11:32:38.610+0000] {processor.py:840} INFO - DAG(s) 'latest_only' retrieved from /home/airflow/.local/lib/python3.8/site-packages/airflow/example_dags/example_latest_only.py
[2024-03-29T11:32:39.145+0000] {logging_mixin.py:188} INFO - [2024-03-29T11:32:39.144+0000] {dag.py:3047} INFO - Sync 1 DAGs
[2024-03-29T11:32:39.230+0000] {logging_mixin.py:188} INFO - [2024-03-29T11:32:39.230+0000] {dag.py:3834} INFO - Setting next_dagrun for latest_only to 2024-03-29 04:00:00+00:00, run_after=2024-03-29 08:00:00+00:00
[2024-03-29T11:32:39.279+0000] {processor.py:183} INFO - Processing /home/airflow/.local/lib/python3.8/site-packages/airflow/example_dags/example_latest_only.py took 0.697 seconds
[2024-03-29T11:33:11.042+0000] {processor.py:161} INFO - Started process (PID=121) to work on /home/airflow/.local/lib/python3.8/site-packages/airflow/example_dags/example_latest_only.py
[2024-03-29T11:33:11.043+0000] {processor.py:830} INFO - Processing file /home/airflow/.local/lib/python3.8/site-packages/airflow/example_dags/example_latest_only.py for tasks to queue
[2024-03-29T11:33:11.048+0000] {logging_mixin.py:188} INFO - [2024-03-29T11:33:11.048+0000] {dagbag.py:540} INFO - Filling up the DagBag from /home/airflow/.local/lib/python3.8/site-packages/airflow/example_dags/example_latest_only.py
[2024-03-29T11:33:11.064+0000] {processor.py:840} INFO - DAG(s) 'latest_only' retrieved from /home/airflow/.local/lib/python3.8/site-packages/airflow/example_dags/example_latest_only.py
[2024-03-29T11:33:11.109+0000] {logging_mixin.py:188} INFO - [2024-03-29T11:33:11.108+0000] {dag.py:3047} INFO - Sync 1 DAGs
[2024-03-29T11:33:11.216+0000] {logging_mixin.py:188} INFO - [2024-03-29T11:33:11.215+0000] {dag.py:3834} INFO - Setting next_dagrun for latest_only to 2024-03-29 04:00:00+00:00, run_after=2024-03-29 08:00:00+00:00
[2024-03-29T11:33:11.247+0000] {processor.py:183} INFO - Processing /home/airflow/.local/lib/python3.8/site-packages/airflow/example_dags/example_latest_only.py took 0.208 seconds
[2024-03-29T11:33:42.179+0000] {processor.py:161} INFO - Started process (PID=176) to work on /home/airflow/.local/lib/python3.8/site-packages/airflow/example_dags/example_latest_only.py
[2024-03-29T11:33:42.195+0000] {processor.py:830} INFO - Processing file /home/airflow/.local/lib/python3.8/site-packages/airflow/example_dags/example_latest_only.py for tasks to queue
[2024-03-29T11:33:42.207+0000] {logging_mixin.py:188} INFO - [2024-03-29T11:33:42.207+0000] {dagbag.py:540} INFO - Filling up the DagBag from /home/airflow/.local/lib/python3.8/site-packages/airflow/example_dags/example_latest_only.py
[2024-03-29T11:33:42.230+0000] {processor.py:840} INFO - DAG(s) 'latest_only' retrieved from /home/airflow/.local/lib/python3.8/site-packages/airflow/example_dags/example_latest_only.py
[2024-03-29T11:33:42.264+0000] {logging_mixin.py:188} INFO - [2024-03-29T11:33:42.263+0000] {dag.py:3047} INFO - Sync 1 DAGs
[2024-03-29T11:33:42.324+0000] {logging_mixin.py:188} INFO - [2024-03-29T11:33:42.324+0000] {dag.py:3834} INFO - Setting next_dagrun for latest_only to 2024-03-29 04:00:00+00:00, run_after=2024-03-29 08:00:00+00:00
[2024-03-29T11:33:42.394+0000] {processor.py:183} INFO - Processing /home/airflow/.local/lib/python3.8/site-packages/airflow/example_dags/example_latest_only.py took 0.224 seconds
[2024-03-29T11:34:12.645+0000] {processor.py:161} INFO - Started process (PID=231) to work on /home/airflow/.local/lib/python3.8/site-packages/airflow/example_dags/example_latest_only.py
[2024-03-29T11:34:12.648+0000] {processor.py:830} INFO - Processing file /home/airflow/.local/lib/python3.8/site-packages/airflow/example_dags/example_latest_only.py for tasks to queue
[2024-03-29T11:34:12.654+0000] {logging_mixin.py:188} INFO - [2024-03-29T11:34:12.653+0000] {dagbag.py:540} INFO - Filling up the DagBag from /home/airflow/.local/lib/python3.8/site-packages/airflow/example_dags/example_latest_only.py
[2024-03-29T11:34:12.659+0000] {processor.py:840} INFO - DAG(s) 'latest_only' retrieved from /home/airflow/.local/lib/python3.8/site-packages/airflow/example_dags/example_latest_only.py
[2024-03-29T11:34:12.681+0000] {logging_mixin.py:188} INFO - [2024-03-29T11:34:12.681+0000] {dag.py:3047} INFO - Sync 1 DAGs
[2024-03-29T11:34:12.733+0000] {logging_mixin.py:188} INFO - [2024-03-29T11:34:12.732+0000] {dag.py:3834} INFO - Setting next_dagrun for latest_only to 2024-03-29 04:00:00+00:00, run_after=2024-03-29 08:00:00+00:00
[2024-03-29T11:34:12.762+0000] {processor.py:183} INFO - Processing /home/airflow/.local/lib/python3.8/site-packages/airflow/example_dags/example_latest_only.py took 0.120 seconds
[2024-03-29T11:34:43.662+0000] {processor.py:161} INFO - Started process (PID=287) to work on /home/airflow/.local/lib/python3.8/site-packages/airflow/example_dags/example_latest_only.py
[2024-03-29T11:34:43.664+0000] {processor.py:830} INFO - Processing file /home/airflow/.local/lib/python3.8/site-packages/airflow/example_dags/example_latest_only.py for tasks to queue
[2024-03-29T11:34:43.669+0000] {logging_mixin.py:188} INFO - [2024-03-29T11:34:43.668+0000] {dagbag.py:540} INFO - Filling up the DagBag from /home/airflow/.local/lib/python3.8/site-packages/airflow/example_dags/example_latest_only.py
[2024-03-29T11:34:43.676+0000] {processor.py:840} INFO - DAG(s) 'latest_only' retrieved from /home/airflow/.local/lib/python3.8/site-packages/airflow/example_dags/example_latest_only.py
[2024-03-29T11:34:43.713+0000] {logging_mixin.py:188} INFO - [2024-03-29T11:34:43.712+0000] {dag.py:3047} INFO - Sync 1 DAGs
[2024-03-29T11:34:43.781+0000] {logging_mixin.py:188} INFO - [2024-03-29T11:34:43.780+0000] {dag.py:3834} INFO - Setting next_dagrun for latest_only to 2024-03-29 04:00:00+00:00, run_after=2024-03-29 08:00:00+00:00
[2024-03-29T11:34:43.843+0000] {processor.py:183} INFO - Processing /home/airflow/.local/lib/python3.8/site-packages/airflow/example_dags/example_latest_only.py took 0.186 seconds
[2024-03-29T11:35:14.711+0000] {processor.py:161} INFO - Started process (PID=342) to work on /home/airflow/.local/lib/python3.8/site-packages/airflow/example_dags/example_latest_only.py
[2024-03-29T11:35:14.722+0000] {processor.py:830} INFO - Processing file /home/airflow/.local/lib/python3.8/site-packages/airflow/example_dags/example_latest_only.py for tasks to queue
[2024-03-29T11:35:14.728+0000] {logging_mixin.py:188} INFO - [2024-03-29T11:35:14.727+0000] {dagbag.py:540} INFO - Filling up the DagBag from /home/airflow/.local/lib/python3.8/site-packages/airflow/example_dags/example_latest_only.py
[2024-03-29T11:35:14.752+0000] {processor.py:840} INFO - DAG(s) 'latest_only' retrieved from /home/airflow/.local/lib/python3.8/site-packages/airflow/example_dags/example_latest_only.py
[2024-03-29T11:35:14.782+0000] {logging_mixin.py:188} INFO - [2024-03-29T11:35:14.781+0000] {dag.py:3047} INFO - Sync 1 DAGs
[2024-03-29T11:35:14.830+0000] {logging_mixin.py:188} INFO - [2024-03-29T11:35:14.830+0000] {dag.py:3834} INFO - Setting next_dagrun for latest_only to 2024-03-29 04:00:00+00:00, run_after=2024-03-29 08:00:00+00:00
[2024-03-29T11:35:14.849+0000] {processor.py:183} INFO - Processing /home/airflow/.local/lib/python3.8/site-packages/airflow/example_dags/example_latest_only.py took 0.141 seconds
[2024-03-29T11:35:45.595+0000] {processor.py:161} INFO - Started process (PID=398) to work on /home/airflow/.local/lib/python3.8/site-packages/airflow/example_dags/example_latest_only.py
[2024-03-29T11:35:45.596+0000] {processor.py:830} INFO - Processing file /home/airflow/.local/lib/python3.8/site-packages/airflow/example_dags/example_latest_only.py for tasks to queue
[2024-03-29T11:35:45.601+0000] {logging_mixin.py:188} INFO - [2024-03-29T11:35:45.600+0000] {dagbag.py:540} INFO - Filling up the DagBag from /home/airflow/.local/lib/python3.8/site-packages/airflow/example_dags/example_latest_only.py
[2024-03-29T11:35:45.606+0000] {processor.py:840} INFO - DAG(s) 'latest_only' retrieved from /home/airflow/.local/lib/python3.8/site-packages/airflow/example_dags/example_latest_only.py
[2024-03-29T11:35:45.744+0000] {logging_mixin.py:188} INFO - [2024-03-29T11:35:45.744+0000] {dag.py:3047} INFO - Sync 1 DAGs
[2024-03-29T11:35:45.771+0000] {logging_mixin.py:188} INFO - [2024-03-29T11:35:45.771+0000] {dag.py:3834} INFO - Setting next_dagrun for latest_only to 2024-03-29 04:00:00+00:00, run_after=2024-03-29 08:00:00+00:00
[2024-03-29T11:35:45.794+0000] {processor.py:183} INFO - Processing /home/airflow/.local/lib/python3.8/site-packages/airflow/example_dags/example_latest_only.py took 0.202 seconds
[2024-03-29T11:36:16.730+0000] {processor.py:161} INFO - Started process (PID=454) to work on /home/airflow/.local/lib/python3.8/site-packages/airflow/example_dags/example_latest_only.py
[2024-03-29T11:36:16.731+0000] {processor.py:830} INFO - Processing file /home/airflow/.local/lib/python3.8/site-packages/airflow/example_dags/example_latest_only.py for tasks to queue
[2024-03-29T11:36:16.734+0000] {logging_mixin.py:188} INFO - [2024-03-29T11:36:16.734+0000] {dagbag.py:540} INFO - Filling up the DagBag from /home/airflow/.local/lib/python3.8/site-packages/airflow/example_dags/example_latest_only.py
[2024-03-29T11:36:16.738+0000] {processor.py:840} INFO - DAG(s) 'latest_only' retrieved from /home/airflow/.local/lib/python3.8/site-packages/airflow/example_dags/example_latest_only.py
[2024-03-29T11:36:16.759+0000] {logging_mixin.py:188} INFO - [2024-03-29T11:36:16.759+0000] {dag.py:3047} INFO - Sync 1 DAGs
[2024-03-29T11:36:16.782+0000] {logging_mixin.py:188} INFO - [2024-03-29T11:36:16.781+0000] {dag.py:3834} INFO - Setting next_dagrun for latest_only to 2024-03-29 04:00:00+00:00, run_after=2024-03-29 08:00:00+00:00
[2024-03-29T11:36:16.804+0000] {processor.py:183} INFO - Processing /home/airflow/.local/lib/python3.8/site-packages/airflow/example_dags/example_latest_only.py took 0.078 seconds
[2024-03-29T11:36:47.506+0000] {processor.py:161} INFO - Started process (PID=510) to work on /home/airflow/.local/lib/python3.8/site-packages/airflow/example_dags/example_latest_only.py
[2024-03-29T11:36:47.507+0000] {processor.py:830} INFO - Processing file /home/airflow/.local/lib/python3.8/site-packages/airflow/example_dags/example_latest_only.py for tasks to queue
[2024-03-29T11:36:47.509+0000] {logging_mixin.py:188} INFO - [2024-03-29T11:36:47.509+0000] {dagbag.py:540} INFO - Filling up the DagBag from /home/airflow/.local/lib/python3.8/site-packages/airflow/example_dags/example_latest_only.py
[2024-03-29T11:36:47.514+0000] {processor.py:840} INFO - DAG(s) 'latest_only' retrieved from /home/airflow/.local/lib/python3.8/site-packages/airflow/example_dags/example_latest_only.py
[2024-03-29T11:36:47.537+0000] {logging_mixin.py:188} INFO - [2024-03-29T11:36:47.536+0000] {dag.py:3047} INFO - Sync 1 DAGs
[2024-03-29T11:36:47.561+0000] {logging_mixin.py:188} INFO - [2024-03-29T11:36:47.561+0000] {dag.py:3834} INFO - Setting next_dagrun for latest_only to 2024-03-29 04:00:00+00:00, run_after=2024-03-29 08:00:00+00:00
[2024-03-29T11:36:47.581+0000] {processor.py:183} INFO - Processing /home/airflow/.local/lib/python3.8/site-packages/airflow/example_dags/example_latest_only.py took 0.078 seconds
[2024-03-29T11:37:18.219+0000] {processor.py:161} INFO - Started process (PID=566) to work on /home/airflow/.local/lib/python3.8/site-packages/airflow/example_dags/example_latest_only.py
[2024-03-29T11:37:18.224+0000] {processor.py:830} INFO - Processing file /home/airflow/.local/lib/python3.8/site-packages/airflow/example_dags/example_latest_only.py for tasks to queue
[2024-03-29T11:37:18.227+0000] {logging_mixin.py:188} INFO - [2024-03-29T11:37:18.227+0000] {dagbag.py:540} INFO - Filling up the DagBag from /home/airflow/.local/lib/python3.8/site-packages/airflow/example_dags/example_latest_only.py
[2024-03-29T11:37:18.235+0000] {processor.py:840} INFO - DAG(s) 'latest_only' retrieved from /home/airflow/.local/lib/python3.8/site-packages/airflow/example_dags/example_latest_only.py
[2024-03-29T11:37:18.264+0000] {logging_mixin.py:188} INFO - [2024-03-29T11:37:18.263+0000] {dag.py:3047} INFO - Sync 1 DAGs
[2024-03-29T11:37:18.335+0000] {logging_mixin.py:188} INFO - [2024-03-29T11:37:18.335+0000] {dag.py:3834} INFO - Setting next_dagrun for latest_only to 2024-03-29 04:00:00+00:00, run_after=2024-03-29 08:00:00+00:00
[2024-03-29T11:37:18.375+0000] {processor.py:183} INFO - Processing /home/airflow/.local/lib/python3.8/site-packages/airflow/example_dags/example_latest_only.py took 0.162 seconds
[2024-03-29T11:37:49.127+0000] {processor.py:161} INFO - Started process (PID=623) to work on /home/airflow/.local/lib/python3.8/site-packages/airflow/example_dags/example_latest_only.py
[2024-03-29T11:37:49.128+0000] {processor.py:830} INFO - Processing file /home/airflow/.local/lib/python3.8/site-packages/airflow/example_dags/example_latest_only.py for tasks to queue
[2024-03-29T11:37:49.132+0000] {logging_mixin.py:188} INFO - [2024-03-29T11:37:49.131+0000] {dagbag.py:540} INFO - Filling up the DagBag from /home/airflow/.local/lib/python3.8/site-packages/airflow/example_dags/example_latest_only.py
[2024-03-29T11:37:49.139+0000] {processor.py:840} INFO - DAG(s) 'latest_only' retrieved from /home/airflow/.local/lib/python3.8/site-packages/airflow/example_dags/example_latest_only.py
[2024-03-29T11:37:49.174+0000] {logging_mixin.py:188} INFO - [2024-03-29T11:37:49.173+0000] {dag.py:3047} INFO - Sync 1 DAGs
[2024-03-29T11:37:49.220+0000] {logging_mixin.py:188} INFO - [2024-03-29T11:37:49.220+0000] {dag.py:3834} INFO - Setting next_dagrun for latest_only to 2024-03-29 04:00:00+00:00, run_after=2024-03-29 08:00:00+00:00
[2024-03-29T11:37:49.262+0000] {processor.py:183} INFO - Processing /home/airflow/.local/lib/python3.8/site-packages/airflow/example_dags/example_latest_only.py took 0.139 seconds
[2024-03-29T11:40:14.303+0000] {processor.py:161} INFO - Started process (PID=65) to work on /home/airflow/.local/lib/python3.8/site-packages/airflow/example_dags/example_latest_only.py
[2024-03-29T11:40:14.306+0000] {processor.py:830} INFO - Processing file /home/airflow/.local/lib/python3.8/site-packages/airflow/example_dags/example_latest_only.py for tasks to queue
[2024-03-29T11:40:14.316+0000] {logging_mixin.py:188} INFO - [2024-03-29T11:40:14.315+0000] {dagbag.py:540} INFO - Filling up the DagBag from /home/airflow/.local/lib/python3.8/site-packages/airflow/example_dags/example_latest_only.py
[2024-03-29T11:40:14.329+0000] {processor.py:840} INFO - DAG(s) 'latest_only' retrieved from /home/airflow/.local/lib/python3.8/site-packages/airflow/example_dags/example_latest_only.py
[2024-03-29T11:40:14.549+0000] {logging_mixin.py:188} INFO - [2024-03-29T11:40:14.549+0000] {dag.py:3047} INFO - Sync 1 DAGs
[2024-03-29T11:40:14.586+0000] {logging_mixin.py:188} INFO - [2024-03-29T11:40:14.586+0000] {dag.py:3834} INFO - Setting next_dagrun for latest_only to 2024-03-29 04:00:00+00:00, run_after=2024-03-29 08:00:00+00:00
[2024-03-29T11:40:14.637+0000] {processor.py:183} INFO - Processing /home/airflow/.local/lib/python3.8/site-packages/airflow/example_dags/example_latest_only.py took 0.336 seconds
[2024-03-29T11:40:45.153+0000] {processor.py:161} INFO - Started process (PID=120) to work on /home/airflow/.local/lib/python3.8/site-packages/airflow/example_dags/example_latest_only.py
[2024-03-29T11:40:45.154+0000] {processor.py:830} INFO - Processing file /home/airflow/.local/lib/python3.8/site-packages/airflow/example_dags/example_latest_only.py for tasks to queue
[2024-03-29T11:40:45.157+0000] {logging_mixin.py:188} INFO - [2024-03-29T11:40:45.156+0000] {dagbag.py:540} INFO - Filling up the DagBag from /home/airflow/.local/lib/python3.8/site-packages/airflow/example_dags/example_latest_only.py
[2024-03-29T11:40:45.184+0000] {processor.py:840} INFO - DAG(s) 'latest_only' retrieved from /home/airflow/.local/lib/python3.8/site-packages/airflow/example_dags/example_latest_only.py
[2024-03-29T11:40:45.240+0000] {logging_mixin.py:188} INFO - [2024-03-29T11:40:45.240+0000] {dag.py:3047} INFO - Sync 1 DAGs
[2024-03-29T11:40:45.291+0000] {logging_mixin.py:188} INFO - [2024-03-29T11:40:45.290+0000] {dag.py:3834} INFO - Setting next_dagrun for latest_only to 2024-03-29 04:00:00+00:00, run_after=2024-03-29 08:00:00+00:00
[2024-03-29T11:40:45.357+0000] {processor.py:183} INFO - Processing /home/airflow/.local/lib/python3.8/site-packages/airflow/example_dags/example_latest_only.py took 0.208 seconds
[2024-03-29T11:41:24.156+0000] {processor.py:161} INFO - Started process (PID=183) to work on /home/airflow/.local/lib/python3.8/site-packages/airflow/example_dags/example_latest_only.py
[2024-03-29T11:41:24.171+0000] {processor.py:830} INFO - Processing file /home/airflow/.local/lib/python3.8/site-packages/airflow/example_dags/example_latest_only.py for tasks to queue
[2024-03-29T11:41:24.214+0000] {logging_mixin.py:188} INFO - [2024-03-29T11:41:24.207+0000] {dagbag.py:540} INFO - Filling up the DagBag from /home/airflow/.local/lib/python3.8/site-packages/airflow/example_dags/example_latest_only.py
[2024-03-29T11:41:24.255+0000] {processor.py:840} INFO - DAG(s) 'latest_only' retrieved from /home/airflow/.local/lib/python3.8/site-packages/airflow/example_dags/example_latest_only.py
[2024-03-29T11:41:24.524+0000] {logging_mixin.py:188} INFO - [2024-03-29T11:41:24.523+0000] {dag.py:3047} INFO - Sync 1 DAGs
[2024-03-29T11:41:24.744+0000] {logging_mixin.py:188} INFO - [2024-03-29T11:41:24.744+0000] {dag.py:3834} INFO - Setting next_dagrun for latest_only to 2024-03-29 04:00:00+00:00, run_after=2024-03-29 08:00:00+00:00
[2024-03-29T11:41:24.931+0000] {processor.py:183} INFO - Processing /home/airflow/.local/lib/python3.8/site-packages/airflow/example_dags/example_latest_only.py took 0.819 seconds
[2024-03-29T11:41:56.775+0000] {processor.py:161} INFO - Started process (PID=239) to work on /home/airflow/.local/lib/python3.8/site-packages/airflow/example_dags/example_latest_only.py
[2024-03-29T11:41:56.779+0000] {processor.py:830} INFO - Processing file /home/airflow/.local/lib/python3.8/site-packages/airflow/example_dags/example_latest_only.py for tasks to queue
[2024-03-29T11:41:56.799+0000] {logging_mixin.py:188} INFO - [2024-03-29T11:41:56.794+0000] {dagbag.py:540} INFO - Filling up the DagBag from /home/airflow/.local/lib/python3.8/site-packages/airflow/example_dags/example_latest_only.py
[2024-03-29T11:41:56.845+0000] {processor.py:840} INFO - DAG(s) 'latest_only' retrieved from /home/airflow/.local/lib/python3.8/site-packages/airflow/example_dags/example_latest_only.py
[2024-03-29T11:41:57.104+0000] {logging_mixin.py:188} INFO - [2024-03-29T11:41:57.103+0000] {dag.py:3047} INFO - Sync 1 DAGs
[2024-03-29T11:41:57.251+0000] {logging_mixin.py:188} INFO - [2024-03-29T11:41:57.248+0000] {dag.py:3834} INFO - Setting next_dagrun for latest_only to 2024-03-29 04:00:00+00:00, run_after=2024-03-29 08:00:00+00:00
[2024-03-29T11:41:57.435+0000] {processor.py:183} INFO - Processing /home/airflow/.local/lib/python3.8/site-packages/airflow/example_dags/example_latest_only.py took 0.675 seconds
[2024-03-29T11:42:28.770+0000] {processor.py:161} INFO - Started process (PID=295) to work on /home/airflow/.local/lib/python3.8/site-packages/airflow/example_dags/example_latest_only.py
[2024-03-29T11:42:28.787+0000] {processor.py:830} INFO - Processing file /home/airflow/.local/lib/python3.8/site-packages/airflow/example_dags/example_latest_only.py for tasks to queue
[2024-03-29T11:42:28.811+0000] {logging_mixin.py:188} INFO - [2024-03-29T11:42:28.810+0000] {dagbag.py:540} INFO - Filling up the DagBag from /home/airflow/.local/lib/python3.8/site-packages/airflow/example_dags/example_latest_only.py
[2024-03-29T11:42:28.862+0000] {processor.py:840} INFO - DAG(s) 'latest_only' retrieved from /home/airflow/.local/lib/python3.8/site-packages/airflow/example_dags/example_latest_only.py
[2024-03-29T11:42:29.049+0000] {logging_mixin.py:188} INFO - [2024-03-29T11:42:29.037+0000] {dag.py:3047} INFO - Sync 1 DAGs
[2024-03-29T11:42:29.407+0000] {logging_mixin.py:188} INFO - [2024-03-29T11:42:29.406+0000] {dag.py:3834} INFO - Setting next_dagrun for latest_only to 2024-03-29 04:00:00+00:00, run_after=2024-03-29 08:00:00+00:00
[2024-03-29T11:42:29.594+0000] {processor.py:183} INFO - Processing /home/airflow/.local/lib/python3.8/site-packages/airflow/example_dags/example_latest_only.py took 0.858 seconds
[2024-03-29T11:43:00.054+0000] {processor.py:161} INFO - Started process (PID=351) to work on /home/airflow/.local/lib/python3.8/site-packages/airflow/example_dags/example_latest_only.py
[2024-03-29T11:43:00.070+0000] {processor.py:830} INFO - Processing file /home/airflow/.local/lib/python3.8/site-packages/airflow/example_dags/example_latest_only.py for tasks to queue
[2024-03-29T11:43:00.080+0000] {logging_mixin.py:188} INFO - [2024-03-29T11:43:00.080+0000] {dagbag.py:540} INFO - Filling up the DagBag from /home/airflow/.local/lib/python3.8/site-packages/airflow/example_dags/example_latest_only.py
[2024-03-29T11:43:00.150+0000] {processor.py:840} INFO - DAG(s) 'latest_only' retrieved from /home/airflow/.local/lib/python3.8/site-packages/airflow/example_dags/example_latest_only.py
[2024-03-29T11:43:00.303+0000] {logging_mixin.py:188} INFO - [2024-03-29T11:43:00.293+0000] {dag.py:3047} INFO - Sync 1 DAGs
[2024-03-29T11:43:00.690+0000] {logging_mixin.py:188} INFO - [2024-03-29T11:43:00.689+0000] {dag.py:3834} INFO - Setting next_dagrun for latest_only to 2024-03-29 04:00:00+00:00, run_after=2024-03-29 08:00:00+00:00
[2024-03-29T11:43:00.900+0000] {processor.py:183} INFO - Processing /home/airflow/.local/lib/python3.8/site-packages/airflow/example_dags/example_latest_only.py took 0.911 seconds
[2024-03-29T11:43:31.277+0000] {processor.py:161} INFO - Started process (PID=406) to work on /home/airflow/.local/lib/python3.8/site-packages/airflow/example_dags/example_latest_only.py
[2024-03-29T11:43:31.279+0000] {processor.py:830} INFO - Processing file /home/airflow/.local/lib/python3.8/site-packages/airflow/example_dags/example_latest_only.py for tasks to queue
[2024-03-29T11:43:31.281+0000] {logging_mixin.py:188} INFO - [2024-03-29T11:43:31.281+0000] {dagbag.py:540} INFO - Filling up the DagBag from /home/airflow/.local/lib/python3.8/site-packages/airflow/example_dags/example_latest_only.py
[2024-03-29T11:43:31.285+0000] {processor.py:840} INFO - DAG(s) 'latest_only' retrieved from /home/airflow/.local/lib/python3.8/site-packages/airflow/example_dags/example_latest_only.py
[2024-03-29T11:43:31.316+0000] {logging_mixin.py:188} INFO - [2024-03-29T11:43:31.316+0000] {dag.py:3047} INFO - Sync 1 DAGs
[2024-03-29T11:43:31.347+0000] {logging_mixin.py:188} INFO - [2024-03-29T11:43:31.347+0000] {dag.py:3834} INFO - Setting next_dagrun for latest_only to 2024-03-29 04:00:00+00:00, run_after=2024-03-29 08:00:00+00:00
[2024-03-29T11:43:31.406+0000] {processor.py:183} INFO - Processing /home/airflow/.local/lib/python3.8/site-packages/airflow/example_dags/example_latest_only.py took 0.132 seconds
[2024-03-29T11:44:01.517+0000] {processor.py:161} INFO - Started process (PID=462) to work on /home/airflow/.local/lib/python3.8/site-packages/airflow/example_dags/example_latest_only.py
[2024-03-29T11:44:01.518+0000] {processor.py:830} INFO - Processing file /home/airflow/.local/lib/python3.8/site-packages/airflow/example_dags/example_latest_only.py for tasks to queue
[2024-03-29T11:44:01.520+0000] {logging_mixin.py:188} INFO - [2024-03-29T11:44:01.520+0000] {dagbag.py:540} INFO - Filling up the DagBag from /home/airflow/.local/lib/python3.8/site-packages/airflow/example_dags/example_latest_only.py
[2024-03-29T11:44:01.526+0000] {processor.py:840} INFO - DAG(s) 'latest_only' retrieved from /home/airflow/.local/lib/python3.8/site-packages/airflow/example_dags/example_latest_only.py
[2024-03-29T11:44:01.558+0000] {logging_mixin.py:188} INFO - [2024-03-29T11:44:01.558+0000] {dag.py:3047} INFO - Sync 1 DAGs
[2024-03-29T11:44:01.593+0000] {logging_mixin.py:188} INFO - [2024-03-29T11:44:01.591+0000] {dag.py:3834} INFO - Setting next_dagrun for latest_only to 2024-03-29 04:00:00+00:00, run_after=2024-03-29 08:00:00+00:00
[2024-03-29T11:44:01.622+0000] {processor.py:183} INFO - Processing /home/airflow/.local/lib/python3.8/site-packages/airflow/example_dags/example_latest_only.py took 0.108 seconds
[2024-03-29T11:44:32.461+0000] {processor.py:161} INFO - Started process (PID=518) to work on /home/airflow/.local/lib/python3.8/site-packages/airflow/example_dags/example_latest_only.py
[2024-03-29T11:44:32.462+0000] {processor.py:830} INFO - Processing file /home/airflow/.local/lib/python3.8/site-packages/airflow/example_dags/example_latest_only.py for tasks to queue
[2024-03-29T11:44:32.464+0000] {logging_mixin.py:188} INFO - [2024-03-29T11:44:32.463+0000] {dagbag.py:540} INFO - Filling up the DagBag from /home/airflow/.local/lib/python3.8/site-packages/airflow/example_dags/example_latest_only.py
[2024-03-29T11:44:32.468+0000] {processor.py:840} INFO - DAG(s) 'latest_only' retrieved from /home/airflow/.local/lib/python3.8/site-packages/airflow/example_dags/example_latest_only.py
[2024-03-29T11:44:32.494+0000] {logging_mixin.py:188} INFO - [2024-03-29T11:44:32.493+0000] {dag.py:3047} INFO - Sync 1 DAGs
[2024-03-29T11:44:32.519+0000] {logging_mixin.py:188} INFO - [2024-03-29T11:44:32.518+0000] {dag.py:3834} INFO - Setting next_dagrun for latest_only to 2024-03-29 04:00:00+00:00, run_after=2024-03-29 08:00:00+00:00
[2024-03-29T11:44:32.547+0000] {processor.py:183} INFO - Processing /home/airflow/.local/lib/python3.8/site-packages/airflow/example_dags/example_latest_only.py took 0.091 seconds
[2024-03-29T11:45:02.956+0000] {processor.py:161} INFO - Started process (PID=574) to work on /home/airflow/.local/lib/python3.8/site-packages/airflow/example_dags/example_latest_only.py
[2024-03-29T11:45:02.957+0000] {processor.py:830} INFO - Processing file /home/airflow/.local/lib/python3.8/site-packages/airflow/example_dags/example_latest_only.py for tasks to queue
[2024-03-29T11:45:02.960+0000] {logging_mixin.py:188} INFO - [2024-03-29T11:45:02.960+0000] {dagbag.py:540} INFO - Filling up the DagBag from /home/airflow/.local/lib/python3.8/site-packages/airflow/example_dags/example_latest_only.py
[2024-03-29T11:45:02.966+0000] {processor.py:840} INFO - DAG(s) 'latest_only' retrieved from /home/airflow/.local/lib/python3.8/site-packages/airflow/example_dags/example_latest_only.py
[2024-03-29T11:45:02.993+0000] {logging_mixin.py:188} INFO - [2024-03-29T11:45:02.992+0000] {dag.py:3047} INFO - Sync 1 DAGs
[2024-03-29T11:45:03.026+0000] {logging_mixin.py:188} INFO - [2024-03-29T11:45:03.025+0000] {dag.py:3834} INFO - Setting next_dagrun for latest_only to 2024-03-29 04:00:00+00:00, run_after=2024-03-29 08:00:00+00:00
[2024-03-29T11:45:03.057+0000] {processor.py:183} INFO - Processing /home/airflow/.local/lib/python3.8/site-packages/airflow/example_dags/example_latest_only.py took 0.106 seconds
[2024-03-29T11:45:33.471+0000] {processor.py:161} INFO - Started process (PID=630) to work on /home/airflow/.local/lib/python3.8/site-packages/airflow/example_dags/example_latest_only.py
[2024-03-29T11:45:33.472+0000] {processor.py:830} INFO - Processing file /home/airflow/.local/lib/python3.8/site-packages/airflow/example_dags/example_latest_only.py for tasks to queue
[2024-03-29T11:45:33.474+0000] {logging_mixin.py:188} INFO - [2024-03-29T11:45:33.474+0000] {dagbag.py:540} INFO - Filling up the DagBag from /home/airflow/.local/lib/python3.8/site-packages/airflow/example_dags/example_latest_only.py
[2024-03-29T11:45:33.480+0000] {processor.py:840} INFO - DAG(s) 'latest_only' retrieved from /home/airflow/.local/lib/python3.8/site-packages/airflow/example_dags/example_latest_only.py
[2024-03-29T11:45:33.509+0000] {logging_mixin.py:188} INFO - [2024-03-29T11:45:33.508+0000] {dag.py:3047} INFO - Sync 1 DAGs
[2024-03-29T11:45:33.534+0000] {logging_mixin.py:188} INFO - [2024-03-29T11:45:33.534+0000] {dag.py:3834} INFO - Setting next_dagrun for latest_only to 2024-03-29 04:00:00+00:00, run_after=2024-03-29 08:00:00+00:00
[2024-03-29T11:45:33.559+0000] {processor.py:183} INFO - Processing /home/airflow/.local/lib/python3.8/site-packages/airflow/example_dags/example_latest_only.py took 0.091 seconds
[2024-03-29T11:46:04.207+0000] {processor.py:161} INFO - Started process (PID=686) to work on /home/airflow/.local/lib/python3.8/site-packages/airflow/example_dags/example_latest_only.py
[2024-03-29T11:46:04.214+0000] {processor.py:830} INFO - Processing file /home/airflow/.local/lib/python3.8/site-packages/airflow/example_dags/example_latest_only.py for tasks to queue
[2024-03-29T11:46:04.218+0000] {logging_mixin.py:188} INFO - [2024-03-29T11:46:04.217+0000] {dagbag.py:540} INFO - Filling up the DagBag from /home/airflow/.local/lib/python3.8/site-packages/airflow/example_dags/example_latest_only.py
[2024-03-29T11:46:04.225+0000] {processor.py:840} INFO - DAG(s) 'latest_only' retrieved from /home/airflow/.local/lib/python3.8/site-packages/airflow/example_dags/example_latest_only.py
[2024-03-29T11:46:04.267+0000] {logging_mixin.py:188} INFO - [2024-03-29T11:46:04.267+0000] {dag.py:3047} INFO - Sync 1 DAGs
[2024-03-29T11:46:04.386+0000] {logging_mixin.py:188} INFO - [2024-03-29T11:46:04.386+0000] {dag.py:3834} INFO - Setting next_dagrun for latest_only to 2024-03-29 04:00:00+00:00, run_after=2024-03-29 08:00:00+00:00
[2024-03-29T11:46:04.439+0000] {processor.py:183} INFO - Processing /home/airflow/.local/lib/python3.8/site-packages/airflow/example_dags/example_latest_only.py took 0.236 seconds
[2024-03-29T11:46:34.499+0000] {processor.py:161} INFO - Started process (PID=741) to work on /home/airflow/.local/lib/python3.8/site-packages/airflow/example_dags/example_latest_only.py
[2024-03-29T11:46:34.500+0000] {processor.py:830} INFO - Processing file /home/airflow/.local/lib/python3.8/site-packages/airflow/example_dags/example_latest_only.py for tasks to queue
[2024-03-29T11:46:34.502+0000] {logging_mixin.py:188} INFO - [2024-03-29T11:46:34.501+0000] {dagbag.py:540} INFO - Filling up the DagBag from /home/airflow/.local/lib/python3.8/site-packages/airflow/example_dags/example_latest_only.py
[2024-03-29T11:46:34.506+0000] {processor.py:840} INFO - DAG(s) 'latest_only' retrieved from /home/airflow/.local/lib/python3.8/site-packages/airflow/example_dags/example_latest_only.py
[2024-03-29T11:46:34.527+0000] {logging_mixin.py:188} INFO - [2024-03-29T11:46:34.526+0000] {dag.py:3047} INFO - Sync 1 DAGs
[2024-03-29T11:46:34.550+0000] {logging_mixin.py:188} INFO - [2024-03-29T11:46:34.550+0000] {dag.py:3834} INFO - Setting next_dagrun for latest_only to 2024-03-29 04:00:00+00:00, run_after=2024-03-29 08:00:00+00:00
[2024-03-29T11:46:34.570+0000] {processor.py:183} INFO - Processing /home/airflow/.local/lib/python3.8/site-packages/airflow/example_dags/example_latest_only.py took 0.073 seconds
[2024-03-29T11:47:04.816+0000] {processor.py:161} INFO - Started process (PID=798) to work on /home/airflow/.local/lib/python3.8/site-packages/airflow/example_dags/example_latest_only.py
[2024-03-29T11:47:04.817+0000] {processor.py:830} INFO - Processing file /home/airflow/.local/lib/python3.8/site-packages/airflow/example_dags/example_latest_only.py for tasks to queue
[2024-03-29T11:47:04.819+0000] {logging_mixin.py:188} INFO - [2024-03-29T11:47:04.819+0000] {dagbag.py:540} INFO - Filling up the DagBag from /home/airflow/.local/lib/python3.8/site-packages/airflow/example_dags/example_latest_only.py
[2024-03-29T11:47:04.824+0000] {processor.py:840} INFO - DAG(s) 'latest_only' retrieved from /home/airflow/.local/lib/python3.8/site-packages/airflow/example_dags/example_latest_only.py
[2024-03-29T11:47:04.849+0000] {logging_mixin.py:188} INFO - [2024-03-29T11:47:04.849+0000] {dag.py:3047} INFO - Sync 1 DAGs
[2024-03-29T11:47:04.877+0000] {logging_mixin.py:188} INFO - [2024-03-29T11:47:04.877+0000] {dag.py:3834} INFO - Setting next_dagrun for latest_only to 2024-03-29 04:00:00+00:00, run_after=2024-03-29 08:00:00+00:00
[2024-03-29T11:47:04.906+0000] {processor.py:183} INFO - Processing /home/airflow/.local/lib/python3.8/site-packages/airflow/example_dags/example_latest_only.py took 0.093 seconds
[2024-03-29T11:47:35.381+0000] {processor.py:161} INFO - Started process (PID=854) to work on /home/airflow/.local/lib/python3.8/site-packages/airflow/example_dags/example_latest_only.py
[2024-03-29T11:47:35.382+0000] {processor.py:830} INFO - Processing file /home/airflow/.local/lib/python3.8/site-packages/airflow/example_dags/example_latest_only.py for tasks to queue
[2024-03-29T11:47:35.385+0000] {logging_mixin.py:188} INFO - [2024-03-29T11:47:35.384+0000] {dagbag.py:540} INFO - Filling up the DagBag from /home/airflow/.local/lib/python3.8/site-packages/airflow/example_dags/example_latest_only.py
[2024-03-29T11:47:35.392+0000] {processor.py:840} INFO - DAG(s) 'latest_only' retrieved from /home/airflow/.local/lib/python3.8/site-packages/airflow/example_dags/example_latest_only.py
[2024-03-29T11:47:35.420+0000] {logging_mixin.py:188} INFO - [2024-03-29T11:47:35.419+0000] {dag.py:3047} INFO - Sync 1 DAGs
[2024-03-29T11:47:35.446+0000] {logging_mixin.py:188} INFO - [2024-03-29T11:47:35.446+0000] {dag.py:3834} INFO - Setting next_dagrun for latest_only to 2024-03-29 04:00:00+00:00, run_after=2024-03-29 08:00:00+00:00
[2024-03-29T11:47:35.473+0000] {processor.py:183} INFO - Processing /home/airflow/.local/lib/python3.8/site-packages/airflow/example_dags/example_latest_only.py took 0.094 seconds
[2024-03-29T11:48:05.934+0000] {processor.py:161} INFO - Started process (PID=910) to work on /home/airflow/.local/lib/python3.8/site-packages/airflow/example_dags/example_latest_only.py
[2024-03-29T11:48:05.935+0000] {processor.py:830} INFO - Processing file /home/airflow/.local/lib/python3.8/site-packages/airflow/example_dags/example_latest_only.py for tasks to queue
[2024-03-29T11:48:05.937+0000] {logging_mixin.py:188} INFO - [2024-03-29T11:48:05.936+0000] {dagbag.py:540} INFO - Filling up the DagBag from /home/airflow/.local/lib/python3.8/site-packages/airflow/example_dags/example_latest_only.py
[2024-03-29T11:48:05.944+0000] {processor.py:840} INFO - DAG(s) 'latest_only' retrieved from /home/airflow/.local/lib/python3.8/site-packages/airflow/example_dags/example_latest_only.py
[2024-03-29T11:48:05.975+0000] {logging_mixin.py:188} INFO - [2024-03-29T11:48:05.973+0000] {dag.py:3047} INFO - Sync 1 DAGs
[2024-03-29T11:48:06.008+0000] {logging_mixin.py:188} INFO - [2024-03-29T11:48:06.008+0000] {dag.py:3834} INFO - Setting next_dagrun for latest_only to 2024-03-29 04:00:00+00:00, run_after=2024-03-29 08:00:00+00:00
[2024-03-29T11:48:06.049+0000] {processor.py:183} INFO - Processing /home/airflow/.local/lib/python3.8/site-packages/airflow/example_dags/example_latest_only.py took 0.117 seconds
[2024-03-29T11:48:36.231+0000] {processor.py:161} INFO - Started process (PID=965) to work on /home/airflow/.local/lib/python3.8/site-packages/airflow/example_dags/example_latest_only.py
[2024-03-29T11:48:36.232+0000] {processor.py:830} INFO - Processing file /home/airflow/.local/lib/python3.8/site-packages/airflow/example_dags/example_latest_only.py for tasks to queue
[2024-03-29T11:48:36.234+0000] {logging_mixin.py:188} INFO - [2024-03-29T11:48:36.234+0000] {dagbag.py:540} INFO - Filling up the DagBag from /home/airflow/.local/lib/python3.8/site-packages/airflow/example_dags/example_latest_only.py
[2024-03-29T11:48:36.240+0000] {processor.py:840} INFO - DAG(s) 'latest_only' retrieved from /home/airflow/.local/lib/python3.8/site-packages/airflow/example_dags/example_latest_only.py
[2024-03-29T11:48:36.273+0000] {logging_mixin.py:188} INFO - [2024-03-29T11:48:36.273+0000] {dag.py:3047} INFO - Sync 1 DAGs
[2024-03-29T11:48:36.301+0000] {logging_mixin.py:188} INFO - [2024-03-29T11:48:36.301+0000] {dag.py:3834} INFO - Setting next_dagrun for latest_only to 2024-03-29 04:00:00+00:00, run_after=2024-03-29 08:00:00+00:00
[2024-03-29T11:48:36.333+0000] {processor.py:183} INFO - Processing /home/airflow/.local/lib/python3.8/site-packages/airflow/example_dags/example_latest_only.py took 0.105 seconds
[2024-03-29T11:49:06.507+0000] {processor.py:161} INFO - Started process (PID=1021) to work on /home/airflow/.local/lib/python3.8/site-packages/airflow/example_dags/example_latest_only.py
[2024-03-29T11:49:06.508+0000] {processor.py:830} INFO - Processing file /home/airflow/.local/lib/python3.8/site-packages/airflow/example_dags/example_latest_only.py for tasks to queue
[2024-03-29T11:49:06.510+0000] {logging_mixin.py:188} INFO - [2024-03-29T11:49:06.510+0000] {dagbag.py:540} INFO - Filling up the DagBag from /home/airflow/.local/lib/python3.8/site-packages/airflow/example_dags/example_latest_only.py
[2024-03-29T11:49:06.514+0000] {processor.py:840} INFO - DAG(s) 'latest_only' retrieved from /home/airflow/.local/lib/python3.8/site-packages/airflow/example_dags/example_latest_only.py
[2024-03-29T11:49:06.535+0000] {logging_mixin.py:188} INFO - [2024-03-29T11:49:06.534+0000] {dag.py:3047} INFO - Sync 1 DAGs
[2024-03-29T11:49:06.563+0000] {logging_mixin.py:188} INFO - [2024-03-29T11:49:06.563+0000] {dag.py:3834} INFO - Setting next_dagrun for latest_only to 2024-03-29 04:00:00+00:00, run_after=2024-03-29 08:00:00+00:00
[2024-03-29T11:49:06.581+0000] {processor.py:183} INFO - Processing /home/airflow/.local/lib/python3.8/site-packages/airflow/example_dags/example_latest_only.py took 0.077 seconds
[2024-03-29T11:49:36.649+0000] {processor.py:161} INFO - Started process (PID=1076) to work on /home/airflow/.local/lib/python3.8/site-packages/airflow/example_dags/example_latest_only.py
[2024-03-29T11:49:36.651+0000] {processor.py:830} INFO - Processing file /home/airflow/.local/lib/python3.8/site-packages/airflow/example_dags/example_latest_only.py for tasks to queue
[2024-03-29T11:49:36.653+0000] {logging_mixin.py:188} INFO - [2024-03-29T11:49:36.653+0000] {dagbag.py:540} INFO - Filling up the DagBag from /home/airflow/.local/lib/python3.8/site-packages/airflow/example_dags/example_latest_only.py
[2024-03-29T11:49:36.672+0000] {processor.py:840} INFO - DAG(s) 'latest_only' retrieved from /home/airflow/.local/lib/python3.8/site-packages/airflow/example_dags/example_latest_only.py
[2024-03-29T11:49:36.709+0000] {logging_mixin.py:188} INFO - [2024-03-29T11:49:36.709+0000] {dag.py:3047} INFO - Sync 1 DAGs
[2024-03-29T11:49:36.741+0000] {logging_mixin.py:188} INFO - [2024-03-29T11:49:36.741+0000] {dag.py:3834} INFO - Setting next_dagrun for latest_only to 2024-03-29 04:00:00+00:00, run_after=2024-03-29 08:00:00+00:00
[2024-03-29T11:49:36.773+0000] {processor.py:183} INFO - Processing /home/airflow/.local/lib/python3.8/site-packages/airflow/example_dags/example_latest_only.py took 0.128 seconds
[2024-03-29T11:50:06.995+0000] {processor.py:161} INFO - Started process (PID=1132) to work on /home/airflow/.local/lib/python3.8/site-packages/airflow/example_dags/example_latest_only.py
[2024-03-29T11:50:06.996+0000] {processor.py:830} INFO - Processing file /home/airflow/.local/lib/python3.8/site-packages/airflow/example_dags/example_latest_only.py for tasks to queue
[2024-03-29T11:50:06.998+0000] {logging_mixin.py:188} INFO - [2024-03-29T11:50:06.998+0000] {dagbag.py:540} INFO - Filling up the DagBag from /home/airflow/.local/lib/python3.8/site-packages/airflow/example_dags/example_latest_only.py
[2024-03-29T11:50:07.006+0000] {processor.py:840} INFO - DAG(s) 'latest_only' retrieved from /home/airflow/.local/lib/python3.8/site-packages/airflow/example_dags/example_latest_only.py
[2024-03-29T11:50:07.033+0000] {logging_mixin.py:188} INFO - [2024-03-29T11:50:07.032+0000] {dag.py:3047} INFO - Sync 1 DAGs
[2024-03-29T11:50:07.060+0000] {logging_mixin.py:188} INFO - [2024-03-29T11:50:07.060+0000] {dag.py:3834} INFO - Setting next_dagrun for latest_only to 2024-03-29 04:00:00+00:00, run_after=2024-03-29 08:00:00+00:00
[2024-03-29T11:50:07.082+0000] {processor.py:183} INFO - Processing /home/airflow/.local/lib/python3.8/site-packages/airflow/example_dags/example_latest_only.py took 0.089 seconds
[2024-03-29T11:50:37.357+0000] {processor.py:161} INFO - Started process (PID=1188) to work on /home/airflow/.local/lib/python3.8/site-packages/airflow/example_dags/example_latest_only.py
[2024-03-29T11:50:37.358+0000] {processor.py:830} INFO - Processing file /home/airflow/.local/lib/python3.8/site-packages/airflow/example_dags/example_latest_only.py for tasks to queue
[2024-03-29T11:50:37.363+0000] {logging_mixin.py:188} INFO - [2024-03-29T11:50:37.362+0000] {dagbag.py:540} INFO - Filling up the DagBag from /home/airflow/.local/lib/python3.8/site-packages/airflow/example_dags/example_latest_only.py
[2024-03-29T11:50:37.367+0000] {processor.py:840} INFO - DAG(s) 'latest_only' retrieved from /home/airflow/.local/lib/python3.8/site-packages/airflow/example_dags/example_latest_only.py
[2024-03-29T11:50:37.390+0000] {logging_mixin.py:188} INFO - [2024-03-29T11:50:37.389+0000] {dag.py:3047} INFO - Sync 1 DAGs
[2024-03-29T11:50:37.413+0000] {logging_mixin.py:188} INFO - [2024-03-29T11:50:37.412+0000] {dag.py:3834} INFO - Setting next_dagrun for latest_only to 2024-03-29 04:00:00+00:00, run_after=2024-03-29 08:00:00+00:00
[2024-03-29T11:50:37.431+0000] {processor.py:183} INFO - Processing /home/airflow/.local/lib/python3.8/site-packages/airflow/example_dags/example_latest_only.py took 0.079 seconds
[2024-03-29T11:51:08.194+0000] {processor.py:161} INFO - Started process (PID=1244) to work on /home/airflow/.local/lib/python3.8/site-packages/airflow/example_dags/example_latest_only.py
[2024-03-29T11:51:08.195+0000] {processor.py:830} INFO - Processing file /home/airflow/.local/lib/python3.8/site-packages/airflow/example_dags/example_latest_only.py for tasks to queue
[2024-03-29T11:51:08.197+0000] {logging_mixin.py:188} INFO - [2024-03-29T11:51:08.197+0000] {dagbag.py:540} INFO - Filling up the DagBag from /home/airflow/.local/lib/python3.8/site-packages/airflow/example_dags/example_latest_only.py
[2024-03-29T11:51:08.204+0000] {processor.py:840} INFO - DAG(s) 'latest_only' retrieved from /home/airflow/.local/lib/python3.8/site-packages/airflow/example_dags/example_latest_only.py
[2024-03-29T11:51:08.230+0000] {logging_mixin.py:188} INFO - [2024-03-29T11:51:08.229+0000] {dag.py:3047} INFO - Sync 1 DAGs
[2024-03-29T11:51:08.261+0000] {logging_mixin.py:188} INFO - [2024-03-29T11:51:08.260+0000] {dag.py:3834} INFO - Setting next_dagrun for latest_only to 2024-03-29 04:00:00+00:00, run_after=2024-03-29 08:00:00+00:00
[2024-03-29T11:51:08.290+0000] {processor.py:183} INFO - Processing /home/airflow/.local/lib/python3.8/site-packages/airflow/example_dags/example_latest_only.py took 0.098 seconds
[2024-03-29T11:51:38.761+0000] {processor.py:161} INFO - Started process (PID=1300) to work on /home/airflow/.local/lib/python3.8/site-packages/airflow/example_dags/example_latest_only.py
[2024-03-29T11:51:38.767+0000] {processor.py:830} INFO - Processing file /home/airflow/.local/lib/python3.8/site-packages/airflow/example_dags/example_latest_only.py for tasks to queue
[2024-03-29T11:51:38.771+0000] {logging_mixin.py:188} INFO - [2024-03-29T11:51:38.770+0000] {dagbag.py:540} INFO - Filling up the DagBag from /home/airflow/.local/lib/python3.8/site-packages/airflow/example_dags/example_latest_only.py
[2024-03-29T11:51:38.776+0000] {processor.py:840} INFO - DAG(s) 'latest_only' retrieved from /home/airflow/.local/lib/python3.8/site-packages/airflow/example_dags/example_latest_only.py
[2024-03-29T11:51:38.808+0000] {logging_mixin.py:188} INFO - [2024-03-29T11:51:38.808+0000] {dag.py:3047} INFO - Sync 1 DAGs
[2024-03-29T11:51:38.843+0000] {logging_mixin.py:188} INFO - [2024-03-29T11:51:38.842+0000] {dag.py:3834} INFO - Setting next_dagrun for latest_only to 2024-03-29 04:00:00+00:00, run_after=2024-03-29 08:00:00+00:00
[2024-03-29T11:51:38.873+0000] {processor.py:183} INFO - Processing /home/airflow/.local/lib/python3.8/site-packages/airflow/example_dags/example_latest_only.py took 0.120 seconds
[2024-03-29T11:52:09.092+0000] {processor.py:161} INFO - Started process (PID=1356) to work on /home/airflow/.local/lib/python3.8/site-packages/airflow/example_dags/example_latest_only.py
[2024-03-29T11:52:09.093+0000] {processor.py:830} INFO - Processing file /home/airflow/.local/lib/python3.8/site-packages/airflow/example_dags/example_latest_only.py for tasks to queue
[2024-03-29T11:52:09.095+0000] {logging_mixin.py:188} INFO - [2024-03-29T11:52:09.095+0000] {dagbag.py:540} INFO - Filling up the DagBag from /home/airflow/.local/lib/python3.8/site-packages/airflow/example_dags/example_latest_only.py
[2024-03-29T11:52:09.100+0000] {processor.py:840} INFO - DAG(s) 'latest_only' retrieved from /home/airflow/.local/lib/python3.8/site-packages/airflow/example_dags/example_latest_only.py
[2024-03-29T11:52:09.125+0000] {logging_mixin.py:188} INFO - [2024-03-29T11:52:09.125+0000] {dag.py:3047} INFO - Sync 1 DAGs
[2024-03-29T11:52:09.156+0000] {logging_mixin.py:188} INFO - [2024-03-29T11:52:09.156+0000] {dag.py:3834} INFO - Setting next_dagrun for latest_only to 2024-03-29 04:00:00+00:00, run_after=2024-03-29 08:00:00+00:00
[2024-03-29T11:52:09.191+0000] {processor.py:183} INFO - Processing /home/airflow/.local/lib/python3.8/site-packages/airflow/example_dags/example_latest_only.py took 0.101 seconds
[2024-03-29T11:52:39.239+0000] {processor.py:161} INFO - Started process (PID=1412) to work on /home/airflow/.local/lib/python3.8/site-packages/airflow/example_dags/example_latest_only.py
[2024-03-29T11:52:39.240+0000] {processor.py:830} INFO - Processing file /home/airflow/.local/lib/python3.8/site-packages/airflow/example_dags/example_latest_only.py for tasks to queue
[2024-03-29T11:52:39.241+0000] {logging_mixin.py:188} INFO - [2024-03-29T11:52:39.241+0000] {dagbag.py:540} INFO - Filling up the DagBag from /home/airflow/.local/lib/python3.8/site-packages/airflow/example_dags/example_latest_only.py
[2024-03-29T11:52:39.246+0000] {processor.py:840} INFO - DAG(s) 'latest_only' retrieved from /home/airflow/.local/lib/python3.8/site-packages/airflow/example_dags/example_latest_only.py
[2024-03-29T11:52:39.264+0000] {logging_mixin.py:188} INFO - [2024-03-29T11:52:39.264+0000] {dag.py:3047} INFO - Sync 1 DAGs
[2024-03-29T11:52:39.286+0000] {logging_mixin.py:188} INFO - [2024-03-29T11:52:39.286+0000] {dag.py:3834} INFO - Setting next_dagrun for latest_only to 2024-03-29 04:00:00+00:00, run_after=2024-03-29 08:00:00+00:00
[2024-03-29T11:52:39.305+0000] {processor.py:183} INFO - Processing /home/airflow/.local/lib/python3.8/site-packages/airflow/example_dags/example_latest_only.py took 0.069 seconds
[2024-03-29T11:53:09.644+0000] {processor.py:161} INFO - Started process (PID=1468) to work on /home/airflow/.local/lib/python3.8/site-packages/airflow/example_dags/example_latest_only.py
[2024-03-29T11:53:09.645+0000] {processor.py:830} INFO - Processing file /home/airflow/.local/lib/python3.8/site-packages/airflow/example_dags/example_latest_only.py for tasks to queue
[2024-03-29T11:53:09.647+0000] {logging_mixin.py:188} INFO - [2024-03-29T11:53:09.646+0000] {dagbag.py:540} INFO - Filling up the DagBag from /home/airflow/.local/lib/python3.8/site-packages/airflow/example_dags/example_latest_only.py
[2024-03-29T11:53:09.656+0000] {processor.py:840} INFO - DAG(s) 'latest_only' retrieved from /home/airflow/.local/lib/python3.8/site-packages/airflow/example_dags/example_latest_only.py
[2024-03-29T11:53:09.694+0000] {logging_mixin.py:188} INFO - [2024-03-29T11:53:09.693+0000] {dag.py:3047} INFO - Sync 1 DAGs
[2024-03-29T11:53:09.721+0000] {logging_mixin.py:188} INFO - [2024-03-29T11:53:09.720+0000] {dag.py:3834} INFO - Setting next_dagrun for latest_only to 2024-03-29 04:00:00+00:00, run_after=2024-03-29 08:00:00+00:00
[2024-03-29T11:53:09.759+0000] {processor.py:183} INFO - Processing /home/airflow/.local/lib/python3.8/site-packages/airflow/example_dags/example_latest_only.py took 0.118 seconds
[2024-03-29T11:53:39.920+0000] {processor.py:161} INFO - Started process (PID=1525) to work on /home/airflow/.local/lib/python3.8/site-packages/airflow/example_dags/example_latest_only.py
[2024-03-29T11:53:39.921+0000] {processor.py:830} INFO - Processing file /home/airflow/.local/lib/python3.8/site-packages/airflow/example_dags/example_latest_only.py for tasks to queue
[2024-03-29T11:53:39.923+0000] {logging_mixin.py:188} INFO - [2024-03-29T11:53:39.923+0000] {dagbag.py:540} INFO - Filling up the DagBag from /home/airflow/.local/lib/python3.8/site-packages/airflow/example_dags/example_latest_only.py
[2024-03-29T11:53:39.928+0000] {processor.py:840} INFO - DAG(s) 'latest_only' retrieved from /home/airflow/.local/lib/python3.8/site-packages/airflow/example_dags/example_latest_only.py
[2024-03-29T11:53:39.950+0000] {logging_mixin.py:188} INFO - [2024-03-29T11:53:39.949+0000] {dag.py:3047} INFO - Sync 1 DAGs
[2024-03-29T11:53:39.974+0000] {logging_mixin.py:188} INFO - [2024-03-29T11:53:39.974+0000] {dag.py:3834} INFO - Setting next_dagrun for latest_only to 2024-03-29 04:00:00+00:00, run_after=2024-03-29 08:00:00+00:00
[2024-03-29T11:53:39.994+0000] {processor.py:183} INFO - Processing /home/airflow/.local/lib/python3.8/site-packages/airflow/example_dags/example_latest_only.py took 0.079 seconds
[2024-03-29T11:54:10.618+0000] {processor.py:161} INFO - Started process (PID=1581) to work on /home/airflow/.local/lib/python3.8/site-packages/airflow/example_dags/example_latest_only.py
[2024-03-29T11:54:10.620+0000] {processor.py:830} INFO - Processing file /home/airflow/.local/lib/python3.8/site-packages/airflow/example_dags/example_latest_only.py for tasks to queue
[2024-03-29T11:54:10.622+0000] {logging_mixin.py:188} INFO - [2024-03-29T11:54:10.621+0000] {dagbag.py:540} INFO - Filling up the DagBag from /home/airflow/.local/lib/python3.8/site-packages/airflow/example_dags/example_latest_only.py
[2024-03-29T11:54:10.627+0000] {processor.py:840} INFO - DAG(s) 'latest_only' retrieved from /home/airflow/.local/lib/python3.8/site-packages/airflow/example_dags/example_latest_only.py
[2024-03-29T11:54:10.648+0000] {logging_mixin.py:188} INFO - [2024-03-29T11:54:10.648+0000] {dag.py:3047} INFO - Sync 1 DAGs
[2024-03-29T11:54:10.677+0000] {logging_mixin.py:188} INFO - [2024-03-29T11:54:10.677+0000] {dag.py:3834} INFO - Setting next_dagrun for latest_only to 2024-03-29 04:00:00+00:00, run_after=2024-03-29 08:00:00+00:00
[2024-03-29T11:54:10.698+0000] {processor.py:183} INFO - Processing /home/airflow/.local/lib/python3.8/site-packages/airflow/example_dags/example_latest_only.py took 0.083 seconds
[2024-03-29T11:54:41.228+0000] {processor.py:161} INFO - Started process (PID=1637) to work on /home/airflow/.local/lib/python3.8/site-packages/airflow/example_dags/example_latest_only.py
[2024-03-29T11:54:41.229+0000] {processor.py:830} INFO - Processing file /home/airflow/.local/lib/python3.8/site-packages/airflow/example_dags/example_latest_only.py for tasks to queue
[2024-03-29T11:54:41.231+0000] {logging_mixin.py:188} INFO - [2024-03-29T11:54:41.231+0000] {dagbag.py:540} INFO - Filling up the DagBag from /home/airflow/.local/lib/python3.8/site-packages/airflow/example_dags/example_latest_only.py
[2024-03-29T11:54:41.237+0000] {processor.py:840} INFO - DAG(s) 'latest_only' retrieved from /home/airflow/.local/lib/python3.8/site-packages/airflow/example_dags/example_latest_only.py
[2024-03-29T11:54:41.259+0000] {logging_mixin.py:188} INFO - [2024-03-29T11:54:41.259+0000] {dag.py:3047} INFO - Sync 1 DAGs
[2024-03-29T11:54:41.284+0000] {logging_mixin.py:188} INFO - [2024-03-29T11:54:41.284+0000] {dag.py:3834} INFO - Setting next_dagrun for latest_only to 2024-03-29 04:00:00+00:00, run_after=2024-03-29 08:00:00+00:00
[2024-03-29T11:54:41.307+0000] {processor.py:183} INFO - Processing /home/airflow/.local/lib/python3.8/site-packages/airflow/example_dags/example_latest_only.py took 0.081 seconds
[2024-03-29T11:55:11.691+0000] {processor.py:161} INFO - Started process (PID=1693) to work on /home/airflow/.local/lib/python3.8/site-packages/airflow/example_dags/example_latest_only.py
[2024-03-29T11:55:11.693+0000] {processor.py:830} INFO - Processing file /home/airflow/.local/lib/python3.8/site-packages/airflow/example_dags/example_latest_only.py for tasks to queue
[2024-03-29T11:55:11.697+0000] {logging_mixin.py:188} INFO - [2024-03-29T11:55:11.696+0000] {dagbag.py:540} INFO - Filling up the DagBag from /home/airflow/.local/lib/python3.8/site-packages/airflow/example_dags/example_latest_only.py
[2024-03-29T11:55:11.709+0000] {processor.py:840} INFO - DAG(s) 'latest_only' retrieved from /home/airflow/.local/lib/python3.8/site-packages/airflow/example_dags/example_latest_only.py
[2024-03-29T11:55:11.758+0000] {logging_mixin.py:188} INFO - [2024-03-29T11:55:11.757+0000] {dag.py:3047} INFO - Sync 1 DAGs
[2024-03-29T11:55:11.808+0000] {logging_mixin.py:188} INFO - [2024-03-29T11:55:11.808+0000] {dag.py:3834} INFO - Setting next_dagrun for latest_only to 2024-03-29 04:00:00+00:00, run_after=2024-03-29 08:00:00+00:00
[2024-03-29T11:55:11.877+0000] {processor.py:183} INFO - Processing /home/airflow/.local/lib/python3.8/site-packages/airflow/example_dags/example_latest_only.py took 0.195 seconds
[2024-03-29T11:55:42.169+0000] {processor.py:161} INFO - Started process (PID=1749) to work on /home/airflow/.local/lib/python3.8/site-packages/airflow/example_dags/example_latest_only.py
[2024-03-29T11:55:42.170+0000] {processor.py:830} INFO - Processing file /home/airflow/.local/lib/python3.8/site-packages/airflow/example_dags/example_latest_only.py for tasks to queue
[2024-03-29T11:55:42.172+0000] {logging_mixin.py:188} INFO - [2024-03-29T11:55:42.172+0000] {dagbag.py:540} INFO - Filling up the DagBag from /home/airflow/.local/lib/python3.8/site-packages/airflow/example_dags/example_latest_only.py
[2024-03-29T11:55:42.176+0000] {processor.py:840} INFO - DAG(s) 'latest_only' retrieved from /home/airflow/.local/lib/python3.8/site-packages/airflow/example_dags/example_latest_only.py
[2024-03-29T11:55:42.199+0000] {logging_mixin.py:188} INFO - [2024-03-29T11:55:42.198+0000] {dag.py:3047} INFO - Sync 1 DAGs
[2024-03-29T11:55:42.226+0000] {logging_mixin.py:188} INFO - [2024-03-29T11:55:42.225+0000] {dag.py:3834} INFO - Setting next_dagrun for latest_only to 2024-03-29 04:00:00+00:00, run_after=2024-03-29 08:00:00+00:00
[2024-03-29T11:55:42.244+0000] {processor.py:183} INFO - Processing /home/airflow/.local/lib/python3.8/site-packages/airflow/example_dags/example_latest_only.py took 0.079 seconds
[2024-03-29T11:56:12.365+0000] {processor.py:161} INFO - Started process (PID=1805) to work on /home/airflow/.local/lib/python3.8/site-packages/airflow/example_dags/example_latest_only.py
[2024-03-29T11:56:12.365+0000] {processor.py:830} INFO - Processing file /home/airflow/.local/lib/python3.8/site-packages/airflow/example_dags/example_latest_only.py for tasks to queue
[2024-03-29T11:56:12.368+0000] {logging_mixin.py:188} INFO - [2024-03-29T11:56:12.368+0000] {dagbag.py:540} INFO - Filling up the DagBag from /home/airflow/.local/lib/python3.8/site-packages/airflow/example_dags/example_latest_only.py
[2024-03-29T11:56:12.372+0000] {processor.py:840} INFO - DAG(s) 'latest_only' retrieved from /home/airflow/.local/lib/python3.8/site-packages/airflow/example_dags/example_latest_only.py
[2024-03-29T11:56:12.397+0000] {logging_mixin.py:188} INFO - [2024-03-29T11:56:12.396+0000] {dag.py:3047} INFO - Sync 1 DAGs
[2024-03-29T11:56:12.418+0000] {logging_mixin.py:188} INFO - [2024-03-29T11:56:12.418+0000] {dag.py:3834} INFO - Setting next_dagrun for latest_only to 2024-03-29 04:00:00+00:00, run_after=2024-03-29 08:00:00+00:00
[2024-03-29T11:56:12.435+0000] {processor.py:183} INFO - Processing /home/airflow/.local/lib/python3.8/site-packages/airflow/example_dags/example_latest_only.py took 0.073 seconds
[2024-03-29T11:56:42.654+0000] {processor.py:161} INFO - Started process (PID=1862) to work on /home/airflow/.local/lib/python3.8/site-packages/airflow/example_dags/example_latest_only.py
[2024-03-29T11:56:42.656+0000] {processor.py:830} INFO - Processing file /home/airflow/.local/lib/python3.8/site-packages/airflow/example_dags/example_latest_only.py for tasks to queue
[2024-03-29T11:56:42.657+0000] {logging_mixin.py:188} INFO - [2024-03-29T11:56:42.657+0000] {dagbag.py:540} INFO - Filling up the DagBag from /home/airflow/.local/lib/python3.8/site-packages/airflow/example_dags/example_latest_only.py
[2024-03-29T11:56:42.663+0000] {processor.py:840} INFO - DAG(s) 'latest_only' retrieved from /home/airflow/.local/lib/python3.8/site-packages/airflow/example_dags/example_latest_only.py
[2024-03-29T11:56:42.686+0000] {logging_mixin.py:188} INFO - [2024-03-29T11:56:42.686+0000] {dag.py:3047} INFO - Sync 1 DAGs
[2024-03-29T11:56:42.712+0000] {logging_mixin.py:188} INFO - [2024-03-29T11:56:42.712+0000] {dag.py:3834} INFO - Setting next_dagrun for latest_only to 2024-03-29 04:00:00+00:00, run_after=2024-03-29 08:00:00+00:00
[2024-03-29T11:56:42.742+0000] {processor.py:183} INFO - Processing /home/airflow/.local/lib/python3.8/site-packages/airflow/example_dags/example_latest_only.py took 0.091 seconds
[2024-03-29T11:57:13.486+0000] {processor.py:161} INFO - Started process (PID=1919) to work on /home/airflow/.local/lib/python3.8/site-packages/airflow/example_dags/example_latest_only.py
[2024-03-29T11:57:13.487+0000] {processor.py:830} INFO - Processing file /home/airflow/.local/lib/python3.8/site-packages/airflow/example_dags/example_latest_only.py for tasks to queue
[2024-03-29T11:57:13.488+0000] {logging_mixin.py:188} INFO - [2024-03-29T11:57:13.488+0000] {dagbag.py:540} INFO - Filling up the DagBag from /home/airflow/.local/lib/python3.8/site-packages/airflow/example_dags/example_latest_only.py
[2024-03-29T11:57:13.492+0000] {processor.py:840} INFO - DAG(s) 'latest_only' retrieved from /home/airflow/.local/lib/python3.8/site-packages/airflow/example_dags/example_latest_only.py
[2024-03-29T11:57:13.516+0000] {logging_mixin.py:188} INFO - [2024-03-29T11:57:13.514+0000] {dag.py:3047} INFO - Sync 1 DAGs
[2024-03-29T11:57:13.541+0000] {logging_mixin.py:188} INFO - [2024-03-29T11:57:13.541+0000] {dag.py:3834} INFO - Setting next_dagrun for latest_only to 2024-03-29 04:00:00+00:00, run_after=2024-03-29 08:00:00+00:00
[2024-03-29T11:57:13.561+0000] {processor.py:183} INFO - Processing /home/airflow/.local/lib/python3.8/site-packages/airflow/example_dags/example_latest_only.py took 0.078 seconds
[2024-03-29T11:57:43.695+0000] {processor.py:161} INFO - Started process (PID=1975) to work on /home/airflow/.local/lib/python3.8/site-packages/airflow/example_dags/example_latest_only.py
[2024-03-29T11:57:43.696+0000] {processor.py:830} INFO - Processing file /home/airflow/.local/lib/python3.8/site-packages/airflow/example_dags/example_latest_only.py for tasks to queue
[2024-03-29T11:57:43.697+0000] {logging_mixin.py:188} INFO - [2024-03-29T11:57:43.697+0000] {dagbag.py:540} INFO - Filling up the DagBag from /home/airflow/.local/lib/python3.8/site-packages/airflow/example_dags/example_latest_only.py
[2024-03-29T11:57:43.702+0000] {processor.py:840} INFO - DAG(s) 'latest_only' retrieved from /home/airflow/.local/lib/python3.8/site-packages/airflow/example_dags/example_latest_only.py
[2024-03-29T11:57:43.720+0000] {logging_mixin.py:188} INFO - [2024-03-29T11:57:43.719+0000] {dag.py:3047} INFO - Sync 1 DAGs
[2024-03-29T11:57:43.740+0000] {logging_mixin.py:188} INFO - [2024-03-29T11:57:43.740+0000] {dag.py:3834} INFO - Setting next_dagrun for latest_only to 2024-03-29 04:00:00+00:00, run_after=2024-03-29 08:00:00+00:00
[2024-03-29T11:57:43.758+0000] {processor.py:183} INFO - Processing /home/airflow/.local/lib/python3.8/site-packages/airflow/example_dags/example_latest_only.py took 0.066 seconds
[2024-03-29T11:58:14.386+0000] {processor.py:161} INFO - Started process (PID=2031) to work on /home/airflow/.local/lib/python3.8/site-packages/airflow/example_dags/example_latest_only.py
[2024-03-29T11:58:14.388+0000] {processor.py:830} INFO - Processing file /home/airflow/.local/lib/python3.8/site-packages/airflow/example_dags/example_latest_only.py for tasks to queue
[2024-03-29T11:58:14.391+0000] {logging_mixin.py:188} INFO - [2024-03-29T11:58:14.390+0000] {dagbag.py:540} INFO - Filling up the DagBag from /home/airflow/.local/lib/python3.8/site-packages/airflow/example_dags/example_latest_only.py
[2024-03-29T11:58:14.395+0000] {processor.py:840} INFO - DAG(s) 'latest_only' retrieved from /home/airflow/.local/lib/python3.8/site-packages/airflow/example_dags/example_latest_only.py
[2024-03-29T11:58:14.417+0000] {logging_mixin.py:188} INFO - [2024-03-29T11:58:14.414+0000] {dag.py:3047} INFO - Sync 1 DAGs
[2024-03-29T11:58:14.590+0000] {logging_mixin.py:188} INFO - [2024-03-29T11:58:14.589+0000] {dag.py:3834} INFO - Setting next_dagrun for latest_only to 2024-03-29 04:00:00+00:00, run_after=2024-03-29 08:00:00+00:00
[2024-03-29T11:58:14.606+0000] {processor.py:183} INFO - Processing /home/airflow/.local/lib/python3.8/site-packages/airflow/example_dags/example_latest_only.py took 0.225 seconds
[2024-03-29T11:58:45.657+0000] {processor.py:161} INFO - Started process (PID=2086) to work on /home/airflow/.local/lib/python3.8/site-packages/airflow/example_dags/example_latest_only.py
[2024-03-29T11:58:45.670+0000] {processor.py:830} INFO - Processing file /home/airflow/.local/lib/python3.8/site-packages/airflow/example_dags/example_latest_only.py for tasks to queue
[2024-03-29T11:58:45.698+0000] {logging_mixin.py:188} INFO - [2024-03-29T11:58:45.698+0000] {dagbag.py:540} INFO - Filling up the DagBag from /home/airflow/.local/lib/python3.8/site-packages/airflow/example_dags/example_latest_only.py
[2024-03-29T11:58:45.715+0000] {processor.py:840} INFO - DAG(s) 'latest_only' retrieved from /home/airflow/.local/lib/python3.8/site-packages/airflow/example_dags/example_latest_only.py
[2024-03-29T11:58:45.776+0000] {logging_mixin.py:188} INFO - [2024-03-29T11:58:45.776+0000] {dag.py:3047} INFO - Sync 1 DAGs
[2024-03-29T11:58:46.129+0000] {logging_mixin.py:188} INFO - [2024-03-29T11:58:46.128+0000] {dag.py:3834} INFO - Setting next_dagrun for latest_only to 2024-03-29 04:00:00+00:00, run_after=2024-03-29 08:00:00+00:00
[2024-03-29T11:58:46.155+0000] {processor.py:183} INFO - Processing /home/airflow/.local/lib/python3.8/site-packages/airflow/example_dags/example_latest_only.py took 0.515 seconds
[2024-03-29T11:59:17.047+0000] {processor.py:161} INFO - Started process (PID=2142) to work on /home/airflow/.local/lib/python3.8/site-packages/airflow/example_dags/example_latest_only.py
[2024-03-29T11:59:17.047+0000] {processor.py:830} INFO - Processing file /home/airflow/.local/lib/python3.8/site-packages/airflow/example_dags/example_latest_only.py for tasks to queue
[2024-03-29T11:59:17.049+0000] {logging_mixin.py:188} INFO - [2024-03-29T11:59:17.049+0000] {dagbag.py:540} INFO - Filling up the DagBag from /home/airflow/.local/lib/python3.8/site-packages/airflow/example_dags/example_latest_only.py
[2024-03-29T11:59:17.053+0000] {processor.py:840} INFO - DAG(s) 'latest_only' retrieved from /home/airflow/.local/lib/python3.8/site-packages/airflow/example_dags/example_latest_only.py
[2024-03-29T11:59:17.071+0000] {logging_mixin.py:188} INFO - [2024-03-29T11:59:17.071+0000] {dag.py:3047} INFO - Sync 1 DAGs
[2024-03-29T11:59:17.252+0000] {logging_mixin.py:188} INFO - [2024-03-29T11:59:17.252+0000] {dag.py:3834} INFO - Setting next_dagrun for latest_only to 2024-03-29 04:00:00+00:00, run_after=2024-03-29 08:00:00+00:00
[2024-03-29T11:59:17.296+0000] {processor.py:183} INFO - Processing /home/airflow/.local/lib/python3.8/site-packages/airflow/example_dags/example_latest_only.py took 0.252 seconds
