[2024-03-29T11:24:39.902+0000] {processor.py:161} INFO - Started process (PID=63) to work on /home/airflow/.local/lib/python3.8/site-packages/airflow/example_dags/example_branch_operator.py
[2024-03-29T11:24:39.911+0000] {processor.py:830} INFO - Processing file /home/airflow/.local/lib/python3.8/site-packages/airflow/example_dags/example_branch_operator.py for tasks to queue
[2024-03-29T11:24:39.949+0000] {logging_mixin.py:188} INFO - [2024-03-29T11:24:39.949+0000] {dagbag.py:540} INFO - Filling up the DagBag from /home/airflow/.local/lib/python3.8/site-packages/airflow/example_dags/example_branch_operator.py
[2024-03-29T11:24:40.071+0000] {processor.py:840} INFO - DAG(s) 'example_branch_operator' retrieved from /home/airflow/.local/lib/python3.8/site-packages/airflow/example_dags/example_branch_operator.py
[2024-03-29T11:24:40.128+0000] {logging_mixin.py:188} INFO - [2024-03-29T11:24:40.128+0000] {dag.py:3047} INFO - Sync 1 DAGs
[2024-03-29T11:24:40.196+0000] {logging_mixin.py:188} INFO - [2024-03-29T11:24:40.195+0000] {dag.py:3834} INFO - Setting next_dagrun for example_branch_operator to 2024-03-28 00:00:00+00:00, run_after=2024-03-29 00:00:00+00:00
[2024-03-29T11:24:40.251+0000] {processor.py:183} INFO - Processing /home/airflow/.local/lib/python3.8/site-packages/airflow/example_dags/example_branch_operator.py took 0.355 seconds
[2024-03-29T11:25:10.917+0000] {processor.py:161} INFO - Started process (PID=119) to work on /home/airflow/.local/lib/python3.8/site-packages/airflow/example_dags/example_branch_operator.py
[2024-03-29T11:25:10.918+0000] {processor.py:830} INFO - Processing file /home/airflow/.local/lib/python3.8/site-packages/airflow/example_dags/example_branch_operator.py for tasks to queue
[2024-03-29T11:25:10.920+0000] {logging_mixin.py:188} INFO - [2024-03-29T11:25:10.919+0000] {dagbag.py:540} INFO - Filling up the DagBag from /home/airflow/.local/lib/python3.8/site-packages/airflow/example_dags/example_branch_operator.py
[2024-03-29T11:25:10.941+0000] {processor.py:840} INFO - DAG(s) 'example_branch_operator' retrieved from /home/airflow/.local/lib/python3.8/site-packages/airflow/example_dags/example_branch_operator.py
[2024-03-29T11:25:11.067+0000] {logging_mixin.py:188} INFO - [2024-03-29T11:25:11.066+0000] {dag.py:3047} INFO - Sync 1 DAGs
[2024-03-29T11:25:11.094+0000] {logging_mixin.py:188} INFO - [2024-03-29T11:25:11.093+0000] {dag.py:3834} INFO - Setting next_dagrun for example_branch_operator to 2024-03-28 00:00:00+00:00, run_after=2024-03-29 00:00:00+00:00
[2024-03-29T11:25:11.138+0000] {processor.py:183} INFO - Processing /home/airflow/.local/lib/python3.8/site-packages/airflow/example_dags/example_branch_operator.py took 0.223 seconds
[2024-03-29T11:25:41.295+0000] {processor.py:161} INFO - Started process (PID=176) to work on /home/airflow/.local/lib/python3.8/site-packages/airflow/example_dags/example_branch_operator.py
[2024-03-29T11:25:41.296+0000] {processor.py:830} INFO - Processing file /home/airflow/.local/lib/python3.8/site-packages/airflow/example_dags/example_branch_operator.py for tasks to queue
[2024-03-29T11:25:41.298+0000] {logging_mixin.py:188} INFO - [2024-03-29T11:25:41.297+0000] {dagbag.py:540} INFO - Filling up the DagBag from /home/airflow/.local/lib/python3.8/site-packages/airflow/example_dags/example_branch_operator.py
[2024-03-29T11:25:41.315+0000] {processor.py:840} INFO - DAG(s) 'example_branch_operator' retrieved from /home/airflow/.local/lib/python3.8/site-packages/airflow/example_dags/example_branch_operator.py
[2024-03-29T11:25:41.369+0000] {logging_mixin.py:188} INFO - [2024-03-29T11:25:41.368+0000] {dag.py:3047} INFO - Sync 1 DAGs
[2024-03-29T11:25:41.418+0000] {logging_mixin.py:188} INFO - [2024-03-29T11:25:41.418+0000] {dag.py:3834} INFO - Setting next_dagrun for example_branch_operator to 2024-03-28 00:00:00+00:00, run_after=2024-03-29 00:00:00+00:00
[2024-03-29T11:25:41.445+0000] {processor.py:183} INFO - Processing /home/airflow/.local/lib/python3.8/site-packages/airflow/example_dags/example_branch_operator.py took 0.154 seconds
[2024-03-29T11:26:11.914+0000] {processor.py:161} INFO - Started process (PID=230) to work on /home/airflow/.local/lib/python3.8/site-packages/airflow/example_dags/example_branch_operator.py
[2024-03-29T11:26:11.916+0000] {processor.py:830} INFO - Processing file /home/airflow/.local/lib/python3.8/site-packages/airflow/example_dags/example_branch_operator.py for tasks to queue
[2024-03-29T11:26:11.918+0000] {logging_mixin.py:188} INFO - [2024-03-29T11:26:11.918+0000] {dagbag.py:540} INFO - Filling up the DagBag from /home/airflow/.local/lib/python3.8/site-packages/airflow/example_dags/example_branch_operator.py
[2024-03-29T11:26:11.937+0000] {processor.py:840} INFO - DAG(s) 'example_branch_operator' retrieved from /home/airflow/.local/lib/python3.8/site-packages/airflow/example_dags/example_branch_operator.py
[2024-03-29T11:26:11.993+0000] {logging_mixin.py:188} INFO - [2024-03-29T11:26:11.992+0000] {dag.py:3047} INFO - Sync 1 DAGs
[2024-03-29T11:26:12.028+0000] {logging_mixin.py:188} INFO - [2024-03-29T11:26:12.028+0000] {dag.py:3834} INFO - Setting next_dagrun for example_branch_operator to 2024-03-28 00:00:00+00:00, run_after=2024-03-29 00:00:00+00:00
[2024-03-29T11:26:12.053+0000] {processor.py:183} INFO - Processing /home/airflow/.local/lib/python3.8/site-packages/airflow/example_dags/example_branch_operator.py took 0.141 seconds
[2024-03-29T11:26:42.444+0000] {processor.py:161} INFO - Started process (PID=286) to work on /home/airflow/.local/lib/python3.8/site-packages/airflow/example_dags/example_branch_operator.py
[2024-03-29T11:26:42.450+0000] {processor.py:830} INFO - Processing file /home/airflow/.local/lib/python3.8/site-packages/airflow/example_dags/example_branch_operator.py for tasks to queue
[2024-03-29T11:26:42.454+0000] {logging_mixin.py:188} INFO - [2024-03-29T11:26:42.453+0000] {dagbag.py:540} INFO - Filling up the DagBag from /home/airflow/.local/lib/python3.8/site-packages/airflow/example_dags/example_branch_operator.py
[2024-03-29T11:26:42.519+0000] {processor.py:840} INFO - DAG(s) 'example_branch_operator' retrieved from /home/airflow/.local/lib/python3.8/site-packages/airflow/example_dags/example_branch_operator.py
[2024-03-29T11:26:42.615+0000] {logging_mixin.py:188} INFO - [2024-03-29T11:26:42.614+0000] {dag.py:3047} INFO - Sync 1 DAGs
[2024-03-29T11:26:42.698+0000] {logging_mixin.py:188} INFO - [2024-03-29T11:26:42.697+0000] {dag.py:3834} INFO - Setting next_dagrun for example_branch_operator to 2024-03-28 00:00:00+00:00, run_after=2024-03-29 00:00:00+00:00
[2024-03-29T11:26:42.745+0000] {processor.py:183} INFO - Processing /home/airflow/.local/lib/python3.8/site-packages/airflow/example_dags/example_branch_operator.py took 0.325 seconds
[2024-03-29T11:27:13.286+0000] {processor.py:161} INFO - Started process (PID=342) to work on /home/airflow/.local/lib/python3.8/site-packages/airflow/example_dags/example_branch_operator.py
[2024-03-29T11:27:13.294+0000] {processor.py:830} INFO - Processing file /home/airflow/.local/lib/python3.8/site-packages/airflow/example_dags/example_branch_operator.py for tasks to queue
[2024-03-29T11:27:13.297+0000] {logging_mixin.py:188} INFO - [2024-03-29T11:27:13.296+0000] {dagbag.py:540} INFO - Filling up the DagBag from /home/airflow/.local/lib/python3.8/site-packages/airflow/example_dags/example_branch_operator.py
[2024-03-29T11:27:13.351+0000] {processor.py:840} INFO - DAG(s) 'example_branch_operator' retrieved from /home/airflow/.local/lib/python3.8/site-packages/airflow/example_dags/example_branch_operator.py
[2024-03-29T11:27:13.462+0000] {logging_mixin.py:188} INFO - [2024-03-29T11:27:13.461+0000] {dag.py:3047} INFO - Sync 1 DAGs
[2024-03-29T11:27:13.546+0000] {logging_mixin.py:188} INFO - [2024-03-29T11:27:13.543+0000] {dag.py:3834} INFO - Setting next_dagrun for example_branch_operator to 2024-03-28 00:00:00+00:00, run_after=2024-03-29 00:00:00+00:00
[2024-03-29T11:27:13.626+0000] {processor.py:183} INFO - Processing /home/airflow/.local/lib/python3.8/site-packages/airflow/example_dags/example_branch_operator.py took 0.343 seconds
[2024-03-29T11:28:43.114+0000] {processor.py:161} INFO - Started process (PID=63) to work on /home/airflow/.local/lib/python3.8/site-packages/airflow/example_dags/example_branch_operator.py
[2024-03-29T11:28:43.121+0000] {processor.py:830} INFO - Processing file /home/airflow/.local/lib/python3.8/site-packages/airflow/example_dags/example_branch_operator.py for tasks to queue
[2024-03-29T11:28:43.127+0000] {logging_mixin.py:188} INFO - [2024-03-29T11:28:43.127+0000] {dagbag.py:540} INFO - Filling up the DagBag from /home/airflow/.local/lib/python3.8/site-packages/airflow/example_dags/example_branch_operator.py
[2024-03-29T11:28:43.217+0000] {processor.py:840} INFO - DAG(s) 'example_branch_operator' retrieved from /home/airflow/.local/lib/python3.8/site-packages/airflow/example_dags/example_branch_operator.py
[2024-03-29T11:28:43.519+0000] {logging_mixin.py:188} INFO - [2024-03-29T11:28:43.518+0000] {dag.py:3047} INFO - Sync 1 DAGs
[2024-03-29T11:28:43.583+0000] {logging_mixin.py:188} INFO - [2024-03-29T11:28:43.583+0000] {dag.py:3834} INFO - Setting next_dagrun for example_branch_operator to 2024-03-28 00:00:00+00:00, run_after=2024-03-29 00:00:00+00:00
[2024-03-29T11:28:43.634+0000] {processor.py:183} INFO - Processing /home/airflow/.local/lib/python3.8/site-packages/airflow/example_dags/example_branch_operator.py took 0.522 seconds
[2024-03-29T11:29:14.303+0000] {processor.py:161} INFO - Started process (PID=119) to work on /home/airflow/.local/lib/python3.8/site-packages/airflow/example_dags/example_branch_operator.py
[2024-03-29T11:29:14.304+0000] {processor.py:830} INFO - Processing file /home/airflow/.local/lib/python3.8/site-packages/airflow/example_dags/example_branch_operator.py for tasks to queue
[2024-03-29T11:29:14.308+0000] {logging_mixin.py:188} INFO - [2024-03-29T11:29:14.308+0000] {dagbag.py:540} INFO - Filling up the DagBag from /home/airflow/.local/lib/python3.8/site-packages/airflow/example_dags/example_branch_operator.py
[2024-03-29T11:29:14.329+0000] {processor.py:840} INFO - DAG(s) 'example_branch_operator' retrieved from /home/airflow/.local/lib/python3.8/site-packages/airflow/example_dags/example_branch_operator.py
[2024-03-29T11:29:14.358+0000] {logging_mixin.py:188} INFO - [2024-03-29T11:29:14.357+0000] {dag.py:3047} INFO - Sync 1 DAGs
[2024-03-29T11:29:14.383+0000] {logging_mixin.py:188} INFO - [2024-03-29T11:29:14.383+0000] {dag.py:3834} INFO - Setting next_dagrun for example_branch_operator to 2024-03-28 00:00:00+00:00, run_after=2024-03-29 00:00:00+00:00
[2024-03-29T11:29:14.411+0000] {processor.py:183} INFO - Processing /home/airflow/.local/lib/python3.8/site-packages/airflow/example_dags/example_branch_operator.py took 0.111 seconds
[2024-03-29T11:29:44.462+0000] {processor.py:161} INFO - Started process (PID=175) to work on /home/airflow/.local/lib/python3.8/site-packages/airflow/example_dags/example_branch_operator.py
[2024-03-29T11:29:44.463+0000] {processor.py:830} INFO - Processing file /home/airflow/.local/lib/python3.8/site-packages/airflow/example_dags/example_branch_operator.py for tasks to queue
[2024-03-29T11:29:44.465+0000] {logging_mixin.py:188} INFO - [2024-03-29T11:29:44.464+0000] {dagbag.py:540} INFO - Filling up the DagBag from /home/airflow/.local/lib/python3.8/site-packages/airflow/example_dags/example_branch_operator.py
[2024-03-29T11:29:44.482+0000] {processor.py:840} INFO - DAG(s) 'example_branch_operator' retrieved from /home/airflow/.local/lib/python3.8/site-packages/airflow/example_dags/example_branch_operator.py
[2024-03-29T11:29:44.511+0000] {logging_mixin.py:188} INFO - [2024-03-29T11:29:44.511+0000] {dag.py:3047} INFO - Sync 1 DAGs
[2024-03-29T11:29:44.539+0000] {logging_mixin.py:188} INFO - [2024-03-29T11:29:44.538+0000] {dag.py:3834} INFO - Setting next_dagrun for example_branch_operator to 2024-03-28 00:00:00+00:00, run_after=2024-03-29 00:00:00+00:00
[2024-03-29T11:29:44.564+0000] {processor.py:183} INFO - Processing /home/airflow/.local/lib/python3.8/site-packages/airflow/example_dags/example_branch_operator.py took 0.105 seconds
[2024-03-29T11:30:14.764+0000] {processor.py:161} INFO - Started process (PID=231) to work on /home/airflow/.local/lib/python3.8/site-packages/airflow/example_dags/example_branch_operator.py
[2024-03-29T11:30:14.765+0000] {processor.py:830} INFO - Processing file /home/airflow/.local/lib/python3.8/site-packages/airflow/example_dags/example_branch_operator.py for tasks to queue
[2024-03-29T11:30:14.768+0000] {logging_mixin.py:188} INFO - [2024-03-29T11:30:14.767+0000] {dagbag.py:540} INFO - Filling up the DagBag from /home/airflow/.local/lib/python3.8/site-packages/airflow/example_dags/example_branch_operator.py
[2024-03-29T11:30:14.795+0000] {processor.py:840} INFO - DAG(s) 'example_branch_operator' retrieved from /home/airflow/.local/lib/python3.8/site-packages/airflow/example_dags/example_branch_operator.py
[2024-03-29T11:30:14.833+0000] {logging_mixin.py:188} INFO - [2024-03-29T11:30:14.833+0000] {dag.py:3047} INFO - Sync 1 DAGs
[2024-03-29T11:30:14.871+0000] {logging_mixin.py:188} INFO - [2024-03-29T11:30:14.870+0000] {dag.py:3834} INFO - Setting next_dagrun for example_branch_operator to 2024-03-28 00:00:00+00:00, run_after=2024-03-29 00:00:00+00:00
[2024-03-29T11:30:14.896+0000] {processor.py:183} INFO - Processing /home/airflow/.local/lib/python3.8/site-packages/airflow/example_dags/example_branch_operator.py took 0.135 seconds
[2024-03-29T11:30:45.740+0000] {processor.py:161} INFO - Started process (PID=287) to work on /home/airflow/.local/lib/python3.8/site-packages/airflow/example_dags/example_branch_operator.py
[2024-03-29T11:30:45.741+0000] {processor.py:830} INFO - Processing file /home/airflow/.local/lib/python3.8/site-packages/airflow/example_dags/example_branch_operator.py for tasks to queue
[2024-03-29T11:30:45.743+0000] {logging_mixin.py:188} INFO - [2024-03-29T11:30:45.743+0000] {dagbag.py:540} INFO - Filling up the DagBag from /home/airflow/.local/lib/python3.8/site-packages/airflow/example_dags/example_branch_operator.py
[2024-03-29T11:30:45.761+0000] {processor.py:840} INFO - DAG(s) 'example_branch_operator' retrieved from /home/airflow/.local/lib/python3.8/site-packages/airflow/example_dags/example_branch_operator.py
[2024-03-29T11:30:45.791+0000] {logging_mixin.py:188} INFO - [2024-03-29T11:30:45.790+0000] {dag.py:3047} INFO - Sync 1 DAGs
[2024-03-29T11:30:45.816+0000] {logging_mixin.py:188} INFO - [2024-03-29T11:30:45.815+0000] {dag.py:3834} INFO - Setting next_dagrun for example_branch_operator to 2024-03-28 00:00:00+00:00, run_after=2024-03-29 00:00:00+00:00
[2024-03-29T11:30:45.842+0000] {processor.py:183} INFO - Processing /home/airflow/.local/lib/python3.8/site-packages/airflow/example_dags/example_branch_operator.py took 0.106 seconds
[2024-03-29T11:31:16.294+0000] {processor.py:161} INFO - Started process (PID=342) to work on /home/airflow/.local/lib/python3.8/site-packages/airflow/example_dags/example_branch_operator.py
[2024-03-29T11:31:16.302+0000] {processor.py:830} INFO - Processing file /home/airflow/.local/lib/python3.8/site-packages/airflow/example_dags/example_branch_operator.py for tasks to queue
[2024-03-29T11:31:16.323+0000] {logging_mixin.py:188} INFO - [2024-03-29T11:31:16.322+0000] {dagbag.py:540} INFO - Filling up the DagBag from /home/airflow/.local/lib/python3.8/site-packages/airflow/example_dags/example_branch_operator.py
[2024-03-29T11:31:16.384+0000] {processor.py:840} INFO - DAG(s) 'example_branch_operator' retrieved from /home/airflow/.local/lib/python3.8/site-packages/airflow/example_dags/example_branch_operator.py
[2024-03-29T11:31:16.467+0000] {logging_mixin.py:188} INFO - [2024-03-29T11:31:16.465+0000] {dag.py:3047} INFO - Sync 1 DAGs
[2024-03-29T11:31:16.527+0000] {logging_mixin.py:188} INFO - [2024-03-29T11:31:16.526+0000] {dag.py:3834} INFO - Setting next_dagrun for example_branch_operator to 2024-03-28 00:00:00+00:00, run_after=2024-03-29 00:00:00+00:00
[2024-03-29T11:31:16.546+0000] {processor.py:183} INFO - Processing /home/airflow/.local/lib/python3.8/site-packages/airflow/example_dags/example_branch_operator.py took 0.257 seconds
[2024-03-29T11:32:37.542+0000] {processor.py:161} INFO - Started process (PID=63) to work on /home/airflow/.local/lib/python3.8/site-packages/airflow/example_dags/example_branch_operator.py
[2024-03-29T11:32:37.545+0000] {processor.py:830} INFO - Processing file /home/airflow/.local/lib/python3.8/site-packages/airflow/example_dags/example_branch_operator.py for tasks to queue
[2024-03-29T11:32:37.547+0000] {logging_mixin.py:188} INFO - [2024-03-29T11:32:37.547+0000] {dagbag.py:540} INFO - Filling up the DagBag from /home/airflow/.local/lib/python3.8/site-packages/airflow/example_dags/example_branch_operator.py
[2024-03-29T11:32:37.579+0000] {processor.py:840} INFO - DAG(s) 'example_branch_operator' retrieved from /home/airflow/.local/lib/python3.8/site-packages/airflow/example_dags/example_branch_operator.py
[2024-03-29T11:32:37.903+0000] {logging_mixin.py:188} INFO - [2024-03-29T11:32:37.902+0000] {dag.py:3047} INFO - Sync 1 DAGs
[2024-03-29T11:32:38.001+0000] {logging_mixin.py:188} INFO - [2024-03-29T11:32:38.000+0000] {dag.py:3834} INFO - Setting next_dagrun for example_branch_operator to 2024-03-28 00:00:00+00:00, run_after=2024-03-29 00:00:00+00:00
[2024-03-29T11:32:38.125+0000] {processor.py:183} INFO - Processing /home/airflow/.local/lib/python3.8/site-packages/airflow/example_dags/example_branch_operator.py took 0.591 seconds
[2024-03-29T11:33:10.786+0000] {processor.py:161} INFO - Started process (PID=119) to work on /home/airflow/.local/lib/python3.8/site-packages/airflow/example_dags/example_branch_operator.py
[2024-03-29T11:33:10.787+0000] {processor.py:830} INFO - Processing file /home/airflow/.local/lib/python3.8/site-packages/airflow/example_dags/example_branch_operator.py for tasks to queue
[2024-03-29T11:33:10.789+0000] {logging_mixin.py:188} INFO - [2024-03-29T11:33:10.788+0000] {dagbag.py:540} INFO - Filling up the DagBag from /home/airflow/.local/lib/python3.8/site-packages/airflow/example_dags/example_branch_operator.py
[2024-03-29T11:33:10.813+0000] {processor.py:840} INFO - DAG(s) 'example_branch_operator' retrieved from /home/airflow/.local/lib/python3.8/site-packages/airflow/example_dags/example_branch_operator.py
[2024-03-29T11:33:10.853+0000] {logging_mixin.py:188} INFO - [2024-03-29T11:33:10.852+0000] {dag.py:3047} INFO - Sync 1 DAGs
[2024-03-29T11:33:10.908+0000] {logging_mixin.py:188} INFO - [2024-03-29T11:33:10.908+0000] {dag.py:3834} INFO - Setting next_dagrun for example_branch_operator to 2024-03-28 00:00:00+00:00, run_after=2024-03-29 00:00:00+00:00
[2024-03-29T11:33:10.994+0000] {processor.py:183} INFO - Processing /home/airflow/.local/lib/python3.8/site-packages/airflow/example_dags/example_branch_operator.py took 0.212 seconds
[2024-03-29T11:33:41.715+0000] {processor.py:161} INFO - Started process (PID=174) to work on /home/airflow/.local/lib/python3.8/site-packages/airflow/example_dags/example_branch_operator.py
[2024-03-29T11:33:41.719+0000] {processor.py:830} INFO - Processing file /home/airflow/.local/lib/python3.8/site-packages/airflow/example_dags/example_branch_operator.py for tasks to queue
[2024-03-29T11:33:41.723+0000] {logging_mixin.py:188} INFO - [2024-03-29T11:33:41.723+0000] {dagbag.py:540} INFO - Filling up the DagBag from /home/airflow/.local/lib/python3.8/site-packages/airflow/example_dags/example_branch_operator.py
[2024-03-29T11:33:41.792+0000] {processor.py:840} INFO - DAG(s) 'example_branch_operator' retrieved from /home/airflow/.local/lib/python3.8/site-packages/airflow/example_dags/example_branch_operator.py
[2024-03-29T11:33:41.845+0000] {logging_mixin.py:188} INFO - [2024-03-29T11:33:41.844+0000] {dag.py:3047} INFO - Sync 1 DAGs
[2024-03-29T11:33:41.945+0000] {logging_mixin.py:188} INFO - [2024-03-29T11:33:41.944+0000] {dag.py:3834} INFO - Setting next_dagrun for example_branch_operator to 2024-03-28 00:00:00+00:00, run_after=2024-03-29 00:00:00+00:00
[2024-03-29T11:33:42.014+0000] {processor.py:183} INFO - Processing /home/airflow/.local/lib/python3.8/site-packages/airflow/example_dags/example_branch_operator.py took 0.303 seconds
[2024-03-29T11:34:12.441+0000] {processor.py:161} INFO - Started process (PID=229) to work on /home/airflow/.local/lib/python3.8/site-packages/airflow/example_dags/example_branch_operator.py
[2024-03-29T11:34:12.443+0000] {processor.py:830} INFO - Processing file /home/airflow/.local/lib/python3.8/site-packages/airflow/example_dags/example_branch_operator.py for tasks to queue
[2024-03-29T11:34:12.446+0000] {logging_mixin.py:188} INFO - [2024-03-29T11:34:12.446+0000] {dagbag.py:540} INFO - Filling up the DagBag from /home/airflow/.local/lib/python3.8/site-packages/airflow/example_dags/example_branch_operator.py
[2024-03-29T11:34:12.496+0000] {processor.py:840} INFO - DAG(s) 'example_branch_operator' retrieved from /home/airflow/.local/lib/python3.8/site-packages/airflow/example_dags/example_branch_operator.py
[2024-03-29T11:34:12.524+0000] {logging_mixin.py:188} INFO - [2024-03-29T11:34:12.523+0000] {dag.py:3047} INFO - Sync 1 DAGs
[2024-03-29T11:34:12.557+0000] {logging_mixin.py:188} INFO - [2024-03-29T11:34:12.556+0000] {dag.py:3834} INFO - Setting next_dagrun for example_branch_operator to 2024-03-28 00:00:00+00:00, run_after=2024-03-29 00:00:00+00:00
[2024-03-29T11:34:12.590+0000] {processor.py:183} INFO - Processing /home/airflow/.local/lib/python3.8/site-packages/airflow/example_dags/example_branch_operator.py took 0.157 seconds
[2024-03-29T11:34:43.415+0000] {processor.py:161} INFO - Started process (PID=285) to work on /home/airflow/.local/lib/python3.8/site-packages/airflow/example_dags/example_branch_operator.py
[2024-03-29T11:34:43.420+0000] {processor.py:830} INFO - Processing file /home/airflow/.local/lib/python3.8/site-packages/airflow/example_dags/example_branch_operator.py for tasks to queue
[2024-03-29T11:34:43.423+0000] {logging_mixin.py:188} INFO - [2024-03-29T11:34:43.423+0000] {dagbag.py:540} INFO - Filling up the DagBag from /home/airflow/.local/lib/python3.8/site-packages/airflow/example_dags/example_branch_operator.py
[2024-03-29T11:34:43.469+0000] {processor.py:840} INFO - DAG(s) 'example_branch_operator' retrieved from /home/airflow/.local/lib/python3.8/site-packages/airflow/example_dags/example_branch_operator.py
[2024-03-29T11:34:43.488+0000] {logging_mixin.py:188} INFO - [2024-03-29T11:34:43.487+0000] {dag.py:3047} INFO - Sync 1 DAGs
[2024-03-29T11:34:43.537+0000] {logging_mixin.py:188} INFO - [2024-03-29T11:34:43.536+0000] {dag.py:3834} INFO - Setting next_dagrun for example_branch_operator to 2024-03-28 00:00:00+00:00, run_after=2024-03-29 00:00:00+00:00
[2024-03-29T11:34:43.597+0000] {processor.py:183} INFO - Processing /home/airflow/.local/lib/python3.8/site-packages/airflow/example_dags/example_branch_operator.py took 0.185 seconds
[2024-03-29T11:35:14.512+0000] {processor.py:161} INFO - Started process (PID=340) to work on /home/airflow/.local/lib/python3.8/site-packages/airflow/example_dags/example_branch_operator.py
[2024-03-29T11:35:14.514+0000] {processor.py:830} INFO - Processing file /home/airflow/.local/lib/python3.8/site-packages/airflow/example_dags/example_branch_operator.py for tasks to queue
[2024-03-29T11:35:14.519+0000] {logging_mixin.py:188} INFO - [2024-03-29T11:35:14.518+0000] {dagbag.py:540} INFO - Filling up the DagBag from /home/airflow/.local/lib/python3.8/site-packages/airflow/example_dags/example_branch_operator.py
[2024-03-29T11:35:14.570+0000] {processor.py:840} INFO - DAG(s) 'example_branch_operator' retrieved from /home/airflow/.local/lib/python3.8/site-packages/airflow/example_dags/example_branch_operator.py
[2024-03-29T11:35:14.602+0000] {logging_mixin.py:188} INFO - [2024-03-29T11:35:14.599+0000] {dag.py:3047} INFO - Sync 1 DAGs
[2024-03-29T11:35:14.656+0000] {logging_mixin.py:188} INFO - [2024-03-29T11:35:14.653+0000] {dag.py:3834} INFO - Setting next_dagrun for example_branch_operator to 2024-03-28 00:00:00+00:00, run_after=2024-03-29 00:00:00+00:00
[2024-03-29T11:35:14.702+0000] {processor.py:183} INFO - Processing /home/airflow/.local/lib/python3.8/site-packages/airflow/example_dags/example_branch_operator.py took 0.192 seconds
[2024-03-29T11:35:45.328+0000] {processor.py:161} INFO - Started process (PID=396) to work on /home/airflow/.local/lib/python3.8/site-packages/airflow/example_dags/example_branch_operator.py
[2024-03-29T11:35:45.330+0000] {processor.py:830} INFO - Processing file /home/airflow/.local/lib/python3.8/site-packages/airflow/example_dags/example_branch_operator.py for tasks to queue
[2024-03-29T11:35:45.333+0000] {logging_mixin.py:188} INFO - [2024-03-29T11:35:45.332+0000] {dagbag.py:540} INFO - Filling up the DagBag from /home/airflow/.local/lib/python3.8/site-packages/airflow/example_dags/example_branch_operator.py
[2024-03-29T11:35:45.361+0000] {processor.py:840} INFO - DAG(s) 'example_branch_operator' retrieved from /home/airflow/.local/lib/python3.8/site-packages/airflow/example_dags/example_branch_operator.py
[2024-03-29T11:35:45.491+0000] {logging_mixin.py:188} INFO - [2024-03-29T11:35:45.490+0000] {dag.py:3047} INFO - Sync 1 DAGs
[2024-03-29T11:35:45.522+0000] {logging_mixin.py:188} INFO - [2024-03-29T11:35:45.522+0000] {dag.py:3834} INFO - Setting next_dagrun for example_branch_operator to 2024-03-28 00:00:00+00:00, run_after=2024-03-29 00:00:00+00:00
[2024-03-29T11:35:45.554+0000] {processor.py:183} INFO - Processing /home/airflow/.local/lib/python3.8/site-packages/airflow/example_dags/example_branch_operator.py took 0.232 seconds
[2024-03-29T11:36:15.594+0000] {processor.py:161} INFO - Started process (PID=452) to work on /home/airflow/.local/lib/python3.8/site-packages/airflow/example_dags/example_branch_operator.py
[2024-03-29T11:36:15.594+0000] {processor.py:830} INFO - Processing file /home/airflow/.local/lib/python3.8/site-packages/airflow/example_dags/example_branch_operator.py for tasks to queue
[2024-03-29T11:36:15.596+0000] {logging_mixin.py:188} INFO - [2024-03-29T11:36:15.596+0000] {dagbag.py:540} INFO - Filling up the DagBag from /home/airflow/.local/lib/python3.8/site-packages/airflow/example_dags/example_branch_operator.py
[2024-03-29T11:36:15.614+0000] {processor.py:840} INFO - DAG(s) 'example_branch_operator' retrieved from /home/airflow/.local/lib/python3.8/site-packages/airflow/example_dags/example_branch_operator.py
[2024-03-29T11:36:15.644+0000] {logging_mixin.py:188} INFO - [2024-03-29T11:36:15.643+0000] {dag.py:3047} INFO - Sync 1 DAGs
[2024-03-29T11:36:15.666+0000] {logging_mixin.py:188} INFO - [2024-03-29T11:36:15.666+0000] {dag.py:3834} INFO - Setting next_dagrun for example_branch_operator to 2024-03-28 00:00:00+00:00, run_after=2024-03-29 00:00:00+00:00
[2024-03-29T11:36:15.686+0000] {processor.py:183} INFO - Processing /home/airflow/.local/lib/python3.8/site-packages/airflow/example_dags/example_branch_operator.py took 0.095 seconds
[2024-03-29T11:36:46.359+0000] {processor.py:161} INFO - Started process (PID=508) to work on /home/airflow/.local/lib/python3.8/site-packages/airflow/example_dags/example_branch_operator.py
[2024-03-29T11:36:46.360+0000] {processor.py:830} INFO - Processing file /home/airflow/.local/lib/python3.8/site-packages/airflow/example_dags/example_branch_operator.py for tasks to queue
[2024-03-29T11:36:46.368+0000] {logging_mixin.py:188} INFO - [2024-03-29T11:36:46.367+0000] {dagbag.py:540} INFO - Filling up the DagBag from /home/airflow/.local/lib/python3.8/site-packages/airflow/example_dags/example_branch_operator.py
[2024-03-29T11:36:46.388+0000] {processor.py:840} INFO - DAG(s) 'example_branch_operator' retrieved from /home/airflow/.local/lib/python3.8/site-packages/airflow/example_dags/example_branch_operator.py
[2024-03-29T11:36:46.416+0000] {logging_mixin.py:188} INFO - [2024-03-29T11:36:46.415+0000] {dag.py:3047} INFO - Sync 1 DAGs
[2024-03-29T11:36:46.442+0000] {logging_mixin.py:188} INFO - [2024-03-29T11:36:46.442+0000] {dag.py:3834} INFO - Setting next_dagrun for example_branch_operator to 2024-03-28 00:00:00+00:00, run_after=2024-03-29 00:00:00+00:00
[2024-03-29T11:36:46.480+0000] {processor.py:183} INFO - Processing /home/airflow/.local/lib/python3.8/site-packages/airflow/example_dags/example_branch_operator.py took 0.123 seconds
[2024-03-29T11:37:16.987+0000] {processor.py:161} INFO - Started process (PID=564) to work on /home/airflow/.local/lib/python3.8/site-packages/airflow/example_dags/example_branch_operator.py
[2024-03-29T11:37:16.988+0000] {processor.py:830} INFO - Processing file /home/airflow/.local/lib/python3.8/site-packages/airflow/example_dags/example_branch_operator.py for tasks to queue
[2024-03-29T11:37:16.990+0000] {logging_mixin.py:188} INFO - [2024-03-29T11:37:16.989+0000] {dagbag.py:540} INFO - Filling up the DagBag from /home/airflow/.local/lib/python3.8/site-packages/airflow/example_dags/example_branch_operator.py
[2024-03-29T11:37:17.015+0000] {processor.py:840} INFO - DAG(s) 'example_branch_operator' retrieved from /home/airflow/.local/lib/python3.8/site-packages/airflow/example_dags/example_branch_operator.py
[2024-03-29T11:37:17.054+0000] {logging_mixin.py:188} INFO - [2024-03-29T11:37:17.054+0000] {dag.py:3047} INFO - Sync 1 DAGs
[2024-03-29T11:37:17.092+0000] {logging_mixin.py:188} INFO - [2024-03-29T11:37:17.092+0000] {dag.py:3834} INFO - Setting next_dagrun for example_branch_operator to 2024-03-28 00:00:00+00:00, run_after=2024-03-29 00:00:00+00:00
[2024-03-29T11:37:17.154+0000] {processor.py:183} INFO - Processing /home/airflow/.local/lib/python3.8/site-packages/airflow/example_dags/example_branch_operator.py took 0.171 seconds
[2024-03-29T11:37:47.987+0000] {processor.py:161} INFO - Started process (PID=621) to work on /home/airflow/.local/lib/python3.8/site-packages/airflow/example_dags/example_branch_operator.py
[2024-03-29T11:37:47.988+0000] {processor.py:830} INFO - Processing file /home/airflow/.local/lib/python3.8/site-packages/airflow/example_dags/example_branch_operator.py for tasks to queue
[2024-03-29T11:37:47.990+0000] {logging_mixin.py:188} INFO - [2024-03-29T11:37:47.990+0000] {dagbag.py:540} INFO - Filling up the DagBag from /home/airflow/.local/lib/python3.8/site-packages/airflow/example_dags/example_branch_operator.py
[2024-03-29T11:37:48.008+0000] {processor.py:840} INFO - DAG(s) 'example_branch_operator' retrieved from /home/airflow/.local/lib/python3.8/site-packages/airflow/example_dags/example_branch_operator.py
[2024-03-29T11:37:48.036+0000] {logging_mixin.py:188} INFO - [2024-03-29T11:37:48.036+0000] {dag.py:3047} INFO - Sync 1 DAGs
[2024-03-29T11:37:48.058+0000] {logging_mixin.py:188} INFO - [2024-03-29T11:37:48.058+0000] {dag.py:3834} INFO - Setting next_dagrun for example_branch_operator to 2024-03-28 00:00:00+00:00, run_after=2024-03-29 00:00:00+00:00
[2024-03-29T11:37:48.077+0000] {processor.py:183} INFO - Processing /home/airflow/.local/lib/python3.8/site-packages/airflow/example_dags/example_branch_operator.py took 0.092 seconds
[2024-03-29T11:40:13.808+0000] {processor.py:161} INFO - Started process (PID=63) to work on /home/airflow/.local/lib/python3.8/site-packages/airflow/example_dags/example_branch_operator.py
[2024-03-29T11:40:13.816+0000] {processor.py:830} INFO - Processing file /home/airflow/.local/lib/python3.8/site-packages/airflow/example_dags/example_branch_operator.py for tasks to queue
[2024-03-29T11:40:13.817+0000] {logging_mixin.py:188} INFO - [2024-03-29T11:40:13.817+0000] {dagbag.py:540} INFO - Filling up the DagBag from /home/airflow/.local/lib/python3.8/site-packages/airflow/example_dags/example_branch_operator.py
[2024-03-29T11:40:13.847+0000] {processor.py:840} INFO - DAG(s) 'example_branch_operator' retrieved from /home/airflow/.local/lib/python3.8/site-packages/airflow/example_dags/example_branch_operator.py
[2024-03-29T11:40:14.109+0000] {logging_mixin.py:188} INFO - [2024-03-29T11:40:14.108+0000] {dag.py:3047} INFO - Sync 1 DAGs
[2024-03-29T11:40:14.158+0000] {logging_mixin.py:188} INFO - [2024-03-29T11:40:14.158+0000] {dag.py:3834} INFO - Setting next_dagrun for example_branch_operator to 2024-03-28 00:00:00+00:00, run_after=2024-03-29 00:00:00+00:00
[2024-03-29T11:40:14.218+0000] {processor.py:183} INFO - Processing /home/airflow/.local/lib/python3.8/site-packages/airflow/example_dags/example_branch_operator.py took 0.419 seconds
[2024-03-29T11:40:44.792+0000] {processor.py:161} INFO - Started process (PID=118) to work on /home/airflow/.local/lib/python3.8/site-packages/airflow/example_dags/example_branch_operator.py
[2024-03-29T11:40:44.800+0000] {processor.py:830} INFO - Processing file /home/airflow/.local/lib/python3.8/site-packages/airflow/example_dags/example_branch_operator.py for tasks to queue
[2024-03-29T11:40:44.804+0000] {logging_mixin.py:188} INFO - [2024-03-29T11:40:44.803+0000] {dagbag.py:540} INFO - Filling up the DagBag from /home/airflow/.local/lib/python3.8/site-packages/airflow/example_dags/example_branch_operator.py
[2024-03-29T11:40:44.829+0000] {processor.py:840} INFO - DAG(s) 'example_branch_operator' retrieved from /home/airflow/.local/lib/python3.8/site-packages/airflow/example_dags/example_branch_operator.py
[2024-03-29T11:40:44.871+0000] {logging_mixin.py:188} INFO - [2024-03-29T11:40:44.871+0000] {dag.py:3047} INFO - Sync 1 DAGs
[2024-03-29T11:40:44.909+0000] {logging_mixin.py:188} INFO - [2024-03-29T11:40:44.908+0000] {dag.py:3834} INFO - Setting next_dagrun for example_branch_operator to 2024-03-28 00:00:00+00:00, run_after=2024-03-29 00:00:00+00:00
[2024-03-29T11:40:44.930+0000] {processor.py:183} INFO - Processing /home/airflow/.local/lib/python3.8/site-packages/airflow/example_dags/example_branch_operator.py took 0.142 seconds
[2024-03-29T11:41:22.899+0000] {processor.py:161} INFO - Started process (PID=181) to work on /home/airflow/.local/lib/python3.8/site-packages/airflow/example_dags/example_branch_operator.py
[2024-03-29T11:41:22.904+0000] {processor.py:830} INFO - Processing file /home/airflow/.local/lib/python3.8/site-packages/airflow/example_dags/example_branch_operator.py for tasks to queue
[2024-03-29T11:41:22.908+0000] {logging_mixin.py:188} INFO - [2024-03-29T11:41:22.907+0000] {dagbag.py:540} INFO - Filling up the DagBag from /home/airflow/.local/lib/python3.8/site-packages/airflow/example_dags/example_branch_operator.py
[2024-03-29T11:41:23.047+0000] {processor.py:840} INFO - DAG(s) 'example_branch_operator' retrieved from /home/airflow/.local/lib/python3.8/site-packages/airflow/example_dags/example_branch_operator.py
[2024-03-29T11:41:23.350+0000] {logging_mixin.py:188} INFO - [2024-03-29T11:41:23.341+0000] {dag.py:3047} INFO - Sync 1 DAGs
[2024-03-29T11:41:23.541+0000] {logging_mixin.py:188} INFO - [2024-03-29T11:41:23.540+0000] {dag.py:3834} INFO - Setting next_dagrun for example_branch_operator to 2024-03-28 00:00:00+00:00, run_after=2024-03-29 00:00:00+00:00
[2024-03-29T11:41:23.780+0000] {processor.py:183} INFO - Processing /home/airflow/.local/lib/python3.8/site-packages/airflow/example_dags/example_branch_operator.py took 0.889 seconds
[2024-03-29T11:41:55.451+0000] {processor.py:161} INFO - Started process (PID=237) to work on /home/airflow/.local/lib/python3.8/site-packages/airflow/example_dags/example_branch_operator.py
[2024-03-29T11:41:55.455+0000] {processor.py:830} INFO - Processing file /home/airflow/.local/lib/python3.8/site-packages/airflow/example_dags/example_branch_operator.py for tasks to queue
[2024-03-29T11:41:55.464+0000] {logging_mixin.py:188} INFO - [2024-03-29T11:41:55.462+0000] {dagbag.py:540} INFO - Filling up the DagBag from /home/airflow/.local/lib/python3.8/site-packages/airflow/example_dags/example_branch_operator.py
[2024-03-29T11:41:55.717+0000] {processor.py:840} INFO - DAG(s) 'example_branch_operator' retrieved from /home/airflow/.local/lib/python3.8/site-packages/airflow/example_dags/example_branch_operator.py
[2024-03-29T11:41:56.014+0000] {logging_mixin.py:188} INFO - [2024-03-29T11:41:56.013+0000] {dag.py:3047} INFO - Sync 1 DAGs
[2024-03-29T11:41:56.197+0000] {logging_mixin.py:188} INFO - [2024-03-29T11:41:56.196+0000] {dag.py:3834} INFO - Setting next_dagrun for example_branch_operator to 2024-03-28 00:00:00+00:00, run_after=2024-03-29 00:00:00+00:00
[2024-03-29T11:41:56.527+0000] {processor.py:183} INFO - Processing /home/airflow/.local/lib/python3.8/site-packages/airflow/example_dags/example_branch_operator.py took 1.089 seconds
[2024-03-29T11:42:27.585+0000] {processor.py:161} INFO - Started process (PID=293) to work on /home/airflow/.local/lib/python3.8/site-packages/airflow/example_dags/example_branch_operator.py
[2024-03-29T11:42:27.587+0000] {processor.py:830} INFO - Processing file /home/airflow/.local/lib/python3.8/site-packages/airflow/example_dags/example_branch_operator.py for tasks to queue
[2024-03-29T11:42:27.608+0000] {logging_mixin.py:188} INFO - [2024-03-29T11:42:27.601+0000] {dagbag.py:540} INFO - Filling up the DagBag from /home/airflow/.local/lib/python3.8/site-packages/airflow/example_dags/example_branch_operator.py
[2024-03-29T11:42:27.817+0000] {processor.py:840} INFO - DAG(s) 'example_branch_operator' retrieved from /home/airflow/.local/lib/python3.8/site-packages/airflow/example_dags/example_branch_operator.py
[2024-03-29T11:42:28.109+0000] {logging_mixin.py:188} INFO - [2024-03-29T11:42:28.101+0000] {dag.py:3047} INFO - Sync 1 DAGs
[2024-03-29T11:42:28.337+0000] {logging_mixin.py:188} INFO - [2024-03-29T11:42:28.336+0000] {dag.py:3834} INFO - Setting next_dagrun for example_branch_operator to 2024-03-28 00:00:00+00:00, run_after=2024-03-29 00:00:00+00:00
[2024-03-29T11:42:28.556+0000] {processor.py:183} INFO - Processing /home/airflow/.local/lib/python3.8/site-packages/airflow/example_dags/example_branch_operator.py took 1.004 seconds
[2024-03-29T11:42:58.770+0000] {processor.py:161} INFO - Started process (PID=349) to work on /home/airflow/.local/lib/python3.8/site-packages/airflow/example_dags/example_branch_operator.py
[2024-03-29T11:42:58.771+0000] {processor.py:830} INFO - Processing file /home/airflow/.local/lib/python3.8/site-packages/airflow/example_dags/example_branch_operator.py for tasks to queue
[2024-03-29T11:42:58.778+0000] {logging_mixin.py:188} INFO - [2024-03-29T11:42:58.777+0000] {dagbag.py:540} INFO - Filling up the DagBag from /home/airflow/.local/lib/python3.8/site-packages/airflow/example_dags/example_branch_operator.py
[2024-03-29T11:42:58.839+0000] {processor.py:840} INFO - DAG(s) 'example_branch_operator' retrieved from /home/airflow/.local/lib/python3.8/site-packages/airflow/example_dags/example_branch_operator.py
[2024-03-29T11:42:58.906+0000] {logging_mixin.py:188} INFO - [2024-03-29T11:42:58.905+0000] {dag.py:3047} INFO - Sync 1 DAGs
[2024-03-29T11:42:58.937+0000] {logging_mixin.py:188} INFO - [2024-03-29T11:42:58.937+0000] {dag.py:3834} INFO - Setting next_dagrun for example_branch_operator to 2024-03-28 00:00:00+00:00, run_after=2024-03-29 00:00:00+00:00
[2024-03-29T11:42:58.990+0000] {processor.py:183} INFO - Processing /home/airflow/.local/lib/python3.8/site-packages/airflow/example_dags/example_branch_operator.py took 0.222 seconds
[2024-03-29T11:43:29.080+0000] {processor.py:161} INFO - Started process (PID=404) to work on /home/airflow/.local/lib/python3.8/site-packages/airflow/example_dags/example_branch_operator.py
[2024-03-29T11:43:29.081+0000] {processor.py:830} INFO - Processing file /home/airflow/.local/lib/python3.8/site-packages/airflow/example_dags/example_branch_operator.py for tasks to queue
[2024-03-29T11:43:29.084+0000] {logging_mixin.py:188} INFO - [2024-03-29T11:43:29.083+0000] {dagbag.py:540} INFO - Filling up the DagBag from /home/airflow/.local/lib/python3.8/site-packages/airflow/example_dags/example_branch_operator.py
[2024-03-29T11:43:29.112+0000] {processor.py:840} INFO - DAG(s) 'example_branch_operator' retrieved from /home/airflow/.local/lib/python3.8/site-packages/airflow/example_dags/example_branch_operator.py
[2024-03-29T11:43:29.150+0000] {logging_mixin.py:188} INFO - [2024-03-29T11:43:29.150+0000] {dag.py:3047} INFO - Sync 1 DAGs
[2024-03-29T11:43:29.176+0000] {logging_mixin.py:188} INFO - [2024-03-29T11:43:29.175+0000] {dag.py:3834} INFO - Setting next_dagrun for example_branch_operator to 2024-03-28 00:00:00+00:00, run_after=2024-03-29 00:00:00+00:00
[2024-03-29T11:43:29.219+0000] {processor.py:183} INFO - Processing /home/airflow/.local/lib/python3.8/site-packages/airflow/example_dags/example_branch_operator.py took 0.144 seconds
[2024-03-29T11:43:59.355+0000] {processor.py:161} INFO - Started process (PID=460) to work on /home/airflow/.local/lib/python3.8/site-packages/airflow/example_dags/example_branch_operator.py
[2024-03-29T11:43:59.356+0000] {processor.py:830} INFO - Processing file /home/airflow/.local/lib/python3.8/site-packages/airflow/example_dags/example_branch_operator.py for tasks to queue
[2024-03-29T11:43:59.358+0000] {logging_mixin.py:188} INFO - [2024-03-29T11:43:59.357+0000] {dagbag.py:540} INFO - Filling up the DagBag from /home/airflow/.local/lib/python3.8/site-packages/airflow/example_dags/example_branch_operator.py
[2024-03-29T11:43:59.375+0000] {processor.py:840} INFO - DAG(s) 'example_branch_operator' retrieved from /home/airflow/.local/lib/python3.8/site-packages/airflow/example_dags/example_branch_operator.py
[2024-03-29T11:43:59.406+0000] {logging_mixin.py:188} INFO - [2024-03-29T11:43:59.405+0000] {dag.py:3047} INFO - Sync 1 DAGs
[2024-03-29T11:43:59.436+0000] {logging_mixin.py:188} INFO - [2024-03-29T11:43:59.436+0000] {dag.py:3834} INFO - Setting next_dagrun for example_branch_operator to 2024-03-28 00:00:00+00:00, run_after=2024-03-29 00:00:00+00:00
[2024-03-29T11:43:59.455+0000] {processor.py:183} INFO - Processing /home/airflow/.local/lib/python3.8/site-packages/airflow/example_dags/example_branch_operator.py took 0.103 seconds
[2024-03-29T11:44:30.213+0000] {processor.py:161} INFO - Started process (PID=516) to work on /home/airflow/.local/lib/python3.8/site-packages/airflow/example_dags/example_branch_operator.py
[2024-03-29T11:44:30.215+0000] {processor.py:830} INFO - Processing file /home/airflow/.local/lib/python3.8/site-packages/airflow/example_dags/example_branch_operator.py for tasks to queue
[2024-03-29T11:44:30.217+0000] {logging_mixin.py:188} INFO - [2024-03-29T11:44:30.217+0000] {dagbag.py:540} INFO - Filling up the DagBag from /home/airflow/.local/lib/python3.8/site-packages/airflow/example_dags/example_branch_operator.py
[2024-03-29T11:44:30.243+0000] {processor.py:840} INFO - DAG(s) 'example_branch_operator' retrieved from /home/airflow/.local/lib/python3.8/site-packages/airflow/example_dags/example_branch_operator.py
[2024-03-29T11:44:30.283+0000] {logging_mixin.py:188} INFO - [2024-03-29T11:44:30.282+0000] {dag.py:3047} INFO - Sync 1 DAGs
[2024-03-29T11:44:30.308+0000] {logging_mixin.py:188} INFO - [2024-03-29T11:44:30.308+0000] {dag.py:3834} INFO - Setting next_dagrun for example_branch_operator to 2024-03-28 00:00:00+00:00, run_after=2024-03-29 00:00:00+00:00
[2024-03-29T11:44:30.401+0000] {processor.py:183} INFO - Processing /home/airflow/.local/lib/python3.8/site-packages/airflow/example_dags/example_branch_operator.py took 0.195 seconds
[2024-03-29T11:45:00.691+0000] {processor.py:161} INFO - Started process (PID=572) to work on /home/airflow/.local/lib/python3.8/site-packages/airflow/example_dags/example_branch_operator.py
[2024-03-29T11:45:00.692+0000] {processor.py:830} INFO - Processing file /home/airflow/.local/lib/python3.8/site-packages/airflow/example_dags/example_branch_operator.py for tasks to queue
[2024-03-29T11:45:00.695+0000] {logging_mixin.py:188} INFO - [2024-03-29T11:45:00.695+0000] {dagbag.py:540} INFO - Filling up the DagBag from /home/airflow/.local/lib/python3.8/site-packages/airflow/example_dags/example_branch_operator.py
[2024-03-29T11:45:00.718+0000] {processor.py:840} INFO - DAG(s) 'example_branch_operator' retrieved from /home/airflow/.local/lib/python3.8/site-packages/airflow/example_dags/example_branch_operator.py
[2024-03-29T11:45:00.799+0000] {logging_mixin.py:188} INFO - [2024-03-29T11:45:00.798+0000] {dag.py:3047} INFO - Sync 1 DAGs
[2024-03-29T11:45:00.860+0000] {logging_mixin.py:188} INFO - [2024-03-29T11:45:00.860+0000] {dag.py:3834} INFO - Setting next_dagrun for example_branch_operator to 2024-03-28 00:00:00+00:00, run_after=2024-03-29 00:00:00+00:00
[2024-03-29T11:45:00.887+0000] {processor.py:183} INFO - Processing /home/airflow/.local/lib/python3.8/site-packages/airflow/example_dags/example_branch_operator.py took 0.200 seconds
[2024-03-29T11:45:31.295+0000] {processor.py:161} INFO - Started process (PID=628) to work on /home/airflow/.local/lib/python3.8/site-packages/airflow/example_dags/example_branch_operator.py
[2024-03-29T11:45:31.297+0000] {processor.py:830} INFO - Processing file /home/airflow/.local/lib/python3.8/site-packages/airflow/example_dags/example_branch_operator.py for tasks to queue
[2024-03-29T11:45:31.299+0000] {logging_mixin.py:188} INFO - [2024-03-29T11:45:31.298+0000] {dagbag.py:540} INFO - Filling up the DagBag from /home/airflow/.local/lib/python3.8/site-packages/airflow/example_dags/example_branch_operator.py
[2024-03-29T11:45:31.320+0000] {processor.py:840} INFO - DAG(s) 'example_branch_operator' retrieved from /home/airflow/.local/lib/python3.8/site-packages/airflow/example_dags/example_branch_operator.py
[2024-03-29T11:45:31.363+0000] {logging_mixin.py:188} INFO - [2024-03-29T11:45:31.362+0000] {dag.py:3047} INFO - Sync 1 DAGs
[2024-03-29T11:45:31.393+0000] {logging_mixin.py:188} INFO - [2024-03-29T11:45:31.393+0000] {dag.py:3834} INFO - Setting next_dagrun for example_branch_operator to 2024-03-28 00:00:00+00:00, run_after=2024-03-29 00:00:00+00:00
[2024-03-29T11:45:31.418+0000] {processor.py:183} INFO - Processing /home/airflow/.local/lib/python3.8/site-packages/airflow/example_dags/example_branch_operator.py took 0.127 seconds
[2024-03-29T11:46:01.907+0000] {processor.py:161} INFO - Started process (PID=684) to work on /home/airflow/.local/lib/python3.8/site-packages/airflow/example_dags/example_branch_operator.py
[2024-03-29T11:46:01.918+0000] {processor.py:830} INFO - Processing file /home/airflow/.local/lib/python3.8/site-packages/airflow/example_dags/example_branch_operator.py for tasks to queue
[2024-03-29T11:46:01.921+0000] {logging_mixin.py:188} INFO - [2024-03-29T11:46:01.921+0000] {dagbag.py:540} INFO - Filling up the DagBag from /home/airflow/.local/lib/python3.8/site-packages/airflow/example_dags/example_branch_operator.py
[2024-03-29T11:46:01.969+0000] {processor.py:840} INFO - DAG(s) 'example_branch_operator' retrieved from /home/airflow/.local/lib/python3.8/site-packages/airflow/example_dags/example_branch_operator.py
[2024-03-29T11:46:02.010+0000] {logging_mixin.py:188} INFO - [2024-03-29T11:46:02.009+0000] {dag.py:3047} INFO - Sync 1 DAGs
[2024-03-29T11:46:02.052+0000] {logging_mixin.py:188} INFO - [2024-03-29T11:46:02.051+0000] {dag.py:3834} INFO - Setting next_dagrun for example_branch_operator to 2024-03-28 00:00:00+00:00, run_after=2024-03-29 00:00:00+00:00
[2024-03-29T11:46:02.103+0000] {processor.py:183} INFO - Processing /home/airflow/.local/lib/python3.8/site-packages/airflow/example_dags/example_branch_operator.py took 0.201 seconds
[2024-03-29T11:46:32.263+0000] {processor.py:161} INFO - Started process (PID=739) to work on /home/airflow/.local/lib/python3.8/site-packages/airflow/example_dags/example_branch_operator.py
[2024-03-29T11:46:32.264+0000] {processor.py:830} INFO - Processing file /home/airflow/.local/lib/python3.8/site-packages/airflow/example_dags/example_branch_operator.py for tasks to queue
[2024-03-29T11:46:32.266+0000] {logging_mixin.py:188} INFO - [2024-03-29T11:46:32.266+0000] {dagbag.py:540} INFO - Filling up the DagBag from /home/airflow/.local/lib/python3.8/site-packages/airflow/example_dags/example_branch_operator.py
[2024-03-29T11:46:32.331+0000] {processor.py:840} INFO - DAG(s) 'example_branch_operator' retrieved from /home/airflow/.local/lib/python3.8/site-packages/airflow/example_dags/example_branch_operator.py
[2024-03-29T11:46:32.389+0000] {logging_mixin.py:188} INFO - [2024-03-29T11:46:32.388+0000] {dag.py:3047} INFO - Sync 1 DAGs
[2024-03-29T11:46:32.415+0000] {logging_mixin.py:188} INFO - [2024-03-29T11:46:32.415+0000] {dag.py:3834} INFO - Setting next_dagrun for example_branch_operator to 2024-03-28 00:00:00+00:00, run_after=2024-03-29 00:00:00+00:00
[2024-03-29T11:46:32.444+0000] {processor.py:183} INFO - Processing /home/airflow/.local/lib/python3.8/site-packages/airflow/example_dags/example_branch_operator.py took 0.193 seconds
[2024-03-29T11:47:02.657+0000] {processor.py:161} INFO - Started process (PID=795) to work on /home/airflow/.local/lib/python3.8/site-packages/airflow/example_dags/example_branch_operator.py
[2024-03-29T11:47:02.658+0000] {processor.py:830} INFO - Processing file /home/airflow/.local/lib/python3.8/site-packages/airflow/example_dags/example_branch_operator.py for tasks to queue
[2024-03-29T11:47:02.660+0000] {logging_mixin.py:188} INFO - [2024-03-29T11:47:02.660+0000] {dagbag.py:540} INFO - Filling up the DagBag from /home/airflow/.local/lib/python3.8/site-packages/airflow/example_dags/example_branch_operator.py
[2024-03-29T11:47:02.677+0000] {processor.py:840} INFO - DAG(s) 'example_branch_operator' retrieved from /home/airflow/.local/lib/python3.8/site-packages/airflow/example_dags/example_branch_operator.py
[2024-03-29T11:47:02.705+0000] {logging_mixin.py:188} INFO - [2024-03-29T11:47:02.704+0000] {dag.py:3047} INFO - Sync 1 DAGs
[2024-03-29T11:47:02.730+0000] {logging_mixin.py:188} INFO - [2024-03-29T11:47:02.730+0000] {dag.py:3834} INFO - Setting next_dagrun for example_branch_operator to 2024-03-28 00:00:00+00:00, run_after=2024-03-29 00:00:00+00:00
[2024-03-29T11:47:02.759+0000] {processor.py:183} INFO - Processing /home/airflow/.local/lib/python3.8/site-packages/airflow/example_dags/example_branch_operator.py took 0.105 seconds
[2024-03-29T11:47:33.069+0000] {processor.py:161} INFO - Started process (PID=852) to work on /home/airflow/.local/lib/python3.8/site-packages/airflow/example_dags/example_branch_operator.py
[2024-03-29T11:47:33.071+0000] {processor.py:830} INFO - Processing file /home/airflow/.local/lib/python3.8/site-packages/airflow/example_dags/example_branch_operator.py for tasks to queue
[2024-03-29T11:47:33.075+0000] {logging_mixin.py:188} INFO - [2024-03-29T11:47:33.074+0000] {dagbag.py:540} INFO - Filling up the DagBag from /home/airflow/.local/lib/python3.8/site-packages/airflow/example_dags/example_branch_operator.py
[2024-03-29T11:47:33.105+0000] {processor.py:840} INFO - DAG(s) 'example_branch_operator' retrieved from /home/airflow/.local/lib/python3.8/site-packages/airflow/example_dags/example_branch_operator.py
[2024-03-29T11:47:33.178+0000] {logging_mixin.py:188} INFO - [2024-03-29T11:47:33.177+0000] {dag.py:3047} INFO - Sync 1 DAGs
[2024-03-29T11:47:33.250+0000] {logging_mixin.py:188} INFO - [2024-03-29T11:47:33.250+0000] {dag.py:3834} INFO - Setting next_dagrun for example_branch_operator to 2024-03-28 00:00:00+00:00, run_after=2024-03-29 00:00:00+00:00
[2024-03-29T11:47:33.304+0000] {processor.py:183} INFO - Processing /home/airflow/.local/lib/python3.8/site-packages/airflow/example_dags/example_branch_operator.py took 0.238 seconds
[2024-03-29T11:48:03.731+0000] {processor.py:161} INFO - Started process (PID=908) to work on /home/airflow/.local/lib/python3.8/site-packages/airflow/example_dags/example_branch_operator.py
[2024-03-29T11:48:03.732+0000] {processor.py:830} INFO - Processing file /home/airflow/.local/lib/python3.8/site-packages/airflow/example_dags/example_branch_operator.py for tasks to queue
[2024-03-29T11:48:03.734+0000] {logging_mixin.py:188} INFO - [2024-03-29T11:48:03.734+0000] {dagbag.py:540} INFO - Filling up the DagBag from /home/airflow/.local/lib/python3.8/site-packages/airflow/example_dags/example_branch_operator.py
[2024-03-29T11:48:03.760+0000] {processor.py:840} INFO - DAG(s) 'example_branch_operator' retrieved from /home/airflow/.local/lib/python3.8/site-packages/airflow/example_dags/example_branch_operator.py
[2024-03-29T11:48:03.816+0000] {logging_mixin.py:188} INFO - [2024-03-29T11:48:03.815+0000] {dag.py:3047} INFO - Sync 1 DAGs
[2024-03-29T11:48:03.847+0000] {logging_mixin.py:188} INFO - [2024-03-29T11:48:03.847+0000] {dag.py:3834} INFO - Setting next_dagrun for example_branch_operator to 2024-03-28 00:00:00+00:00, run_after=2024-03-29 00:00:00+00:00
[2024-03-29T11:48:03.872+0000] {processor.py:183} INFO - Processing /home/airflow/.local/lib/python3.8/site-packages/airflow/example_dags/example_branch_operator.py took 0.144 seconds
[2024-03-29T11:48:34.072+0000] {processor.py:161} INFO - Started process (PID=963) to work on /home/airflow/.local/lib/python3.8/site-packages/airflow/example_dags/example_branch_operator.py
[2024-03-29T11:48:34.073+0000] {processor.py:830} INFO - Processing file /home/airflow/.local/lib/python3.8/site-packages/airflow/example_dags/example_branch_operator.py for tasks to queue
[2024-03-29T11:48:34.080+0000] {logging_mixin.py:188} INFO - [2024-03-29T11:48:34.079+0000] {dagbag.py:540} INFO - Filling up the DagBag from /home/airflow/.local/lib/python3.8/site-packages/airflow/example_dags/example_branch_operator.py
[2024-03-29T11:48:34.098+0000] {processor.py:840} INFO - DAG(s) 'example_branch_operator' retrieved from /home/airflow/.local/lib/python3.8/site-packages/airflow/example_dags/example_branch_operator.py
[2024-03-29T11:48:34.135+0000] {logging_mixin.py:188} INFO - [2024-03-29T11:48:34.134+0000] {dag.py:3047} INFO - Sync 1 DAGs
[2024-03-29T11:48:34.157+0000] {logging_mixin.py:188} INFO - [2024-03-29T11:48:34.157+0000] {dag.py:3834} INFO - Setting next_dagrun for example_branch_operator to 2024-03-28 00:00:00+00:00, run_after=2024-03-29 00:00:00+00:00
[2024-03-29T11:48:34.177+0000] {processor.py:183} INFO - Processing /home/airflow/.local/lib/python3.8/site-packages/airflow/example_dags/example_branch_operator.py took 0.108 seconds
[2024-03-29T11:49:04.297+0000] {processor.py:161} INFO - Started process (PID=1019) to work on /home/airflow/.local/lib/python3.8/site-packages/airflow/example_dags/example_branch_operator.py
[2024-03-29T11:49:04.298+0000] {processor.py:830} INFO - Processing file /home/airflow/.local/lib/python3.8/site-packages/airflow/example_dags/example_branch_operator.py for tasks to queue
[2024-03-29T11:49:04.300+0000] {logging_mixin.py:188} INFO - [2024-03-29T11:49:04.300+0000] {dagbag.py:540} INFO - Filling up the DagBag from /home/airflow/.local/lib/python3.8/site-packages/airflow/example_dags/example_branch_operator.py
[2024-03-29T11:49:04.324+0000] {processor.py:840} INFO - DAG(s) 'example_branch_operator' retrieved from /home/airflow/.local/lib/python3.8/site-packages/airflow/example_dags/example_branch_operator.py
[2024-03-29T11:49:04.358+0000] {logging_mixin.py:188} INFO - [2024-03-29T11:49:04.357+0000] {dag.py:3047} INFO - Sync 1 DAGs
[2024-03-29T11:49:04.399+0000] {logging_mixin.py:188} INFO - [2024-03-29T11:49:04.399+0000] {dag.py:3834} INFO - Setting next_dagrun for example_branch_operator to 2024-03-28 00:00:00+00:00, run_after=2024-03-29 00:00:00+00:00
[2024-03-29T11:49:04.447+0000] {processor.py:183} INFO - Processing /home/airflow/.local/lib/python3.8/site-packages/airflow/example_dags/example_branch_operator.py took 0.154 seconds
[2024-03-29T11:49:35.366+0000] {processor.py:161} INFO - Started process (PID=1074) to work on /home/airflow/.local/lib/python3.8/site-packages/airflow/example_dags/example_branch_operator.py
[2024-03-29T11:49:35.367+0000] {processor.py:830} INFO - Processing file /home/airflow/.local/lib/python3.8/site-packages/airflow/example_dags/example_branch_operator.py for tasks to queue
[2024-03-29T11:49:35.369+0000] {logging_mixin.py:188} INFO - [2024-03-29T11:49:35.368+0000] {dagbag.py:540} INFO - Filling up the DagBag from /home/airflow/.local/lib/python3.8/site-packages/airflow/example_dags/example_branch_operator.py
[2024-03-29T11:49:35.398+0000] {processor.py:840} INFO - DAG(s) 'example_branch_operator' retrieved from /home/airflow/.local/lib/python3.8/site-packages/airflow/example_dags/example_branch_operator.py
[2024-03-29T11:49:35.479+0000] {logging_mixin.py:188} INFO - [2024-03-29T11:49:35.479+0000] {dag.py:3047} INFO - Sync 1 DAGs
[2024-03-29T11:49:35.514+0000] {logging_mixin.py:188} INFO - [2024-03-29T11:49:35.514+0000] {dag.py:3834} INFO - Setting next_dagrun for example_branch_operator to 2024-03-28 00:00:00+00:00, run_after=2024-03-29 00:00:00+00:00
[2024-03-29T11:49:35.579+0000] {processor.py:183} INFO - Processing /home/airflow/.local/lib/python3.8/site-packages/airflow/example_dags/example_branch_operator.py took 0.217 seconds
[2024-03-29T11:50:05.809+0000] {processor.py:161} INFO - Started process (PID=1130) to work on /home/airflow/.local/lib/python3.8/site-packages/airflow/example_dags/example_branch_operator.py
[2024-03-29T11:50:05.810+0000] {processor.py:830} INFO - Processing file /home/airflow/.local/lib/python3.8/site-packages/airflow/example_dags/example_branch_operator.py for tasks to queue
[2024-03-29T11:50:05.812+0000] {logging_mixin.py:188} INFO - [2024-03-29T11:50:05.811+0000] {dagbag.py:540} INFO - Filling up the DagBag from /home/airflow/.local/lib/python3.8/site-packages/airflow/example_dags/example_branch_operator.py
[2024-03-29T11:50:05.835+0000] {processor.py:840} INFO - DAG(s) 'example_branch_operator' retrieved from /home/airflow/.local/lib/python3.8/site-packages/airflow/example_dags/example_branch_operator.py
[2024-03-29T11:50:05.871+0000] {logging_mixin.py:188} INFO - [2024-03-29T11:50:05.870+0000] {dag.py:3047} INFO - Sync 1 DAGs
[2024-03-29T11:50:05.894+0000] {logging_mixin.py:188} INFO - [2024-03-29T11:50:05.894+0000] {dag.py:3834} INFO - Setting next_dagrun for example_branch_operator to 2024-03-28 00:00:00+00:00, run_after=2024-03-29 00:00:00+00:00
[2024-03-29T11:50:05.944+0000] {processor.py:183} INFO - Processing /home/airflow/.local/lib/python3.8/site-packages/airflow/example_dags/example_branch_operator.py took 0.138 seconds
[2024-03-29T11:50:36.186+0000] {processor.py:161} INFO - Started process (PID=1185) to work on /home/airflow/.local/lib/python3.8/site-packages/airflow/example_dags/example_branch_operator.py
[2024-03-29T11:50:36.187+0000] {processor.py:830} INFO - Processing file /home/airflow/.local/lib/python3.8/site-packages/airflow/example_dags/example_branch_operator.py for tasks to queue
[2024-03-29T11:50:36.189+0000] {logging_mixin.py:188} INFO - [2024-03-29T11:50:36.189+0000] {dagbag.py:540} INFO - Filling up the DagBag from /home/airflow/.local/lib/python3.8/site-packages/airflow/example_dags/example_branch_operator.py
[2024-03-29T11:50:36.207+0000] {processor.py:840} INFO - DAG(s) 'example_branch_operator' retrieved from /home/airflow/.local/lib/python3.8/site-packages/airflow/example_dags/example_branch_operator.py
[2024-03-29T11:50:36.235+0000] {logging_mixin.py:188} INFO - [2024-03-29T11:50:36.234+0000] {dag.py:3047} INFO - Sync 1 DAGs
[2024-03-29T11:50:36.268+0000] {logging_mixin.py:188} INFO - [2024-03-29T11:50:36.267+0000] {dag.py:3834} INFO - Setting next_dagrun for example_branch_operator to 2024-03-28 00:00:00+00:00, run_after=2024-03-29 00:00:00+00:00
[2024-03-29T11:50:36.300+0000] {processor.py:183} INFO - Processing /home/airflow/.local/lib/python3.8/site-packages/airflow/example_dags/example_branch_operator.py took 0.117 seconds
[2024-03-29T11:51:07.026+0000] {processor.py:161} INFO - Started process (PID=1242) to work on /home/airflow/.local/lib/python3.8/site-packages/airflow/example_dags/example_branch_operator.py
[2024-03-29T11:51:07.027+0000] {processor.py:830} INFO - Processing file /home/airflow/.local/lib/python3.8/site-packages/airflow/example_dags/example_branch_operator.py for tasks to queue
[2024-03-29T11:51:07.029+0000] {logging_mixin.py:188} INFO - [2024-03-29T11:51:07.029+0000] {dagbag.py:540} INFO - Filling up the DagBag from /home/airflow/.local/lib/python3.8/site-packages/airflow/example_dags/example_branch_operator.py
[2024-03-29T11:51:07.052+0000] {processor.py:840} INFO - DAG(s) 'example_branch_operator' retrieved from /home/airflow/.local/lib/python3.8/site-packages/airflow/example_dags/example_branch_operator.py
[2024-03-29T11:51:07.083+0000] {logging_mixin.py:188} INFO - [2024-03-29T11:51:07.083+0000] {dag.py:3047} INFO - Sync 1 DAGs
[2024-03-29T11:51:07.112+0000] {logging_mixin.py:188} INFO - [2024-03-29T11:51:07.112+0000] {dag.py:3834} INFO - Setting next_dagrun for example_branch_operator to 2024-03-28 00:00:00+00:00, run_after=2024-03-29 00:00:00+00:00
[2024-03-29T11:51:07.145+0000] {processor.py:183} INFO - Processing /home/airflow/.local/lib/python3.8/site-packages/airflow/example_dags/example_branch_operator.py took 0.123 seconds
[2024-03-29T11:51:37.511+0000] {processor.py:161} INFO - Started process (PID=1298) to work on /home/airflow/.local/lib/python3.8/site-packages/airflow/example_dags/example_branch_operator.py
[2024-03-29T11:51:37.512+0000] {processor.py:830} INFO - Processing file /home/airflow/.local/lib/python3.8/site-packages/airflow/example_dags/example_branch_operator.py for tasks to queue
[2024-03-29T11:51:37.514+0000] {logging_mixin.py:188} INFO - [2024-03-29T11:51:37.514+0000] {dagbag.py:540} INFO - Filling up the DagBag from /home/airflow/.local/lib/python3.8/site-packages/airflow/example_dags/example_branch_operator.py
[2024-03-29T11:51:37.539+0000] {processor.py:840} INFO - DAG(s) 'example_branch_operator' retrieved from /home/airflow/.local/lib/python3.8/site-packages/airflow/example_dags/example_branch_operator.py
[2024-03-29T11:51:37.577+0000] {logging_mixin.py:188} INFO - [2024-03-29T11:51:37.576+0000] {dag.py:3047} INFO - Sync 1 DAGs
[2024-03-29T11:51:37.609+0000] {logging_mixin.py:188} INFO - [2024-03-29T11:51:37.608+0000] {dag.py:3834} INFO - Setting next_dagrun for example_branch_operator to 2024-03-28 00:00:00+00:00, run_after=2024-03-29 00:00:00+00:00
[2024-03-29T11:51:37.635+0000] {processor.py:183} INFO - Processing /home/airflow/.local/lib/python3.8/site-packages/airflow/example_dags/example_branch_operator.py took 0.128 seconds
[2024-03-29T11:52:07.882+0000] {processor.py:161} INFO - Started process (PID=1354) to work on /home/airflow/.local/lib/python3.8/site-packages/airflow/example_dags/example_branch_operator.py
[2024-03-29T11:52:07.883+0000] {processor.py:830} INFO - Processing file /home/airflow/.local/lib/python3.8/site-packages/airflow/example_dags/example_branch_operator.py for tasks to queue
[2024-03-29T11:52:07.886+0000] {logging_mixin.py:188} INFO - [2024-03-29T11:52:07.886+0000] {dagbag.py:540} INFO - Filling up the DagBag from /home/airflow/.local/lib/python3.8/site-packages/airflow/example_dags/example_branch_operator.py
[2024-03-29T11:52:07.918+0000] {processor.py:840} INFO - DAG(s) 'example_branch_operator' retrieved from /home/airflow/.local/lib/python3.8/site-packages/airflow/example_dags/example_branch_operator.py
[2024-03-29T11:52:07.964+0000] {logging_mixin.py:188} INFO - [2024-03-29T11:52:07.963+0000] {dag.py:3047} INFO - Sync 1 DAGs
[2024-03-29T11:52:08.002+0000] {logging_mixin.py:188} INFO - [2024-03-29T11:52:08.002+0000] {dag.py:3834} INFO - Setting next_dagrun for example_branch_operator to 2024-03-28 00:00:00+00:00, run_after=2024-03-29 00:00:00+00:00
[2024-03-29T11:52:08.035+0000] {processor.py:183} INFO - Processing /home/airflow/.local/lib/python3.8/site-packages/airflow/example_dags/example_branch_operator.py took 0.158 seconds
[2024-03-29T11:52:38.091+0000] {processor.py:161} INFO - Started process (PID=1409) to work on /home/airflow/.local/lib/python3.8/site-packages/airflow/example_dags/example_branch_operator.py
[2024-03-29T11:52:38.092+0000] {processor.py:830} INFO - Processing file /home/airflow/.local/lib/python3.8/site-packages/airflow/example_dags/example_branch_operator.py for tasks to queue
[2024-03-29T11:52:38.094+0000] {logging_mixin.py:188} INFO - [2024-03-29T11:52:38.094+0000] {dagbag.py:540} INFO - Filling up the DagBag from /home/airflow/.local/lib/python3.8/site-packages/airflow/example_dags/example_branch_operator.py
[2024-03-29T11:52:38.112+0000] {processor.py:840} INFO - DAG(s) 'example_branch_operator' retrieved from /home/airflow/.local/lib/python3.8/site-packages/airflow/example_dags/example_branch_operator.py
[2024-03-29T11:52:38.141+0000] {logging_mixin.py:188} INFO - [2024-03-29T11:52:38.141+0000] {dag.py:3047} INFO - Sync 1 DAGs
[2024-03-29T11:52:38.165+0000] {logging_mixin.py:188} INFO - [2024-03-29T11:52:38.165+0000] {dag.py:3834} INFO - Setting next_dagrun for example_branch_operator to 2024-03-28 00:00:00+00:00, run_after=2024-03-29 00:00:00+00:00
[2024-03-29T11:52:38.185+0000] {processor.py:183} INFO - Processing /home/airflow/.local/lib/python3.8/site-packages/airflow/example_dags/example_branch_operator.py took 0.097 seconds
[2024-03-29T11:53:08.464+0000] {processor.py:161} INFO - Started process (PID=1465) to work on /home/airflow/.local/lib/python3.8/site-packages/airflow/example_dags/example_branch_operator.py
[2024-03-29T11:53:08.465+0000] {processor.py:830} INFO - Processing file /home/airflow/.local/lib/python3.8/site-packages/airflow/example_dags/example_branch_operator.py for tasks to queue
[2024-03-29T11:53:08.467+0000] {logging_mixin.py:188} INFO - [2024-03-29T11:53:08.467+0000] {dagbag.py:540} INFO - Filling up the DagBag from /home/airflow/.local/lib/python3.8/site-packages/airflow/example_dags/example_branch_operator.py
[2024-03-29T11:53:08.489+0000] {processor.py:840} INFO - DAG(s) 'example_branch_operator' retrieved from /home/airflow/.local/lib/python3.8/site-packages/airflow/example_dags/example_branch_operator.py
[2024-03-29T11:53:08.520+0000] {logging_mixin.py:188} INFO - [2024-03-29T11:53:08.519+0000] {dag.py:3047} INFO - Sync 1 DAGs
[2024-03-29T11:53:08.544+0000] {logging_mixin.py:188} INFO - [2024-03-29T11:53:08.544+0000] {dag.py:3834} INFO - Setting next_dagrun for example_branch_operator to 2024-03-28 00:00:00+00:00, run_after=2024-03-29 00:00:00+00:00
[2024-03-29T11:53:08.568+0000] {processor.py:183} INFO - Processing /home/airflow/.local/lib/python3.8/site-packages/airflow/example_dags/example_branch_operator.py took 0.106 seconds
[2024-03-29T11:53:38.728+0000] {processor.py:161} INFO - Started process (PID=1522) to work on /home/airflow/.local/lib/python3.8/site-packages/airflow/example_dags/example_branch_operator.py
[2024-03-29T11:53:38.729+0000] {processor.py:830} INFO - Processing file /home/airflow/.local/lib/python3.8/site-packages/airflow/example_dags/example_branch_operator.py for tasks to queue
[2024-03-29T11:53:38.730+0000] {logging_mixin.py:188} INFO - [2024-03-29T11:53:38.730+0000] {dagbag.py:540} INFO - Filling up the DagBag from /home/airflow/.local/lib/python3.8/site-packages/airflow/example_dags/example_branch_operator.py
[2024-03-29T11:53:38.747+0000] {processor.py:840} INFO - DAG(s) 'example_branch_operator' retrieved from /home/airflow/.local/lib/python3.8/site-packages/airflow/example_dags/example_branch_operator.py
[2024-03-29T11:53:38.777+0000] {logging_mixin.py:188} INFO - [2024-03-29T11:53:38.777+0000] {dag.py:3047} INFO - Sync 1 DAGs
[2024-03-29T11:53:38.800+0000] {logging_mixin.py:188} INFO - [2024-03-29T11:53:38.799+0000] {dag.py:3834} INFO - Setting next_dagrun for example_branch_operator to 2024-03-28 00:00:00+00:00, run_after=2024-03-29 00:00:00+00:00
[2024-03-29T11:53:38.820+0000] {processor.py:183} INFO - Processing /home/airflow/.local/lib/python3.8/site-packages/airflow/example_dags/example_branch_operator.py took 0.094 seconds
[2024-03-29T11:54:09.426+0000] {processor.py:161} INFO - Started process (PID=1578) to work on /home/airflow/.local/lib/python3.8/site-packages/airflow/example_dags/example_branch_operator.py
[2024-03-29T11:54:09.427+0000] {processor.py:830} INFO - Processing file /home/airflow/.local/lib/python3.8/site-packages/airflow/example_dags/example_branch_operator.py for tasks to queue
[2024-03-29T11:54:09.429+0000] {logging_mixin.py:188} INFO - [2024-03-29T11:54:09.429+0000] {dagbag.py:540} INFO - Filling up the DagBag from /home/airflow/.local/lib/python3.8/site-packages/airflow/example_dags/example_branch_operator.py
[2024-03-29T11:54:09.446+0000] {processor.py:840} INFO - DAG(s) 'example_branch_operator' retrieved from /home/airflow/.local/lib/python3.8/site-packages/airflow/example_dags/example_branch_operator.py
[2024-03-29T11:54:09.474+0000] {logging_mixin.py:188} INFO - [2024-03-29T11:54:09.473+0000] {dag.py:3047} INFO - Sync 1 DAGs
[2024-03-29T11:54:09.496+0000] {logging_mixin.py:188} INFO - [2024-03-29T11:54:09.496+0000] {dag.py:3834} INFO - Setting next_dagrun for example_branch_operator to 2024-03-28 00:00:00+00:00, run_after=2024-03-29 00:00:00+00:00
[2024-03-29T11:54:09.514+0000] {processor.py:183} INFO - Processing /home/airflow/.local/lib/python3.8/site-packages/airflow/example_dags/example_branch_operator.py took 0.090 seconds
[2024-03-29T11:54:39.977+0000] {processor.py:161} INFO - Started process (PID=1634) to work on /home/airflow/.local/lib/python3.8/site-packages/airflow/example_dags/example_branch_operator.py
[2024-03-29T11:54:39.978+0000] {processor.py:830} INFO - Processing file /home/airflow/.local/lib/python3.8/site-packages/airflow/example_dags/example_branch_operator.py for tasks to queue
[2024-03-29T11:54:39.980+0000] {logging_mixin.py:188} INFO - [2024-03-29T11:54:39.980+0000] {dagbag.py:540} INFO - Filling up the DagBag from /home/airflow/.local/lib/python3.8/site-packages/airflow/example_dags/example_branch_operator.py
[2024-03-29T11:54:40.014+0000] {processor.py:840} INFO - DAG(s) 'example_branch_operator' retrieved from /home/airflow/.local/lib/python3.8/site-packages/airflow/example_dags/example_branch_operator.py
[2024-03-29T11:54:40.058+0000] {logging_mixin.py:188} INFO - [2024-03-29T11:54:40.057+0000] {dag.py:3047} INFO - Sync 1 DAGs
[2024-03-29T11:54:40.083+0000] {logging_mixin.py:188} INFO - [2024-03-29T11:54:40.083+0000] {dag.py:3834} INFO - Setting next_dagrun for example_branch_operator to 2024-03-28 00:00:00+00:00, run_after=2024-03-29 00:00:00+00:00
[2024-03-29T11:54:40.103+0000] {processor.py:183} INFO - Processing /home/airflow/.local/lib/python3.8/site-packages/airflow/example_dags/example_branch_operator.py took 0.130 seconds
[2024-03-29T11:55:10.899+0000] {processor.py:161} INFO - Started process (PID=1690) to work on /home/airflow/.local/lib/python3.8/site-packages/airflow/example_dags/example_branch_operator.py
[2024-03-29T11:55:10.900+0000] {processor.py:830} INFO - Processing file /home/airflow/.local/lib/python3.8/site-packages/airflow/example_dags/example_branch_operator.py for tasks to queue
[2024-03-29T11:55:10.915+0000] {logging_mixin.py:188} INFO - [2024-03-29T11:55:10.915+0000] {dagbag.py:540} INFO - Filling up the DagBag from /home/airflow/.local/lib/python3.8/site-packages/airflow/example_dags/example_branch_operator.py
[2024-03-29T11:55:10.933+0000] {processor.py:840} INFO - DAG(s) 'example_branch_operator' retrieved from /home/airflow/.local/lib/python3.8/site-packages/airflow/example_dags/example_branch_operator.py
[2024-03-29T11:55:10.960+0000] {logging_mixin.py:188} INFO - [2024-03-29T11:55:10.960+0000] {dag.py:3047} INFO - Sync 1 DAGs
[2024-03-29T11:55:10.985+0000] {logging_mixin.py:188} INFO - [2024-03-29T11:55:10.984+0000] {dag.py:3834} INFO - Setting next_dagrun for example_branch_operator to 2024-03-28 00:00:00+00:00, run_after=2024-03-29 00:00:00+00:00
[2024-03-29T11:55:11.207+0000] {processor.py:183} INFO - Processing /home/airflow/.local/lib/python3.8/site-packages/airflow/example_dags/example_branch_operator.py took 0.312 seconds
[2024-03-29T11:55:42.034+0000] {processor.py:161} INFO - Started process (PID=1747) to work on /home/airflow/.local/lib/python3.8/site-packages/airflow/example_dags/example_branch_operator.py
[2024-03-29T11:55:42.035+0000] {processor.py:830} INFO - Processing file /home/airflow/.local/lib/python3.8/site-packages/airflow/example_dags/example_branch_operator.py for tasks to queue
[2024-03-29T11:55:42.037+0000] {logging_mixin.py:188} INFO - [2024-03-29T11:55:42.037+0000] {dagbag.py:540} INFO - Filling up the DagBag from /home/airflow/.local/lib/python3.8/site-packages/airflow/example_dags/example_branch_operator.py
[2024-03-29T11:55:42.055+0000] {processor.py:840} INFO - DAG(s) 'example_branch_operator' retrieved from /home/airflow/.local/lib/python3.8/site-packages/airflow/example_dags/example_branch_operator.py
[2024-03-29T11:55:42.081+0000] {logging_mixin.py:188} INFO - [2024-03-29T11:55:42.081+0000] {dag.py:3047} INFO - Sync 1 DAGs
[2024-03-29T11:55:42.109+0000] {logging_mixin.py:188} INFO - [2024-03-29T11:55:42.109+0000] {dag.py:3834} INFO - Setting next_dagrun for example_branch_operator to 2024-03-28 00:00:00+00:00, run_after=2024-03-29 00:00:00+00:00
[2024-03-29T11:55:42.138+0000] {processor.py:183} INFO - Processing /home/airflow/.local/lib/python3.8/site-packages/airflow/example_dags/example_branch_operator.py took 0.107 seconds
[2024-03-29T11:56:12.215+0000] {processor.py:161} INFO - Started process (PID=1803) to work on /home/airflow/.local/lib/python3.8/site-packages/airflow/example_dags/example_branch_operator.py
[2024-03-29T11:56:12.217+0000] {processor.py:830} INFO - Processing file /home/airflow/.local/lib/python3.8/site-packages/airflow/example_dags/example_branch_operator.py for tasks to queue
[2024-03-29T11:56:12.219+0000] {logging_mixin.py:188} INFO - [2024-03-29T11:56:12.218+0000] {dagbag.py:540} INFO - Filling up the DagBag from /home/airflow/.local/lib/python3.8/site-packages/airflow/example_dags/example_branch_operator.py
[2024-03-29T11:56:12.238+0000] {processor.py:840} INFO - DAG(s) 'example_branch_operator' retrieved from /home/airflow/.local/lib/python3.8/site-packages/airflow/example_dags/example_branch_operator.py
[2024-03-29T11:56:12.281+0000] {logging_mixin.py:188} INFO - [2024-03-29T11:56:12.280+0000] {dag.py:3047} INFO - Sync 1 DAGs
[2024-03-29T11:56:12.310+0000] {logging_mixin.py:188} INFO - [2024-03-29T11:56:12.310+0000] {dag.py:3834} INFO - Setting next_dagrun for example_branch_operator to 2024-03-28 00:00:00+00:00, run_after=2024-03-29 00:00:00+00:00
[2024-03-29T11:56:12.335+0000] {processor.py:183} INFO - Processing /home/airflow/.local/lib/python3.8/site-packages/airflow/example_dags/example_branch_operator.py took 0.122 seconds
[2024-03-29T11:56:42.453+0000] {processor.py:161} INFO - Started process (PID=1860) to work on /home/airflow/.local/lib/python3.8/site-packages/airflow/example_dags/example_branch_operator.py
[2024-03-29T11:56:42.455+0000] {processor.py:830} INFO - Processing file /home/airflow/.local/lib/python3.8/site-packages/airflow/example_dags/example_branch_operator.py for tasks to queue
[2024-03-29T11:56:42.458+0000] {logging_mixin.py:188} INFO - [2024-03-29T11:56:42.457+0000] {dagbag.py:540} INFO - Filling up the DagBag from /home/airflow/.local/lib/python3.8/site-packages/airflow/example_dags/example_branch_operator.py
[2024-03-29T11:56:42.481+0000] {processor.py:840} INFO - DAG(s) 'example_branch_operator' retrieved from /home/airflow/.local/lib/python3.8/site-packages/airflow/example_dags/example_branch_operator.py
[2024-03-29T11:56:42.514+0000] {logging_mixin.py:188} INFO - [2024-03-29T11:56:42.513+0000] {dag.py:3047} INFO - Sync 1 DAGs
[2024-03-29T11:56:42.549+0000] {logging_mixin.py:188} INFO - [2024-03-29T11:56:42.549+0000] {dag.py:3834} INFO - Setting next_dagrun for example_branch_operator to 2024-03-28 00:00:00+00:00, run_after=2024-03-29 00:00:00+00:00
[2024-03-29T11:56:42.603+0000] {processor.py:183} INFO - Processing /home/airflow/.local/lib/python3.8/site-packages/airflow/example_dags/example_branch_operator.py took 0.152 seconds
[2024-03-29T11:57:13.356+0000] {processor.py:161} INFO - Started process (PID=1917) to work on /home/airflow/.local/lib/python3.8/site-packages/airflow/example_dags/example_branch_operator.py
[2024-03-29T11:57:13.357+0000] {processor.py:830} INFO - Processing file /home/airflow/.local/lib/python3.8/site-packages/airflow/example_dags/example_branch_operator.py for tasks to queue
[2024-03-29T11:57:13.359+0000] {logging_mixin.py:188} INFO - [2024-03-29T11:57:13.359+0000] {dagbag.py:540} INFO - Filling up the DagBag from /home/airflow/.local/lib/python3.8/site-packages/airflow/example_dags/example_branch_operator.py
[2024-03-29T11:57:13.381+0000] {processor.py:840} INFO - DAG(s) 'example_branch_operator' retrieved from /home/airflow/.local/lib/python3.8/site-packages/airflow/example_dags/example_branch_operator.py
[2024-03-29T11:57:13.408+0000] {logging_mixin.py:188} INFO - [2024-03-29T11:57:13.407+0000] {dag.py:3047} INFO - Sync 1 DAGs
[2024-03-29T11:57:13.434+0000] {logging_mixin.py:188} INFO - [2024-03-29T11:57:13.434+0000] {dag.py:3834} INFO - Setting next_dagrun for example_branch_operator to 2024-03-28 00:00:00+00:00, run_after=2024-03-29 00:00:00+00:00
[2024-03-29T11:57:13.452+0000] {processor.py:183} INFO - Processing /home/airflow/.local/lib/python3.8/site-packages/airflow/example_dags/example_branch_operator.py took 0.101 seconds
[2024-03-29T11:57:43.558+0000] {processor.py:161} INFO - Started process (PID=1973) to work on /home/airflow/.local/lib/python3.8/site-packages/airflow/example_dags/example_branch_operator.py
[2024-03-29T11:57:43.560+0000] {processor.py:830} INFO - Processing file /home/airflow/.local/lib/python3.8/site-packages/airflow/example_dags/example_branch_operator.py for tasks to queue
[2024-03-29T11:57:43.562+0000] {logging_mixin.py:188} INFO - [2024-03-29T11:57:43.562+0000] {dagbag.py:540} INFO - Filling up the DagBag from /home/airflow/.local/lib/python3.8/site-packages/airflow/example_dags/example_branch_operator.py
[2024-03-29T11:57:43.580+0000] {processor.py:840} INFO - DAG(s) 'example_branch_operator' retrieved from /home/airflow/.local/lib/python3.8/site-packages/airflow/example_dags/example_branch_operator.py
[2024-03-29T11:57:43.608+0000] {logging_mixin.py:188} INFO - [2024-03-29T11:57:43.608+0000] {dag.py:3047} INFO - Sync 1 DAGs
[2024-03-29T11:57:43.636+0000] {logging_mixin.py:188} INFO - [2024-03-29T11:57:43.635+0000] {dag.py:3834} INFO - Setting next_dagrun for example_branch_operator to 2024-03-28 00:00:00+00:00, run_after=2024-03-29 00:00:00+00:00
[2024-03-29T11:57:43.655+0000] {processor.py:183} INFO - Processing /home/airflow/.local/lib/python3.8/site-packages/airflow/example_dags/example_branch_operator.py took 0.102 seconds
[2024-03-29T11:58:14.077+0000] {processor.py:161} INFO - Started process (PID=2029) to work on /home/airflow/.local/lib/python3.8/site-packages/airflow/example_dags/example_branch_operator.py
[2024-03-29T11:58:14.078+0000] {processor.py:830} INFO - Processing file /home/airflow/.local/lib/python3.8/site-packages/airflow/example_dags/example_branch_operator.py for tasks to queue
[2024-03-29T11:58:14.080+0000] {logging_mixin.py:188} INFO - [2024-03-29T11:58:14.080+0000] {dagbag.py:540} INFO - Filling up the DagBag from /home/airflow/.local/lib/python3.8/site-packages/airflow/example_dags/example_branch_operator.py
[2024-03-29T11:58:14.099+0000] {processor.py:840} INFO - DAG(s) 'example_branch_operator' retrieved from /home/airflow/.local/lib/python3.8/site-packages/airflow/example_dags/example_branch_operator.py
[2024-03-29T11:58:14.313+0000] {logging_mixin.py:188} INFO - [2024-03-29T11:58:14.312+0000] {dag.py:3047} INFO - Sync 1 DAGs
[2024-03-29T11:58:14.341+0000] {logging_mixin.py:188} INFO - [2024-03-29T11:58:14.340+0000] {dag.py:3834} INFO - Setting next_dagrun for example_branch_operator to 2024-03-28 00:00:00+00:00, run_after=2024-03-29 00:00:00+00:00
[2024-03-29T11:58:14.362+0000] {processor.py:183} INFO - Processing /home/airflow/.local/lib/python3.8/site-packages/airflow/example_dags/example_branch_operator.py took 0.288 seconds
[2024-03-29T11:58:45.133+0000] {processor.py:161} INFO - Started process (PID=2084) to work on /home/airflow/.local/lib/python3.8/site-packages/airflow/example_dags/example_branch_operator.py
[2024-03-29T11:58:45.134+0000] {processor.py:830} INFO - Processing file /home/airflow/.local/lib/python3.8/site-packages/airflow/example_dags/example_branch_operator.py for tasks to queue
[2024-03-29T11:58:45.136+0000] {logging_mixin.py:188} INFO - [2024-03-29T11:58:45.136+0000] {dagbag.py:540} INFO - Filling up the DagBag from /home/airflow/.local/lib/python3.8/site-packages/airflow/example_dags/example_branch_operator.py
[2024-03-29T11:58:45.156+0000] {processor.py:840} INFO - DAG(s) 'example_branch_operator' retrieved from /home/airflow/.local/lib/python3.8/site-packages/airflow/example_dags/example_branch_operator.py
[2024-03-29T11:58:45.198+0000] {logging_mixin.py:188} INFO - [2024-03-29T11:58:45.198+0000] {dag.py:3047} INFO - Sync 1 DAGs
[2024-03-29T11:58:45.556+0000] {logging_mixin.py:188} INFO - [2024-03-29T11:58:45.555+0000] {dag.py:3834} INFO - Setting next_dagrun for example_branch_operator to 2024-03-28 00:00:00+00:00, run_after=2024-03-29 00:00:00+00:00
[2024-03-29T11:58:45.627+0000] {processor.py:183} INFO - Processing /home/airflow/.local/lib/python3.8/site-packages/airflow/example_dags/example_branch_operator.py took 0.499 seconds
[2024-03-29T11:59:15.757+0000] {processor.py:161} INFO - Started process (PID=2140) to work on /home/airflow/.local/lib/python3.8/site-packages/airflow/example_dags/example_branch_operator.py
[2024-03-29T11:59:15.758+0000] {processor.py:830} INFO - Processing file /home/airflow/.local/lib/python3.8/site-packages/airflow/example_dags/example_branch_operator.py for tasks to queue
[2024-03-29T11:59:15.759+0000] {logging_mixin.py:188} INFO - [2024-03-29T11:59:15.759+0000] {dagbag.py:540} INFO - Filling up the DagBag from /home/airflow/.local/lib/python3.8/site-packages/airflow/example_dags/example_branch_operator.py
[2024-03-29T11:59:15.777+0000] {processor.py:840} INFO - DAG(s) 'example_branch_operator' retrieved from /home/airflow/.local/lib/python3.8/site-packages/airflow/example_dags/example_branch_operator.py
[2024-03-29T11:59:15.802+0000] {logging_mixin.py:188} INFO - [2024-03-29T11:59:15.802+0000] {dag.py:3047} INFO - Sync 1 DAGs
[2024-03-29T11:59:15.992+0000] {logging_mixin.py:188} INFO - [2024-03-29T11:59:15.992+0000] {dag.py:3834} INFO - Setting next_dagrun for example_branch_operator to 2024-03-28 00:00:00+00:00, run_after=2024-03-29 00:00:00+00:00
[2024-03-29T11:59:16.015+0000] {processor.py:183} INFO - Processing /home/airflow/.local/lib/python3.8/site-packages/airflow/example_dags/example_branch_operator.py took 0.262 seconds
