[2024-03-29T11:24:43.870+0000] {processor.py:161} INFO - Started process (PID=83) to work on /home/airflow/.local/lib/python3.8/site-packages/airflow/example_dags/example_task_group_decorator.py
[2024-03-29T11:24:43.871+0000] {processor.py:830} INFO - Processing file /home/airflow/.local/lib/python3.8/site-packages/airflow/example_dags/example_task_group_decorator.py for tasks to queue
[2024-03-29T11:24:43.875+0000] {logging_mixin.py:188} INFO - [2024-03-29T11:24:43.875+0000] {dagbag.py:540} INFO - Filling up the DagBag from /home/airflow/.local/lib/python3.8/site-packages/airflow/example_dags/example_task_group_decorator.py
[2024-03-29T11:24:43.947+0000] {processor.py:840} INFO - DAG(s) 'example_task_group_decorator' retrieved from /home/airflow/.local/lib/python3.8/site-packages/airflow/example_dags/example_task_group_decorator.py
[2024-03-29T11:24:43.977+0000] {logging_mixin.py:188} INFO - [2024-03-29T11:24:43.977+0000] {dag.py:3047} INFO - Sync 1 DAGs
[2024-03-29T11:24:44.050+0000] {logging_mixin.py:188} INFO - [2024-03-29T11:24:44.050+0000] {dag.py:3834} INFO - Setting next_dagrun for example_task_group_decorator to 2024-03-28 00:00:00+00:00, run_after=2024-03-29 00:00:00+00:00
[2024-03-29T11:24:44.129+0000] {processor.py:183} INFO - Processing /home/airflow/.local/lib/python3.8/site-packages/airflow/example_dags/example_task_group_decorator.py took 0.262 seconds
[2024-03-29T11:25:14.254+0000] {processor.py:161} INFO - Started process (PID=140) to work on /home/airflow/.local/lib/python3.8/site-packages/airflow/example_dags/example_task_group_decorator.py
[2024-03-29T11:25:14.256+0000] {processor.py:830} INFO - Processing file /home/airflow/.local/lib/python3.8/site-packages/airflow/example_dags/example_task_group_decorator.py for tasks to queue
[2024-03-29T11:25:14.259+0000] {logging_mixin.py:188} INFO - [2024-03-29T11:25:14.258+0000] {dagbag.py:540} INFO - Filling up the DagBag from /home/airflow/.local/lib/python3.8/site-packages/airflow/example_dags/example_task_group_decorator.py
[2024-03-29T11:25:14.273+0000] {processor.py:840} INFO - DAG(s) 'example_task_group_decorator' retrieved from /home/airflow/.local/lib/python3.8/site-packages/airflow/example_dags/example_task_group_decorator.py
[2024-03-29T11:25:14.384+0000] {logging_mixin.py:188} INFO - [2024-03-29T11:25:14.384+0000] {dag.py:3047} INFO - Sync 1 DAGs
[2024-03-29T11:25:14.404+0000] {logging_mixin.py:188} INFO - [2024-03-29T11:25:14.404+0000] {dag.py:3834} INFO - Setting next_dagrun for example_task_group_decorator to 2024-03-28 00:00:00+00:00, run_after=2024-03-29 00:00:00+00:00
[2024-03-29T11:25:14.424+0000] {processor.py:183} INFO - Processing /home/airflow/.local/lib/python3.8/site-packages/airflow/example_dags/example_task_group_decorator.py took 0.173 seconds
[2024-03-29T11:25:45.109+0000] {processor.py:161} INFO - Started process (PID=196) to work on /home/airflow/.local/lib/python3.8/site-packages/airflow/example_dags/example_task_group_decorator.py
[2024-03-29T11:25:45.110+0000] {processor.py:830} INFO - Processing file /home/airflow/.local/lib/python3.8/site-packages/airflow/example_dags/example_task_group_decorator.py for tasks to queue
[2024-03-29T11:25:45.112+0000] {logging_mixin.py:188} INFO - [2024-03-29T11:25:45.112+0000] {dagbag.py:540} INFO - Filling up the DagBag from /home/airflow/.local/lib/python3.8/site-packages/airflow/example_dags/example_task_group_decorator.py
[2024-03-29T11:25:45.127+0000] {processor.py:840} INFO - DAG(s) 'example_task_group_decorator' retrieved from /home/airflow/.local/lib/python3.8/site-packages/airflow/example_dags/example_task_group_decorator.py
[2024-03-29T11:25:45.152+0000] {logging_mixin.py:188} INFO - [2024-03-29T11:25:45.152+0000] {dag.py:3047} INFO - Sync 1 DAGs
[2024-03-29T11:25:45.173+0000] {logging_mixin.py:188} INFO - [2024-03-29T11:25:45.173+0000] {dag.py:3834} INFO - Setting next_dagrun for example_task_group_decorator to 2024-03-28 00:00:00+00:00, run_after=2024-03-29 00:00:00+00:00
[2024-03-29T11:25:45.192+0000] {processor.py:183} INFO - Processing /home/airflow/.local/lib/python3.8/site-packages/airflow/example_dags/example_task_group_decorator.py took 0.086 seconds
[2024-03-29T11:26:15.365+0000] {processor.py:161} INFO - Started process (PID=250) to work on /home/airflow/.local/lib/python3.8/site-packages/airflow/example_dags/example_task_group_decorator.py
[2024-03-29T11:26:15.366+0000] {processor.py:830} INFO - Processing file /home/airflow/.local/lib/python3.8/site-packages/airflow/example_dags/example_task_group_decorator.py for tasks to queue
[2024-03-29T11:26:15.367+0000] {logging_mixin.py:188} INFO - [2024-03-29T11:26:15.367+0000] {dagbag.py:540} INFO - Filling up the DagBag from /home/airflow/.local/lib/python3.8/site-packages/airflow/example_dags/example_task_group_decorator.py
[2024-03-29T11:26:15.386+0000] {processor.py:840} INFO - DAG(s) 'example_task_group_decorator' retrieved from /home/airflow/.local/lib/python3.8/site-packages/airflow/example_dags/example_task_group_decorator.py
[2024-03-29T11:26:15.410+0000] {logging_mixin.py:188} INFO - [2024-03-29T11:26:15.409+0000] {dag.py:3047} INFO - Sync 1 DAGs
[2024-03-29T11:26:15.434+0000] {logging_mixin.py:188} INFO - [2024-03-29T11:26:15.434+0000] {dag.py:3834} INFO - Setting next_dagrun for example_task_group_decorator to 2024-03-28 00:00:00+00:00, run_after=2024-03-29 00:00:00+00:00
[2024-03-29T11:26:15.462+0000] {processor.py:183} INFO - Processing /home/airflow/.local/lib/python3.8/site-packages/airflow/example_dags/example_task_group_decorator.py took 0.099 seconds
[2024-03-29T11:26:45.749+0000] {processor.py:161} INFO - Started process (PID=306) to work on /home/airflow/.local/lib/python3.8/site-packages/airflow/example_dags/example_task_group_decorator.py
[2024-03-29T11:26:45.756+0000] {processor.py:830} INFO - Processing file /home/airflow/.local/lib/python3.8/site-packages/airflow/example_dags/example_task_group_decorator.py for tasks to queue
[2024-03-29T11:26:45.759+0000] {logging_mixin.py:188} INFO - [2024-03-29T11:26:45.759+0000] {dagbag.py:540} INFO - Filling up the DagBag from /home/airflow/.local/lib/python3.8/site-packages/airflow/example_dags/example_task_group_decorator.py
[2024-03-29T11:26:45.779+0000] {processor.py:840} INFO - DAG(s) 'example_task_group_decorator' retrieved from /home/airflow/.local/lib/python3.8/site-packages/airflow/example_dags/example_task_group_decorator.py
[2024-03-29T11:26:45.816+0000] {logging_mixin.py:188} INFO - [2024-03-29T11:26:45.816+0000] {dag.py:3047} INFO - Sync 1 DAGs
[2024-03-29T11:26:45.846+0000] {logging_mixin.py:188} INFO - [2024-03-29T11:26:45.845+0000] {dag.py:3834} INFO - Setting next_dagrun for example_task_group_decorator to 2024-03-28 00:00:00+00:00, run_after=2024-03-29 00:00:00+00:00
[2024-03-29T11:26:45.884+0000] {processor.py:183} INFO - Processing /home/airflow/.local/lib/python3.8/site-packages/airflow/example_dags/example_task_group_decorator.py took 0.138 seconds
[2024-03-29T11:27:17.381+0000] {processor.py:161} INFO - Started process (PID=362) to work on /home/airflow/.local/lib/python3.8/site-packages/airflow/example_dags/example_task_group_decorator.py
[2024-03-29T11:27:17.383+0000] {processor.py:830} INFO - Processing file /home/airflow/.local/lib/python3.8/site-packages/airflow/example_dags/example_task_group_decorator.py for tasks to queue
[2024-03-29T11:27:17.384+0000] {logging_mixin.py:188} INFO - [2024-03-29T11:27:17.384+0000] {dagbag.py:540} INFO - Filling up the DagBag from /home/airflow/.local/lib/python3.8/site-packages/airflow/example_dags/example_task_group_decorator.py
[2024-03-29T11:27:17.411+0000] {processor.py:840} INFO - DAG(s) 'example_task_group_decorator' retrieved from /home/airflow/.local/lib/python3.8/site-packages/airflow/example_dags/example_task_group_decorator.py
[2024-03-29T11:27:17.443+0000] {logging_mixin.py:188} INFO - [2024-03-29T11:27:17.443+0000] {dag.py:3047} INFO - Sync 1 DAGs
[2024-03-29T11:27:17.498+0000] {logging_mixin.py:188} INFO - [2024-03-29T11:27:17.497+0000] {dag.py:3834} INFO - Setting next_dagrun for example_task_group_decorator to 2024-03-28 00:00:00+00:00, run_after=2024-03-29 00:00:00+00:00
[2024-03-29T11:27:17.546+0000] {processor.py:183} INFO - Processing /home/airflow/.local/lib/python3.8/site-packages/airflow/example_dags/example_task_group_decorator.py took 0.167 seconds
[2024-03-29T11:28:52.741+0000] {processor.py:161} INFO - Started process (PID=83) to work on /home/airflow/.local/lib/python3.8/site-packages/airflow/example_dags/example_task_group_decorator.py
[2024-03-29T11:28:52.745+0000] {processor.py:830} INFO - Processing file /home/airflow/.local/lib/python3.8/site-packages/airflow/example_dags/example_task_group_decorator.py for tasks to queue
[2024-03-29T11:28:52.749+0000] {logging_mixin.py:188} INFO - [2024-03-29T11:28:52.748+0000] {dagbag.py:540} INFO - Filling up the DagBag from /home/airflow/.local/lib/python3.8/site-packages/airflow/example_dags/example_task_group_decorator.py
[2024-03-29T11:28:52.814+0000] {processor.py:840} INFO - DAG(s) 'example_task_group_decorator' retrieved from /home/airflow/.local/lib/python3.8/site-packages/airflow/example_dags/example_task_group_decorator.py
[2024-03-29T11:28:53.637+0000] {logging_mixin.py:188} INFO - [2024-03-29T11:28:53.622+0000] {dag.py:3047} INFO - Sync 1 DAGs
[2024-03-29T11:28:53.782+0000] {logging_mixin.py:188} INFO - [2024-03-29T11:28:53.776+0000] {dag.py:3834} INFO - Setting next_dagrun for example_task_group_decorator to 2024-03-28 00:00:00+00:00, run_after=2024-03-29 00:00:00+00:00
[2024-03-29T11:28:53.898+0000] {processor.py:183} INFO - Processing /home/airflow/.local/lib/python3.8/site-packages/airflow/example_dags/example_task_group_decorator.py took 1.164 seconds
[2024-03-29T11:29:24.595+0000] {processor.py:161} INFO - Started process (PID=139) to work on /home/airflow/.local/lib/python3.8/site-packages/airflow/example_dags/example_task_group_decorator.py
[2024-03-29T11:29:24.596+0000] {processor.py:830} INFO - Processing file /home/airflow/.local/lib/python3.8/site-packages/airflow/example_dags/example_task_group_decorator.py for tasks to queue
[2024-03-29T11:29:24.598+0000] {logging_mixin.py:188} INFO - [2024-03-29T11:29:24.598+0000] {dagbag.py:540} INFO - Filling up the DagBag from /home/airflow/.local/lib/python3.8/site-packages/airflow/example_dags/example_task_group_decorator.py
[2024-03-29T11:29:24.614+0000] {processor.py:840} INFO - DAG(s) 'example_task_group_decorator' retrieved from /home/airflow/.local/lib/python3.8/site-packages/airflow/example_dags/example_task_group_decorator.py
[2024-03-29T11:29:24.646+0000] {logging_mixin.py:188} INFO - [2024-03-29T11:29:24.645+0000] {dag.py:3047} INFO - Sync 1 DAGs
[2024-03-29T11:29:24.673+0000] {logging_mixin.py:188} INFO - [2024-03-29T11:29:24.673+0000] {dag.py:3834} INFO - Setting next_dagrun for example_task_group_decorator to 2024-03-28 00:00:00+00:00, run_after=2024-03-29 00:00:00+00:00
[2024-03-29T11:29:24.709+0000] {processor.py:183} INFO - Processing /home/airflow/.local/lib/python3.8/site-packages/airflow/example_dags/example_task_group_decorator.py took 0.118 seconds
[2024-03-29T11:29:55.153+0000] {processor.py:161} INFO - Started process (PID=195) to work on /home/airflow/.local/lib/python3.8/site-packages/airflow/example_dags/example_task_group_decorator.py
[2024-03-29T11:29:55.156+0000] {processor.py:830} INFO - Processing file /home/airflow/.local/lib/python3.8/site-packages/airflow/example_dags/example_task_group_decorator.py for tasks to queue
[2024-03-29T11:29:55.159+0000] {logging_mixin.py:188} INFO - [2024-03-29T11:29:55.159+0000] {dagbag.py:540} INFO - Filling up the DagBag from /home/airflow/.local/lib/python3.8/site-packages/airflow/example_dags/example_task_group_decorator.py
[2024-03-29T11:29:55.183+0000] {processor.py:840} INFO - DAG(s) 'example_task_group_decorator' retrieved from /home/airflow/.local/lib/python3.8/site-packages/airflow/example_dags/example_task_group_decorator.py
[2024-03-29T11:29:55.219+0000] {logging_mixin.py:188} INFO - [2024-03-29T11:29:55.217+0000] {dag.py:3047} INFO - Sync 1 DAGs
[2024-03-29T11:29:55.260+0000] {logging_mixin.py:188} INFO - [2024-03-29T11:29:55.259+0000] {dag.py:3834} INFO - Setting next_dagrun for example_task_group_decorator to 2024-03-28 00:00:00+00:00, run_after=2024-03-29 00:00:00+00:00
[2024-03-29T11:29:55.305+0000] {processor.py:183} INFO - Processing /home/airflow/.local/lib/python3.8/site-packages/airflow/example_dags/example_task_group_decorator.py took 0.156 seconds
[2024-03-29T11:30:25.485+0000] {processor.py:161} INFO - Started process (PID=251) to work on /home/airflow/.local/lib/python3.8/site-packages/airflow/example_dags/example_task_group_decorator.py
[2024-03-29T11:30:25.487+0000] {processor.py:830} INFO - Processing file /home/airflow/.local/lib/python3.8/site-packages/airflow/example_dags/example_task_group_decorator.py for tasks to queue
[2024-03-29T11:30:25.490+0000] {logging_mixin.py:188} INFO - [2024-03-29T11:30:25.490+0000] {dagbag.py:540} INFO - Filling up the DagBag from /home/airflow/.local/lib/python3.8/site-packages/airflow/example_dags/example_task_group_decorator.py
[2024-03-29T11:30:25.509+0000] {processor.py:840} INFO - DAG(s) 'example_task_group_decorator' retrieved from /home/airflow/.local/lib/python3.8/site-packages/airflow/example_dags/example_task_group_decorator.py
[2024-03-29T11:30:25.534+0000] {logging_mixin.py:188} INFO - [2024-03-29T11:30:25.533+0000] {dag.py:3047} INFO - Sync 1 DAGs
[2024-03-29T11:30:25.562+0000] {logging_mixin.py:188} INFO - [2024-03-29T11:30:25.561+0000] {dag.py:3834} INFO - Setting next_dagrun for example_task_group_decorator to 2024-03-28 00:00:00+00:00, run_after=2024-03-29 00:00:00+00:00
[2024-03-29T11:30:25.583+0000] {processor.py:183} INFO - Processing /home/airflow/.local/lib/python3.8/site-packages/airflow/example_dags/example_task_group_decorator.py took 0.102 seconds
[2024-03-29T11:30:56.444+0000] {processor.py:161} INFO - Started process (PID=307) to work on /home/airflow/.local/lib/python3.8/site-packages/airflow/example_dags/example_task_group_decorator.py
[2024-03-29T11:30:56.446+0000] {processor.py:830} INFO - Processing file /home/airflow/.local/lib/python3.8/site-packages/airflow/example_dags/example_task_group_decorator.py for tasks to queue
[2024-03-29T11:30:56.450+0000] {logging_mixin.py:188} INFO - [2024-03-29T11:30:56.449+0000] {dagbag.py:540} INFO - Filling up the DagBag from /home/airflow/.local/lib/python3.8/site-packages/airflow/example_dags/example_task_group_decorator.py
[2024-03-29T11:30:56.479+0000] {processor.py:840} INFO - DAG(s) 'example_task_group_decorator' retrieved from /home/airflow/.local/lib/python3.8/site-packages/airflow/example_dags/example_task_group_decorator.py
[2024-03-29T11:30:56.526+0000] {logging_mixin.py:188} INFO - [2024-03-29T11:30:56.525+0000] {dag.py:3047} INFO - Sync 1 DAGs
[2024-03-29T11:30:56.569+0000] {logging_mixin.py:188} INFO - [2024-03-29T11:30:56.568+0000] {dag.py:3834} INFO - Setting next_dagrun for example_task_group_decorator to 2024-03-28 00:00:00+00:00, run_after=2024-03-29 00:00:00+00:00
[2024-03-29T11:30:56.600+0000] {processor.py:183} INFO - Processing /home/airflow/.local/lib/python3.8/site-packages/airflow/example_dags/example_task_group_decorator.py took 0.160 seconds
[2024-03-29T11:32:44.000+0000] {processor.py:161} INFO - Started process (PID=83) to work on /home/airflow/.local/lib/python3.8/site-packages/airflow/example_dags/example_task_group_decorator.py
[2024-03-29T11:32:44.002+0000] {processor.py:830} INFO - Processing file /home/airflow/.local/lib/python3.8/site-packages/airflow/example_dags/example_task_group_decorator.py for tasks to queue
[2024-03-29T11:32:44.007+0000] {logging_mixin.py:188} INFO - [2024-03-29T11:32:44.007+0000] {dagbag.py:540} INFO - Filling up the DagBag from /home/airflow/.local/lib/python3.8/site-packages/airflow/example_dags/example_task_group_decorator.py
[2024-03-29T11:32:44.036+0000] {processor.py:840} INFO - DAG(s) 'example_task_group_decorator' retrieved from /home/airflow/.local/lib/python3.8/site-packages/airflow/example_dags/example_task_group_decorator.py
[2024-03-29T11:32:44.248+0000] {logging_mixin.py:188} INFO - [2024-03-29T11:32:44.248+0000] {dag.py:3047} INFO - Sync 1 DAGs
[2024-03-29T11:32:44.272+0000] {logging_mixin.py:188} INFO - [2024-03-29T11:32:44.272+0000] {dag.py:3834} INFO - Setting next_dagrun for example_task_group_decorator to 2024-03-28 00:00:00+00:00, run_after=2024-03-29 00:00:00+00:00
[2024-03-29T11:32:44.320+0000] {processor.py:183} INFO - Processing /home/airflow/.local/lib/python3.8/site-packages/airflow/example_dags/example_task_group_decorator.py took 0.323 seconds
[2024-03-29T11:33:15.062+0000] {processor.py:161} INFO - Started process (PID=139) to work on /home/airflow/.local/lib/python3.8/site-packages/airflow/example_dags/example_task_group_decorator.py
[2024-03-29T11:33:15.064+0000] {processor.py:830} INFO - Processing file /home/airflow/.local/lib/python3.8/site-packages/airflow/example_dags/example_task_group_decorator.py for tasks to queue
[2024-03-29T11:33:15.072+0000] {logging_mixin.py:188} INFO - [2024-03-29T11:33:15.071+0000] {dagbag.py:540} INFO - Filling up the DagBag from /home/airflow/.local/lib/python3.8/site-packages/airflow/example_dags/example_task_group_decorator.py
[2024-03-29T11:33:15.104+0000] {processor.py:840} INFO - DAG(s) 'example_task_group_decorator' retrieved from /home/airflow/.local/lib/python3.8/site-packages/airflow/example_dags/example_task_group_decorator.py
[2024-03-29T11:33:15.132+0000] {logging_mixin.py:188} INFO - [2024-03-29T11:33:15.132+0000] {dag.py:3047} INFO - Sync 1 DAGs
[2024-03-29T11:33:15.165+0000] {logging_mixin.py:188} INFO - [2024-03-29T11:33:15.165+0000] {dag.py:3834} INFO - Setting next_dagrun for example_task_group_decorator to 2024-03-28 00:00:00+00:00, run_after=2024-03-29 00:00:00+00:00
[2024-03-29T11:33:15.199+0000] {processor.py:183} INFO - Processing /home/airflow/.local/lib/python3.8/site-packages/airflow/example_dags/example_task_group_decorator.py took 0.139 seconds
[2024-03-29T11:33:45.752+0000] {processor.py:161} INFO - Started process (PID=193) to work on /home/airflow/.local/lib/python3.8/site-packages/airflow/example_dags/example_task_group_decorator.py
[2024-03-29T11:33:45.761+0000] {processor.py:830} INFO - Processing file /home/airflow/.local/lib/python3.8/site-packages/airflow/example_dags/example_task_group_decorator.py for tasks to queue
[2024-03-29T11:33:45.770+0000] {logging_mixin.py:188} INFO - [2024-03-29T11:33:45.770+0000] {dagbag.py:540} INFO - Filling up the DagBag from /home/airflow/.local/lib/python3.8/site-packages/airflow/example_dags/example_task_group_decorator.py
[2024-03-29T11:33:45.893+0000] {processor.py:840} INFO - DAG(s) 'example_task_group_decorator' retrieved from /home/airflow/.local/lib/python3.8/site-packages/airflow/example_dags/example_task_group_decorator.py
[2024-03-29T11:33:45.974+0000] {logging_mixin.py:188} INFO - [2024-03-29T11:33:45.973+0000] {dag.py:3047} INFO - Sync 1 DAGs
[2024-03-29T11:33:46.078+0000] {logging_mixin.py:188} INFO - [2024-03-29T11:33:46.078+0000] {dag.py:3834} INFO - Setting next_dagrun for example_task_group_decorator to 2024-03-28 00:00:00+00:00, run_after=2024-03-29 00:00:00+00:00
[2024-03-29T11:33:46.210+0000] {processor.py:183} INFO - Processing /home/airflow/.local/lib/python3.8/site-packages/airflow/example_dags/example_task_group_decorator.py took 0.463 seconds
[2024-03-29T11:34:16.397+0000] {processor.py:161} INFO - Started process (PID=248) to work on /home/airflow/.local/lib/python3.8/site-packages/airflow/example_dags/example_task_group_decorator.py
[2024-03-29T11:34:16.398+0000] {processor.py:830} INFO - Processing file /home/airflow/.local/lib/python3.8/site-packages/airflow/example_dags/example_task_group_decorator.py for tasks to queue
[2024-03-29T11:34:16.401+0000] {logging_mixin.py:188} INFO - [2024-03-29T11:34:16.400+0000] {dagbag.py:540} INFO - Filling up the DagBag from /home/airflow/.local/lib/python3.8/site-packages/airflow/example_dags/example_task_group_decorator.py
[2024-03-29T11:34:16.417+0000] {processor.py:840} INFO - DAG(s) 'example_task_group_decorator' retrieved from /home/airflow/.local/lib/python3.8/site-packages/airflow/example_dags/example_task_group_decorator.py
[2024-03-29T11:34:16.429+0000] {logging_mixin.py:188} INFO - [2024-03-29T11:34:16.428+0000] {dag.py:3047} INFO - Sync 1 DAGs
[2024-03-29T11:34:16.454+0000] {logging_mixin.py:188} INFO - [2024-03-29T11:34:16.453+0000] {dag.py:3834} INFO - Setting next_dagrun for example_task_group_decorator to 2024-03-28 00:00:00+00:00, run_after=2024-03-29 00:00:00+00:00
[2024-03-29T11:34:16.477+0000] {processor.py:183} INFO - Processing /home/airflow/.local/lib/python3.8/site-packages/airflow/example_dags/example_task_group_decorator.py took 0.082 seconds
[2024-03-29T11:34:46.547+0000] {processor.py:161} INFO - Started process (PID=304) to work on /home/airflow/.local/lib/python3.8/site-packages/airflow/example_dags/example_task_group_decorator.py
[2024-03-29T11:34:46.551+0000] {processor.py:830} INFO - Processing file /home/airflow/.local/lib/python3.8/site-packages/airflow/example_dags/example_task_group_decorator.py for tasks to queue
[2024-03-29T11:34:46.556+0000] {logging_mixin.py:188} INFO - [2024-03-29T11:34:46.556+0000] {dagbag.py:540} INFO - Filling up the DagBag from /home/airflow/.local/lib/python3.8/site-packages/airflow/example_dags/example_task_group_decorator.py
[2024-03-29T11:34:46.603+0000] {processor.py:840} INFO - DAG(s) 'example_task_group_decorator' retrieved from /home/airflow/.local/lib/python3.8/site-packages/airflow/example_dags/example_task_group_decorator.py
[2024-03-29T11:34:46.617+0000] {logging_mixin.py:188} INFO - [2024-03-29T11:34:46.615+0000] {dag.py:3047} INFO - Sync 1 DAGs
[2024-03-29T11:34:46.640+0000] {logging_mixin.py:188} INFO - [2024-03-29T11:34:46.640+0000] {dag.py:3834} INFO - Setting next_dagrun for example_task_group_decorator to 2024-03-28 00:00:00+00:00, run_after=2024-03-29 00:00:00+00:00
[2024-03-29T11:34:46.663+0000] {processor.py:183} INFO - Processing /home/airflow/.local/lib/python3.8/site-packages/airflow/example_dags/example_task_group_decorator.py took 0.120 seconds
[2024-03-29T11:35:17.193+0000] {processor.py:161} INFO - Started process (PID=359) to work on /home/airflow/.local/lib/python3.8/site-packages/airflow/example_dags/example_task_group_decorator.py
[2024-03-29T11:35:17.195+0000] {processor.py:830} INFO - Processing file /home/airflow/.local/lib/python3.8/site-packages/airflow/example_dags/example_task_group_decorator.py for tasks to queue
[2024-03-29T11:35:17.198+0000] {logging_mixin.py:188} INFO - [2024-03-29T11:35:17.198+0000] {dagbag.py:540} INFO - Filling up the DagBag from /home/airflow/.local/lib/python3.8/site-packages/airflow/example_dags/example_task_group_decorator.py
[2024-03-29T11:35:17.239+0000] {processor.py:840} INFO - DAG(s) 'example_task_group_decorator' retrieved from /home/airflow/.local/lib/python3.8/site-packages/airflow/example_dags/example_task_group_decorator.py
[2024-03-29T11:35:17.252+0000] {logging_mixin.py:188} INFO - [2024-03-29T11:35:17.251+0000] {dag.py:3047} INFO - Sync 1 DAGs
[2024-03-29T11:35:17.295+0000] {logging_mixin.py:188} INFO - [2024-03-29T11:35:17.295+0000] {dag.py:3834} INFO - Setting next_dagrun for example_task_group_decorator to 2024-03-28 00:00:00+00:00, run_after=2024-03-29 00:00:00+00:00
[2024-03-29T11:35:17.335+0000] {processor.py:183} INFO - Processing /home/airflow/.local/lib/python3.8/site-packages/airflow/example_dags/example_task_group_decorator.py took 0.144 seconds
[2024-03-29T11:35:49.886+0000] {processor.py:161} INFO - Started process (PID=415) to work on /home/airflow/.local/lib/python3.8/site-packages/airflow/example_dags/example_task_group_decorator.py
[2024-03-29T11:35:49.888+0000] {processor.py:830} INFO - Processing file /home/airflow/.local/lib/python3.8/site-packages/airflow/example_dags/example_task_group_decorator.py for tasks to queue
[2024-03-29T11:35:49.889+0000] {logging_mixin.py:188} INFO - [2024-03-29T11:35:49.889+0000] {dagbag.py:540} INFO - Filling up the DagBag from /home/airflow/.local/lib/python3.8/site-packages/airflow/example_dags/example_task_group_decorator.py
[2024-03-29T11:35:49.957+0000] {processor.py:840} INFO - DAG(s) 'example_task_group_decorator' retrieved from /home/airflow/.local/lib/python3.8/site-packages/airflow/example_dags/example_task_group_decorator.py
[2024-03-29T11:35:50.193+0000] {logging_mixin.py:188} INFO - [2024-03-29T11:35:50.192+0000] {dag.py:3047} INFO - Sync 1 DAGs
[2024-03-29T11:35:50.234+0000] {logging_mixin.py:188} INFO - [2024-03-29T11:35:50.234+0000] {dag.py:3834} INFO - Setting next_dagrun for example_task_group_decorator to 2024-03-28 00:00:00+00:00, run_after=2024-03-29 00:00:00+00:00
[2024-03-29T11:35:50.258+0000] {processor.py:183} INFO - Processing /home/airflow/.local/lib/python3.8/site-packages/airflow/example_dags/example_task_group_decorator.py took 0.383 seconds
[2024-03-29T11:36:20.779+0000] {processor.py:161} INFO - Started process (PID=471) to work on /home/airflow/.local/lib/python3.8/site-packages/airflow/example_dags/example_task_group_decorator.py
[2024-03-29T11:36:20.780+0000] {processor.py:830} INFO - Processing file /home/airflow/.local/lib/python3.8/site-packages/airflow/example_dags/example_task_group_decorator.py for tasks to queue
[2024-03-29T11:36:20.784+0000] {logging_mixin.py:188} INFO - [2024-03-29T11:36:20.783+0000] {dagbag.py:540} INFO - Filling up the DagBag from /home/airflow/.local/lib/python3.8/site-packages/airflow/example_dags/example_task_group_decorator.py
[2024-03-29T11:36:20.801+0000] {processor.py:840} INFO - DAG(s) 'example_task_group_decorator' retrieved from /home/airflow/.local/lib/python3.8/site-packages/airflow/example_dags/example_task_group_decorator.py
[2024-03-29T11:36:20.826+0000] {logging_mixin.py:188} INFO - [2024-03-29T11:36:20.826+0000] {dag.py:3047} INFO - Sync 1 DAGs
[2024-03-29T11:36:20.854+0000] {logging_mixin.py:188} INFO - [2024-03-29T11:36:20.853+0000] {dag.py:3834} INFO - Setting next_dagrun for example_task_group_decorator to 2024-03-28 00:00:00+00:00, run_after=2024-03-29 00:00:00+00:00
[2024-03-29T11:36:20.878+0000] {processor.py:183} INFO - Processing /home/airflow/.local/lib/python3.8/site-packages/airflow/example_dags/example_task_group_decorator.py took 0.102 seconds
[2024-03-29T11:36:51.676+0000] {processor.py:161} INFO - Started process (PID=527) to work on /home/airflow/.local/lib/python3.8/site-packages/airflow/example_dags/example_task_group_decorator.py
[2024-03-29T11:36:51.677+0000] {processor.py:830} INFO - Processing file /home/airflow/.local/lib/python3.8/site-packages/airflow/example_dags/example_task_group_decorator.py for tasks to queue
[2024-03-29T11:36:51.679+0000] {logging_mixin.py:188} INFO - [2024-03-29T11:36:51.679+0000] {dagbag.py:540} INFO - Filling up the DagBag from /home/airflow/.local/lib/python3.8/site-packages/airflow/example_dags/example_task_group_decorator.py
[2024-03-29T11:36:51.696+0000] {processor.py:840} INFO - DAG(s) 'example_task_group_decorator' retrieved from /home/airflow/.local/lib/python3.8/site-packages/airflow/example_dags/example_task_group_decorator.py
[2024-03-29T11:36:51.724+0000] {logging_mixin.py:188} INFO - [2024-03-29T11:36:51.724+0000] {dag.py:3047} INFO - Sync 1 DAGs
[2024-03-29T11:36:51.750+0000] {logging_mixin.py:188} INFO - [2024-03-29T11:36:51.750+0000] {dag.py:3834} INFO - Setting next_dagrun for example_task_group_decorator to 2024-03-28 00:00:00+00:00, run_after=2024-03-29 00:00:00+00:00
[2024-03-29T11:36:51.776+0000] {processor.py:183} INFO - Processing /home/airflow/.local/lib/python3.8/site-packages/airflow/example_dags/example_task_group_decorator.py took 0.103 seconds
[2024-03-29T11:37:22.296+0000] {processor.py:161} INFO - Started process (PID=583) to work on /home/airflow/.local/lib/python3.8/site-packages/airflow/example_dags/example_task_group_decorator.py
[2024-03-29T11:37:22.300+0000] {processor.py:830} INFO - Processing file /home/airflow/.local/lib/python3.8/site-packages/airflow/example_dags/example_task_group_decorator.py for tasks to queue
[2024-03-29T11:37:22.303+0000] {logging_mixin.py:188} INFO - [2024-03-29T11:37:22.303+0000] {dagbag.py:540} INFO - Filling up the DagBag from /home/airflow/.local/lib/python3.8/site-packages/airflow/example_dags/example_task_group_decorator.py
[2024-03-29T11:37:22.336+0000] {processor.py:840} INFO - DAG(s) 'example_task_group_decorator' retrieved from /home/airflow/.local/lib/python3.8/site-packages/airflow/example_dags/example_task_group_decorator.py
[2024-03-29T11:37:22.377+0000] {logging_mixin.py:188} INFO - [2024-03-29T11:37:22.376+0000] {dag.py:3047} INFO - Sync 1 DAGs
[2024-03-29T11:37:22.410+0000] {logging_mixin.py:188} INFO - [2024-03-29T11:37:22.410+0000] {dag.py:3834} INFO - Setting next_dagrun for example_task_group_decorator to 2024-03-28 00:00:00+00:00, run_after=2024-03-29 00:00:00+00:00
[2024-03-29T11:37:22.446+0000] {processor.py:183} INFO - Processing /home/airflow/.local/lib/python3.8/site-packages/airflow/example_dags/example_task_group_decorator.py took 0.153 seconds
[2024-03-29T11:37:53.255+0000] {processor.py:161} INFO - Started process (PID=640) to work on /home/airflow/.local/lib/python3.8/site-packages/airflow/example_dags/example_task_group_decorator.py
[2024-03-29T11:37:53.257+0000] {processor.py:830} INFO - Processing file /home/airflow/.local/lib/python3.8/site-packages/airflow/example_dags/example_task_group_decorator.py for tasks to queue
[2024-03-29T11:37:53.259+0000] {logging_mixin.py:188} INFO - [2024-03-29T11:37:53.258+0000] {dagbag.py:540} INFO - Filling up the DagBag from /home/airflow/.local/lib/python3.8/site-packages/airflow/example_dags/example_task_group_decorator.py
[2024-03-29T11:37:53.277+0000] {processor.py:840} INFO - DAG(s) 'example_task_group_decorator' retrieved from /home/airflow/.local/lib/python3.8/site-packages/airflow/example_dags/example_task_group_decorator.py
[2024-03-29T11:37:53.310+0000] {logging_mixin.py:188} INFO - [2024-03-29T11:37:53.309+0000] {dag.py:3047} INFO - Sync 1 DAGs
[2024-03-29T11:37:53.336+0000] {logging_mixin.py:188} INFO - [2024-03-29T11:37:53.335+0000] {dag.py:3834} INFO - Setting next_dagrun for example_task_group_decorator to 2024-03-28 00:00:00+00:00, run_after=2024-03-29 00:00:00+00:00
[2024-03-29T11:37:53.382+0000] {processor.py:183} INFO - Processing /home/airflow/.local/lib/python3.8/site-packages/airflow/example_dags/example_task_group_decorator.py took 0.131 seconds
[2024-03-29T11:40:20.406+0000] {processor.py:161} INFO - Started process (PID=89) to work on /home/airflow/.local/lib/python3.8/site-packages/airflow/example_dags/example_task_group_decorator.py
[2024-03-29T11:40:20.407+0000] {processor.py:830} INFO - Processing file /home/airflow/.local/lib/python3.8/site-packages/airflow/example_dags/example_task_group_decorator.py for tasks to queue
[2024-03-29T11:40:20.411+0000] {logging_mixin.py:188} INFO - [2024-03-29T11:40:20.410+0000] {dagbag.py:540} INFO - Filling up the DagBag from /home/airflow/.local/lib/python3.8/site-packages/airflow/example_dags/example_task_group_decorator.py
[2024-03-29T11:40:20.449+0000] {processor.py:840} INFO - DAG(s) 'example_task_group_decorator' retrieved from /home/airflow/.local/lib/python3.8/site-packages/airflow/example_dags/example_task_group_decorator.py
[2024-03-29T11:40:20.688+0000] {logging_mixin.py:188} INFO - [2024-03-29T11:40:20.687+0000] {dag.py:3047} INFO - Sync 1 DAGs
[2024-03-29T11:40:20.736+0000] {logging_mixin.py:188} INFO - [2024-03-29T11:40:20.735+0000] {dag.py:3834} INFO - Setting next_dagrun for example_task_group_decorator to 2024-03-28 00:00:00+00:00, run_after=2024-03-29 00:00:00+00:00
[2024-03-29T11:40:20.781+0000] {processor.py:183} INFO - Processing /home/airflow/.local/lib/python3.8/site-packages/airflow/example_dags/example_task_group_decorator.py took 0.379 seconds
[2024-03-29T11:40:52.094+0000] {processor.py:161} INFO - Started process (PID=146) to work on /home/airflow/.local/lib/python3.8/site-packages/airflow/example_dags/example_task_group_decorator.py
[2024-03-29T11:40:52.098+0000] {processor.py:830} INFO - Processing file /home/airflow/.local/lib/python3.8/site-packages/airflow/example_dags/example_task_group_decorator.py for tasks to queue
[2024-03-29T11:40:52.157+0000] {logging_mixin.py:188} INFO - [2024-03-29T11:40:52.153+0000] {dagbag.py:540} INFO - Filling up the DagBag from /home/airflow/.local/lib/python3.8/site-packages/airflow/example_dags/example_task_group_decorator.py
[2024-03-29T11:40:52.296+0000] {processor.py:840} INFO - DAG(s) 'example_task_group_decorator' retrieved from /home/airflow/.local/lib/python3.8/site-packages/airflow/example_dags/example_task_group_decorator.py
[2024-03-29T11:40:52.465+0000] {logging_mixin.py:188} INFO - [2024-03-29T11:40:52.465+0000] {dag.py:3047} INFO - Sync 1 DAGs
[2024-03-29T11:40:52.587+0000] {logging_mixin.py:188} INFO - [2024-03-29T11:40:52.587+0000] {dag.py:3834} INFO - Setting next_dagrun for example_task_group_decorator to 2024-03-28 00:00:00+00:00, run_after=2024-03-29 00:00:00+00:00
[2024-03-29T11:40:52.658+0000] {processor.py:183} INFO - Processing /home/airflow/.local/lib/python3.8/site-packages/airflow/example_dags/example_task_group_decorator.py took 0.587 seconds
[2024-03-29T11:41:32.749+0000] {processor.py:161} INFO - Started process (PID=201) to work on /home/airflow/.local/lib/python3.8/site-packages/airflow/example_dags/example_task_group_decorator.py
[2024-03-29T11:41:32.763+0000] {processor.py:830} INFO - Processing file /home/airflow/.local/lib/python3.8/site-packages/airflow/example_dags/example_task_group_decorator.py for tasks to queue
[2024-03-29T11:41:32.776+0000] {logging_mixin.py:188} INFO - [2024-03-29T11:41:32.772+0000] {dagbag.py:540} INFO - Filling up the DagBag from /home/airflow/.local/lib/python3.8/site-packages/airflow/example_dags/example_task_group_decorator.py
[2024-03-29T11:41:32.961+0000] {processor.py:840} INFO - DAG(s) 'example_task_group_decorator' retrieved from /home/airflow/.local/lib/python3.8/site-packages/airflow/example_dags/example_task_group_decorator.py
[2024-03-29T11:41:33.258+0000] {logging_mixin.py:188} INFO - [2024-03-29T11:41:33.257+0000] {dag.py:3047} INFO - Sync 1 DAGs
[2024-03-29T11:41:33.347+0000] {logging_mixin.py:188} INFO - [2024-03-29T11:41:33.346+0000] {dag.py:3834} INFO - Setting next_dagrun for example_task_group_decorator to 2024-03-28 00:00:00+00:00, run_after=2024-03-29 00:00:00+00:00
[2024-03-29T11:41:33.560+0000] {processor.py:183} INFO - Processing /home/airflow/.local/lib/python3.8/site-packages/airflow/example_dags/example_task_group_decorator.py took 0.836 seconds
[2024-03-29T11:42:03.807+0000] {processor.py:161} INFO - Started process (PID=257) to work on /home/airflow/.local/lib/python3.8/site-packages/airflow/example_dags/example_task_group_decorator.py
[2024-03-29T11:42:03.813+0000] {processor.py:830} INFO - Processing file /home/airflow/.local/lib/python3.8/site-packages/airflow/example_dags/example_task_group_decorator.py for tasks to queue
[2024-03-29T11:42:03.816+0000] {logging_mixin.py:188} INFO - [2024-03-29T11:42:03.816+0000] {dagbag.py:540} INFO - Filling up the DagBag from /home/airflow/.local/lib/python3.8/site-packages/airflow/example_dags/example_task_group_decorator.py
[2024-03-29T11:42:03.850+0000] {processor.py:840} INFO - DAG(s) 'example_task_group_decorator' retrieved from /home/airflow/.local/lib/python3.8/site-packages/airflow/example_dags/example_task_group_decorator.py
[2024-03-29T11:42:03.938+0000] {logging_mixin.py:188} INFO - [2024-03-29T11:42:03.933+0000] {dag.py:3047} INFO - Sync 1 DAGs
[2024-03-29T11:42:04.031+0000] {logging_mixin.py:188} INFO - [2024-03-29T11:42:04.030+0000] {dag.py:3834} INFO - Setting next_dagrun for example_task_group_decorator to 2024-03-28 00:00:00+00:00, run_after=2024-03-29 00:00:00+00:00
[2024-03-29T11:42:04.109+0000] {processor.py:183} INFO - Processing /home/airflow/.local/lib/python3.8/site-packages/airflow/example_dags/example_task_group_decorator.py took 0.306 seconds
[2024-03-29T11:42:38.750+0000] {processor.py:161} INFO - Started process (PID=313) to work on /home/airflow/.local/lib/python3.8/site-packages/airflow/example_dags/example_task_group_decorator.py
[2024-03-29T11:42:38.754+0000] {processor.py:830} INFO - Processing file /home/airflow/.local/lib/python3.8/site-packages/airflow/example_dags/example_task_group_decorator.py for tasks to queue
[2024-03-29T11:42:38.773+0000] {logging_mixin.py:188} INFO - [2024-03-29T11:42:38.772+0000] {dagbag.py:540} INFO - Filling up the DagBag from /home/airflow/.local/lib/python3.8/site-packages/airflow/example_dags/example_task_group_decorator.py
[2024-03-29T11:42:38.870+0000] {processor.py:840} INFO - DAG(s) 'example_task_group_decorator' retrieved from /home/airflow/.local/lib/python3.8/site-packages/airflow/example_dags/example_task_group_decorator.py
[2024-03-29T11:42:39.078+0000] {logging_mixin.py:188} INFO - [2024-03-29T11:42:39.073+0000] {dag.py:3047} INFO - Sync 1 DAGs
[2024-03-29T11:42:39.196+0000] {logging_mixin.py:188} INFO - [2024-03-29T11:42:39.195+0000] {dag.py:3834} INFO - Setting next_dagrun for example_task_group_decorator to 2024-03-28 00:00:00+00:00, run_after=2024-03-29 00:00:00+00:00
[2024-03-29T11:42:39.330+0000] {processor.py:183} INFO - Processing /home/airflow/.local/lib/python3.8/site-packages/airflow/example_dags/example_task_group_decorator.py took 0.599 seconds
[2024-03-29T11:43:09.573+0000] {processor.py:161} INFO - Started process (PID=369) to work on /home/airflow/.local/lib/python3.8/site-packages/airflow/example_dags/example_task_group_decorator.py
[2024-03-29T11:43:09.583+0000] {processor.py:830} INFO - Processing file /home/airflow/.local/lib/python3.8/site-packages/airflow/example_dags/example_task_group_decorator.py for tasks to queue
[2024-03-29T11:43:09.586+0000] {logging_mixin.py:188} INFO - [2024-03-29T11:43:09.586+0000] {dagbag.py:540} INFO - Filling up the DagBag from /home/airflow/.local/lib/python3.8/site-packages/airflow/example_dags/example_task_group_decorator.py
[2024-03-29T11:43:09.630+0000] {processor.py:840} INFO - DAG(s) 'example_task_group_decorator' retrieved from /home/airflow/.local/lib/python3.8/site-packages/airflow/example_dags/example_task_group_decorator.py
[2024-03-29T11:43:09.676+0000] {logging_mixin.py:188} INFO - [2024-03-29T11:43:09.675+0000] {dag.py:3047} INFO - Sync 1 DAGs
[2024-03-29T11:43:09.717+0000] {logging_mixin.py:188} INFO - [2024-03-29T11:43:09.716+0000] {dag.py:3834} INFO - Setting next_dagrun for example_task_group_decorator to 2024-03-28 00:00:00+00:00, run_after=2024-03-29 00:00:00+00:00
[2024-03-29T11:43:09.780+0000] {processor.py:183} INFO - Processing /home/airflow/.local/lib/python3.8/site-packages/airflow/example_dags/example_task_group_decorator.py took 0.212 seconds
[2024-03-29T11:43:40.003+0000] {processor.py:161} INFO - Started process (PID=424) to work on /home/airflow/.local/lib/python3.8/site-packages/airflow/example_dags/example_task_group_decorator.py
[2024-03-29T11:43:40.004+0000] {processor.py:830} INFO - Processing file /home/airflow/.local/lib/python3.8/site-packages/airflow/example_dags/example_task_group_decorator.py for tasks to queue
[2024-03-29T11:43:40.006+0000] {logging_mixin.py:188} INFO - [2024-03-29T11:43:40.006+0000] {dagbag.py:540} INFO - Filling up the DagBag from /home/airflow/.local/lib/python3.8/site-packages/airflow/example_dags/example_task_group_decorator.py
[2024-03-29T11:43:40.021+0000] {processor.py:840} INFO - DAG(s) 'example_task_group_decorator' retrieved from /home/airflow/.local/lib/python3.8/site-packages/airflow/example_dags/example_task_group_decorator.py
[2024-03-29T11:43:40.048+0000] {logging_mixin.py:188} INFO - [2024-03-29T11:43:40.047+0000] {dag.py:3047} INFO - Sync 1 DAGs
[2024-03-29T11:43:40.071+0000] {logging_mixin.py:188} INFO - [2024-03-29T11:43:40.071+0000] {dag.py:3834} INFO - Setting next_dagrun for example_task_group_decorator to 2024-03-28 00:00:00+00:00, run_after=2024-03-29 00:00:00+00:00
[2024-03-29T11:43:40.117+0000] {processor.py:183} INFO - Processing /home/airflow/.local/lib/python3.8/site-packages/airflow/example_dags/example_task_group_decorator.py took 0.116 seconds
[2024-03-29T11:44:10.729+0000] {processor.py:161} INFO - Started process (PID=480) to work on /home/airflow/.local/lib/python3.8/site-packages/airflow/example_dags/example_task_group_decorator.py
[2024-03-29T11:44:10.731+0000] {processor.py:830} INFO - Processing file /home/airflow/.local/lib/python3.8/site-packages/airflow/example_dags/example_task_group_decorator.py for tasks to queue
[2024-03-29T11:44:10.754+0000] {logging_mixin.py:188} INFO - [2024-03-29T11:44:10.754+0000] {dagbag.py:540} INFO - Filling up the DagBag from /home/airflow/.local/lib/python3.8/site-packages/airflow/example_dags/example_task_group_decorator.py
[2024-03-29T11:44:10.771+0000] {processor.py:840} INFO - DAG(s) 'example_task_group_decorator' retrieved from /home/airflow/.local/lib/python3.8/site-packages/airflow/example_dags/example_task_group_decorator.py
[2024-03-29T11:44:10.799+0000] {logging_mixin.py:188} INFO - [2024-03-29T11:44:10.798+0000] {dag.py:3047} INFO - Sync 1 DAGs
[2024-03-29T11:44:10.825+0000] {logging_mixin.py:188} INFO - [2024-03-29T11:44:10.825+0000] {dag.py:3834} INFO - Setting next_dagrun for example_task_group_decorator to 2024-03-28 00:00:00+00:00, run_after=2024-03-29 00:00:00+00:00
[2024-03-29T11:44:10.871+0000] {processor.py:183} INFO - Processing /home/airflow/.local/lib/python3.8/site-packages/airflow/example_dags/example_task_group_decorator.py took 0.146 seconds
[2024-03-29T11:44:41.786+0000] {processor.py:161} INFO - Started process (PID=536) to work on /home/airflow/.local/lib/python3.8/site-packages/airflow/example_dags/example_task_group_decorator.py
[2024-03-29T11:44:41.787+0000] {processor.py:830} INFO - Processing file /home/airflow/.local/lib/python3.8/site-packages/airflow/example_dags/example_task_group_decorator.py for tasks to queue
[2024-03-29T11:44:41.790+0000] {logging_mixin.py:188} INFO - [2024-03-29T11:44:41.789+0000] {dagbag.py:540} INFO - Filling up the DagBag from /home/airflow/.local/lib/python3.8/site-packages/airflow/example_dags/example_task_group_decorator.py
[2024-03-29T11:44:41.807+0000] {processor.py:840} INFO - DAG(s) 'example_task_group_decorator' retrieved from /home/airflow/.local/lib/python3.8/site-packages/airflow/example_dags/example_task_group_decorator.py
[2024-03-29T11:44:41.835+0000] {logging_mixin.py:188} INFO - [2024-03-29T11:44:41.834+0000] {dag.py:3047} INFO - Sync 1 DAGs
[2024-03-29T11:44:41.867+0000] {logging_mixin.py:188} INFO - [2024-03-29T11:44:41.867+0000] {dag.py:3834} INFO - Setting next_dagrun for example_task_group_decorator to 2024-03-28 00:00:00+00:00, run_after=2024-03-29 00:00:00+00:00
[2024-03-29T11:44:41.888+0000] {processor.py:183} INFO - Processing /home/airflow/.local/lib/python3.8/site-packages/airflow/example_dags/example_task_group_decorator.py took 0.105 seconds
[2024-03-29T11:45:12.130+0000] {processor.py:161} INFO - Started process (PID=592) to work on /home/airflow/.local/lib/python3.8/site-packages/airflow/example_dags/example_task_group_decorator.py
[2024-03-29T11:45:12.131+0000] {processor.py:830} INFO - Processing file /home/airflow/.local/lib/python3.8/site-packages/airflow/example_dags/example_task_group_decorator.py for tasks to queue
[2024-03-29T11:45:12.134+0000] {logging_mixin.py:188} INFO - [2024-03-29T11:45:12.133+0000] {dagbag.py:540} INFO - Filling up the DagBag from /home/airflow/.local/lib/python3.8/site-packages/airflow/example_dags/example_task_group_decorator.py
[2024-03-29T11:45:12.158+0000] {processor.py:840} INFO - DAG(s) 'example_task_group_decorator' retrieved from /home/airflow/.local/lib/python3.8/site-packages/airflow/example_dags/example_task_group_decorator.py
[2024-03-29T11:45:12.201+0000] {logging_mixin.py:188} INFO - [2024-03-29T11:45:12.200+0000] {dag.py:3047} INFO - Sync 1 DAGs
[2024-03-29T11:45:12.259+0000] {logging_mixin.py:188} INFO - [2024-03-29T11:45:12.259+0000] {dag.py:3834} INFO - Setting next_dagrun for example_task_group_decorator to 2024-03-28 00:00:00+00:00, run_after=2024-03-29 00:00:00+00:00
[2024-03-29T11:45:12.300+0000] {processor.py:183} INFO - Processing /home/airflow/.local/lib/python3.8/site-packages/airflow/example_dags/example_task_group_decorator.py took 0.175 seconds
[2024-03-29T11:45:42.807+0000] {processor.py:161} INFO - Started process (PID=648) to work on /home/airflow/.local/lib/python3.8/site-packages/airflow/example_dags/example_task_group_decorator.py
[2024-03-29T11:45:42.808+0000] {processor.py:830} INFO - Processing file /home/airflow/.local/lib/python3.8/site-packages/airflow/example_dags/example_task_group_decorator.py for tasks to queue
[2024-03-29T11:45:42.810+0000] {logging_mixin.py:188} INFO - [2024-03-29T11:45:42.810+0000] {dagbag.py:540} INFO - Filling up the DagBag from /home/airflow/.local/lib/python3.8/site-packages/airflow/example_dags/example_task_group_decorator.py
[2024-03-29T11:45:42.826+0000] {processor.py:840} INFO - DAG(s) 'example_task_group_decorator' retrieved from /home/airflow/.local/lib/python3.8/site-packages/airflow/example_dags/example_task_group_decorator.py
[2024-03-29T11:45:42.865+0000] {logging_mixin.py:188} INFO - [2024-03-29T11:45:42.864+0000] {dag.py:3047} INFO - Sync 1 DAGs
[2024-03-29T11:45:42.899+0000] {logging_mixin.py:188} INFO - [2024-03-29T11:45:42.899+0000] {dag.py:3834} INFO - Setting next_dagrun for example_task_group_decorator to 2024-03-28 00:00:00+00:00, run_after=2024-03-29 00:00:00+00:00
[2024-03-29T11:45:42.931+0000] {processor.py:183} INFO - Processing /home/airflow/.local/lib/python3.8/site-packages/airflow/example_dags/example_task_group_decorator.py took 0.127 seconds
[2024-03-29T11:46:13.035+0000] {processor.py:161} INFO - Started process (PID=703) to work on /home/airflow/.local/lib/python3.8/site-packages/airflow/example_dags/example_task_group_decorator.py
[2024-03-29T11:46:13.036+0000] {processor.py:830} INFO - Processing file /home/airflow/.local/lib/python3.8/site-packages/airflow/example_dags/example_task_group_decorator.py for tasks to queue
[2024-03-29T11:46:13.038+0000] {logging_mixin.py:188} INFO - [2024-03-29T11:46:13.037+0000] {dagbag.py:540} INFO - Filling up the DagBag from /home/airflow/.local/lib/python3.8/site-packages/airflow/example_dags/example_task_group_decorator.py
[2024-03-29T11:46:13.052+0000] {processor.py:840} INFO - DAG(s) 'example_task_group_decorator' retrieved from /home/airflow/.local/lib/python3.8/site-packages/airflow/example_dags/example_task_group_decorator.py
[2024-03-29T11:46:13.080+0000] {logging_mixin.py:188} INFO - [2024-03-29T11:46:13.079+0000] {dag.py:3047} INFO - Sync 1 DAGs
[2024-03-29T11:46:13.110+0000] {logging_mixin.py:188} INFO - [2024-03-29T11:46:13.110+0000] {dag.py:3834} INFO - Setting next_dagrun for example_task_group_decorator to 2024-03-28 00:00:00+00:00, run_after=2024-03-29 00:00:00+00:00
[2024-03-29T11:46:13.139+0000] {processor.py:183} INFO - Processing /home/airflow/.local/lib/python3.8/site-packages/airflow/example_dags/example_task_group_decorator.py took 0.106 seconds
[2024-03-29T11:46:43.672+0000] {processor.py:161} INFO - Started process (PID=759) to work on /home/airflow/.local/lib/python3.8/site-packages/airflow/example_dags/example_task_group_decorator.py
[2024-03-29T11:46:43.674+0000] {processor.py:830} INFO - Processing file /home/airflow/.local/lib/python3.8/site-packages/airflow/example_dags/example_task_group_decorator.py for tasks to queue
[2024-03-29T11:46:43.675+0000] {logging_mixin.py:188} INFO - [2024-03-29T11:46:43.675+0000] {dagbag.py:540} INFO - Filling up the DagBag from /home/airflow/.local/lib/python3.8/site-packages/airflow/example_dags/example_task_group_decorator.py
[2024-03-29T11:46:43.690+0000] {processor.py:840} INFO - DAG(s) 'example_task_group_decorator' retrieved from /home/airflow/.local/lib/python3.8/site-packages/airflow/example_dags/example_task_group_decorator.py
[2024-03-29T11:46:43.715+0000] {logging_mixin.py:188} INFO - [2024-03-29T11:46:43.714+0000] {dag.py:3047} INFO - Sync 1 DAGs
[2024-03-29T11:46:43.736+0000] {logging_mixin.py:188} INFO - [2024-03-29T11:46:43.735+0000] {dag.py:3834} INFO - Setting next_dagrun for example_task_group_decorator to 2024-03-28 00:00:00+00:00, run_after=2024-03-29 00:00:00+00:00
[2024-03-29T11:46:43.759+0000] {processor.py:183} INFO - Processing /home/airflow/.local/lib/python3.8/site-packages/airflow/example_dags/example_task_group_decorator.py took 0.090 seconds
[2024-03-29T11:47:13.906+0000] {processor.py:161} INFO - Started process (PID=815) to work on /home/airflow/.local/lib/python3.8/site-packages/airflow/example_dags/example_task_group_decorator.py
[2024-03-29T11:47:13.907+0000] {processor.py:830} INFO - Processing file /home/airflow/.local/lib/python3.8/site-packages/airflow/example_dags/example_task_group_decorator.py for tasks to queue
[2024-03-29T11:47:13.909+0000] {logging_mixin.py:188} INFO - [2024-03-29T11:47:13.908+0000] {dagbag.py:540} INFO - Filling up the DagBag from /home/airflow/.local/lib/python3.8/site-packages/airflow/example_dags/example_task_group_decorator.py
[2024-03-29T11:47:13.925+0000] {processor.py:840} INFO - DAG(s) 'example_task_group_decorator' retrieved from /home/airflow/.local/lib/python3.8/site-packages/airflow/example_dags/example_task_group_decorator.py
[2024-03-29T11:47:13.950+0000] {logging_mixin.py:188} INFO - [2024-03-29T11:47:13.950+0000] {dag.py:3047} INFO - Sync 1 DAGs
[2024-03-29T11:47:13.973+0000] {logging_mixin.py:188} INFO - [2024-03-29T11:47:13.973+0000] {dag.py:3834} INFO - Setting next_dagrun for example_task_group_decorator to 2024-03-28 00:00:00+00:00, run_after=2024-03-29 00:00:00+00:00
[2024-03-29T11:47:13.999+0000] {processor.py:183} INFO - Processing /home/airflow/.local/lib/python3.8/site-packages/airflow/example_dags/example_task_group_decorator.py took 0.096 seconds
[2024-03-29T11:47:44.648+0000] {processor.py:161} INFO - Started process (PID=871) to work on /home/airflow/.local/lib/python3.8/site-packages/airflow/example_dags/example_task_group_decorator.py
[2024-03-29T11:47:44.649+0000] {processor.py:830} INFO - Processing file /home/airflow/.local/lib/python3.8/site-packages/airflow/example_dags/example_task_group_decorator.py for tasks to queue
[2024-03-29T11:47:44.651+0000] {logging_mixin.py:188} INFO - [2024-03-29T11:47:44.651+0000] {dagbag.py:540} INFO - Filling up the DagBag from /home/airflow/.local/lib/python3.8/site-packages/airflow/example_dags/example_task_group_decorator.py
[2024-03-29T11:47:44.670+0000] {processor.py:840} INFO - DAG(s) 'example_task_group_decorator' retrieved from /home/airflow/.local/lib/python3.8/site-packages/airflow/example_dags/example_task_group_decorator.py
[2024-03-29T11:47:44.705+0000] {logging_mixin.py:188} INFO - [2024-03-29T11:47:44.704+0000] {dag.py:3047} INFO - Sync 1 DAGs
[2024-03-29T11:47:44.734+0000] {logging_mixin.py:188} INFO - [2024-03-29T11:47:44.734+0000] {dag.py:3834} INFO - Setting next_dagrun for example_task_group_decorator to 2024-03-28 00:00:00+00:00, run_after=2024-03-29 00:00:00+00:00
[2024-03-29T11:47:44.765+0000] {processor.py:183} INFO - Processing /home/airflow/.local/lib/python3.8/site-packages/airflow/example_dags/example_task_group_decorator.py took 0.120 seconds
[2024-03-29T11:48:14.886+0000] {processor.py:161} INFO - Started process (PID=927) to work on /home/airflow/.local/lib/python3.8/site-packages/airflow/example_dags/example_task_group_decorator.py
[2024-03-29T11:48:14.887+0000] {processor.py:830} INFO - Processing file /home/airflow/.local/lib/python3.8/site-packages/airflow/example_dags/example_task_group_decorator.py for tasks to queue
[2024-03-29T11:48:14.889+0000] {logging_mixin.py:188} INFO - [2024-03-29T11:48:14.889+0000] {dagbag.py:540} INFO - Filling up the DagBag from /home/airflow/.local/lib/python3.8/site-packages/airflow/example_dags/example_task_group_decorator.py
[2024-03-29T11:48:14.907+0000] {processor.py:840} INFO - DAG(s) 'example_task_group_decorator' retrieved from /home/airflow/.local/lib/python3.8/site-packages/airflow/example_dags/example_task_group_decorator.py
[2024-03-29T11:48:14.935+0000] {logging_mixin.py:188} INFO - [2024-03-29T11:48:14.934+0000] {dag.py:3047} INFO - Sync 1 DAGs
[2024-03-29T11:48:14.963+0000] {logging_mixin.py:188} INFO - [2024-03-29T11:48:14.963+0000] {dag.py:3834} INFO - Setting next_dagrun for example_task_group_decorator to 2024-03-28 00:00:00+00:00, run_after=2024-03-29 00:00:00+00:00
[2024-03-29T11:48:14.984+0000] {processor.py:183} INFO - Processing /home/airflow/.local/lib/python3.8/site-packages/airflow/example_dags/example_task_group_decorator.py took 0.101 seconds
[2024-03-29T11:48:45.545+0000] {processor.py:161} INFO - Started process (PID=982) to work on /home/airflow/.local/lib/python3.8/site-packages/airflow/example_dags/example_task_group_decorator.py
[2024-03-29T11:48:45.545+0000] {processor.py:830} INFO - Processing file /home/airflow/.local/lib/python3.8/site-packages/airflow/example_dags/example_task_group_decorator.py for tasks to queue
[2024-03-29T11:48:45.548+0000] {logging_mixin.py:188} INFO - [2024-03-29T11:48:45.547+0000] {dagbag.py:540} INFO - Filling up the DagBag from /home/airflow/.local/lib/python3.8/site-packages/airflow/example_dags/example_task_group_decorator.py
[2024-03-29T11:48:45.563+0000] {processor.py:840} INFO - DAG(s) 'example_task_group_decorator' retrieved from /home/airflow/.local/lib/python3.8/site-packages/airflow/example_dags/example_task_group_decorator.py
[2024-03-29T11:48:45.588+0000] {logging_mixin.py:188} INFO - [2024-03-29T11:48:45.587+0000] {dag.py:3047} INFO - Sync 1 DAGs
[2024-03-29T11:48:45.609+0000] {logging_mixin.py:188} INFO - [2024-03-29T11:48:45.608+0000] {dag.py:3834} INFO - Setting next_dagrun for example_task_group_decorator to 2024-03-28 00:00:00+00:00, run_after=2024-03-29 00:00:00+00:00
[2024-03-29T11:48:45.628+0000] {processor.py:183} INFO - Processing /home/airflow/.local/lib/python3.8/site-packages/airflow/example_dags/example_task_group_decorator.py took 0.086 seconds
[2024-03-29T11:49:15.814+0000] {processor.py:161} INFO - Started process (PID=1038) to work on /home/airflow/.local/lib/python3.8/site-packages/airflow/example_dags/example_task_group_decorator.py
[2024-03-29T11:49:15.815+0000] {processor.py:830} INFO - Processing file /home/airflow/.local/lib/python3.8/site-packages/airflow/example_dags/example_task_group_decorator.py for tasks to queue
[2024-03-29T11:49:15.817+0000] {logging_mixin.py:188} INFO - [2024-03-29T11:49:15.817+0000] {dagbag.py:540} INFO - Filling up the DagBag from /home/airflow/.local/lib/python3.8/site-packages/airflow/example_dags/example_task_group_decorator.py
[2024-03-29T11:49:15.834+0000] {processor.py:840} INFO - DAG(s) 'example_task_group_decorator' retrieved from /home/airflow/.local/lib/python3.8/site-packages/airflow/example_dags/example_task_group_decorator.py
[2024-03-29T11:49:15.862+0000] {logging_mixin.py:188} INFO - [2024-03-29T11:49:15.861+0000] {dag.py:3047} INFO - Sync 1 DAGs
[2024-03-29T11:49:15.887+0000] {logging_mixin.py:188} INFO - [2024-03-29T11:49:15.887+0000] {dag.py:3834} INFO - Setting next_dagrun for example_task_group_decorator to 2024-03-28 00:00:00+00:00, run_after=2024-03-29 00:00:00+00:00
[2024-03-29T11:49:15.914+0000] {processor.py:183} INFO - Processing /home/airflow/.local/lib/python3.8/site-packages/airflow/example_dags/example_task_group_decorator.py took 0.102 seconds
[2024-03-29T11:49:46.356+0000] {processor.py:161} INFO - Started process (PID=1093) to work on /home/airflow/.local/lib/python3.8/site-packages/airflow/example_dags/example_task_group_decorator.py
[2024-03-29T11:49:46.357+0000] {processor.py:830} INFO - Processing file /home/airflow/.local/lib/python3.8/site-packages/airflow/example_dags/example_task_group_decorator.py for tasks to queue
[2024-03-29T11:49:46.360+0000] {logging_mixin.py:188} INFO - [2024-03-29T11:49:46.359+0000] {dagbag.py:540} INFO - Filling up the DagBag from /home/airflow/.local/lib/python3.8/site-packages/airflow/example_dags/example_task_group_decorator.py
[2024-03-29T11:49:46.383+0000] {processor.py:840} INFO - DAG(s) 'example_task_group_decorator' retrieved from /home/airflow/.local/lib/python3.8/site-packages/airflow/example_dags/example_task_group_decorator.py
[2024-03-29T11:49:46.426+0000] {logging_mixin.py:188} INFO - [2024-03-29T11:49:46.425+0000] {dag.py:3047} INFO - Sync 1 DAGs
[2024-03-29T11:49:46.456+0000] {logging_mixin.py:188} INFO - [2024-03-29T11:49:46.455+0000] {dag.py:3834} INFO - Setting next_dagrun for example_task_group_decorator to 2024-03-28 00:00:00+00:00, run_after=2024-03-29 00:00:00+00:00
[2024-03-29T11:49:46.482+0000] {processor.py:183} INFO - Processing /home/airflow/.local/lib/python3.8/site-packages/airflow/example_dags/example_task_group_decorator.py took 0.131 seconds
[2024-03-29T11:50:16.732+0000] {processor.py:161} INFO - Started process (PID=1149) to work on /home/airflow/.local/lib/python3.8/site-packages/airflow/example_dags/example_task_group_decorator.py
[2024-03-29T11:50:16.734+0000] {processor.py:830} INFO - Processing file /home/airflow/.local/lib/python3.8/site-packages/airflow/example_dags/example_task_group_decorator.py for tasks to queue
[2024-03-29T11:50:16.737+0000] {logging_mixin.py:188} INFO - [2024-03-29T11:50:16.736+0000] {dagbag.py:540} INFO - Filling up the DagBag from /home/airflow/.local/lib/python3.8/site-packages/airflow/example_dags/example_task_group_decorator.py
[2024-03-29T11:50:16.756+0000] {processor.py:840} INFO - DAG(s) 'example_task_group_decorator' retrieved from /home/airflow/.local/lib/python3.8/site-packages/airflow/example_dags/example_task_group_decorator.py
[2024-03-29T11:50:16.783+0000] {logging_mixin.py:188} INFO - [2024-03-29T11:50:16.783+0000] {dag.py:3047} INFO - Sync 1 DAGs
[2024-03-29T11:50:16.810+0000] {logging_mixin.py:188} INFO - [2024-03-29T11:50:16.809+0000] {dag.py:3834} INFO - Setting next_dagrun for example_task_group_decorator to 2024-03-28 00:00:00+00:00, run_after=2024-03-29 00:00:00+00:00
[2024-03-29T11:50:16.834+0000] {processor.py:183} INFO - Processing /home/airflow/.local/lib/python3.8/site-packages/airflow/example_dags/example_task_group_decorator.py took 0.106 seconds
[2024-03-29T11:50:47.497+0000] {processor.py:161} INFO - Started process (PID=1205) to work on /home/airflow/.local/lib/python3.8/site-packages/airflow/example_dags/example_task_group_decorator.py
[2024-03-29T11:50:47.500+0000] {processor.py:830} INFO - Processing file /home/airflow/.local/lib/python3.8/site-packages/airflow/example_dags/example_task_group_decorator.py for tasks to queue
[2024-03-29T11:50:47.502+0000] {logging_mixin.py:188} INFO - [2024-03-29T11:50:47.501+0000] {dagbag.py:540} INFO - Filling up the DagBag from /home/airflow/.local/lib/python3.8/site-packages/airflow/example_dags/example_task_group_decorator.py
[2024-03-29T11:50:47.517+0000] {processor.py:840} INFO - DAG(s) 'example_task_group_decorator' retrieved from /home/airflow/.local/lib/python3.8/site-packages/airflow/example_dags/example_task_group_decorator.py
[2024-03-29T11:50:47.547+0000] {logging_mixin.py:188} INFO - [2024-03-29T11:50:47.545+0000] {dag.py:3047} INFO - Sync 1 DAGs
[2024-03-29T11:50:47.579+0000] {logging_mixin.py:188} INFO - [2024-03-29T11:50:47.578+0000] {dag.py:3834} INFO - Setting next_dagrun for example_task_group_decorator to 2024-03-28 00:00:00+00:00, run_after=2024-03-29 00:00:00+00:00
[2024-03-29T11:50:47.604+0000] {processor.py:183} INFO - Processing /home/airflow/.local/lib/python3.8/site-packages/airflow/example_dags/example_task_group_decorator.py took 0.110 seconds
[2024-03-29T11:51:18.336+0000] {processor.py:161} INFO - Started process (PID=1261) to work on /home/airflow/.local/lib/python3.8/site-packages/airflow/example_dags/example_task_group_decorator.py
[2024-03-29T11:51:18.339+0000] {processor.py:830} INFO - Processing file /home/airflow/.local/lib/python3.8/site-packages/airflow/example_dags/example_task_group_decorator.py for tasks to queue
[2024-03-29T11:51:18.343+0000] {logging_mixin.py:188} INFO - [2024-03-29T11:51:18.342+0000] {dagbag.py:540} INFO - Filling up the DagBag from /home/airflow/.local/lib/python3.8/site-packages/airflow/example_dags/example_task_group_decorator.py
[2024-03-29T11:51:18.367+0000] {processor.py:840} INFO - DAG(s) 'example_task_group_decorator' retrieved from /home/airflow/.local/lib/python3.8/site-packages/airflow/example_dags/example_task_group_decorator.py
[2024-03-29T11:51:18.409+0000] {logging_mixin.py:188} INFO - [2024-03-29T11:51:18.409+0000] {dag.py:3047} INFO - Sync 1 DAGs
[2024-03-29T11:51:18.441+0000] {logging_mixin.py:188} INFO - [2024-03-29T11:51:18.440+0000] {dag.py:3834} INFO - Setting next_dagrun for example_task_group_decorator to 2024-03-28 00:00:00+00:00, run_after=2024-03-29 00:00:00+00:00
[2024-03-29T11:51:18.465+0000] {processor.py:183} INFO - Processing /home/airflow/.local/lib/python3.8/site-packages/airflow/example_dags/example_task_group_decorator.py took 0.132 seconds
[2024-03-29T11:51:48.635+0000] {processor.py:161} INFO - Started process (PID=1318) to work on /home/airflow/.local/lib/python3.8/site-packages/airflow/example_dags/example_task_group_decorator.py
[2024-03-29T11:51:48.638+0000] {processor.py:830} INFO - Processing file /home/airflow/.local/lib/python3.8/site-packages/airflow/example_dags/example_task_group_decorator.py for tasks to queue
[2024-03-29T11:51:48.641+0000] {logging_mixin.py:188} INFO - [2024-03-29T11:51:48.640+0000] {dagbag.py:540} INFO - Filling up the DagBag from /home/airflow/.local/lib/python3.8/site-packages/airflow/example_dags/example_task_group_decorator.py
[2024-03-29T11:51:48.660+0000] {processor.py:840} INFO - DAG(s) 'example_task_group_decorator' retrieved from /home/airflow/.local/lib/python3.8/site-packages/airflow/example_dags/example_task_group_decorator.py
[2024-03-29T11:51:48.690+0000] {logging_mixin.py:188} INFO - [2024-03-29T11:51:48.689+0000] {dag.py:3047} INFO - Sync 1 DAGs
[2024-03-29T11:51:48.719+0000] {logging_mixin.py:188} INFO - [2024-03-29T11:51:48.719+0000] {dag.py:3834} INFO - Setting next_dagrun for example_task_group_decorator to 2024-03-28 00:00:00+00:00, run_after=2024-03-29 00:00:00+00:00
[2024-03-29T11:51:48.745+0000] {processor.py:183} INFO - Processing /home/airflow/.local/lib/python3.8/site-packages/airflow/example_dags/example_task_group_decorator.py took 0.114 seconds
[2024-03-29T11:52:19.510+0000] {processor.py:161} INFO - Started process (PID=1373) to work on /home/airflow/.local/lib/python3.8/site-packages/airflow/example_dags/example_task_group_decorator.py
[2024-03-29T11:52:19.511+0000] {processor.py:830} INFO - Processing file /home/airflow/.local/lib/python3.8/site-packages/airflow/example_dags/example_task_group_decorator.py for tasks to queue
[2024-03-29T11:52:19.513+0000] {logging_mixin.py:188} INFO - [2024-03-29T11:52:19.513+0000] {dagbag.py:540} INFO - Filling up the DagBag from /home/airflow/.local/lib/python3.8/site-packages/airflow/example_dags/example_task_group_decorator.py
[2024-03-29T11:52:19.546+0000] {processor.py:840} INFO - DAG(s) 'example_task_group_decorator' retrieved from /home/airflow/.local/lib/python3.8/site-packages/airflow/example_dags/example_task_group_decorator.py
[2024-03-29T11:52:19.583+0000] {logging_mixin.py:188} INFO - [2024-03-29T11:52:19.582+0000] {dag.py:3047} INFO - Sync 1 DAGs
[2024-03-29T11:52:19.625+0000] {logging_mixin.py:188} INFO - [2024-03-29T11:52:19.625+0000] {dag.py:3834} INFO - Setting next_dagrun for example_task_group_decorator to 2024-03-28 00:00:00+00:00, run_after=2024-03-29 00:00:00+00:00
[2024-03-29T11:52:19.877+0000] {processor.py:183} INFO - Processing /home/airflow/.local/lib/python3.8/site-packages/airflow/example_dags/example_task_group_decorator.py took 0.372 seconds
[2024-03-29T11:52:50.704+0000] {processor.py:161} INFO - Started process (PID=1435) to work on /home/airflow/.local/lib/python3.8/site-packages/airflow/example_dags/example_task_group_decorator.py
[2024-03-29T11:52:50.705+0000] {processor.py:830} INFO - Processing file /home/airflow/.local/lib/python3.8/site-packages/airflow/example_dags/example_task_group_decorator.py for tasks to queue
[2024-03-29T11:52:50.707+0000] {logging_mixin.py:188} INFO - [2024-03-29T11:52:50.707+0000] {dagbag.py:540} INFO - Filling up the DagBag from /home/airflow/.local/lib/python3.8/site-packages/airflow/example_dags/example_task_group_decorator.py
[2024-03-29T11:52:50.730+0000] {processor.py:840} INFO - DAG(s) 'example_task_group_decorator' retrieved from /home/airflow/.local/lib/python3.8/site-packages/airflow/example_dags/example_task_group_decorator.py
[2024-03-29T11:52:50.765+0000] {logging_mixin.py:188} INFO - [2024-03-29T11:52:50.765+0000] {dag.py:3047} INFO - Sync 1 DAGs
[2024-03-29T11:52:50.793+0000] {logging_mixin.py:188} INFO - [2024-03-29T11:52:50.793+0000] {dag.py:3834} INFO - Setting next_dagrun for example_task_group_decorator to 2024-03-28 00:00:00+00:00, run_after=2024-03-29 00:00:00+00:00
[2024-03-29T11:52:50.820+0000] {processor.py:183} INFO - Processing /home/airflow/.local/lib/python3.8/site-packages/airflow/example_dags/example_task_group_decorator.py took 0.120 seconds
[2024-03-29T11:53:20.938+0000] {processor.py:161} INFO - Started process (PID=1492) to work on /home/airflow/.local/lib/python3.8/site-packages/airflow/example_dags/example_task_group_decorator.py
[2024-03-29T11:53:20.940+0000] {processor.py:830} INFO - Processing file /home/airflow/.local/lib/python3.8/site-packages/airflow/example_dags/example_task_group_decorator.py for tasks to queue
[2024-03-29T11:53:20.941+0000] {logging_mixin.py:188} INFO - [2024-03-29T11:53:20.941+0000] {dagbag.py:540} INFO - Filling up the DagBag from /home/airflow/.local/lib/python3.8/site-packages/airflow/example_dags/example_task_group_decorator.py
[2024-03-29T11:53:20.965+0000] {processor.py:840} INFO - DAG(s) 'example_task_group_decorator' retrieved from /home/airflow/.local/lib/python3.8/site-packages/airflow/example_dags/example_task_group_decorator.py
[2024-03-29T11:53:20.996+0000] {logging_mixin.py:188} INFO - [2024-03-29T11:53:20.996+0000] {dag.py:3047} INFO - Sync 1 DAGs
[2024-03-29T11:53:21.025+0000] {logging_mixin.py:188} INFO - [2024-03-29T11:53:21.024+0000] {dag.py:3834} INFO - Setting next_dagrun for example_task_group_decorator to 2024-03-28 00:00:00+00:00, run_after=2024-03-29 00:00:00+00:00
[2024-03-29T11:53:21.054+0000] {processor.py:183} INFO - Processing /home/airflow/.local/lib/python3.8/site-packages/airflow/example_dags/example_task_group_decorator.py took 0.119 seconds
[2024-03-29T11:53:51.169+0000] {processor.py:161} INFO - Started process (PID=1548) to work on /home/airflow/.local/lib/python3.8/site-packages/airflow/example_dags/example_task_group_decorator.py
[2024-03-29T11:53:51.170+0000] {processor.py:830} INFO - Processing file /home/airflow/.local/lib/python3.8/site-packages/airflow/example_dags/example_task_group_decorator.py for tasks to queue
[2024-03-29T11:53:51.172+0000] {logging_mixin.py:188} INFO - [2024-03-29T11:53:51.172+0000] {dagbag.py:540} INFO - Filling up the DagBag from /home/airflow/.local/lib/python3.8/site-packages/airflow/example_dags/example_task_group_decorator.py
[2024-03-29T11:53:51.190+0000] {processor.py:840} INFO - DAG(s) 'example_task_group_decorator' retrieved from /home/airflow/.local/lib/python3.8/site-packages/airflow/example_dags/example_task_group_decorator.py
[2024-03-29T11:53:51.222+0000] {logging_mixin.py:188} INFO - [2024-03-29T11:53:51.222+0000] {dag.py:3047} INFO - Sync 1 DAGs
[2024-03-29T11:53:51.248+0000] {logging_mixin.py:188} INFO - [2024-03-29T11:53:51.248+0000] {dag.py:3834} INFO - Setting next_dagrun for example_task_group_decorator to 2024-03-28 00:00:00+00:00, run_after=2024-03-29 00:00:00+00:00
[2024-03-29T11:53:51.282+0000] {processor.py:183} INFO - Processing /home/airflow/.local/lib/python3.8/site-packages/airflow/example_dags/example_task_group_decorator.py took 0.116 seconds
[2024-03-29T11:54:21.885+0000] {processor.py:161} INFO - Started process (PID=1604) to work on /home/airflow/.local/lib/python3.8/site-packages/airflow/example_dags/example_task_group_decorator.py
[2024-03-29T11:54:21.888+0000] {processor.py:830} INFO - Processing file /home/airflow/.local/lib/python3.8/site-packages/airflow/example_dags/example_task_group_decorator.py for tasks to queue
[2024-03-29T11:54:21.895+0000] {logging_mixin.py:188} INFO - [2024-03-29T11:54:21.894+0000] {dagbag.py:540} INFO - Filling up the DagBag from /home/airflow/.local/lib/python3.8/site-packages/airflow/example_dags/example_task_group_decorator.py
[2024-03-29T11:54:21.931+0000] {processor.py:840} INFO - DAG(s) 'example_task_group_decorator' retrieved from /home/airflow/.local/lib/python3.8/site-packages/airflow/example_dags/example_task_group_decorator.py
[2024-03-29T11:54:21.982+0000] {logging_mixin.py:188} INFO - [2024-03-29T11:54:21.981+0000] {dag.py:3047} INFO - Sync 1 DAGs
[2024-03-29T11:54:22.016+0000] {logging_mixin.py:188} INFO - [2024-03-29T11:54:22.015+0000] {dag.py:3834} INFO - Setting next_dagrun for example_task_group_decorator to 2024-03-28 00:00:00+00:00, run_after=2024-03-29 00:00:00+00:00
[2024-03-29T11:54:22.066+0000] {processor.py:183} INFO - Processing /home/airflow/.local/lib/python3.8/site-packages/airflow/example_dags/example_task_group_decorator.py took 0.185 seconds
[2024-03-29T11:54:52.616+0000] {processor.py:161} INFO - Started process (PID=1660) to work on /home/airflow/.local/lib/python3.8/site-packages/airflow/example_dags/example_task_group_decorator.py
[2024-03-29T11:54:52.618+0000] {processor.py:830} INFO - Processing file /home/airflow/.local/lib/python3.8/site-packages/airflow/example_dags/example_task_group_decorator.py for tasks to queue
[2024-03-29T11:54:52.622+0000] {logging_mixin.py:188} INFO - [2024-03-29T11:54:52.622+0000] {dagbag.py:540} INFO - Filling up the DagBag from /home/airflow/.local/lib/python3.8/site-packages/airflow/example_dags/example_task_group_decorator.py
[2024-03-29T11:54:52.659+0000] {processor.py:840} INFO - DAG(s) 'example_task_group_decorator' retrieved from /home/airflow/.local/lib/python3.8/site-packages/airflow/example_dags/example_task_group_decorator.py
[2024-03-29T11:54:52.706+0000] {logging_mixin.py:188} INFO - [2024-03-29T11:54:52.706+0000] {dag.py:3047} INFO - Sync 1 DAGs
[2024-03-29T11:54:52.737+0000] {logging_mixin.py:188} INFO - [2024-03-29T11:54:52.737+0000] {dag.py:3834} INFO - Setting next_dagrun for example_task_group_decorator to 2024-03-28 00:00:00+00:00, run_after=2024-03-29 00:00:00+00:00
[2024-03-29T11:54:52.760+0000] {processor.py:183} INFO - Processing /home/airflow/.local/lib/python3.8/site-packages/airflow/example_dags/example_task_group_decorator.py took 0.147 seconds
[2024-03-29T11:55:23.411+0000] {processor.py:161} INFO - Started process (PID=1717) to work on /home/airflow/.local/lib/python3.8/site-packages/airflow/example_dags/example_task_group_decorator.py
[2024-03-29T11:55:23.412+0000] {processor.py:830} INFO - Processing file /home/airflow/.local/lib/python3.8/site-packages/airflow/example_dags/example_task_group_decorator.py for tasks to queue
[2024-03-29T11:55:23.414+0000] {logging_mixin.py:188} INFO - [2024-03-29T11:55:23.413+0000] {dagbag.py:540} INFO - Filling up the DagBag from /home/airflow/.local/lib/python3.8/site-packages/airflow/example_dags/example_task_group_decorator.py
[2024-03-29T11:55:23.433+0000] {processor.py:840} INFO - DAG(s) 'example_task_group_decorator' retrieved from /home/airflow/.local/lib/python3.8/site-packages/airflow/example_dags/example_task_group_decorator.py
[2024-03-29T11:55:23.464+0000] {logging_mixin.py:188} INFO - [2024-03-29T11:55:23.463+0000] {dag.py:3047} INFO - Sync 1 DAGs
[2024-03-29T11:55:23.489+0000] {logging_mixin.py:188} INFO - [2024-03-29T11:55:23.489+0000] {dag.py:3834} INFO - Setting next_dagrun for example_task_group_decorator to 2024-03-28 00:00:00+00:00, run_after=2024-03-29 00:00:00+00:00
[2024-03-29T11:55:23.515+0000] {processor.py:183} INFO - Processing /home/airflow/.local/lib/python3.8/site-packages/airflow/example_dags/example_task_group_decorator.py took 0.106 seconds
[2024-03-29T11:55:54.061+0000] {processor.py:161} INFO - Started process (PID=1773) to work on /home/airflow/.local/lib/python3.8/site-packages/airflow/example_dags/example_task_group_decorator.py
[2024-03-29T11:55:54.062+0000] {processor.py:830} INFO - Processing file /home/airflow/.local/lib/python3.8/site-packages/airflow/example_dags/example_task_group_decorator.py for tasks to queue
[2024-03-29T11:55:54.064+0000] {logging_mixin.py:188} INFO - [2024-03-29T11:55:54.064+0000] {dagbag.py:540} INFO - Filling up the DagBag from /home/airflow/.local/lib/python3.8/site-packages/airflow/example_dags/example_task_group_decorator.py
[2024-03-29T11:55:54.087+0000] {processor.py:840} INFO - DAG(s) 'example_task_group_decorator' retrieved from /home/airflow/.local/lib/python3.8/site-packages/airflow/example_dags/example_task_group_decorator.py
[2024-03-29T11:55:54.114+0000] {logging_mixin.py:188} INFO - [2024-03-29T11:55:54.113+0000] {dag.py:3047} INFO - Sync 1 DAGs
[2024-03-29T11:55:54.137+0000] {logging_mixin.py:188} INFO - [2024-03-29T11:55:54.137+0000] {dag.py:3834} INFO - Setting next_dagrun for example_task_group_decorator to 2024-03-28 00:00:00+00:00, run_after=2024-03-29 00:00:00+00:00
[2024-03-29T11:55:54.163+0000] {processor.py:183} INFO - Processing /home/airflow/.local/lib/python3.8/site-packages/airflow/example_dags/example_task_group_decorator.py took 0.105 seconds
[2024-03-29T11:56:24.419+0000] {processor.py:161} INFO - Started process (PID=1830) to work on /home/airflow/.local/lib/python3.8/site-packages/airflow/example_dags/example_task_group_decorator.py
[2024-03-29T11:56:24.420+0000] {processor.py:830} INFO - Processing file /home/airflow/.local/lib/python3.8/site-packages/airflow/example_dags/example_task_group_decorator.py for tasks to queue
[2024-03-29T11:56:24.422+0000] {logging_mixin.py:188} INFO - [2024-03-29T11:56:24.422+0000] {dagbag.py:540} INFO - Filling up the DagBag from /home/airflow/.local/lib/python3.8/site-packages/airflow/example_dags/example_task_group_decorator.py
[2024-03-29T11:56:24.449+0000] {processor.py:840} INFO - DAG(s) 'example_task_group_decorator' retrieved from /home/airflow/.local/lib/python3.8/site-packages/airflow/example_dags/example_task_group_decorator.py
[2024-03-29T11:56:24.478+0000] {logging_mixin.py:188} INFO - [2024-03-29T11:56:24.477+0000] {dag.py:3047} INFO - Sync 1 DAGs
[2024-03-29T11:56:24.665+0000] {logging_mixin.py:188} INFO - [2024-03-29T11:56:24.665+0000] {dag.py:3834} INFO - Setting next_dagrun for example_task_group_decorator to 2024-03-28 00:00:00+00:00, run_after=2024-03-29 00:00:00+00:00
[2024-03-29T11:56:24.689+0000] {processor.py:183} INFO - Processing /home/airflow/.local/lib/python3.8/site-packages/airflow/example_dags/example_task_group_decorator.py took 0.273 seconds
[2024-03-29T11:56:54.917+0000] {processor.py:161} INFO - Started process (PID=1887) to work on /home/airflow/.local/lib/python3.8/site-packages/airflow/example_dags/example_task_group_decorator.py
[2024-03-29T11:56:54.918+0000] {processor.py:830} INFO - Processing file /home/airflow/.local/lib/python3.8/site-packages/airflow/example_dags/example_task_group_decorator.py for tasks to queue
[2024-03-29T11:56:54.920+0000] {logging_mixin.py:188} INFO - [2024-03-29T11:56:54.919+0000] {dagbag.py:540} INFO - Filling up the DagBag from /home/airflow/.local/lib/python3.8/site-packages/airflow/example_dags/example_task_group_decorator.py
[2024-03-29T11:56:54.939+0000] {processor.py:840} INFO - DAG(s) 'example_task_group_decorator' retrieved from /home/airflow/.local/lib/python3.8/site-packages/airflow/example_dags/example_task_group_decorator.py
[2024-03-29T11:56:54.970+0000] {logging_mixin.py:188} INFO - [2024-03-29T11:56:54.970+0000] {dag.py:3047} INFO - Sync 1 DAGs
[2024-03-29T11:56:54.992+0000] {logging_mixin.py:188} INFO - [2024-03-29T11:56:54.992+0000] {dag.py:3834} INFO - Setting next_dagrun for example_task_group_decorator to 2024-03-28 00:00:00+00:00, run_after=2024-03-29 00:00:00+00:00
[2024-03-29T11:56:55.023+0000] {processor.py:183} INFO - Processing /home/airflow/.local/lib/python3.8/site-packages/airflow/example_dags/example_task_group_decorator.py took 0.108 seconds
[2024-03-29T11:57:25.583+0000] {processor.py:161} INFO - Started process (PID=1943) to work on /home/airflow/.local/lib/python3.8/site-packages/airflow/example_dags/example_task_group_decorator.py
[2024-03-29T11:57:25.584+0000] {processor.py:830} INFO - Processing file /home/airflow/.local/lib/python3.8/site-packages/airflow/example_dags/example_task_group_decorator.py for tasks to queue
[2024-03-29T11:57:25.586+0000] {logging_mixin.py:188} INFO - [2024-03-29T11:57:25.586+0000] {dagbag.py:540} INFO - Filling up the DagBag from /home/airflow/.local/lib/python3.8/site-packages/airflow/example_dags/example_task_group_decorator.py
[2024-03-29T11:57:25.609+0000] {processor.py:840} INFO - DAG(s) 'example_task_group_decorator' retrieved from /home/airflow/.local/lib/python3.8/site-packages/airflow/example_dags/example_task_group_decorator.py
[2024-03-29T11:57:25.644+0000] {logging_mixin.py:188} INFO - [2024-03-29T11:57:25.644+0000] {dag.py:3047} INFO - Sync 1 DAGs
[2024-03-29T11:57:25.669+0000] {logging_mixin.py:188} INFO - [2024-03-29T11:57:25.669+0000] {dag.py:3834} INFO - Setting next_dagrun for example_task_group_decorator to 2024-03-28 00:00:00+00:00, run_after=2024-03-29 00:00:00+00:00
[2024-03-29T11:57:25.700+0000] {processor.py:183} INFO - Processing /home/airflow/.local/lib/python3.8/site-packages/airflow/example_dags/example_task_group_decorator.py took 0.120 seconds
[2024-03-29T11:57:55.933+0000] {processor.py:161} INFO - Started process (PID=1999) to work on /home/airflow/.local/lib/python3.8/site-packages/airflow/example_dags/example_task_group_decorator.py
[2024-03-29T11:57:55.935+0000] {processor.py:830} INFO - Processing file /home/airflow/.local/lib/python3.8/site-packages/airflow/example_dags/example_task_group_decorator.py for tasks to queue
[2024-03-29T11:57:55.937+0000] {logging_mixin.py:188} INFO - [2024-03-29T11:57:55.937+0000] {dagbag.py:540} INFO - Filling up the DagBag from /home/airflow/.local/lib/python3.8/site-packages/airflow/example_dags/example_task_group_decorator.py
[2024-03-29T11:57:55.962+0000] {processor.py:840} INFO - DAG(s) 'example_task_group_decorator' retrieved from /home/airflow/.local/lib/python3.8/site-packages/airflow/example_dags/example_task_group_decorator.py
[2024-03-29T11:57:55.998+0000] {logging_mixin.py:188} INFO - [2024-03-29T11:57:55.998+0000] {dag.py:3047} INFO - Sync 1 DAGs
[2024-03-29T11:57:56.020+0000] {logging_mixin.py:188} INFO - [2024-03-29T11:57:56.020+0000] {dag.py:3834} INFO - Setting next_dagrun for example_task_group_decorator to 2024-03-28 00:00:00+00:00, run_after=2024-03-29 00:00:00+00:00
[2024-03-29T11:57:56.043+0000] {processor.py:183} INFO - Processing /home/airflow/.local/lib/python3.8/site-packages/airflow/example_dags/example_task_group_decorator.py took 0.113 seconds
[2024-03-29T11:58:26.276+0000] {processor.py:161} INFO - Started process (PID=2054) to work on /home/airflow/.local/lib/python3.8/site-packages/airflow/example_dags/example_task_group_decorator.py
[2024-03-29T11:58:26.277+0000] {processor.py:830} INFO - Processing file /home/airflow/.local/lib/python3.8/site-packages/airflow/example_dags/example_task_group_decorator.py for tasks to queue
[2024-03-29T11:58:26.279+0000] {logging_mixin.py:188} INFO - [2024-03-29T11:58:26.279+0000] {dagbag.py:540} INFO - Filling up the DagBag from /home/airflow/.local/lib/python3.8/site-packages/airflow/example_dags/example_task_group_decorator.py
[2024-03-29T11:58:26.302+0000] {processor.py:840} INFO - DAG(s) 'example_task_group_decorator' retrieved from /home/airflow/.local/lib/python3.8/site-packages/airflow/example_dags/example_task_group_decorator.py
[2024-03-29T11:58:26.347+0000] {logging_mixin.py:188} INFO - [2024-03-29T11:58:26.346+0000] {dag.py:3047} INFO - Sync 1 DAGs
[2024-03-29T11:58:26.381+0000] {logging_mixin.py:188} INFO - [2024-03-29T11:58:26.380+0000] {dag.py:3834} INFO - Setting next_dagrun for example_task_group_decorator to 2024-03-28 00:00:00+00:00, run_after=2024-03-29 00:00:00+00:00
[2024-03-29T11:58:26.409+0000] {processor.py:183} INFO - Processing /home/airflow/.local/lib/python3.8/site-packages/airflow/example_dags/example_task_group_decorator.py took 0.135 seconds
[2024-03-29T11:58:56.752+0000] {processor.py:161} INFO - Started process (PID=2110) to work on /home/airflow/.local/lib/python3.8/site-packages/airflow/example_dags/example_task_group_decorator.py
[2024-03-29T11:58:56.753+0000] {processor.py:830} INFO - Processing file /home/airflow/.local/lib/python3.8/site-packages/airflow/example_dags/example_task_group_decorator.py for tasks to queue
[2024-03-29T11:58:56.756+0000] {logging_mixin.py:188} INFO - [2024-03-29T11:58:56.755+0000] {dagbag.py:540} INFO - Filling up the DagBag from /home/airflow/.local/lib/python3.8/site-packages/airflow/example_dags/example_task_group_decorator.py
[2024-03-29T11:58:56.774+0000] {processor.py:840} INFO - DAG(s) 'example_task_group_decorator' retrieved from /home/airflow/.local/lib/python3.8/site-packages/airflow/example_dags/example_task_group_decorator.py
[2024-03-29T11:58:56.817+0000] {logging_mixin.py:188} INFO - [2024-03-29T11:58:56.816+0000] {dag.py:3047} INFO - Sync 1 DAGs
[2024-03-29T11:58:56.849+0000] {logging_mixin.py:188} INFO - [2024-03-29T11:58:56.849+0000] {dag.py:3834} INFO - Setting next_dagrun for example_task_group_decorator to 2024-03-28 00:00:00+00:00, run_after=2024-03-29 00:00:00+00:00
[2024-03-29T11:58:56.878+0000] {processor.py:183} INFO - Processing /home/airflow/.local/lib/python3.8/site-packages/airflow/example_dags/example_task_group_decorator.py took 0.129 seconds
[2024-03-29T11:59:27.275+0000] {processor.py:161} INFO - Started process (PID=2166) to work on /home/airflow/.local/lib/python3.8/site-packages/airflow/example_dags/example_task_group_decorator.py
[2024-03-29T11:59:27.276+0000] {processor.py:830} INFO - Processing file /home/airflow/.local/lib/python3.8/site-packages/airflow/example_dags/example_task_group_decorator.py for tasks to queue
[2024-03-29T11:59:27.278+0000] {logging_mixin.py:188} INFO - [2024-03-29T11:59:27.278+0000] {dagbag.py:540} INFO - Filling up the DagBag from /home/airflow/.local/lib/python3.8/site-packages/airflow/example_dags/example_task_group_decorator.py
[2024-03-29T11:59:27.300+0000] {processor.py:840} INFO - DAG(s) 'example_task_group_decorator' retrieved from /home/airflow/.local/lib/python3.8/site-packages/airflow/example_dags/example_task_group_decorator.py
[2024-03-29T11:59:27.333+0000] {logging_mixin.py:188} INFO - [2024-03-29T11:59:27.333+0000] {dag.py:3047} INFO - Sync 1 DAGs
[2024-03-29T11:59:27.373+0000] {logging_mixin.py:188} INFO - [2024-03-29T11:59:27.373+0000] {dag.py:3834} INFO - Setting next_dagrun for example_task_group_decorator to 2024-03-28 00:00:00+00:00, run_after=2024-03-29 00:00:00+00:00
[2024-03-29T11:59:27.396+0000] {processor.py:183} INFO - Processing /home/airflow/.local/lib/python3.8/site-packages/airflow/example_dags/example_task_group_decorator.py took 0.123 seconds
