[2024-03-29T11:24:41.918+0000] {processor.py:161} INFO - Started process (PID=75) to work on /home/airflow/.local/lib/python3.8/site-packages/airflow/example_dags/example_trigger_target_dag.py
[2024-03-29T11:24:41.919+0000] {processor.py:830} INFO - Processing file /home/airflow/.local/lib/python3.8/site-packages/airflow/example_dags/example_trigger_target_dag.py for tasks to queue
[2024-03-29T11:24:41.931+0000] {logging_mixin.py:188} INFO - [2024-03-29T11:24:41.930+0000] {dagbag.py:540} INFO - Filling up the DagBag from /home/airflow/.local/lib/python3.8/site-packages/airflow/example_dags/example_trigger_target_dag.py
[2024-03-29T11:24:41.945+0000] {processor.py:840} INFO - DAG(s) 'example_trigger_target_dag' retrieved from /home/airflow/.local/lib/python3.8/site-packages/airflow/example_dags/example_trigger_target_dag.py
[2024-03-29T11:24:42.075+0000] {logging_mixin.py:188} INFO - [2024-03-29T11:24:42.074+0000] {dag.py:3047} INFO - Sync 1 DAGs
[2024-03-29T11:24:42.205+0000] {logging_mixin.py:188} INFO - [2024-03-29T11:24:42.205+0000] {dag.py:3834} INFO - Setting next_dagrun for example_trigger_target_dag to None, run_after=None
[2024-03-29T11:24:42.346+0000] {processor.py:183} INFO - Processing /home/airflow/.local/lib/python3.8/site-packages/airflow/example_dags/example_trigger_target_dag.py took 0.430 seconds
[2024-03-29T11:25:13.163+0000] {processor.py:161} INFO - Started process (PID=131) to work on /home/airflow/.local/lib/python3.8/site-packages/airflow/example_dags/example_trigger_target_dag.py
[2024-03-29T11:25:13.164+0000] {processor.py:830} INFO - Processing file /home/airflow/.local/lib/python3.8/site-packages/airflow/example_dags/example_trigger_target_dag.py for tasks to queue
[2024-03-29T11:25:13.165+0000] {logging_mixin.py:188} INFO - [2024-03-29T11:25:13.165+0000] {dagbag.py:540} INFO - Filling up the DagBag from /home/airflow/.local/lib/python3.8/site-packages/airflow/example_dags/example_trigger_target_dag.py
[2024-03-29T11:25:13.170+0000] {processor.py:840} INFO - DAG(s) 'example_trigger_target_dag' retrieved from /home/airflow/.local/lib/python3.8/site-packages/airflow/example_dags/example_trigger_target_dag.py
[2024-03-29T11:25:13.281+0000] {logging_mixin.py:188} INFO - [2024-03-29T11:25:13.281+0000] {dag.py:3047} INFO - Sync 1 DAGs
[2024-03-29T11:25:13.292+0000] {logging_mixin.py:188} INFO - [2024-03-29T11:25:13.292+0000] {dag.py:3834} INFO - Setting next_dagrun for example_trigger_target_dag to None, run_after=None
[2024-03-29T11:25:13.313+0000] {processor.py:183} INFO - Processing /home/airflow/.local/lib/python3.8/site-packages/airflow/example_dags/example_trigger_target_dag.py took 0.153 seconds
[2024-03-29T11:25:43.369+0000] {processor.py:161} INFO - Started process (PID=186) to work on /home/airflow/.local/lib/python3.8/site-packages/airflow/example_dags/example_trigger_target_dag.py
[2024-03-29T11:25:43.370+0000] {processor.py:830} INFO - Processing file /home/airflow/.local/lib/python3.8/site-packages/airflow/example_dags/example_trigger_target_dag.py for tasks to queue
[2024-03-29T11:25:43.375+0000] {logging_mixin.py:188} INFO - [2024-03-29T11:25:43.374+0000] {dagbag.py:540} INFO - Filling up the DagBag from /home/airflow/.local/lib/python3.8/site-packages/airflow/example_dags/example_trigger_target_dag.py
[2024-03-29T11:25:43.380+0000] {processor.py:840} INFO - DAG(s) 'example_trigger_target_dag' retrieved from /home/airflow/.local/lib/python3.8/site-packages/airflow/example_dags/example_trigger_target_dag.py
[2024-03-29T11:25:43.399+0000] {logging_mixin.py:188} INFO - [2024-03-29T11:25:43.399+0000] {dag.py:3047} INFO - Sync 1 DAGs
[2024-03-29T11:25:43.410+0000] {logging_mixin.py:188} INFO - [2024-03-29T11:25:43.410+0000] {dag.py:3834} INFO - Setting next_dagrun for example_trigger_target_dag to None, run_after=None
[2024-03-29T11:25:43.430+0000] {processor.py:183} INFO - Processing /home/airflow/.local/lib/python3.8/site-packages/airflow/example_dags/example_trigger_target_dag.py took 0.063 seconds
[2024-03-29T11:26:13.745+0000] {processor.py:161} INFO - Started process (PID=241) to work on /home/airflow/.local/lib/python3.8/site-packages/airflow/example_dags/example_trigger_target_dag.py
[2024-03-29T11:26:13.746+0000] {processor.py:830} INFO - Processing file /home/airflow/.local/lib/python3.8/site-packages/airflow/example_dags/example_trigger_target_dag.py for tasks to queue
[2024-03-29T11:26:13.747+0000] {logging_mixin.py:188} INFO - [2024-03-29T11:26:13.747+0000] {dagbag.py:540} INFO - Filling up the DagBag from /home/airflow/.local/lib/python3.8/site-packages/airflow/example_dags/example_trigger_target_dag.py
[2024-03-29T11:26:13.752+0000] {processor.py:840} INFO - DAG(s) 'example_trigger_target_dag' retrieved from /home/airflow/.local/lib/python3.8/site-packages/airflow/example_dags/example_trigger_target_dag.py
[2024-03-29T11:26:13.770+0000] {logging_mixin.py:188} INFO - [2024-03-29T11:26:13.770+0000] {dag.py:3047} INFO - Sync 1 DAGs
[2024-03-29T11:26:13.784+0000] {logging_mixin.py:188} INFO - [2024-03-29T11:26:13.784+0000] {dag.py:3834} INFO - Setting next_dagrun for example_trigger_target_dag to None, run_after=None
[2024-03-29T11:26:13.802+0000] {processor.py:183} INFO - Processing /home/airflow/.local/lib/python3.8/site-packages/airflow/example_dags/example_trigger_target_dag.py took 0.060 seconds
[2024-03-29T11:26:44.012+0000] {processor.py:161} INFO - Started process (PID=297) to work on /home/airflow/.local/lib/python3.8/site-packages/airflow/example_dags/example_trigger_target_dag.py
[2024-03-29T11:26:44.015+0000] {processor.py:830} INFO - Processing file /home/airflow/.local/lib/python3.8/site-packages/airflow/example_dags/example_trigger_target_dag.py for tasks to queue
[2024-03-29T11:26:44.017+0000] {logging_mixin.py:188} INFO - [2024-03-29T11:26:44.017+0000] {dagbag.py:540} INFO - Filling up the DagBag from /home/airflow/.local/lib/python3.8/site-packages/airflow/example_dags/example_trigger_target_dag.py
[2024-03-29T11:26:44.026+0000] {processor.py:840} INFO - DAG(s) 'example_trigger_target_dag' retrieved from /home/airflow/.local/lib/python3.8/site-packages/airflow/example_dags/example_trigger_target_dag.py
[2024-03-29T11:26:44.061+0000] {logging_mixin.py:188} INFO - [2024-03-29T11:26:44.060+0000] {dag.py:3047} INFO - Sync 1 DAGs
[2024-03-29T11:26:44.080+0000] {logging_mixin.py:188} INFO - [2024-03-29T11:26:44.080+0000] {dag.py:3834} INFO - Setting next_dagrun for example_trigger_target_dag to None, run_after=None
[2024-03-29T11:26:44.108+0000] {processor.py:183} INFO - Processing /home/airflow/.local/lib/python3.8/site-packages/airflow/example_dags/example_trigger_target_dag.py took 0.103 seconds
[2024-03-29T11:27:16.123+0000] {processor.py:161} INFO - Started process (PID=353) to work on /home/airflow/.local/lib/python3.8/site-packages/airflow/example_dags/example_trigger_target_dag.py
[2024-03-29T11:27:16.131+0000] {processor.py:830} INFO - Processing file /home/airflow/.local/lib/python3.8/site-packages/airflow/example_dags/example_trigger_target_dag.py for tasks to queue
[2024-03-29T11:27:16.132+0000] {logging_mixin.py:188} INFO - [2024-03-29T11:27:16.132+0000] {dagbag.py:540} INFO - Filling up the DagBag from /home/airflow/.local/lib/python3.8/site-packages/airflow/example_dags/example_trigger_target_dag.py
[2024-03-29T11:27:16.142+0000] {processor.py:840} INFO - DAG(s) 'example_trigger_target_dag' retrieved from /home/airflow/.local/lib/python3.8/site-packages/airflow/example_dags/example_trigger_target_dag.py
[2024-03-29T11:27:16.188+0000] {logging_mixin.py:188} INFO - [2024-03-29T11:27:16.188+0000] {dag.py:3047} INFO - Sync 1 DAGs
[2024-03-29T11:27:16.212+0000] {logging_mixin.py:188} INFO - [2024-03-29T11:27:16.205+0000] {dag.py:3834} INFO - Setting next_dagrun for example_trigger_target_dag to None, run_after=None
[2024-03-29T11:27:16.292+0000] {processor.py:183} INFO - Processing /home/airflow/.local/lib/python3.8/site-packages/airflow/example_dags/example_trigger_target_dag.py took 0.172 seconds
[2024-03-29T11:28:48.963+0000] {processor.py:161} INFO - Started process (PID=75) to work on /home/airflow/.local/lib/python3.8/site-packages/airflow/example_dags/example_trigger_target_dag.py
[2024-03-29T11:28:48.965+0000] {processor.py:830} INFO - Processing file /home/airflow/.local/lib/python3.8/site-packages/airflow/example_dags/example_trigger_target_dag.py for tasks to queue
[2024-03-29T11:28:48.969+0000] {logging_mixin.py:188} INFO - [2024-03-29T11:28:48.968+0000] {dagbag.py:540} INFO - Filling up the DagBag from /home/airflow/.local/lib/python3.8/site-packages/airflow/example_dags/example_trigger_target_dag.py
[2024-03-29T11:28:48.994+0000] {processor.py:840} INFO - DAG(s) 'example_trigger_target_dag' retrieved from /home/airflow/.local/lib/python3.8/site-packages/airflow/example_dags/example_trigger_target_dag.py
[2024-03-29T11:28:49.446+0000] {logging_mixin.py:188} INFO - [2024-03-29T11:28:49.444+0000] {dag.py:3047} INFO - Sync 1 DAGs
[2024-03-29T11:28:49.542+0000] {logging_mixin.py:188} INFO - [2024-03-29T11:28:49.541+0000] {dag.py:3834} INFO - Setting next_dagrun for example_trigger_target_dag to None, run_after=None
[2024-03-29T11:28:49.730+0000] {processor.py:183} INFO - Processing /home/airflow/.local/lib/python3.8/site-packages/airflow/example_dags/example_trigger_target_dag.py took 0.778 seconds
[2024-03-29T11:29:20.010+0000] {processor.py:161} INFO - Started process (PID=131) to work on /home/airflow/.local/lib/python3.8/site-packages/airflow/example_dags/example_trigger_target_dag.py
[2024-03-29T11:29:20.011+0000] {processor.py:830} INFO - Processing file /home/airflow/.local/lib/python3.8/site-packages/airflow/example_dags/example_trigger_target_dag.py for tasks to queue
[2024-03-29T11:29:20.013+0000] {logging_mixin.py:188} INFO - [2024-03-29T11:29:20.013+0000] {dagbag.py:540} INFO - Filling up the DagBag from /home/airflow/.local/lib/python3.8/site-packages/airflow/example_dags/example_trigger_target_dag.py
[2024-03-29T11:29:20.020+0000] {processor.py:840} INFO - DAG(s) 'example_trigger_target_dag' retrieved from /home/airflow/.local/lib/python3.8/site-packages/airflow/example_dags/example_trigger_target_dag.py
[2024-03-29T11:29:20.045+0000] {logging_mixin.py:188} INFO - [2024-03-29T11:29:20.045+0000] {dag.py:3047} INFO - Sync 1 DAGs
[2024-03-29T11:29:20.063+0000] {logging_mixin.py:188} INFO - [2024-03-29T11:29:20.063+0000] {dag.py:3834} INFO - Setting next_dagrun for example_trigger_target_dag to None, run_after=None
[2024-03-29T11:29:20.099+0000] {processor.py:183} INFO - Processing /home/airflow/.local/lib/python3.8/site-packages/airflow/example_dags/example_trigger_target_dag.py took 0.093 seconds
[2024-03-29T11:29:50.314+0000] {processor.py:161} INFO - Started process (PID=187) to work on /home/airflow/.local/lib/python3.8/site-packages/airflow/example_dags/example_trigger_target_dag.py
[2024-03-29T11:29:50.315+0000] {processor.py:830} INFO - Processing file /home/airflow/.local/lib/python3.8/site-packages/airflow/example_dags/example_trigger_target_dag.py for tasks to queue
[2024-03-29T11:29:50.316+0000] {logging_mixin.py:188} INFO - [2024-03-29T11:29:50.316+0000] {dagbag.py:540} INFO - Filling up the DagBag from /home/airflow/.local/lib/python3.8/site-packages/airflow/example_dags/example_trigger_target_dag.py
[2024-03-29T11:29:50.328+0000] {processor.py:840} INFO - DAG(s) 'example_trigger_target_dag' retrieved from /home/airflow/.local/lib/python3.8/site-packages/airflow/example_dags/example_trigger_target_dag.py
[2024-03-29T11:29:50.356+0000] {logging_mixin.py:188} INFO - [2024-03-29T11:29:50.356+0000] {dag.py:3047} INFO - Sync 1 DAGs
[2024-03-29T11:29:50.368+0000] {logging_mixin.py:188} INFO - [2024-03-29T11:29:50.368+0000] {dag.py:3834} INFO - Setting next_dagrun for example_trigger_target_dag to None, run_after=None
[2024-03-29T11:29:50.396+0000] {processor.py:183} INFO - Processing /home/airflow/.local/lib/python3.8/site-packages/airflow/example_dags/example_trigger_target_dag.py took 0.085 seconds
[2024-03-29T11:30:20.899+0000] {processor.py:161} INFO - Started process (PID=243) to work on /home/airflow/.local/lib/python3.8/site-packages/airflow/example_dags/example_trigger_target_dag.py
[2024-03-29T11:30:20.900+0000] {processor.py:830} INFO - Processing file /home/airflow/.local/lib/python3.8/site-packages/airflow/example_dags/example_trigger_target_dag.py for tasks to queue
[2024-03-29T11:30:20.902+0000] {logging_mixin.py:188} INFO - [2024-03-29T11:30:20.902+0000] {dagbag.py:540} INFO - Filling up the DagBag from /home/airflow/.local/lib/python3.8/site-packages/airflow/example_dags/example_trigger_target_dag.py
[2024-03-29T11:30:20.912+0000] {processor.py:840} INFO - DAG(s) 'example_trigger_target_dag' retrieved from /home/airflow/.local/lib/python3.8/site-packages/airflow/example_dags/example_trigger_target_dag.py
[2024-03-29T11:30:20.936+0000] {logging_mixin.py:188} INFO - [2024-03-29T11:30:20.936+0000] {dag.py:3047} INFO - Sync 1 DAGs
[2024-03-29T11:30:20.951+0000] {logging_mixin.py:188} INFO - [2024-03-29T11:30:20.951+0000] {dag.py:3834} INFO - Setting next_dagrun for example_trigger_target_dag to None, run_after=None
[2024-03-29T11:30:20.990+0000] {processor.py:183} INFO - Processing /home/airflow/.local/lib/python3.8/site-packages/airflow/example_dags/example_trigger_target_dag.py took 0.093 seconds
[2024-03-29T11:30:51.801+0000] {processor.py:161} INFO - Started process (PID=299) to work on /home/airflow/.local/lib/python3.8/site-packages/airflow/example_dags/example_trigger_target_dag.py
[2024-03-29T11:30:51.802+0000] {processor.py:830} INFO - Processing file /home/airflow/.local/lib/python3.8/site-packages/airflow/example_dags/example_trigger_target_dag.py for tasks to queue
[2024-03-29T11:30:51.806+0000] {logging_mixin.py:188} INFO - [2024-03-29T11:30:51.805+0000] {dagbag.py:540} INFO - Filling up the DagBag from /home/airflow/.local/lib/python3.8/site-packages/airflow/example_dags/example_trigger_target_dag.py
[2024-03-29T11:30:51.813+0000] {processor.py:840} INFO - DAG(s) 'example_trigger_target_dag' retrieved from /home/airflow/.local/lib/python3.8/site-packages/airflow/example_dags/example_trigger_target_dag.py
[2024-03-29T11:30:51.843+0000] {logging_mixin.py:188} INFO - [2024-03-29T11:30:51.843+0000] {dag.py:3047} INFO - Sync 1 DAGs
[2024-03-29T11:30:51.859+0000] {logging_mixin.py:188} INFO - [2024-03-29T11:30:51.858+0000] {dag.py:3834} INFO - Setting next_dagrun for example_trigger_target_dag to None, run_after=None
[2024-03-29T11:30:51.881+0000] {processor.py:183} INFO - Processing /home/airflow/.local/lib/python3.8/site-packages/airflow/example_dags/example_trigger_target_dag.py took 0.084 seconds
[2024-03-29T11:32:42.021+0000] {processor.py:161} INFO - Started process (PID=75) to work on /home/airflow/.local/lib/python3.8/site-packages/airflow/example_dags/example_trigger_target_dag.py
[2024-03-29T11:32:42.032+0000] {processor.py:830} INFO - Processing file /home/airflow/.local/lib/python3.8/site-packages/airflow/example_dags/example_trigger_target_dag.py for tasks to queue
[2024-03-29T11:32:42.043+0000] {logging_mixin.py:188} INFO - [2024-03-29T11:32:42.042+0000] {dagbag.py:540} INFO - Filling up the DagBag from /home/airflow/.local/lib/python3.8/site-packages/airflow/example_dags/example_trigger_target_dag.py
[2024-03-29T11:32:42.048+0000] {processor.py:840} INFO - DAG(s) 'example_trigger_target_dag' retrieved from /home/airflow/.local/lib/python3.8/site-packages/airflow/example_dags/example_trigger_target_dag.py
[2024-03-29T11:32:42.346+0000] {logging_mixin.py:188} INFO - [2024-03-29T11:32:42.346+0000] {dag.py:3047} INFO - Sync 1 DAGs
[2024-03-29T11:32:42.373+0000] {logging_mixin.py:188} INFO - [2024-03-29T11:32:42.372+0000] {dag.py:3834} INFO - Setting next_dagrun for example_trigger_target_dag to None, run_after=None
[2024-03-29T11:32:42.439+0000] {processor.py:183} INFO - Processing /home/airflow/.local/lib/python3.8/site-packages/airflow/example_dags/example_trigger_target_dag.py took 0.422 seconds
[2024-03-29T11:33:12.854+0000] {processor.py:161} INFO - Started process (PID=131) to work on /home/airflow/.local/lib/python3.8/site-packages/airflow/example_dags/example_trigger_target_dag.py
[2024-03-29T11:33:12.857+0000] {processor.py:830} INFO - Processing file /home/airflow/.local/lib/python3.8/site-packages/airflow/example_dags/example_trigger_target_dag.py for tasks to queue
[2024-03-29T11:33:12.868+0000] {logging_mixin.py:188} INFO - [2024-03-29T11:33:12.868+0000] {dagbag.py:540} INFO - Filling up the DagBag from /home/airflow/.local/lib/python3.8/site-packages/airflow/example_dags/example_trigger_target_dag.py
[2024-03-29T11:33:12.898+0000] {processor.py:840} INFO - DAG(s) 'example_trigger_target_dag' retrieved from /home/airflow/.local/lib/python3.8/site-packages/airflow/example_dags/example_trigger_target_dag.py
[2024-03-29T11:33:12.961+0000] {logging_mixin.py:188} INFO - [2024-03-29T11:33:12.960+0000] {dag.py:3047} INFO - Sync 1 DAGs
[2024-03-29T11:33:13.006+0000] {logging_mixin.py:188} INFO - [2024-03-29T11:33:13.006+0000] {dag.py:3834} INFO - Setting next_dagrun for example_trigger_target_dag to None, run_after=None
[2024-03-29T11:33:13.111+0000] {processor.py:183} INFO - Processing /home/airflow/.local/lib/python3.8/site-packages/airflow/example_dags/example_trigger_target_dag.py took 0.267 seconds
[2024-03-29T11:33:44.829+0000] {processor.py:161} INFO - Started process (PID=186) to work on /home/airflow/.local/lib/python3.8/site-packages/airflow/example_dags/example_trigger_target_dag.py
[2024-03-29T11:33:44.831+0000] {processor.py:830} INFO - Processing file /home/airflow/.local/lib/python3.8/site-packages/airflow/example_dags/example_trigger_target_dag.py for tasks to queue
[2024-03-29T11:33:44.832+0000] {logging_mixin.py:188} INFO - [2024-03-29T11:33:44.832+0000] {dagbag.py:540} INFO - Filling up the DagBag from /home/airflow/.local/lib/python3.8/site-packages/airflow/example_dags/example_trigger_target_dag.py
[2024-03-29T11:33:44.846+0000] {processor.py:840} INFO - DAG(s) 'example_trigger_target_dag' retrieved from /home/airflow/.local/lib/python3.8/site-packages/airflow/example_dags/example_trigger_target_dag.py
[2024-03-29T11:33:44.867+0000] {logging_mixin.py:188} INFO - [2024-03-29T11:33:44.867+0000] {dag.py:3047} INFO - Sync 1 DAGs
[2024-03-29T11:33:44.909+0000] {logging_mixin.py:188} INFO - [2024-03-29T11:33:44.909+0000] {dag.py:3834} INFO - Setting next_dagrun for example_trigger_target_dag to None, run_after=None
[2024-03-29T11:33:44.954+0000] {processor.py:183} INFO - Processing /home/airflow/.local/lib/python3.8/site-packages/airflow/example_dags/example_trigger_target_dag.py took 0.128 seconds
[2024-03-29T11:34:15.464+0000] {processor.py:161} INFO - Started process (PID=241) to work on /home/airflow/.local/lib/python3.8/site-packages/airflow/example_dags/example_trigger_target_dag.py
[2024-03-29T11:34:15.466+0000] {processor.py:830} INFO - Processing file /home/airflow/.local/lib/python3.8/site-packages/airflow/example_dags/example_trigger_target_dag.py for tasks to queue
[2024-03-29T11:34:15.471+0000] {logging_mixin.py:188} INFO - [2024-03-29T11:34:15.471+0000] {dagbag.py:540} INFO - Filling up the DagBag from /home/airflow/.local/lib/python3.8/site-packages/airflow/example_dags/example_trigger_target_dag.py
[2024-03-29T11:34:15.480+0000] {processor.py:840} INFO - DAG(s) 'example_trigger_target_dag' retrieved from /home/airflow/.local/lib/python3.8/site-packages/airflow/example_dags/example_trigger_target_dag.py
[2024-03-29T11:34:15.531+0000] {logging_mixin.py:188} INFO - [2024-03-29T11:34:15.531+0000] {dag.py:3047} INFO - Sync 1 DAGs
[2024-03-29T11:34:15.580+0000] {logging_mixin.py:188} INFO - [2024-03-29T11:34:15.580+0000] {dag.py:3834} INFO - Setting next_dagrun for example_trigger_target_dag to None, run_after=None
[2024-03-29T11:34:15.635+0000] {processor.py:183} INFO - Processing /home/airflow/.local/lib/python3.8/site-packages/airflow/example_dags/example_trigger_target_dag.py took 0.174 seconds
[2024-03-29T11:34:45.712+0000] {processor.py:161} INFO - Started process (PID=297) to work on /home/airflow/.local/lib/python3.8/site-packages/airflow/example_dags/example_trigger_target_dag.py
[2024-03-29T11:34:45.714+0000] {processor.py:830} INFO - Processing file /home/airflow/.local/lib/python3.8/site-packages/airflow/example_dags/example_trigger_target_dag.py for tasks to queue
[2024-03-29T11:34:45.718+0000] {logging_mixin.py:188} INFO - [2024-03-29T11:34:45.717+0000] {dagbag.py:540} INFO - Filling up the DagBag from /home/airflow/.local/lib/python3.8/site-packages/airflow/example_dags/example_trigger_target_dag.py
[2024-03-29T11:34:45.738+0000] {processor.py:840} INFO - DAG(s) 'example_trigger_target_dag' retrieved from /home/airflow/.local/lib/python3.8/site-packages/airflow/example_dags/example_trigger_target_dag.py
[2024-03-29T11:34:45.760+0000] {logging_mixin.py:188} INFO - [2024-03-29T11:34:45.759+0000] {dag.py:3047} INFO - Sync 1 DAGs
[2024-03-29T11:34:45.781+0000] {logging_mixin.py:188} INFO - [2024-03-29T11:34:45.781+0000] {dag.py:3834} INFO - Setting next_dagrun for example_trigger_target_dag to None, run_after=None
[2024-03-29T11:34:45.828+0000] {processor.py:183} INFO - Processing /home/airflow/.local/lib/python3.8/site-packages/airflow/example_dags/example_trigger_target_dag.py took 0.118 seconds
[2024-03-29T11:35:16.568+0000] {processor.py:161} INFO - Started process (PID=352) to work on /home/airflow/.local/lib/python3.8/site-packages/airflow/example_dags/example_trigger_target_dag.py
[2024-03-29T11:35:16.580+0000] {processor.py:830} INFO - Processing file /home/airflow/.local/lib/python3.8/site-packages/airflow/example_dags/example_trigger_target_dag.py for tasks to queue
[2024-03-29T11:35:16.583+0000] {logging_mixin.py:188} INFO - [2024-03-29T11:35:16.582+0000] {dagbag.py:540} INFO - Filling up the DagBag from /home/airflow/.local/lib/python3.8/site-packages/airflow/example_dags/example_trigger_target_dag.py
[2024-03-29T11:35:16.604+0000] {processor.py:840} INFO - DAG(s) 'example_trigger_target_dag' retrieved from /home/airflow/.local/lib/python3.8/site-packages/airflow/example_dags/example_trigger_target_dag.py
[2024-03-29T11:35:16.618+0000] {logging_mixin.py:188} INFO - [2024-03-29T11:35:16.618+0000] {dag.py:3047} INFO - Sync 1 DAGs
[2024-03-29T11:35:16.632+0000] {logging_mixin.py:188} INFO - [2024-03-29T11:35:16.632+0000] {dag.py:3834} INFO - Setting next_dagrun for example_trigger_target_dag to None, run_after=None
[2024-03-29T11:35:16.679+0000] {processor.py:183} INFO - Processing /home/airflow/.local/lib/python3.8/site-packages/airflow/example_dags/example_trigger_target_dag.py took 0.115 seconds
[2024-03-29T11:35:48.142+0000] {processor.py:161} INFO - Started process (PID=408) to work on /home/airflow/.local/lib/python3.8/site-packages/airflow/example_dags/example_trigger_target_dag.py
[2024-03-29T11:35:48.143+0000] {processor.py:830} INFO - Processing file /home/airflow/.local/lib/python3.8/site-packages/airflow/example_dags/example_trigger_target_dag.py for tasks to queue
[2024-03-29T11:35:48.145+0000] {logging_mixin.py:188} INFO - [2024-03-29T11:35:48.145+0000] {dagbag.py:540} INFO - Filling up the DagBag from /home/airflow/.local/lib/python3.8/site-packages/airflow/example_dags/example_trigger_target_dag.py
[2024-03-29T11:35:48.153+0000] {processor.py:840} INFO - DAG(s) 'example_trigger_target_dag' retrieved from /home/airflow/.local/lib/python3.8/site-packages/airflow/example_dags/example_trigger_target_dag.py
[2024-03-29T11:35:48.393+0000] {logging_mixin.py:188} INFO - [2024-03-29T11:35:48.392+0000] {dag.py:3047} INFO - Sync 1 DAGs
[2024-03-29T11:35:48.423+0000] {logging_mixin.py:188} INFO - [2024-03-29T11:35:48.417+0000] {dag.py:3834} INFO - Setting next_dagrun for example_trigger_target_dag to None, run_after=None
[2024-03-29T11:35:48.543+0000] {processor.py:183} INFO - Processing /home/airflow/.local/lib/python3.8/site-packages/airflow/example_dags/example_trigger_target_dag.py took 0.403 seconds
[2024-03-29T11:36:19.357+0000] {processor.py:161} INFO - Started process (PID=464) to work on /home/airflow/.local/lib/python3.8/site-packages/airflow/example_dags/example_trigger_target_dag.py
[2024-03-29T11:36:19.358+0000] {processor.py:830} INFO - Processing file /home/airflow/.local/lib/python3.8/site-packages/airflow/example_dags/example_trigger_target_dag.py for tasks to queue
[2024-03-29T11:36:19.359+0000] {logging_mixin.py:188} INFO - [2024-03-29T11:36:19.359+0000] {dagbag.py:540} INFO - Filling up the DagBag from /home/airflow/.local/lib/python3.8/site-packages/airflow/example_dags/example_trigger_target_dag.py
[2024-03-29T11:36:19.368+0000] {processor.py:840} INFO - DAG(s) 'example_trigger_target_dag' retrieved from /home/airflow/.local/lib/python3.8/site-packages/airflow/example_dags/example_trigger_target_dag.py
[2024-03-29T11:36:19.387+0000] {logging_mixin.py:188} INFO - [2024-03-29T11:36:19.387+0000] {dag.py:3047} INFO - Sync 1 DAGs
[2024-03-29T11:36:19.403+0000] {logging_mixin.py:188} INFO - [2024-03-29T11:36:19.403+0000] {dag.py:3834} INFO - Setting next_dagrun for example_trigger_target_dag to None, run_after=None
[2024-03-29T11:36:19.424+0000] {processor.py:183} INFO - Processing /home/airflow/.local/lib/python3.8/site-packages/airflow/example_dags/example_trigger_target_dag.py took 0.070 seconds
[2024-03-29T11:36:50.262+0000] {processor.py:161} INFO - Started process (PID=520) to work on /home/airflow/.local/lib/python3.8/site-packages/airflow/example_dags/example_trigger_target_dag.py
[2024-03-29T11:36:50.264+0000] {processor.py:830} INFO - Processing file /home/airflow/.local/lib/python3.8/site-packages/airflow/example_dags/example_trigger_target_dag.py for tasks to queue
[2024-03-29T11:36:50.267+0000] {logging_mixin.py:188} INFO - [2024-03-29T11:36:50.266+0000] {dagbag.py:540} INFO - Filling up the DagBag from /home/airflow/.local/lib/python3.8/site-packages/airflow/example_dags/example_trigger_target_dag.py
[2024-03-29T11:36:50.273+0000] {processor.py:840} INFO - DAG(s) 'example_trigger_target_dag' retrieved from /home/airflow/.local/lib/python3.8/site-packages/airflow/example_dags/example_trigger_target_dag.py
[2024-03-29T11:36:50.295+0000] {logging_mixin.py:188} INFO - [2024-03-29T11:36:50.295+0000] {dag.py:3047} INFO - Sync 1 DAGs
[2024-03-29T11:36:50.309+0000] {logging_mixin.py:188} INFO - [2024-03-29T11:36:50.308+0000] {dag.py:3834} INFO - Setting next_dagrun for example_trigger_target_dag to None, run_after=None
[2024-03-29T11:36:50.354+0000] {processor.py:183} INFO - Processing /home/airflow/.local/lib/python3.8/site-packages/airflow/example_dags/example_trigger_target_dag.py took 0.094 seconds
[2024-03-29T11:37:20.884+0000] {processor.py:161} INFO - Started process (PID=576) to work on /home/airflow/.local/lib/python3.8/site-packages/airflow/example_dags/example_trigger_target_dag.py
[2024-03-29T11:37:20.885+0000] {processor.py:830} INFO - Processing file /home/airflow/.local/lib/python3.8/site-packages/airflow/example_dags/example_trigger_target_dag.py for tasks to queue
[2024-03-29T11:37:20.887+0000] {logging_mixin.py:188} INFO - [2024-03-29T11:37:20.887+0000] {dagbag.py:540} INFO - Filling up the DagBag from /home/airflow/.local/lib/python3.8/site-packages/airflow/example_dags/example_trigger_target_dag.py
[2024-03-29T11:37:20.893+0000] {processor.py:840} INFO - DAG(s) 'example_trigger_target_dag' retrieved from /home/airflow/.local/lib/python3.8/site-packages/airflow/example_dags/example_trigger_target_dag.py
[2024-03-29T11:37:20.913+0000] {logging_mixin.py:188} INFO - [2024-03-29T11:37:20.913+0000] {dag.py:3047} INFO - Sync 1 DAGs
[2024-03-29T11:37:20.926+0000] {logging_mixin.py:188} INFO - [2024-03-29T11:37:20.925+0000] {dag.py:3834} INFO - Setting next_dagrun for example_trigger_target_dag to None, run_after=None
[2024-03-29T11:37:20.949+0000] {processor.py:183} INFO - Processing /home/airflow/.local/lib/python3.8/site-packages/airflow/example_dags/example_trigger_target_dag.py took 0.070 seconds
[2024-03-29T11:37:51.842+0000] {processor.py:161} INFO - Started process (PID=633) to work on /home/airflow/.local/lib/python3.8/site-packages/airflow/example_dags/example_trigger_target_dag.py
[2024-03-29T11:37:51.843+0000] {processor.py:830} INFO - Processing file /home/airflow/.local/lib/python3.8/site-packages/airflow/example_dags/example_trigger_target_dag.py for tasks to queue
[2024-03-29T11:37:51.845+0000] {logging_mixin.py:188} INFO - [2024-03-29T11:37:51.845+0000] {dagbag.py:540} INFO - Filling up the DagBag from /home/airflow/.local/lib/python3.8/site-packages/airflow/example_dags/example_trigger_target_dag.py
[2024-03-29T11:37:51.853+0000] {processor.py:840} INFO - DAG(s) 'example_trigger_target_dag' retrieved from /home/airflow/.local/lib/python3.8/site-packages/airflow/example_dags/example_trigger_target_dag.py
[2024-03-29T11:37:51.875+0000] {logging_mixin.py:188} INFO - [2024-03-29T11:37:51.875+0000] {dag.py:3047} INFO - Sync 1 DAGs
[2024-03-29T11:37:51.888+0000] {logging_mixin.py:188} INFO - [2024-03-29T11:37:51.888+0000] {dag.py:3834} INFO - Setting next_dagrun for example_trigger_target_dag to None, run_after=None
[2024-03-29T11:37:51.911+0000] {processor.py:183} INFO - Processing /home/airflow/.local/lib/python3.8/site-packages/airflow/example_dags/example_trigger_target_dag.py took 0.074 seconds
[2024-03-29T11:40:18.448+0000] {processor.py:161} INFO - Started process (PID=81) to work on /home/airflow/.local/lib/python3.8/site-packages/airflow/example_dags/example_trigger_target_dag.py
[2024-03-29T11:40:18.454+0000] {processor.py:830} INFO - Processing file /home/airflow/.local/lib/python3.8/site-packages/airflow/example_dags/example_trigger_target_dag.py for tasks to queue
[2024-03-29T11:40:18.458+0000] {logging_mixin.py:188} INFO - [2024-03-29T11:40:18.457+0000] {dagbag.py:540} INFO - Filling up the DagBag from /home/airflow/.local/lib/python3.8/site-packages/airflow/example_dags/example_trigger_target_dag.py
[2024-03-29T11:40:18.474+0000] {processor.py:840} INFO - DAG(s) 'example_trigger_target_dag' retrieved from /home/airflow/.local/lib/python3.8/site-packages/airflow/example_dags/example_trigger_target_dag.py
[2024-03-29T11:40:18.768+0000] {logging_mixin.py:188} INFO - [2024-03-29T11:40:18.768+0000] {dag.py:3047} INFO - Sync 1 DAGs
[2024-03-29T11:40:18.816+0000] {logging_mixin.py:188} INFO - [2024-03-29T11:40:18.816+0000] {dag.py:3834} INFO - Setting next_dagrun for example_trigger_target_dag to None, run_after=None
[2024-03-29T11:40:18.938+0000] {processor.py:183} INFO - Processing /home/airflow/.local/lib/python3.8/site-packages/airflow/example_dags/example_trigger_target_dag.py took 0.494 seconds
[2024-03-29T11:40:49.121+0000] {processor.py:161} INFO - Started process (PID=138) to work on /home/airflow/.local/lib/python3.8/site-packages/airflow/example_dags/example_trigger_target_dag.py
[2024-03-29T11:40:49.126+0000] {processor.py:830} INFO - Processing file /home/airflow/.local/lib/python3.8/site-packages/airflow/example_dags/example_trigger_target_dag.py for tasks to queue
[2024-03-29T11:40:49.128+0000] {logging_mixin.py:188} INFO - [2024-03-29T11:40:49.128+0000] {dagbag.py:540} INFO - Filling up the DagBag from /home/airflow/.local/lib/python3.8/site-packages/airflow/example_dags/example_trigger_target_dag.py
[2024-03-29T11:40:49.142+0000] {processor.py:840} INFO - DAG(s) 'example_trigger_target_dag' retrieved from /home/airflow/.local/lib/python3.8/site-packages/airflow/example_dags/example_trigger_target_dag.py
[2024-03-29T11:40:49.171+0000] {logging_mixin.py:188} INFO - [2024-03-29T11:40:49.171+0000] {dag.py:3047} INFO - Sync 1 DAGs
[2024-03-29T11:40:49.197+0000] {logging_mixin.py:188} INFO - [2024-03-29T11:40:49.197+0000] {dag.py:3834} INFO - Setting next_dagrun for example_trigger_target_dag to None, run_after=None
[2024-03-29T11:40:49.231+0000] {processor.py:183} INFO - Processing /home/airflow/.local/lib/python3.8/site-packages/airflow/example_dags/example_trigger_target_dag.py took 0.115 seconds
[2024-03-29T11:41:28.190+0000] {processor.py:161} INFO - Started process (PID=193) to work on /home/airflow/.local/lib/python3.8/site-packages/airflow/example_dags/example_trigger_target_dag.py
[2024-03-29T11:41:28.201+0000] {processor.py:830} INFO - Processing file /home/airflow/.local/lib/python3.8/site-packages/airflow/example_dags/example_trigger_target_dag.py for tasks to queue
[2024-03-29T11:41:28.207+0000] {logging_mixin.py:188} INFO - [2024-03-29T11:41:28.206+0000] {dagbag.py:540} INFO - Filling up the DagBag from /home/airflow/.local/lib/python3.8/site-packages/airflow/example_dags/example_trigger_target_dag.py
[2024-03-29T11:41:28.245+0000] {processor.py:840} INFO - DAG(s) 'example_trigger_target_dag' retrieved from /home/airflow/.local/lib/python3.8/site-packages/airflow/example_dags/example_trigger_target_dag.py
[2024-03-29T11:41:28.388+0000] {logging_mixin.py:188} INFO - [2024-03-29T11:41:28.387+0000] {dag.py:3047} INFO - Sync 1 DAGs
[2024-03-29T11:41:28.514+0000] {logging_mixin.py:188} INFO - [2024-03-29T11:41:28.513+0000] {dag.py:3834} INFO - Setting next_dagrun for example_trigger_target_dag to None, run_after=None
[2024-03-29T11:41:28.651+0000] {processor.py:183} INFO - Processing /home/airflow/.local/lib/python3.8/site-packages/airflow/example_dags/example_trigger_target_dag.py took 0.483 seconds
[2024-03-29T11:42:00.059+0000] {processor.py:161} INFO - Started process (PID=249) to work on /home/airflow/.local/lib/python3.8/site-packages/airflow/example_dags/example_trigger_target_dag.py
[2024-03-29T11:42:00.072+0000] {processor.py:830} INFO - Processing file /home/airflow/.local/lib/python3.8/site-packages/airflow/example_dags/example_trigger_target_dag.py for tasks to queue
[2024-03-29T11:42:00.076+0000] {logging_mixin.py:188} INFO - [2024-03-29T11:42:00.075+0000] {dagbag.py:540} INFO - Filling up the DagBag from /home/airflow/.local/lib/python3.8/site-packages/airflow/example_dags/example_trigger_target_dag.py
[2024-03-29T11:42:00.136+0000] {processor.py:840} INFO - DAG(s) 'example_trigger_target_dag' retrieved from /home/airflow/.local/lib/python3.8/site-packages/airflow/example_dags/example_trigger_target_dag.py
[2024-03-29T11:42:00.218+0000] {logging_mixin.py:188} INFO - [2024-03-29T11:42:00.217+0000] {dag.py:3047} INFO - Sync 1 DAGs
[2024-03-29T11:42:00.274+0000] {logging_mixin.py:188} INFO - [2024-03-29T11:42:00.273+0000] {dag.py:3834} INFO - Setting next_dagrun for example_trigger_target_dag to None, run_after=None
[2024-03-29T11:42:00.394+0000] {processor.py:183} INFO - Processing /home/airflow/.local/lib/python3.8/site-packages/airflow/example_dags/example_trigger_target_dag.py took 0.341 seconds
[2024-03-29T11:42:33.566+0000] {processor.py:161} INFO - Started process (PID=305) to work on /home/airflow/.local/lib/python3.8/site-packages/airflow/example_dags/example_trigger_target_dag.py
[2024-03-29T11:42:33.573+0000] {processor.py:830} INFO - Processing file /home/airflow/.local/lib/python3.8/site-packages/airflow/example_dags/example_trigger_target_dag.py for tasks to queue
[2024-03-29T11:42:33.576+0000] {logging_mixin.py:188} INFO - [2024-03-29T11:42:33.576+0000] {dagbag.py:540} INFO - Filling up the DagBag from /home/airflow/.local/lib/python3.8/site-packages/airflow/example_dags/example_trigger_target_dag.py
[2024-03-29T11:42:33.632+0000] {processor.py:840} INFO - DAG(s) 'example_trigger_target_dag' retrieved from /home/airflow/.local/lib/python3.8/site-packages/airflow/example_dags/example_trigger_target_dag.py
[2024-03-29T11:42:33.754+0000] {logging_mixin.py:188} INFO - [2024-03-29T11:42:33.753+0000] {dag.py:3047} INFO - Sync 1 DAGs
[2024-03-29T11:42:33.888+0000] {logging_mixin.py:188} INFO - [2024-03-29T11:42:33.886+0000] {dag.py:3834} INFO - Setting next_dagrun for example_trigger_target_dag to None, run_after=None
[2024-03-29T11:42:33.985+0000] {processor.py:183} INFO - Processing /home/airflow/.local/lib/python3.8/site-packages/airflow/example_dags/example_trigger_target_dag.py took 0.426 seconds
[2024-03-29T11:43:05.194+0000] {processor.py:161} INFO - Started process (PID=361) to work on /home/airflow/.local/lib/python3.8/site-packages/airflow/example_dags/example_trigger_target_dag.py
[2024-03-29T11:43:05.196+0000] {processor.py:830} INFO - Processing file /home/airflow/.local/lib/python3.8/site-packages/airflow/example_dags/example_trigger_target_dag.py for tasks to queue
[2024-03-29T11:43:05.200+0000] {logging_mixin.py:188} INFO - [2024-03-29T11:43:05.199+0000] {dagbag.py:540} INFO - Filling up the DagBag from /home/airflow/.local/lib/python3.8/site-packages/airflow/example_dags/example_trigger_target_dag.py
[2024-03-29T11:43:05.222+0000] {processor.py:840} INFO - DAG(s) 'example_trigger_target_dag' retrieved from /home/airflow/.local/lib/python3.8/site-packages/airflow/example_dags/example_trigger_target_dag.py
[2024-03-29T11:43:05.284+0000] {logging_mixin.py:188} INFO - [2024-03-29T11:43:05.284+0000] {dag.py:3047} INFO - Sync 1 DAGs
[2024-03-29T11:43:05.334+0000] {logging_mixin.py:188} INFO - [2024-03-29T11:43:05.334+0000] {dag.py:3834} INFO - Setting next_dagrun for example_trigger_target_dag to None, run_after=None
[2024-03-29T11:43:05.460+0000] {processor.py:183} INFO - Processing /home/airflow/.local/lib/python3.8/site-packages/airflow/example_dags/example_trigger_target_dag.py took 0.270 seconds
[2024-03-29T11:43:36.053+0000] {processor.py:161} INFO - Started process (PID=416) to work on /home/airflow/.local/lib/python3.8/site-packages/airflow/example_dags/example_trigger_target_dag.py
[2024-03-29T11:43:36.054+0000] {processor.py:830} INFO - Processing file /home/airflow/.local/lib/python3.8/site-packages/airflow/example_dags/example_trigger_target_dag.py for tasks to queue
[2024-03-29T11:43:36.056+0000] {logging_mixin.py:188} INFO - [2024-03-29T11:43:36.055+0000] {dagbag.py:540} INFO - Filling up the DagBag from /home/airflow/.local/lib/python3.8/site-packages/airflow/example_dags/example_trigger_target_dag.py
[2024-03-29T11:43:36.065+0000] {processor.py:840} INFO - DAG(s) 'example_trigger_target_dag' retrieved from /home/airflow/.local/lib/python3.8/site-packages/airflow/example_dags/example_trigger_target_dag.py
[2024-03-29T11:43:36.089+0000] {logging_mixin.py:188} INFO - [2024-03-29T11:43:36.088+0000] {dag.py:3047} INFO - Sync 1 DAGs
[2024-03-29T11:43:36.103+0000] {logging_mixin.py:188} INFO - [2024-03-29T11:43:36.103+0000] {dag.py:3834} INFO - Setting next_dagrun for example_trigger_target_dag to None, run_after=None
[2024-03-29T11:43:36.144+0000] {processor.py:183} INFO - Processing /home/airflow/.local/lib/python3.8/site-packages/airflow/example_dags/example_trigger_target_dag.py took 0.093 seconds
[2024-03-29T11:44:06.223+0000] {processor.py:161} INFO - Started process (PID=471) to work on /home/airflow/.local/lib/python3.8/site-packages/airflow/example_dags/example_trigger_target_dag.py
[2024-03-29T11:44:06.225+0000] {processor.py:830} INFO - Processing file /home/airflow/.local/lib/python3.8/site-packages/airflow/example_dags/example_trigger_target_dag.py for tasks to queue
[2024-03-29T11:44:06.228+0000] {logging_mixin.py:188} INFO - [2024-03-29T11:44:06.228+0000] {dagbag.py:540} INFO - Filling up the DagBag from /home/airflow/.local/lib/python3.8/site-packages/airflow/example_dags/example_trigger_target_dag.py
[2024-03-29T11:44:06.235+0000] {processor.py:840} INFO - DAG(s) 'example_trigger_target_dag' retrieved from /home/airflow/.local/lib/python3.8/site-packages/airflow/example_dags/example_trigger_target_dag.py
[2024-03-29T11:44:06.255+0000] {logging_mixin.py:188} INFO - [2024-03-29T11:44:06.255+0000] {dag.py:3047} INFO - Sync 1 DAGs
[2024-03-29T11:44:06.270+0000] {logging_mixin.py:188} INFO - [2024-03-29T11:44:06.269+0000] {dag.py:3834} INFO - Setting next_dagrun for example_trigger_target_dag to None, run_after=None
[2024-03-29T11:44:06.290+0000] {processor.py:183} INFO - Processing /home/airflow/.local/lib/python3.8/site-packages/airflow/example_dags/example_trigger_target_dag.py took 0.069 seconds
[2024-03-29T11:44:37.297+0000] {processor.py:161} INFO - Started process (PID=528) to work on /home/airflow/.local/lib/python3.8/site-packages/airflow/example_dags/example_trigger_target_dag.py
[2024-03-29T11:44:37.299+0000] {processor.py:830} INFO - Processing file /home/airflow/.local/lib/python3.8/site-packages/airflow/example_dags/example_trigger_target_dag.py for tasks to queue
[2024-03-29T11:44:37.301+0000] {logging_mixin.py:188} INFO - [2024-03-29T11:44:37.301+0000] {dagbag.py:540} INFO - Filling up the DagBag from /home/airflow/.local/lib/python3.8/site-packages/airflow/example_dags/example_trigger_target_dag.py
[2024-03-29T11:44:37.323+0000] {processor.py:840} INFO - DAG(s) 'example_trigger_target_dag' retrieved from /home/airflow/.local/lib/python3.8/site-packages/airflow/example_dags/example_trigger_target_dag.py
[2024-03-29T11:44:37.348+0000] {logging_mixin.py:188} INFO - [2024-03-29T11:44:37.348+0000] {dag.py:3047} INFO - Sync 1 DAGs
[2024-03-29T11:44:37.366+0000] {logging_mixin.py:188} INFO - [2024-03-29T11:44:37.365+0000] {dag.py:3834} INFO - Setting next_dagrun for example_trigger_target_dag to None, run_after=None
[2024-03-29T11:44:37.388+0000] {processor.py:183} INFO - Processing /home/airflow/.local/lib/python3.8/site-packages/airflow/example_dags/example_trigger_target_dag.py took 0.114 seconds
[2024-03-29T11:45:07.659+0000] {processor.py:161} INFO - Started process (PID=584) to work on /home/airflow/.local/lib/python3.8/site-packages/airflow/example_dags/example_trigger_target_dag.py
[2024-03-29T11:45:07.660+0000] {processor.py:830} INFO - Processing file /home/airflow/.local/lib/python3.8/site-packages/airflow/example_dags/example_trigger_target_dag.py for tasks to queue
[2024-03-29T11:45:07.662+0000] {logging_mixin.py:188} INFO - [2024-03-29T11:45:07.661+0000] {dagbag.py:540} INFO - Filling up the DagBag from /home/airflow/.local/lib/python3.8/site-packages/airflow/example_dags/example_trigger_target_dag.py
[2024-03-29T11:45:07.667+0000] {processor.py:840} INFO - DAG(s) 'example_trigger_target_dag' retrieved from /home/airflow/.local/lib/python3.8/site-packages/airflow/example_dags/example_trigger_target_dag.py
[2024-03-29T11:45:07.685+0000] {logging_mixin.py:188} INFO - [2024-03-29T11:45:07.685+0000] {dag.py:3047} INFO - Sync 1 DAGs
[2024-03-29T11:45:07.697+0000] {logging_mixin.py:188} INFO - [2024-03-29T11:45:07.697+0000] {dag.py:3834} INFO - Setting next_dagrun for example_trigger_target_dag to None, run_after=None
[2024-03-29T11:45:07.717+0000] {processor.py:183} INFO - Processing /home/airflow/.local/lib/python3.8/site-packages/airflow/example_dags/example_trigger_target_dag.py took 0.060 seconds
[2024-03-29T11:45:38.222+0000] {processor.py:161} INFO - Started process (PID=640) to work on /home/airflow/.local/lib/python3.8/site-packages/airflow/example_dags/example_trigger_target_dag.py
[2024-03-29T11:45:38.223+0000] {processor.py:830} INFO - Processing file /home/airflow/.local/lib/python3.8/site-packages/airflow/example_dags/example_trigger_target_dag.py for tasks to queue
[2024-03-29T11:45:38.226+0000] {logging_mixin.py:188} INFO - [2024-03-29T11:45:38.226+0000] {dagbag.py:540} INFO - Filling up the DagBag from /home/airflow/.local/lib/python3.8/site-packages/airflow/example_dags/example_trigger_target_dag.py
[2024-03-29T11:45:38.233+0000] {processor.py:840} INFO - DAG(s) 'example_trigger_target_dag' retrieved from /home/airflow/.local/lib/python3.8/site-packages/airflow/example_dags/example_trigger_target_dag.py
[2024-03-29T11:45:38.262+0000] {logging_mixin.py:188} INFO - [2024-03-29T11:45:38.261+0000] {dag.py:3047} INFO - Sync 1 DAGs
[2024-03-29T11:45:38.277+0000] {logging_mixin.py:188} INFO - [2024-03-29T11:45:38.276+0000] {dag.py:3834} INFO - Setting next_dagrun for example_trigger_target_dag to None, run_after=None
[2024-03-29T11:45:38.303+0000] {processor.py:183} INFO - Processing /home/airflow/.local/lib/python3.8/site-packages/airflow/example_dags/example_trigger_target_dag.py took 0.084 seconds
[2024-03-29T11:46:08.387+0000] {processor.py:161} INFO - Started process (PID=695) to work on /home/airflow/.local/lib/python3.8/site-packages/airflow/example_dags/example_trigger_target_dag.py
[2024-03-29T11:46:08.388+0000] {processor.py:830} INFO - Processing file /home/airflow/.local/lib/python3.8/site-packages/airflow/example_dags/example_trigger_target_dag.py for tasks to queue
[2024-03-29T11:46:08.391+0000] {logging_mixin.py:188} INFO - [2024-03-29T11:46:08.390+0000] {dagbag.py:540} INFO - Filling up the DagBag from /home/airflow/.local/lib/python3.8/site-packages/airflow/example_dags/example_trigger_target_dag.py
[2024-03-29T11:46:08.397+0000] {processor.py:840} INFO - DAG(s) 'example_trigger_target_dag' retrieved from /home/airflow/.local/lib/python3.8/site-packages/airflow/example_dags/example_trigger_target_dag.py
[2024-03-29T11:46:08.418+0000] {logging_mixin.py:188} INFO - [2024-03-29T11:46:08.418+0000] {dag.py:3047} INFO - Sync 1 DAGs
[2024-03-29T11:46:08.440+0000] {logging_mixin.py:188} INFO - [2024-03-29T11:46:08.437+0000] {dag.py:3834} INFO - Setting next_dagrun for example_trigger_target_dag to None, run_after=None
[2024-03-29T11:46:08.485+0000] {processor.py:183} INFO - Processing /home/airflow/.local/lib/python3.8/site-packages/airflow/example_dags/example_trigger_target_dag.py took 0.100 seconds
[2024-03-29T11:46:39.137+0000] {processor.py:161} INFO - Started process (PID=752) to work on /home/airflow/.local/lib/python3.8/site-packages/airflow/example_dags/example_trigger_target_dag.py
[2024-03-29T11:46:39.139+0000] {processor.py:830} INFO - Processing file /home/airflow/.local/lib/python3.8/site-packages/airflow/example_dags/example_trigger_target_dag.py for tasks to queue
[2024-03-29T11:46:39.141+0000] {logging_mixin.py:188} INFO - [2024-03-29T11:46:39.141+0000] {dagbag.py:540} INFO - Filling up the DagBag from /home/airflow/.local/lib/python3.8/site-packages/airflow/example_dags/example_trigger_target_dag.py
[2024-03-29T11:46:39.147+0000] {processor.py:840} INFO - DAG(s) 'example_trigger_target_dag' retrieved from /home/airflow/.local/lib/python3.8/site-packages/airflow/example_dags/example_trigger_target_dag.py
[2024-03-29T11:46:39.171+0000] {logging_mixin.py:188} INFO - [2024-03-29T11:46:39.170+0000] {dag.py:3047} INFO - Sync 1 DAGs
[2024-03-29T11:46:39.186+0000] {logging_mixin.py:188} INFO - [2024-03-29T11:46:39.186+0000] {dag.py:3834} INFO - Setting next_dagrun for example_trigger_target_dag to None, run_after=None
[2024-03-29T11:46:39.212+0000] {processor.py:183} INFO - Processing /home/airflow/.local/lib/python3.8/site-packages/airflow/example_dags/example_trigger_target_dag.py took 0.078 seconds
[2024-03-29T11:47:09.427+0000] {processor.py:161} INFO - Started process (PID=808) to work on /home/airflow/.local/lib/python3.8/site-packages/airflow/example_dags/example_trigger_target_dag.py
[2024-03-29T11:47:09.428+0000] {processor.py:830} INFO - Processing file /home/airflow/.local/lib/python3.8/site-packages/airflow/example_dags/example_trigger_target_dag.py for tasks to queue
[2024-03-29T11:47:09.430+0000] {logging_mixin.py:188} INFO - [2024-03-29T11:47:09.429+0000] {dagbag.py:540} INFO - Filling up the DagBag from /home/airflow/.local/lib/python3.8/site-packages/airflow/example_dags/example_trigger_target_dag.py
[2024-03-29T11:47:09.441+0000] {processor.py:840} INFO - DAG(s) 'example_trigger_target_dag' retrieved from /home/airflow/.local/lib/python3.8/site-packages/airflow/example_dags/example_trigger_target_dag.py
[2024-03-29T11:47:09.469+0000] {logging_mixin.py:188} INFO - [2024-03-29T11:47:09.469+0000] {dag.py:3047} INFO - Sync 1 DAGs
[2024-03-29T11:47:09.486+0000] {logging_mixin.py:188} INFO - [2024-03-29T11:47:09.486+0000] {dag.py:3834} INFO - Setting next_dagrun for example_trigger_target_dag to None, run_after=None
[2024-03-29T11:47:09.516+0000] {processor.py:183} INFO - Processing /home/airflow/.local/lib/python3.8/site-packages/airflow/example_dags/example_trigger_target_dag.py took 0.093 seconds
[2024-03-29T11:47:40.134+0000] {processor.py:161} INFO - Started process (PID=864) to work on /home/airflow/.local/lib/python3.8/site-packages/airflow/example_dags/example_trigger_target_dag.py
[2024-03-29T11:47:40.135+0000] {processor.py:830} INFO - Processing file /home/airflow/.local/lib/python3.8/site-packages/airflow/example_dags/example_trigger_target_dag.py for tasks to queue
[2024-03-29T11:47:40.136+0000] {logging_mixin.py:188} INFO - [2024-03-29T11:47:40.136+0000] {dagbag.py:540} INFO - Filling up the DagBag from /home/airflow/.local/lib/python3.8/site-packages/airflow/example_dags/example_trigger_target_dag.py
[2024-03-29T11:47:40.144+0000] {processor.py:840} INFO - DAG(s) 'example_trigger_target_dag' retrieved from /home/airflow/.local/lib/python3.8/site-packages/airflow/example_dags/example_trigger_target_dag.py
[2024-03-29T11:47:40.169+0000] {logging_mixin.py:188} INFO - [2024-03-29T11:47:40.168+0000] {dag.py:3047} INFO - Sync 1 DAGs
[2024-03-29T11:47:40.184+0000] {logging_mixin.py:188} INFO - [2024-03-29T11:47:40.184+0000] {dag.py:3834} INFO - Setting next_dagrun for example_trigger_target_dag to None, run_after=None
[2024-03-29T11:47:40.207+0000] {processor.py:183} INFO - Processing /home/airflow/.local/lib/python3.8/site-packages/airflow/example_dags/example_trigger_target_dag.py took 0.075 seconds
[2024-03-29T11:48:10.855+0000] {processor.py:161} INFO - Started process (PID=920) to work on /home/airflow/.local/lib/python3.8/site-packages/airflow/example_dags/example_trigger_target_dag.py
[2024-03-29T11:48:10.856+0000] {processor.py:830} INFO - Processing file /home/airflow/.local/lib/python3.8/site-packages/airflow/example_dags/example_trigger_target_dag.py for tasks to queue
[2024-03-29T11:48:10.858+0000] {logging_mixin.py:188} INFO - [2024-03-29T11:48:10.857+0000] {dagbag.py:540} INFO - Filling up the DagBag from /home/airflow/.local/lib/python3.8/site-packages/airflow/example_dags/example_trigger_target_dag.py
[2024-03-29T11:48:10.863+0000] {processor.py:840} INFO - DAG(s) 'example_trigger_target_dag' retrieved from /home/airflow/.local/lib/python3.8/site-packages/airflow/example_dags/example_trigger_target_dag.py
[2024-03-29T11:48:10.883+0000] {logging_mixin.py:188} INFO - [2024-03-29T11:48:10.883+0000] {dag.py:3047} INFO - Sync 1 DAGs
[2024-03-29T11:48:10.921+0000] {logging_mixin.py:188} INFO - [2024-03-29T11:48:10.921+0000] {dag.py:3834} INFO - Setting next_dagrun for example_trigger_target_dag to None, run_after=None
[2024-03-29T11:48:11.017+0000] {processor.py:183} INFO - Processing /home/airflow/.local/lib/python3.8/site-packages/airflow/example_dags/example_trigger_target_dag.py took 0.165 seconds
[2024-03-29T11:48:41.090+0000] {processor.py:161} INFO - Started process (PID=974) to work on /home/airflow/.local/lib/python3.8/site-packages/airflow/example_dags/example_trigger_target_dag.py
[2024-03-29T11:48:41.091+0000] {processor.py:830} INFO - Processing file /home/airflow/.local/lib/python3.8/site-packages/airflow/example_dags/example_trigger_target_dag.py for tasks to queue
[2024-03-29T11:48:41.092+0000] {logging_mixin.py:188} INFO - [2024-03-29T11:48:41.092+0000] {dagbag.py:540} INFO - Filling up the DagBag from /home/airflow/.local/lib/python3.8/site-packages/airflow/example_dags/example_trigger_target_dag.py
[2024-03-29T11:48:41.098+0000] {processor.py:840} INFO - DAG(s) 'example_trigger_target_dag' retrieved from /home/airflow/.local/lib/python3.8/site-packages/airflow/example_dags/example_trigger_target_dag.py
[2024-03-29T11:48:41.117+0000] {logging_mixin.py:188} INFO - [2024-03-29T11:48:41.117+0000] {dag.py:3047} INFO - Sync 1 DAGs
[2024-03-29T11:48:41.130+0000] {logging_mixin.py:188} INFO - [2024-03-29T11:48:41.130+0000] {dag.py:3834} INFO - Setting next_dagrun for example_trigger_target_dag to None, run_after=None
[2024-03-29T11:48:41.149+0000] {processor.py:183} INFO - Processing /home/airflow/.local/lib/python3.8/site-packages/airflow/example_dags/example_trigger_target_dag.py took 0.061 seconds
[2024-03-29T11:49:11.257+0000] {processor.py:161} INFO - Started process (PID=1030) to work on /home/airflow/.local/lib/python3.8/site-packages/airflow/example_dags/example_trigger_target_dag.py
[2024-03-29T11:49:11.258+0000] {processor.py:830} INFO - Processing file /home/airflow/.local/lib/python3.8/site-packages/airflow/example_dags/example_trigger_target_dag.py for tasks to queue
[2024-03-29T11:49:11.260+0000] {logging_mixin.py:188} INFO - [2024-03-29T11:49:11.260+0000] {dagbag.py:540} INFO - Filling up the DagBag from /home/airflow/.local/lib/python3.8/site-packages/airflow/example_dags/example_trigger_target_dag.py
[2024-03-29T11:49:11.266+0000] {processor.py:840} INFO - DAG(s) 'example_trigger_target_dag' retrieved from /home/airflow/.local/lib/python3.8/site-packages/airflow/example_dags/example_trigger_target_dag.py
[2024-03-29T11:49:11.284+0000] {logging_mixin.py:188} INFO - [2024-03-29T11:49:11.284+0000] {dag.py:3047} INFO - Sync 1 DAGs
[2024-03-29T11:49:11.296+0000] {logging_mixin.py:188} INFO - [2024-03-29T11:49:11.296+0000] {dag.py:3834} INFO - Setting next_dagrun for example_trigger_target_dag to None, run_after=None
[2024-03-29T11:49:11.316+0000] {processor.py:183} INFO - Processing /home/airflow/.local/lib/python3.8/site-packages/airflow/example_dags/example_trigger_target_dag.py took 0.062 seconds
[2024-03-29T11:49:41.751+0000] {processor.py:161} INFO - Started process (PID=1085) to work on /home/airflow/.local/lib/python3.8/site-packages/airflow/example_dags/example_trigger_target_dag.py
[2024-03-29T11:49:41.752+0000] {processor.py:830} INFO - Processing file /home/airflow/.local/lib/python3.8/site-packages/airflow/example_dags/example_trigger_target_dag.py for tasks to queue
[2024-03-29T11:49:41.755+0000] {logging_mixin.py:188} INFO - [2024-03-29T11:49:41.754+0000] {dagbag.py:540} INFO - Filling up the DagBag from /home/airflow/.local/lib/python3.8/site-packages/airflow/example_dags/example_trigger_target_dag.py
[2024-03-29T11:49:41.763+0000] {processor.py:840} INFO - DAG(s) 'example_trigger_target_dag' retrieved from /home/airflow/.local/lib/python3.8/site-packages/airflow/example_dags/example_trigger_target_dag.py
[2024-03-29T11:49:41.787+0000] {logging_mixin.py:188} INFO - [2024-03-29T11:49:41.786+0000] {dag.py:3047} INFO - Sync 1 DAGs
[2024-03-29T11:49:41.801+0000] {logging_mixin.py:188} INFO - [2024-03-29T11:49:41.801+0000] {dag.py:3834} INFO - Setting next_dagrun for example_trigger_target_dag to None, run_after=None
[2024-03-29T11:49:41.821+0000] {processor.py:183} INFO - Processing /home/airflow/.local/lib/python3.8/site-packages/airflow/example_dags/example_trigger_target_dag.py took 0.073 seconds
[2024-03-29T11:50:11.854+0000] {processor.py:161} INFO - Started process (PID=1141) to work on /home/airflow/.local/lib/python3.8/site-packages/airflow/example_dags/example_trigger_target_dag.py
[2024-03-29T11:50:11.855+0000] {processor.py:830} INFO - Processing file /home/airflow/.local/lib/python3.8/site-packages/airflow/example_dags/example_trigger_target_dag.py for tasks to queue
[2024-03-29T11:50:11.857+0000] {logging_mixin.py:188} INFO - [2024-03-29T11:50:11.857+0000] {dagbag.py:540} INFO - Filling up the DagBag from /home/airflow/.local/lib/python3.8/site-packages/airflow/example_dags/example_trigger_target_dag.py
[2024-03-29T11:50:11.862+0000] {processor.py:840} INFO - DAG(s) 'example_trigger_target_dag' retrieved from /home/airflow/.local/lib/python3.8/site-packages/airflow/example_dags/example_trigger_target_dag.py
[2024-03-29T11:50:11.880+0000] {logging_mixin.py:188} INFO - [2024-03-29T11:50:11.880+0000] {dag.py:3047} INFO - Sync 1 DAGs
[2024-03-29T11:50:11.892+0000] {logging_mixin.py:188} INFO - [2024-03-29T11:50:11.892+0000] {dag.py:3834} INFO - Setting next_dagrun for example_trigger_target_dag to None, run_after=None
[2024-03-29T11:50:11.910+0000] {processor.py:183} INFO - Processing /home/airflow/.local/lib/python3.8/site-packages/airflow/example_dags/example_trigger_target_dag.py took 0.058 seconds
[2024-03-29T11:50:42.010+0000] {processor.py:161} INFO - Started process (PID=1197) to work on /home/airflow/.local/lib/python3.8/site-packages/airflow/example_dags/example_trigger_target_dag.py
[2024-03-29T11:50:42.011+0000] {processor.py:830} INFO - Processing file /home/airflow/.local/lib/python3.8/site-packages/airflow/example_dags/example_trigger_target_dag.py for tasks to queue
[2024-03-29T11:50:42.012+0000] {logging_mixin.py:188} INFO - [2024-03-29T11:50:42.012+0000] {dagbag.py:540} INFO - Filling up the DagBag from /home/airflow/.local/lib/python3.8/site-packages/airflow/example_dags/example_trigger_target_dag.py
[2024-03-29T11:50:42.018+0000] {processor.py:840} INFO - DAG(s) 'example_trigger_target_dag' retrieved from /home/airflow/.local/lib/python3.8/site-packages/airflow/example_dags/example_trigger_target_dag.py
[2024-03-29T11:50:42.039+0000] {logging_mixin.py:188} INFO - [2024-03-29T11:50:42.039+0000] {dag.py:3047} INFO - Sync 1 DAGs
[2024-03-29T11:50:42.050+0000] {logging_mixin.py:188} INFO - [2024-03-29T11:50:42.050+0000] {dag.py:3834} INFO - Setting next_dagrun for example_trigger_target_dag to None, run_after=None
[2024-03-29T11:50:42.069+0000] {processor.py:183} INFO - Processing /home/airflow/.local/lib/python3.8/site-packages/airflow/example_dags/example_trigger_target_dag.py took 0.062 seconds
[2024-03-29T11:51:12.801+0000] {processor.py:161} INFO - Started process (PID=1253) to work on /home/airflow/.local/lib/python3.8/site-packages/airflow/example_dags/example_trigger_target_dag.py
[2024-03-29T11:51:12.803+0000] {processor.py:830} INFO - Processing file /home/airflow/.local/lib/python3.8/site-packages/airflow/example_dags/example_trigger_target_dag.py for tasks to queue
[2024-03-29T11:51:12.805+0000] {logging_mixin.py:188} INFO - [2024-03-29T11:51:12.805+0000] {dagbag.py:540} INFO - Filling up the DagBag from /home/airflow/.local/lib/python3.8/site-packages/airflow/example_dags/example_trigger_target_dag.py
[2024-03-29T11:51:12.811+0000] {processor.py:840} INFO - DAG(s) 'example_trigger_target_dag' retrieved from /home/airflow/.local/lib/python3.8/site-packages/airflow/example_dags/example_trigger_target_dag.py
[2024-03-29T11:51:12.831+0000] {logging_mixin.py:188} INFO - [2024-03-29T11:51:12.831+0000] {dag.py:3047} INFO - Sync 1 DAGs
[2024-03-29T11:51:12.843+0000] {logging_mixin.py:188} INFO - [2024-03-29T11:51:12.843+0000] {dag.py:3834} INFO - Setting next_dagrun for example_trigger_target_dag to None, run_after=None
[2024-03-29T11:51:12.861+0000] {processor.py:183} INFO - Processing /home/airflow/.local/lib/python3.8/site-packages/airflow/example_dags/example_trigger_target_dag.py took 0.062 seconds
[2024-03-29T11:51:43.638+0000] {processor.py:161} INFO - Started process (PID=1309) to work on /home/airflow/.local/lib/python3.8/site-packages/airflow/example_dags/example_trigger_target_dag.py
[2024-03-29T11:51:43.639+0000] {processor.py:830} INFO - Processing file /home/airflow/.local/lib/python3.8/site-packages/airflow/example_dags/example_trigger_target_dag.py for tasks to queue
[2024-03-29T11:51:43.641+0000] {logging_mixin.py:188} INFO - [2024-03-29T11:51:43.641+0000] {dagbag.py:540} INFO - Filling up the DagBag from /home/airflow/.local/lib/python3.8/site-packages/airflow/example_dags/example_trigger_target_dag.py
[2024-03-29T11:51:43.647+0000] {processor.py:840} INFO - DAG(s) 'example_trigger_target_dag' retrieved from /home/airflow/.local/lib/python3.8/site-packages/airflow/example_dags/example_trigger_target_dag.py
[2024-03-29T11:51:43.667+0000] {logging_mixin.py:188} INFO - [2024-03-29T11:51:43.667+0000] {dag.py:3047} INFO - Sync 1 DAGs
[2024-03-29T11:51:43.680+0000] {logging_mixin.py:188} INFO - [2024-03-29T11:51:43.680+0000] {dag.py:3834} INFO - Setting next_dagrun for example_trigger_target_dag to None, run_after=None
[2024-03-29T11:51:43.699+0000] {processor.py:183} INFO - Processing /home/airflow/.local/lib/python3.8/site-packages/airflow/example_dags/example_trigger_target_dag.py took 0.064 seconds
[2024-03-29T11:52:13.893+0000] {processor.py:161} INFO - Started process (PID=1365) to work on /home/airflow/.local/lib/python3.8/site-packages/airflow/example_dags/example_trigger_target_dag.py
[2024-03-29T11:52:13.894+0000] {processor.py:830} INFO - Processing file /home/airflow/.local/lib/python3.8/site-packages/airflow/example_dags/example_trigger_target_dag.py for tasks to queue
[2024-03-29T11:52:13.895+0000] {logging_mixin.py:188} INFO - [2024-03-29T11:52:13.895+0000] {dagbag.py:540} INFO - Filling up the DagBag from /home/airflow/.local/lib/python3.8/site-packages/airflow/example_dags/example_trigger_target_dag.py
[2024-03-29T11:52:13.901+0000] {processor.py:840} INFO - DAG(s) 'example_trigger_target_dag' retrieved from /home/airflow/.local/lib/python3.8/site-packages/airflow/example_dags/example_trigger_target_dag.py
[2024-03-29T11:52:13.921+0000] {logging_mixin.py:188} INFO - [2024-03-29T11:52:13.921+0000] {dag.py:3047} INFO - Sync 1 DAGs
[2024-03-29T11:52:13.933+0000] {logging_mixin.py:188} INFO - [2024-03-29T11:52:13.933+0000] {dag.py:3834} INFO - Setting next_dagrun for example_trigger_target_dag to None, run_after=None
[2024-03-29T11:52:13.967+0000] {processor.py:183} INFO - Processing /home/airflow/.local/lib/python3.8/site-packages/airflow/example_dags/example_trigger_target_dag.py took 0.077 seconds
[2024-03-29T11:52:44.235+0000] {processor.py:161} INFO - Started process (PID=1421) to work on /home/airflow/.local/lib/python3.8/site-packages/airflow/example_dags/example_trigger_target_dag.py
[2024-03-29T11:52:44.236+0000] {processor.py:830} INFO - Processing file /home/airflow/.local/lib/python3.8/site-packages/airflow/example_dags/example_trigger_target_dag.py for tasks to queue
[2024-03-29T11:52:44.239+0000] {logging_mixin.py:188} INFO - [2024-03-29T11:52:44.239+0000] {dagbag.py:540} INFO - Filling up the DagBag from /home/airflow/.local/lib/python3.8/site-packages/airflow/example_dags/example_trigger_target_dag.py
[2024-03-29T11:52:44.245+0000] {processor.py:840} INFO - DAG(s) 'example_trigger_target_dag' retrieved from /home/airflow/.local/lib/python3.8/site-packages/airflow/example_dags/example_trigger_target_dag.py
[2024-03-29T11:52:44.271+0000] {logging_mixin.py:188} INFO - [2024-03-29T11:52:44.271+0000] {dag.py:3047} INFO - Sync 1 DAGs
[2024-03-29T11:52:44.283+0000] {logging_mixin.py:188} INFO - [2024-03-29T11:52:44.283+0000] {dag.py:3834} INFO - Setting next_dagrun for example_trigger_target_dag to None, run_after=None
[2024-03-29T11:52:44.307+0000] {processor.py:183} INFO - Processing /home/airflow/.local/lib/python3.8/site-packages/airflow/example_dags/example_trigger_target_dag.py took 0.077 seconds
[2024-03-29T11:53:14.543+0000] {processor.py:161} INFO - Started process (PID=1477) to work on /home/airflow/.local/lib/python3.8/site-packages/airflow/example_dags/example_trigger_target_dag.py
[2024-03-29T11:53:14.544+0000] {processor.py:830} INFO - Processing file /home/airflow/.local/lib/python3.8/site-packages/airflow/example_dags/example_trigger_target_dag.py for tasks to queue
[2024-03-29T11:53:14.550+0000] {logging_mixin.py:188} INFO - [2024-03-29T11:53:14.549+0000] {dagbag.py:540} INFO - Filling up the DagBag from /home/airflow/.local/lib/python3.8/site-packages/airflow/example_dags/example_trigger_target_dag.py
[2024-03-29T11:53:14.560+0000] {processor.py:840} INFO - DAG(s) 'example_trigger_target_dag' retrieved from /home/airflow/.local/lib/python3.8/site-packages/airflow/example_dags/example_trigger_target_dag.py
[2024-03-29T11:53:14.581+0000] {logging_mixin.py:188} INFO - [2024-03-29T11:53:14.580+0000] {dag.py:3047} INFO - Sync 1 DAGs
[2024-03-29T11:53:14.595+0000] {logging_mixin.py:188} INFO - [2024-03-29T11:53:14.595+0000] {dag.py:3834} INFO - Setting next_dagrun for example_trigger_target_dag to None, run_after=None
[2024-03-29T11:53:14.641+0000] {processor.py:183} INFO - Processing /home/airflow/.local/lib/python3.8/site-packages/airflow/example_dags/example_trigger_target_dag.py took 0.112 seconds
[2024-03-29T11:53:45.556+0000] {processor.py:161} INFO - Started process (PID=1534) to work on /home/airflow/.local/lib/python3.8/site-packages/airflow/example_dags/example_trigger_target_dag.py
[2024-03-29T11:53:45.557+0000] {processor.py:830} INFO - Processing file /home/airflow/.local/lib/python3.8/site-packages/airflow/example_dags/example_trigger_target_dag.py for tasks to queue
[2024-03-29T11:53:45.559+0000] {logging_mixin.py:188} INFO - [2024-03-29T11:53:45.559+0000] {dagbag.py:540} INFO - Filling up the DagBag from /home/airflow/.local/lib/python3.8/site-packages/airflow/example_dags/example_trigger_target_dag.py
[2024-03-29T11:53:45.564+0000] {processor.py:840} INFO - DAG(s) 'example_trigger_target_dag' retrieved from /home/airflow/.local/lib/python3.8/site-packages/airflow/example_dags/example_trigger_target_dag.py
[2024-03-29T11:53:45.585+0000] {logging_mixin.py:188} INFO - [2024-03-29T11:53:45.585+0000] {dag.py:3047} INFO - Sync 1 DAGs
[2024-03-29T11:53:45.605+0000] {logging_mixin.py:188} INFO - [2024-03-29T11:53:45.605+0000] {dag.py:3834} INFO - Setting next_dagrun for example_trigger_target_dag to None, run_after=None
[2024-03-29T11:53:45.629+0000] {processor.py:183} INFO - Processing /home/airflow/.local/lib/python3.8/site-packages/airflow/example_dags/example_trigger_target_dag.py took 0.077 seconds
[2024-03-29T11:54:16.309+0000] {processor.py:161} INFO - Started process (PID=1590) to work on /home/airflow/.local/lib/python3.8/site-packages/airflow/example_dags/example_trigger_target_dag.py
[2024-03-29T11:54:16.310+0000] {processor.py:830} INFO - Processing file /home/airflow/.local/lib/python3.8/site-packages/airflow/example_dags/example_trigger_target_dag.py for tasks to queue
[2024-03-29T11:54:16.312+0000] {logging_mixin.py:188} INFO - [2024-03-29T11:54:16.312+0000] {dagbag.py:540} INFO - Filling up the DagBag from /home/airflow/.local/lib/python3.8/site-packages/airflow/example_dags/example_trigger_target_dag.py
[2024-03-29T11:54:16.318+0000] {processor.py:840} INFO - DAG(s) 'example_trigger_target_dag' retrieved from /home/airflow/.local/lib/python3.8/site-packages/airflow/example_dags/example_trigger_target_dag.py
[2024-03-29T11:54:16.338+0000] {logging_mixin.py:188} INFO - [2024-03-29T11:54:16.337+0000] {dag.py:3047} INFO - Sync 1 DAGs
[2024-03-29T11:54:16.350+0000] {logging_mixin.py:188} INFO - [2024-03-29T11:54:16.350+0000] {dag.py:3834} INFO - Setting next_dagrun for example_trigger_target_dag to None, run_after=None
[2024-03-29T11:54:16.375+0000] {processor.py:183} INFO - Processing /home/airflow/.local/lib/python3.8/site-packages/airflow/example_dags/example_trigger_target_dag.py took 0.068 seconds
[2024-03-29T11:54:47.128+0000] {processor.py:161} INFO - Started process (PID=1646) to work on /home/airflow/.local/lib/python3.8/site-packages/airflow/example_dags/example_trigger_target_dag.py
[2024-03-29T11:54:47.129+0000] {processor.py:830} INFO - Processing file /home/airflow/.local/lib/python3.8/site-packages/airflow/example_dags/example_trigger_target_dag.py for tasks to queue
[2024-03-29T11:54:47.131+0000] {logging_mixin.py:188} INFO - [2024-03-29T11:54:47.131+0000] {dagbag.py:540} INFO - Filling up the DagBag from /home/airflow/.local/lib/python3.8/site-packages/airflow/example_dags/example_trigger_target_dag.py
[2024-03-29T11:54:47.138+0000] {processor.py:840} INFO - DAG(s) 'example_trigger_target_dag' retrieved from /home/airflow/.local/lib/python3.8/site-packages/airflow/example_dags/example_trigger_target_dag.py
[2024-03-29T11:54:47.169+0000] {logging_mixin.py:188} INFO - [2024-03-29T11:54:47.166+0000] {dag.py:3047} INFO - Sync 1 DAGs
[2024-03-29T11:54:47.193+0000] {logging_mixin.py:188} INFO - [2024-03-29T11:54:47.193+0000] {dag.py:3834} INFO - Setting next_dagrun for example_trigger_target_dag to None, run_after=None
[2024-03-29T11:54:47.227+0000] {processor.py:183} INFO - Processing /home/airflow/.local/lib/python3.8/site-packages/airflow/example_dags/example_trigger_target_dag.py took 0.101 seconds
[2024-03-29T11:55:17.531+0000] {processor.py:161} INFO - Started process (PID=1702) to work on /home/airflow/.local/lib/python3.8/site-packages/airflow/example_dags/example_trigger_target_dag.py
[2024-03-29T11:55:17.532+0000] {processor.py:830} INFO - Processing file /home/airflow/.local/lib/python3.8/site-packages/airflow/example_dags/example_trigger_target_dag.py for tasks to queue
[2024-03-29T11:55:17.536+0000] {logging_mixin.py:188} INFO - [2024-03-29T11:55:17.535+0000] {dagbag.py:540} INFO - Filling up the DagBag from /home/airflow/.local/lib/python3.8/site-packages/airflow/example_dags/example_trigger_target_dag.py
[2024-03-29T11:55:17.549+0000] {processor.py:840} INFO - DAG(s) 'example_trigger_target_dag' retrieved from /home/airflow/.local/lib/python3.8/site-packages/airflow/example_dags/example_trigger_target_dag.py
[2024-03-29T11:55:17.581+0000] {logging_mixin.py:188} INFO - [2024-03-29T11:55:17.581+0000] {dag.py:3047} INFO - Sync 1 DAGs
[2024-03-29T11:55:17.597+0000] {logging_mixin.py:188} INFO - [2024-03-29T11:55:17.597+0000] {dag.py:3834} INFO - Setting next_dagrun for example_trigger_target_dag to None, run_after=None
[2024-03-29T11:55:17.634+0000] {processor.py:183} INFO - Processing /home/airflow/.local/lib/python3.8/site-packages/airflow/example_dags/example_trigger_target_dag.py took 0.106 seconds
[2024-03-29T11:55:47.949+0000] {processor.py:161} INFO - Started process (PID=1759) to work on /home/airflow/.local/lib/python3.8/site-packages/airflow/example_dags/example_trigger_target_dag.py
[2024-03-29T11:55:47.951+0000] {processor.py:830} INFO - Processing file /home/airflow/.local/lib/python3.8/site-packages/airflow/example_dags/example_trigger_target_dag.py for tasks to queue
[2024-03-29T11:55:47.953+0000] {logging_mixin.py:188} INFO - [2024-03-29T11:55:47.953+0000] {dagbag.py:540} INFO - Filling up the DagBag from /home/airflow/.local/lib/python3.8/site-packages/airflow/example_dags/example_trigger_target_dag.py
[2024-03-29T11:55:47.960+0000] {processor.py:840} INFO - DAG(s) 'example_trigger_target_dag' retrieved from /home/airflow/.local/lib/python3.8/site-packages/airflow/example_dags/example_trigger_target_dag.py
[2024-03-29T11:55:47.979+0000] {logging_mixin.py:188} INFO - [2024-03-29T11:55:47.979+0000] {dag.py:3047} INFO - Sync 1 DAGs
[2024-03-29T11:55:47.992+0000] {logging_mixin.py:188} INFO - [2024-03-29T11:55:47.992+0000] {dag.py:3834} INFO - Setting next_dagrun for example_trigger_target_dag to None, run_after=None
[2024-03-29T11:55:48.014+0000] {processor.py:183} INFO - Processing /home/airflow/.local/lib/python3.8/site-packages/airflow/example_dags/example_trigger_target_dag.py took 0.068 seconds
[2024-03-29T11:56:18.163+0000] {processor.py:161} INFO - Started process (PID=1815) to work on /home/airflow/.local/lib/python3.8/site-packages/airflow/example_dags/example_trigger_target_dag.py
[2024-03-29T11:56:18.164+0000] {processor.py:830} INFO - Processing file /home/airflow/.local/lib/python3.8/site-packages/airflow/example_dags/example_trigger_target_dag.py for tasks to queue
[2024-03-29T11:56:18.166+0000] {logging_mixin.py:188} INFO - [2024-03-29T11:56:18.166+0000] {dagbag.py:540} INFO - Filling up the DagBag from /home/airflow/.local/lib/python3.8/site-packages/airflow/example_dags/example_trigger_target_dag.py
[2024-03-29T11:56:18.175+0000] {processor.py:840} INFO - DAG(s) 'example_trigger_target_dag' retrieved from /home/airflow/.local/lib/python3.8/site-packages/airflow/example_dags/example_trigger_target_dag.py
[2024-03-29T11:56:18.198+0000] {logging_mixin.py:188} INFO - [2024-03-29T11:56:18.198+0000] {dag.py:3047} INFO - Sync 1 DAGs
[2024-03-29T11:56:18.215+0000] {logging_mixin.py:188} INFO - [2024-03-29T11:56:18.214+0000] {dag.py:3834} INFO - Setting next_dagrun for example_trigger_target_dag to None, run_after=None
[2024-03-29T11:56:18.247+0000] {processor.py:183} INFO - Processing /home/airflow/.local/lib/python3.8/site-packages/airflow/example_dags/example_trigger_target_dag.py took 0.087 seconds
[2024-03-29T11:56:48.397+0000] {processor.py:161} INFO - Started process (PID=1872) to work on /home/airflow/.local/lib/python3.8/site-packages/airflow/example_dags/example_trigger_target_dag.py
[2024-03-29T11:56:48.399+0000] {processor.py:830} INFO - Processing file /home/airflow/.local/lib/python3.8/site-packages/airflow/example_dags/example_trigger_target_dag.py for tasks to queue
[2024-03-29T11:56:48.402+0000] {logging_mixin.py:188} INFO - [2024-03-29T11:56:48.401+0000] {dagbag.py:540} INFO - Filling up the DagBag from /home/airflow/.local/lib/python3.8/site-packages/airflow/example_dags/example_trigger_target_dag.py
[2024-03-29T11:56:48.412+0000] {processor.py:840} INFO - DAG(s) 'example_trigger_target_dag' retrieved from /home/airflow/.local/lib/python3.8/site-packages/airflow/example_dags/example_trigger_target_dag.py
[2024-03-29T11:56:48.436+0000] {logging_mixin.py:188} INFO - [2024-03-29T11:56:48.436+0000] {dag.py:3047} INFO - Sync 1 DAGs
[2024-03-29T11:56:48.454+0000] {logging_mixin.py:188} INFO - [2024-03-29T11:56:48.453+0000] {dag.py:3834} INFO - Setting next_dagrun for example_trigger_target_dag to None, run_after=None
[2024-03-29T11:56:48.479+0000] {processor.py:183} INFO - Processing /home/airflow/.local/lib/python3.8/site-packages/airflow/example_dags/example_trigger_target_dag.py took 0.085 seconds
[2024-03-29T11:57:19.243+0000] {processor.py:161} INFO - Started process (PID=1929) to work on /home/airflow/.local/lib/python3.8/site-packages/airflow/example_dags/example_trigger_target_dag.py
[2024-03-29T11:57:19.245+0000] {processor.py:830} INFO - Processing file /home/airflow/.local/lib/python3.8/site-packages/airflow/example_dags/example_trigger_target_dag.py for tasks to queue
[2024-03-29T11:57:19.250+0000] {logging_mixin.py:188} INFO - [2024-03-29T11:57:19.250+0000] {dagbag.py:540} INFO - Filling up the DagBag from /home/airflow/.local/lib/python3.8/site-packages/airflow/example_dags/example_trigger_target_dag.py
[2024-03-29T11:57:19.259+0000] {processor.py:840} INFO - DAG(s) 'example_trigger_target_dag' retrieved from /home/airflow/.local/lib/python3.8/site-packages/airflow/example_dags/example_trigger_target_dag.py
[2024-03-29T11:57:19.288+0000] {logging_mixin.py:188} INFO - [2024-03-29T11:57:19.288+0000] {dag.py:3047} INFO - Sync 1 DAGs
[2024-03-29T11:57:19.322+0000] {logging_mixin.py:188} INFO - [2024-03-29T11:57:19.322+0000] {dag.py:3834} INFO - Setting next_dagrun for example_trigger_target_dag to None, run_after=None
[2024-03-29T11:57:19.351+0000] {processor.py:183} INFO - Processing /home/airflow/.local/lib/python3.8/site-packages/airflow/example_dags/example_trigger_target_dag.py took 0.110 seconds
[2024-03-29T11:57:49.487+0000] {processor.py:161} INFO - Started process (PID=1985) to work on /home/airflow/.local/lib/python3.8/site-packages/airflow/example_dags/example_trigger_target_dag.py
[2024-03-29T11:57:49.488+0000] {processor.py:830} INFO - Processing file /home/airflow/.local/lib/python3.8/site-packages/airflow/example_dags/example_trigger_target_dag.py for tasks to queue
[2024-03-29T11:57:49.490+0000] {logging_mixin.py:188} INFO - [2024-03-29T11:57:49.490+0000] {dagbag.py:540} INFO - Filling up the DagBag from /home/airflow/.local/lib/python3.8/site-packages/airflow/example_dags/example_trigger_target_dag.py
[2024-03-29T11:57:49.495+0000] {processor.py:840} INFO - DAG(s) 'example_trigger_target_dag' retrieved from /home/airflow/.local/lib/python3.8/site-packages/airflow/example_dags/example_trigger_target_dag.py
[2024-03-29T11:57:49.517+0000] {logging_mixin.py:188} INFO - [2024-03-29T11:57:49.517+0000] {dag.py:3047} INFO - Sync 1 DAGs
[2024-03-29T11:57:49.530+0000] {logging_mixin.py:188} INFO - [2024-03-29T11:57:49.530+0000] {dag.py:3834} INFO - Setting next_dagrun for example_trigger_target_dag to None, run_after=None
[2024-03-29T11:57:49.554+0000] {processor.py:183} INFO - Processing /home/airflow/.local/lib/python3.8/site-packages/airflow/example_dags/example_trigger_target_dag.py took 0.069 seconds
[2024-03-29T11:58:20.357+0000] {processor.py:161} INFO - Started process (PID=2041) to work on /home/airflow/.local/lib/python3.8/site-packages/airflow/example_dags/example_trigger_target_dag.py
[2024-03-29T11:58:20.358+0000] {processor.py:830} INFO - Processing file /home/airflow/.local/lib/python3.8/site-packages/airflow/example_dags/example_trigger_target_dag.py for tasks to queue
[2024-03-29T11:58:20.362+0000] {logging_mixin.py:188} INFO - [2024-03-29T11:58:20.362+0000] {dagbag.py:540} INFO - Filling up the DagBag from /home/airflow/.local/lib/python3.8/site-packages/airflow/example_dags/example_trigger_target_dag.py
[2024-03-29T11:58:20.371+0000] {processor.py:840} INFO - DAG(s) 'example_trigger_target_dag' retrieved from /home/airflow/.local/lib/python3.8/site-packages/airflow/example_dags/example_trigger_target_dag.py
[2024-03-29T11:58:20.404+0000] {logging_mixin.py:188} INFO - [2024-03-29T11:58:20.404+0000] {dag.py:3047} INFO - Sync 1 DAGs
[2024-03-29T11:58:20.423+0000] {logging_mixin.py:188} INFO - [2024-03-29T11:58:20.423+0000] {dag.py:3834} INFO - Setting next_dagrun for example_trigger_target_dag to None, run_after=None
[2024-03-29T11:58:20.486+0000] {processor.py:183} INFO - Processing /home/airflow/.local/lib/python3.8/site-packages/airflow/example_dags/example_trigger_target_dag.py took 0.132 seconds
[2024-03-29T11:58:50.989+0000] {processor.py:161} INFO - Started process (PID=2102) to work on /home/airflow/.local/lib/python3.8/site-packages/airflow/example_dags/example_trigger_target_dag.py
[2024-03-29T11:58:50.990+0000] {processor.py:830} INFO - Processing file /home/airflow/.local/lib/python3.8/site-packages/airflow/example_dags/example_trigger_target_dag.py for tasks to queue
[2024-03-29T11:58:50.993+0000] {logging_mixin.py:188} INFO - [2024-03-29T11:58:50.992+0000] {dagbag.py:540} INFO - Filling up the DagBag from /home/airflow/.local/lib/python3.8/site-packages/airflow/example_dags/example_trigger_target_dag.py
[2024-03-29T11:58:51.003+0000] {processor.py:840} INFO - DAG(s) 'example_trigger_target_dag' retrieved from /home/airflow/.local/lib/python3.8/site-packages/airflow/example_dags/example_trigger_target_dag.py
[2024-03-29T11:58:51.032+0000] {logging_mixin.py:188} INFO - [2024-03-29T11:58:51.032+0000] {dag.py:3047} INFO - Sync 1 DAGs
[2024-03-29T11:58:51.049+0000] {logging_mixin.py:188} INFO - [2024-03-29T11:58:51.049+0000] {dag.py:3834} INFO - Setting next_dagrun for example_trigger_target_dag to None, run_after=None
[2024-03-29T11:58:51.080+0000] {processor.py:183} INFO - Processing /home/airflow/.local/lib/python3.8/site-packages/airflow/example_dags/example_trigger_target_dag.py took 0.094 seconds
[2024-03-29T11:59:21.121+0000] {processor.py:161} INFO - Started process (PID=2157) to work on /home/airflow/.local/lib/python3.8/site-packages/airflow/example_dags/example_trigger_target_dag.py
[2024-03-29T11:59:21.122+0000] {processor.py:830} INFO - Processing file /home/airflow/.local/lib/python3.8/site-packages/airflow/example_dags/example_trigger_target_dag.py for tasks to queue
[2024-03-29T11:59:21.124+0000] {logging_mixin.py:188} INFO - [2024-03-29T11:59:21.124+0000] {dagbag.py:540} INFO - Filling up the DagBag from /home/airflow/.local/lib/python3.8/site-packages/airflow/example_dags/example_trigger_target_dag.py
[2024-03-29T11:59:21.131+0000] {processor.py:840} INFO - DAG(s) 'example_trigger_target_dag' retrieved from /home/airflow/.local/lib/python3.8/site-packages/airflow/example_dags/example_trigger_target_dag.py
[2024-03-29T11:59:21.149+0000] {logging_mixin.py:188} INFO - [2024-03-29T11:59:21.149+0000] {dag.py:3047} INFO - Sync 1 DAGs
[2024-03-29T11:59:21.324+0000] {logging_mixin.py:188} INFO - [2024-03-29T11:59:21.323+0000] {dag.py:3834} INFO - Setting next_dagrun for example_trigger_target_dag to None, run_after=None
[2024-03-29T11:59:21.347+0000] {processor.py:183} INFO - Processing /home/airflow/.local/lib/python3.8/site-packages/airflow/example_dags/example_trigger_target_dag.py took 0.229 seconds
