[2024-03-29T11:24:44.185+0000] {processor.py:161} INFO - Started process (PID=85) to work on /home/airflow/.local/lib/python3.8/site-packages/airflow/example_dags/example_python_decorator.py
[2024-03-29T11:24:44.216+0000] {processor.py:830} INFO - Processing file /home/airflow/.local/lib/python3.8/site-packages/airflow/example_dags/example_python_decorator.py for tasks to queue
[2024-03-29T11:24:44.222+0000] {logging_mixin.py:188} INFO - [2024-03-29T11:24:44.222+0000] {dagbag.py:540} INFO - Filling up the DagBag from /home/airflow/.local/lib/python3.8/site-packages/airflow/example_dags/example_python_decorator.py
[2024-03-29T11:24:44.238+0000] {processor.py:840} INFO - DAG(s) 'example_python_decorator' retrieved from /home/airflow/.local/lib/python3.8/site-packages/airflow/example_dags/example_python_decorator.py
[2024-03-29T11:24:44.311+0000] {logging_mixin.py:188} INFO - [2024-03-29T11:24:44.310+0000] {dag.py:3047} INFO - Sync 1 DAGs
[2024-03-29T11:24:44.355+0000] {logging_mixin.py:188} INFO - [2024-03-29T11:24:44.355+0000] {dag.py:3834} INFO - Setting next_dagrun for example_python_decorator to None, run_after=None
[2024-03-29T11:24:44.438+0000] {processor.py:183} INFO - Processing /home/airflow/.local/lib/python3.8/site-packages/airflow/example_dags/example_python_decorator.py took 0.257 seconds
[2024-03-29T11:25:15.370+0000] {processor.py:161} INFO - Started process (PID=141) to work on /home/airflow/.local/lib/python3.8/site-packages/airflow/example_dags/example_python_decorator.py
[2024-03-29T11:25:15.371+0000] {processor.py:830} INFO - Processing file /home/airflow/.local/lib/python3.8/site-packages/airflow/example_dags/example_python_decorator.py for tasks to queue
[2024-03-29T11:25:15.374+0000] {logging_mixin.py:188} INFO - [2024-03-29T11:25:15.373+0000] {dagbag.py:540} INFO - Filling up the DagBag from /home/airflow/.local/lib/python3.8/site-packages/airflow/example_dags/example_python_decorator.py
[2024-03-29T11:25:15.388+0000] {processor.py:840} INFO - DAG(s) 'example_python_decorator' retrieved from /home/airflow/.local/lib/python3.8/site-packages/airflow/example_dags/example_python_decorator.py
[2024-03-29T11:25:15.500+0000] {logging_mixin.py:188} INFO - [2024-03-29T11:25:15.499+0000] {dag.py:3047} INFO - Sync 1 DAGs
[2024-03-29T11:25:15.513+0000] {logging_mixin.py:188} INFO - [2024-03-29T11:25:15.513+0000] {dag.py:3834} INFO - Setting next_dagrun for example_python_decorator to None, run_after=None
[2024-03-29T11:25:15.543+0000] {processor.py:183} INFO - Processing /home/airflow/.local/lib/python3.8/site-packages/airflow/example_dags/example_python_decorator.py took 0.175 seconds
[2024-03-29T11:25:46.118+0000] {processor.py:161} INFO - Started process (PID=197) to work on /home/airflow/.local/lib/python3.8/site-packages/airflow/example_dags/example_python_decorator.py
[2024-03-29T11:25:46.120+0000] {processor.py:830} INFO - Processing file /home/airflow/.local/lib/python3.8/site-packages/airflow/example_dags/example_python_decorator.py for tasks to queue
[2024-03-29T11:25:46.124+0000] {logging_mixin.py:188} INFO - [2024-03-29T11:25:46.122+0000] {dagbag.py:540} INFO - Filling up the DagBag from /home/airflow/.local/lib/python3.8/site-packages/airflow/example_dags/example_python_decorator.py
[2024-03-29T11:25:46.142+0000] {processor.py:840} INFO - DAG(s) 'example_python_decorator' retrieved from /home/airflow/.local/lib/python3.8/site-packages/airflow/example_dags/example_python_decorator.py
[2024-03-29T11:25:46.168+0000] {logging_mixin.py:188} INFO - [2024-03-29T11:25:46.168+0000] {dag.py:3047} INFO - Sync 1 DAGs
[2024-03-29T11:25:46.181+0000] {logging_mixin.py:188} INFO - [2024-03-29T11:25:46.180+0000] {dag.py:3834} INFO - Setting next_dagrun for example_python_decorator to None, run_after=None
[2024-03-29T11:25:46.199+0000] {processor.py:183} INFO - Processing /home/airflow/.local/lib/python3.8/site-packages/airflow/example_dags/example_python_decorator.py took 0.083 seconds
[2024-03-29T11:26:16.483+0000] {processor.py:161} INFO - Started process (PID=252) to work on /home/airflow/.local/lib/python3.8/site-packages/airflow/example_dags/example_python_decorator.py
[2024-03-29T11:26:16.484+0000] {processor.py:830} INFO - Processing file /home/airflow/.local/lib/python3.8/site-packages/airflow/example_dags/example_python_decorator.py for tasks to queue
[2024-03-29T11:26:16.485+0000] {logging_mixin.py:188} INFO - [2024-03-29T11:26:16.485+0000] {dagbag.py:540} INFO - Filling up the DagBag from /home/airflow/.local/lib/python3.8/site-packages/airflow/example_dags/example_python_decorator.py
[2024-03-29T11:26:16.502+0000] {processor.py:840} INFO - DAG(s) 'example_python_decorator' retrieved from /home/airflow/.local/lib/python3.8/site-packages/airflow/example_dags/example_python_decorator.py
[2024-03-29T11:26:16.525+0000] {logging_mixin.py:188} INFO - [2024-03-29T11:26:16.524+0000] {dag.py:3047} INFO - Sync 1 DAGs
[2024-03-29T11:26:16.537+0000] {logging_mixin.py:188} INFO - [2024-03-29T11:26:16.537+0000] {dag.py:3834} INFO - Setting next_dagrun for example_python_decorator to None, run_after=None
[2024-03-29T11:26:16.561+0000] {processor.py:183} INFO - Processing /home/airflow/.local/lib/python3.8/site-packages/airflow/example_dags/example_python_decorator.py took 0.082 seconds
[2024-03-29T11:26:46.944+0000] {processor.py:161} INFO - Started process (PID=308) to work on /home/airflow/.local/lib/python3.8/site-packages/airflow/example_dags/example_python_decorator.py
[2024-03-29T11:26:46.946+0000] {processor.py:830} INFO - Processing file /home/airflow/.local/lib/python3.8/site-packages/airflow/example_dags/example_python_decorator.py for tasks to queue
[2024-03-29T11:26:46.948+0000] {logging_mixin.py:188} INFO - [2024-03-29T11:26:46.948+0000] {dagbag.py:540} INFO - Filling up the DagBag from /home/airflow/.local/lib/python3.8/site-packages/airflow/example_dags/example_python_decorator.py
[2024-03-29T11:26:46.965+0000] {processor.py:840} INFO - DAG(s) 'example_python_decorator' retrieved from /home/airflow/.local/lib/python3.8/site-packages/airflow/example_dags/example_python_decorator.py
[2024-03-29T11:26:46.999+0000] {logging_mixin.py:188} INFO - [2024-03-29T11:26:46.998+0000] {dag.py:3047} INFO - Sync 1 DAGs
[2024-03-29T11:26:47.016+0000] {logging_mixin.py:188} INFO - [2024-03-29T11:26:47.016+0000] {dag.py:3834} INFO - Setting next_dagrun for example_python_decorator to None, run_after=None
[2024-03-29T11:26:47.045+0000] {processor.py:183} INFO - Processing /home/airflow/.local/lib/python3.8/site-packages/airflow/example_dags/example_python_decorator.py took 0.105 seconds
[2024-03-29T11:27:17.598+0000] {processor.py:161} INFO - Started process (PID=364) to work on /home/airflow/.local/lib/python3.8/site-packages/airflow/example_dags/example_python_decorator.py
[2024-03-29T11:27:17.601+0000] {processor.py:830} INFO - Processing file /home/airflow/.local/lib/python3.8/site-packages/airflow/example_dags/example_python_decorator.py for tasks to queue
[2024-03-29T11:27:17.603+0000] {logging_mixin.py:188} INFO - [2024-03-29T11:27:17.603+0000] {dagbag.py:540} INFO - Filling up the DagBag from /home/airflow/.local/lib/python3.8/site-packages/airflow/example_dags/example_python_decorator.py
[2024-03-29T11:27:17.650+0000] {processor.py:840} INFO - DAG(s) 'example_python_decorator' retrieved from /home/airflow/.local/lib/python3.8/site-packages/airflow/example_dags/example_python_decorator.py
[2024-03-29T11:27:17.708+0000] {logging_mixin.py:188} INFO - [2024-03-29T11:27:17.704+0000] {dag.py:3047} INFO - Sync 1 DAGs
[2024-03-29T11:27:17.748+0000] {logging_mixin.py:188} INFO - [2024-03-29T11:27:17.747+0000] {dag.py:3834} INFO - Setting next_dagrun for example_python_decorator to None, run_after=None
[2024-03-29T11:27:17.797+0000] {processor.py:183} INFO - Processing /home/airflow/.local/lib/python3.8/site-packages/airflow/example_dags/example_python_decorator.py took 0.203 seconds
[2024-03-29T11:28:53.996+0000] {processor.py:161} INFO - Started process (PID=85) to work on /home/airflow/.local/lib/python3.8/site-packages/airflow/example_dags/example_python_decorator.py
[2024-03-29T11:28:54.000+0000] {processor.py:830} INFO - Processing file /home/airflow/.local/lib/python3.8/site-packages/airflow/example_dags/example_python_decorator.py for tasks to queue
[2024-03-29T11:28:54.005+0000] {logging_mixin.py:188} INFO - [2024-03-29T11:28:54.005+0000] {dagbag.py:540} INFO - Filling up the DagBag from /home/airflow/.local/lib/python3.8/site-packages/airflow/example_dags/example_python_decorator.py
[2024-03-29T11:28:54.068+0000] {processor.py:840} INFO - DAG(s) 'example_python_decorator' retrieved from /home/airflow/.local/lib/python3.8/site-packages/airflow/example_dags/example_python_decorator.py
[2024-03-29T11:28:54.652+0000] {logging_mixin.py:188} INFO - [2024-03-29T11:28:54.643+0000] {dag.py:3047} INFO - Sync 1 DAGs
[2024-03-29T11:28:54.710+0000] {logging_mixin.py:188} INFO - [2024-03-29T11:28:54.709+0000] {dag.py:3834} INFO - Setting next_dagrun for example_python_decorator to None, run_after=None
[2024-03-29T11:28:54.794+0000] {processor.py:183} INFO - Processing /home/airflow/.local/lib/python3.8/site-packages/airflow/example_dags/example_python_decorator.py took 0.810 seconds
[2024-03-29T11:29:25.738+0000] {processor.py:161} INFO - Started process (PID=141) to work on /home/airflow/.local/lib/python3.8/site-packages/airflow/example_dags/example_python_decorator.py
[2024-03-29T11:29:25.740+0000] {processor.py:830} INFO - Processing file /home/airflow/.local/lib/python3.8/site-packages/airflow/example_dags/example_python_decorator.py for tasks to queue
[2024-03-29T11:29:25.743+0000] {logging_mixin.py:188} INFO - [2024-03-29T11:29:25.742+0000] {dagbag.py:540} INFO - Filling up the DagBag from /home/airflow/.local/lib/python3.8/site-packages/airflow/example_dags/example_python_decorator.py
[2024-03-29T11:29:25.759+0000] {processor.py:840} INFO - DAG(s) 'example_python_decorator' retrieved from /home/airflow/.local/lib/python3.8/site-packages/airflow/example_dags/example_python_decorator.py
[2024-03-29T11:29:25.782+0000] {logging_mixin.py:188} INFO - [2024-03-29T11:29:25.781+0000] {dag.py:3047} INFO - Sync 1 DAGs
[2024-03-29T11:29:25.798+0000] {logging_mixin.py:188} INFO - [2024-03-29T11:29:25.797+0000] {dag.py:3834} INFO - Setting next_dagrun for example_python_decorator to None, run_after=None
[2024-03-29T11:29:25.825+0000] {processor.py:183} INFO - Processing /home/airflow/.local/lib/python3.8/site-packages/airflow/example_dags/example_python_decorator.py took 0.091 seconds
[2024-03-29T11:29:56.372+0000] {processor.py:161} INFO - Started process (PID=197) to work on /home/airflow/.local/lib/python3.8/site-packages/airflow/example_dags/example_python_decorator.py
[2024-03-29T11:29:56.374+0000] {processor.py:830} INFO - Processing file /home/airflow/.local/lib/python3.8/site-packages/airflow/example_dags/example_python_decorator.py for tasks to queue
[2024-03-29T11:29:56.377+0000] {logging_mixin.py:188} INFO - [2024-03-29T11:29:56.377+0000] {dagbag.py:540} INFO - Filling up the DagBag from /home/airflow/.local/lib/python3.8/site-packages/airflow/example_dags/example_python_decorator.py
[2024-03-29T11:29:56.398+0000] {processor.py:840} INFO - DAG(s) 'example_python_decorator' retrieved from /home/airflow/.local/lib/python3.8/site-packages/airflow/example_dags/example_python_decorator.py
[2024-03-29T11:29:56.431+0000] {logging_mixin.py:188} INFO - [2024-03-29T11:29:56.430+0000] {dag.py:3047} INFO - Sync 1 DAGs
[2024-03-29T11:29:56.457+0000] {logging_mixin.py:188} INFO - [2024-03-29T11:29:56.457+0000] {dag.py:3834} INFO - Setting next_dagrun for example_python_decorator to None, run_after=None
[2024-03-29T11:29:56.495+0000] {processor.py:183} INFO - Processing /home/airflow/.local/lib/python3.8/site-packages/airflow/example_dags/example_python_decorator.py took 0.130 seconds
[2024-03-29T11:30:26.688+0000] {processor.py:161} INFO - Started process (PID=253) to work on /home/airflow/.local/lib/python3.8/site-packages/airflow/example_dags/example_python_decorator.py
[2024-03-29T11:30:26.690+0000] {processor.py:830} INFO - Processing file /home/airflow/.local/lib/python3.8/site-packages/airflow/example_dags/example_python_decorator.py for tasks to queue
[2024-03-29T11:30:26.693+0000] {logging_mixin.py:188} INFO - [2024-03-29T11:30:26.693+0000] {dagbag.py:540} INFO - Filling up the DagBag from /home/airflow/.local/lib/python3.8/site-packages/airflow/example_dags/example_python_decorator.py
[2024-03-29T11:30:26.713+0000] {processor.py:840} INFO - DAG(s) 'example_python_decorator' retrieved from /home/airflow/.local/lib/python3.8/site-packages/airflow/example_dags/example_python_decorator.py
[2024-03-29T11:30:26.743+0000] {logging_mixin.py:188} INFO - [2024-03-29T11:30:26.743+0000] {dag.py:3047} INFO - Sync 1 DAGs
[2024-03-29T11:30:26.755+0000] {logging_mixin.py:188} INFO - [2024-03-29T11:30:26.755+0000] {dag.py:3834} INFO - Setting next_dagrun for example_python_decorator to None, run_after=None
[2024-03-29T11:30:26.777+0000] {processor.py:183} INFO - Processing /home/airflow/.local/lib/python3.8/site-packages/airflow/example_dags/example_python_decorator.py took 0.094 seconds
[2024-03-29T11:30:57.722+0000] {processor.py:161} INFO - Started process (PID=309) to work on /home/airflow/.local/lib/python3.8/site-packages/airflow/example_dags/example_python_decorator.py
[2024-03-29T11:30:57.723+0000] {processor.py:830} INFO - Processing file /home/airflow/.local/lib/python3.8/site-packages/airflow/example_dags/example_python_decorator.py for tasks to queue
[2024-03-29T11:30:57.724+0000] {logging_mixin.py:188} INFO - [2024-03-29T11:30:57.724+0000] {dagbag.py:540} INFO - Filling up the DagBag from /home/airflow/.local/lib/python3.8/site-packages/airflow/example_dags/example_python_decorator.py
[2024-03-29T11:30:57.739+0000] {processor.py:840} INFO - DAG(s) 'example_python_decorator' retrieved from /home/airflow/.local/lib/python3.8/site-packages/airflow/example_dags/example_python_decorator.py
[2024-03-29T11:30:57.765+0000] {logging_mixin.py:188} INFO - [2024-03-29T11:30:57.764+0000] {dag.py:3047} INFO - Sync 1 DAGs
[2024-03-29T11:30:57.784+0000] {logging_mixin.py:188} INFO - [2024-03-29T11:30:57.784+0000] {dag.py:3834} INFO - Setting next_dagrun for example_python_decorator to None, run_after=None
[2024-03-29T11:30:57.811+0000] {processor.py:183} INFO - Processing /home/airflow/.local/lib/python3.8/site-packages/airflow/example_dags/example_python_decorator.py took 0.095 seconds
[2024-03-29T11:32:44.394+0000] {processor.py:161} INFO - Started process (PID=85) to work on /home/airflow/.local/lib/python3.8/site-packages/airflow/example_dags/example_python_decorator.py
[2024-03-29T11:32:44.396+0000] {processor.py:830} INFO - Processing file /home/airflow/.local/lib/python3.8/site-packages/airflow/example_dags/example_python_decorator.py for tasks to queue
[2024-03-29T11:32:44.398+0000] {logging_mixin.py:188} INFO - [2024-03-29T11:32:44.397+0000] {dagbag.py:540} INFO - Filling up the DagBag from /home/airflow/.local/lib/python3.8/site-packages/airflow/example_dags/example_python_decorator.py
[2024-03-29T11:32:44.427+0000] {processor.py:840} INFO - DAG(s) 'example_python_decorator' retrieved from /home/airflow/.local/lib/python3.8/site-packages/airflow/example_dags/example_python_decorator.py
[2024-03-29T11:32:44.658+0000] {logging_mixin.py:188} INFO - [2024-03-29T11:32:44.657+0000] {dag.py:3047} INFO - Sync 1 DAGs
[2024-03-29T11:32:44.676+0000] {logging_mixin.py:188} INFO - [2024-03-29T11:32:44.675+0000] {dag.py:3834} INFO - Setting next_dagrun for example_python_decorator to None, run_after=None
[2024-03-29T11:32:44.709+0000] {processor.py:183} INFO - Processing /home/airflow/.local/lib/python3.8/site-packages/airflow/example_dags/example_python_decorator.py took 0.317 seconds
[2024-03-29T11:33:15.380+0000] {processor.py:161} INFO - Started process (PID=141) to work on /home/airflow/.local/lib/python3.8/site-packages/airflow/example_dags/example_python_decorator.py
[2024-03-29T11:33:15.381+0000] {processor.py:830} INFO - Processing file /home/airflow/.local/lib/python3.8/site-packages/airflow/example_dags/example_python_decorator.py for tasks to queue
[2024-03-29T11:33:15.383+0000] {logging_mixin.py:188} INFO - [2024-03-29T11:33:15.383+0000] {dagbag.py:540} INFO - Filling up the DagBag from /home/airflow/.local/lib/python3.8/site-packages/airflow/example_dags/example_python_decorator.py
[2024-03-29T11:33:15.400+0000] {processor.py:840} INFO - DAG(s) 'example_python_decorator' retrieved from /home/airflow/.local/lib/python3.8/site-packages/airflow/example_dags/example_python_decorator.py
[2024-03-29T11:33:15.434+0000] {logging_mixin.py:188} INFO - [2024-03-29T11:33:15.433+0000] {dag.py:3047} INFO - Sync 1 DAGs
[2024-03-29T11:33:15.453+0000] {logging_mixin.py:188} INFO - [2024-03-29T11:33:15.452+0000] {dag.py:3834} INFO - Setting next_dagrun for example_python_decorator to None, run_after=None
[2024-03-29T11:33:15.477+0000] {processor.py:183} INFO - Processing /home/airflow/.local/lib/python3.8/site-packages/airflow/example_dags/example_python_decorator.py took 0.099 seconds
[2024-03-29T11:33:46.326+0000] {processor.py:161} INFO - Started process (PID=195) to work on /home/airflow/.local/lib/python3.8/site-packages/airflow/example_dags/example_python_decorator.py
[2024-03-29T11:33:46.333+0000] {processor.py:830} INFO - Processing file /home/airflow/.local/lib/python3.8/site-packages/airflow/example_dags/example_python_decorator.py for tasks to queue
[2024-03-29T11:33:46.341+0000] {logging_mixin.py:188} INFO - [2024-03-29T11:33:46.341+0000] {dagbag.py:540} INFO - Filling up the DagBag from /home/airflow/.local/lib/python3.8/site-packages/airflow/example_dags/example_python_decorator.py
[2024-03-29T11:33:46.413+0000] {processor.py:840} INFO - DAG(s) 'example_python_decorator' retrieved from /home/airflow/.local/lib/python3.8/site-packages/airflow/example_dags/example_python_decorator.py
[2024-03-29T11:33:46.450+0000] {logging_mixin.py:188} INFO - [2024-03-29T11:33:46.443+0000] {dag.py:3047} INFO - Sync 1 DAGs
[2024-03-29T11:33:46.473+0000] {logging_mixin.py:188} INFO - [2024-03-29T11:33:46.473+0000] {dag.py:3834} INFO - Setting next_dagrun for example_python_decorator to None, run_after=None
[2024-03-29T11:33:46.533+0000] {processor.py:183} INFO - Processing /home/airflow/.local/lib/python3.8/site-packages/airflow/example_dags/example_python_decorator.py took 0.209 seconds
[2024-03-29T11:34:16.620+0000] {processor.py:161} INFO - Started process (PID=250) to work on /home/airflow/.local/lib/python3.8/site-packages/airflow/example_dags/example_python_decorator.py
[2024-03-29T11:34:16.621+0000] {processor.py:830} INFO - Processing file /home/airflow/.local/lib/python3.8/site-packages/airflow/example_dags/example_python_decorator.py for tasks to queue
[2024-03-29T11:34:16.623+0000] {logging_mixin.py:188} INFO - [2024-03-29T11:34:16.623+0000] {dagbag.py:540} INFO - Filling up the DagBag from /home/airflow/.local/lib/python3.8/site-packages/airflow/example_dags/example_python_decorator.py
[2024-03-29T11:34:16.638+0000] {processor.py:840} INFO - DAG(s) 'example_python_decorator' retrieved from /home/airflow/.local/lib/python3.8/site-packages/airflow/example_dags/example_python_decorator.py
[2024-03-29T11:34:16.651+0000] {logging_mixin.py:188} INFO - [2024-03-29T11:34:16.650+0000] {dag.py:3047} INFO - Sync 1 DAGs
[2024-03-29T11:34:16.665+0000] {logging_mixin.py:188} INFO - [2024-03-29T11:34:16.665+0000] {dag.py:3834} INFO - Setting next_dagrun for example_python_decorator to None, run_after=None
[2024-03-29T11:34:16.690+0000] {processor.py:183} INFO - Processing /home/airflow/.local/lib/python3.8/site-packages/airflow/example_dags/example_python_decorator.py took 0.075 seconds
[2024-03-29T11:34:46.795+0000] {processor.py:161} INFO - Started process (PID=306) to work on /home/airflow/.local/lib/python3.8/site-packages/airflow/example_dags/example_python_decorator.py
[2024-03-29T11:34:46.796+0000] {processor.py:830} INFO - Processing file /home/airflow/.local/lib/python3.8/site-packages/airflow/example_dags/example_python_decorator.py for tasks to queue
[2024-03-29T11:34:46.797+0000] {logging_mixin.py:188} INFO - [2024-03-29T11:34:46.797+0000] {dagbag.py:540} INFO - Filling up the DagBag from /home/airflow/.local/lib/python3.8/site-packages/airflow/example_dags/example_python_decorator.py
[2024-03-29T11:34:46.811+0000] {processor.py:840} INFO - DAG(s) 'example_python_decorator' retrieved from /home/airflow/.local/lib/python3.8/site-packages/airflow/example_dags/example_python_decorator.py
[2024-03-29T11:34:46.824+0000] {logging_mixin.py:188} INFO - [2024-03-29T11:34:46.824+0000] {dag.py:3047} INFO - Sync 1 DAGs
[2024-03-29T11:34:46.839+0000] {logging_mixin.py:188} INFO - [2024-03-29T11:34:46.839+0000] {dag.py:3834} INFO - Setting next_dagrun for example_python_decorator to None, run_after=None
[2024-03-29T11:34:46.859+0000] {processor.py:183} INFO - Processing /home/airflow/.local/lib/python3.8/site-packages/airflow/example_dags/example_python_decorator.py took 0.066 seconds
[2024-03-29T11:35:17.407+0000] {processor.py:161} INFO - Started process (PID=361) to work on /home/airflow/.local/lib/python3.8/site-packages/airflow/example_dags/example_python_decorator.py
[2024-03-29T11:35:17.409+0000] {processor.py:830} INFO - Processing file /home/airflow/.local/lib/python3.8/site-packages/airflow/example_dags/example_python_decorator.py for tasks to queue
[2024-03-29T11:35:17.411+0000] {logging_mixin.py:188} INFO - [2024-03-29T11:35:17.410+0000] {dagbag.py:540} INFO - Filling up the DagBag from /home/airflow/.local/lib/python3.8/site-packages/airflow/example_dags/example_python_decorator.py
[2024-03-29T11:35:17.437+0000] {processor.py:840} INFO - DAG(s) 'example_python_decorator' retrieved from /home/airflow/.local/lib/python3.8/site-packages/airflow/example_dags/example_python_decorator.py
[2024-03-29T11:35:17.471+0000] {logging_mixin.py:188} INFO - [2024-03-29T11:35:17.470+0000] {dag.py:3047} INFO - Sync 1 DAGs
[2024-03-29T11:35:17.490+0000] {logging_mixin.py:188} INFO - [2024-03-29T11:35:17.490+0000] {dag.py:3834} INFO - Setting next_dagrun for example_python_decorator to None, run_after=None
[2024-03-29T11:35:17.526+0000] {processor.py:183} INFO - Processing /home/airflow/.local/lib/python3.8/site-packages/airflow/example_dags/example_python_decorator.py took 0.122 seconds
[2024-03-29T11:35:50.295+0000] {processor.py:161} INFO - Started process (PID=417) to work on /home/airflow/.local/lib/python3.8/site-packages/airflow/example_dags/example_python_decorator.py
[2024-03-29T11:35:50.296+0000] {processor.py:830} INFO - Processing file /home/airflow/.local/lib/python3.8/site-packages/airflow/example_dags/example_python_decorator.py for tasks to queue
[2024-03-29T11:35:50.299+0000] {logging_mixin.py:188} INFO - [2024-03-29T11:35:50.298+0000] {dagbag.py:540} INFO - Filling up the DagBag from /home/airflow/.local/lib/python3.8/site-packages/airflow/example_dags/example_python_decorator.py
[2024-03-29T11:35:50.321+0000] {processor.py:840} INFO - DAG(s) 'example_python_decorator' retrieved from /home/airflow/.local/lib/python3.8/site-packages/airflow/example_dags/example_python_decorator.py
[2024-03-29T11:35:50.432+0000] {logging_mixin.py:188} INFO - [2024-03-29T11:35:50.430+0000] {dag.py:3047} INFO - Sync 1 DAGs
[2024-03-29T11:35:50.444+0000] {logging_mixin.py:188} INFO - [2024-03-29T11:35:50.443+0000] {dag.py:3834} INFO - Setting next_dagrun for example_python_decorator to None, run_after=None
[2024-03-29T11:35:50.472+0000] {processor.py:183} INFO - Processing /home/airflow/.local/lib/python3.8/site-packages/airflow/example_dags/example_python_decorator.py took 0.180 seconds
[2024-03-29T11:36:20.922+0000] {processor.py:161} INFO - Started process (PID=473) to work on /home/airflow/.local/lib/python3.8/site-packages/airflow/example_dags/example_python_decorator.py
[2024-03-29T11:36:20.923+0000] {processor.py:830} INFO - Processing file /home/airflow/.local/lib/python3.8/site-packages/airflow/example_dags/example_python_decorator.py for tasks to queue
[2024-03-29T11:36:20.925+0000] {logging_mixin.py:188} INFO - [2024-03-29T11:36:20.925+0000] {dagbag.py:540} INFO - Filling up the DagBag from /home/airflow/.local/lib/python3.8/site-packages/airflow/example_dags/example_python_decorator.py
[2024-03-29T11:36:20.946+0000] {processor.py:840} INFO - DAG(s) 'example_python_decorator' retrieved from /home/airflow/.local/lib/python3.8/site-packages/airflow/example_dags/example_python_decorator.py
[2024-03-29T11:36:20.978+0000] {logging_mixin.py:188} INFO - [2024-03-29T11:36:20.977+0000] {dag.py:3047} INFO - Sync 1 DAGs
[2024-03-29T11:36:20.994+0000] {logging_mixin.py:188} INFO - [2024-03-29T11:36:20.993+0000] {dag.py:3834} INFO - Setting next_dagrun for example_python_decorator to None, run_after=None
[2024-03-29T11:36:21.024+0000] {processor.py:183} INFO - Processing /home/airflow/.local/lib/python3.8/site-packages/airflow/example_dags/example_python_decorator.py took 0.106 seconds
[2024-03-29T11:36:51.812+0000] {processor.py:161} INFO - Started process (PID=529) to work on /home/airflow/.local/lib/python3.8/site-packages/airflow/example_dags/example_python_decorator.py
[2024-03-29T11:36:51.814+0000] {processor.py:830} INFO - Processing file /home/airflow/.local/lib/python3.8/site-packages/airflow/example_dags/example_python_decorator.py for tasks to queue
[2024-03-29T11:36:51.818+0000] {logging_mixin.py:188} INFO - [2024-03-29T11:36:51.817+0000] {dagbag.py:540} INFO - Filling up the DagBag from /home/airflow/.local/lib/python3.8/site-packages/airflow/example_dags/example_python_decorator.py
[2024-03-29T11:36:51.843+0000] {processor.py:840} INFO - DAG(s) 'example_python_decorator' retrieved from /home/airflow/.local/lib/python3.8/site-packages/airflow/example_dags/example_python_decorator.py
[2024-03-29T11:36:51.878+0000] {logging_mixin.py:188} INFO - [2024-03-29T11:36:51.877+0000] {dag.py:3047} INFO - Sync 1 DAGs
[2024-03-29T11:36:51.897+0000] {logging_mixin.py:188} INFO - [2024-03-29T11:36:51.897+0000] {dag.py:3834} INFO - Setting next_dagrun for example_python_decorator to None, run_after=None
[2024-03-29T11:36:51.924+0000] {processor.py:183} INFO - Processing /home/airflow/.local/lib/python3.8/site-packages/airflow/example_dags/example_python_decorator.py took 0.115 seconds
[2024-03-29T11:37:22.518+0000] {processor.py:161} INFO - Started process (PID=585) to work on /home/airflow/.local/lib/python3.8/site-packages/airflow/example_dags/example_python_decorator.py
[2024-03-29T11:37:22.519+0000] {processor.py:830} INFO - Processing file /home/airflow/.local/lib/python3.8/site-packages/airflow/example_dags/example_python_decorator.py for tasks to queue
[2024-03-29T11:37:22.522+0000] {logging_mixin.py:188} INFO - [2024-03-29T11:37:22.522+0000] {dagbag.py:540} INFO - Filling up the DagBag from /home/airflow/.local/lib/python3.8/site-packages/airflow/example_dags/example_python_decorator.py
[2024-03-29T11:37:22.554+0000] {processor.py:840} INFO - DAG(s) 'example_python_decorator' retrieved from /home/airflow/.local/lib/python3.8/site-packages/airflow/example_dags/example_python_decorator.py
[2024-03-29T11:37:22.587+0000] {logging_mixin.py:188} INFO - [2024-03-29T11:37:22.586+0000] {dag.py:3047} INFO - Sync 1 DAGs
[2024-03-29T11:37:22.603+0000] {logging_mixin.py:188} INFO - [2024-03-29T11:37:22.603+0000] {dag.py:3834} INFO - Setting next_dagrun for example_python_decorator to None, run_after=None
[2024-03-29T11:37:22.638+0000] {processor.py:183} INFO - Processing /home/airflow/.local/lib/python3.8/site-packages/airflow/example_dags/example_python_decorator.py took 0.125 seconds
[2024-03-29T11:37:53.413+0000] {processor.py:161} INFO - Started process (PID=642) to work on /home/airflow/.local/lib/python3.8/site-packages/airflow/example_dags/example_python_decorator.py
[2024-03-29T11:37:53.416+0000] {processor.py:830} INFO - Processing file /home/airflow/.local/lib/python3.8/site-packages/airflow/example_dags/example_python_decorator.py for tasks to queue
[2024-03-29T11:37:53.418+0000] {logging_mixin.py:188} INFO - [2024-03-29T11:37:53.418+0000] {dagbag.py:540} INFO - Filling up the DagBag from /home/airflow/.local/lib/python3.8/site-packages/airflow/example_dags/example_python_decorator.py
[2024-03-29T11:37:53.430+0000] {processor.py:840} INFO - DAG(s) 'example_python_decorator' retrieved from /home/airflow/.local/lib/python3.8/site-packages/airflow/example_dags/example_python_decorator.py
[2024-03-29T11:37:53.457+0000] {logging_mixin.py:188} INFO - [2024-03-29T11:37:53.456+0000] {dag.py:3047} INFO - Sync 1 DAGs
[2024-03-29T11:37:53.475+0000] {logging_mixin.py:188} INFO - [2024-03-29T11:37:53.475+0000] {dag.py:3834} INFO - Setting next_dagrun for example_python_decorator to None, run_after=None
[2024-03-29T11:37:53.498+0000] {processor.py:183} INFO - Processing /home/airflow/.local/lib/python3.8/site-packages/airflow/example_dags/example_python_decorator.py took 0.088 seconds
[2024-03-29T11:40:20.884+0000] {processor.py:161} INFO - Started process (PID=91) to work on /home/airflow/.local/lib/python3.8/site-packages/airflow/example_dags/example_python_decorator.py
[2024-03-29T11:40:20.887+0000] {processor.py:830} INFO - Processing file /home/airflow/.local/lib/python3.8/site-packages/airflow/example_dags/example_python_decorator.py for tasks to queue
[2024-03-29T11:40:20.898+0000] {logging_mixin.py:188} INFO - [2024-03-29T11:40:20.896+0000] {dagbag.py:540} INFO - Filling up the DagBag from /home/airflow/.local/lib/python3.8/site-packages/airflow/example_dags/example_python_decorator.py
[2024-03-29T11:40:20.938+0000] {processor.py:840} INFO - DAG(s) 'example_python_decorator' retrieved from /home/airflow/.local/lib/python3.8/site-packages/airflow/example_dags/example_python_decorator.py
[2024-03-29T11:40:21.360+0000] {logging_mixin.py:188} INFO - [2024-03-29T11:40:21.354+0000] {dag.py:3047} INFO - Sync 1 DAGs
[2024-03-29T11:40:21.383+0000] {logging_mixin.py:188} INFO - [2024-03-29T11:40:21.383+0000] {dag.py:3834} INFO - Setting next_dagrun for example_python_decorator to None, run_after=None
[2024-03-29T11:40:21.593+0000] {processor.py:183} INFO - Processing /home/airflow/.local/lib/python3.8/site-packages/airflow/example_dags/example_python_decorator.py took 0.716 seconds
[2024-03-29T11:40:52.762+0000] {processor.py:161} INFO - Started process (PID=148) to work on /home/airflow/.local/lib/python3.8/site-packages/airflow/example_dags/example_python_decorator.py
[2024-03-29T11:40:52.769+0000] {processor.py:830} INFO - Processing file /home/airflow/.local/lib/python3.8/site-packages/airflow/example_dags/example_python_decorator.py for tasks to queue
[2024-03-29T11:40:52.786+0000] {logging_mixin.py:188} INFO - [2024-03-29T11:40:52.786+0000] {dagbag.py:540} INFO - Filling up the DagBag from /home/airflow/.local/lib/python3.8/site-packages/airflow/example_dags/example_python_decorator.py
[2024-03-29T11:40:52.840+0000] {processor.py:840} INFO - DAG(s) 'example_python_decorator' retrieved from /home/airflow/.local/lib/python3.8/site-packages/airflow/example_dags/example_python_decorator.py
[2024-03-29T11:40:52.930+0000] {logging_mixin.py:188} INFO - [2024-03-29T11:40:52.929+0000] {dag.py:3047} INFO - Sync 1 DAGs
[2024-03-29T11:40:52.956+0000] {logging_mixin.py:188} INFO - [2024-03-29T11:40:52.956+0000] {dag.py:3834} INFO - Setting next_dagrun for example_python_decorator to None, run_after=None
[2024-03-29T11:40:53.078+0000] {processor.py:183} INFO - Processing /home/airflow/.local/lib/python3.8/site-packages/airflow/example_dags/example_python_decorator.py took 0.324 seconds
[2024-03-29T11:41:34.030+0000] {processor.py:161} INFO - Started process (PID=203) to work on /home/airflow/.local/lib/python3.8/site-packages/airflow/example_dags/example_python_decorator.py
[2024-03-29T11:41:34.057+0000] {processor.py:830} INFO - Processing file /home/airflow/.local/lib/python3.8/site-packages/airflow/example_dags/example_python_decorator.py for tasks to queue
[2024-03-29T11:41:34.088+0000] {logging_mixin.py:188} INFO - [2024-03-29T11:41:34.071+0000] {dagbag.py:540} INFO - Filling up the DagBag from /home/airflow/.local/lib/python3.8/site-packages/airflow/example_dags/example_python_decorator.py
[2024-03-29T11:41:34.234+0000] {processor.py:840} INFO - DAG(s) 'example_python_decorator' retrieved from /home/airflow/.local/lib/python3.8/site-packages/airflow/example_dags/example_python_decorator.py
[2024-03-29T11:41:34.366+0000] {logging_mixin.py:188} INFO - [2024-03-29T11:41:34.365+0000] {dag.py:3047} INFO - Sync 1 DAGs
[2024-03-29T11:41:34.434+0000] {logging_mixin.py:188} INFO - [2024-03-29T11:41:34.433+0000] {dag.py:3834} INFO - Setting next_dagrun for example_python_decorator to None, run_after=None
[2024-03-29T11:41:34.596+0000] {processor.py:183} INFO - Processing /home/airflow/.local/lib/python3.8/site-packages/airflow/example_dags/example_python_decorator.py took 0.571 seconds
[2024-03-29T11:42:05.258+0000] {processor.py:161} INFO - Started process (PID=259) to work on /home/airflow/.local/lib/python3.8/site-packages/airflow/example_dags/example_python_decorator.py
[2024-03-29T11:42:05.261+0000] {processor.py:830} INFO - Processing file /home/airflow/.local/lib/python3.8/site-packages/airflow/example_dags/example_python_decorator.py for tasks to queue
[2024-03-29T11:42:05.266+0000] {logging_mixin.py:188} INFO - [2024-03-29T11:42:05.265+0000] {dagbag.py:540} INFO - Filling up the DagBag from /home/airflow/.local/lib/python3.8/site-packages/airflow/example_dags/example_python_decorator.py
[2024-03-29T11:42:05.343+0000] {processor.py:840} INFO - DAG(s) 'example_python_decorator' retrieved from /home/airflow/.local/lib/python3.8/site-packages/airflow/example_dags/example_python_decorator.py
[2024-03-29T11:42:05.458+0000] {logging_mixin.py:188} INFO - [2024-03-29T11:42:05.457+0000] {dag.py:3047} INFO - Sync 1 DAGs
[2024-03-29T11:42:05.510+0000] {logging_mixin.py:188} INFO - [2024-03-29T11:42:05.510+0000] {dag.py:3834} INFO - Setting next_dagrun for example_python_decorator to None, run_after=None
[2024-03-29T11:42:05.607+0000] {processor.py:183} INFO - Processing /home/airflow/.local/lib/python3.8/site-packages/airflow/example_dags/example_python_decorator.py took 0.352 seconds
[2024-03-29T11:42:39.386+0000] {processor.py:161} INFO - Started process (PID=315) to work on /home/airflow/.local/lib/python3.8/site-packages/airflow/example_dags/example_python_decorator.py
[2024-03-29T11:42:39.387+0000] {processor.py:830} INFO - Processing file /home/airflow/.local/lib/python3.8/site-packages/airflow/example_dags/example_python_decorator.py for tasks to queue
[2024-03-29T11:42:39.390+0000] {logging_mixin.py:188} INFO - [2024-03-29T11:42:39.389+0000] {dagbag.py:540} INFO - Filling up the DagBag from /home/airflow/.local/lib/python3.8/site-packages/airflow/example_dags/example_python_decorator.py
[2024-03-29T11:42:39.417+0000] {processor.py:840} INFO - DAG(s) 'example_python_decorator' retrieved from /home/airflow/.local/lib/python3.8/site-packages/airflow/example_dags/example_python_decorator.py
[2024-03-29T11:42:39.457+0000] {logging_mixin.py:188} INFO - [2024-03-29T11:42:39.456+0000] {dag.py:3047} INFO - Sync 1 DAGs
[2024-03-29T11:42:39.520+0000] {logging_mixin.py:188} INFO - [2024-03-29T11:42:39.519+0000] {dag.py:3834} INFO - Setting next_dagrun for example_python_decorator to None, run_after=None
[2024-03-29T11:42:39.591+0000] {processor.py:183} INFO - Processing /home/airflow/.local/lib/python3.8/site-packages/airflow/example_dags/example_python_decorator.py took 0.207 seconds
[2024-03-29T11:43:10.124+0000] {processor.py:161} INFO - Started process (PID=371) to work on /home/airflow/.local/lib/python3.8/site-packages/airflow/example_dags/example_python_decorator.py
[2024-03-29T11:43:10.131+0000] {processor.py:830} INFO - Processing file /home/airflow/.local/lib/python3.8/site-packages/airflow/example_dags/example_python_decorator.py for tasks to queue
[2024-03-29T11:43:10.137+0000] {logging_mixin.py:188} INFO - [2024-03-29T11:43:10.136+0000] {dagbag.py:540} INFO - Filling up the DagBag from /home/airflow/.local/lib/python3.8/site-packages/airflow/example_dags/example_python_decorator.py
[2024-03-29T11:43:10.175+0000] {processor.py:840} INFO - DAG(s) 'example_python_decorator' retrieved from /home/airflow/.local/lib/python3.8/site-packages/airflow/example_dags/example_python_decorator.py
[2024-03-29T11:43:10.272+0000] {logging_mixin.py:188} INFO - [2024-03-29T11:43:10.271+0000] {dag.py:3047} INFO - Sync 1 DAGs
[2024-03-29T11:43:10.315+0000] {logging_mixin.py:188} INFO - [2024-03-29T11:43:10.315+0000] {dag.py:3834} INFO - Setting next_dagrun for example_python_decorator to None, run_after=None
[2024-03-29T11:43:10.383+0000] {processor.py:183} INFO - Processing /home/airflow/.local/lib/python3.8/site-packages/airflow/example_dags/example_python_decorator.py took 0.263 seconds
[2024-03-29T11:43:41.168+0000] {processor.py:161} INFO - Started process (PID=426) to work on /home/airflow/.local/lib/python3.8/site-packages/airflow/example_dags/example_python_decorator.py
[2024-03-29T11:43:41.169+0000] {processor.py:830} INFO - Processing file /home/airflow/.local/lib/python3.8/site-packages/airflow/example_dags/example_python_decorator.py for tasks to queue
[2024-03-29T11:43:41.172+0000] {logging_mixin.py:188} INFO - [2024-03-29T11:43:41.171+0000] {dagbag.py:540} INFO - Filling up the DagBag from /home/airflow/.local/lib/python3.8/site-packages/airflow/example_dags/example_python_decorator.py
[2024-03-29T11:43:41.186+0000] {processor.py:840} INFO - DAG(s) 'example_python_decorator' retrieved from /home/airflow/.local/lib/python3.8/site-packages/airflow/example_dags/example_python_decorator.py
[2024-03-29T11:43:41.216+0000] {logging_mixin.py:188} INFO - [2024-03-29T11:43:41.216+0000] {dag.py:3047} INFO - Sync 1 DAGs
[2024-03-29T11:43:41.229+0000] {logging_mixin.py:188} INFO - [2024-03-29T11:43:41.229+0000] {dag.py:3834} INFO - Setting next_dagrun for example_python_decorator to None, run_after=None
[2024-03-29T11:43:41.288+0000] {processor.py:183} INFO - Processing /home/airflow/.local/lib/python3.8/site-packages/airflow/example_dags/example_python_decorator.py took 0.125 seconds
[2024-03-29T11:44:12.071+0000] {processor.py:161} INFO - Started process (PID=482) to work on /home/airflow/.local/lib/python3.8/site-packages/airflow/example_dags/example_python_decorator.py
[2024-03-29T11:44:12.072+0000] {processor.py:830} INFO - Processing file /home/airflow/.local/lib/python3.8/site-packages/airflow/example_dags/example_python_decorator.py for tasks to queue
[2024-03-29T11:44:12.076+0000] {logging_mixin.py:188} INFO - [2024-03-29T11:44:12.075+0000] {dagbag.py:540} INFO - Filling up the DagBag from /home/airflow/.local/lib/python3.8/site-packages/airflow/example_dags/example_python_decorator.py
[2024-03-29T11:44:12.119+0000] {processor.py:840} INFO - DAG(s) 'example_python_decorator' retrieved from /home/airflow/.local/lib/python3.8/site-packages/airflow/example_dags/example_python_decorator.py
[2024-03-29T11:44:12.201+0000] {logging_mixin.py:188} INFO - [2024-03-29T11:44:12.189+0000] {dag.py:3047} INFO - Sync 1 DAGs
[2024-03-29T11:44:12.242+0000] {logging_mixin.py:188} INFO - [2024-03-29T11:44:12.242+0000] {dag.py:3834} INFO - Setting next_dagrun for example_python_decorator to None, run_after=None
[2024-03-29T11:44:12.297+0000] {processor.py:183} INFO - Processing /home/airflow/.local/lib/python3.8/site-packages/airflow/example_dags/example_python_decorator.py took 0.230 seconds
[2024-03-29T11:44:43.045+0000] {processor.py:161} INFO - Started process (PID=538) to work on /home/airflow/.local/lib/python3.8/site-packages/airflow/example_dags/example_python_decorator.py
[2024-03-29T11:44:43.046+0000] {processor.py:830} INFO - Processing file /home/airflow/.local/lib/python3.8/site-packages/airflow/example_dags/example_python_decorator.py for tasks to queue
[2024-03-29T11:44:43.050+0000] {logging_mixin.py:188} INFO - [2024-03-29T11:44:43.049+0000] {dagbag.py:540} INFO - Filling up the DagBag from /home/airflow/.local/lib/python3.8/site-packages/airflow/example_dags/example_python_decorator.py
[2024-03-29T11:44:43.071+0000] {processor.py:840} INFO - DAG(s) 'example_python_decorator' retrieved from /home/airflow/.local/lib/python3.8/site-packages/airflow/example_dags/example_python_decorator.py
[2024-03-29T11:44:43.112+0000] {logging_mixin.py:188} INFO - [2024-03-29T11:44:43.111+0000] {dag.py:3047} INFO - Sync 1 DAGs
[2024-03-29T11:44:43.134+0000] {logging_mixin.py:188} INFO - [2024-03-29T11:44:43.134+0000] {dag.py:3834} INFO - Setting next_dagrun for example_python_decorator to None, run_after=None
[2024-03-29T11:44:43.162+0000] {processor.py:183} INFO - Processing /home/airflow/.local/lib/python3.8/site-packages/airflow/example_dags/example_python_decorator.py took 0.123 seconds
[2024-03-29T11:45:13.465+0000] {processor.py:161} INFO - Started process (PID=594) to work on /home/airflow/.local/lib/python3.8/site-packages/airflow/example_dags/example_python_decorator.py
[2024-03-29T11:45:13.469+0000] {processor.py:830} INFO - Processing file /home/airflow/.local/lib/python3.8/site-packages/airflow/example_dags/example_python_decorator.py for tasks to queue
[2024-03-29T11:45:13.471+0000] {logging_mixin.py:188} INFO - [2024-03-29T11:45:13.471+0000] {dagbag.py:540} INFO - Filling up the DagBag from /home/airflow/.local/lib/python3.8/site-packages/airflow/example_dags/example_python_decorator.py
[2024-03-29T11:45:13.489+0000] {processor.py:840} INFO - DAG(s) 'example_python_decorator' retrieved from /home/airflow/.local/lib/python3.8/site-packages/airflow/example_dags/example_python_decorator.py
[2024-03-29T11:45:13.530+0000] {logging_mixin.py:188} INFO - [2024-03-29T11:45:13.530+0000] {dag.py:3047} INFO - Sync 1 DAGs
[2024-03-29T11:45:13.545+0000] {logging_mixin.py:188} INFO - [2024-03-29T11:45:13.545+0000] {dag.py:3834} INFO - Setting next_dagrun for example_python_decorator to None, run_after=None
[2024-03-29T11:45:13.573+0000] {processor.py:183} INFO - Processing /home/airflow/.local/lib/python3.8/site-packages/airflow/example_dags/example_python_decorator.py took 0.110 seconds
[2024-03-29T11:45:44.104+0000] {processor.py:161} INFO - Started process (PID=650) to work on /home/airflow/.local/lib/python3.8/site-packages/airflow/example_dags/example_python_decorator.py
[2024-03-29T11:45:44.108+0000] {processor.py:830} INFO - Processing file /home/airflow/.local/lib/python3.8/site-packages/airflow/example_dags/example_python_decorator.py for tasks to queue
[2024-03-29T11:45:44.111+0000] {logging_mixin.py:188} INFO - [2024-03-29T11:45:44.111+0000] {dagbag.py:540} INFO - Filling up the DagBag from /home/airflow/.local/lib/python3.8/site-packages/airflow/example_dags/example_python_decorator.py
[2024-03-29T11:45:44.124+0000] {processor.py:840} INFO - DAG(s) 'example_python_decorator' retrieved from /home/airflow/.local/lib/python3.8/site-packages/airflow/example_dags/example_python_decorator.py
[2024-03-29T11:45:44.148+0000] {logging_mixin.py:188} INFO - [2024-03-29T11:45:44.147+0000] {dag.py:3047} INFO - Sync 1 DAGs
[2024-03-29T11:45:44.159+0000] {logging_mixin.py:188} INFO - [2024-03-29T11:45:44.159+0000] {dag.py:3834} INFO - Setting next_dagrun for example_python_decorator to None, run_after=None
[2024-03-29T11:45:44.194+0000] {processor.py:183} INFO - Processing /home/airflow/.local/lib/python3.8/site-packages/airflow/example_dags/example_python_decorator.py took 0.093 seconds
[2024-03-29T11:46:14.344+0000] {processor.py:161} INFO - Started process (PID=706) to work on /home/airflow/.local/lib/python3.8/site-packages/airflow/example_dags/example_python_decorator.py
[2024-03-29T11:46:14.345+0000] {processor.py:830} INFO - Processing file /home/airflow/.local/lib/python3.8/site-packages/airflow/example_dags/example_python_decorator.py for tasks to queue
[2024-03-29T11:46:14.346+0000] {logging_mixin.py:188} INFO - [2024-03-29T11:46:14.346+0000] {dagbag.py:540} INFO - Filling up the DagBag from /home/airflow/.local/lib/python3.8/site-packages/airflow/example_dags/example_python_decorator.py
[2024-03-29T11:46:14.361+0000] {processor.py:840} INFO - DAG(s) 'example_python_decorator' retrieved from /home/airflow/.local/lib/python3.8/site-packages/airflow/example_dags/example_python_decorator.py
[2024-03-29T11:46:14.387+0000] {logging_mixin.py:188} INFO - [2024-03-29T11:46:14.386+0000] {dag.py:3047} INFO - Sync 1 DAGs
[2024-03-29T11:46:14.401+0000] {logging_mixin.py:188} INFO - [2024-03-29T11:46:14.401+0000] {dag.py:3834} INFO - Setting next_dagrun for example_python_decorator to None, run_after=None
[2024-03-29T11:46:14.441+0000] {processor.py:183} INFO - Processing /home/airflow/.local/lib/python3.8/site-packages/airflow/example_dags/example_python_decorator.py took 0.101 seconds
[2024-03-29T11:46:44.847+0000] {processor.py:161} INFO - Started process (PID=762) to work on /home/airflow/.local/lib/python3.8/site-packages/airflow/example_dags/example_python_decorator.py
[2024-03-29T11:46:44.848+0000] {processor.py:830} INFO - Processing file /home/airflow/.local/lib/python3.8/site-packages/airflow/example_dags/example_python_decorator.py for tasks to queue
[2024-03-29T11:46:44.850+0000] {logging_mixin.py:188} INFO - [2024-03-29T11:46:44.849+0000] {dagbag.py:540} INFO - Filling up the DagBag from /home/airflow/.local/lib/python3.8/site-packages/airflow/example_dags/example_python_decorator.py
[2024-03-29T11:46:44.869+0000] {processor.py:840} INFO - DAG(s) 'example_python_decorator' retrieved from /home/airflow/.local/lib/python3.8/site-packages/airflow/example_dags/example_python_decorator.py
[2024-03-29T11:46:44.898+0000] {logging_mixin.py:188} INFO - [2024-03-29T11:46:44.898+0000] {dag.py:3047} INFO - Sync 1 DAGs
[2024-03-29T11:46:44.913+0000] {logging_mixin.py:188} INFO - [2024-03-29T11:46:44.912+0000] {dag.py:3834} INFO - Setting next_dagrun for example_python_decorator to None, run_after=None
[2024-03-29T11:46:44.938+0000] {processor.py:183} INFO - Processing /home/airflow/.local/lib/python3.8/site-packages/airflow/example_dags/example_python_decorator.py took 0.117 seconds
[2024-03-29T11:47:15.141+0000] {processor.py:161} INFO - Started process (PID=818) to work on /home/airflow/.local/lib/python3.8/site-packages/airflow/example_dags/example_python_decorator.py
[2024-03-29T11:47:15.143+0000] {processor.py:830} INFO - Processing file /home/airflow/.local/lib/python3.8/site-packages/airflow/example_dags/example_python_decorator.py for tasks to queue
[2024-03-29T11:47:15.147+0000] {logging_mixin.py:188} INFO - [2024-03-29T11:47:15.147+0000] {dagbag.py:540} INFO - Filling up the DagBag from /home/airflow/.local/lib/python3.8/site-packages/airflow/example_dags/example_python_decorator.py
[2024-03-29T11:47:15.172+0000] {processor.py:840} INFO - DAG(s) 'example_python_decorator' retrieved from /home/airflow/.local/lib/python3.8/site-packages/airflow/example_dags/example_python_decorator.py
[2024-03-29T11:47:15.199+0000] {logging_mixin.py:188} INFO - [2024-03-29T11:47:15.198+0000] {dag.py:3047} INFO - Sync 1 DAGs
[2024-03-29T11:47:15.214+0000] {logging_mixin.py:188} INFO - [2024-03-29T11:47:15.214+0000] {dag.py:3834} INFO - Setting next_dagrun for example_python_decorator to None, run_after=None
[2024-03-29T11:47:15.234+0000] {processor.py:183} INFO - Processing /home/airflow/.local/lib/python3.8/site-packages/airflow/example_dags/example_python_decorator.py took 0.097 seconds
[2024-03-29T11:47:45.738+0000] {processor.py:161} INFO - Started process (PID=874) to work on /home/airflow/.local/lib/python3.8/site-packages/airflow/example_dags/example_python_decorator.py
[2024-03-29T11:47:45.742+0000] {processor.py:830} INFO - Processing file /home/airflow/.local/lib/python3.8/site-packages/airflow/example_dags/example_python_decorator.py for tasks to queue
[2024-03-29T11:47:45.745+0000] {logging_mixin.py:188} INFO - [2024-03-29T11:47:45.745+0000] {dagbag.py:540} INFO - Filling up the DagBag from /home/airflow/.local/lib/python3.8/site-packages/airflow/example_dags/example_python_decorator.py
[2024-03-29T11:47:45.759+0000] {processor.py:840} INFO - DAG(s) 'example_python_decorator' retrieved from /home/airflow/.local/lib/python3.8/site-packages/airflow/example_dags/example_python_decorator.py
[2024-03-29T11:47:45.789+0000] {logging_mixin.py:188} INFO - [2024-03-29T11:47:45.789+0000] {dag.py:3047} INFO - Sync 1 DAGs
[2024-03-29T11:47:45.805+0000] {logging_mixin.py:188} INFO - [2024-03-29T11:47:45.805+0000] {dag.py:3834} INFO - Setting next_dagrun for example_python_decorator to None, run_after=None
[2024-03-29T11:47:45.832+0000] {processor.py:183} INFO - Processing /home/airflow/.local/lib/python3.8/site-packages/airflow/example_dags/example_python_decorator.py took 0.097 seconds
[2024-03-29T11:48:15.996+0000] {processor.py:161} INFO - Started process (PID=929) to work on /home/airflow/.local/lib/python3.8/site-packages/airflow/example_dags/example_python_decorator.py
[2024-03-29T11:48:15.997+0000] {processor.py:830} INFO - Processing file /home/airflow/.local/lib/python3.8/site-packages/airflow/example_dags/example_python_decorator.py for tasks to queue
[2024-03-29T11:48:15.998+0000] {logging_mixin.py:188} INFO - [2024-03-29T11:48:15.998+0000] {dagbag.py:540} INFO - Filling up the DagBag from /home/airflow/.local/lib/python3.8/site-packages/airflow/example_dags/example_python_decorator.py
[2024-03-29T11:48:16.010+0000] {processor.py:840} INFO - DAG(s) 'example_python_decorator' retrieved from /home/airflow/.local/lib/python3.8/site-packages/airflow/example_dags/example_python_decorator.py
[2024-03-29T11:48:16.032+0000] {logging_mixin.py:188} INFO - [2024-03-29T11:48:16.031+0000] {dag.py:3047} INFO - Sync 1 DAGs
[2024-03-29T11:48:16.045+0000] {logging_mixin.py:188} INFO - [2024-03-29T11:48:16.044+0000] {dag.py:3834} INFO - Setting next_dagrun for example_python_decorator to None, run_after=None
[2024-03-29T11:48:16.065+0000] {processor.py:183} INFO - Processing /home/airflow/.local/lib/python3.8/site-packages/airflow/example_dags/example_python_decorator.py took 0.072 seconds
[2024-03-29T11:48:46.676+0000] {processor.py:161} INFO - Started process (PID=984) to work on /home/airflow/.local/lib/python3.8/site-packages/airflow/example_dags/example_python_decorator.py
[2024-03-29T11:48:46.687+0000] {processor.py:830} INFO - Processing file /home/airflow/.local/lib/python3.8/site-packages/airflow/example_dags/example_python_decorator.py for tasks to queue
[2024-03-29T11:48:46.690+0000] {logging_mixin.py:188} INFO - [2024-03-29T11:48:46.689+0000] {dagbag.py:540} INFO - Filling up the DagBag from /home/airflow/.local/lib/python3.8/site-packages/airflow/example_dags/example_python_decorator.py
[2024-03-29T11:48:46.708+0000] {processor.py:840} INFO - DAG(s) 'example_python_decorator' retrieved from /home/airflow/.local/lib/python3.8/site-packages/airflow/example_dags/example_python_decorator.py
[2024-03-29T11:48:46.744+0000] {logging_mixin.py:188} INFO - [2024-03-29T11:48:46.743+0000] {dag.py:3047} INFO - Sync 1 DAGs
[2024-03-29T11:48:46.763+0000] {logging_mixin.py:188} INFO - [2024-03-29T11:48:46.763+0000] {dag.py:3834} INFO - Setting next_dagrun for example_python_decorator to None, run_after=None
[2024-03-29T11:48:46.797+0000] {processor.py:183} INFO - Processing /home/airflow/.local/lib/python3.8/site-packages/airflow/example_dags/example_python_decorator.py took 0.125 seconds
[2024-03-29T11:49:16.938+0000] {processor.py:161} INFO - Started process (PID=1040) to work on /home/airflow/.local/lib/python3.8/site-packages/airflow/example_dags/example_python_decorator.py
[2024-03-29T11:49:16.939+0000] {processor.py:830} INFO - Processing file /home/airflow/.local/lib/python3.8/site-packages/airflow/example_dags/example_python_decorator.py for tasks to queue
[2024-03-29T11:49:16.943+0000] {logging_mixin.py:188} INFO - [2024-03-29T11:49:16.942+0000] {dagbag.py:540} INFO - Filling up the DagBag from /home/airflow/.local/lib/python3.8/site-packages/airflow/example_dags/example_python_decorator.py
[2024-03-29T11:49:16.962+0000] {processor.py:840} INFO - DAG(s) 'example_python_decorator' retrieved from /home/airflow/.local/lib/python3.8/site-packages/airflow/example_dags/example_python_decorator.py
[2024-03-29T11:49:16.982+0000] {logging_mixin.py:188} INFO - [2024-03-29T11:49:16.981+0000] {dag.py:3047} INFO - Sync 1 DAGs
[2024-03-29T11:49:16.996+0000] {logging_mixin.py:188} INFO - [2024-03-29T11:49:16.995+0000] {dag.py:3834} INFO - Setting next_dagrun for example_python_decorator to None, run_after=None
[2024-03-29T11:49:17.021+0000] {processor.py:183} INFO - Processing /home/airflow/.local/lib/python3.8/site-packages/airflow/example_dags/example_python_decorator.py took 0.086 seconds
[2024-03-29T11:49:47.564+0000] {processor.py:161} INFO - Started process (PID=1095) to work on /home/airflow/.local/lib/python3.8/site-packages/airflow/example_dags/example_python_decorator.py
[2024-03-29T11:49:47.565+0000] {processor.py:830} INFO - Processing file /home/airflow/.local/lib/python3.8/site-packages/airflow/example_dags/example_python_decorator.py for tasks to queue
[2024-03-29T11:49:47.566+0000] {logging_mixin.py:188} INFO - [2024-03-29T11:49:47.566+0000] {dagbag.py:540} INFO - Filling up the DagBag from /home/airflow/.local/lib/python3.8/site-packages/airflow/example_dags/example_python_decorator.py
[2024-03-29T11:49:47.585+0000] {processor.py:840} INFO - DAG(s) 'example_python_decorator' retrieved from /home/airflow/.local/lib/python3.8/site-packages/airflow/example_dags/example_python_decorator.py
[2024-03-29T11:49:47.621+0000] {logging_mixin.py:188} INFO - [2024-03-29T11:49:47.620+0000] {dag.py:3047} INFO - Sync 1 DAGs
[2024-03-29T11:49:47.642+0000] {logging_mixin.py:188} INFO - [2024-03-29T11:49:47.642+0000] {dag.py:3834} INFO - Setting next_dagrun for example_python_decorator to None, run_after=None
[2024-03-29T11:49:47.661+0000] {processor.py:183} INFO - Processing /home/airflow/.local/lib/python3.8/site-packages/airflow/example_dags/example_python_decorator.py took 0.103 seconds
[2024-03-29T11:50:17.872+0000] {processor.py:161} INFO - Started process (PID=1151) to work on /home/airflow/.local/lib/python3.8/site-packages/airflow/example_dags/example_python_decorator.py
[2024-03-29T11:50:17.873+0000] {processor.py:830} INFO - Processing file /home/airflow/.local/lib/python3.8/site-packages/airflow/example_dags/example_python_decorator.py for tasks to queue
[2024-03-29T11:50:17.876+0000] {logging_mixin.py:188} INFO - [2024-03-29T11:50:17.875+0000] {dagbag.py:540} INFO - Filling up the DagBag from /home/airflow/.local/lib/python3.8/site-packages/airflow/example_dags/example_python_decorator.py
[2024-03-29T11:50:17.892+0000] {processor.py:840} INFO - DAG(s) 'example_python_decorator' retrieved from /home/airflow/.local/lib/python3.8/site-packages/airflow/example_dags/example_python_decorator.py
[2024-03-29T11:50:17.935+0000] {logging_mixin.py:188} INFO - [2024-03-29T11:50:17.934+0000] {dag.py:3047} INFO - Sync 1 DAGs
[2024-03-29T11:50:17.957+0000] {logging_mixin.py:188} INFO - [2024-03-29T11:50:17.956+0000] {dag.py:3834} INFO - Setting next_dagrun for example_python_decorator to None, run_after=None
[2024-03-29T11:50:17.997+0000] {processor.py:183} INFO - Processing /home/airflow/.local/lib/python3.8/site-packages/airflow/example_dags/example_python_decorator.py took 0.129 seconds
[2024-03-29T11:50:48.623+0000] {processor.py:161} INFO - Started process (PID=1207) to work on /home/airflow/.local/lib/python3.8/site-packages/airflow/example_dags/example_python_decorator.py
[2024-03-29T11:50:48.624+0000] {processor.py:830} INFO - Processing file /home/airflow/.local/lib/python3.8/site-packages/airflow/example_dags/example_python_decorator.py for tasks to queue
[2024-03-29T11:50:48.626+0000] {logging_mixin.py:188} INFO - [2024-03-29T11:50:48.626+0000] {dagbag.py:540} INFO - Filling up the DagBag from /home/airflow/.local/lib/python3.8/site-packages/airflow/example_dags/example_python_decorator.py
[2024-03-29T11:50:48.643+0000] {processor.py:840} INFO - DAG(s) 'example_python_decorator' retrieved from /home/airflow/.local/lib/python3.8/site-packages/airflow/example_dags/example_python_decorator.py
[2024-03-29T11:50:48.666+0000] {logging_mixin.py:188} INFO - [2024-03-29T11:50:48.665+0000] {dag.py:3047} INFO - Sync 1 DAGs
[2024-03-29T11:50:48.679+0000] {logging_mixin.py:188} INFO - [2024-03-29T11:50:48.679+0000] {dag.py:3834} INFO - Setting next_dagrun for example_python_decorator to None, run_after=None
[2024-03-29T11:50:48.700+0000] {processor.py:183} INFO - Processing /home/airflow/.local/lib/python3.8/site-packages/airflow/example_dags/example_python_decorator.py took 0.080 seconds
[2024-03-29T11:51:19.496+0000] {processor.py:161} INFO - Started process (PID=1263) to work on /home/airflow/.local/lib/python3.8/site-packages/airflow/example_dags/example_python_decorator.py
[2024-03-29T11:51:19.497+0000] {processor.py:830} INFO - Processing file /home/airflow/.local/lib/python3.8/site-packages/airflow/example_dags/example_python_decorator.py for tasks to queue
[2024-03-29T11:51:19.501+0000] {logging_mixin.py:188} INFO - [2024-03-29T11:51:19.500+0000] {dagbag.py:540} INFO - Filling up the DagBag from /home/airflow/.local/lib/python3.8/site-packages/airflow/example_dags/example_python_decorator.py
[2024-03-29T11:51:19.532+0000] {processor.py:840} INFO - DAG(s) 'example_python_decorator' retrieved from /home/airflow/.local/lib/python3.8/site-packages/airflow/example_dags/example_python_decorator.py
[2024-03-29T11:51:19.616+0000] {logging_mixin.py:188} INFO - [2024-03-29T11:51:19.615+0000] {dag.py:3047} INFO - Sync 1 DAGs
[2024-03-29T11:51:19.655+0000] {logging_mixin.py:188} INFO - [2024-03-29T11:51:19.655+0000] {dag.py:3834} INFO - Setting next_dagrun for example_python_decorator to None, run_after=None
[2024-03-29T11:51:19.692+0000] {processor.py:183} INFO - Processing /home/airflow/.local/lib/python3.8/site-packages/airflow/example_dags/example_python_decorator.py took 0.200 seconds
[2024-03-29T11:51:49.801+0000] {processor.py:161} INFO - Started process (PID=1325) to work on /home/airflow/.local/lib/python3.8/site-packages/airflow/example_dags/example_python_decorator.py
[2024-03-29T11:51:49.802+0000] {processor.py:830} INFO - Processing file /home/airflow/.local/lib/python3.8/site-packages/airflow/example_dags/example_python_decorator.py for tasks to queue
[2024-03-29T11:51:49.804+0000] {logging_mixin.py:188} INFO - [2024-03-29T11:51:49.804+0000] {dagbag.py:540} INFO - Filling up the DagBag from /home/airflow/.local/lib/python3.8/site-packages/airflow/example_dags/example_python_decorator.py
[2024-03-29T11:51:49.818+0000] {processor.py:840} INFO - DAG(s) 'example_python_decorator' retrieved from /home/airflow/.local/lib/python3.8/site-packages/airflow/example_dags/example_python_decorator.py
[2024-03-29T11:51:49.874+0000] {logging_mixin.py:188} INFO - [2024-03-29T11:51:49.873+0000] {dag.py:3047} INFO - Sync 1 DAGs
[2024-03-29T11:51:49.918+0000] {logging_mixin.py:188} INFO - [2024-03-29T11:51:49.917+0000] {dag.py:3834} INFO - Setting next_dagrun for example_python_decorator to None, run_after=None
[2024-03-29T11:51:49.968+0000] {processor.py:183} INFO - Processing /home/airflow/.local/lib/python3.8/site-packages/airflow/example_dags/example_python_decorator.py took 0.171 seconds
[2024-03-29T11:52:20.076+0000] {processor.py:161} INFO - Started process (PID=1381) to work on /home/airflow/.local/lib/python3.8/site-packages/airflow/example_dags/example_python_decorator.py
[2024-03-29T11:52:20.078+0000] {processor.py:830} INFO - Processing file /home/airflow/.local/lib/python3.8/site-packages/airflow/example_dags/example_python_decorator.py for tasks to queue
[2024-03-29T11:52:20.082+0000] {logging_mixin.py:188} INFO - [2024-03-29T11:52:20.081+0000] {dagbag.py:540} INFO - Filling up the DagBag from /home/airflow/.local/lib/python3.8/site-packages/airflow/example_dags/example_python_decorator.py
[2024-03-29T11:52:20.106+0000] {processor.py:840} INFO - DAG(s) 'example_python_decorator' retrieved from /home/airflow/.local/lib/python3.8/site-packages/airflow/example_dags/example_python_decorator.py
[2024-03-29T11:52:20.145+0000] {logging_mixin.py:188} INFO - [2024-03-29T11:52:20.144+0000] {dag.py:3047} INFO - Sync 1 DAGs
[2024-03-29T11:52:20.173+0000] {logging_mixin.py:188} INFO - [2024-03-29T11:52:20.173+0000] {dag.py:3834} INFO - Setting next_dagrun for example_python_decorator to None, run_after=None
[2024-03-29T11:52:20.206+0000] {processor.py:183} INFO - Processing /home/airflow/.local/lib/python3.8/site-packages/airflow/example_dags/example_python_decorator.py took 0.134 seconds
[2024-03-29T11:52:50.836+0000] {processor.py:161} INFO - Started process (PID=1437) to work on /home/airflow/.local/lib/python3.8/site-packages/airflow/example_dags/example_python_decorator.py
[2024-03-29T11:52:50.837+0000] {processor.py:830} INFO - Processing file /home/airflow/.local/lib/python3.8/site-packages/airflow/example_dags/example_python_decorator.py for tasks to queue
[2024-03-29T11:52:50.839+0000] {logging_mixin.py:188} INFO - [2024-03-29T11:52:50.839+0000] {dagbag.py:540} INFO - Filling up the DagBag from /home/airflow/.local/lib/python3.8/site-packages/airflow/example_dags/example_python_decorator.py
[2024-03-29T11:52:50.851+0000] {processor.py:840} INFO - DAG(s) 'example_python_decorator' retrieved from /home/airflow/.local/lib/python3.8/site-packages/airflow/example_dags/example_python_decorator.py
[2024-03-29T11:52:50.873+0000] {logging_mixin.py:188} INFO - [2024-03-29T11:52:50.872+0000] {dag.py:3047} INFO - Sync 1 DAGs
[2024-03-29T11:52:50.884+0000] {logging_mixin.py:188} INFO - [2024-03-29T11:52:50.884+0000] {dag.py:3834} INFO - Setting next_dagrun for example_python_decorator to None, run_after=None
[2024-03-29T11:52:50.907+0000] {processor.py:183} INFO - Processing /home/airflow/.local/lib/python3.8/site-packages/airflow/example_dags/example_python_decorator.py took 0.077 seconds
[2024-03-29T11:53:21.069+0000] {processor.py:161} INFO - Started process (PID=1494) to work on /home/airflow/.local/lib/python3.8/site-packages/airflow/example_dags/example_python_decorator.py
[2024-03-29T11:53:21.071+0000] {processor.py:830} INFO - Processing file /home/airflow/.local/lib/python3.8/site-packages/airflow/example_dags/example_python_decorator.py for tasks to queue
[2024-03-29T11:53:21.073+0000] {logging_mixin.py:188} INFO - [2024-03-29T11:53:21.073+0000] {dagbag.py:540} INFO - Filling up the DagBag from /home/airflow/.local/lib/python3.8/site-packages/airflow/example_dags/example_python_decorator.py
[2024-03-29T11:53:21.086+0000] {processor.py:840} INFO - DAG(s) 'example_python_decorator' retrieved from /home/airflow/.local/lib/python3.8/site-packages/airflow/example_dags/example_python_decorator.py
[2024-03-29T11:53:21.119+0000] {logging_mixin.py:188} INFO - [2024-03-29T11:53:21.118+0000] {dag.py:3047} INFO - Sync 1 DAGs
[2024-03-29T11:53:21.142+0000] {logging_mixin.py:188} INFO - [2024-03-29T11:53:21.142+0000] {dag.py:3834} INFO - Setting next_dagrun for example_python_decorator to None, run_after=None
[2024-03-29T11:53:21.167+0000] {processor.py:183} INFO - Processing /home/airflow/.local/lib/python3.8/site-packages/airflow/example_dags/example_python_decorator.py took 0.102 seconds
[2024-03-29T11:53:51.310+0000] {processor.py:161} INFO - Started process (PID=1550) to work on /home/airflow/.local/lib/python3.8/site-packages/airflow/example_dags/example_python_decorator.py
[2024-03-29T11:53:51.310+0000] {processor.py:830} INFO - Processing file /home/airflow/.local/lib/python3.8/site-packages/airflow/example_dags/example_python_decorator.py for tasks to queue
[2024-03-29T11:53:51.314+0000] {logging_mixin.py:188} INFO - [2024-03-29T11:53:51.313+0000] {dagbag.py:540} INFO - Filling up the DagBag from /home/airflow/.local/lib/python3.8/site-packages/airflow/example_dags/example_python_decorator.py
[2024-03-29T11:53:51.330+0000] {processor.py:840} INFO - DAG(s) 'example_python_decorator' retrieved from /home/airflow/.local/lib/python3.8/site-packages/airflow/example_dags/example_python_decorator.py
[2024-03-29T11:53:51.361+0000] {logging_mixin.py:188} INFO - [2024-03-29T11:53:51.361+0000] {dag.py:3047} INFO - Sync 1 DAGs
[2024-03-29T11:53:51.376+0000] {logging_mixin.py:188} INFO - [2024-03-29T11:53:51.376+0000] {dag.py:3834} INFO - Setting next_dagrun for example_python_decorator to None, run_after=None
[2024-03-29T11:53:51.398+0000] {processor.py:183} INFO - Processing /home/airflow/.local/lib/python3.8/site-packages/airflow/example_dags/example_python_decorator.py took 0.091 seconds
[2024-03-29T11:54:22.105+0000] {processor.py:161} INFO - Started process (PID=1606) to work on /home/airflow/.local/lib/python3.8/site-packages/airflow/example_dags/example_python_decorator.py
[2024-03-29T11:54:22.106+0000] {processor.py:830} INFO - Processing file /home/airflow/.local/lib/python3.8/site-packages/airflow/example_dags/example_python_decorator.py for tasks to queue
[2024-03-29T11:54:22.108+0000] {logging_mixin.py:188} INFO - [2024-03-29T11:54:22.108+0000] {dagbag.py:540} INFO - Filling up the DagBag from /home/airflow/.local/lib/python3.8/site-packages/airflow/example_dags/example_python_decorator.py
[2024-03-29T11:54:22.123+0000] {processor.py:840} INFO - DAG(s) 'example_python_decorator' retrieved from /home/airflow/.local/lib/python3.8/site-packages/airflow/example_dags/example_python_decorator.py
[2024-03-29T11:54:22.157+0000] {logging_mixin.py:188} INFO - [2024-03-29T11:54:22.156+0000] {dag.py:3047} INFO - Sync 1 DAGs
[2024-03-29T11:54:22.174+0000] {logging_mixin.py:188} INFO - [2024-03-29T11:54:22.174+0000] {dag.py:3834} INFO - Setting next_dagrun for example_python_decorator to None, run_after=None
[2024-03-29T11:54:22.202+0000] {processor.py:183} INFO - Processing /home/airflow/.local/lib/python3.8/site-packages/airflow/example_dags/example_python_decorator.py took 0.100 seconds
[2024-03-29T11:54:52.809+0000] {processor.py:161} INFO - Started process (PID=1662) to work on /home/airflow/.local/lib/python3.8/site-packages/airflow/example_dags/example_python_decorator.py
[2024-03-29T11:54:52.810+0000] {processor.py:830} INFO - Processing file /home/airflow/.local/lib/python3.8/site-packages/airflow/example_dags/example_python_decorator.py for tasks to queue
[2024-03-29T11:54:52.812+0000] {logging_mixin.py:188} INFO - [2024-03-29T11:54:52.811+0000] {dagbag.py:540} INFO - Filling up the DagBag from /home/airflow/.local/lib/python3.8/site-packages/airflow/example_dags/example_python_decorator.py
[2024-03-29T11:54:52.824+0000] {processor.py:840} INFO - DAG(s) 'example_python_decorator' retrieved from /home/airflow/.local/lib/python3.8/site-packages/airflow/example_dags/example_python_decorator.py
[2024-03-29T11:54:52.847+0000] {logging_mixin.py:188} INFO - [2024-03-29T11:54:52.846+0000] {dag.py:3047} INFO - Sync 1 DAGs
[2024-03-29T11:54:52.861+0000] {logging_mixin.py:188} INFO - [2024-03-29T11:54:52.861+0000] {dag.py:3834} INFO - Setting next_dagrun for example_python_decorator to None, run_after=None
[2024-03-29T11:54:52.883+0000] {processor.py:183} INFO - Processing /home/airflow/.local/lib/python3.8/site-packages/airflow/example_dags/example_python_decorator.py took 0.077 seconds
[2024-03-29T11:55:23.554+0000] {processor.py:161} INFO - Started process (PID=1719) to work on /home/airflow/.local/lib/python3.8/site-packages/airflow/example_dags/example_python_decorator.py
[2024-03-29T11:55:23.555+0000] {processor.py:830} INFO - Processing file /home/airflow/.local/lib/python3.8/site-packages/airflow/example_dags/example_python_decorator.py for tasks to queue
[2024-03-29T11:55:23.557+0000] {logging_mixin.py:188} INFO - [2024-03-29T11:55:23.556+0000] {dagbag.py:540} INFO - Filling up the DagBag from /home/airflow/.local/lib/python3.8/site-packages/airflow/example_dags/example_python_decorator.py
[2024-03-29T11:55:23.570+0000] {processor.py:840} INFO - DAG(s) 'example_python_decorator' retrieved from /home/airflow/.local/lib/python3.8/site-packages/airflow/example_dags/example_python_decorator.py
[2024-03-29T11:55:23.593+0000] {logging_mixin.py:188} INFO - [2024-03-29T11:55:23.592+0000] {dag.py:3047} INFO - Sync 1 DAGs
[2024-03-29T11:55:23.605+0000] {logging_mixin.py:188} INFO - [2024-03-29T11:55:23.605+0000] {dag.py:3834} INFO - Setting next_dagrun for example_python_decorator to None, run_after=None
[2024-03-29T11:55:23.630+0000] {processor.py:183} INFO - Processing /home/airflow/.local/lib/python3.8/site-packages/airflow/example_dags/example_python_decorator.py took 0.079 seconds
[2024-03-29T11:55:54.184+0000] {processor.py:161} INFO - Started process (PID=1775) to work on /home/airflow/.local/lib/python3.8/site-packages/airflow/example_dags/example_python_decorator.py
[2024-03-29T11:55:54.185+0000] {processor.py:830} INFO - Processing file /home/airflow/.local/lib/python3.8/site-packages/airflow/example_dags/example_python_decorator.py for tasks to queue
[2024-03-29T11:55:54.187+0000] {logging_mixin.py:188} INFO - [2024-03-29T11:55:54.187+0000] {dagbag.py:540} INFO - Filling up the DagBag from /home/airflow/.local/lib/python3.8/site-packages/airflow/example_dags/example_python_decorator.py
[2024-03-29T11:55:54.201+0000] {processor.py:840} INFO - DAG(s) 'example_python_decorator' retrieved from /home/airflow/.local/lib/python3.8/site-packages/airflow/example_dags/example_python_decorator.py
[2024-03-29T11:55:54.224+0000] {logging_mixin.py:188} INFO - [2024-03-29T11:55:54.223+0000] {dag.py:3047} INFO - Sync 1 DAGs
[2024-03-29T11:55:54.238+0000] {logging_mixin.py:188} INFO - [2024-03-29T11:55:54.237+0000] {dag.py:3834} INFO - Setting next_dagrun for example_python_decorator to None, run_after=None
[2024-03-29T11:55:54.258+0000] {processor.py:183} INFO - Processing /home/airflow/.local/lib/python3.8/site-packages/airflow/example_dags/example_python_decorator.py took 0.077 seconds
[2024-03-29T11:56:24.712+0000] {processor.py:161} INFO - Started process (PID=1832) to work on /home/airflow/.local/lib/python3.8/site-packages/airflow/example_dags/example_python_decorator.py
[2024-03-29T11:56:24.713+0000] {processor.py:830} INFO - Processing file /home/airflow/.local/lib/python3.8/site-packages/airflow/example_dags/example_python_decorator.py for tasks to queue
[2024-03-29T11:56:24.715+0000] {logging_mixin.py:188} INFO - [2024-03-29T11:56:24.715+0000] {dagbag.py:540} INFO - Filling up the DagBag from /home/airflow/.local/lib/python3.8/site-packages/airflow/example_dags/example_python_decorator.py
[2024-03-29T11:56:24.748+0000] {processor.py:840} INFO - DAG(s) 'example_python_decorator' retrieved from /home/airflow/.local/lib/python3.8/site-packages/airflow/example_dags/example_python_decorator.py
[2024-03-29T11:56:24.780+0000] {logging_mixin.py:188} INFO - [2024-03-29T11:56:24.779+0000] {dag.py:3047} INFO - Sync 1 DAGs
[2024-03-29T11:56:24.795+0000] {logging_mixin.py:188} INFO - [2024-03-29T11:56:24.794+0000] {dag.py:3834} INFO - Setting next_dagrun for example_python_decorator to None, run_after=None
[2024-03-29T11:56:24.984+0000] {processor.py:183} INFO - Processing /home/airflow/.local/lib/python3.8/site-packages/airflow/example_dags/example_python_decorator.py took 0.275 seconds
[2024-03-29T11:56:55.060+0000] {processor.py:161} INFO - Started process (PID=1889) to work on /home/airflow/.local/lib/python3.8/site-packages/airflow/example_dags/example_python_decorator.py
[2024-03-29T11:56:55.061+0000] {processor.py:830} INFO - Processing file /home/airflow/.local/lib/python3.8/site-packages/airflow/example_dags/example_python_decorator.py for tasks to queue
[2024-03-29T11:56:55.064+0000] {logging_mixin.py:188} INFO - [2024-03-29T11:56:55.064+0000] {dagbag.py:540} INFO - Filling up the DagBag from /home/airflow/.local/lib/python3.8/site-packages/airflow/example_dags/example_python_decorator.py
[2024-03-29T11:56:55.087+0000] {processor.py:840} INFO - DAG(s) 'example_python_decorator' retrieved from /home/airflow/.local/lib/python3.8/site-packages/airflow/example_dags/example_python_decorator.py
[2024-03-29T11:56:55.126+0000] {logging_mixin.py:188} INFO - [2024-03-29T11:56:55.126+0000] {dag.py:3047} INFO - Sync 1 DAGs
[2024-03-29T11:56:55.146+0000] {logging_mixin.py:188} INFO - [2024-03-29T11:56:55.145+0000] {dag.py:3834} INFO - Setting next_dagrun for example_python_decorator to None, run_after=None
[2024-03-29T11:56:55.175+0000] {processor.py:183} INFO - Processing /home/airflow/.local/lib/python3.8/site-packages/airflow/example_dags/example_python_decorator.py took 0.118 seconds
[2024-03-29T11:57:25.733+0000] {processor.py:161} INFO - Started process (PID=1945) to work on /home/airflow/.local/lib/python3.8/site-packages/airflow/example_dags/example_python_decorator.py
[2024-03-29T11:57:25.734+0000] {processor.py:830} INFO - Processing file /home/airflow/.local/lib/python3.8/site-packages/airflow/example_dags/example_python_decorator.py for tasks to queue
[2024-03-29T11:57:25.735+0000] {logging_mixin.py:188} INFO - [2024-03-29T11:57:25.735+0000] {dagbag.py:540} INFO - Filling up the DagBag from /home/airflow/.local/lib/python3.8/site-packages/airflow/example_dags/example_python_decorator.py
[2024-03-29T11:57:25.747+0000] {processor.py:840} INFO - DAG(s) 'example_python_decorator' retrieved from /home/airflow/.local/lib/python3.8/site-packages/airflow/example_dags/example_python_decorator.py
[2024-03-29T11:57:25.768+0000] {logging_mixin.py:188} INFO - [2024-03-29T11:57:25.768+0000] {dag.py:3047} INFO - Sync 1 DAGs
[2024-03-29T11:57:25.779+0000] {logging_mixin.py:188} INFO - [2024-03-29T11:57:25.779+0000] {dag.py:3834} INFO - Setting next_dagrun for example_python_decorator to None, run_after=None
[2024-03-29T11:57:25.798+0000] {processor.py:183} INFO - Processing /home/airflow/.local/lib/python3.8/site-packages/airflow/example_dags/example_python_decorator.py took 0.069 seconds
[2024-03-29T11:57:56.052+0000] {processor.py:161} INFO - Started process (PID=2001) to work on /home/airflow/.local/lib/python3.8/site-packages/airflow/example_dags/example_python_decorator.py
[2024-03-29T11:57:56.053+0000] {processor.py:830} INFO - Processing file /home/airflow/.local/lib/python3.8/site-packages/airflow/example_dags/example_python_decorator.py for tasks to queue
[2024-03-29T11:57:56.057+0000] {logging_mixin.py:188} INFO - [2024-03-29T11:57:56.057+0000] {dagbag.py:540} INFO - Filling up the DagBag from /home/airflow/.local/lib/python3.8/site-packages/airflow/example_dags/example_python_decorator.py
[2024-03-29T11:57:56.070+0000] {processor.py:840} INFO - DAG(s) 'example_python_decorator' retrieved from /home/airflow/.local/lib/python3.8/site-packages/airflow/example_dags/example_python_decorator.py
[2024-03-29T11:57:56.090+0000] {logging_mixin.py:188} INFO - [2024-03-29T11:57:56.090+0000] {dag.py:3047} INFO - Sync 1 DAGs
[2024-03-29T11:57:56.103+0000] {logging_mixin.py:188} INFO - [2024-03-29T11:57:56.102+0000] {dag.py:3834} INFO - Setting next_dagrun for example_python_decorator to None, run_after=None
[2024-03-29T11:57:56.127+0000] {processor.py:183} INFO - Processing /home/airflow/.local/lib/python3.8/site-packages/airflow/example_dags/example_python_decorator.py took 0.077 seconds
[2024-03-29T11:58:26.428+0000] {processor.py:161} INFO - Started process (PID=2056) to work on /home/airflow/.local/lib/python3.8/site-packages/airflow/example_dags/example_python_decorator.py
[2024-03-29T11:58:26.429+0000] {processor.py:830} INFO - Processing file /home/airflow/.local/lib/python3.8/site-packages/airflow/example_dags/example_python_decorator.py for tasks to queue
[2024-03-29T11:58:26.431+0000] {logging_mixin.py:188} INFO - [2024-03-29T11:58:26.431+0000] {dagbag.py:540} INFO - Filling up the DagBag from /home/airflow/.local/lib/python3.8/site-packages/airflow/example_dags/example_python_decorator.py
[2024-03-29T11:58:26.445+0000] {processor.py:840} INFO - DAG(s) 'example_python_decorator' retrieved from /home/airflow/.local/lib/python3.8/site-packages/airflow/example_dags/example_python_decorator.py
[2024-03-29T11:58:26.472+0000] {logging_mixin.py:188} INFO - [2024-03-29T11:58:26.472+0000] {dag.py:3047} INFO - Sync 1 DAGs
[2024-03-29T11:58:26.487+0000] {logging_mixin.py:188} INFO - [2024-03-29T11:58:26.486+0000] {dag.py:3834} INFO - Setting next_dagrun for example_python_decorator to None, run_after=None
[2024-03-29T11:58:26.507+0000] {processor.py:183} INFO - Processing /home/airflow/.local/lib/python3.8/site-packages/airflow/example_dags/example_python_decorator.py took 0.082 seconds
[2024-03-29T11:58:56.917+0000] {processor.py:161} INFO - Started process (PID=2112) to work on /home/airflow/.local/lib/python3.8/site-packages/airflow/example_dags/example_python_decorator.py
[2024-03-29T11:58:56.918+0000] {processor.py:830} INFO - Processing file /home/airflow/.local/lib/python3.8/site-packages/airflow/example_dags/example_python_decorator.py for tasks to queue
[2024-03-29T11:58:56.920+0000] {logging_mixin.py:188} INFO - [2024-03-29T11:58:56.919+0000] {dagbag.py:540} INFO - Filling up the DagBag from /home/airflow/.local/lib/python3.8/site-packages/airflow/example_dags/example_python_decorator.py
[2024-03-29T11:58:56.937+0000] {processor.py:840} INFO - DAG(s) 'example_python_decorator' retrieved from /home/airflow/.local/lib/python3.8/site-packages/airflow/example_dags/example_python_decorator.py
[2024-03-29T11:58:56.967+0000] {logging_mixin.py:188} INFO - [2024-03-29T11:58:56.967+0000] {dag.py:3047} INFO - Sync 1 DAGs
[2024-03-29T11:58:56.996+0000] {logging_mixin.py:188} INFO - [2024-03-29T11:58:56.995+0000] {dag.py:3834} INFO - Setting next_dagrun for example_python_decorator to None, run_after=None
[2024-03-29T11:58:57.026+0000] {processor.py:183} INFO - Processing /home/airflow/.local/lib/python3.8/site-packages/airflow/example_dags/example_python_decorator.py took 0.111 seconds
[2024-03-29T11:59:27.411+0000] {processor.py:161} INFO - Started process (PID=2168) to work on /home/airflow/.local/lib/python3.8/site-packages/airflow/example_dags/example_python_decorator.py
[2024-03-29T11:59:27.412+0000] {processor.py:830} INFO - Processing file /home/airflow/.local/lib/python3.8/site-packages/airflow/example_dags/example_python_decorator.py for tasks to queue
[2024-03-29T11:59:27.414+0000] {logging_mixin.py:188} INFO - [2024-03-29T11:59:27.413+0000] {dagbag.py:540} INFO - Filling up the DagBag from /home/airflow/.local/lib/python3.8/site-packages/airflow/example_dags/example_python_decorator.py
[2024-03-29T11:59:27.428+0000] {processor.py:840} INFO - DAG(s) 'example_python_decorator' retrieved from /home/airflow/.local/lib/python3.8/site-packages/airflow/example_dags/example_python_decorator.py
[2024-03-29T11:59:27.453+0000] {logging_mixin.py:188} INFO - [2024-03-29T11:59:27.452+0000] {dag.py:3047} INFO - Sync 1 DAGs
[2024-03-29T11:59:27.465+0000] {logging_mixin.py:188} INFO - [2024-03-29T11:59:27.465+0000] {dag.py:3834} INFO - Setting next_dagrun for example_python_decorator to None, run_after=None
[2024-03-29T11:59:27.483+0000] {processor.py:183} INFO - Processing /home/airflow/.local/lib/python3.8/site-packages/airflow/example_dags/example_python_decorator.py took 0.074 seconds
