[2024-03-29T11:24:41.653+0000] {processor.py:161} INFO - Started process (PID=73) to work on /home/airflow/.local/lib/python3.8/site-packages/airflow/example_dags/example_xcomargs.py
[2024-03-29T11:24:41.655+0000] {processor.py:830} INFO - Processing file /home/airflow/.local/lib/python3.8/site-packages/airflow/example_dags/example_xcomargs.py for tasks to queue
[2024-03-29T11:24:41.669+0000] {logging_mixin.py:188} INFO - [2024-03-29T11:24:41.668+0000] {dagbag.py:540} INFO - Filling up the DagBag from /home/airflow/.local/lib/python3.8/site-packages/airflow/example_dags/example_xcomargs.py
[2024-03-29T11:24:41.692+0000] {processor.py:840} INFO - DAG(s) 'example_xcom_args', 'example_xcom_args_with_operators' retrieved from /home/airflow/.local/lib/python3.8/site-packages/airflow/example_dags/example_xcomargs.py
[2024-03-29T11:24:41.746+0000] {logging_mixin.py:188} INFO - [2024-03-29T11:24:41.745+0000] {dag.py:3047} INFO - Sync 2 DAGs
[2024-03-29T11:24:41.805+0000] {logging_mixin.py:188} INFO - [2024-03-29T11:24:41.805+0000] {dag.py:3834} INFO - Setting next_dagrun for example_xcom_args to None, run_after=None
[2024-03-29T11:24:41.811+0000] {logging_mixin.py:188} INFO - [2024-03-29T11:24:41.809+0000] {dag.py:3834} INFO - Setting next_dagrun for example_xcom_args_with_operators to None, run_after=None
[2024-03-29T11:24:41.853+0000] {processor.py:183} INFO - Processing /home/airflow/.local/lib/python3.8/site-packages/airflow/example_dags/example_xcomargs.py took 0.204 seconds
[2024-03-29T11:25:12.106+0000] {processor.py:161} INFO - Started process (PID=129) to work on /home/airflow/.local/lib/python3.8/site-packages/airflow/example_dags/example_xcomargs.py
[2024-03-29T11:25:12.108+0000] {processor.py:830} INFO - Processing file /home/airflow/.local/lib/python3.8/site-packages/airflow/example_dags/example_xcomargs.py for tasks to queue
[2024-03-29T11:25:12.110+0000] {logging_mixin.py:188} INFO - [2024-03-29T11:25:12.110+0000] {dagbag.py:540} INFO - Filling up the DagBag from /home/airflow/.local/lib/python3.8/site-packages/airflow/example_dags/example_xcomargs.py
[2024-03-29T11:25:12.118+0000] {processor.py:840} INFO - DAG(s) 'example_xcom_args', 'example_xcom_args_with_operators' retrieved from /home/airflow/.local/lib/python3.8/site-packages/airflow/example_dags/example_xcomargs.py
[2024-03-29T11:25:12.228+0000] {logging_mixin.py:188} INFO - [2024-03-29T11:25:12.228+0000] {dag.py:3047} INFO - Sync 2 DAGs
[2024-03-29T11:25:12.238+0000] {logging_mixin.py:188} INFO - [2024-03-29T11:25:12.238+0000] {dag.py:3834} INFO - Setting next_dagrun for example_xcom_args to None, run_after=None
[2024-03-29T11:25:12.242+0000] {logging_mixin.py:188} INFO - [2024-03-29T11:25:12.242+0000] {dag.py:3834} INFO - Setting next_dagrun for example_xcom_args_with_operators to None, run_after=None
[2024-03-29T11:25:12.260+0000] {processor.py:183} INFO - Processing /home/airflow/.local/lib/python3.8/site-packages/airflow/example_dags/example_xcomargs.py took 0.157 seconds
[2024-03-29T11:25:42.363+0000] {processor.py:161} INFO - Started process (PID=185) to work on /home/airflow/.local/lib/python3.8/site-packages/airflow/example_dags/example_xcomargs.py
[2024-03-29T11:25:42.364+0000] {processor.py:830} INFO - Processing file /home/airflow/.local/lib/python3.8/site-packages/airflow/example_dags/example_xcomargs.py for tasks to queue
[2024-03-29T11:25:42.366+0000] {logging_mixin.py:188} INFO - [2024-03-29T11:25:42.365+0000] {dagbag.py:540} INFO - Filling up the DagBag from /home/airflow/.local/lib/python3.8/site-packages/airflow/example_dags/example_xcomargs.py
[2024-03-29T11:25:42.376+0000] {processor.py:840} INFO - DAG(s) 'example_xcom_args_with_operators', 'example_xcom_args' retrieved from /home/airflow/.local/lib/python3.8/site-packages/airflow/example_dags/example_xcomargs.py
[2024-03-29T11:25:42.404+0000] {logging_mixin.py:188} INFO - [2024-03-29T11:25:42.404+0000] {dag.py:3047} INFO - Sync 2 DAGs
[2024-03-29T11:25:42.418+0000] {logging_mixin.py:188} INFO - [2024-03-29T11:25:42.417+0000] {dag.py:3834} INFO - Setting next_dagrun for example_xcom_args to None, run_after=None
[2024-03-29T11:25:42.421+0000] {logging_mixin.py:188} INFO - [2024-03-29T11:25:42.421+0000] {dag.py:3834} INFO - Setting next_dagrun for example_xcom_args_with_operators to None, run_after=None
[2024-03-29T11:25:42.438+0000] {processor.py:183} INFO - Processing /home/airflow/.local/lib/python3.8/site-packages/airflow/example_dags/example_xcomargs.py took 0.078 seconds
[2024-03-29T11:26:12.648+0000] {processor.py:161} INFO - Started process (PID=240) to work on /home/airflow/.local/lib/python3.8/site-packages/airflow/example_dags/example_xcomargs.py
[2024-03-29T11:26:12.650+0000] {processor.py:830} INFO - Processing file /home/airflow/.local/lib/python3.8/site-packages/airflow/example_dags/example_xcomargs.py for tasks to queue
[2024-03-29T11:26:12.652+0000] {logging_mixin.py:188} INFO - [2024-03-29T11:26:12.652+0000] {dagbag.py:540} INFO - Filling up the DagBag from /home/airflow/.local/lib/python3.8/site-packages/airflow/example_dags/example_xcomargs.py
[2024-03-29T11:26:12.663+0000] {processor.py:840} INFO - DAG(s) 'example_xcom_args_with_operators', 'example_xcom_args' retrieved from /home/airflow/.local/lib/python3.8/site-packages/airflow/example_dags/example_xcomargs.py
[2024-03-29T11:26:12.690+0000] {logging_mixin.py:188} INFO - [2024-03-29T11:26:12.690+0000] {dag.py:3047} INFO - Sync 2 DAGs
[2024-03-29T11:26:12.703+0000] {logging_mixin.py:188} INFO - [2024-03-29T11:26:12.703+0000] {dag.py:3834} INFO - Setting next_dagrun for example_xcom_args to None, run_after=None
[2024-03-29T11:26:12.709+0000] {logging_mixin.py:188} INFO - [2024-03-29T11:26:12.708+0000] {dag.py:3834} INFO - Setting next_dagrun for example_xcom_args_with_operators to None, run_after=None
[2024-03-29T11:26:12.727+0000] {processor.py:183} INFO - Processing /home/airflow/.local/lib/python3.8/site-packages/airflow/example_dags/example_xcomargs.py took 0.083 seconds
[2024-03-29T11:26:43.844+0000] {processor.py:161} INFO - Started process (PID=296) to work on /home/airflow/.local/lib/python3.8/site-packages/airflow/example_dags/example_xcomargs.py
[2024-03-29T11:26:43.845+0000] {processor.py:830} INFO - Processing file /home/airflow/.local/lib/python3.8/site-packages/airflow/example_dags/example_xcomargs.py for tasks to queue
[2024-03-29T11:26:43.847+0000] {logging_mixin.py:188} INFO - [2024-03-29T11:26:43.846+0000] {dagbag.py:540} INFO - Filling up the DagBag from /home/airflow/.local/lib/python3.8/site-packages/airflow/example_dags/example_xcomargs.py
[2024-03-29T11:26:43.856+0000] {processor.py:840} INFO - DAG(s) 'example_xcom_args', 'example_xcom_args_with_operators' retrieved from /home/airflow/.local/lib/python3.8/site-packages/airflow/example_dags/example_xcomargs.py
[2024-03-29T11:26:43.885+0000] {logging_mixin.py:188} INFO - [2024-03-29T11:26:43.884+0000] {dag.py:3047} INFO - Sync 2 DAGs
[2024-03-29T11:26:43.903+0000] {logging_mixin.py:188} INFO - [2024-03-29T11:26:43.903+0000] {dag.py:3834} INFO - Setting next_dagrun for example_xcom_args to None, run_after=None
[2024-03-29T11:26:43.910+0000] {logging_mixin.py:188} INFO - [2024-03-29T11:26:43.910+0000] {dag.py:3834} INFO - Setting next_dagrun for example_xcom_args_with_operators to None, run_after=None
[2024-03-29T11:26:43.934+0000] {processor.py:183} INFO - Processing /home/airflow/.local/lib/python3.8/site-packages/airflow/example_dags/example_xcomargs.py took 0.096 seconds
[2024-03-29T11:27:15.783+0000] {processor.py:161} INFO - Started process (PID=352) to work on /home/airflow/.local/lib/python3.8/site-packages/airflow/example_dags/example_xcomargs.py
[2024-03-29T11:27:15.790+0000] {processor.py:830} INFO - Processing file /home/airflow/.local/lib/python3.8/site-packages/airflow/example_dags/example_xcomargs.py for tasks to queue
[2024-03-29T11:27:15.793+0000] {logging_mixin.py:188} INFO - [2024-03-29T11:27:15.793+0000] {dagbag.py:540} INFO - Filling up the DagBag from /home/airflow/.local/lib/python3.8/site-packages/airflow/example_dags/example_xcomargs.py
[2024-03-29T11:27:15.819+0000] {processor.py:840} INFO - DAG(s) 'example_xcom_args', 'example_xcom_args_with_operators' retrieved from /home/airflow/.local/lib/python3.8/site-packages/airflow/example_dags/example_xcomargs.py
[2024-03-29T11:27:15.931+0000] {logging_mixin.py:188} INFO - [2024-03-29T11:27:15.930+0000] {dag.py:3047} INFO - Sync 2 DAGs
[2024-03-29T11:27:15.996+0000] {logging_mixin.py:188} INFO - [2024-03-29T11:27:15.995+0000] {dag.py:3834} INFO - Setting next_dagrun for example_xcom_args to None, run_after=None
[2024-03-29T11:27:16.015+0000] {logging_mixin.py:188} INFO - [2024-03-29T11:27:16.014+0000] {dag.py:3834} INFO - Setting next_dagrun for example_xcom_args_with_operators to None, run_after=None
[2024-03-29T11:27:16.067+0000] {processor.py:183} INFO - Processing /home/airflow/.local/lib/python3.8/site-packages/airflow/example_dags/example_xcomargs.py took 0.296 seconds
[2024-03-29T11:28:47.890+0000] {processor.py:161} INFO - Started process (PID=73) to work on /home/airflow/.local/lib/python3.8/site-packages/airflow/example_dags/example_xcomargs.py
[2024-03-29T11:28:47.891+0000] {processor.py:830} INFO - Processing file /home/airflow/.local/lib/python3.8/site-packages/airflow/example_dags/example_xcomargs.py for tasks to queue
[2024-03-29T11:28:47.899+0000] {logging_mixin.py:188} INFO - [2024-03-29T11:28:47.899+0000] {dagbag.py:540} INFO - Filling up the DagBag from /home/airflow/.local/lib/python3.8/site-packages/airflow/example_dags/example_xcomargs.py
[2024-03-29T11:28:47.931+0000] {processor.py:840} INFO - DAG(s) 'example_xcom_args', 'example_xcom_args_with_operators' retrieved from /home/airflow/.local/lib/python3.8/site-packages/airflow/example_dags/example_xcomargs.py
[2024-03-29T11:28:48.661+0000] {logging_mixin.py:188} INFO - [2024-03-29T11:28:48.661+0000] {dag.py:3047} INFO - Sync 2 DAGs
[2024-03-29T11:28:48.695+0000] {logging_mixin.py:188} INFO - [2024-03-29T11:28:48.695+0000] {dag.py:3834} INFO - Setting next_dagrun for example_xcom_args to None, run_after=None
[2024-03-29T11:28:48.714+0000] {logging_mixin.py:188} INFO - [2024-03-29T11:28:48.714+0000] {dag.py:3834} INFO - Setting next_dagrun for example_xcom_args_with_operators to None, run_after=None
[2024-03-29T11:28:48.807+0000] {processor.py:183} INFO - Processing /home/airflow/.local/lib/python3.8/site-packages/airflow/example_dags/example_xcomargs.py took 0.926 seconds
[2024-03-29T11:29:18.985+0000] {processor.py:161} INFO - Started process (PID=129) to work on /home/airflow/.local/lib/python3.8/site-packages/airflow/example_dags/example_xcomargs.py
[2024-03-29T11:29:18.986+0000] {processor.py:830} INFO - Processing file /home/airflow/.local/lib/python3.8/site-packages/airflow/example_dags/example_xcomargs.py for tasks to queue
[2024-03-29T11:29:18.990+0000] {logging_mixin.py:188} INFO - [2024-03-29T11:29:18.990+0000] {dagbag.py:540} INFO - Filling up the DagBag from /home/airflow/.local/lib/python3.8/site-packages/airflow/example_dags/example_xcomargs.py
[2024-03-29T11:29:18.998+0000] {processor.py:840} INFO - DAG(s) 'example_xcom_args', 'example_xcom_args_with_operators' retrieved from /home/airflow/.local/lib/python3.8/site-packages/airflow/example_dags/example_xcomargs.py
[2024-03-29T11:29:19.024+0000] {logging_mixin.py:188} INFO - [2024-03-29T11:29:19.023+0000] {dag.py:3047} INFO - Sync 2 DAGs
[2024-03-29T11:29:19.035+0000] {logging_mixin.py:188} INFO - [2024-03-29T11:29:19.035+0000] {dag.py:3834} INFO - Setting next_dagrun for example_xcom_args to None, run_after=None
[2024-03-29T11:29:19.042+0000] {logging_mixin.py:188} INFO - [2024-03-29T11:29:19.041+0000] {dag.py:3834} INFO - Setting next_dagrun for example_xcom_args_with_operators to None, run_after=None
[2024-03-29T11:29:19.061+0000] {processor.py:183} INFO - Processing /home/airflow/.local/lib/python3.8/site-packages/airflow/example_dags/example_xcomargs.py took 0.078 seconds
[2024-03-29T11:29:49.160+0000] {processor.py:161} INFO - Started process (PID=185) to work on /home/airflow/.local/lib/python3.8/site-packages/airflow/example_dags/example_xcomargs.py
[2024-03-29T11:29:49.164+0000] {processor.py:830} INFO - Processing file /home/airflow/.local/lib/python3.8/site-packages/airflow/example_dags/example_xcomargs.py for tasks to queue
[2024-03-29T11:29:49.170+0000] {logging_mixin.py:188} INFO - [2024-03-29T11:29:49.169+0000] {dagbag.py:540} INFO - Filling up the DagBag from /home/airflow/.local/lib/python3.8/site-packages/airflow/example_dags/example_xcomargs.py
[2024-03-29T11:29:49.179+0000] {processor.py:840} INFO - DAG(s) 'example_xcom_args_with_operators', 'example_xcom_args' retrieved from /home/airflow/.local/lib/python3.8/site-packages/airflow/example_dags/example_xcomargs.py
[2024-03-29T11:29:49.211+0000] {logging_mixin.py:188} INFO - [2024-03-29T11:29:49.210+0000] {dag.py:3047} INFO - Sync 2 DAGs
[2024-03-29T11:29:49.228+0000] {logging_mixin.py:188} INFO - [2024-03-29T11:29:49.228+0000] {dag.py:3834} INFO - Setting next_dagrun for example_xcom_args to None, run_after=None
[2024-03-29T11:29:49.232+0000] {logging_mixin.py:188} INFO - [2024-03-29T11:29:49.232+0000] {dag.py:3834} INFO - Setting next_dagrun for example_xcom_args_with_operators to None, run_after=None
[2024-03-29T11:29:49.259+0000] {processor.py:183} INFO - Processing /home/airflow/.local/lib/python3.8/site-packages/airflow/example_dags/example_xcomargs.py took 0.111 seconds
[2024-03-29T11:30:19.753+0000] {processor.py:161} INFO - Started process (PID=241) to work on /home/airflow/.local/lib/python3.8/site-packages/airflow/example_dags/example_xcomargs.py
[2024-03-29T11:30:19.766+0000] {processor.py:830} INFO - Processing file /home/airflow/.local/lib/python3.8/site-packages/airflow/example_dags/example_xcomargs.py for tasks to queue
[2024-03-29T11:30:19.776+0000] {logging_mixin.py:188} INFO - [2024-03-29T11:30:19.771+0000] {dagbag.py:540} INFO - Filling up the DagBag from /home/airflow/.local/lib/python3.8/site-packages/airflow/example_dags/example_xcomargs.py
[2024-03-29T11:30:19.791+0000] {processor.py:840} INFO - DAG(s) 'example_xcom_args_with_operators', 'example_xcom_args' retrieved from /home/airflow/.local/lib/python3.8/site-packages/airflow/example_dags/example_xcomargs.py
[2024-03-29T11:30:19.817+0000] {logging_mixin.py:188} INFO - [2024-03-29T11:30:19.817+0000] {dag.py:3047} INFO - Sync 2 DAGs
[2024-03-29T11:30:19.834+0000] {logging_mixin.py:188} INFO - [2024-03-29T11:30:19.834+0000] {dag.py:3834} INFO - Setting next_dagrun for example_xcom_args to None, run_after=None
[2024-03-29T11:30:19.839+0000] {logging_mixin.py:188} INFO - [2024-03-29T11:30:19.839+0000] {dag.py:3834} INFO - Setting next_dagrun for example_xcom_args_with_operators to None, run_after=None
[2024-03-29T11:30:19.860+0000] {processor.py:183} INFO - Processing /home/airflow/.local/lib/python3.8/site-packages/airflow/example_dags/example_xcomargs.py took 0.111 seconds
[2024-03-29T11:30:50.553+0000] {processor.py:161} INFO - Started process (PID=297) to work on /home/airflow/.local/lib/python3.8/site-packages/airflow/example_dags/example_xcomargs.py
[2024-03-29T11:30:50.557+0000] {processor.py:830} INFO - Processing file /home/airflow/.local/lib/python3.8/site-packages/airflow/example_dags/example_xcomargs.py for tasks to queue
[2024-03-29T11:30:50.578+0000] {logging_mixin.py:188} INFO - [2024-03-29T11:30:50.567+0000] {dagbag.py:540} INFO - Filling up the DagBag from /home/airflow/.local/lib/python3.8/site-packages/airflow/example_dags/example_xcomargs.py
[2024-03-29T11:30:50.612+0000] {processor.py:840} INFO - DAG(s) 'example_xcom_args', 'example_xcom_args_with_operators' retrieved from /home/airflow/.local/lib/python3.8/site-packages/airflow/example_dags/example_xcomargs.py
[2024-03-29T11:30:50.654+0000] {logging_mixin.py:188} INFO - [2024-03-29T11:30:50.653+0000] {dag.py:3047} INFO - Sync 2 DAGs
[2024-03-29T11:30:50.693+0000] {logging_mixin.py:188} INFO - [2024-03-29T11:30:50.693+0000] {dag.py:3834} INFO - Setting next_dagrun for example_xcom_args to None, run_after=None
[2024-03-29T11:30:50.697+0000] {logging_mixin.py:188} INFO - [2024-03-29T11:30:50.697+0000] {dag.py:3834} INFO - Setting next_dagrun for example_xcom_args_with_operators to None, run_after=None
[2024-03-29T11:30:50.747+0000] {processor.py:183} INFO - Processing /home/airflow/.local/lib/python3.8/site-packages/airflow/example_dags/example_xcomargs.py took 0.228 seconds
[2024-03-29T11:32:41.520+0000] {processor.py:161} INFO - Started process (PID=73) to work on /home/airflow/.local/lib/python3.8/site-packages/airflow/example_dags/example_xcomargs.py
[2024-03-29T11:32:41.523+0000] {processor.py:830} INFO - Processing file /home/airflow/.local/lib/python3.8/site-packages/airflow/example_dags/example_xcomargs.py for tasks to queue
[2024-03-29T11:32:41.525+0000] {logging_mixin.py:188} INFO - [2024-03-29T11:32:41.524+0000] {dagbag.py:540} INFO - Filling up the DagBag from /home/airflow/.local/lib/python3.8/site-packages/airflow/example_dags/example_xcomargs.py
[2024-03-29T11:32:41.539+0000] {processor.py:840} INFO - DAG(s) 'example_xcom_args', 'example_xcom_args_with_operators' retrieved from /home/airflow/.local/lib/python3.8/site-packages/airflow/example_dags/example_xcomargs.py
[2024-03-29T11:32:41.800+0000] {logging_mixin.py:188} INFO - [2024-03-29T11:32:41.800+0000] {dag.py:3047} INFO - Sync 2 DAGs
[2024-03-29T11:32:41.864+0000] {logging_mixin.py:188} INFO - [2024-03-29T11:32:41.863+0000] {dag.py:3834} INFO - Setting next_dagrun for example_xcom_args to None, run_after=None
[2024-03-29T11:32:41.871+0000] {logging_mixin.py:188} INFO - [2024-03-29T11:32:41.871+0000] {dag.py:3834} INFO - Setting next_dagrun for example_xcom_args_with_operators to None, run_after=None
[2024-03-29T11:32:41.963+0000] {processor.py:183} INFO - Processing /home/airflow/.local/lib/python3.8/site-packages/airflow/example_dags/example_xcomargs.py took 0.448 seconds
[2024-03-29T11:33:12.531+0000] {processor.py:161} INFO - Started process (PID=129) to work on /home/airflow/.local/lib/python3.8/site-packages/airflow/example_dags/example_xcomargs.py
[2024-03-29T11:33:12.534+0000] {processor.py:830} INFO - Processing file /home/airflow/.local/lib/python3.8/site-packages/airflow/example_dags/example_xcomargs.py for tasks to queue
[2024-03-29T11:33:12.539+0000] {logging_mixin.py:188} INFO - [2024-03-29T11:33:12.538+0000] {dagbag.py:540} INFO - Filling up the DagBag from /home/airflow/.local/lib/python3.8/site-packages/airflow/example_dags/example_xcomargs.py
[2024-03-29T11:33:12.571+0000] {processor.py:840} INFO - DAG(s) 'example_xcom_args', 'example_xcom_args_with_operators' retrieved from /home/airflow/.local/lib/python3.8/site-packages/airflow/example_dags/example_xcomargs.py
[2024-03-29T11:33:12.631+0000] {logging_mixin.py:188} INFO - [2024-03-29T11:33:12.630+0000] {dag.py:3047} INFO - Sync 2 DAGs
[2024-03-29T11:33:12.652+0000] {logging_mixin.py:188} INFO - [2024-03-29T11:33:12.652+0000] {dag.py:3834} INFO - Setting next_dagrun for example_xcom_args to None, run_after=None
[2024-03-29T11:33:12.660+0000] {logging_mixin.py:188} INFO - [2024-03-29T11:33:12.660+0000] {dag.py:3834} INFO - Setting next_dagrun for example_xcom_args_with_operators to None, run_after=None
[2024-03-29T11:33:12.714+0000] {processor.py:183} INFO - Processing /home/airflow/.local/lib/python3.8/site-packages/airflow/example_dags/example_xcomargs.py took 0.187 seconds
[2024-03-29T11:33:43.979+0000] {processor.py:161} INFO - Started process (PID=184) to work on /home/airflow/.local/lib/python3.8/site-packages/airflow/example_dags/example_xcomargs.py
[2024-03-29T11:33:43.987+0000] {processor.py:830} INFO - Processing file /home/airflow/.local/lib/python3.8/site-packages/airflow/example_dags/example_xcomargs.py for tasks to queue
[2024-03-29T11:33:43.991+0000] {logging_mixin.py:188} INFO - [2024-03-29T11:33:43.991+0000] {dagbag.py:540} INFO - Filling up the DagBag from /home/airflow/.local/lib/python3.8/site-packages/airflow/example_dags/example_xcomargs.py
[2024-03-29T11:33:44.039+0000] {processor.py:840} INFO - DAG(s) 'example_xcom_args_with_operators', 'example_xcom_args' retrieved from /home/airflow/.local/lib/python3.8/site-packages/airflow/example_dags/example_xcomargs.py
[2024-03-29T11:33:44.113+0000] {logging_mixin.py:188} INFO - [2024-03-29T11:33:44.113+0000] {dag.py:3047} INFO - Sync 2 DAGs
[2024-03-29T11:33:44.714+0000] {logging_mixin.py:188} INFO - [2024-03-29T11:33:44.714+0000] {dag.py:3834} INFO - Setting next_dagrun for example_xcom_args to None, run_after=None
[2024-03-29T11:33:44.726+0000] {logging_mixin.py:188} INFO - [2024-03-29T11:33:44.726+0000] {dag.py:3834} INFO - Setting next_dagrun for example_xcom_args_with_operators to None, run_after=None
[2024-03-29T11:33:44.771+0000] {processor.py:183} INFO - Processing /home/airflow/.local/lib/python3.8/site-packages/airflow/example_dags/example_xcomargs.py took 0.796 seconds
[2024-03-29T11:34:15.316+0000] {processor.py:161} INFO - Started process (PID=239) to work on /home/airflow/.local/lib/python3.8/site-packages/airflow/example_dags/example_xcomargs.py
[2024-03-29T11:34:15.319+0000] {processor.py:830} INFO - Processing file /home/airflow/.local/lib/python3.8/site-packages/airflow/example_dags/example_xcomargs.py for tasks to queue
[2024-03-29T11:34:15.321+0000] {logging_mixin.py:188} INFO - [2024-03-29T11:34:15.321+0000] {dagbag.py:540} INFO - Filling up the DagBag from /home/airflow/.local/lib/python3.8/site-packages/airflow/example_dags/example_xcomargs.py
[2024-03-29T11:34:15.330+0000] {processor.py:840} INFO - DAG(s) 'example_xcom_args', 'example_xcom_args_with_operators' retrieved from /home/airflow/.local/lib/python3.8/site-packages/airflow/example_dags/example_xcomargs.py
[2024-03-29T11:34:15.365+0000] {logging_mixin.py:188} INFO - [2024-03-29T11:34:15.364+0000] {dag.py:3047} INFO - Sync 2 DAGs
[2024-03-29T11:34:15.386+0000] {logging_mixin.py:188} INFO - [2024-03-29T11:34:15.384+0000] {dag.py:3834} INFO - Setting next_dagrun for example_xcom_args to None, run_after=None
[2024-03-29T11:34:15.390+0000] {logging_mixin.py:188} INFO - [2024-03-29T11:34:15.390+0000] {dag.py:3834} INFO - Setting next_dagrun for example_xcom_args_with_operators to None, run_after=None
[2024-03-29T11:34:15.409+0000] {processor.py:183} INFO - Processing /home/airflow/.local/lib/python3.8/site-packages/airflow/example_dags/example_xcomargs.py took 0.096 seconds
[2024-03-29T11:34:45.445+0000] {processor.py:161} INFO - Started process (PID=295) to work on /home/airflow/.local/lib/python3.8/site-packages/airflow/example_dags/example_xcomargs.py
[2024-03-29T11:34:45.458+0000] {processor.py:830} INFO - Processing file /home/airflow/.local/lib/python3.8/site-packages/airflow/example_dags/example_xcomargs.py for tasks to queue
[2024-03-29T11:34:45.473+0000] {logging_mixin.py:188} INFO - [2024-03-29T11:34:45.472+0000] {dagbag.py:540} INFO - Filling up the DagBag from /home/airflow/.local/lib/python3.8/site-packages/airflow/example_dags/example_xcomargs.py
[2024-03-29T11:34:45.499+0000] {processor.py:840} INFO - DAG(s) 'example_xcom_args', 'example_xcom_args_with_operators' retrieved from /home/airflow/.local/lib/python3.8/site-packages/airflow/example_dags/example_xcomargs.py
[2024-03-29T11:34:45.532+0000] {logging_mixin.py:188} INFO - [2024-03-29T11:34:45.532+0000] {dag.py:3047} INFO - Sync 2 DAGs
[2024-03-29T11:34:45.588+0000] {logging_mixin.py:188} INFO - [2024-03-29T11:34:45.588+0000] {dag.py:3834} INFO - Setting next_dagrun for example_xcom_args to None, run_after=None
[2024-03-29T11:34:45.607+0000] {logging_mixin.py:188} INFO - [2024-03-29T11:34:45.605+0000] {dag.py:3834} INFO - Setting next_dagrun for example_xcom_args_with_operators to None, run_after=None
[2024-03-29T11:34:45.647+0000] {processor.py:183} INFO - Processing /home/airflow/.local/lib/python3.8/site-packages/airflow/example_dags/example_xcomargs.py took 0.204 seconds
[2024-03-29T11:35:16.402+0000] {processor.py:161} INFO - Started process (PID=350) to work on /home/airflow/.local/lib/python3.8/site-packages/airflow/example_dags/example_xcomargs.py
[2024-03-29T11:35:16.404+0000] {processor.py:830} INFO - Processing file /home/airflow/.local/lib/python3.8/site-packages/airflow/example_dags/example_xcomargs.py for tasks to queue
[2024-03-29T11:35:16.409+0000] {logging_mixin.py:188} INFO - [2024-03-29T11:35:16.409+0000] {dagbag.py:540} INFO - Filling up the DagBag from /home/airflow/.local/lib/python3.8/site-packages/airflow/example_dags/example_xcomargs.py
[2024-03-29T11:35:16.438+0000] {processor.py:840} INFO - DAG(s) 'example_xcom_args_with_operators', 'example_xcom_args' retrieved from /home/airflow/.local/lib/python3.8/site-packages/airflow/example_dags/example_xcomargs.py
[2024-03-29T11:35:16.467+0000] {logging_mixin.py:188} INFO - [2024-03-29T11:35:16.466+0000] {dag.py:3047} INFO - Sync 2 DAGs
[2024-03-29T11:35:16.507+0000] {logging_mixin.py:188} INFO - [2024-03-29T11:35:16.507+0000] {dag.py:3834} INFO - Setting next_dagrun for example_xcom_args to None, run_after=None
[2024-03-29T11:35:16.524+0000] {logging_mixin.py:188} INFO - [2024-03-29T11:35:16.523+0000] {dag.py:3834} INFO - Setting next_dagrun for example_xcom_args_with_operators to None, run_after=None
[2024-03-29T11:35:16.572+0000] {processor.py:183} INFO - Processing /home/airflow/.local/lib/python3.8/site-packages/airflow/example_dags/example_xcomargs.py took 0.173 seconds
[2024-03-29T11:35:47.623+0000] {processor.py:161} INFO - Started process (PID=406) to work on /home/airflow/.local/lib/python3.8/site-packages/airflow/example_dags/example_xcomargs.py
[2024-03-29T11:35:47.624+0000] {processor.py:830} INFO - Processing file /home/airflow/.local/lib/python3.8/site-packages/airflow/example_dags/example_xcomargs.py for tasks to queue
[2024-03-29T11:35:47.625+0000] {logging_mixin.py:188} INFO - [2024-03-29T11:35:47.625+0000] {dagbag.py:540} INFO - Filling up the DagBag from /home/airflow/.local/lib/python3.8/site-packages/airflow/example_dags/example_xcomargs.py
[2024-03-29T11:35:47.637+0000] {processor.py:840} INFO - DAG(s) 'example_xcom_args_with_operators', 'example_xcom_args' retrieved from /home/airflow/.local/lib/python3.8/site-packages/airflow/example_dags/example_xcomargs.py
[2024-03-29T11:35:47.773+0000] {logging_mixin.py:188} INFO - [2024-03-29T11:35:47.772+0000] {dag.py:3047} INFO - Sync 2 DAGs
[2024-03-29T11:35:47.786+0000] {logging_mixin.py:188} INFO - [2024-03-29T11:35:47.786+0000] {dag.py:3834} INFO - Setting next_dagrun for example_xcom_args to None, run_after=None
[2024-03-29T11:35:47.790+0000] {logging_mixin.py:188} INFO - [2024-03-29T11:35:47.789+0000] {dag.py:3834} INFO - Setting next_dagrun for example_xcom_args_with_operators to None, run_after=None
[2024-03-29T11:35:47.814+0000] {processor.py:183} INFO - Processing /home/airflow/.local/lib/python3.8/site-packages/airflow/example_dags/example_xcomargs.py took 0.193 seconds
[2024-03-29T11:36:18.226+0000] {processor.py:161} INFO - Started process (PID=462) to work on /home/airflow/.local/lib/python3.8/site-packages/airflow/example_dags/example_xcomargs.py
[2024-03-29T11:36:18.227+0000] {processor.py:830} INFO - Processing file /home/airflow/.local/lib/python3.8/site-packages/airflow/example_dags/example_xcomargs.py for tasks to queue
[2024-03-29T11:36:18.229+0000] {logging_mixin.py:188} INFO - [2024-03-29T11:36:18.229+0000] {dagbag.py:540} INFO - Filling up the DagBag from /home/airflow/.local/lib/python3.8/site-packages/airflow/example_dags/example_xcomargs.py
[2024-03-29T11:36:18.239+0000] {processor.py:840} INFO - DAG(s) 'example_xcom_args_with_operators', 'example_xcom_args' retrieved from /home/airflow/.local/lib/python3.8/site-packages/airflow/example_dags/example_xcomargs.py
[2024-03-29T11:36:18.266+0000] {logging_mixin.py:188} INFO - [2024-03-29T11:36:18.265+0000] {dag.py:3047} INFO - Sync 2 DAGs
[2024-03-29T11:36:18.286+0000] {logging_mixin.py:188} INFO - [2024-03-29T11:36:18.286+0000] {dag.py:3834} INFO - Setting next_dagrun for example_xcom_args to None, run_after=None
[2024-03-29T11:36:18.299+0000] {logging_mixin.py:188} INFO - [2024-03-29T11:36:18.299+0000] {dag.py:3834} INFO - Setting next_dagrun for example_xcom_args_with_operators to None, run_after=None
[2024-03-29T11:36:18.316+0000] {processor.py:183} INFO - Processing /home/airflow/.local/lib/python3.8/site-packages/airflow/example_dags/example_xcomargs.py took 0.094 seconds
[2024-03-29T11:36:49.072+0000] {processor.py:161} INFO - Started process (PID=518) to work on /home/airflow/.local/lib/python3.8/site-packages/airflow/example_dags/example_xcomargs.py
[2024-03-29T11:36:49.073+0000] {processor.py:830} INFO - Processing file /home/airflow/.local/lib/python3.8/site-packages/airflow/example_dags/example_xcomargs.py for tasks to queue
[2024-03-29T11:36:49.075+0000] {logging_mixin.py:188} INFO - [2024-03-29T11:36:49.075+0000] {dagbag.py:540} INFO - Filling up the DagBag from /home/airflow/.local/lib/python3.8/site-packages/airflow/example_dags/example_xcomargs.py
[2024-03-29T11:36:49.088+0000] {processor.py:840} INFO - DAG(s) 'example_xcom_args_with_operators', 'example_xcom_args' retrieved from /home/airflow/.local/lib/python3.8/site-packages/airflow/example_dags/example_xcomargs.py
[2024-03-29T11:36:49.126+0000] {logging_mixin.py:188} INFO - [2024-03-29T11:36:49.125+0000] {dag.py:3047} INFO - Sync 2 DAGs
[2024-03-29T11:36:49.154+0000] {logging_mixin.py:188} INFO - [2024-03-29T11:36:49.153+0000] {dag.py:3834} INFO - Setting next_dagrun for example_xcom_args to None, run_after=None
[2024-03-29T11:36:49.161+0000] {logging_mixin.py:188} INFO - [2024-03-29T11:36:49.161+0000] {dag.py:3834} INFO - Setting next_dagrun for example_xcom_args_with_operators to None, run_after=None
[2024-03-29T11:36:49.203+0000] {processor.py:183} INFO - Processing /home/airflow/.local/lib/python3.8/site-packages/airflow/example_dags/example_xcomargs.py took 0.135 seconds
[2024-03-29T11:37:19.741+0000] {processor.py:161} INFO - Started process (PID=574) to work on /home/airflow/.local/lib/python3.8/site-packages/airflow/example_dags/example_xcomargs.py
[2024-03-29T11:37:19.742+0000] {processor.py:830} INFO - Processing file /home/airflow/.local/lib/python3.8/site-packages/airflow/example_dags/example_xcomargs.py for tasks to queue
[2024-03-29T11:37:19.744+0000] {logging_mixin.py:188} INFO - [2024-03-29T11:37:19.744+0000] {dagbag.py:540} INFO - Filling up the DagBag from /home/airflow/.local/lib/python3.8/site-packages/airflow/example_dags/example_xcomargs.py
[2024-03-29T11:37:19.761+0000] {processor.py:840} INFO - DAG(s) 'example_xcom_args_with_operators', 'example_xcom_args' retrieved from /home/airflow/.local/lib/python3.8/site-packages/airflow/example_dags/example_xcomargs.py
[2024-03-29T11:37:19.795+0000] {logging_mixin.py:188} INFO - [2024-03-29T11:37:19.795+0000] {dag.py:3047} INFO - Sync 2 DAGs
[2024-03-29T11:37:19.811+0000] {logging_mixin.py:188} INFO - [2024-03-29T11:37:19.811+0000] {dag.py:3834} INFO - Setting next_dagrun for example_xcom_args to None, run_after=None
[2024-03-29T11:37:19.818+0000] {logging_mixin.py:188} INFO - [2024-03-29T11:37:19.817+0000] {dag.py:3834} INFO - Setting next_dagrun for example_xcom_args_with_operators to None, run_after=None
[2024-03-29T11:37:19.839+0000] {processor.py:183} INFO - Processing /home/airflow/.local/lib/python3.8/site-packages/airflow/example_dags/example_xcomargs.py took 0.102 seconds
[2024-03-29T11:37:50.696+0000] {processor.py:161} INFO - Started process (PID=631) to work on /home/airflow/.local/lib/python3.8/site-packages/airflow/example_dags/example_xcomargs.py
[2024-03-29T11:37:50.699+0000] {processor.py:830} INFO - Processing file /home/airflow/.local/lib/python3.8/site-packages/airflow/example_dags/example_xcomargs.py for tasks to queue
[2024-03-29T11:37:50.701+0000] {logging_mixin.py:188} INFO - [2024-03-29T11:37:50.701+0000] {dagbag.py:540} INFO - Filling up the DagBag from /home/airflow/.local/lib/python3.8/site-packages/airflow/example_dags/example_xcomargs.py
[2024-03-29T11:37:50.708+0000] {processor.py:840} INFO - DAG(s) 'example_xcom_args', 'example_xcom_args_with_operators' retrieved from /home/airflow/.local/lib/python3.8/site-packages/airflow/example_dags/example_xcomargs.py
[2024-03-29T11:37:50.743+0000] {logging_mixin.py:188} INFO - [2024-03-29T11:37:50.743+0000] {dag.py:3047} INFO - Sync 2 DAGs
[2024-03-29T11:37:50.757+0000] {logging_mixin.py:188} INFO - [2024-03-29T11:37:50.757+0000] {dag.py:3834} INFO - Setting next_dagrun for example_xcom_args to None, run_after=None
[2024-03-29T11:37:50.761+0000] {logging_mixin.py:188} INFO - [2024-03-29T11:37:50.761+0000] {dag.py:3834} INFO - Setting next_dagrun for example_xcom_args_with_operators to None, run_after=None
[2024-03-29T11:37:50.785+0000] {processor.py:183} INFO - Processing /home/airflow/.local/lib/python3.8/site-packages/airflow/example_dags/example_xcomargs.py took 0.096 seconds
[2024-03-29T11:40:16.852+0000] {processor.py:161} INFO - Started process (PID=78) to work on /home/airflow/.local/lib/python3.8/site-packages/airflow/example_dags/example_xcomargs.py
[2024-03-29T11:40:16.857+0000] {processor.py:830} INFO - Processing file /home/airflow/.local/lib/python3.8/site-packages/airflow/example_dags/example_xcomargs.py for tasks to queue
[2024-03-29T11:40:16.861+0000] {logging_mixin.py:188} INFO - [2024-03-29T11:40:16.860+0000] {dagbag.py:540} INFO - Filling up the DagBag from /home/airflow/.local/lib/python3.8/site-packages/airflow/example_dags/example_xcomargs.py
[2024-03-29T11:40:16.884+0000] {processor.py:840} INFO - DAG(s) 'example_xcom_args', 'example_xcom_args_with_operators' retrieved from /home/airflow/.local/lib/python3.8/site-packages/airflow/example_dags/example_xcomargs.py
[2024-03-29T11:40:17.376+0000] {logging_mixin.py:188} INFO - [2024-03-29T11:40:17.375+0000] {dag.py:3047} INFO - Sync 2 DAGs
[2024-03-29T11:40:17.441+0000] {logging_mixin.py:188} INFO - [2024-03-29T11:40:17.441+0000] {dag.py:3834} INFO - Setting next_dagrun for example_xcom_args to None, run_after=None
[2024-03-29T11:40:17.461+0000] {logging_mixin.py:188} INFO - [2024-03-29T11:40:17.460+0000] {dag.py:3834} INFO - Setting next_dagrun for example_xcom_args_with_operators to None, run_after=None
[2024-03-29T11:40:17.572+0000] {processor.py:183} INFO - Processing /home/airflow/.local/lib/python3.8/site-packages/airflow/example_dags/example_xcomargs.py took 0.731 seconds
[2024-03-29T11:40:48.309+0000] {processor.py:161} INFO - Started process (PID=135) to work on /home/airflow/.local/lib/python3.8/site-packages/airflow/example_dags/example_xcomargs.py
[2024-03-29T11:40:48.310+0000] {processor.py:830} INFO - Processing file /home/airflow/.local/lib/python3.8/site-packages/airflow/example_dags/example_xcomargs.py for tasks to queue
[2024-03-29T11:40:48.312+0000] {logging_mixin.py:188} INFO - [2024-03-29T11:40:48.311+0000] {dagbag.py:540} INFO - Filling up the DagBag from /home/airflow/.local/lib/python3.8/site-packages/airflow/example_dags/example_xcomargs.py
[2024-03-29T11:40:48.329+0000] {processor.py:840} INFO - DAG(s) 'example_xcom_args', 'example_xcom_args_with_operators' retrieved from /home/airflow/.local/lib/python3.8/site-packages/airflow/example_dags/example_xcomargs.py
[2024-03-29T11:40:48.370+0000] {logging_mixin.py:188} INFO - [2024-03-29T11:40:48.369+0000] {dag.py:3047} INFO - Sync 2 DAGs
[2024-03-29T11:40:48.386+0000] {logging_mixin.py:188} INFO - [2024-03-29T11:40:48.385+0000] {dag.py:3834} INFO - Setting next_dagrun for example_xcom_args to None, run_after=None
[2024-03-29T11:40:48.403+0000] {logging_mixin.py:188} INFO - [2024-03-29T11:40:48.403+0000] {dag.py:3834} INFO - Setting next_dagrun for example_xcom_args_with_operators to None, run_after=None
[2024-03-29T11:40:48.430+0000] {processor.py:183} INFO - Processing /home/airflow/.local/lib/python3.8/site-packages/airflow/example_dags/example_xcomargs.py took 0.124 seconds
[2024-03-29T11:41:27.429+0000] {processor.py:161} INFO - Started process (PID=191) to work on /home/airflow/.local/lib/python3.8/site-packages/airflow/example_dags/example_xcomargs.py
[2024-03-29T11:41:27.433+0000] {processor.py:830} INFO - Processing file /home/airflow/.local/lib/python3.8/site-packages/airflow/example_dags/example_xcomargs.py for tasks to queue
[2024-03-29T11:41:27.477+0000] {logging_mixin.py:188} INFO - [2024-03-29T11:41:27.473+0000] {dagbag.py:540} INFO - Filling up the DagBag from /home/airflow/.local/lib/python3.8/site-packages/airflow/example_dags/example_xcomargs.py
[2024-03-29T11:41:27.541+0000] {processor.py:840} INFO - DAG(s) 'example_xcom_args_with_operators', 'example_xcom_args' retrieved from /home/airflow/.local/lib/python3.8/site-packages/airflow/example_dags/example_xcomargs.py
[2024-03-29T11:41:27.652+0000] {logging_mixin.py:188} INFO - [2024-03-29T11:41:27.652+0000] {dag.py:3047} INFO - Sync 2 DAGs
[2024-03-29T11:41:27.754+0000] {logging_mixin.py:188} INFO - [2024-03-29T11:41:27.753+0000] {dag.py:3834} INFO - Setting next_dagrun for example_xcom_args to None, run_after=None
[2024-03-29T11:41:27.776+0000] {logging_mixin.py:188} INFO - [2024-03-29T11:41:27.774+0000] {dag.py:3834} INFO - Setting next_dagrun for example_xcom_args_with_operators to None, run_after=None
[2024-03-29T11:41:27.933+0000] {processor.py:183} INFO - Processing /home/airflow/.local/lib/python3.8/site-packages/airflow/example_dags/example_xcomargs.py took 0.515 seconds
[2024-03-29T11:41:59.516+0000] {processor.py:161} INFO - Started process (PID=247) to work on /home/airflow/.local/lib/python3.8/site-packages/airflow/example_dags/example_xcomargs.py
[2024-03-29T11:41:59.523+0000] {processor.py:830} INFO - Processing file /home/airflow/.local/lib/python3.8/site-packages/airflow/example_dags/example_xcomargs.py for tasks to queue
[2024-03-29T11:41:59.536+0000] {logging_mixin.py:188} INFO - [2024-03-29T11:41:59.535+0000] {dagbag.py:540} INFO - Filling up the DagBag from /home/airflow/.local/lib/python3.8/site-packages/airflow/example_dags/example_xcomargs.py
[2024-03-29T11:41:59.593+0000] {processor.py:840} INFO - DAG(s) 'example_xcom_args', 'example_xcom_args_with_operators' retrieved from /home/airflow/.local/lib/python3.8/site-packages/airflow/example_dags/example_xcomargs.py
[2024-03-29T11:41:59.717+0000] {logging_mixin.py:188} INFO - [2024-03-29T11:41:59.717+0000] {dag.py:3047} INFO - Sync 2 DAGs
[2024-03-29T11:41:59.817+0000] {logging_mixin.py:188} INFO - [2024-03-29T11:41:59.815+0000] {dag.py:3834} INFO - Setting next_dagrun for example_xcom_args to None, run_after=None
[2024-03-29T11:41:59.832+0000] {logging_mixin.py:188} INFO - [2024-03-29T11:41:59.830+0000] {dag.py:3834} INFO - Setting next_dagrun for example_xcom_args_with_operators to None, run_after=None
[2024-03-29T11:41:59.922+0000] {processor.py:183} INFO - Processing /home/airflow/.local/lib/python3.8/site-packages/airflow/example_dags/example_xcomargs.py took 0.419 seconds
[2024-03-29T11:42:32.378+0000] {processor.py:161} INFO - Started process (PID=303) to work on /home/airflow/.local/lib/python3.8/site-packages/airflow/example_dags/example_xcomargs.py
[2024-03-29T11:42:32.386+0000] {processor.py:830} INFO - Processing file /home/airflow/.local/lib/python3.8/site-packages/airflow/example_dags/example_xcomargs.py for tasks to queue
[2024-03-29T11:42:32.423+0000] {logging_mixin.py:188} INFO - [2024-03-29T11:42:32.408+0000] {dagbag.py:540} INFO - Filling up the DagBag from /home/airflow/.local/lib/python3.8/site-packages/airflow/example_dags/example_xcomargs.py
[2024-03-29T11:42:32.596+0000] {processor.py:840} INFO - DAG(s) 'example_xcom_args', 'example_xcom_args_with_operators' retrieved from /home/airflow/.local/lib/python3.8/site-packages/airflow/example_dags/example_xcomargs.py
[2024-03-29T11:42:32.918+0000] {logging_mixin.py:188} INFO - [2024-03-29T11:42:32.917+0000] {dag.py:3047} INFO - Sync 2 DAGs
[2024-03-29T11:42:33.014+0000] {logging_mixin.py:188} INFO - [2024-03-29T11:42:33.014+0000] {dag.py:3834} INFO - Setting next_dagrun for example_xcom_args to None, run_after=None
[2024-03-29T11:42:33.078+0000] {logging_mixin.py:188} INFO - [2024-03-29T11:42:33.077+0000] {dag.py:3834} INFO - Setting next_dagrun for example_xcom_args_with_operators to None, run_after=None
[2024-03-29T11:42:33.424+0000] {processor.py:183} INFO - Processing /home/airflow/.local/lib/python3.8/site-packages/airflow/example_dags/example_xcomargs.py took 1.104 seconds
[2024-03-29T11:43:03.681+0000] {processor.py:161} INFO - Started process (PID=359) to work on /home/airflow/.local/lib/python3.8/site-packages/airflow/example_dags/example_xcomargs.py
[2024-03-29T11:43:03.684+0000] {processor.py:830} INFO - Processing file /home/airflow/.local/lib/python3.8/site-packages/airflow/example_dags/example_xcomargs.py for tasks to queue
[2024-03-29T11:43:03.687+0000] {logging_mixin.py:188} INFO - [2024-03-29T11:43:03.686+0000] {dagbag.py:540} INFO - Filling up the DagBag from /home/airflow/.local/lib/python3.8/site-packages/airflow/example_dags/example_xcomargs.py
[2024-03-29T11:43:03.750+0000] {processor.py:840} INFO - DAG(s) 'example_xcom_args_with_operators', 'example_xcom_args' retrieved from /home/airflow/.local/lib/python3.8/site-packages/airflow/example_dags/example_xcomargs.py
[2024-03-29T11:43:03.842+0000] {logging_mixin.py:188} INFO - [2024-03-29T11:43:03.841+0000] {dag.py:3047} INFO - Sync 2 DAGs
[2024-03-29T11:43:03.868+0000] {logging_mixin.py:188} INFO - [2024-03-29T11:43:03.867+0000] {dag.py:3834} INFO - Setting next_dagrun for example_xcom_args to None, run_after=None
[2024-03-29T11:43:03.871+0000] {logging_mixin.py:188} INFO - [2024-03-29T11:43:03.871+0000] {dag.py:3834} INFO - Setting next_dagrun for example_xcom_args_with_operators to None, run_after=None
[2024-03-29T11:43:03.951+0000] {processor.py:183} INFO - Processing /home/airflow/.local/lib/python3.8/site-packages/airflow/example_dags/example_xcomargs.py took 0.285 seconds
[2024-03-29T11:43:34.029+0000] {processor.py:161} INFO - Started process (PID=414) to work on /home/airflow/.local/lib/python3.8/site-packages/airflow/example_dags/example_xcomargs.py
[2024-03-29T11:43:34.030+0000] {processor.py:830} INFO - Processing file /home/airflow/.local/lib/python3.8/site-packages/airflow/example_dags/example_xcomargs.py for tasks to queue
[2024-03-29T11:43:34.031+0000] {logging_mixin.py:188} INFO - [2024-03-29T11:43:34.031+0000] {dagbag.py:540} INFO - Filling up the DagBag from /home/airflow/.local/lib/python3.8/site-packages/airflow/example_dags/example_xcomargs.py
[2024-03-29T11:43:34.039+0000] {processor.py:840} INFO - DAG(s) 'example_xcom_args_with_operators', 'example_xcom_args' retrieved from /home/airflow/.local/lib/python3.8/site-packages/airflow/example_dags/example_xcomargs.py
[2024-03-29T11:43:34.065+0000] {logging_mixin.py:188} INFO - [2024-03-29T11:43:34.065+0000] {dag.py:3047} INFO - Sync 2 DAGs
[2024-03-29T11:43:34.079+0000] {logging_mixin.py:188} INFO - [2024-03-29T11:43:34.078+0000] {dag.py:3834} INFO - Setting next_dagrun for example_xcom_args to None, run_after=None
[2024-03-29T11:43:34.083+0000] {logging_mixin.py:188} INFO - [2024-03-29T11:43:34.082+0000] {dag.py:3834} INFO - Setting next_dagrun for example_xcom_args_with_operators to None, run_after=None
[2024-03-29T11:43:34.105+0000] {processor.py:183} INFO - Processing /home/airflow/.local/lib/python3.8/site-packages/airflow/example_dags/example_xcomargs.py took 0.080 seconds
[2024-03-29T11:44:04.214+0000] {processor.py:161} INFO - Started process (PID=470) to work on /home/airflow/.local/lib/python3.8/site-packages/airflow/example_dags/example_xcomargs.py
[2024-03-29T11:44:04.215+0000] {processor.py:830} INFO - Processing file /home/airflow/.local/lib/python3.8/site-packages/airflow/example_dags/example_xcomargs.py for tasks to queue
[2024-03-29T11:44:04.217+0000] {logging_mixin.py:188} INFO - [2024-03-29T11:44:04.216+0000] {dagbag.py:540} INFO - Filling up the DagBag from /home/airflow/.local/lib/python3.8/site-packages/airflow/example_dags/example_xcomargs.py
[2024-03-29T11:44:04.225+0000] {processor.py:840} INFO - DAG(s) 'example_xcom_args', 'example_xcom_args_with_operators' retrieved from /home/airflow/.local/lib/python3.8/site-packages/airflow/example_dags/example_xcomargs.py
[2024-03-29T11:44:04.250+0000] {logging_mixin.py:188} INFO - [2024-03-29T11:44:04.250+0000] {dag.py:3047} INFO - Sync 2 DAGs
[2024-03-29T11:44:04.264+0000] {logging_mixin.py:188} INFO - [2024-03-29T11:44:04.264+0000] {dag.py:3834} INFO - Setting next_dagrun for example_xcom_args to None, run_after=None
[2024-03-29T11:44:04.268+0000] {logging_mixin.py:188} INFO - [2024-03-29T11:44:04.268+0000] {dag.py:3834} INFO - Setting next_dagrun for example_xcom_args_with_operators to None, run_after=None
[2024-03-29T11:44:04.286+0000] {processor.py:183} INFO - Processing /home/airflow/.local/lib/python3.8/site-packages/airflow/example_dags/example_xcomargs.py took 0.075 seconds
[2024-03-29T11:44:35.161+0000] {processor.py:161} INFO - Started process (PID=526) to work on /home/airflow/.local/lib/python3.8/site-packages/airflow/example_dags/example_xcomargs.py
[2024-03-29T11:44:35.163+0000] {processor.py:830} INFO - Processing file /home/airflow/.local/lib/python3.8/site-packages/airflow/example_dags/example_xcomargs.py for tasks to queue
[2024-03-29T11:44:35.166+0000] {logging_mixin.py:188} INFO - [2024-03-29T11:44:35.164+0000] {dagbag.py:540} INFO - Filling up the DagBag from /home/airflow/.local/lib/python3.8/site-packages/airflow/example_dags/example_xcomargs.py
[2024-03-29T11:44:35.181+0000] {processor.py:840} INFO - DAG(s) 'example_xcom_args_with_operators', 'example_xcom_args' retrieved from /home/airflow/.local/lib/python3.8/site-packages/airflow/example_dags/example_xcomargs.py
[2024-03-29T11:44:35.209+0000] {logging_mixin.py:188} INFO - [2024-03-29T11:44:35.209+0000] {dag.py:3047} INFO - Sync 2 DAGs
[2024-03-29T11:44:35.222+0000] {logging_mixin.py:188} INFO - [2024-03-29T11:44:35.222+0000] {dag.py:3834} INFO - Setting next_dagrun for example_xcom_args to None, run_after=None
[2024-03-29T11:44:35.228+0000] {logging_mixin.py:188} INFO - [2024-03-29T11:44:35.227+0000] {dag.py:3834} INFO - Setting next_dagrun for example_xcom_args_with_operators to None, run_after=None
[2024-03-29T11:44:35.246+0000] {processor.py:183} INFO - Processing /home/airflow/.local/lib/python3.8/site-packages/airflow/example_dags/example_xcomargs.py took 0.089 seconds
[2024-03-29T11:45:05.472+0000] {processor.py:161} INFO - Started process (PID=582) to work on /home/airflow/.local/lib/python3.8/site-packages/airflow/example_dags/example_xcomargs.py
[2024-03-29T11:45:05.475+0000] {processor.py:830} INFO - Processing file /home/airflow/.local/lib/python3.8/site-packages/airflow/example_dags/example_xcomargs.py for tasks to queue
[2024-03-29T11:45:05.477+0000] {logging_mixin.py:188} INFO - [2024-03-29T11:45:05.476+0000] {dagbag.py:540} INFO - Filling up the DagBag from /home/airflow/.local/lib/python3.8/site-packages/airflow/example_dags/example_xcomargs.py
[2024-03-29T11:45:05.485+0000] {processor.py:840} INFO - DAG(s) 'example_xcom_args_with_operators', 'example_xcom_args' retrieved from /home/airflow/.local/lib/python3.8/site-packages/airflow/example_dags/example_xcomargs.py
[2024-03-29T11:45:05.511+0000] {logging_mixin.py:188} INFO - [2024-03-29T11:45:05.511+0000] {dag.py:3047} INFO - Sync 2 DAGs
[2024-03-29T11:45:05.523+0000] {logging_mixin.py:188} INFO - [2024-03-29T11:45:05.523+0000] {dag.py:3834} INFO - Setting next_dagrun for example_xcom_args to None, run_after=None
[2024-03-29T11:45:05.527+0000] {logging_mixin.py:188} INFO - [2024-03-29T11:45:05.527+0000] {dag.py:3834} INFO - Setting next_dagrun for example_xcom_args_with_operators to None, run_after=None
[2024-03-29T11:45:05.550+0000] {processor.py:183} INFO - Processing /home/airflow/.local/lib/python3.8/site-packages/airflow/example_dags/example_xcomargs.py took 0.080 seconds
[2024-03-29T11:45:36.080+0000] {processor.py:161} INFO - Started process (PID=638) to work on /home/airflow/.local/lib/python3.8/site-packages/airflow/example_dags/example_xcomargs.py
[2024-03-29T11:45:36.081+0000] {processor.py:830} INFO - Processing file /home/airflow/.local/lib/python3.8/site-packages/airflow/example_dags/example_xcomargs.py for tasks to queue
[2024-03-29T11:45:36.082+0000] {logging_mixin.py:188} INFO - [2024-03-29T11:45:36.082+0000] {dagbag.py:540} INFO - Filling up the DagBag from /home/airflow/.local/lib/python3.8/site-packages/airflow/example_dags/example_xcomargs.py
[2024-03-29T11:45:36.092+0000] {processor.py:840} INFO - DAG(s) 'example_xcom_args', 'example_xcom_args_with_operators' retrieved from /home/airflow/.local/lib/python3.8/site-packages/airflow/example_dags/example_xcomargs.py
[2024-03-29T11:45:36.120+0000] {logging_mixin.py:188} INFO - [2024-03-29T11:45:36.119+0000] {dag.py:3047} INFO - Sync 2 DAGs
[2024-03-29T11:45:36.134+0000] {logging_mixin.py:188} INFO - [2024-03-29T11:45:36.134+0000] {dag.py:3834} INFO - Setting next_dagrun for example_xcom_args to None, run_after=None
[2024-03-29T11:45:36.143+0000] {logging_mixin.py:188} INFO - [2024-03-29T11:45:36.143+0000] {dag.py:3834} INFO - Setting next_dagrun for example_xcom_args_with_operators to None, run_after=None
[2024-03-29T11:45:36.171+0000] {processor.py:183} INFO - Processing /home/airflow/.local/lib/python3.8/site-packages/airflow/example_dags/example_xcomargs.py took 0.095 seconds
[2024-03-29T11:46:07.243+0000] {processor.py:161} INFO - Started process (PID=694) to work on /home/airflow/.local/lib/python3.8/site-packages/airflow/example_dags/example_xcomargs.py
[2024-03-29T11:46:07.244+0000] {processor.py:830} INFO - Processing file /home/airflow/.local/lib/python3.8/site-packages/airflow/example_dags/example_xcomargs.py for tasks to queue
[2024-03-29T11:46:07.250+0000] {logging_mixin.py:188} INFO - [2024-03-29T11:46:07.250+0000] {dagbag.py:540} INFO - Filling up the DagBag from /home/airflow/.local/lib/python3.8/site-packages/airflow/example_dags/example_xcomargs.py
[2024-03-29T11:46:07.279+0000] {processor.py:840} INFO - DAG(s) 'example_xcom_args_with_operators', 'example_xcom_args' retrieved from /home/airflow/.local/lib/python3.8/site-packages/airflow/example_dags/example_xcomargs.py
[2024-03-29T11:46:07.336+0000] {logging_mixin.py:188} INFO - [2024-03-29T11:46:07.336+0000] {dag.py:3047} INFO - Sync 2 DAGs
[2024-03-29T11:46:07.366+0000] {logging_mixin.py:188} INFO - [2024-03-29T11:46:07.363+0000] {dag.py:3834} INFO - Setting next_dagrun for example_xcom_args to None, run_after=None
[2024-03-29T11:46:07.373+0000] {logging_mixin.py:188} INFO - [2024-03-29T11:46:07.372+0000] {dag.py:3834} INFO - Setting next_dagrun for example_xcom_args_with_operators to None, run_after=None
[2024-03-29T11:46:07.400+0000] {processor.py:183} INFO - Processing /home/airflow/.local/lib/python3.8/site-packages/airflow/example_dags/example_xcomargs.py took 0.162 seconds
[2024-03-29T11:46:38.074+0000] {processor.py:161} INFO - Started process (PID=750) to work on /home/airflow/.local/lib/python3.8/site-packages/airflow/example_dags/example_xcomargs.py
[2024-03-29T11:46:38.075+0000] {processor.py:830} INFO - Processing file /home/airflow/.local/lib/python3.8/site-packages/airflow/example_dags/example_xcomargs.py for tasks to queue
[2024-03-29T11:46:38.077+0000] {logging_mixin.py:188} INFO - [2024-03-29T11:46:38.077+0000] {dagbag.py:540} INFO - Filling up the DagBag from /home/airflow/.local/lib/python3.8/site-packages/airflow/example_dags/example_xcomargs.py
[2024-03-29T11:46:38.085+0000] {processor.py:840} INFO - DAG(s) 'example_xcom_args', 'example_xcom_args_with_operators' retrieved from /home/airflow/.local/lib/python3.8/site-packages/airflow/example_dags/example_xcomargs.py
[2024-03-29T11:46:38.115+0000] {logging_mixin.py:188} INFO - [2024-03-29T11:46:38.114+0000] {dag.py:3047} INFO - Sync 2 DAGs
[2024-03-29T11:46:38.127+0000] {logging_mixin.py:188} INFO - [2024-03-29T11:46:38.127+0000] {dag.py:3834} INFO - Setting next_dagrun for example_xcom_args to None, run_after=None
[2024-03-29T11:46:38.131+0000] {logging_mixin.py:188} INFO - [2024-03-29T11:46:38.131+0000] {dag.py:3834} INFO - Setting next_dagrun for example_xcom_args_with_operators to None, run_after=None
[2024-03-29T11:46:38.147+0000] {processor.py:183} INFO - Processing /home/airflow/.local/lib/python3.8/site-packages/airflow/example_dags/example_xcomargs.py took 0.075 seconds
[2024-03-29T11:47:08.303+0000] {processor.py:161} INFO - Started process (PID=806) to work on /home/airflow/.local/lib/python3.8/site-packages/airflow/example_dags/example_xcomargs.py
[2024-03-29T11:47:08.304+0000] {processor.py:830} INFO - Processing file /home/airflow/.local/lib/python3.8/site-packages/airflow/example_dags/example_xcomargs.py for tasks to queue
[2024-03-29T11:47:08.306+0000] {logging_mixin.py:188} INFO - [2024-03-29T11:47:08.306+0000] {dagbag.py:540} INFO - Filling up the DagBag from /home/airflow/.local/lib/python3.8/site-packages/airflow/example_dags/example_xcomargs.py
[2024-03-29T11:47:08.317+0000] {processor.py:840} INFO - DAG(s) 'example_xcom_args', 'example_xcom_args_with_operators' retrieved from /home/airflow/.local/lib/python3.8/site-packages/airflow/example_dags/example_xcomargs.py
[2024-03-29T11:47:08.346+0000] {logging_mixin.py:188} INFO - [2024-03-29T11:47:08.346+0000] {dag.py:3047} INFO - Sync 2 DAGs
[2024-03-29T11:47:08.362+0000] {logging_mixin.py:188} INFO - [2024-03-29T11:47:08.361+0000] {dag.py:3834} INFO - Setting next_dagrun for example_xcom_args to None, run_after=None
[2024-03-29T11:47:08.366+0000] {logging_mixin.py:188} INFO - [2024-03-29T11:47:08.366+0000] {dag.py:3834} INFO - Setting next_dagrun for example_xcom_args_with_operators to None, run_after=None
[2024-03-29T11:47:08.388+0000] {processor.py:183} INFO - Processing /home/airflow/.local/lib/python3.8/site-packages/airflow/example_dags/example_xcomargs.py took 0.091 seconds
[2024-03-29T11:47:39.018+0000] {processor.py:161} INFO - Started process (PID=862) to work on /home/airflow/.local/lib/python3.8/site-packages/airflow/example_dags/example_xcomargs.py
[2024-03-29T11:47:39.019+0000] {processor.py:830} INFO - Processing file /home/airflow/.local/lib/python3.8/site-packages/airflow/example_dags/example_xcomargs.py for tasks to queue
[2024-03-29T11:47:39.021+0000] {logging_mixin.py:188} INFO - [2024-03-29T11:47:39.021+0000] {dagbag.py:540} INFO - Filling up the DagBag from /home/airflow/.local/lib/python3.8/site-packages/airflow/example_dags/example_xcomargs.py
[2024-03-29T11:47:39.033+0000] {processor.py:840} INFO - DAG(s) 'example_xcom_args_with_operators', 'example_xcom_args' retrieved from /home/airflow/.local/lib/python3.8/site-packages/airflow/example_dags/example_xcomargs.py
[2024-03-29T11:47:39.072+0000] {logging_mixin.py:188} INFO - [2024-03-29T11:47:39.072+0000] {dag.py:3047} INFO - Sync 2 DAGs
[2024-03-29T11:47:39.092+0000] {logging_mixin.py:188} INFO - [2024-03-29T11:47:39.092+0000] {dag.py:3834} INFO - Setting next_dagrun for example_xcom_args to None, run_after=None
[2024-03-29T11:47:39.097+0000] {logging_mixin.py:188} INFO - [2024-03-29T11:47:39.096+0000] {dag.py:3834} INFO - Setting next_dagrun for example_xcom_args_with_operators to None, run_after=None
[2024-03-29T11:47:39.115+0000] {processor.py:183} INFO - Processing /home/airflow/.local/lib/python3.8/site-packages/airflow/example_dags/example_xcomargs.py took 0.100 seconds
[2024-03-29T11:48:09.810+0000] {processor.py:161} INFO - Started process (PID=918) to work on /home/airflow/.local/lib/python3.8/site-packages/airflow/example_dags/example_xcomargs.py
[2024-03-29T11:48:09.811+0000] {processor.py:830} INFO - Processing file /home/airflow/.local/lib/python3.8/site-packages/airflow/example_dags/example_xcomargs.py for tasks to queue
[2024-03-29T11:48:09.812+0000] {logging_mixin.py:188} INFO - [2024-03-29T11:48:09.812+0000] {dagbag.py:540} INFO - Filling up the DagBag from /home/airflow/.local/lib/python3.8/site-packages/airflow/example_dags/example_xcomargs.py
[2024-03-29T11:48:09.821+0000] {processor.py:840} INFO - DAG(s) 'example_xcom_args_with_operators', 'example_xcom_args' retrieved from /home/airflow/.local/lib/python3.8/site-packages/airflow/example_dags/example_xcomargs.py
[2024-03-29T11:48:09.860+0000] {logging_mixin.py:188} INFO - [2024-03-29T11:48:09.860+0000] {dag.py:3047} INFO - Sync 2 DAGs
[2024-03-29T11:48:09.873+0000] {logging_mixin.py:188} INFO - [2024-03-29T11:48:09.873+0000] {dag.py:3834} INFO - Setting next_dagrun for example_xcom_args to None, run_after=None
[2024-03-29T11:48:09.877+0000] {logging_mixin.py:188} INFO - [2024-03-29T11:48:09.877+0000] {dag.py:3834} INFO - Setting next_dagrun for example_xcom_args_with_operators to None, run_after=None
[2024-03-29T11:48:09.898+0000] {processor.py:183} INFO - Processing /home/airflow/.local/lib/python3.8/site-packages/airflow/example_dags/example_xcomargs.py took 0.091 seconds
[2024-03-29T11:48:39.965+0000] {processor.py:161} INFO - Started process (PID=973) to work on /home/airflow/.local/lib/python3.8/site-packages/airflow/example_dags/example_xcomargs.py
[2024-03-29T11:48:39.966+0000] {processor.py:830} INFO - Processing file /home/airflow/.local/lib/python3.8/site-packages/airflow/example_dags/example_xcomargs.py for tasks to queue
[2024-03-29T11:48:39.968+0000] {logging_mixin.py:188} INFO - [2024-03-29T11:48:39.967+0000] {dagbag.py:540} INFO - Filling up the DagBag from /home/airflow/.local/lib/python3.8/site-packages/airflow/example_dags/example_xcomargs.py
[2024-03-29T11:48:39.977+0000] {processor.py:840} INFO - DAG(s) 'example_xcom_args', 'example_xcom_args_with_operators' retrieved from /home/airflow/.local/lib/python3.8/site-packages/airflow/example_dags/example_xcomargs.py
[2024-03-29T11:48:40.002+0000] {logging_mixin.py:188} INFO - [2024-03-29T11:48:40.002+0000] {dag.py:3047} INFO - Sync 2 DAGs
[2024-03-29T11:48:40.025+0000] {logging_mixin.py:188} INFO - [2024-03-29T11:48:40.024+0000] {dag.py:3834} INFO - Setting next_dagrun for example_xcom_args to None, run_after=None
[2024-03-29T11:48:40.035+0000] {logging_mixin.py:188} INFO - [2024-03-29T11:48:40.035+0000] {dag.py:3834} INFO - Setting next_dagrun for example_xcom_args_with_operators to None, run_after=None
[2024-03-29T11:48:40.057+0000] {processor.py:183} INFO - Processing /home/airflow/.local/lib/python3.8/site-packages/airflow/example_dags/example_xcomargs.py took 0.095 seconds
[2024-03-29T11:49:10.146+0000] {processor.py:161} INFO - Started process (PID=1029) to work on /home/airflow/.local/lib/python3.8/site-packages/airflow/example_dags/example_xcomargs.py
[2024-03-29T11:49:10.147+0000] {processor.py:830} INFO - Processing file /home/airflow/.local/lib/python3.8/site-packages/airflow/example_dags/example_xcomargs.py for tasks to queue
[2024-03-29T11:49:10.148+0000] {logging_mixin.py:188} INFO - [2024-03-29T11:49:10.148+0000] {dagbag.py:540} INFO - Filling up the DagBag from /home/airflow/.local/lib/python3.8/site-packages/airflow/example_dags/example_xcomargs.py
[2024-03-29T11:49:10.157+0000] {processor.py:840} INFO - DAG(s) 'example_xcom_args', 'example_xcom_args_with_operators' retrieved from /home/airflow/.local/lib/python3.8/site-packages/airflow/example_dags/example_xcomargs.py
[2024-03-29T11:49:10.181+0000] {logging_mixin.py:188} INFO - [2024-03-29T11:49:10.181+0000] {dag.py:3047} INFO - Sync 2 DAGs
[2024-03-29T11:49:10.194+0000] {logging_mixin.py:188} INFO - [2024-03-29T11:49:10.194+0000] {dag.py:3834} INFO - Setting next_dagrun for example_xcom_args to None, run_after=None
[2024-03-29T11:49:10.198+0000] {logging_mixin.py:188} INFO - [2024-03-29T11:49:10.197+0000] {dag.py:3834} INFO - Setting next_dagrun for example_xcom_args_with_operators to None, run_after=None
[2024-03-29T11:49:10.214+0000] {processor.py:183} INFO - Processing /home/airflow/.local/lib/python3.8/site-packages/airflow/example_dags/example_xcomargs.py took 0.070 seconds
[2024-03-29T11:49:40.551+0000] {processor.py:161} INFO - Started process (PID=1084) to work on /home/airflow/.local/lib/python3.8/site-packages/airflow/example_dags/example_xcomargs.py
[2024-03-29T11:49:40.556+0000] {processor.py:830} INFO - Processing file /home/airflow/.local/lib/python3.8/site-packages/airflow/example_dags/example_xcomargs.py for tasks to queue
[2024-03-29T11:49:40.561+0000] {logging_mixin.py:188} INFO - [2024-03-29T11:49:40.561+0000] {dagbag.py:540} INFO - Filling up the DagBag from /home/airflow/.local/lib/python3.8/site-packages/airflow/example_dags/example_xcomargs.py
[2024-03-29T11:49:40.579+0000] {processor.py:840} INFO - DAG(s) 'example_xcom_args_with_operators', 'example_xcom_args' retrieved from /home/airflow/.local/lib/python3.8/site-packages/airflow/example_dags/example_xcomargs.py
[2024-03-29T11:49:40.614+0000] {logging_mixin.py:188} INFO - [2024-03-29T11:49:40.614+0000] {dag.py:3047} INFO - Sync 2 DAGs
[2024-03-29T11:49:40.631+0000] {logging_mixin.py:188} INFO - [2024-03-29T11:49:40.631+0000] {dag.py:3834} INFO - Setting next_dagrun for example_xcom_args to None, run_after=None
[2024-03-29T11:49:40.636+0000] {logging_mixin.py:188} INFO - [2024-03-29T11:49:40.636+0000] {dag.py:3834} INFO - Setting next_dagrun for example_xcom_args_with_operators to None, run_after=None
[2024-03-29T11:49:40.675+0000] {processor.py:183} INFO - Processing /home/airflow/.local/lib/python3.8/site-packages/airflow/example_dags/example_xcomargs.py took 0.129 seconds
[2024-03-29T11:50:10.731+0000] {processor.py:161} INFO - Started process (PID=1140) to work on /home/airflow/.local/lib/python3.8/site-packages/airflow/example_dags/example_xcomargs.py
[2024-03-29T11:50:10.733+0000] {processor.py:830} INFO - Processing file /home/airflow/.local/lib/python3.8/site-packages/airflow/example_dags/example_xcomargs.py for tasks to queue
[2024-03-29T11:50:10.735+0000] {logging_mixin.py:188} INFO - [2024-03-29T11:50:10.734+0000] {dagbag.py:540} INFO - Filling up the DagBag from /home/airflow/.local/lib/python3.8/site-packages/airflow/example_dags/example_xcomargs.py
[2024-03-29T11:50:10.749+0000] {processor.py:840} INFO - DAG(s) 'example_xcom_args', 'example_xcom_args_with_operators' retrieved from /home/airflow/.local/lib/python3.8/site-packages/airflow/example_dags/example_xcomargs.py
[2024-03-29T11:50:10.786+0000] {logging_mixin.py:188} INFO - [2024-03-29T11:50:10.786+0000] {dag.py:3047} INFO - Sync 2 DAGs
[2024-03-29T11:50:10.800+0000] {logging_mixin.py:188} INFO - [2024-03-29T11:50:10.800+0000] {dag.py:3834} INFO - Setting next_dagrun for example_xcom_args to None, run_after=None
[2024-03-29T11:50:10.805+0000] {logging_mixin.py:188} INFO - [2024-03-29T11:50:10.805+0000] {dag.py:3834} INFO - Setting next_dagrun for example_xcom_args_with_operators to None, run_after=None
[2024-03-29T11:50:10.830+0000] {processor.py:183} INFO - Processing /home/airflow/.local/lib/python3.8/site-packages/airflow/example_dags/example_xcomargs.py took 0.102 seconds
[2024-03-29T11:50:40.936+0000] {processor.py:161} INFO - Started process (PID=1196) to work on /home/airflow/.local/lib/python3.8/site-packages/airflow/example_dags/example_xcomargs.py
[2024-03-29T11:50:40.937+0000] {processor.py:830} INFO - Processing file /home/airflow/.local/lib/python3.8/site-packages/airflow/example_dags/example_xcomargs.py for tasks to queue
[2024-03-29T11:50:40.940+0000] {logging_mixin.py:188} INFO - [2024-03-29T11:50:40.939+0000] {dagbag.py:540} INFO - Filling up the DagBag from /home/airflow/.local/lib/python3.8/site-packages/airflow/example_dags/example_xcomargs.py
[2024-03-29T11:50:40.948+0000] {processor.py:840} INFO - DAG(s) 'example_xcom_args_with_operators', 'example_xcom_args' retrieved from /home/airflow/.local/lib/python3.8/site-packages/airflow/example_dags/example_xcomargs.py
[2024-03-29T11:50:40.972+0000] {logging_mixin.py:188} INFO - [2024-03-29T11:50:40.972+0000] {dag.py:3047} INFO - Sync 2 DAGs
[2024-03-29T11:50:40.987+0000] {logging_mixin.py:188} INFO - [2024-03-29T11:50:40.986+0000] {dag.py:3834} INFO - Setting next_dagrun for example_xcom_args to None, run_after=None
[2024-03-29T11:50:40.991+0000] {logging_mixin.py:188} INFO - [2024-03-29T11:50:40.991+0000] {dag.py:3834} INFO - Setting next_dagrun for example_xcom_args_with_operators to None, run_after=None
[2024-03-29T11:50:41.010+0000] {processor.py:183} INFO - Processing /home/airflow/.local/lib/python3.8/site-packages/airflow/example_dags/example_xcomargs.py took 0.077 seconds
[2024-03-29T11:51:11.710+0000] {processor.py:161} INFO - Started process (PID=1252) to work on /home/airflow/.local/lib/python3.8/site-packages/airflow/example_dags/example_xcomargs.py
[2024-03-29T11:51:11.711+0000] {processor.py:830} INFO - Processing file /home/airflow/.local/lib/python3.8/site-packages/airflow/example_dags/example_xcomargs.py for tasks to queue
[2024-03-29T11:51:11.716+0000] {logging_mixin.py:188} INFO - [2024-03-29T11:51:11.716+0000] {dagbag.py:540} INFO - Filling up the DagBag from /home/airflow/.local/lib/python3.8/site-packages/airflow/example_dags/example_xcomargs.py
[2024-03-29T11:51:11.728+0000] {processor.py:840} INFO - DAG(s) 'example_xcom_args_with_operators', 'example_xcom_args' retrieved from /home/airflow/.local/lib/python3.8/site-packages/airflow/example_dags/example_xcomargs.py
[2024-03-29T11:51:11.753+0000] {logging_mixin.py:188} INFO - [2024-03-29T11:51:11.752+0000] {dag.py:3047} INFO - Sync 2 DAGs
[2024-03-29T11:51:11.769+0000] {logging_mixin.py:188} INFO - [2024-03-29T11:51:11.769+0000] {dag.py:3834} INFO - Setting next_dagrun for example_xcom_args to None, run_after=None
[2024-03-29T11:51:11.774+0000] {logging_mixin.py:188} INFO - [2024-03-29T11:51:11.774+0000] {dag.py:3834} INFO - Setting next_dagrun for example_xcom_args_with_operators to None, run_after=None
[2024-03-29T11:51:11.794+0000] {processor.py:183} INFO - Processing /home/airflow/.local/lib/python3.8/site-packages/airflow/example_dags/example_xcomargs.py took 0.087 seconds
[2024-03-29T11:51:42.433+0000] {processor.py:161} INFO - Started process (PID=1308) to work on /home/airflow/.local/lib/python3.8/site-packages/airflow/example_dags/example_xcomargs.py
[2024-03-29T11:51:42.435+0000] {processor.py:830} INFO - Processing file /home/airflow/.local/lib/python3.8/site-packages/airflow/example_dags/example_xcomargs.py for tasks to queue
[2024-03-29T11:51:42.442+0000] {logging_mixin.py:188} INFO - [2024-03-29T11:51:42.442+0000] {dagbag.py:540} INFO - Filling up the DagBag from /home/airflow/.local/lib/python3.8/site-packages/airflow/example_dags/example_xcomargs.py
[2024-03-29T11:51:42.462+0000] {processor.py:840} INFO - DAG(s) 'example_xcom_args', 'example_xcom_args_with_operators' retrieved from /home/airflow/.local/lib/python3.8/site-packages/airflow/example_dags/example_xcomargs.py
[2024-03-29T11:51:42.512+0000] {logging_mixin.py:188} INFO - [2024-03-29T11:51:42.511+0000] {dag.py:3047} INFO - Sync 2 DAGs
[2024-03-29T11:51:42.543+0000] {logging_mixin.py:188} INFO - [2024-03-29T11:51:42.543+0000] {dag.py:3834} INFO - Setting next_dagrun for example_xcom_args to None, run_after=None
[2024-03-29T11:51:42.557+0000] {logging_mixin.py:188} INFO - [2024-03-29T11:51:42.554+0000] {dag.py:3834} INFO - Setting next_dagrun for example_xcom_args_with_operators to None, run_after=None
[2024-03-29T11:51:42.602+0000] {processor.py:183} INFO - Processing /home/airflow/.local/lib/python3.8/site-packages/airflow/example_dags/example_xcomargs.py took 0.173 seconds
[2024-03-29T11:52:12.827+0000] {processor.py:161} INFO - Started process (PID=1364) to work on /home/airflow/.local/lib/python3.8/site-packages/airflow/example_dags/example_xcomargs.py
[2024-03-29T11:52:12.828+0000] {processor.py:830} INFO - Processing file /home/airflow/.local/lib/python3.8/site-packages/airflow/example_dags/example_xcomargs.py for tasks to queue
[2024-03-29T11:52:12.830+0000] {logging_mixin.py:188} INFO - [2024-03-29T11:52:12.829+0000] {dagbag.py:540} INFO - Filling up the DagBag from /home/airflow/.local/lib/python3.8/site-packages/airflow/example_dags/example_xcomargs.py
[2024-03-29T11:52:12.839+0000] {processor.py:840} INFO - DAG(s) 'example_xcom_args', 'example_xcom_args_with_operators' retrieved from /home/airflow/.local/lib/python3.8/site-packages/airflow/example_dags/example_xcomargs.py
[2024-03-29T11:52:12.862+0000] {logging_mixin.py:188} INFO - [2024-03-29T11:52:12.862+0000] {dag.py:3047} INFO - Sync 2 DAGs
[2024-03-29T11:52:12.875+0000] {logging_mixin.py:188} INFO - [2024-03-29T11:52:12.875+0000] {dag.py:3834} INFO - Setting next_dagrun for example_xcom_args to None, run_after=None
[2024-03-29T11:52:12.883+0000] {logging_mixin.py:188} INFO - [2024-03-29T11:52:12.882+0000] {dag.py:3834} INFO - Setting next_dagrun for example_xcom_args_with_operators to None, run_after=None
[2024-03-29T11:52:12.926+0000] {processor.py:183} INFO - Processing /home/airflow/.local/lib/python3.8/site-packages/airflow/example_dags/example_xcomargs.py took 0.102 seconds
[2024-03-29T11:52:43.845+0000] {processor.py:161} INFO - Started process (PID=1420) to work on /home/airflow/.local/lib/python3.8/site-packages/airflow/example_dags/example_xcomargs.py
[2024-03-29T11:52:43.846+0000] {processor.py:830} INFO - Processing file /home/airflow/.local/lib/python3.8/site-packages/airflow/example_dags/example_xcomargs.py for tasks to queue
[2024-03-29T11:52:43.848+0000] {logging_mixin.py:188} INFO - [2024-03-29T11:52:43.847+0000] {dagbag.py:540} INFO - Filling up the DagBag from /home/airflow/.local/lib/python3.8/site-packages/airflow/example_dags/example_xcomargs.py
[2024-03-29T11:52:43.867+0000] {processor.py:840} INFO - DAG(s) 'example_xcom_args_with_operators', 'example_xcom_args' retrieved from /home/airflow/.local/lib/python3.8/site-packages/airflow/example_dags/example_xcomargs.py
[2024-03-29T11:52:43.904+0000] {logging_mixin.py:188} INFO - [2024-03-29T11:52:43.904+0000] {dag.py:3047} INFO - Sync 2 DAGs
[2024-03-29T11:52:43.934+0000] {logging_mixin.py:188} INFO - [2024-03-29T11:52:43.928+0000] {dag.py:3834} INFO - Setting next_dagrun for example_xcom_args to None, run_after=None
[2024-03-29T11:52:43.977+0000] {logging_mixin.py:188} INFO - [2024-03-29T11:52:43.976+0000] {dag.py:3834} INFO - Setting next_dagrun for example_xcom_args_with_operators to None, run_after=None
[2024-03-29T11:52:44.137+0000] {processor.py:183} INFO - Processing /home/airflow/.local/lib/python3.8/site-packages/airflow/example_dags/example_xcomargs.py took 0.296 seconds
[2024-03-29T11:53:14.521+0000] {processor.py:161} INFO - Started process (PID=1476) to work on /home/airflow/.local/lib/python3.8/site-packages/airflow/example_dags/example_xcomargs.py
[2024-03-29T11:53:14.522+0000] {processor.py:830} INFO - Processing file /home/airflow/.local/lib/python3.8/site-packages/airflow/example_dags/example_xcomargs.py for tasks to queue
[2024-03-29T11:53:14.524+0000] {logging_mixin.py:188} INFO - [2024-03-29T11:53:14.524+0000] {dagbag.py:540} INFO - Filling up the DagBag from /home/airflow/.local/lib/python3.8/site-packages/airflow/example_dags/example_xcomargs.py
[2024-03-29T11:53:14.542+0000] {processor.py:840} INFO - DAG(s) 'example_xcom_args', 'example_xcom_args_with_operators' retrieved from /home/airflow/.local/lib/python3.8/site-packages/airflow/example_dags/example_xcomargs.py
[2024-03-29T11:53:14.573+0000] {logging_mixin.py:188} INFO - [2024-03-29T11:53:14.572+0000] {dag.py:3047} INFO - Sync 2 DAGs
[2024-03-29T11:53:14.587+0000] {logging_mixin.py:188} INFO - [2024-03-29T11:53:14.586+0000] {dag.py:3834} INFO - Setting next_dagrun for example_xcom_args to None, run_after=None
[2024-03-29T11:53:14.591+0000] {logging_mixin.py:188} INFO - [2024-03-29T11:53:14.590+0000] {dag.py:3834} INFO - Setting next_dagrun for example_xcom_args_with_operators to None, run_after=None
[2024-03-29T11:53:14.633+0000] {processor.py:183} INFO - Processing /home/airflow/.local/lib/python3.8/site-packages/airflow/example_dags/example_xcomargs.py took 0.116 seconds
[2024-03-29T11:53:45.552+0000] {processor.py:161} INFO - Started process (PID=1533) to work on /home/airflow/.local/lib/python3.8/site-packages/airflow/example_dags/example_xcomargs.py
[2024-03-29T11:53:45.556+0000] {processor.py:830} INFO - Processing file /home/airflow/.local/lib/python3.8/site-packages/airflow/example_dags/example_xcomargs.py for tasks to queue
[2024-03-29T11:53:45.558+0000] {logging_mixin.py:188} INFO - [2024-03-29T11:53:45.558+0000] {dagbag.py:540} INFO - Filling up the DagBag from /home/airflow/.local/lib/python3.8/site-packages/airflow/example_dags/example_xcomargs.py
[2024-03-29T11:53:45.566+0000] {processor.py:840} INFO - DAG(s) 'example_xcom_args_with_operators', 'example_xcom_args' retrieved from /home/airflow/.local/lib/python3.8/site-packages/airflow/example_dags/example_xcomargs.py
[2024-03-29T11:53:45.591+0000] {logging_mixin.py:188} INFO - [2024-03-29T11:53:45.590+0000] {dag.py:3047} INFO - Sync 2 DAGs
[2024-03-29T11:53:45.609+0000] {logging_mixin.py:188} INFO - [2024-03-29T11:53:45.609+0000] {dag.py:3834} INFO - Setting next_dagrun for example_xcom_args to None, run_after=None
[2024-03-29T11:53:45.616+0000] {logging_mixin.py:188} INFO - [2024-03-29T11:53:45.616+0000] {dag.py:3834} INFO - Setting next_dagrun for example_xcom_args_with_operators to None, run_after=None
[2024-03-29T11:53:45.639+0000] {processor.py:183} INFO - Processing /home/airflow/.local/lib/python3.8/site-packages/airflow/example_dags/example_xcomargs.py took 0.090 seconds
[2024-03-29T11:54:16.306+0000] {processor.py:161} INFO - Started process (PID=1589) to work on /home/airflow/.local/lib/python3.8/site-packages/airflow/example_dags/example_xcomargs.py
[2024-03-29T11:54:16.307+0000] {processor.py:830} INFO - Processing file /home/airflow/.local/lib/python3.8/site-packages/airflow/example_dags/example_xcomargs.py for tasks to queue
[2024-03-29T11:54:16.309+0000] {logging_mixin.py:188} INFO - [2024-03-29T11:54:16.308+0000] {dagbag.py:540} INFO - Filling up the DagBag from /home/airflow/.local/lib/python3.8/site-packages/airflow/example_dags/example_xcomargs.py
[2024-03-29T11:54:16.317+0000] {processor.py:840} INFO - DAG(s) 'example_xcom_args', 'example_xcom_args_with_operators' retrieved from /home/airflow/.local/lib/python3.8/site-packages/airflow/example_dags/example_xcomargs.py
[2024-03-29T11:54:16.342+0000] {logging_mixin.py:188} INFO - [2024-03-29T11:54:16.342+0000] {dag.py:3047} INFO - Sync 2 DAGs
[2024-03-29T11:54:16.355+0000] {logging_mixin.py:188} INFO - [2024-03-29T11:54:16.355+0000] {dag.py:3834} INFO - Setting next_dagrun for example_xcom_args to None, run_after=None
[2024-03-29T11:54:16.359+0000] {logging_mixin.py:188} INFO - [2024-03-29T11:54:16.359+0000] {dag.py:3834} INFO - Setting next_dagrun for example_xcom_args_with_operators to None, run_after=None
[2024-03-29T11:54:16.384+0000] {processor.py:183} INFO - Processing /home/airflow/.local/lib/python3.8/site-packages/airflow/example_dags/example_xcomargs.py took 0.082 seconds
[2024-03-29T11:54:47.125+0000] {processor.py:161} INFO - Started process (PID=1645) to work on /home/airflow/.local/lib/python3.8/site-packages/airflow/example_dags/example_xcomargs.py
[2024-03-29T11:54:47.126+0000] {processor.py:830} INFO - Processing file /home/airflow/.local/lib/python3.8/site-packages/airflow/example_dags/example_xcomargs.py for tasks to queue
[2024-03-29T11:54:47.128+0000] {logging_mixin.py:188} INFO - [2024-03-29T11:54:47.127+0000] {dagbag.py:540} INFO - Filling up the DagBag from /home/airflow/.local/lib/python3.8/site-packages/airflow/example_dags/example_xcomargs.py
[2024-03-29T11:54:47.136+0000] {processor.py:840} INFO - DAG(s) 'example_xcom_args_with_operators', 'example_xcom_args' retrieved from /home/airflow/.local/lib/python3.8/site-packages/airflow/example_dags/example_xcomargs.py
[2024-03-29T11:54:47.164+0000] {logging_mixin.py:188} INFO - [2024-03-29T11:54:47.164+0000] {dag.py:3047} INFO - Sync 2 DAGs
[2024-03-29T11:54:47.185+0000] {logging_mixin.py:188} INFO - [2024-03-29T11:54:47.184+0000] {dag.py:3834} INFO - Setting next_dagrun for example_xcom_args to None, run_after=None
[2024-03-29T11:54:47.189+0000] {logging_mixin.py:188} INFO - [2024-03-29T11:54:47.189+0000] {dag.py:3834} INFO - Setting next_dagrun for example_xcom_args_with_operators to None, run_after=None
[2024-03-29T11:54:47.216+0000] {processor.py:183} INFO - Processing /home/airflow/.local/lib/python3.8/site-packages/airflow/example_dags/example_xcomargs.py took 0.095 seconds
[2024-03-29T11:55:17.522+0000] {processor.py:161} INFO - Started process (PID=1701) to work on /home/airflow/.local/lib/python3.8/site-packages/airflow/example_dags/example_xcomargs.py
[2024-03-29T11:55:17.523+0000] {processor.py:830} INFO - Processing file /home/airflow/.local/lib/python3.8/site-packages/airflow/example_dags/example_xcomargs.py for tasks to queue
[2024-03-29T11:55:17.525+0000] {logging_mixin.py:188} INFO - [2024-03-29T11:55:17.524+0000] {dagbag.py:540} INFO - Filling up the DagBag from /home/airflow/.local/lib/python3.8/site-packages/airflow/example_dags/example_xcomargs.py
[2024-03-29T11:55:17.537+0000] {processor.py:840} INFO - DAG(s) 'example_xcom_args_with_operators', 'example_xcom_args' retrieved from /home/airflow/.local/lib/python3.8/site-packages/airflow/example_dags/example_xcomargs.py
[2024-03-29T11:55:17.573+0000] {logging_mixin.py:188} INFO - [2024-03-29T11:55:17.572+0000] {dag.py:3047} INFO - Sync 2 DAGs
[2024-03-29T11:55:17.588+0000] {logging_mixin.py:188} INFO - [2024-03-29T11:55:17.588+0000] {dag.py:3834} INFO - Setting next_dagrun for example_xcom_args to None, run_after=None
[2024-03-29T11:55:17.593+0000] {logging_mixin.py:188} INFO - [2024-03-29T11:55:17.593+0000] {dag.py:3834} INFO - Setting next_dagrun for example_xcom_args_with_operators to None, run_after=None
[2024-03-29T11:55:17.615+0000] {processor.py:183} INFO - Processing /home/airflow/.local/lib/python3.8/site-packages/airflow/example_dags/example_xcomargs.py took 0.097 seconds
[2024-03-29T11:55:47.954+0000] {processor.py:161} INFO - Started process (PID=1758) to work on /home/airflow/.local/lib/python3.8/site-packages/airflow/example_dags/example_xcomargs.py
[2024-03-29T11:55:47.955+0000] {processor.py:830} INFO - Processing file /home/airflow/.local/lib/python3.8/site-packages/airflow/example_dags/example_xcomargs.py for tasks to queue
[2024-03-29T11:55:47.957+0000] {logging_mixin.py:188} INFO - [2024-03-29T11:55:47.957+0000] {dagbag.py:540} INFO - Filling up the DagBag from /home/airflow/.local/lib/python3.8/site-packages/airflow/example_dags/example_xcomargs.py
[2024-03-29T11:55:47.966+0000] {processor.py:840} INFO - DAG(s) 'example_xcom_args_with_operators', 'example_xcom_args' retrieved from /home/airflow/.local/lib/python3.8/site-packages/airflow/example_dags/example_xcomargs.py
[2024-03-29T11:55:47.988+0000] {logging_mixin.py:188} INFO - [2024-03-29T11:55:47.988+0000] {dag.py:3047} INFO - Sync 2 DAGs
[2024-03-29T11:55:48.002+0000] {logging_mixin.py:188} INFO - [2024-03-29T11:55:48.001+0000] {dag.py:3834} INFO - Setting next_dagrun for example_xcom_args to None, run_after=None
[2024-03-29T11:55:48.006+0000] {logging_mixin.py:188} INFO - [2024-03-29T11:55:48.005+0000] {dag.py:3834} INFO - Setting next_dagrun for example_xcom_args_with_operators to None, run_after=None
[2024-03-29T11:55:48.033+0000] {processor.py:183} INFO - Processing /home/airflow/.local/lib/python3.8/site-packages/airflow/example_dags/example_xcomargs.py took 0.092 seconds
[2024-03-29T11:56:18.161+0000] {processor.py:161} INFO - Started process (PID=1814) to work on /home/airflow/.local/lib/python3.8/site-packages/airflow/example_dags/example_xcomargs.py
[2024-03-29T11:56:18.162+0000] {processor.py:830} INFO - Processing file /home/airflow/.local/lib/python3.8/site-packages/airflow/example_dags/example_xcomargs.py for tasks to queue
[2024-03-29T11:56:18.163+0000] {logging_mixin.py:188} INFO - [2024-03-29T11:56:18.163+0000] {dagbag.py:540} INFO - Filling up the DagBag from /home/airflow/.local/lib/python3.8/site-packages/airflow/example_dags/example_xcomargs.py
[2024-03-29T11:56:18.176+0000] {processor.py:840} INFO - DAG(s) 'example_xcom_args_with_operators', 'example_xcom_args' retrieved from /home/airflow/.local/lib/python3.8/site-packages/airflow/example_dags/example_xcomargs.py
[2024-03-29T11:56:18.211+0000] {logging_mixin.py:188} INFO - [2024-03-29T11:56:18.210+0000] {dag.py:3047} INFO - Sync 2 DAGs
[2024-03-29T11:56:18.229+0000] {logging_mixin.py:188} INFO - [2024-03-29T11:56:18.229+0000] {dag.py:3834} INFO - Setting next_dagrun for example_xcom_args to None, run_after=None
[2024-03-29T11:56:18.236+0000] {logging_mixin.py:188} INFO - [2024-03-29T11:56:18.236+0000] {dag.py:3834} INFO - Setting next_dagrun for example_xcom_args_with_operators to None, run_after=None
[2024-03-29T11:56:18.263+0000] {processor.py:183} INFO - Processing /home/airflow/.local/lib/python3.8/site-packages/airflow/example_dags/example_xcomargs.py took 0.105 seconds
[2024-03-29T11:56:48.393+0000] {processor.py:161} INFO - Started process (PID=1871) to work on /home/airflow/.local/lib/python3.8/site-packages/airflow/example_dags/example_xcomargs.py
[2024-03-29T11:56:48.394+0000] {processor.py:830} INFO - Processing file /home/airflow/.local/lib/python3.8/site-packages/airflow/example_dags/example_xcomargs.py for tasks to queue
[2024-03-29T11:56:48.397+0000] {logging_mixin.py:188} INFO - [2024-03-29T11:56:48.396+0000] {dagbag.py:540} INFO - Filling up the DagBag from /home/airflow/.local/lib/python3.8/site-packages/airflow/example_dags/example_xcomargs.py
[2024-03-29T11:56:48.409+0000] {processor.py:840} INFO - DAG(s) 'example_xcom_args_with_operators', 'example_xcom_args' retrieved from /home/airflow/.local/lib/python3.8/site-packages/airflow/example_dags/example_xcomargs.py
[2024-03-29T11:56:48.442+0000] {logging_mixin.py:188} INFO - [2024-03-29T11:56:48.442+0000] {dag.py:3047} INFO - Sync 2 DAGs
[2024-03-29T11:56:48.456+0000] {logging_mixin.py:188} INFO - [2024-03-29T11:56:48.456+0000] {dag.py:3834} INFO - Setting next_dagrun for example_xcom_args to None, run_after=None
[2024-03-29T11:56:48.461+0000] {logging_mixin.py:188} INFO - [2024-03-29T11:56:48.460+0000] {dag.py:3834} INFO - Setting next_dagrun for example_xcom_args_with_operators to None, run_after=None
[2024-03-29T11:56:48.497+0000] {processor.py:183} INFO - Processing /home/airflow/.local/lib/python3.8/site-packages/airflow/example_dags/example_xcomargs.py took 0.108 seconds
[2024-03-29T11:57:19.140+0000] {processor.py:161} INFO - Started process (PID=1928) to work on /home/airflow/.local/lib/python3.8/site-packages/airflow/example_dags/example_xcomargs.py
[2024-03-29T11:57:19.141+0000] {processor.py:830} INFO - Processing file /home/airflow/.local/lib/python3.8/site-packages/airflow/example_dags/example_xcomargs.py for tasks to queue
[2024-03-29T11:57:19.144+0000] {logging_mixin.py:188} INFO - [2024-03-29T11:57:19.143+0000] {dagbag.py:540} INFO - Filling up the DagBag from /home/airflow/.local/lib/python3.8/site-packages/airflow/example_dags/example_xcomargs.py
[2024-03-29T11:57:19.155+0000] {processor.py:840} INFO - DAG(s) 'example_xcom_args_with_operators', 'example_xcom_args' retrieved from /home/airflow/.local/lib/python3.8/site-packages/airflow/example_dags/example_xcomargs.py
[2024-03-29T11:57:19.185+0000] {logging_mixin.py:188} INFO - [2024-03-29T11:57:19.185+0000] {dag.py:3047} INFO - Sync 2 DAGs
[2024-03-29T11:57:19.205+0000] {logging_mixin.py:188} INFO - [2024-03-29T11:57:19.204+0000] {dag.py:3834} INFO - Setting next_dagrun for example_xcom_args to None, run_after=None
[2024-03-29T11:57:19.216+0000] {logging_mixin.py:188} INFO - [2024-03-29T11:57:19.215+0000] {dag.py:3834} INFO - Setting next_dagrun for example_xcom_args_with_operators to None, run_after=None
[2024-03-29T11:57:19.245+0000] {processor.py:183} INFO - Processing /home/airflow/.local/lib/python3.8/site-packages/airflow/example_dags/example_xcomargs.py took 0.108 seconds
[2024-03-29T11:57:49.388+0000] {processor.py:161} INFO - Started process (PID=1984) to work on /home/airflow/.local/lib/python3.8/site-packages/airflow/example_dags/example_xcomargs.py
[2024-03-29T11:57:49.391+0000] {processor.py:830} INFO - Processing file /home/airflow/.local/lib/python3.8/site-packages/airflow/example_dags/example_xcomargs.py for tasks to queue
[2024-03-29T11:57:49.394+0000] {logging_mixin.py:188} INFO - [2024-03-29T11:57:49.394+0000] {dagbag.py:540} INFO - Filling up the DagBag from /home/airflow/.local/lib/python3.8/site-packages/airflow/example_dags/example_xcomargs.py
[2024-03-29T11:57:49.403+0000] {processor.py:840} INFO - DAG(s) 'example_xcom_args_with_operators', 'example_xcom_args' retrieved from /home/airflow/.local/lib/python3.8/site-packages/airflow/example_dags/example_xcomargs.py
[2024-03-29T11:57:49.431+0000] {logging_mixin.py:188} INFO - [2024-03-29T11:57:49.430+0000] {dag.py:3047} INFO - Sync 2 DAGs
[2024-03-29T11:57:49.444+0000] {logging_mixin.py:188} INFO - [2024-03-29T11:57:49.444+0000] {dag.py:3834} INFO - Setting next_dagrun for example_xcom_args to None, run_after=None
[2024-03-29T11:57:49.448+0000] {logging_mixin.py:188} INFO - [2024-03-29T11:57:49.448+0000] {dag.py:3834} INFO - Setting next_dagrun for example_xcom_args_with_operators to None, run_after=None
[2024-03-29T11:57:49.469+0000] {processor.py:183} INFO - Processing /home/airflow/.local/lib/python3.8/site-packages/airflow/example_dags/example_xcomargs.py took 0.085 seconds
[2024-03-29T11:58:20.357+0000] {processor.py:161} INFO - Started process (PID=2040) to work on /home/airflow/.local/lib/python3.8/site-packages/airflow/example_dags/example_xcomargs.py
[2024-03-29T11:58:20.358+0000] {processor.py:830} INFO - Processing file /home/airflow/.local/lib/python3.8/site-packages/airflow/example_dags/example_xcomargs.py for tasks to queue
[2024-03-29T11:58:20.362+0000] {logging_mixin.py:188} INFO - [2024-03-29T11:58:20.362+0000] {dagbag.py:540} INFO - Filling up the DagBag from /home/airflow/.local/lib/python3.8/site-packages/airflow/example_dags/example_xcomargs.py
[2024-03-29T11:58:20.373+0000] {processor.py:840} INFO - DAG(s) 'example_xcom_args_with_operators', 'example_xcom_args' retrieved from /home/airflow/.local/lib/python3.8/site-packages/airflow/example_dags/example_xcomargs.py
[2024-03-29T11:58:20.410+0000] {logging_mixin.py:188} INFO - [2024-03-29T11:58:20.409+0000] {dag.py:3047} INFO - Sync 2 DAGs
[2024-03-29T11:58:20.428+0000] {logging_mixin.py:188} INFO - [2024-03-29T11:58:20.428+0000] {dag.py:3834} INFO - Setting next_dagrun for example_xcom_args to None, run_after=None
[2024-03-29T11:58:20.448+0000] {logging_mixin.py:188} INFO - [2024-03-29T11:58:20.445+0000] {dag.py:3834} INFO - Setting next_dagrun for example_xcom_args_with_operators to None, run_after=None
[2024-03-29T11:58:20.520+0000] {processor.py:183} INFO - Processing /home/airflow/.local/lib/python3.8/site-packages/airflow/example_dags/example_xcomargs.py took 0.168 seconds
[2024-03-29T11:58:50.989+0000] {processor.py:161} INFO - Started process (PID=2101) to work on /home/airflow/.local/lib/python3.8/site-packages/airflow/example_dags/example_xcomargs.py
[2024-03-29T11:58:50.990+0000] {processor.py:830} INFO - Processing file /home/airflow/.local/lib/python3.8/site-packages/airflow/example_dags/example_xcomargs.py for tasks to queue
[2024-03-29T11:58:50.996+0000] {logging_mixin.py:188} INFO - [2024-03-29T11:58:50.992+0000] {dagbag.py:540} INFO - Filling up the DagBag from /home/airflow/.local/lib/python3.8/site-packages/airflow/example_dags/example_xcomargs.py
[2024-03-29T11:58:51.006+0000] {processor.py:840} INFO - DAG(s) 'example_xcom_args', 'example_xcom_args_with_operators' retrieved from /home/airflow/.local/lib/python3.8/site-packages/airflow/example_dags/example_xcomargs.py
[2024-03-29T11:58:51.040+0000] {logging_mixin.py:188} INFO - [2024-03-29T11:58:51.040+0000] {dag.py:3047} INFO - Sync 2 DAGs
[2024-03-29T11:58:51.059+0000] {logging_mixin.py:188} INFO - [2024-03-29T11:58:51.059+0000] {dag.py:3834} INFO - Setting next_dagrun for example_xcom_args to None, run_after=None
[2024-03-29T11:58:51.065+0000] {logging_mixin.py:188} INFO - [2024-03-29T11:58:51.065+0000] {dag.py:3834} INFO - Setting next_dagrun for example_xcom_args_with_operators to None, run_after=None
[2024-03-29T11:58:51.098+0000] {processor.py:183} INFO - Processing /home/airflow/.local/lib/python3.8/site-packages/airflow/example_dags/example_xcomargs.py took 0.112 seconds
[2024-03-29T11:59:21.378+0000] {processor.py:161} INFO - Started process (PID=2158) to work on /home/airflow/.local/lib/python3.8/site-packages/airflow/example_dags/example_xcomargs.py
[2024-03-29T11:59:21.379+0000] {processor.py:830} INFO - Processing file /home/airflow/.local/lib/python3.8/site-packages/airflow/example_dags/example_xcomargs.py for tasks to queue
[2024-03-29T11:59:21.380+0000] {logging_mixin.py:188} INFO - [2024-03-29T11:59:21.380+0000] {dagbag.py:540} INFO - Filling up the DagBag from /home/airflow/.local/lib/python3.8/site-packages/airflow/example_dags/example_xcomargs.py
[2024-03-29T11:59:21.388+0000] {processor.py:840} INFO - DAG(s) 'example_xcom_args', 'example_xcom_args_with_operators' retrieved from /home/airflow/.local/lib/python3.8/site-packages/airflow/example_dags/example_xcomargs.py
[2024-03-29T11:59:21.559+0000] {logging_mixin.py:188} INFO - [2024-03-29T11:59:21.558+0000] {dag.py:3047} INFO - Sync 2 DAGs
[2024-03-29T11:59:21.569+0000] {logging_mixin.py:188} INFO - [2024-03-29T11:59:21.569+0000] {dag.py:3834} INFO - Setting next_dagrun for example_xcom_args to None, run_after=None
[2024-03-29T11:59:21.573+0000] {logging_mixin.py:188} INFO - [2024-03-29T11:59:21.572+0000] {dag.py:3834} INFO - Setting next_dagrun for example_xcom_args_with_operators to None, run_after=None
[2024-03-29T11:59:21.588+0000] {processor.py:183} INFO - Processing /home/airflow/.local/lib/python3.8/site-packages/airflow/example_dags/example_xcomargs.py took 0.213 seconds
