[2024-03-29T11:24:44.934+0000] {processor.py:161} INFO - Started process (PID=91) to work on /home/airflow/.local/lib/python3.8/site-packages/airflow/example_dags/example_short_circuit_decorator.py
[2024-03-29T11:24:44.936+0000] {processor.py:830} INFO - Processing file /home/airflow/.local/lib/python3.8/site-packages/airflow/example_dags/example_short_circuit_decorator.py for tasks to queue
[2024-03-29T11:24:44.939+0000] {logging_mixin.py:188} INFO - [2024-03-29T11:24:44.938+0000] {dagbag.py:540} INFO - Filling up the DagBag from /home/airflow/.local/lib/python3.8/site-packages/airflow/example_dags/example_short_circuit_decorator.py
[2024-03-29T11:24:44.964+0000] {processor.py:840} INFO - DAG(s) 'example_short_circuit_decorator' retrieved from /home/airflow/.local/lib/python3.8/site-packages/airflow/example_dags/example_short_circuit_decorator.py
[2024-03-29T11:24:45.461+0000] {logging_mixin.py:188} INFO - [2024-03-29T11:24:45.459+0000] {dag.py:3047} INFO - Sync 1 DAGs
[2024-03-29T11:24:45.512+0000] {logging_mixin.py:188} INFO - [2024-03-29T11:24:45.511+0000] {dag.py:3834} INFO - Setting next_dagrun for example_short_circuit_decorator to 2024-03-28 00:00:00+00:00, run_after=2024-03-29 00:00:00+00:00
[2024-03-29T11:24:45.549+0000] {processor.py:183} INFO - Processing /home/airflow/.local/lib/python3.8/site-packages/airflow/example_dags/example_short_circuit_decorator.py took 0.618 seconds
[2024-03-29T11:25:15.905+0000] {processor.py:161} INFO - Started process (PID=147) to work on /home/airflow/.local/lib/python3.8/site-packages/airflow/example_dags/example_short_circuit_decorator.py
[2024-03-29T11:25:15.909+0000] {processor.py:830} INFO - Processing file /home/airflow/.local/lib/python3.8/site-packages/airflow/example_dags/example_short_circuit_decorator.py for tasks to queue
[2024-03-29T11:25:15.911+0000] {logging_mixin.py:188} INFO - [2024-03-29T11:25:15.911+0000] {dagbag.py:540} INFO - Filling up the DagBag from /home/airflow/.local/lib/python3.8/site-packages/airflow/example_dags/example_short_circuit_decorator.py
[2024-03-29T11:25:15.922+0000] {processor.py:840} INFO - DAG(s) 'example_short_circuit_decorator' retrieved from /home/airflow/.local/lib/python3.8/site-packages/airflow/example_dags/example_short_circuit_decorator.py
[2024-03-29T11:25:15.963+0000] {logging_mixin.py:188} INFO - [2024-03-29T11:25:15.962+0000] {dag.py:3047} INFO - Sync 1 DAGs
[2024-03-29T11:25:15.993+0000] {logging_mixin.py:188} INFO - [2024-03-29T11:25:15.993+0000] {dag.py:3834} INFO - Setting next_dagrun for example_short_circuit_decorator to 2024-03-28 00:00:00+00:00, run_after=2024-03-29 00:00:00+00:00
[2024-03-29T11:25:16.020+0000] {processor.py:183} INFO - Processing /home/airflow/.local/lib/python3.8/site-packages/airflow/example_dags/example_short_circuit_decorator.py took 0.118 seconds
[2024-03-29T11:25:47.342+0000] {processor.py:161} INFO - Started process (PID=203) to work on /home/airflow/.local/lib/python3.8/site-packages/airflow/example_dags/example_short_circuit_decorator.py
[2024-03-29T11:25:47.343+0000] {processor.py:830} INFO - Processing file /home/airflow/.local/lib/python3.8/site-packages/airflow/example_dags/example_short_circuit_decorator.py for tasks to queue
[2024-03-29T11:25:47.344+0000] {logging_mixin.py:188} INFO - [2024-03-29T11:25:47.344+0000] {dagbag.py:540} INFO - Filling up the DagBag from /home/airflow/.local/lib/python3.8/site-packages/airflow/example_dags/example_short_circuit_decorator.py
[2024-03-29T11:25:47.353+0000] {processor.py:840} INFO - DAG(s) 'example_short_circuit_decorator' retrieved from /home/airflow/.local/lib/python3.8/site-packages/airflow/example_dags/example_short_circuit_decorator.py
[2024-03-29T11:25:47.392+0000] {logging_mixin.py:188} INFO - [2024-03-29T11:25:47.392+0000] {dag.py:3047} INFO - Sync 1 DAGs
[2024-03-29T11:25:47.417+0000] {logging_mixin.py:188} INFO - [2024-03-29T11:25:47.416+0000] {dag.py:3834} INFO - Setting next_dagrun for example_short_circuit_decorator to 2024-03-28 00:00:00+00:00, run_after=2024-03-29 00:00:00+00:00
[2024-03-29T11:25:47.443+0000] {processor.py:183} INFO - Processing /home/airflow/.local/lib/python3.8/site-packages/airflow/example_dags/example_short_circuit_decorator.py took 0.105 seconds
[2024-03-29T11:26:17.844+0000] {processor.py:161} INFO - Started process (PID=258) to work on /home/airflow/.local/lib/python3.8/site-packages/airflow/example_dags/example_short_circuit_decorator.py
[2024-03-29T11:26:17.845+0000] {processor.py:830} INFO - Processing file /home/airflow/.local/lib/python3.8/site-packages/airflow/example_dags/example_short_circuit_decorator.py for tasks to queue
[2024-03-29T11:26:17.848+0000] {logging_mixin.py:188} INFO - [2024-03-29T11:26:17.847+0000] {dagbag.py:540} INFO - Filling up the DagBag from /home/airflow/.local/lib/python3.8/site-packages/airflow/example_dags/example_short_circuit_decorator.py
[2024-03-29T11:26:17.860+0000] {processor.py:840} INFO - DAG(s) 'example_short_circuit_decorator' retrieved from /home/airflow/.local/lib/python3.8/site-packages/airflow/example_dags/example_short_circuit_decorator.py
[2024-03-29T11:26:17.888+0000] {logging_mixin.py:188} INFO - [2024-03-29T11:26:17.888+0000] {dag.py:3047} INFO - Sync 1 DAGs
[2024-03-29T11:26:17.931+0000] {logging_mixin.py:188} INFO - [2024-03-29T11:26:17.930+0000] {dag.py:3834} INFO - Setting next_dagrun for example_short_circuit_decorator to 2024-03-28 00:00:00+00:00, run_after=2024-03-29 00:00:00+00:00
[2024-03-29T11:26:17.972+0000] {processor.py:183} INFO - Processing /home/airflow/.local/lib/python3.8/site-packages/airflow/example_dags/example_short_circuit_decorator.py took 0.131 seconds
[2024-03-29T11:26:48.318+0000] {processor.py:161} INFO - Started process (PID=315) to work on /home/airflow/.local/lib/python3.8/site-packages/airflow/example_dags/example_short_circuit_decorator.py
[2024-03-29T11:26:48.319+0000] {processor.py:830} INFO - Processing file /home/airflow/.local/lib/python3.8/site-packages/airflow/example_dags/example_short_circuit_decorator.py for tasks to queue
[2024-03-29T11:26:48.326+0000] {logging_mixin.py:188} INFO - [2024-03-29T11:26:48.324+0000] {dagbag.py:540} INFO - Filling up the DagBag from /home/airflow/.local/lib/python3.8/site-packages/airflow/example_dags/example_short_circuit_decorator.py
[2024-03-29T11:26:48.339+0000] {processor.py:840} INFO - DAG(s) 'example_short_circuit_decorator' retrieved from /home/airflow/.local/lib/python3.8/site-packages/airflow/example_dags/example_short_circuit_decorator.py
[2024-03-29T11:26:48.366+0000] {logging_mixin.py:188} INFO - [2024-03-29T11:26:48.365+0000] {dag.py:3047} INFO - Sync 1 DAGs
[2024-03-29T11:26:48.402+0000] {logging_mixin.py:188} INFO - [2024-03-29T11:26:48.402+0000] {dag.py:3834} INFO - Setting next_dagrun for example_short_circuit_decorator to 2024-03-28 00:00:00+00:00, run_after=2024-03-29 00:00:00+00:00
[2024-03-29T11:26:48.426+0000] {processor.py:183} INFO - Processing /home/airflow/.local/lib/python3.8/site-packages/airflow/example_dags/example_short_circuit_decorator.py took 0.110 seconds
[2024-03-29T11:27:19.128+0000] {processor.py:161} INFO - Started process (PID=370) to work on /home/airflow/.local/lib/python3.8/site-packages/airflow/example_dags/example_short_circuit_decorator.py
[2024-03-29T11:27:19.129+0000] {processor.py:830} INFO - Processing file /home/airflow/.local/lib/python3.8/site-packages/airflow/example_dags/example_short_circuit_decorator.py for tasks to queue
[2024-03-29T11:27:19.132+0000] {logging_mixin.py:188} INFO - [2024-03-29T11:27:19.131+0000] {dagbag.py:540} INFO - Filling up the DagBag from /home/airflow/.local/lib/python3.8/site-packages/airflow/example_dags/example_short_circuit_decorator.py
[2024-03-29T11:27:19.145+0000] {processor.py:840} INFO - DAG(s) 'example_short_circuit_decorator' retrieved from /home/airflow/.local/lib/python3.8/site-packages/airflow/example_dags/example_short_circuit_decorator.py
[2024-03-29T11:27:19.178+0000] {logging_mixin.py:188} INFO - [2024-03-29T11:27:19.178+0000] {dag.py:3047} INFO - Sync 1 DAGs
[2024-03-29T11:27:19.200+0000] {logging_mixin.py:188} INFO - [2024-03-29T11:27:19.199+0000] {dag.py:3834} INFO - Setting next_dagrun for example_short_circuit_decorator to 2024-03-28 00:00:00+00:00, run_after=2024-03-29 00:00:00+00:00
[2024-03-29T11:27:19.220+0000] {processor.py:183} INFO - Processing /home/airflow/.local/lib/python3.8/site-packages/airflow/example_dags/example_short_circuit_decorator.py took 0.103 seconds
[2024-03-29T11:28:56.218+0000] {processor.py:161} INFO - Started process (PID=91) to work on /home/airflow/.local/lib/python3.8/site-packages/airflow/example_dags/example_short_circuit_decorator.py
[2024-03-29T11:28:56.225+0000] {processor.py:830} INFO - Processing file /home/airflow/.local/lib/python3.8/site-packages/airflow/example_dags/example_short_circuit_decorator.py for tasks to queue
[2024-03-29T11:28:56.229+0000] {logging_mixin.py:188} INFO - [2024-03-29T11:28:56.228+0000] {dagbag.py:540} INFO - Filling up the DagBag from /home/airflow/.local/lib/python3.8/site-packages/airflow/example_dags/example_short_circuit_decorator.py
[2024-03-29T11:28:56.264+0000] {processor.py:840} INFO - DAG(s) 'example_short_circuit_decorator' retrieved from /home/airflow/.local/lib/python3.8/site-packages/airflow/example_dags/example_short_circuit_decorator.py
[2024-03-29T11:28:59.152+0000] {logging_mixin.py:188} INFO - [2024-03-29T11:28:59.151+0000] {dag.py:3047} INFO - Sync 1 DAGs
[2024-03-29T11:28:59.559+0000] {logging_mixin.py:188} INFO - [2024-03-29T11:28:59.559+0000] {dag.py:3834} INFO - Setting next_dagrun for example_short_circuit_decorator to 2024-03-28 00:00:00+00:00, run_after=2024-03-29 00:00:00+00:00
[2024-03-29T11:28:59.733+0000] {processor.py:183} INFO - Processing /home/airflow/.local/lib/python3.8/site-packages/airflow/example_dags/example_short_circuit_decorator.py took 3.521 seconds
[2024-03-29T11:29:30.195+0000] {processor.py:161} INFO - Started process (PID=153) to work on /home/airflow/.local/lib/python3.8/site-packages/airflow/example_dags/example_short_circuit_decorator.py
[2024-03-29T11:29:30.196+0000] {processor.py:830} INFO - Processing file /home/airflow/.local/lib/python3.8/site-packages/airflow/example_dags/example_short_circuit_decorator.py for tasks to queue
[2024-03-29T11:29:30.198+0000] {logging_mixin.py:188} INFO - [2024-03-29T11:29:30.198+0000] {dagbag.py:540} INFO - Filling up the DagBag from /home/airflow/.local/lib/python3.8/site-packages/airflow/example_dags/example_short_circuit_decorator.py
[2024-03-29T11:29:30.208+0000] {processor.py:840} INFO - DAG(s) 'example_short_circuit_decorator' retrieved from /home/airflow/.local/lib/python3.8/site-packages/airflow/example_dags/example_short_circuit_decorator.py
[2024-03-29T11:29:30.232+0000] {logging_mixin.py:188} INFO - [2024-03-29T11:29:30.231+0000] {dag.py:3047} INFO - Sync 1 DAGs
[2024-03-29T11:29:30.256+0000] {logging_mixin.py:188} INFO - [2024-03-29T11:29:30.255+0000] {dag.py:3834} INFO - Setting next_dagrun for example_short_circuit_decorator to 2024-03-28 00:00:00+00:00, run_after=2024-03-29 00:00:00+00:00
[2024-03-29T11:29:30.286+0000] {processor.py:183} INFO - Processing /home/airflow/.local/lib/python3.8/site-packages/airflow/example_dags/example_short_circuit_decorator.py took 0.093 seconds
[2024-03-29T11:30:00.896+0000] {processor.py:161} INFO - Started process (PID=209) to work on /home/airflow/.local/lib/python3.8/site-packages/airflow/example_dags/example_short_circuit_decorator.py
[2024-03-29T11:30:00.898+0000] {processor.py:830} INFO - Processing file /home/airflow/.local/lib/python3.8/site-packages/airflow/example_dags/example_short_circuit_decorator.py for tasks to queue
[2024-03-29T11:30:00.900+0000] {logging_mixin.py:188} INFO - [2024-03-29T11:30:00.900+0000] {dagbag.py:540} INFO - Filling up the DagBag from /home/airflow/.local/lib/python3.8/site-packages/airflow/example_dags/example_short_circuit_decorator.py
[2024-03-29T11:30:00.911+0000] {processor.py:840} INFO - DAG(s) 'example_short_circuit_decorator' retrieved from /home/airflow/.local/lib/python3.8/site-packages/airflow/example_dags/example_short_circuit_decorator.py
[2024-03-29T11:30:00.939+0000] {logging_mixin.py:188} INFO - [2024-03-29T11:30:00.938+0000] {dag.py:3047} INFO - Sync 1 DAGs
[2024-03-29T11:30:00.966+0000] {logging_mixin.py:188} INFO - [2024-03-29T11:30:00.966+0000] {dag.py:3834} INFO - Setting next_dagrun for example_short_circuit_decorator to 2024-03-28 00:00:00+00:00, run_after=2024-03-29 00:00:00+00:00
[2024-03-29T11:30:00.990+0000] {processor.py:183} INFO - Processing /home/airflow/.local/lib/python3.8/site-packages/airflow/example_dags/example_short_circuit_decorator.py took 0.097 seconds
[2024-03-29T11:30:31.047+0000] {processor.py:161} INFO - Started process (PID=265) to work on /home/airflow/.local/lib/python3.8/site-packages/airflow/example_dags/example_short_circuit_decorator.py
[2024-03-29T11:30:31.048+0000] {processor.py:830} INFO - Processing file /home/airflow/.local/lib/python3.8/site-packages/airflow/example_dags/example_short_circuit_decorator.py for tasks to queue
[2024-03-29T11:30:31.050+0000] {logging_mixin.py:188} INFO - [2024-03-29T11:30:31.049+0000] {dagbag.py:540} INFO - Filling up the DagBag from /home/airflow/.local/lib/python3.8/site-packages/airflow/example_dags/example_short_circuit_decorator.py
[2024-03-29T11:30:31.061+0000] {processor.py:840} INFO - DAG(s) 'example_short_circuit_decorator' retrieved from /home/airflow/.local/lib/python3.8/site-packages/airflow/example_dags/example_short_circuit_decorator.py
[2024-03-29T11:30:31.084+0000] {logging_mixin.py:188} INFO - [2024-03-29T11:30:31.084+0000] {dag.py:3047} INFO - Sync 1 DAGs
[2024-03-29T11:30:31.111+0000] {logging_mixin.py:188} INFO - [2024-03-29T11:30:31.111+0000] {dag.py:3834} INFO - Setting next_dagrun for example_short_circuit_decorator to 2024-03-28 00:00:00+00:00, run_after=2024-03-29 00:00:00+00:00
[2024-03-29T11:30:31.134+0000] {processor.py:183} INFO - Processing /home/airflow/.local/lib/python3.8/site-packages/airflow/example_dags/example_short_circuit_decorator.py took 0.090 seconds
[2024-03-29T11:31:01.299+0000] {processor.py:161} INFO - Started process (PID=320) to work on /home/airflow/.local/lib/python3.8/site-packages/airflow/example_dags/example_short_circuit_decorator.py
[2024-03-29T11:31:01.300+0000] {processor.py:830} INFO - Processing file /home/airflow/.local/lib/python3.8/site-packages/airflow/example_dags/example_short_circuit_decorator.py for tasks to queue
[2024-03-29T11:31:01.303+0000] {logging_mixin.py:188} INFO - [2024-03-29T11:31:01.302+0000] {dagbag.py:540} INFO - Filling up the DagBag from /home/airflow/.local/lib/python3.8/site-packages/airflow/example_dags/example_short_circuit_decorator.py
[2024-03-29T11:31:01.316+0000] {processor.py:840} INFO - DAG(s) 'example_short_circuit_decorator' retrieved from /home/airflow/.local/lib/python3.8/site-packages/airflow/example_dags/example_short_circuit_decorator.py
[2024-03-29T11:31:01.353+0000] {logging_mixin.py:188} INFO - [2024-03-29T11:31:01.352+0000] {dag.py:3047} INFO - Sync 1 DAGs
[2024-03-29T11:31:01.397+0000] {logging_mixin.py:188} INFO - [2024-03-29T11:31:01.396+0000] {dag.py:3834} INFO - Setting next_dagrun for example_short_circuit_decorator to 2024-03-28 00:00:00+00:00, run_after=2024-03-29 00:00:00+00:00
[2024-03-29T11:31:01.429+0000] {processor.py:183} INFO - Processing /home/airflow/.local/lib/python3.8/site-packages/airflow/example_dags/example_short_circuit_decorator.py took 0.132 seconds
[2024-03-29T11:32:48.812+0000] {processor.py:161} INFO - Started process (PID=91) to work on /home/airflow/.local/lib/python3.8/site-packages/airflow/example_dags/example_short_circuit_decorator.py
[2024-03-29T11:32:48.825+0000] {processor.py:830} INFO - Processing file /home/airflow/.local/lib/python3.8/site-packages/airflow/example_dags/example_short_circuit_decorator.py for tasks to queue
[2024-03-29T11:32:48.831+0000] {logging_mixin.py:188} INFO - [2024-03-29T11:32:48.830+0000] {dagbag.py:540} INFO - Filling up the DagBag from /home/airflow/.local/lib/python3.8/site-packages/airflow/example_dags/example_short_circuit_decorator.py
[2024-03-29T11:32:48.903+0000] {processor.py:840} INFO - DAG(s) 'example_short_circuit_decorator' retrieved from /home/airflow/.local/lib/python3.8/site-packages/airflow/example_dags/example_short_circuit_decorator.py
[2024-03-29T11:32:49.374+0000] {logging_mixin.py:188} INFO - [2024-03-29T11:32:49.362+0000] {dag.py:3047} INFO - Sync 1 DAGs
[2024-03-29T11:32:49.428+0000] {logging_mixin.py:188} INFO - [2024-03-29T11:32:49.428+0000] {dag.py:3834} INFO - Setting next_dagrun for example_short_circuit_decorator to 2024-03-28 00:00:00+00:00, run_after=2024-03-29 00:00:00+00:00
[2024-03-29T11:32:49.465+0000] {processor.py:183} INFO - Processing /home/airflow/.local/lib/python3.8/site-packages/airflow/example_dags/example_short_circuit_decorator.py took 0.681 seconds
[2024-03-29T11:33:19.949+0000] {processor.py:161} INFO - Started process (PID=146) to work on /home/airflow/.local/lib/python3.8/site-packages/airflow/example_dags/example_short_circuit_decorator.py
[2024-03-29T11:33:19.950+0000] {processor.py:830} INFO - Processing file /home/airflow/.local/lib/python3.8/site-packages/airflow/example_dags/example_short_circuit_decorator.py for tasks to queue
[2024-03-29T11:33:19.955+0000] {logging_mixin.py:188} INFO - [2024-03-29T11:33:19.954+0000] {dagbag.py:540} INFO - Filling up the DagBag from /home/airflow/.local/lib/python3.8/site-packages/airflow/example_dags/example_short_circuit_decorator.py
[2024-03-29T11:33:19.965+0000] {processor.py:840} INFO - DAG(s) 'example_short_circuit_decorator' retrieved from /home/airflow/.local/lib/python3.8/site-packages/airflow/example_dags/example_short_circuit_decorator.py
[2024-03-29T11:33:19.993+0000] {logging_mixin.py:188} INFO - [2024-03-29T11:33:19.992+0000] {dag.py:3047} INFO - Sync 1 DAGs
[2024-03-29T11:33:20.309+0000] {logging_mixin.py:188} INFO - [2024-03-29T11:33:20.309+0000] {dag.py:3834} INFO - Setting next_dagrun for example_short_circuit_decorator to 2024-03-28 00:00:00+00:00, run_after=2024-03-29 00:00:00+00:00
[2024-03-29T11:33:20.337+0000] {processor.py:183} INFO - Processing /home/airflow/.local/lib/python3.8/site-packages/airflow/example_dags/example_short_circuit_decorator.py took 0.390 seconds
[2024-03-29T11:33:51.295+0000] {processor.py:161} INFO - Started process (PID=202) to work on /home/airflow/.local/lib/python3.8/site-packages/airflow/example_dags/example_short_circuit_decorator.py
[2024-03-29T11:33:51.303+0000] {processor.py:830} INFO - Processing file /home/airflow/.local/lib/python3.8/site-packages/airflow/example_dags/example_short_circuit_decorator.py for tasks to queue
[2024-03-29T11:33:51.305+0000] {logging_mixin.py:188} INFO - [2024-03-29T11:33:51.305+0000] {dagbag.py:540} INFO - Filling up the DagBag from /home/airflow/.local/lib/python3.8/site-packages/airflow/example_dags/example_short_circuit_decorator.py
[2024-03-29T11:33:51.332+0000] {processor.py:840} INFO - DAG(s) 'example_short_circuit_decorator' retrieved from /home/airflow/.local/lib/python3.8/site-packages/airflow/example_dags/example_short_circuit_decorator.py
[2024-03-29T11:33:51.367+0000] {logging_mixin.py:188} INFO - [2024-03-29T11:33:51.366+0000] {dag.py:3047} INFO - Sync 1 DAGs
[2024-03-29T11:33:51.410+0000] {logging_mixin.py:188} INFO - [2024-03-29T11:33:51.410+0000] {dag.py:3834} INFO - Setting next_dagrun for example_short_circuit_decorator to 2024-03-28 00:00:00+00:00, run_after=2024-03-29 00:00:00+00:00
[2024-03-29T11:33:51.463+0000] {processor.py:183} INFO - Processing /home/airflow/.local/lib/python3.8/site-packages/airflow/example_dags/example_short_circuit_decorator.py took 0.170 seconds
[2024-03-29T11:34:22.239+0000] {processor.py:161} INFO - Started process (PID=257) to work on /home/airflow/.local/lib/python3.8/site-packages/airflow/example_dags/example_short_circuit_decorator.py
[2024-03-29T11:34:22.240+0000] {processor.py:830} INFO - Processing file /home/airflow/.local/lib/python3.8/site-packages/airflow/example_dags/example_short_circuit_decorator.py for tasks to queue
[2024-03-29T11:34:22.255+0000] {logging_mixin.py:188} INFO - [2024-03-29T11:34:22.255+0000] {dagbag.py:540} INFO - Filling up the DagBag from /home/airflow/.local/lib/python3.8/site-packages/airflow/example_dags/example_short_circuit_decorator.py
[2024-03-29T11:34:22.279+0000] {processor.py:840} INFO - DAG(s) 'example_short_circuit_decorator' retrieved from /home/airflow/.local/lib/python3.8/site-packages/airflow/example_dags/example_short_circuit_decorator.py
[2024-03-29T11:34:22.309+0000] {logging_mixin.py:188} INFO - [2024-03-29T11:34:22.309+0000] {dag.py:3047} INFO - Sync 1 DAGs
[2024-03-29T11:34:22.388+0000] {logging_mixin.py:188} INFO - [2024-03-29T11:34:22.388+0000] {dag.py:3834} INFO - Setting next_dagrun for example_short_circuit_decorator to 2024-03-28 00:00:00+00:00, run_after=2024-03-29 00:00:00+00:00
[2024-03-29T11:34:22.454+0000] {processor.py:183} INFO - Processing /home/airflow/.local/lib/python3.8/site-packages/airflow/example_dags/example_short_circuit_decorator.py took 0.225 seconds
[2024-03-29T11:34:52.591+0000] {processor.py:161} INFO - Started process (PID=313) to work on /home/airflow/.local/lib/python3.8/site-packages/airflow/example_dags/example_short_circuit_decorator.py
[2024-03-29T11:34:52.592+0000] {processor.py:830} INFO - Processing file /home/airflow/.local/lib/python3.8/site-packages/airflow/example_dags/example_short_circuit_decorator.py for tasks to queue
[2024-03-29T11:34:52.594+0000] {logging_mixin.py:188} INFO - [2024-03-29T11:34:52.594+0000] {dagbag.py:540} INFO - Filling up the DagBag from /home/airflow/.local/lib/python3.8/site-packages/airflow/example_dags/example_short_circuit_decorator.py
[2024-03-29T11:34:52.623+0000] {processor.py:840} INFO - DAG(s) 'example_short_circuit_decorator' retrieved from /home/airflow/.local/lib/python3.8/site-packages/airflow/example_dags/example_short_circuit_decorator.py
[2024-03-29T11:34:52.663+0000] {logging_mixin.py:188} INFO - [2024-03-29T11:34:52.662+0000] {dag.py:3047} INFO - Sync 1 DAGs
[2024-03-29T11:34:52.737+0000] {logging_mixin.py:188} INFO - [2024-03-29T11:34:52.736+0000] {dag.py:3834} INFO - Setting next_dagrun for example_short_circuit_decorator to 2024-03-28 00:00:00+00:00, run_after=2024-03-29 00:00:00+00:00
[2024-03-29T11:34:52.804+0000] {processor.py:183} INFO - Processing /home/airflow/.local/lib/python3.8/site-packages/airflow/example_dags/example_short_circuit_decorator.py took 0.217 seconds
[2024-03-29T11:35:22.946+0000] {processor.py:161} INFO - Started process (PID=368) to work on /home/airflow/.local/lib/python3.8/site-packages/airflow/example_dags/example_short_circuit_decorator.py
[2024-03-29T11:35:22.951+0000] {processor.py:830} INFO - Processing file /home/airflow/.local/lib/python3.8/site-packages/airflow/example_dags/example_short_circuit_decorator.py for tasks to queue
[2024-03-29T11:35:22.954+0000] {logging_mixin.py:188} INFO - [2024-03-29T11:35:22.954+0000] {dagbag.py:540} INFO - Filling up the DagBag from /home/airflow/.local/lib/python3.8/site-packages/airflow/example_dags/example_short_circuit_decorator.py
[2024-03-29T11:35:22.971+0000] {processor.py:840} INFO - DAG(s) 'example_short_circuit_decorator' retrieved from /home/airflow/.local/lib/python3.8/site-packages/airflow/example_dags/example_short_circuit_decorator.py
[2024-03-29T11:35:22.998+0000] {logging_mixin.py:188} INFO - [2024-03-29T11:35:22.997+0000] {dag.py:3047} INFO - Sync 1 DAGs
[2024-03-29T11:35:23.044+0000] {logging_mixin.py:188} INFO - [2024-03-29T11:35:23.044+0000] {dag.py:3834} INFO - Setting next_dagrun for example_short_circuit_decorator to 2024-03-28 00:00:00+00:00, run_after=2024-03-29 00:00:00+00:00
[2024-03-29T11:35:23.078+0000] {processor.py:183} INFO - Processing /home/airflow/.local/lib/python3.8/site-packages/airflow/example_dags/example_short_circuit_decorator.py took 0.135 seconds
[2024-03-29T11:35:53.259+0000] {processor.py:161} INFO - Started process (PID=424) to work on /home/airflow/.local/lib/python3.8/site-packages/airflow/example_dags/example_short_circuit_decorator.py
[2024-03-29T11:35:53.261+0000] {processor.py:830} INFO - Processing file /home/airflow/.local/lib/python3.8/site-packages/airflow/example_dags/example_short_circuit_decorator.py for tasks to queue
[2024-03-29T11:35:53.262+0000] {logging_mixin.py:188} INFO - [2024-03-29T11:35:53.262+0000] {dagbag.py:540} INFO - Filling up the DagBag from /home/airflow/.local/lib/python3.8/site-packages/airflow/example_dags/example_short_circuit_decorator.py
[2024-03-29T11:35:53.279+0000] {processor.py:840} INFO - DAG(s) 'example_short_circuit_decorator' retrieved from /home/airflow/.local/lib/python3.8/site-packages/airflow/example_dags/example_short_circuit_decorator.py
[2024-03-29T11:35:53.435+0000] {logging_mixin.py:188} INFO - [2024-03-29T11:35:53.434+0000] {dag.py:3047} INFO - Sync 1 DAGs
[2024-03-29T11:35:53.466+0000] {logging_mixin.py:188} INFO - [2024-03-29T11:35:53.464+0000] {dag.py:3834} INFO - Setting next_dagrun for example_short_circuit_decorator to 2024-03-28 00:00:00+00:00, run_after=2024-03-29 00:00:00+00:00
[2024-03-29T11:35:53.503+0000] {processor.py:183} INFO - Processing /home/airflow/.local/lib/python3.8/site-packages/airflow/example_dags/example_short_circuit_decorator.py took 0.247 seconds
[2024-03-29T11:36:23.627+0000] {processor.py:161} INFO - Started process (PID=480) to work on /home/airflow/.local/lib/python3.8/site-packages/airflow/example_dags/example_short_circuit_decorator.py
[2024-03-29T11:36:23.628+0000] {processor.py:830} INFO - Processing file /home/airflow/.local/lib/python3.8/site-packages/airflow/example_dags/example_short_circuit_decorator.py for tasks to queue
[2024-03-29T11:36:23.630+0000] {logging_mixin.py:188} INFO - [2024-03-29T11:36:23.630+0000] {dagbag.py:540} INFO - Filling up the DagBag from /home/airflow/.local/lib/python3.8/site-packages/airflow/example_dags/example_short_circuit_decorator.py
[2024-03-29T11:36:23.643+0000] {processor.py:840} INFO - DAG(s) 'example_short_circuit_decorator' retrieved from /home/airflow/.local/lib/python3.8/site-packages/airflow/example_dags/example_short_circuit_decorator.py
[2024-03-29T11:36:23.678+0000] {logging_mixin.py:188} INFO - [2024-03-29T11:36:23.678+0000] {dag.py:3047} INFO - Sync 1 DAGs
[2024-03-29T11:36:23.703+0000] {logging_mixin.py:188} INFO - [2024-03-29T11:36:23.703+0000] {dag.py:3834} INFO - Setting next_dagrun for example_short_circuit_decorator to 2024-03-28 00:00:00+00:00, run_after=2024-03-29 00:00:00+00:00
[2024-03-29T11:36:23.723+0000] {processor.py:183} INFO - Processing /home/airflow/.local/lib/python3.8/site-packages/airflow/example_dags/example_short_circuit_decorator.py took 0.099 seconds
[2024-03-29T11:36:54.271+0000] {processor.py:161} INFO - Started process (PID=536) to work on /home/airflow/.local/lib/python3.8/site-packages/airflow/example_dags/example_short_circuit_decorator.py
[2024-03-29T11:36:54.272+0000] {processor.py:830} INFO - Processing file /home/airflow/.local/lib/python3.8/site-packages/airflow/example_dags/example_short_circuit_decorator.py for tasks to queue
[2024-03-29T11:36:54.274+0000] {logging_mixin.py:188} INFO - [2024-03-29T11:36:54.274+0000] {dagbag.py:540} INFO - Filling up the DagBag from /home/airflow/.local/lib/python3.8/site-packages/airflow/example_dags/example_short_circuit_decorator.py
[2024-03-29T11:36:54.288+0000] {processor.py:840} INFO - DAG(s) 'example_short_circuit_decorator' retrieved from /home/airflow/.local/lib/python3.8/site-packages/airflow/example_dags/example_short_circuit_decorator.py
[2024-03-29T11:36:54.319+0000] {logging_mixin.py:188} INFO - [2024-03-29T11:36:54.318+0000] {dag.py:3047} INFO - Sync 1 DAGs
[2024-03-29T11:36:54.343+0000] {logging_mixin.py:188} INFO - [2024-03-29T11:36:54.343+0000] {dag.py:3834} INFO - Setting next_dagrun for example_short_circuit_decorator to 2024-03-28 00:00:00+00:00, run_after=2024-03-29 00:00:00+00:00
[2024-03-29T11:36:54.373+0000] {processor.py:183} INFO - Processing /home/airflow/.local/lib/python3.8/site-packages/airflow/example_dags/example_short_circuit_decorator.py took 0.104 seconds
[2024-03-29T11:37:24.477+0000] {processor.py:161} INFO - Started process (PID=592) to work on /home/airflow/.local/lib/python3.8/site-packages/airflow/example_dags/example_short_circuit_decorator.py
[2024-03-29T11:37:24.478+0000] {processor.py:830} INFO - Processing file /home/airflow/.local/lib/python3.8/site-packages/airflow/example_dags/example_short_circuit_decorator.py for tasks to queue
[2024-03-29T11:37:24.480+0000] {logging_mixin.py:188} INFO - [2024-03-29T11:37:24.479+0000] {dagbag.py:540} INFO - Filling up the DagBag from /home/airflow/.local/lib/python3.8/site-packages/airflow/example_dags/example_short_circuit_decorator.py
[2024-03-29T11:37:24.493+0000] {processor.py:840} INFO - DAG(s) 'example_short_circuit_decorator' retrieved from /home/airflow/.local/lib/python3.8/site-packages/airflow/example_dags/example_short_circuit_decorator.py
[2024-03-29T11:37:24.524+0000] {logging_mixin.py:188} INFO - [2024-03-29T11:37:24.523+0000] {dag.py:3047} INFO - Sync 1 DAGs
[2024-03-29T11:37:24.564+0000] {logging_mixin.py:188} INFO - [2024-03-29T11:37:24.564+0000] {dag.py:3834} INFO - Setting next_dagrun for example_short_circuit_decorator to 2024-03-28 00:00:00+00:00, run_after=2024-03-29 00:00:00+00:00
[2024-03-29T11:37:24.606+0000] {processor.py:183} INFO - Processing /home/airflow/.local/lib/python3.8/site-packages/airflow/example_dags/example_short_circuit_decorator.py took 0.132 seconds
[2024-03-29T11:37:54.921+0000] {processor.py:161} INFO - Started process (PID=649) to work on /home/airflow/.local/lib/python3.8/site-packages/airflow/example_dags/example_short_circuit_decorator.py
[2024-03-29T11:37:54.922+0000] {processor.py:830} INFO - Processing file /home/airflow/.local/lib/python3.8/site-packages/airflow/example_dags/example_short_circuit_decorator.py for tasks to queue
[2024-03-29T11:37:54.924+0000] {logging_mixin.py:188} INFO - [2024-03-29T11:37:54.924+0000] {dagbag.py:540} INFO - Filling up the DagBag from /home/airflow/.local/lib/python3.8/site-packages/airflow/example_dags/example_short_circuit_decorator.py
[2024-03-29T11:37:54.935+0000] {processor.py:840} INFO - DAG(s) 'example_short_circuit_decorator' retrieved from /home/airflow/.local/lib/python3.8/site-packages/airflow/example_dags/example_short_circuit_decorator.py
[2024-03-29T11:37:54.959+0000] {logging_mixin.py:188} INFO - [2024-03-29T11:37:54.958+0000] {dag.py:3047} INFO - Sync 1 DAGs
[2024-03-29T11:37:54.986+0000] {logging_mixin.py:188} INFO - [2024-03-29T11:37:54.986+0000] {dag.py:3834} INFO - Setting next_dagrun for example_short_circuit_decorator to 2024-03-28 00:00:00+00:00, run_after=2024-03-29 00:00:00+00:00
[2024-03-29T11:37:55.007+0000] {processor.py:183} INFO - Processing /home/airflow/.local/lib/python3.8/site-packages/airflow/example_dags/example_short_circuit_decorator.py took 0.088 seconds
[2024-03-29T11:40:23.452+0000] {processor.py:161} INFO - Started process (PID=97) to work on /home/airflow/.local/lib/python3.8/site-packages/airflow/example_dags/example_short_circuit_decorator.py
[2024-03-29T11:40:23.453+0000] {processor.py:830} INFO - Processing file /home/airflow/.local/lib/python3.8/site-packages/airflow/example_dags/example_short_circuit_decorator.py for tasks to queue
[2024-03-29T11:40:23.459+0000] {logging_mixin.py:188} INFO - [2024-03-29T11:40:23.459+0000] {dagbag.py:540} INFO - Filling up the DagBag from /home/airflow/.local/lib/python3.8/site-packages/airflow/example_dags/example_short_circuit_decorator.py
[2024-03-29T11:40:23.487+0000] {processor.py:840} INFO - DAG(s) 'example_short_circuit_decorator' retrieved from /home/airflow/.local/lib/python3.8/site-packages/airflow/example_dags/example_short_circuit_decorator.py
[2024-03-29T11:40:23.857+0000] {logging_mixin.py:188} INFO - [2024-03-29T11:40:23.857+0000] {dag.py:3047} INFO - Sync 1 DAGs
[2024-03-29T11:40:23.914+0000] {logging_mixin.py:188} INFO - [2024-03-29T11:40:23.914+0000] {dag.py:3834} INFO - Setting next_dagrun for example_short_circuit_decorator to 2024-03-28 00:00:00+00:00, run_after=2024-03-29 00:00:00+00:00
[2024-03-29T11:40:23.984+0000] {processor.py:183} INFO - Processing /home/airflow/.local/lib/python3.8/site-packages/airflow/example_dags/example_short_circuit_decorator.py took 0.534 seconds
[2024-03-29T11:40:54.640+0000] {processor.py:161} INFO - Started process (PID=154) to work on /home/airflow/.local/lib/python3.8/site-packages/airflow/example_dags/example_short_circuit_decorator.py
[2024-03-29T11:40:54.641+0000] {processor.py:830} INFO - Processing file /home/airflow/.local/lib/python3.8/site-packages/airflow/example_dags/example_short_circuit_decorator.py for tasks to queue
[2024-03-29T11:40:54.643+0000] {logging_mixin.py:188} INFO - [2024-03-29T11:40:54.643+0000] {dagbag.py:540} INFO - Filling up the DagBag from /home/airflow/.local/lib/python3.8/site-packages/airflow/example_dags/example_short_circuit_decorator.py
[2024-03-29T11:40:54.680+0000] {processor.py:840} INFO - DAG(s) 'example_short_circuit_decorator' retrieved from /home/airflow/.local/lib/python3.8/site-packages/airflow/example_dags/example_short_circuit_decorator.py
[2024-03-29T11:40:54.858+0000] {logging_mixin.py:188} INFO - [2024-03-29T11:40:54.858+0000] {dag.py:3047} INFO - Sync 1 DAGs
[2024-03-29T11:40:54.893+0000] {logging_mixin.py:188} INFO - [2024-03-29T11:40:54.893+0000] {dag.py:3834} INFO - Setting next_dagrun for example_short_circuit_decorator to 2024-03-28 00:00:00+00:00, run_after=2024-03-29 00:00:00+00:00
[2024-03-29T11:40:55.044+0000] {processor.py:183} INFO - Processing /home/airflow/.local/lib/python3.8/site-packages/airflow/example_dags/example_short_circuit_decorator.py took 0.409 seconds
[2024-03-29T11:41:36.552+0000] {processor.py:161} INFO - Started process (PID=209) to work on /home/airflow/.local/lib/python3.8/site-packages/airflow/example_dags/example_short_circuit_decorator.py
[2024-03-29T11:41:36.562+0000] {processor.py:830} INFO - Processing file /home/airflow/.local/lib/python3.8/site-packages/airflow/example_dags/example_short_circuit_decorator.py for tasks to queue
[2024-03-29T11:41:36.602+0000] {logging_mixin.py:188} INFO - [2024-03-29T11:41:36.592+0000] {dagbag.py:540} INFO - Filling up the DagBag from /home/airflow/.local/lib/python3.8/site-packages/airflow/example_dags/example_short_circuit_decorator.py
[2024-03-29T11:41:36.742+0000] {processor.py:840} INFO - DAG(s) 'example_short_circuit_decorator' retrieved from /home/airflow/.local/lib/python3.8/site-packages/airflow/example_dags/example_short_circuit_decorator.py
[2024-03-29T11:41:36.892+0000] {logging_mixin.py:188} INFO - [2024-03-29T11:41:36.891+0000] {dag.py:3047} INFO - Sync 1 DAGs
[2024-03-29T11:41:37.041+0000] {logging_mixin.py:188} INFO - [2024-03-29T11:41:37.041+0000] {dag.py:3834} INFO - Setting next_dagrun for example_short_circuit_decorator to 2024-03-28 00:00:00+00:00, run_after=2024-03-29 00:00:00+00:00
[2024-03-29T11:41:37.157+0000] {processor.py:183} INFO - Processing /home/airflow/.local/lib/python3.8/site-packages/airflow/example_dags/example_short_circuit_decorator.py took 0.639 seconds
[2024-03-29T11:42:07.381+0000] {processor.py:161} INFO - Started process (PID=265) to work on /home/airflow/.local/lib/python3.8/site-packages/airflow/example_dags/example_short_circuit_decorator.py
[2024-03-29T11:42:07.388+0000] {processor.py:830} INFO - Processing file /home/airflow/.local/lib/python3.8/site-packages/airflow/example_dags/example_short_circuit_decorator.py for tasks to queue
[2024-03-29T11:42:07.390+0000] {logging_mixin.py:188} INFO - [2024-03-29T11:42:07.390+0000] {dagbag.py:540} INFO - Filling up the DagBag from /home/airflow/.local/lib/python3.8/site-packages/airflow/example_dags/example_short_circuit_decorator.py
[2024-03-29T11:42:07.417+0000] {processor.py:840} INFO - DAG(s) 'example_short_circuit_decorator' retrieved from /home/airflow/.local/lib/python3.8/site-packages/airflow/example_dags/example_short_circuit_decorator.py
[2024-03-29T11:42:07.484+0000] {logging_mixin.py:188} INFO - [2024-03-29T11:42:07.483+0000] {dag.py:3047} INFO - Sync 1 DAGs
[2024-03-29T11:42:07.610+0000] {logging_mixin.py:188} INFO - [2024-03-29T11:42:07.609+0000] {dag.py:3834} INFO - Setting next_dagrun for example_short_circuit_decorator to 2024-03-28 00:00:00+00:00, run_after=2024-03-29 00:00:00+00:00
[2024-03-29T11:42:07.683+0000] {processor.py:183} INFO - Processing /home/airflow/.local/lib/python3.8/site-packages/airflow/example_dags/example_short_circuit_decorator.py took 0.307 seconds
[2024-03-29T11:42:41.261+0000] {processor.py:161} INFO - Started process (PID=321) to work on /home/airflow/.local/lib/python3.8/site-packages/airflow/example_dags/example_short_circuit_decorator.py
[2024-03-29T11:42:41.271+0000] {processor.py:830} INFO - Processing file /home/airflow/.local/lib/python3.8/site-packages/airflow/example_dags/example_short_circuit_decorator.py for tasks to queue
[2024-03-29T11:42:41.280+0000] {logging_mixin.py:188} INFO - [2024-03-29T11:42:41.279+0000] {dagbag.py:540} INFO - Filling up the DagBag from /home/airflow/.local/lib/python3.8/site-packages/airflow/example_dags/example_short_circuit_decorator.py
[2024-03-29T11:42:41.313+0000] {processor.py:840} INFO - DAG(s) 'example_short_circuit_decorator' retrieved from /home/airflow/.local/lib/python3.8/site-packages/airflow/example_dags/example_short_circuit_decorator.py
[2024-03-29T11:42:41.352+0000] {logging_mixin.py:188} INFO - [2024-03-29T11:42:41.352+0000] {dag.py:3047} INFO - Sync 1 DAGs
[2024-03-29T11:42:41.402+0000] {logging_mixin.py:188} INFO - [2024-03-29T11:42:41.402+0000] {dag.py:3834} INFO - Setting next_dagrun for example_short_circuit_decorator to 2024-03-28 00:00:00+00:00, run_after=2024-03-29 00:00:00+00:00
[2024-03-29T11:42:41.465+0000] {processor.py:183} INFO - Processing /home/airflow/.local/lib/python3.8/site-packages/airflow/example_dags/example_short_circuit_decorator.py took 0.209 seconds
[2024-03-29T11:43:12.007+0000] {processor.py:161} INFO - Started process (PID=377) to work on /home/airflow/.local/lib/python3.8/site-packages/airflow/example_dags/example_short_circuit_decorator.py
[2024-03-29T11:43:12.017+0000] {processor.py:830} INFO - Processing file /home/airflow/.local/lib/python3.8/site-packages/airflow/example_dags/example_short_circuit_decorator.py for tasks to queue
[2024-03-29T11:43:12.024+0000] {logging_mixin.py:188} INFO - [2024-03-29T11:43:12.023+0000] {dagbag.py:540} INFO - Filling up the DagBag from /home/airflow/.local/lib/python3.8/site-packages/airflow/example_dags/example_short_circuit_decorator.py
[2024-03-29T11:43:12.064+0000] {processor.py:840} INFO - DAG(s) 'example_short_circuit_decorator' retrieved from /home/airflow/.local/lib/python3.8/site-packages/airflow/example_dags/example_short_circuit_decorator.py
[2024-03-29T11:43:12.132+0000] {logging_mixin.py:188} INFO - [2024-03-29T11:43:12.130+0000] {dag.py:3047} INFO - Sync 1 DAGs
[2024-03-29T11:43:12.269+0000] {logging_mixin.py:188} INFO - [2024-03-29T11:43:12.268+0000] {dag.py:3834} INFO - Setting next_dagrun for example_short_circuit_decorator to 2024-03-28 00:00:00+00:00, run_after=2024-03-29 00:00:00+00:00
[2024-03-29T11:43:12.382+0000] {processor.py:183} INFO - Processing /home/airflow/.local/lib/python3.8/site-packages/airflow/example_dags/example_short_circuit_decorator.py took 0.379 seconds
[2024-03-29T11:43:42.494+0000] {processor.py:161} INFO - Started process (PID=432) to work on /home/airflow/.local/lib/python3.8/site-packages/airflow/example_dags/example_short_circuit_decorator.py
[2024-03-29T11:43:42.495+0000] {processor.py:830} INFO - Processing file /home/airflow/.local/lib/python3.8/site-packages/airflow/example_dags/example_short_circuit_decorator.py for tasks to queue
[2024-03-29T11:43:42.497+0000] {logging_mixin.py:188} INFO - [2024-03-29T11:43:42.497+0000] {dagbag.py:540} INFO - Filling up the DagBag from /home/airflow/.local/lib/python3.8/site-packages/airflow/example_dags/example_short_circuit_decorator.py
[2024-03-29T11:43:42.514+0000] {processor.py:840} INFO - DAG(s) 'example_short_circuit_decorator' retrieved from /home/airflow/.local/lib/python3.8/site-packages/airflow/example_dags/example_short_circuit_decorator.py
[2024-03-29T11:43:42.549+0000] {logging_mixin.py:188} INFO - [2024-03-29T11:43:42.548+0000] {dag.py:3047} INFO - Sync 1 DAGs
[2024-03-29T11:43:42.579+0000] {logging_mixin.py:188} INFO - [2024-03-29T11:43:42.579+0000] {dag.py:3834} INFO - Setting next_dagrun for example_short_circuit_decorator to 2024-03-28 00:00:00+00:00, run_after=2024-03-29 00:00:00+00:00
[2024-03-29T11:43:42.611+0000] {processor.py:183} INFO - Processing /home/airflow/.local/lib/python3.8/site-packages/airflow/example_dags/example_short_circuit_decorator.py took 0.121 seconds
[2024-03-29T11:44:12.870+0000] {processor.py:161} INFO - Started process (PID=488) to work on /home/airflow/.local/lib/python3.8/site-packages/airflow/example_dags/example_short_circuit_decorator.py
[2024-03-29T11:44:12.872+0000] {processor.py:830} INFO - Processing file /home/airflow/.local/lib/python3.8/site-packages/airflow/example_dags/example_short_circuit_decorator.py for tasks to queue
[2024-03-29T11:44:12.874+0000] {logging_mixin.py:188} INFO - [2024-03-29T11:44:12.873+0000] {dagbag.py:540} INFO - Filling up the DagBag from /home/airflow/.local/lib/python3.8/site-packages/airflow/example_dags/example_short_circuit_decorator.py
[2024-03-29T11:44:12.887+0000] {processor.py:840} INFO - DAG(s) 'example_short_circuit_decorator' retrieved from /home/airflow/.local/lib/python3.8/site-packages/airflow/example_dags/example_short_circuit_decorator.py
[2024-03-29T11:44:12.918+0000] {logging_mixin.py:188} INFO - [2024-03-29T11:44:12.918+0000] {dag.py:3047} INFO - Sync 1 DAGs
[2024-03-29T11:44:12.947+0000] {logging_mixin.py:188} INFO - [2024-03-29T11:44:12.947+0000] {dag.py:3834} INFO - Setting next_dagrun for example_short_circuit_decorator to 2024-03-28 00:00:00+00:00, run_after=2024-03-29 00:00:00+00:00
[2024-03-29T11:44:12.972+0000] {processor.py:183} INFO - Processing /home/airflow/.local/lib/python3.8/site-packages/airflow/example_dags/example_short_circuit_decorator.py took 0.104 seconds
[2024-03-29T11:44:43.534+0000] {processor.py:161} INFO - Started process (PID=544) to work on /home/airflow/.local/lib/python3.8/site-packages/airflow/example_dags/example_short_circuit_decorator.py
[2024-03-29T11:44:43.535+0000] {processor.py:830} INFO - Processing file /home/airflow/.local/lib/python3.8/site-packages/airflow/example_dags/example_short_circuit_decorator.py for tasks to queue
[2024-03-29T11:44:43.537+0000] {logging_mixin.py:188} INFO - [2024-03-29T11:44:43.536+0000] {dagbag.py:540} INFO - Filling up the DagBag from /home/airflow/.local/lib/python3.8/site-packages/airflow/example_dags/example_short_circuit_decorator.py
[2024-03-29T11:44:43.546+0000] {processor.py:840} INFO - DAG(s) 'example_short_circuit_decorator' retrieved from /home/airflow/.local/lib/python3.8/site-packages/airflow/example_dags/example_short_circuit_decorator.py
[2024-03-29T11:44:43.569+0000] {logging_mixin.py:188} INFO - [2024-03-29T11:44:43.569+0000] {dag.py:3047} INFO - Sync 1 DAGs
[2024-03-29T11:44:43.592+0000] {logging_mixin.py:188} INFO - [2024-03-29T11:44:43.592+0000] {dag.py:3834} INFO - Setting next_dagrun for example_short_circuit_decorator to 2024-03-28 00:00:00+00:00, run_after=2024-03-29 00:00:00+00:00
[2024-03-29T11:44:43.612+0000] {processor.py:183} INFO - Processing /home/airflow/.local/lib/python3.8/site-packages/airflow/example_dags/example_short_circuit_decorator.py took 0.080 seconds
[2024-03-29T11:45:13.916+0000] {processor.py:161} INFO - Started process (PID=600) to work on /home/airflow/.local/lib/python3.8/site-packages/airflow/example_dags/example_short_circuit_decorator.py
[2024-03-29T11:45:13.919+0000] {processor.py:830} INFO - Processing file /home/airflow/.local/lib/python3.8/site-packages/airflow/example_dags/example_short_circuit_decorator.py for tasks to queue
[2024-03-29T11:45:13.922+0000] {logging_mixin.py:188} INFO - [2024-03-29T11:45:13.921+0000] {dagbag.py:540} INFO - Filling up the DagBag from /home/airflow/.local/lib/python3.8/site-packages/airflow/example_dags/example_short_circuit_decorator.py
[2024-03-29T11:45:13.935+0000] {processor.py:840} INFO - DAG(s) 'example_short_circuit_decorator' retrieved from /home/airflow/.local/lib/python3.8/site-packages/airflow/example_dags/example_short_circuit_decorator.py
[2024-03-29T11:45:13.962+0000] {logging_mixin.py:188} INFO - [2024-03-29T11:45:13.961+0000] {dag.py:3047} INFO - Sync 1 DAGs
[2024-03-29T11:45:13.984+0000] {logging_mixin.py:188} INFO - [2024-03-29T11:45:13.984+0000] {dag.py:3834} INFO - Setting next_dagrun for example_short_circuit_decorator to 2024-03-28 00:00:00+00:00, run_after=2024-03-29 00:00:00+00:00
[2024-03-29T11:45:14.002+0000] {processor.py:183} INFO - Processing /home/airflow/.local/lib/python3.8/site-packages/airflow/example_dags/example_short_circuit_decorator.py took 0.091 seconds
[2024-03-29T11:45:44.579+0000] {processor.py:161} INFO - Started process (PID=656) to work on /home/airflow/.local/lib/python3.8/site-packages/airflow/example_dags/example_short_circuit_decorator.py
[2024-03-29T11:45:44.581+0000] {processor.py:830} INFO - Processing file /home/airflow/.local/lib/python3.8/site-packages/airflow/example_dags/example_short_circuit_decorator.py for tasks to queue
[2024-03-29T11:45:44.583+0000] {logging_mixin.py:188} INFO - [2024-03-29T11:45:44.582+0000] {dagbag.py:540} INFO - Filling up the DagBag from /home/airflow/.local/lib/python3.8/site-packages/airflow/example_dags/example_short_circuit_decorator.py
[2024-03-29T11:45:44.591+0000] {processor.py:840} INFO - DAG(s) 'example_short_circuit_decorator' retrieved from /home/airflow/.local/lib/python3.8/site-packages/airflow/example_dags/example_short_circuit_decorator.py
[2024-03-29T11:45:44.615+0000] {logging_mixin.py:188} INFO - [2024-03-29T11:45:44.614+0000] {dag.py:3047} INFO - Sync 1 DAGs
[2024-03-29T11:45:44.636+0000] {logging_mixin.py:188} INFO - [2024-03-29T11:45:44.635+0000] {dag.py:3834} INFO - Setting next_dagrun for example_short_circuit_decorator to 2024-03-28 00:00:00+00:00, run_after=2024-03-29 00:00:00+00:00
[2024-03-29T11:45:44.664+0000] {processor.py:183} INFO - Processing /home/airflow/.local/lib/python3.8/site-packages/airflow/example_dags/example_short_circuit_decorator.py took 0.088 seconds
[2024-03-29T11:46:14.913+0000] {processor.py:161} INFO - Started process (PID=712) to work on /home/airflow/.local/lib/python3.8/site-packages/airflow/example_dags/example_short_circuit_decorator.py
[2024-03-29T11:46:14.916+0000] {processor.py:830} INFO - Processing file /home/airflow/.local/lib/python3.8/site-packages/airflow/example_dags/example_short_circuit_decorator.py for tasks to queue
[2024-03-29T11:46:14.926+0000] {logging_mixin.py:188} INFO - [2024-03-29T11:46:14.925+0000] {dagbag.py:540} INFO - Filling up the DagBag from /home/airflow/.local/lib/python3.8/site-packages/airflow/example_dags/example_short_circuit_decorator.py
[2024-03-29T11:46:14.956+0000] {processor.py:840} INFO - DAG(s) 'example_short_circuit_decorator' retrieved from /home/airflow/.local/lib/python3.8/site-packages/airflow/example_dags/example_short_circuit_decorator.py
[2024-03-29T11:46:15.008+0000] {logging_mixin.py:188} INFO - [2024-03-29T11:46:15.007+0000] {dag.py:3047} INFO - Sync 1 DAGs
[2024-03-29T11:46:15.051+0000] {logging_mixin.py:188} INFO - [2024-03-29T11:46:15.050+0000] {dag.py:3834} INFO - Setting next_dagrun for example_short_circuit_decorator to 2024-03-28 00:00:00+00:00, run_after=2024-03-29 00:00:00+00:00
[2024-03-29T11:46:15.093+0000] {processor.py:183} INFO - Processing /home/airflow/.local/lib/python3.8/site-packages/airflow/example_dags/example_short_circuit_decorator.py took 0.193 seconds
[2024-03-29T11:46:45.222+0000] {processor.py:161} INFO - Started process (PID=768) to work on /home/airflow/.local/lib/python3.8/site-packages/airflow/example_dags/example_short_circuit_decorator.py
[2024-03-29T11:46:45.224+0000] {processor.py:830} INFO - Processing file /home/airflow/.local/lib/python3.8/site-packages/airflow/example_dags/example_short_circuit_decorator.py for tasks to queue
[2024-03-29T11:46:45.226+0000] {logging_mixin.py:188} INFO - [2024-03-29T11:46:45.226+0000] {dagbag.py:540} INFO - Filling up the DagBag from /home/airflow/.local/lib/python3.8/site-packages/airflow/example_dags/example_short_circuit_decorator.py
[2024-03-29T11:46:45.236+0000] {processor.py:840} INFO - DAG(s) 'example_short_circuit_decorator' retrieved from /home/airflow/.local/lib/python3.8/site-packages/airflow/example_dags/example_short_circuit_decorator.py
[2024-03-29T11:46:45.266+0000] {logging_mixin.py:188} INFO - [2024-03-29T11:46:45.266+0000] {dag.py:3047} INFO - Sync 1 DAGs
[2024-03-29T11:46:45.301+0000] {logging_mixin.py:188} INFO - [2024-03-29T11:46:45.301+0000] {dag.py:3834} INFO - Setting next_dagrun for example_short_circuit_decorator to 2024-03-28 00:00:00+00:00, run_after=2024-03-29 00:00:00+00:00
[2024-03-29T11:46:45.320+0000] {processor.py:183} INFO - Processing /home/airflow/.local/lib/python3.8/site-packages/airflow/example_dags/example_short_circuit_decorator.py took 0.101 seconds
[2024-03-29T11:47:15.610+0000] {processor.py:161} INFO - Started process (PID=824) to work on /home/airflow/.local/lib/python3.8/site-packages/airflow/example_dags/example_short_circuit_decorator.py
[2024-03-29T11:47:15.611+0000] {processor.py:830} INFO - Processing file /home/airflow/.local/lib/python3.8/site-packages/airflow/example_dags/example_short_circuit_decorator.py for tasks to queue
[2024-03-29T11:47:15.612+0000] {logging_mixin.py:188} INFO - [2024-03-29T11:47:15.612+0000] {dagbag.py:540} INFO - Filling up the DagBag from /home/airflow/.local/lib/python3.8/site-packages/airflow/example_dags/example_short_circuit_decorator.py
[2024-03-29T11:47:15.623+0000] {processor.py:840} INFO - DAG(s) 'example_short_circuit_decorator' retrieved from /home/airflow/.local/lib/python3.8/site-packages/airflow/example_dags/example_short_circuit_decorator.py
[2024-03-29T11:47:15.647+0000] {logging_mixin.py:188} INFO - [2024-03-29T11:47:15.647+0000] {dag.py:3047} INFO - Sync 1 DAGs
[2024-03-29T11:47:15.669+0000] {logging_mixin.py:188} INFO - [2024-03-29T11:47:15.668+0000] {dag.py:3834} INFO - Setting next_dagrun for example_short_circuit_decorator to 2024-03-28 00:00:00+00:00, run_after=2024-03-29 00:00:00+00:00
[2024-03-29T11:47:15.686+0000] {processor.py:183} INFO - Processing /home/airflow/.local/lib/python3.8/site-packages/airflow/example_dags/example_short_circuit_decorator.py took 0.079 seconds
[2024-03-29T11:47:46.422+0000] {processor.py:161} INFO - Started process (PID=880) to work on /home/airflow/.local/lib/python3.8/site-packages/airflow/example_dags/example_short_circuit_decorator.py
[2024-03-29T11:47:46.423+0000] {processor.py:830} INFO - Processing file /home/airflow/.local/lib/python3.8/site-packages/airflow/example_dags/example_short_circuit_decorator.py for tasks to queue
[2024-03-29T11:47:46.425+0000] {logging_mixin.py:188} INFO - [2024-03-29T11:47:46.424+0000] {dagbag.py:540} INFO - Filling up the DagBag from /home/airflow/.local/lib/python3.8/site-packages/airflow/example_dags/example_short_circuit_decorator.py
[2024-03-29T11:47:46.443+0000] {processor.py:840} INFO - DAG(s) 'example_short_circuit_decorator' retrieved from /home/airflow/.local/lib/python3.8/site-packages/airflow/example_dags/example_short_circuit_decorator.py
[2024-03-29T11:47:46.470+0000] {logging_mixin.py:188} INFO - [2024-03-29T11:47:46.469+0000] {dag.py:3047} INFO - Sync 1 DAGs
[2024-03-29T11:47:46.497+0000] {logging_mixin.py:188} INFO - [2024-03-29T11:47:46.497+0000] {dag.py:3834} INFO - Setting next_dagrun for example_short_circuit_decorator to 2024-03-28 00:00:00+00:00, run_after=2024-03-29 00:00:00+00:00
[2024-03-29T11:47:46.518+0000] {processor.py:183} INFO - Processing /home/airflow/.local/lib/python3.8/site-packages/airflow/example_dags/example_short_circuit_decorator.py took 0.099 seconds
[2024-03-29T11:48:17.728+0000] {processor.py:161} INFO - Started process (PID=936) to work on /home/airflow/.local/lib/python3.8/site-packages/airflow/example_dags/example_short_circuit_decorator.py
[2024-03-29T11:48:17.730+0000] {processor.py:830} INFO - Processing file /home/airflow/.local/lib/python3.8/site-packages/airflow/example_dags/example_short_circuit_decorator.py for tasks to queue
[2024-03-29T11:48:17.731+0000] {logging_mixin.py:188} INFO - [2024-03-29T11:48:17.731+0000] {dagbag.py:540} INFO - Filling up the DagBag from /home/airflow/.local/lib/python3.8/site-packages/airflow/example_dags/example_short_circuit_decorator.py
[2024-03-29T11:48:17.743+0000] {processor.py:840} INFO - DAG(s) 'example_short_circuit_decorator' retrieved from /home/airflow/.local/lib/python3.8/site-packages/airflow/example_dags/example_short_circuit_decorator.py
[2024-03-29T11:48:17.770+0000] {logging_mixin.py:188} INFO - [2024-03-29T11:48:17.769+0000] {dag.py:3047} INFO - Sync 1 DAGs
[2024-03-29T11:48:17.803+0000] {logging_mixin.py:188} INFO - [2024-03-29T11:48:17.803+0000] {dag.py:3834} INFO - Setting next_dagrun for example_short_circuit_decorator to 2024-03-28 00:00:00+00:00, run_after=2024-03-29 00:00:00+00:00
[2024-03-29T11:48:17.846+0000] {processor.py:183} INFO - Processing /home/airflow/.local/lib/python3.8/site-packages/airflow/example_dags/example_short_circuit_decorator.py took 0.122 seconds
[2024-03-29T11:48:48.301+0000] {processor.py:161} INFO - Started process (PID=991) to work on /home/airflow/.local/lib/python3.8/site-packages/airflow/example_dags/example_short_circuit_decorator.py
[2024-03-29T11:48:48.302+0000] {processor.py:830} INFO - Processing file /home/airflow/.local/lib/python3.8/site-packages/airflow/example_dags/example_short_circuit_decorator.py for tasks to queue
[2024-03-29T11:48:48.304+0000] {logging_mixin.py:188} INFO - [2024-03-29T11:48:48.304+0000] {dagbag.py:540} INFO - Filling up the DagBag from /home/airflow/.local/lib/python3.8/site-packages/airflow/example_dags/example_short_circuit_decorator.py
[2024-03-29T11:48:48.312+0000] {processor.py:840} INFO - DAG(s) 'example_short_circuit_decorator' retrieved from /home/airflow/.local/lib/python3.8/site-packages/airflow/example_dags/example_short_circuit_decorator.py
[2024-03-29T11:48:48.334+0000] {logging_mixin.py:188} INFO - [2024-03-29T11:48:48.334+0000] {dag.py:3047} INFO - Sync 1 DAGs
[2024-03-29T11:48:48.361+0000] {logging_mixin.py:188} INFO - [2024-03-29T11:48:48.360+0000] {dag.py:3834} INFO - Setting next_dagrun for example_short_circuit_decorator to 2024-03-28 00:00:00+00:00, run_after=2024-03-29 00:00:00+00:00
[2024-03-29T11:48:48.378+0000] {processor.py:183} INFO - Processing /home/airflow/.local/lib/python3.8/site-packages/airflow/example_dags/example_short_circuit_decorator.py took 0.079 seconds
[2024-03-29T11:49:18.481+0000] {processor.py:161} INFO - Started process (PID=1047) to work on /home/airflow/.local/lib/python3.8/site-packages/airflow/example_dags/example_short_circuit_decorator.py
[2024-03-29T11:49:18.482+0000] {processor.py:830} INFO - Processing file /home/airflow/.local/lib/python3.8/site-packages/airflow/example_dags/example_short_circuit_decorator.py for tasks to queue
[2024-03-29T11:49:18.484+0000] {logging_mixin.py:188} INFO - [2024-03-29T11:49:18.483+0000] {dagbag.py:540} INFO - Filling up the DagBag from /home/airflow/.local/lib/python3.8/site-packages/airflow/example_dags/example_short_circuit_decorator.py
[2024-03-29T11:49:18.495+0000] {processor.py:840} INFO - DAG(s) 'example_short_circuit_decorator' retrieved from /home/airflow/.local/lib/python3.8/site-packages/airflow/example_dags/example_short_circuit_decorator.py
[2024-03-29T11:49:18.530+0000] {logging_mixin.py:188} INFO - [2024-03-29T11:49:18.529+0000] {dag.py:3047} INFO - Sync 1 DAGs
[2024-03-29T11:49:18.554+0000] {logging_mixin.py:188} INFO - [2024-03-29T11:49:18.554+0000] {dag.py:3834} INFO - Setting next_dagrun for example_short_circuit_decorator to 2024-03-28 00:00:00+00:00, run_after=2024-03-29 00:00:00+00:00
[2024-03-29T11:49:18.583+0000] {processor.py:183} INFO - Processing /home/airflow/.local/lib/python3.8/site-packages/airflow/example_dags/example_short_circuit_decorator.py took 0.104 seconds
[2024-03-29T11:49:48.951+0000] {processor.py:161} INFO - Started process (PID=1102) to work on /home/airflow/.local/lib/python3.8/site-packages/airflow/example_dags/example_short_circuit_decorator.py
[2024-03-29T11:49:48.954+0000] {processor.py:830} INFO - Processing file /home/airflow/.local/lib/python3.8/site-packages/airflow/example_dags/example_short_circuit_decorator.py for tasks to queue
[2024-03-29T11:49:48.959+0000] {logging_mixin.py:188} INFO - [2024-03-29T11:49:48.958+0000] {dagbag.py:540} INFO - Filling up the DagBag from /home/airflow/.local/lib/python3.8/site-packages/airflow/example_dags/example_short_circuit_decorator.py
[2024-03-29T11:49:48.972+0000] {processor.py:840} INFO - DAG(s) 'example_short_circuit_decorator' retrieved from /home/airflow/.local/lib/python3.8/site-packages/airflow/example_dags/example_short_circuit_decorator.py
[2024-03-29T11:49:49.032+0000] {logging_mixin.py:188} INFO - [2024-03-29T11:49:49.031+0000] {dag.py:3047} INFO - Sync 1 DAGs
[2024-03-29T11:49:49.061+0000] {logging_mixin.py:188} INFO - [2024-03-29T11:49:49.061+0000] {dag.py:3834} INFO - Setting next_dagrun for example_short_circuit_decorator to 2024-03-28 00:00:00+00:00, run_after=2024-03-29 00:00:00+00:00
[2024-03-29T11:49:49.085+0000] {processor.py:183} INFO - Processing /home/airflow/.local/lib/python3.8/site-packages/airflow/example_dags/example_short_circuit_decorator.py took 0.152 seconds
[2024-03-29T11:50:19.230+0000] {processor.py:161} INFO - Started process (PID=1157) to work on /home/airflow/.local/lib/python3.8/site-packages/airflow/example_dags/example_short_circuit_decorator.py
[2024-03-29T11:50:19.231+0000] {processor.py:830} INFO - Processing file /home/airflow/.local/lib/python3.8/site-packages/airflow/example_dags/example_short_circuit_decorator.py for tasks to queue
[2024-03-29T11:50:19.234+0000] {logging_mixin.py:188} INFO - [2024-03-29T11:50:19.233+0000] {dagbag.py:540} INFO - Filling up the DagBag from /home/airflow/.local/lib/python3.8/site-packages/airflow/example_dags/example_short_circuit_decorator.py
[2024-03-29T11:50:19.246+0000] {processor.py:840} INFO - DAG(s) 'example_short_circuit_decorator' retrieved from /home/airflow/.local/lib/python3.8/site-packages/airflow/example_dags/example_short_circuit_decorator.py
[2024-03-29T11:50:19.300+0000] {logging_mixin.py:188} INFO - [2024-03-29T11:50:19.300+0000] {dag.py:3047} INFO - Sync 1 DAGs
[2024-03-29T11:50:19.482+0000] {logging_mixin.py:188} INFO - [2024-03-29T11:50:19.482+0000] {dag.py:3834} INFO - Setting next_dagrun for example_short_circuit_decorator to 2024-03-28 00:00:00+00:00, run_after=2024-03-29 00:00:00+00:00
[2024-03-29T11:50:19.527+0000] {processor.py:183} INFO - Processing /home/airflow/.local/lib/python3.8/site-packages/airflow/example_dags/example_short_circuit_decorator.py took 0.300 seconds
[2024-03-29T11:50:49.984+0000] {processor.py:161} INFO - Started process (PID=1219) to work on /home/airflow/.local/lib/python3.8/site-packages/airflow/example_dags/example_short_circuit_decorator.py
[2024-03-29T11:50:49.985+0000] {processor.py:830} INFO - Processing file /home/airflow/.local/lib/python3.8/site-packages/airflow/example_dags/example_short_circuit_decorator.py for tasks to queue
[2024-03-29T11:50:49.990+0000] {logging_mixin.py:188} INFO - [2024-03-29T11:50:49.989+0000] {dagbag.py:540} INFO - Filling up the DagBag from /home/airflow/.local/lib/python3.8/site-packages/airflow/example_dags/example_short_circuit_decorator.py
[2024-03-29T11:50:50.014+0000] {processor.py:840} INFO - DAG(s) 'example_short_circuit_decorator' retrieved from /home/airflow/.local/lib/python3.8/site-packages/airflow/example_dags/example_short_circuit_decorator.py
[2024-03-29T11:50:50.060+0000] {logging_mixin.py:188} INFO - [2024-03-29T11:50:50.060+0000] {dag.py:3047} INFO - Sync 1 DAGs
[2024-03-29T11:50:50.087+0000] {logging_mixin.py:188} INFO - [2024-03-29T11:50:50.086+0000] {dag.py:3834} INFO - Setting next_dagrun for example_short_circuit_decorator to 2024-03-28 00:00:00+00:00, run_after=2024-03-29 00:00:00+00:00
[2024-03-29T11:50:50.113+0000] {processor.py:183} INFO - Processing /home/airflow/.local/lib/python3.8/site-packages/airflow/example_dags/example_short_circuit_decorator.py took 0.132 seconds
[2024-03-29T11:51:20.969+0000] {processor.py:161} INFO - Started process (PID=1275) to work on /home/airflow/.local/lib/python3.8/site-packages/airflow/example_dags/example_short_circuit_decorator.py
[2024-03-29T11:51:20.971+0000] {processor.py:830} INFO - Processing file /home/airflow/.local/lib/python3.8/site-packages/airflow/example_dags/example_short_circuit_decorator.py for tasks to queue
[2024-03-29T11:51:20.976+0000] {logging_mixin.py:188} INFO - [2024-03-29T11:51:20.976+0000] {dagbag.py:540} INFO - Filling up the DagBag from /home/airflow/.local/lib/python3.8/site-packages/airflow/example_dags/example_short_circuit_decorator.py
[2024-03-29T11:51:20.988+0000] {processor.py:840} INFO - DAG(s) 'example_short_circuit_decorator' retrieved from /home/airflow/.local/lib/python3.8/site-packages/airflow/example_dags/example_short_circuit_decorator.py
[2024-03-29T11:51:21.018+0000] {logging_mixin.py:188} INFO - [2024-03-29T11:51:21.017+0000] {dag.py:3047} INFO - Sync 1 DAGs
[2024-03-29T11:51:21.047+0000] {logging_mixin.py:188} INFO - [2024-03-29T11:51:21.047+0000] {dag.py:3834} INFO - Setting next_dagrun for example_short_circuit_decorator to 2024-03-28 00:00:00+00:00, run_after=2024-03-29 00:00:00+00:00
[2024-03-29T11:51:21.076+0000] {processor.py:183} INFO - Processing /home/airflow/.local/lib/python3.8/site-packages/airflow/example_dags/example_short_circuit_decorator.py took 0.109 seconds
[2024-03-29T11:51:51.491+0000] {processor.py:161} INFO - Started process (PID=1331) to work on /home/airflow/.local/lib/python3.8/site-packages/airflow/example_dags/example_short_circuit_decorator.py
[2024-03-29T11:51:51.496+0000] {processor.py:830} INFO - Processing file /home/airflow/.local/lib/python3.8/site-packages/airflow/example_dags/example_short_circuit_decorator.py for tasks to queue
[2024-03-29T11:51:51.498+0000] {logging_mixin.py:188} INFO - [2024-03-29T11:51:51.498+0000] {dagbag.py:540} INFO - Filling up the DagBag from /home/airflow/.local/lib/python3.8/site-packages/airflow/example_dags/example_short_circuit_decorator.py
[2024-03-29T11:51:51.513+0000] {processor.py:840} INFO - DAG(s) 'example_short_circuit_decorator' retrieved from /home/airflow/.local/lib/python3.8/site-packages/airflow/example_dags/example_short_circuit_decorator.py
[2024-03-29T11:51:51.563+0000] {logging_mixin.py:188} INFO - [2024-03-29T11:51:51.562+0000] {dag.py:3047} INFO - Sync 1 DAGs
[2024-03-29T11:51:51.596+0000] {logging_mixin.py:188} INFO - [2024-03-29T11:51:51.596+0000] {dag.py:3834} INFO - Setting next_dagrun for example_short_circuit_decorator to 2024-03-28 00:00:00+00:00, run_after=2024-03-29 00:00:00+00:00
[2024-03-29T11:51:51.628+0000] {processor.py:183} INFO - Processing /home/airflow/.local/lib/python3.8/site-packages/airflow/example_dags/example_short_circuit_decorator.py took 0.142 seconds
[2024-03-29T11:52:22.551+0000] {processor.py:161} INFO - Started process (PID=1388) to work on /home/airflow/.local/lib/python3.8/site-packages/airflow/example_dags/example_short_circuit_decorator.py
[2024-03-29T11:52:22.553+0000] {processor.py:830} INFO - Processing file /home/airflow/.local/lib/python3.8/site-packages/airflow/example_dags/example_short_circuit_decorator.py for tasks to queue
[2024-03-29T11:52:22.556+0000] {logging_mixin.py:188} INFO - [2024-03-29T11:52:22.555+0000] {dagbag.py:540} INFO - Filling up the DagBag from /home/airflow/.local/lib/python3.8/site-packages/airflow/example_dags/example_short_circuit_decorator.py
[2024-03-29T11:52:22.571+0000] {processor.py:840} INFO - DAG(s) 'example_short_circuit_decorator' retrieved from /home/airflow/.local/lib/python3.8/site-packages/airflow/example_dags/example_short_circuit_decorator.py
[2024-03-29T11:52:22.612+0000] {logging_mixin.py:188} INFO - [2024-03-29T11:52:22.612+0000] {dag.py:3047} INFO - Sync 1 DAGs
[2024-03-29T11:52:22.665+0000] {logging_mixin.py:188} INFO - [2024-03-29T11:52:22.665+0000] {dag.py:3834} INFO - Setting next_dagrun for example_short_circuit_decorator to 2024-03-28 00:00:00+00:00, run_after=2024-03-29 00:00:00+00:00
[2024-03-29T11:52:22.705+0000] {processor.py:183} INFO - Processing /home/airflow/.local/lib/python3.8/site-packages/airflow/example_dags/example_short_circuit_decorator.py took 0.157 seconds
[2024-03-29T11:52:53.329+0000] {processor.py:161} INFO - Started process (PID=1444) to work on /home/airflow/.local/lib/python3.8/site-packages/airflow/example_dags/example_short_circuit_decorator.py
[2024-03-29T11:52:53.331+0000] {processor.py:830} INFO - Processing file /home/airflow/.local/lib/python3.8/site-packages/airflow/example_dags/example_short_circuit_decorator.py for tasks to queue
[2024-03-29T11:52:53.342+0000] {logging_mixin.py:188} INFO - [2024-03-29T11:52:53.340+0000] {dagbag.py:540} INFO - Filling up the DagBag from /home/airflow/.local/lib/python3.8/site-packages/airflow/example_dags/example_short_circuit_decorator.py
[2024-03-29T11:52:53.370+0000] {processor.py:840} INFO - DAG(s) 'example_short_circuit_decorator' retrieved from /home/airflow/.local/lib/python3.8/site-packages/airflow/example_dags/example_short_circuit_decorator.py
[2024-03-29T11:52:53.431+0000] {logging_mixin.py:188} INFO - [2024-03-29T11:52:53.427+0000] {dag.py:3047} INFO - Sync 1 DAGs
[2024-03-29T11:52:53.491+0000] {logging_mixin.py:188} INFO - [2024-03-29T11:52:53.490+0000] {dag.py:3834} INFO - Setting next_dagrun for example_short_circuit_decorator to 2024-03-28 00:00:00+00:00, run_after=2024-03-29 00:00:00+00:00
[2024-03-29T11:52:53.533+0000] {processor.py:183} INFO - Processing /home/airflow/.local/lib/python3.8/site-packages/airflow/example_dags/example_short_circuit_decorator.py took 0.208 seconds
[2024-03-29T11:53:24.522+0000] {processor.py:161} INFO - Started process (PID=1501) to work on /home/airflow/.local/lib/python3.8/site-packages/airflow/example_dags/example_short_circuit_decorator.py
[2024-03-29T11:53:24.523+0000] {processor.py:830} INFO - Processing file /home/airflow/.local/lib/python3.8/site-packages/airflow/example_dags/example_short_circuit_decorator.py for tasks to queue
[2024-03-29T11:53:24.525+0000] {logging_mixin.py:188} INFO - [2024-03-29T11:53:24.524+0000] {dagbag.py:540} INFO - Filling up the DagBag from /home/airflow/.local/lib/python3.8/site-packages/airflow/example_dags/example_short_circuit_decorator.py
[2024-03-29T11:53:24.534+0000] {processor.py:840} INFO - DAG(s) 'example_short_circuit_decorator' retrieved from /home/airflow/.local/lib/python3.8/site-packages/airflow/example_dags/example_short_circuit_decorator.py
[2024-03-29T11:53:24.649+0000] {logging_mixin.py:188} INFO - [2024-03-29T11:53:24.649+0000] {dag.py:3047} INFO - Sync 1 DAGs
[2024-03-29T11:53:24.691+0000] {logging_mixin.py:188} INFO - [2024-03-29T11:53:24.691+0000] {dag.py:3834} INFO - Setting next_dagrun for example_short_circuit_decorator to 2024-03-28 00:00:00+00:00, run_after=2024-03-29 00:00:00+00:00
[2024-03-29T11:53:24.749+0000] {processor.py:183} INFO - Processing /home/airflow/.local/lib/python3.8/site-packages/airflow/example_dags/example_short_circuit_decorator.py took 0.232 seconds
[2024-03-29T11:53:55.647+0000] {processor.py:161} INFO - Started process (PID=1557) to work on /home/airflow/.local/lib/python3.8/site-packages/airflow/example_dags/example_short_circuit_decorator.py
[2024-03-29T11:53:55.648+0000] {processor.py:830} INFO - Processing file /home/airflow/.local/lib/python3.8/site-packages/airflow/example_dags/example_short_circuit_decorator.py for tasks to queue
[2024-03-29T11:53:55.650+0000] {logging_mixin.py:188} INFO - [2024-03-29T11:53:55.650+0000] {dagbag.py:540} INFO - Filling up the DagBag from /home/airflow/.local/lib/python3.8/site-packages/airflow/example_dags/example_short_circuit_decorator.py
[2024-03-29T11:53:55.664+0000] {processor.py:840} INFO - DAG(s) 'example_short_circuit_decorator' retrieved from /home/airflow/.local/lib/python3.8/site-packages/airflow/example_dags/example_short_circuit_decorator.py
[2024-03-29T11:53:55.689+0000] {logging_mixin.py:188} INFO - [2024-03-29T11:53:55.688+0000] {dag.py:3047} INFO - Sync 1 DAGs
[2024-03-29T11:53:55.711+0000] {logging_mixin.py:188} INFO - [2024-03-29T11:53:55.711+0000] {dag.py:3834} INFO - Setting next_dagrun for example_short_circuit_decorator to 2024-03-28 00:00:00+00:00, run_after=2024-03-29 00:00:00+00:00
[2024-03-29T11:53:55.750+0000] {processor.py:183} INFO - Processing /home/airflow/.local/lib/python3.8/site-packages/airflow/example_dags/example_short_circuit_decorator.py took 0.106 seconds
[2024-03-29T11:54:26.507+0000] {processor.py:161} INFO - Started process (PID=1613) to work on /home/airflow/.local/lib/python3.8/site-packages/airflow/example_dags/example_short_circuit_decorator.py
[2024-03-29T11:54:26.508+0000] {processor.py:830} INFO - Processing file /home/airflow/.local/lib/python3.8/site-packages/airflow/example_dags/example_short_circuit_decorator.py for tasks to queue
[2024-03-29T11:54:26.510+0000] {logging_mixin.py:188} INFO - [2024-03-29T11:54:26.509+0000] {dagbag.py:540} INFO - Filling up the DagBag from /home/airflow/.local/lib/python3.8/site-packages/airflow/example_dags/example_short_circuit_decorator.py
[2024-03-29T11:54:26.520+0000] {processor.py:840} INFO - DAG(s) 'example_short_circuit_decorator' retrieved from /home/airflow/.local/lib/python3.8/site-packages/airflow/example_dags/example_short_circuit_decorator.py
[2024-03-29T11:54:26.551+0000] {logging_mixin.py:188} INFO - [2024-03-29T11:54:26.550+0000] {dag.py:3047} INFO - Sync 1 DAGs
[2024-03-29T11:54:26.578+0000] {logging_mixin.py:188} INFO - [2024-03-29T11:54:26.578+0000] {dag.py:3834} INFO - Setting next_dagrun for example_short_circuit_decorator to 2024-03-28 00:00:00+00:00, run_after=2024-03-29 00:00:00+00:00
[2024-03-29T11:54:26.596+0000] {processor.py:183} INFO - Processing /home/airflow/.local/lib/python3.8/site-packages/airflow/example_dags/example_short_circuit_decorator.py took 0.092 seconds
[2024-03-29T11:54:57.161+0000] {processor.py:161} INFO - Started process (PID=1669) to work on /home/airflow/.local/lib/python3.8/site-packages/airflow/example_dags/example_short_circuit_decorator.py
[2024-03-29T11:54:57.162+0000] {processor.py:830} INFO - Processing file /home/airflow/.local/lib/python3.8/site-packages/airflow/example_dags/example_short_circuit_decorator.py for tasks to queue
[2024-03-29T11:54:57.164+0000] {logging_mixin.py:188} INFO - [2024-03-29T11:54:57.164+0000] {dagbag.py:540} INFO - Filling up the DagBag from /home/airflow/.local/lib/python3.8/site-packages/airflow/example_dags/example_short_circuit_decorator.py
[2024-03-29T11:54:57.173+0000] {processor.py:840} INFO - DAG(s) 'example_short_circuit_decorator' retrieved from /home/airflow/.local/lib/python3.8/site-packages/airflow/example_dags/example_short_circuit_decorator.py
[2024-03-29T11:54:57.199+0000] {logging_mixin.py:188} INFO - [2024-03-29T11:54:57.199+0000] {dag.py:3047} INFO - Sync 1 DAGs
[2024-03-29T11:54:57.233+0000] {logging_mixin.py:188} INFO - [2024-03-29T11:54:57.233+0000] {dag.py:3834} INFO - Setting next_dagrun for example_short_circuit_decorator to 2024-03-28 00:00:00+00:00, run_after=2024-03-29 00:00:00+00:00
[2024-03-29T11:54:57.261+0000] {processor.py:183} INFO - Processing /home/airflow/.local/lib/python3.8/site-packages/airflow/example_dags/example_short_circuit_decorator.py took 0.103 seconds
[2024-03-29T11:55:27.911+0000] {processor.py:161} INFO - Started process (PID=1726) to work on /home/airflow/.local/lib/python3.8/site-packages/airflow/example_dags/example_short_circuit_decorator.py
[2024-03-29T11:55:27.912+0000] {processor.py:830} INFO - Processing file /home/airflow/.local/lib/python3.8/site-packages/airflow/example_dags/example_short_circuit_decorator.py for tasks to queue
[2024-03-29T11:55:27.914+0000] {logging_mixin.py:188} INFO - [2024-03-29T11:55:27.914+0000] {dagbag.py:540} INFO - Filling up the DagBag from /home/airflow/.local/lib/python3.8/site-packages/airflow/example_dags/example_short_circuit_decorator.py
[2024-03-29T11:55:27.927+0000] {processor.py:840} INFO - DAG(s) 'example_short_circuit_decorator' retrieved from /home/airflow/.local/lib/python3.8/site-packages/airflow/example_dags/example_short_circuit_decorator.py
[2024-03-29T11:55:27.958+0000] {logging_mixin.py:188} INFO - [2024-03-29T11:55:27.958+0000] {dag.py:3047} INFO - Sync 1 DAGs
[2024-03-29T11:55:27.995+0000] {logging_mixin.py:188} INFO - [2024-03-29T11:55:27.994+0000] {dag.py:3834} INFO - Setting next_dagrun for example_short_circuit_decorator to 2024-03-28 00:00:00+00:00, run_after=2024-03-29 00:00:00+00:00
[2024-03-29T11:55:28.041+0000] {processor.py:183} INFO - Processing /home/airflow/.local/lib/python3.8/site-packages/airflow/example_dags/example_short_circuit_decorator.py took 0.134 seconds
[2024-03-29T11:55:58.597+0000] {processor.py:161} INFO - Started process (PID=1781) to work on /home/airflow/.local/lib/python3.8/site-packages/airflow/example_dags/example_short_circuit_decorator.py
[2024-03-29T11:55:58.598+0000] {processor.py:830} INFO - Processing file /home/airflow/.local/lib/python3.8/site-packages/airflow/example_dags/example_short_circuit_decorator.py for tasks to queue
[2024-03-29T11:55:58.605+0000] {logging_mixin.py:188} INFO - [2024-03-29T11:55:58.605+0000] {dagbag.py:540} INFO - Filling up the DagBag from /home/airflow/.local/lib/python3.8/site-packages/airflow/example_dags/example_short_circuit_decorator.py
[2024-03-29T11:55:58.614+0000] {processor.py:840} INFO - DAG(s) 'example_short_circuit_decorator' retrieved from /home/airflow/.local/lib/python3.8/site-packages/airflow/example_dags/example_short_circuit_decorator.py
[2024-03-29T11:55:58.643+0000] {logging_mixin.py:188} INFO - [2024-03-29T11:55:58.643+0000] {dag.py:3047} INFO - Sync 1 DAGs
[2024-03-29T11:55:58.664+0000] {logging_mixin.py:188} INFO - [2024-03-29T11:55:58.664+0000] {dag.py:3834} INFO - Setting next_dagrun for example_short_circuit_decorator to 2024-03-28 00:00:00+00:00, run_after=2024-03-29 00:00:00+00:00
[2024-03-29T11:55:58.686+0000] {processor.py:183} INFO - Processing /home/airflow/.local/lib/python3.8/site-packages/airflow/example_dags/example_short_circuit_decorator.py took 0.092 seconds
[2024-03-29T11:56:28.892+0000] {processor.py:161} INFO - Started process (PID=1838) to work on /home/airflow/.local/lib/python3.8/site-packages/airflow/example_dags/example_short_circuit_decorator.py
[2024-03-29T11:56:28.894+0000] {processor.py:830} INFO - Processing file /home/airflow/.local/lib/python3.8/site-packages/airflow/example_dags/example_short_circuit_decorator.py for tasks to queue
[2024-03-29T11:56:28.896+0000] {logging_mixin.py:188} INFO - [2024-03-29T11:56:28.895+0000] {dagbag.py:540} INFO - Filling up the DagBag from /home/airflow/.local/lib/python3.8/site-packages/airflow/example_dags/example_short_circuit_decorator.py
[2024-03-29T11:56:28.905+0000] {processor.py:840} INFO - DAG(s) 'example_short_circuit_decorator' retrieved from /home/airflow/.local/lib/python3.8/site-packages/airflow/example_dags/example_short_circuit_decorator.py
[2024-03-29T11:56:28.927+0000] {logging_mixin.py:188} INFO - [2024-03-29T11:56:28.927+0000] {dag.py:3047} INFO - Sync 1 DAGs
[2024-03-29T11:56:28.953+0000] {logging_mixin.py:188} INFO - [2024-03-29T11:56:28.953+0000] {dag.py:3834} INFO - Setting next_dagrun for example_short_circuit_decorator to 2024-03-28 00:00:00+00:00, run_after=2024-03-29 00:00:00+00:00
[2024-03-29T11:56:28.972+0000] {processor.py:183} INFO - Processing /home/airflow/.local/lib/python3.8/site-packages/airflow/example_dags/example_short_circuit_decorator.py took 0.083 seconds
[2024-03-29T11:56:59.360+0000] {processor.py:161} INFO - Started process (PID=1895) to work on /home/airflow/.local/lib/python3.8/site-packages/airflow/example_dags/example_short_circuit_decorator.py
[2024-03-29T11:56:59.361+0000] {processor.py:830} INFO - Processing file /home/airflow/.local/lib/python3.8/site-packages/airflow/example_dags/example_short_circuit_decorator.py for tasks to queue
[2024-03-29T11:56:59.362+0000] {logging_mixin.py:188} INFO - [2024-03-29T11:56:59.362+0000] {dagbag.py:540} INFO - Filling up the DagBag from /home/airflow/.local/lib/python3.8/site-packages/airflow/example_dags/example_short_circuit_decorator.py
[2024-03-29T11:56:59.374+0000] {processor.py:840} INFO - DAG(s) 'example_short_circuit_decorator' retrieved from /home/airflow/.local/lib/python3.8/site-packages/airflow/example_dags/example_short_circuit_decorator.py
[2024-03-29T11:56:59.404+0000] {logging_mixin.py:188} INFO - [2024-03-29T11:56:59.404+0000] {dag.py:3047} INFO - Sync 1 DAGs
[2024-03-29T11:56:59.440+0000] {logging_mixin.py:188} INFO - [2024-03-29T11:56:59.440+0000] {dag.py:3834} INFO - Setting next_dagrun for example_short_circuit_decorator to 2024-03-28 00:00:00+00:00, run_after=2024-03-29 00:00:00+00:00
[2024-03-29T11:56:59.675+0000] {processor.py:183} INFO - Processing /home/airflow/.local/lib/python3.8/site-packages/airflow/example_dags/example_short_circuit_decorator.py took 0.320 seconds
[2024-03-29T11:57:30.001+0000] {processor.py:161} INFO - Started process (PID=1951) to work on /home/airflow/.local/lib/python3.8/site-packages/airflow/example_dags/example_short_circuit_decorator.py
[2024-03-29T11:57:30.002+0000] {processor.py:830} INFO - Processing file /home/airflow/.local/lib/python3.8/site-packages/airflow/example_dags/example_short_circuit_decorator.py for tasks to queue
[2024-03-29T11:57:30.006+0000] {logging_mixin.py:188} INFO - [2024-03-29T11:57:30.006+0000] {dagbag.py:540} INFO - Filling up the DagBag from /home/airflow/.local/lib/python3.8/site-packages/airflow/example_dags/example_short_circuit_decorator.py
[2024-03-29T11:57:30.017+0000] {processor.py:840} INFO - DAG(s) 'example_short_circuit_decorator' retrieved from /home/airflow/.local/lib/python3.8/site-packages/airflow/example_dags/example_short_circuit_decorator.py
[2024-03-29T11:57:30.045+0000] {logging_mixin.py:188} INFO - [2024-03-29T11:57:30.044+0000] {dag.py:3047} INFO - Sync 1 DAGs
[2024-03-29T11:57:30.087+0000] {logging_mixin.py:188} INFO - [2024-03-29T11:57:30.087+0000] {dag.py:3834} INFO - Setting next_dagrun for example_short_circuit_decorator to 2024-03-28 00:00:00+00:00, run_after=2024-03-29 00:00:00+00:00
[2024-03-29T11:57:30.143+0000] {processor.py:183} INFO - Processing /home/airflow/.local/lib/python3.8/site-packages/airflow/example_dags/example_short_circuit_decorator.py took 0.147 seconds
[2024-03-29T11:58:00.390+0000] {processor.py:161} INFO - Started process (PID=2007) to work on /home/airflow/.local/lib/python3.8/site-packages/airflow/example_dags/example_short_circuit_decorator.py
[2024-03-29T11:58:00.391+0000] {processor.py:830} INFO - Processing file /home/airflow/.local/lib/python3.8/site-packages/airflow/example_dags/example_short_circuit_decorator.py for tasks to queue
[2024-03-29T11:58:00.393+0000] {logging_mixin.py:188} INFO - [2024-03-29T11:58:00.392+0000] {dagbag.py:540} INFO - Filling up the DagBag from /home/airflow/.local/lib/python3.8/site-packages/airflow/example_dags/example_short_circuit_decorator.py
[2024-03-29T11:58:00.402+0000] {processor.py:840} INFO - DAG(s) 'example_short_circuit_decorator' retrieved from /home/airflow/.local/lib/python3.8/site-packages/airflow/example_dags/example_short_circuit_decorator.py
[2024-03-29T11:58:00.424+0000] {logging_mixin.py:188} INFO - [2024-03-29T11:58:00.423+0000] {dag.py:3047} INFO - Sync 1 DAGs
[2024-03-29T11:58:00.446+0000] {logging_mixin.py:188} INFO - [2024-03-29T11:58:00.446+0000] {dag.py:3834} INFO - Setting next_dagrun for example_short_circuit_decorator to 2024-03-28 00:00:00+00:00, run_after=2024-03-29 00:00:00+00:00
[2024-03-29T11:58:00.471+0000] {processor.py:183} INFO - Processing /home/airflow/.local/lib/python3.8/site-packages/airflow/example_dags/example_short_circuit_decorator.py took 0.084 seconds
[2024-03-29T11:58:30.610+0000] {processor.py:161} INFO - Started process (PID=2062) to work on /home/airflow/.local/lib/python3.8/site-packages/airflow/example_dags/example_short_circuit_decorator.py
[2024-03-29T11:58:30.611+0000] {processor.py:830} INFO - Processing file /home/airflow/.local/lib/python3.8/site-packages/airflow/example_dags/example_short_circuit_decorator.py for tasks to queue
[2024-03-29T11:58:30.613+0000] {logging_mixin.py:188} INFO - [2024-03-29T11:58:30.612+0000] {dagbag.py:540} INFO - Filling up the DagBag from /home/airflow/.local/lib/python3.8/site-packages/airflow/example_dags/example_short_circuit_decorator.py
[2024-03-29T11:58:30.629+0000] {processor.py:840} INFO - DAG(s) 'example_short_circuit_decorator' retrieved from /home/airflow/.local/lib/python3.8/site-packages/airflow/example_dags/example_short_circuit_decorator.py
[2024-03-29T11:58:30.693+0000] {logging_mixin.py:188} INFO - [2024-03-29T11:58:30.693+0000] {dag.py:3047} INFO - Sync 1 DAGs
[2024-03-29T11:58:30.771+0000] {logging_mixin.py:188} INFO - [2024-03-29T11:58:30.770+0000] {dag.py:3834} INFO - Setting next_dagrun for example_short_circuit_decorator to 2024-03-28 00:00:00+00:00, run_after=2024-03-29 00:00:00+00:00
[2024-03-29T11:58:30.818+0000] {processor.py:183} INFO - Processing /home/airflow/.local/lib/python3.8/site-packages/airflow/example_dags/example_short_circuit_decorator.py took 0.213 seconds
[2024-03-29T11:59:01.513+0000] {processor.py:161} INFO - Started process (PID=2118) to work on /home/airflow/.local/lib/python3.8/site-packages/airflow/example_dags/example_short_circuit_decorator.py
[2024-03-29T11:59:01.515+0000] {processor.py:830} INFO - Processing file /home/airflow/.local/lib/python3.8/site-packages/airflow/example_dags/example_short_circuit_decorator.py for tasks to queue
[2024-03-29T11:59:01.516+0000] {logging_mixin.py:188} INFO - [2024-03-29T11:59:01.516+0000] {dagbag.py:540} INFO - Filling up the DagBag from /home/airflow/.local/lib/python3.8/site-packages/airflow/example_dags/example_short_circuit_decorator.py
[2024-03-29T11:59:01.526+0000] {processor.py:840} INFO - DAG(s) 'example_short_circuit_decorator' retrieved from /home/airflow/.local/lib/python3.8/site-packages/airflow/example_dags/example_short_circuit_decorator.py
[2024-03-29T11:59:01.565+0000] {logging_mixin.py:188} INFO - [2024-03-29T11:59:01.565+0000] {dag.py:3047} INFO - Sync 1 DAGs
[2024-03-29T11:59:01.604+0000] {logging_mixin.py:188} INFO - [2024-03-29T11:59:01.603+0000] {dag.py:3834} INFO - Setting next_dagrun for example_short_circuit_decorator to 2024-03-28 00:00:00+00:00, run_after=2024-03-29 00:00:00+00:00
[2024-03-29T11:59:01.661+0000] {processor.py:183} INFO - Processing /home/airflow/.local/lib/python3.8/site-packages/airflow/example_dags/example_short_circuit_decorator.py took 0.150 seconds
[2024-03-29T11:59:31.778+0000] {processor.py:161} INFO - Started process (PID=2174) to work on /home/airflow/.local/lib/python3.8/site-packages/airflow/example_dags/example_short_circuit_decorator.py
[2024-03-29T11:59:31.779+0000] {processor.py:830} INFO - Processing file /home/airflow/.local/lib/python3.8/site-packages/airflow/example_dags/example_short_circuit_decorator.py for tasks to queue
[2024-03-29T11:59:31.782+0000] {logging_mixin.py:188} INFO - [2024-03-29T11:59:31.781+0000] {dagbag.py:540} INFO - Filling up the DagBag from /home/airflow/.local/lib/python3.8/site-packages/airflow/example_dags/example_short_circuit_decorator.py
[2024-03-29T11:59:31.794+0000] {processor.py:840} INFO - DAG(s) 'example_short_circuit_decorator' retrieved from /home/airflow/.local/lib/python3.8/site-packages/airflow/example_dags/example_short_circuit_decorator.py
[2024-03-29T11:59:31.826+0000] {logging_mixin.py:188} INFO - [2024-03-29T11:59:31.826+0000] {dag.py:3047} INFO - Sync 1 DAGs
[2024-03-29T11:59:31.858+0000] {logging_mixin.py:188} INFO - [2024-03-29T11:59:31.858+0000] {dag.py:3834} INFO - Setting next_dagrun for example_short_circuit_decorator to 2024-03-28 00:00:00+00:00, run_after=2024-03-29 00:00:00+00:00
[2024-03-29T11:59:31.900+0000] {processor.py:183} INFO - Processing /home/airflow/.local/lib/python3.8/site-packages/airflow/example_dags/example_short_circuit_decorator.py took 0.125 seconds
