[2024-03-18T07:56:33.247+0000] {taskinstance.py:1979} INFO - Dependencies all met for dep_context=non-requeueable deps ti=<TaskInstance: two_separate_groups.local_to_gcs_2_task manual__2024-03-18T06:40:31.356042+00:00 [queued]>
[2024-03-18T07:56:33.395+0000] {taskinstance.py:1979} INFO - Dependencies all met for dep_context=requeueable deps ti=<TaskInstance: two_separate_groups.local_to_gcs_2_task manual__2024-03-18T06:40:31.356042+00:00 [queued]>
[2024-03-18T07:56:33.408+0000] {taskinstance.py:2193} INFO - Starting attempt 3 of 3
[2024-03-18T07:56:33.707+0000] {taskinstance.py:2214} INFO - Executing <Task(PythonOperator): local_to_gcs_2_task> on 2024-03-18 06:40:31.356042+00:00
[2024-03-18T07:56:33.780+0000] {standard_task_runner.py:60} INFO - Started process 1709 to run task
[2024-03-18T07:56:33.912+0000] {standard_task_runner.py:87} INFO - Running: ['***', 'tasks', 'run', 'two_separate_groups', 'local_to_gcs_2_task', 'manual__2024-03-18T06:40:31.356042+00:00', '--job-id', '270', '--raw', '--subdir', 'DAGS_FOLDER/ingest_data_to_gcs.py', '--cfg-path', '/tmp/tmpq0p42yx4']
[2024-03-18T07:56:33.938+0000] {standard_task_runner.py:88} INFO - Job 270: Subtask local_to_gcs_2_task
[2024-03-18T07:56:34.184+0000] {task_command.py:423} INFO - Running <TaskInstance: two_separate_groups.local_to_gcs_2_task manual__2024-03-18T06:40:31.356042+00:00 [running]> on host 9958f290dc4a
[2024-03-18T07:56:35.839+0000] {taskinstance.py:2510} INFO - Exporting env vars: AIRFLOW_CTX_DAG_OWNER='***' AIRFLOW_CTX_DAG_ID='two_separate_groups' AIRFLOW_CTX_TASK_ID='local_to_gcs_2_task' AIRFLOW_CTX_EXECUTION_DATE='2024-03-18T06:40:31.356042+00:00' AIRFLOW_CTX_TRY_NUMBER='3' AIRFLOW_CTX_DAG_RUN_ID='manual__2024-03-18T06:40:31.356042+00:00'
[2024-03-18T07:56:36.844+0000] {taskinstance.py:2728} ERROR - Task failed with exception
Traceback (most recent call last):
  File "/home/airflow/.local/lib/python3.8/site-packages/airflow/models/taskinstance.py", line 444, in _execute_task
    result = _execute_callable(context=context, **execute_callable_kwargs)
  File "/home/airflow/.local/lib/python3.8/site-packages/airflow/models/taskinstance.py", line 414, in _execute_callable
    return execute_callable(context=context, **execute_callable_kwargs)
  File "/home/airflow/.local/lib/python3.8/site-packages/airflow/operators/python.py", line 200, in execute
    return_value = self.execute_callable()
  File "/home/airflow/.local/lib/python3.8/site-packages/airflow/operators/python.py", line 217, in execute_callable
    return self.python_callable(*self.op_args, **self.op_kwargs)
  File "/opt/airflow/dags/ingest_data_to_gcs.py", line 59, in upload_to_gcs
    blob.upload_from_filename(local_file)
  File "/home/airflow/.local/lib/python3.8/site-packages/google/cloud/storage/blob.py", line 2929, in upload_from_filename
    self._handle_filename_and_upload(
  File "/home/airflow/.local/lib/python3.8/site-packages/google/cloud/storage/blob.py", line 2797, in _handle_filename_and_upload
    with open(filename, "rb") as file_obj:
FileNotFoundError: [Errno 2] No such file or directory: '/opt/airflow/chicago_crime_data_2.parquet'
[2024-03-18T07:56:36.902+0000] {taskinstance.py:1149} INFO - Marking task as FAILED. dag_id=two_separate_groups, task_id=local_to_gcs_2_task, execution_date=20240318T064031, start_date=20240318T075633, end_date=20240318T075636
[2024-03-18T07:56:37.070+0000] {standard_task_runner.py:107} ERROR - Failed to execute job 270 for task local_to_gcs_2_task ([Errno 2] No such file or directory: '/opt/airflow/chicago_crime_data_2.parquet'; 1709)
[2024-03-18T07:56:37.140+0000] {local_task_job_runner.py:234} INFO - Task exited with return code 1
[2024-03-18T07:56:37.354+0000] {taskinstance.py:3309} INFO - 0 downstream tasks scheduled from follow-on schedule check
