[2024-03-14T11:17:07.489+0000] {taskinstance.py:1979} INFO - Dependencies all met for dep_context=non-requeueable deps ti=<TaskInstance: two_separate_groups.delete_dataset_files_0_task manual__2024-03-14T11:11:16.722311+00:00 [queued]>
[2024-03-14T11:17:07.637+0000] {taskinstance.py:1979} INFO - Dependencies all met for dep_context=requeueable deps ti=<TaskInstance: two_separate_groups.delete_dataset_files_0_task manual__2024-03-14T11:11:16.722311+00:00 [queued]>
[2024-03-14T11:17:07.637+0000] {taskinstance.py:2193} INFO - Starting attempt 3 of 3
[2024-03-14T11:17:08.176+0000] {taskinstance.py:2214} INFO - Executing <Task(BashOperator): delete_dataset_files_0_task> on 2024-03-14 11:11:16.722311+00:00
[2024-03-14T11:17:08.236+0000] {standard_task_runner.py:60} INFO - Started process 924 to run task
[2024-03-14T11:17:08.264+0000] {standard_task_runner.py:87} INFO - Running: ['***', 'tasks', 'run', 'two_separate_groups', 'delete_dataset_files_0_task', 'manual__2024-03-14T11:11:16.722311+00:00', '--job-id', '181', '--raw', '--subdir', 'DAGS_FOLDER/create_dag.py', '--cfg-path', '/tmp/tmpede5g39d']
[2024-03-14T11:17:08.270+0000] {standard_task_runner.py:88} INFO - Job 181: Subtask delete_dataset_files_0_task
[2024-03-14T11:17:08.525+0000] {task_command.py:423} INFO - Running <TaskInstance: two_separate_groups.delete_dataset_files_0_task manual__2024-03-14T11:11:16.722311+00:00 [running]> on host 9958f290dc4a
[2024-03-14T11:17:08.756+0000] {taskinstance.py:2510} INFO - Exporting env vars: AIRFLOW_CTX_DAG_OWNER='***' AIRFLOW_CTX_DAG_ID='two_separate_groups' AIRFLOW_CTX_TASK_ID='delete_dataset_files_0_task' AIRFLOW_CTX_EXECUTION_DATE='2024-03-14T11:11:16.722311+00:00' AIRFLOW_CTX_TRY_NUMBER='3' AIRFLOW_CTX_DAG_RUN_ID='manual__2024-03-14T11:11:16.722311+00:00'
[2024-03-14T11:17:08.759+0000] {subprocess.py:63} INFO - Tmp dir root location: /tmp
[2024-03-14T11:17:08.760+0000] {subprocess.py:75} INFO - Running command: ['/usr/bin/bash', '-c', 'rm /opt/***/chicago_crime_data_0.csv             rm /opt/***/chicago_crime_data_0.parquet']
[2024-03-14T11:17:08.791+0000] {subprocess.py:86} INFO - Output:
[2024-03-14T11:17:08.811+0000] {subprocess.py:93} INFO - rm: cannot remove 'rm': No such file or directory
[2024-03-14T11:17:08.822+0000] {subprocess.py:97} INFO - Command exited with return code 1
[2024-03-14T11:17:08.846+0000] {taskinstance.py:2728} ERROR - Task failed with exception
Traceback (most recent call last):
  File "/home/airflow/.local/lib/python3.8/site-packages/airflow/models/taskinstance.py", line 444, in _execute_task
    result = _execute_callable(context=context, **execute_callable_kwargs)
  File "/home/airflow/.local/lib/python3.8/site-packages/airflow/models/taskinstance.py", line 414, in _execute_callable
    return execute_callable(context=context, **execute_callable_kwargs)
  File "/home/airflow/.local/lib/python3.8/site-packages/airflow/operators/bash.py", line 212, in execute
    raise AirflowException(
airflow.exceptions.AirflowException: Bash command failed. The command returned a non-zero exit code 1.
[2024-03-14T11:17:08.859+0000] {taskinstance.py:1149} INFO - Marking task as FAILED. dag_id=two_separate_groups, task_id=delete_dataset_files_0_task, execution_date=20240314T111116, start_date=20240314T111707, end_date=20240314T111708
[2024-03-14T11:17:08.976+0000] {standard_task_runner.py:107} ERROR - Failed to execute job 181 for task delete_dataset_files_0_task (Bash command failed. The command returned a non-zero exit code 1.; 924)
[2024-03-14T11:17:09.016+0000] {local_task_job_runner.py:234} INFO - Task exited with return code 1
[2024-03-14T11:17:09.060+0000] {taskinstance.py:3309} INFO - 0 downstream tasks scheduled from follow-on schedule check
