[2024-03-12T11:58:33.290+0000] {taskinstance.py:1979} INFO - Dependencies all met for dep_context=non-requeueable deps ti=<TaskInstance: two_separate_groups.wget_dataset_2 manual__2024-03-12T11:58:26.742535+00:00 [queued]>
[2024-03-12T11:58:33.324+0000] {taskinstance.py:1979} INFO - Dependencies all met for dep_context=requeueable deps ti=<TaskInstance: two_separate_groups.wget_dataset_2 manual__2024-03-12T11:58:26.742535+00:00 [queued]>
[2024-03-12T11:58:33.329+0000] {taskinstance.py:2193} INFO - Starting attempt 1 of 1
[2024-03-12T11:58:33.373+0000] {taskinstance.py:2214} INFO - Executing <Task(BashOperator): wget_dataset_2> on 2024-03-12 11:58:26.742535+00:00
[2024-03-12T11:58:33.386+0000] {standard_task_runner.py:60} INFO - Started process 1786 to run task
[2024-03-12T11:58:33.424+0000] {standard_task_runner.py:87} INFO - Running: ['***', 'tasks', 'run', 'two_separate_groups', 'wget_dataset_2', 'manual__2024-03-12T11:58:26.742535+00:00', '--job-id', '50', '--raw', '--subdir', 'DAGS_FOLDER/create_dag.py', '--cfg-path', '/tmp/tmpuphh4e3l']
[2024-03-12T11:58:33.434+0000] {standard_task_runner.py:88} INFO - Job 50: Subtask wget_dataset_2
[2024-03-12T11:58:33.660+0000] {task_command.py:423} INFO - Running <TaskInstance: two_separate_groups.wget_dataset_2 manual__2024-03-12T11:58:26.742535+00:00 [running]> on host 9958f290dc4a
[2024-03-12T11:58:33.850+0000] {taskinstance.py:2510} INFO - Exporting env vars: AIRFLOW_CTX_DAG_OWNER='***' AIRFLOW_CTX_DAG_ID='two_separate_groups' AIRFLOW_CTX_TASK_ID='wget_dataset_2' AIRFLOW_CTX_EXECUTION_DATE='2024-03-12T11:58:26.742535+00:00' AIRFLOW_CTX_TRY_NUMBER='1' AIRFLOW_CTX_DAG_RUN_ID='manual__2024-03-12T11:58:26.742535+00:00'
[2024-03-12T11:58:33.857+0000] {subprocess.py:63} INFO - Tmp dir root location: /tmp
[2024-03-12T11:58:33.867+0000] {subprocess.py:75} INFO - Running command: ['/usr/bin/bash', '-c', 'wget -O /opt/***/chicago_crime_data/data.csv https://data.cityofchicago.org/resource/3i3m-jwuy.csv?\\$limit=300000']
[2024-03-12T11:58:33.895+0000] {subprocess.py:86} INFO - Output:
[2024-03-12T11:58:33.918+0000] {subprocess.py:93} INFO - /opt/***/chicago_crime_data/data.csv: No such file or directory
[2024-03-12T11:58:33.921+0000] {subprocess.py:97} INFO - Command exited with return code 1
[2024-03-12T11:58:33.949+0000] {taskinstance.py:2728} ERROR - Task failed with exception
Traceback (most recent call last):
  File "/home/airflow/.local/lib/python3.8/site-packages/airflow/models/taskinstance.py", line 444, in _execute_task
    result = _execute_callable(context=context, **execute_callable_kwargs)
  File "/home/airflow/.local/lib/python3.8/site-packages/airflow/models/taskinstance.py", line 414, in _execute_callable
    return execute_callable(context=context, **execute_callable_kwargs)
  File "/home/airflow/.local/lib/python3.8/site-packages/airflow/operators/bash.py", line 212, in execute
    raise AirflowException(
airflow.exceptions.AirflowException: Bash command failed. The command returned a non-zero exit code 1.
[2024-03-12T11:58:33.959+0000] {taskinstance.py:1149} INFO - Marking task as FAILED. dag_id=two_separate_groups, task_id=wget_dataset_2, execution_date=20240312T115826, start_date=20240312T115833, end_date=20240312T115833
[2024-03-12T11:58:34.019+0000] {standard_task_runner.py:107} ERROR - Failed to execute job 50 for task wget_dataset_2 (Bash command failed. The command returned a non-zero exit code 1.; 1786)
[2024-03-12T11:58:34.054+0000] {local_task_job_runner.py:234} INFO - Task exited with return code 1
[2024-03-12T11:58:34.128+0000] {taskinstance.py:3309} INFO - 0 downstream tasks scheduled from follow-on schedule check
