[2024-03-31T06:13:09.196+0000] {taskinstance.py:1979} INFO - Dependencies all met for dep_context=non-requeueable deps ti=<TaskInstance: ingesting_data_bq.download_dataset_1_task scheduled__2024-03-30T00:00:00+00:00 [queued]>
[2024-03-31T06:13:09.214+0000] {taskinstance.py:1979} INFO - Dependencies all met for dep_context=requeueable deps ti=<TaskInstance: ingesting_data_bq.download_dataset_1_task scheduled__2024-03-30T00:00:00+00:00 [queued]>
[2024-03-31T06:13:09.215+0000] {taskinstance.py:2193} INFO - Starting attempt 1 of 1
[2024-03-31T06:13:09.236+0000] {taskinstance.py:2214} INFO - Executing <Task(BashOperator): download_dataset_1_task> on 2024-03-30 00:00:00+00:00
[2024-03-31T06:13:09.245+0000] {standard_task_runner.py:60} INFO - Started process 376 to run task
[2024-03-31T06:13:09.247+0000] {standard_task_runner.py:87} INFO - Running: ['***', 'tasks', 'run', 'ingesting_data_bq', 'download_dataset_1_task', 'scheduled__2024-03-30T00:00:00+00:00', '--job-id', '570', '--raw', '--subdir', 'DAGS_FOLDER/ingest_data_to_gcs.py', '--cfg-path', '/tmp/tmpn7i9kjfi']
[2024-03-31T06:13:09.249+0000] {standard_task_runner.py:88} INFO - Job 570: Subtask download_dataset_1_task
[2024-03-31T06:13:09.328+0000] {task_command.py:423} INFO - Running <TaskInstance: ingesting_data_bq.download_dataset_1_task scheduled__2024-03-30T00:00:00+00:00 [running]> on host 0f6b1d3e95d8
[2024-03-31T06:13:09.440+0000] {taskinstance.py:2510} INFO - Exporting env vars: AIRFLOW_CTX_DAG_OWNER='***' AIRFLOW_CTX_DAG_ID='ingesting_data_bq' AIRFLOW_CTX_TASK_ID='download_dataset_1_task' AIRFLOW_CTX_EXECUTION_DATE='2024-03-30T00:00:00+00:00' AIRFLOW_CTX_TRY_NUMBER='1' AIRFLOW_CTX_DAG_RUN_ID='scheduled__2024-03-30T00:00:00+00:00'
[2024-03-31T06:13:09.442+0000] {subprocess.py:63} INFO - Tmp dir root location: /tmp
[2024-03-31T06:13:09.449+0000] {subprocess.py:75} INFO - Running command: ['/usr/bin/bash', '-c', 'wget -O /opt/***/chicago_crime_data_1.csv https://data.cityofchicago.org/resource/d62x-nvdr.csv?\\$limit=300000']
[2024-03-31T06:13:09.462+0000] {subprocess.py:86} INFO - Output:
[2024-03-31T06:13:09.478+0000] {subprocess.py:93} INFO - --2024-03-31 06:13:09--  https://data.cityofchicago.org/resource/d62x-nvdr.csv?$limit=300000
[2024-03-31T06:13:11.961+0000] {subprocess.py:93} INFO - Resolving data.cityofchicago.org (data.cityofchicago.org)... failed: Name or service not known.
[2024-03-31T06:13:11.961+0000] {subprocess.py:93} INFO - wget: unable to resolve host address ‘data.cityofchicago.org’
[2024-03-31T06:13:11.962+0000] {subprocess.py:97} INFO - Command exited with return code 4
[2024-03-31T06:13:11.980+0000] {taskinstance.py:2728} ERROR - Task failed with exception
Traceback (most recent call last):
  File "/home/airflow/.local/lib/python3.8/site-packages/airflow/models/taskinstance.py", line 444, in _execute_task
    result = _execute_callable(context=context, **execute_callable_kwargs)
  File "/home/airflow/.local/lib/python3.8/site-packages/airflow/models/taskinstance.py", line 414, in _execute_callable
    return execute_callable(context=context, **execute_callable_kwargs)
  File "/home/airflow/.local/lib/python3.8/site-packages/airflow/operators/bash.py", line 212, in execute
    raise AirflowException(
airflow.exceptions.AirflowException: Bash command failed. The command returned a non-zero exit code 4.
[2024-03-31T06:13:11.984+0000] {taskinstance.py:1149} INFO - Marking task as FAILED. dag_id=ingesting_data_bq, task_id=download_dataset_1_task, execution_date=20240330T000000, start_date=20240331T061309, end_date=20240331T061311
[2024-03-31T06:13:12.009+0000] {standard_task_runner.py:107} ERROR - Failed to execute job 570 for task download_dataset_1_task (Bash command failed. The command returned a non-zero exit code 4.; 376)
[2024-03-31T06:13:12.035+0000] {local_task_job_runner.py:234} INFO - Task exited with return code 1
[2024-03-31T06:13:12.107+0000] {taskinstance.py:3309} INFO - 0 downstream tasks scheduled from follow-on schedule check
