[2024-04-02T14:12:16.897+0000] {taskinstance.py:1979} INFO - Dependencies all met for dep_context=non-requeueable deps ti=<TaskInstance: data_crime_process_dag.pyspark_task manual__2024-04-02T14:06:40.408956+00:00 [queued]>
[2024-04-02T14:12:16.907+0000] {taskinstance.py:1979} INFO - Dependencies all met for dep_context=requeueable deps ti=<TaskInstance: data_crime_process_dag.pyspark_task manual__2024-04-02T14:06:40.408956+00:00 [queued]>
[2024-04-02T14:12:16.908+0000] {taskinstance.py:2193} INFO - Starting attempt 2 of 3
[2024-04-02T14:12:16.927+0000] {taskinstance.py:2214} INFO - Executing <Task(DataprocSubmitJobOperator): pyspark_task> on 2024-04-02 14:06:40.408956+00:00
[2024-04-02T14:12:16.933+0000] {standard_task_runner.py:60} INFO - Started process 295 to run task
[2024-04-02T14:12:16.937+0000] {standard_task_runner.py:87} INFO - Running: ['***', 'tasks', 'run', 'data_crime_process_dag', 'pyspark_task', 'manual__2024-04-02T14:06:40.408956+00:00', '--job-id', '688', '--raw', '--subdir', 'DAGS_FOLDER/data_transformation.py', '--cfg-path', '/tmp/tmp7m4aa8tf']
[2024-04-02T14:12:16.944+0000] {standard_task_runner.py:88} INFO - Job 688: Subtask pyspark_task
[2024-04-02T14:12:17.065+0000] {task_command.py:423} INFO - Running <TaskInstance: data_crime_process_dag.pyspark_task manual__2024-04-02T14:06:40.408956+00:00 [running]> on host e9eb88e3fe4c
[2024-04-02T14:12:17.330+0000] {taskinstance.py:2510} INFO - Exporting env vars: AIRFLOW_CTX_DAG_OWNER='***' AIRFLOW_CTX_DAG_ID='data_crime_process_dag' AIRFLOW_CTX_TASK_ID='pyspark_task' AIRFLOW_CTX_EXECUTION_DATE='2024-04-02T14:06:40.408956+00:00' AIRFLOW_CTX_TRY_NUMBER='2' AIRFLOW_CTX_DAG_RUN_ID='manual__2024-04-02T14:06:40.408956+00:00'
[2024-04-02T14:12:17.334+0000] {dataproc.py:2550} INFO - Submitting job
[2024-04-02T14:12:17.337+0000] {crypto.py:82} WARNING - empty cryptography key - values will not be stored encrypted.
[2024-04-02T14:12:17.339+0000] {connection.py:269} WARNING - Connection schemes (type: google_cloud_platform) shall not contain '_' according to RFC3986.
[2024-04-02T14:12:17.344+0000] {base.py:83} INFO - Using connection ID 'google_cloud_default' for task execution.
[2024-04-02T14:12:17.759+0000] {dataproc.py:2562} INFO - Job 717ad204-8205-44a9-b779-a148dd3be7e0 submitted successfully.
[2024-04-02T14:12:17.786+0000] {dataproc.py:2596} INFO - Waiting for job 717ad204-8205-44a9-b779-a148dd3be7e0 to complete
[2024-04-02T14:12:58.478+0000] {taskinstance.py:2728} ERROR - Task failed with exception
Traceback (most recent call last):
  File "/home/airflow/.local/lib/python3.8/site-packages/airflow/models/taskinstance.py", line 444, in _execute_task
    result = _execute_callable(context=context, **execute_callable_kwargs)
  File "/home/airflow/.local/lib/python3.8/site-packages/airflow/models/taskinstance.py", line 414, in _execute_callable
    return execute_callable(context=context, **execute_callable_kwargs)
  File "/home/airflow/.local/lib/python3.8/site-packages/airflow/providers/google/cloud/operators/dataproc.py", line 2597, in execute
    self.hook.wait_for_job(
  File "/home/airflow/.local/lib/python3.8/site-packages/airflow/providers/google/common/hooks/base_google.py", line 485, in inner_wrapper
    return func(self, *args, **kwargs)
  File "/home/airflow/.local/lib/python3.8/site-packages/airflow/providers/google/cloud/hooks/dataproc.py", line 828, in wait_for_job
    raise AirflowException(f"Job failed:\n{job}")
airflow.exceptions.AirflowException: Job failed:
reference {
  project_id: "chicago-crime-de-418413"
  job_id: "717ad204-8205-44a9-b779-a148dd3be7e0"
}
placement {
  cluster_name: "dataproc-cluster"
  cluster_uuid: "7522ec4a-00eb-4a45-a27f-d144df24703f"
}
pyspark_job {
  main_python_file_uri: "gs://dtc_data_lake_chicago-crime-de-418413/scripts/data_transformations.py"
  args: "--project_id=chicago-crime-de-418413"
  jar_file_uris: "gs://dtc_data_lake_chicago-crime-de-418413/connector/spark-3.5-bigquery-0.36.1.jar"
}
status {
  state: ERROR
  details: "Google Cloud Dataproc Agent reports job failure. If logs are available, they can be found at:\nhttps://console.cloud.google.com/dataproc/jobs/717ad204-8205-44a9-b779-a148dd3be7e0?project=chicago-crime-de-418413&region=europe-central2\ngcloud dataproc jobs wait \'717ad204-8205-44a9-b779-a148dd3be7e0\' --region \'europe-central2\' --project \'chicago-crime-de-418413\'\nhttps://console.cloud.google.com/storage/browser/dataproc-staging-europe-central2-909036293289-qsdnpoj9/google-cloud-dataproc-metainfo/7522ec4a-00eb-4a45-a27f-d144df24703f/jobs/717ad204-8205-44a9-b779-a148dd3be7e0/\ngs://dataproc-staging-europe-central2-909036293289-qsdnpoj9/google-cloud-dataproc-metainfo/7522ec4a-00eb-4a45-a27f-d144df24703f/jobs/717ad204-8205-44a9-b779-a148dd3be7e0/driveroutput.*"
  state_start_time {
    seconds: 1712067172
    nanos: 905698000
  }
}
status_history {
  state: PENDING
  state_start_time {
    seconds: 1712067137
    nanos: 782013000
  }
}
status_history {
  state: SETUP_DONE
  state_start_time {
    seconds: 1712067137
    nanos: 839939000
  }
}
status_history {
  state: RUNNING
  state_start_time {
    seconds: 1712067138
    nanos: 279991000
  }
}
yarn_applications {
  name: "transform_data"
  state: FINISHED
  progress: 1
  tracking_url: "http://dataproc-cluster-m:8088/proxy/application_1712066927193_0001/"
}
driver_output_resource_uri: "gs://dataproc-staging-europe-central2-909036293289-qsdnpoj9/google-cloud-dataproc-metainfo/7522ec4a-00eb-4a45-a27f-d144df24703f/jobs/717ad204-8205-44a9-b779-a148dd3be7e0/driveroutput"
driver_control_files_uri: "gs://dataproc-staging-europe-central2-909036293289-qsdnpoj9/google-cloud-dataproc-metainfo/7522ec4a-00eb-4a45-a27f-d144df24703f/jobs/717ad204-8205-44a9-b779-a148dd3be7e0/"
job_uuid: "717ad204-8205-44a9-b779-a148dd3be7e0"
done: true

[2024-04-02T14:12:58.484+0000] {taskinstance.py:1149} INFO - Marking task as UP_FOR_RETRY. dag_id=data_crime_process_dag, task_id=pyspark_task, execution_date=20240402T140640, start_date=20240402T141216, end_date=20240402T141258
[2024-04-02T14:12:58.507+0000] {standard_task_runner.py:107} ERROR - Failed to execute job 688 for task pyspark_task (Job failed:
reference {
  project_id: "chicago-crime-de-418413"
  job_id: "717ad204-8205-44a9-b779-a148dd3be7e0"
}
placement {
  cluster_name: "dataproc-cluster"
  cluster_uuid: "7522ec4a-00eb-4a45-a27f-d144df24703f"
}
pyspark_job {
  main_python_file_uri: "gs://dtc_data_lake_chicago-crime-de-418413/scripts/data_transformations.py"
  args: "--project_id=chicago-crime-de-418413"
  jar_file_uris: "gs://dtc_data_lake_chicago-crime-de-418413/connector/spark-3.5-bigquery-0.36.1.jar"
}
status {
  state: ERROR
  details: "Google Cloud Dataproc Agent reports job failure. If logs are available, they can be found at:\nhttps://console.cloud.google.com/dataproc/jobs/717ad204-8205-44a9-b779-a148dd3be7e0?project=chicago-crime-de-418413&region=europe-central2\ngcloud dataproc jobs wait \'717ad204-8205-44a9-b779-a148dd3be7e0\' --region \'europe-central2\' --project \'chicago-crime-de-418413\'\nhttps://console.cloud.google.com/storage/browser/dataproc-staging-europe-central2-909036293289-qsdnpoj9/google-cloud-dataproc-metainfo/7522ec4a-00eb-4a45-a27f-d144df24703f/jobs/717ad204-8205-44a9-b779-a148dd3be7e0/\ngs://dataproc-staging-europe-central2-909036293289-qsdnpoj9/google-cloud-dataproc-metainfo/7522ec4a-00eb-4a45-a27f-d144df24703f/jobs/717ad204-8205-44a9-b779-a148dd3be7e0/driveroutput.*"
  state_start_time {
    seconds: 1712067172
    nanos: 905698000
  }
}
status_history {
  state: PENDING
  state_start_time {
    seconds: 1712067137
    nanos: 782013000
  }
}
status_history {
  state: SETUP_DONE
  state_start_time {
    seconds: 1712067137
    nanos: 839939000
  }
}
status_history {
  state: RUNNING
  state_start_time {
    seconds: 1712067138
    nanos: 279991000
  }
}
yarn_applications {
  name: "transform_data"
  state: FINISHED
  progress: 1
  tracking_url: "http://dataproc-cluster-m:8088/proxy/application_1712066927193_0001/"
}
driver_output_resource_uri: "gs://dataproc-staging-europe-central2-909036293289-qsdnpoj9/google-cloud-dataproc-metainfo/7522ec4a-00eb-4a45-a27f-d144df24703f/jobs/717ad204-8205-44a9-b779-a148dd3be7e0/driveroutput"
driver_control_files_uri: "gs://dataproc-staging-europe-central2-909036293289-qsdnpoj9/google-cloud-dataproc-metainfo/7522ec4a-00eb-4a45-a27f-d144df24703f/jobs/717ad204-8205-44a9-b779-a148dd3be7e0/"
job_uuid: "717ad204-8205-44a9-b779-a148dd3be7e0"
done: true
; 295)
[2024-04-02T14:12:58.554+0000] {local_task_job_runner.py:234} INFO - Task exited with return code 1
[2024-04-02T14:12:58.570+0000] {taskinstance.py:3309} INFO - 0 downstream tasks scheduled from follow-on schedule check
