[2024-03-26T08:20:10.156+0000] {taskinstance.py:1979} INFO - Dependencies all met for dep_context=non-requeueable deps ti=<TaskInstance: data_crime_process_dag.download_connector_jar_task manual__2024-03-26T08:20:00.691315+00:00 [queued]>
[2024-03-26T08:20:10.178+0000] {taskinstance.py:1979} INFO - Dependencies all met for dep_context=requeueable deps ti=<TaskInstance: data_crime_process_dag.download_connector_jar_task manual__2024-03-26T08:20:00.691315+00:00 [queued]>
[2024-03-26T08:20:10.179+0000] {taskinstance.py:2193} INFO - Starting attempt 1 of 2
[2024-03-26T08:20:10.231+0000] {taskinstance.py:2214} INFO - Executing <Task(BashOperator): download_connector_jar_task> on 2024-03-26 08:20:00.691315+00:00
[2024-03-26T08:20:10.241+0000] {standard_task_runner.py:60} INFO - Started process 203 to run task
[2024-03-26T08:20:10.248+0000] {standard_task_runner.py:87} INFO - Running: ['***', 'tasks', 'run', 'data_crime_process_dag', 'download_connector_jar_task', 'manual__2024-03-26T08:20:00.691315+00:00', '--job-id', '300', '--raw', '--subdir', 'DAGS_FOLDER/data_transformation.py', '--cfg-path', '/tmp/tmpzsitx8jl']
[2024-03-26T08:20:10.256+0000] {standard_task_runner.py:88} INFO - Job 300: Subtask download_connector_jar_task
[2024-03-26T08:20:11.248+0000] {task_command.py:423} INFO - Running <TaskInstance: data_crime_process_dag.download_connector_jar_task manual__2024-03-26T08:20:00.691315+00:00 [running]> on host 4820cb2471ab
[2024-03-26T08:20:11.543+0000] {taskinstance.py:2510} INFO - Exporting env vars: AIRFLOW_CTX_DAG_OWNER='***' AIRFLOW_CTX_DAG_ID='data_crime_process_dag' AIRFLOW_CTX_TASK_ID='download_connector_jar_task' AIRFLOW_CTX_EXECUTION_DATE='2024-03-26T08:20:00.691315+00:00' AIRFLOW_CTX_TRY_NUMBER='1' AIRFLOW_CTX_DAG_RUN_ID='manual__2024-03-26T08:20:00.691315+00:00'
[2024-03-26T08:20:11.549+0000] {subprocess.py:63} INFO - Tmp dir root location: /tmp
[2024-03-26T08:20:11.550+0000] {subprocess.py:75} INFO - Running command: ['/usr/bin/bash', '-c', 'wget -O {AIRFLOW_HOME}/spark-3.5-bigquery-0.36.1.jar {JAR_URL}']
[2024-03-26T08:20:11.565+0000] {subprocess.py:86} INFO - Output:
[2024-03-26T08:20:11.626+0000] {subprocess.py:93} INFO - {AIRFLOW_HOME}/spark-3.5-bigquery-0.36.1.jar: No such file or directory
[2024-03-26T08:20:11.627+0000] {subprocess.py:97} INFO - Command exited with return code 1
[2024-03-26T08:20:11.644+0000] {taskinstance.py:2728} ERROR - Task failed with exception
Traceback (most recent call last):
  File "/home/airflow/.local/lib/python3.8/site-packages/airflow/models/taskinstance.py", line 444, in _execute_task
    result = _execute_callable(context=context, **execute_callable_kwargs)
  File "/home/airflow/.local/lib/python3.8/site-packages/airflow/models/taskinstance.py", line 414, in _execute_callable
    return execute_callable(context=context, **execute_callable_kwargs)
  File "/home/airflow/.local/lib/python3.8/site-packages/airflow/operators/bash.py", line 212, in execute
    raise AirflowException(
airflow.exceptions.AirflowException: Bash command failed. The command returned a non-zero exit code 1.
[2024-03-26T08:20:11.665+0000] {taskinstance.py:1149} INFO - Marking task as UP_FOR_RETRY. dag_id=data_crime_process_dag, task_id=download_connector_jar_task, execution_date=20240326T082000, start_date=20240326T082010, end_date=20240326T082011
[2024-03-26T08:20:11.701+0000] {standard_task_runner.py:107} ERROR - Failed to execute job 300 for task download_connector_jar_task (Bash command failed. The command returned a non-zero exit code 1.; 203)
[2024-03-26T08:20:11.725+0000] {local_task_job_runner.py:234} INFO - Task exited with return code 1
[2024-03-26T08:20:11.770+0000] {taskinstance.py:3309} INFO - 0 downstream tasks scheduled from follow-on schedule check
