[2024-03-29T11:24:37.243+0000] {processor.py:161} INFO - Started process (PID=48) to work on /opt/airflow/dags/ingest_data_to_gcs.py
[2024-03-29T11:24:37.269+0000] {processor.py:830} INFO - Processing file /opt/airflow/dags/ingest_data_to_gcs.py for tasks to queue
[2024-03-29T11:24:37.282+0000] {logging_mixin.py:188} INFO - [2024-03-29T11:24:37.280+0000] {dagbag.py:540} INFO - Filling up the DagBag from /opt/airflow/dags/ingest_data_to_gcs.py
[2024-03-29T11:24:37.473+0000] {processor.py:840} INFO - DAG(s) 'ingesting_data_bq' retrieved from /opt/airflow/dags/ingest_data_to_gcs.py
[2024-03-29T11:24:37.520+0000] {logging_mixin.py:188} INFO - [2024-03-29T11:24:37.520+0000] {dag.py:3047} INFO - Sync 1 DAGs
[2024-03-29T11:24:37.589+0000] {logging_mixin.py:188} INFO - [2024-03-29T11:24:37.588+0000] {dag.py:3834} INFO - Setting next_dagrun for ingesting_data_bq to 2024-03-28 00:00:00+00:00, run_after=2024-03-29 00:00:00+00:00
[2024-03-29T11:24:37.664+0000] {processor.py:183} INFO - Processing /opt/airflow/dags/ingest_data_to_gcs.py took 0.425 seconds
[2024-03-29T11:25:08.247+0000] {processor.py:161} INFO - Started process (PID=104) to work on /opt/airflow/dags/ingest_data_to_gcs.py
[2024-03-29T11:25:08.248+0000] {processor.py:830} INFO - Processing file /opt/airflow/dags/ingest_data_to_gcs.py for tasks to queue
[2024-03-29T11:25:08.249+0000] {logging_mixin.py:188} INFO - [2024-03-29T11:25:08.249+0000] {dagbag.py:540} INFO - Filling up the DagBag from /opt/airflow/dags/ingest_data_to_gcs.py
[2024-03-29T11:25:08.286+0000] {processor.py:840} INFO - DAG(s) 'ingesting_data_bq' retrieved from /opt/airflow/dags/ingest_data_to_gcs.py
[2024-03-29T11:25:08.417+0000] {logging_mixin.py:188} INFO - [2024-03-29T11:25:08.417+0000] {dag.py:3047} INFO - Sync 1 DAGs
[2024-03-29T11:25:08.443+0000] {logging_mixin.py:188} INFO - [2024-03-29T11:25:08.443+0000] {dag.py:3834} INFO - Setting next_dagrun for ingesting_data_bq to 2024-03-28 00:00:00+00:00, run_after=2024-03-29 00:00:00+00:00
[2024-03-29T11:25:08.466+0000] {processor.py:183} INFO - Processing /opt/airflow/dags/ingest_data_to_gcs.py took 0.222 seconds
[2024-03-29T11:25:38.568+0000] {processor.py:161} INFO - Started process (PID=160) to work on /opt/airflow/dags/ingest_data_to_gcs.py
[2024-03-29T11:25:38.569+0000] {processor.py:830} INFO - Processing file /opt/airflow/dags/ingest_data_to_gcs.py for tasks to queue
[2024-03-29T11:25:38.571+0000] {logging_mixin.py:188} INFO - [2024-03-29T11:25:38.571+0000] {dagbag.py:540} INFO - Filling up the DagBag from /opt/airflow/dags/ingest_data_to_gcs.py
[2024-03-29T11:25:38.608+0000] {processor.py:840} INFO - DAG(s) 'ingesting_data_bq' retrieved from /opt/airflow/dags/ingest_data_to_gcs.py
[2024-03-29T11:25:38.643+0000] {logging_mixin.py:188} INFO - [2024-03-29T11:25:38.643+0000] {dag.py:3047} INFO - Sync 1 DAGs
[2024-03-29T11:25:38.673+0000] {logging_mixin.py:188} INFO - [2024-03-29T11:25:38.672+0000] {dag.py:3834} INFO - Setting next_dagrun for ingesting_data_bq to 2024-03-28 00:00:00+00:00, run_after=2024-03-29 00:00:00+00:00
[2024-03-29T11:25:38.699+0000] {processor.py:183} INFO - Processing /opt/airflow/dags/ingest_data_to_gcs.py took 0.135 seconds
[2024-03-29T11:26:08.830+0000] {processor.py:161} INFO - Started process (PID=215) to work on /opt/airflow/dags/ingest_data_to_gcs.py
[2024-03-29T11:26:08.831+0000] {processor.py:830} INFO - Processing file /opt/airflow/dags/ingest_data_to_gcs.py for tasks to queue
[2024-03-29T11:26:08.838+0000] {logging_mixin.py:188} INFO - [2024-03-29T11:26:08.837+0000] {dagbag.py:540} INFO - Filling up the DagBag from /opt/airflow/dags/ingest_data_to_gcs.py
[2024-03-29T11:26:08.877+0000] {processor.py:840} INFO - DAG(s) 'ingesting_data_bq' retrieved from /opt/airflow/dags/ingest_data_to_gcs.py
[2024-03-29T11:26:08.903+0000] {logging_mixin.py:188} INFO - [2024-03-29T11:26:08.903+0000] {dag.py:3047} INFO - Sync 1 DAGs
[2024-03-29T11:26:08.929+0000] {logging_mixin.py:188} INFO - [2024-03-29T11:26:08.929+0000] {dag.py:3834} INFO - Setting next_dagrun for ingesting_data_bq to 2024-03-28 00:00:00+00:00, run_after=2024-03-29 00:00:00+00:00
[2024-03-29T11:26:08.952+0000] {processor.py:183} INFO - Processing /opt/airflow/dags/ingest_data_to_gcs.py took 0.125 seconds
[2024-03-29T11:26:39.368+0000] {processor.py:161} INFO - Started process (PID=271) to work on /opt/airflow/dags/ingest_data_to_gcs.py
[2024-03-29T11:26:39.382+0000] {processor.py:830} INFO - Processing file /opt/airflow/dags/ingest_data_to_gcs.py for tasks to queue
[2024-03-29T11:26:39.407+0000] {logging_mixin.py:188} INFO - [2024-03-29T11:26:39.390+0000] {dagbag.py:540} INFO - Filling up the DagBag from /opt/airflow/dags/ingest_data_to_gcs.py
[2024-03-29T11:26:39.516+0000] {processor.py:840} INFO - DAG(s) 'ingesting_data_bq' retrieved from /opt/airflow/dags/ingest_data_to_gcs.py
[2024-03-29T11:26:39.602+0000] {logging_mixin.py:188} INFO - [2024-03-29T11:26:39.602+0000] {dag.py:3047} INFO - Sync 1 DAGs
[2024-03-29T11:26:39.690+0000] {logging_mixin.py:188} INFO - [2024-03-29T11:26:39.686+0000] {dag.py:3834} INFO - Setting next_dagrun for ingesting_data_bq to 2024-03-28 00:00:00+00:00, run_after=2024-03-29 00:00:00+00:00
[2024-03-29T11:26:39.771+0000] {processor.py:183} INFO - Processing /opt/airflow/dags/ingest_data_to_gcs.py took 0.406 seconds
[2024-03-29T11:27:09.917+0000] {processor.py:161} INFO - Started process (PID=326) to work on /opt/airflow/dags/ingest_data_to_gcs.py
[2024-03-29T11:27:09.918+0000] {processor.py:830} INFO - Processing file /opt/airflow/dags/ingest_data_to_gcs.py for tasks to queue
[2024-03-29T11:27:09.920+0000] {logging_mixin.py:188} INFO - [2024-03-29T11:27:09.919+0000] {dagbag.py:540} INFO - Filling up the DagBag from /opt/airflow/dags/ingest_data_to_gcs.py
[2024-03-29T11:27:09.951+0000] {processor.py:840} INFO - DAG(s) 'ingesting_data_bq' retrieved from /opt/airflow/dags/ingest_data_to_gcs.py
[2024-03-29T11:27:09.978+0000] {logging_mixin.py:188} INFO - [2024-03-29T11:27:09.978+0000] {dag.py:3047} INFO - Sync 1 DAGs
[2024-03-29T11:27:10.001+0000] {logging_mixin.py:188} INFO - [2024-03-29T11:27:10.001+0000] {dag.py:3834} INFO - Setting next_dagrun for ingesting_data_bq to 2024-03-28 00:00:00+00:00, run_after=2024-03-29 00:00:00+00:00
[2024-03-29T11:27:10.020+0000] {processor.py:183} INFO - Processing /opt/airflow/dags/ingest_data_to_gcs.py took 0.105 seconds
[2024-03-29T11:28:39.139+0000] {processor.py:161} INFO - Started process (PID=48) to work on /opt/airflow/dags/ingest_data_to_gcs.py
[2024-03-29T11:28:39.145+0000] {processor.py:830} INFO - Processing file /opt/airflow/dags/ingest_data_to_gcs.py for tasks to queue
[2024-03-29T11:28:39.147+0000] {logging_mixin.py:188} INFO - [2024-03-29T11:28:39.147+0000] {dagbag.py:540} INFO - Filling up the DagBag from /opt/airflow/dags/ingest_data_to_gcs.py
[2024-03-29T11:28:39.296+0000] {processor.py:840} INFO - DAG(s) 'ingesting_data_bq' retrieved from /opt/airflow/dags/ingest_data_to_gcs.py
[2024-03-29T11:28:39.348+0000] {logging_mixin.py:188} INFO - [2024-03-29T11:28:39.347+0000] {dag.py:3047} INFO - Sync 1 DAGs
[2024-03-29T11:28:39.420+0000] {logging_mixin.py:188} INFO - [2024-03-29T11:28:39.419+0000] {dag.py:3834} INFO - Setting next_dagrun for ingesting_data_bq to 2024-03-28 00:00:00+00:00, run_after=2024-03-29 00:00:00+00:00
[2024-03-29T11:28:39.491+0000] {processor.py:183} INFO - Processing /opt/airflow/dags/ingest_data_to_gcs.py took 0.371 seconds
[2024-03-29T11:29:09.912+0000] {processor.py:161} INFO - Started process (PID=104) to work on /opt/airflow/dags/ingest_data_to_gcs.py
[2024-03-29T11:29:09.913+0000] {processor.py:830} INFO - Processing file /opt/airflow/dags/ingest_data_to_gcs.py for tasks to queue
[2024-03-29T11:29:09.915+0000] {logging_mixin.py:188} INFO - [2024-03-29T11:29:09.915+0000] {dagbag.py:540} INFO - Filling up the DagBag from /opt/airflow/dags/ingest_data_to_gcs.py
[2024-03-29T11:29:09.961+0000] {processor.py:840} INFO - DAG(s) 'ingesting_data_bq' retrieved from /opt/airflow/dags/ingest_data_to_gcs.py
[2024-03-29T11:29:10.094+0000] {logging_mixin.py:188} INFO - [2024-03-29T11:29:10.094+0000] {dag.py:3047} INFO - Sync 1 DAGs
[2024-03-29T11:29:10.130+0000] {logging_mixin.py:188} INFO - [2024-03-29T11:29:10.130+0000] {dag.py:3834} INFO - Setting next_dagrun for ingesting_data_bq to 2024-03-28 00:00:00+00:00, run_after=2024-03-29 00:00:00+00:00
[2024-03-29T11:29:10.182+0000] {processor.py:183} INFO - Processing /opt/airflow/dags/ingest_data_to_gcs.py took 0.272 seconds
[2024-03-29T11:29:40.599+0000] {processor.py:161} INFO - Started process (PID=160) to work on /opt/airflow/dags/ingest_data_to_gcs.py
[2024-03-29T11:29:40.602+0000] {processor.py:830} INFO - Processing file /opt/airflow/dags/ingest_data_to_gcs.py for tasks to queue
[2024-03-29T11:29:40.611+0000] {logging_mixin.py:188} INFO - [2024-03-29T11:29:40.610+0000] {dagbag.py:540} INFO - Filling up the DagBag from /opt/airflow/dags/ingest_data_to_gcs.py
[2024-03-29T11:29:40.729+0000] {processor.py:840} INFO - DAG(s) 'ingesting_data_bq' retrieved from /opt/airflow/dags/ingest_data_to_gcs.py
[2024-03-29T11:29:40.842+0000] {logging_mixin.py:188} INFO - [2024-03-29T11:29:40.842+0000] {dag.py:3047} INFO - Sync 1 DAGs
[2024-03-29T11:29:40.949+0000] {logging_mixin.py:188} INFO - [2024-03-29T11:29:40.947+0000] {dag.py:3834} INFO - Setting next_dagrun for ingesting_data_bq to 2024-03-28 00:00:00+00:00, run_after=2024-03-29 00:00:00+00:00
[2024-03-29T11:29:41.029+0000] {processor.py:183} INFO - Processing /opt/airflow/dags/ingest_data_to_gcs.py took 0.444 seconds
[2024-03-29T11:30:11.282+0000] {processor.py:161} INFO - Started process (PID=216) to work on /opt/airflow/dags/ingest_data_to_gcs.py
[2024-03-29T11:30:11.288+0000] {processor.py:830} INFO - Processing file /opt/airflow/dags/ingest_data_to_gcs.py for tasks to queue
[2024-03-29T11:30:11.295+0000] {logging_mixin.py:188} INFO - [2024-03-29T11:30:11.295+0000] {dagbag.py:540} INFO - Filling up the DagBag from /opt/airflow/dags/ingest_data_to_gcs.py
[2024-03-29T11:30:11.332+0000] {processor.py:840} INFO - DAG(s) 'ingesting_data_bq' retrieved from /opt/airflow/dags/ingest_data_to_gcs.py
[2024-03-29T11:30:11.376+0000] {logging_mixin.py:188} INFO - [2024-03-29T11:30:11.376+0000] {dag.py:3047} INFO - Sync 1 DAGs
[2024-03-29T11:30:11.411+0000] {logging_mixin.py:188} INFO - [2024-03-29T11:30:11.411+0000] {dag.py:3834} INFO - Setting next_dagrun for ingesting_data_bq to 2024-03-28 00:00:00+00:00, run_after=2024-03-29 00:00:00+00:00
[2024-03-29T11:30:11.444+0000] {processor.py:183} INFO - Processing /opt/airflow/dags/ingest_data_to_gcs.py took 0.165 seconds
[2024-03-29T11:30:42.429+0000] {processor.py:161} INFO - Started process (PID=272) to work on /opt/airflow/dags/ingest_data_to_gcs.py
[2024-03-29T11:30:42.430+0000] {processor.py:830} INFO - Processing file /opt/airflow/dags/ingest_data_to_gcs.py for tasks to queue
[2024-03-29T11:30:42.432+0000] {logging_mixin.py:188} INFO - [2024-03-29T11:30:42.431+0000] {dagbag.py:540} INFO - Filling up the DagBag from /opt/airflow/dags/ingest_data_to_gcs.py
[2024-03-29T11:30:42.481+0000] {processor.py:840} INFO - DAG(s) 'ingesting_data_bq' retrieved from /opt/airflow/dags/ingest_data_to_gcs.py
[2024-03-29T11:30:42.517+0000] {logging_mixin.py:188} INFO - [2024-03-29T11:30:42.517+0000] {dag.py:3047} INFO - Sync 1 DAGs
[2024-03-29T11:30:42.555+0000] {logging_mixin.py:188} INFO - [2024-03-29T11:30:42.554+0000] {dag.py:3834} INFO - Setting next_dagrun for ingesting_data_bq to 2024-03-28 00:00:00+00:00, run_after=2024-03-29 00:00:00+00:00
[2024-03-29T11:30:42.575+0000] {processor.py:183} INFO - Processing /opt/airflow/dags/ingest_data_to_gcs.py took 0.149 seconds
[2024-03-29T11:31:12.857+0000] {processor.py:161} INFO - Started process (PID=327) to work on /opt/airflow/dags/ingest_data_to_gcs.py
[2024-03-29T11:31:12.861+0000] {processor.py:830} INFO - Processing file /opt/airflow/dags/ingest_data_to_gcs.py for tasks to queue
[2024-03-29T11:31:12.875+0000] {logging_mixin.py:188} INFO - [2024-03-29T11:31:12.875+0000] {dagbag.py:540} INFO - Filling up the DagBag from /opt/airflow/dags/ingest_data_to_gcs.py
[2024-03-29T11:31:12.939+0000] {processor.py:840} INFO - DAG(s) 'ingesting_data_bq' retrieved from /opt/airflow/dags/ingest_data_to_gcs.py
[2024-03-29T11:31:13.055+0000] {logging_mixin.py:188} INFO - [2024-03-29T11:31:13.054+0000] {dag.py:3047} INFO - Sync 1 DAGs
[2024-03-29T11:31:13.115+0000] {logging_mixin.py:188} INFO - [2024-03-29T11:31:13.115+0000] {dag.py:3834} INFO - Setting next_dagrun for ingesting_data_bq to 2024-03-28 00:00:00+00:00, run_after=2024-03-29 00:00:00+00:00
[2024-03-29T11:31:13.156+0000] {processor.py:183} INFO - Processing /opt/airflow/dags/ingest_data_to_gcs.py took 0.303 seconds
[2024-03-29T11:32:35.040+0000] {processor.py:161} INFO - Started process (PID=48) to work on /opt/airflow/dags/ingest_data_to_gcs.py
[2024-03-29T11:32:35.041+0000] {processor.py:830} INFO - Processing file /opt/airflow/dags/ingest_data_to_gcs.py for tasks to queue
[2024-03-29T11:32:35.044+0000] {logging_mixin.py:188} INFO - [2024-03-29T11:32:35.043+0000] {dagbag.py:540} INFO - Filling up the DagBag from /opt/airflow/dags/ingest_data_to_gcs.py
[2024-03-29T11:32:35.137+0000] {processor.py:840} INFO - DAG(s) 'ingesting_data_bq' retrieved from /opt/airflow/dags/ingest_data_to_gcs.py
[2024-03-29T11:32:35.156+0000] {logging_mixin.py:188} INFO - [2024-03-29T11:32:35.155+0000] {dag.py:3047} INFO - Sync 1 DAGs
[2024-03-29T11:32:35.258+0000] {logging_mixin.py:188} INFO - [2024-03-29T11:32:35.257+0000] {dag.py:3834} INFO - Setting next_dagrun for ingesting_data_bq to 2024-03-28 00:00:00+00:00, run_after=2024-03-29 00:00:00+00:00
[2024-03-29T11:32:35.329+0000] {processor.py:183} INFO - Processing /opt/airflow/dags/ingest_data_to_gcs.py took 0.300 seconds
[2024-03-29T11:33:06.103+0000] {processor.py:161} INFO - Started process (PID=104) to work on /opt/airflow/dags/ingest_data_to_gcs.py
[2024-03-29T11:33:06.107+0000] {processor.py:830} INFO - Processing file /opt/airflow/dags/ingest_data_to_gcs.py for tasks to queue
[2024-03-29T11:33:06.114+0000] {logging_mixin.py:188} INFO - [2024-03-29T11:33:06.114+0000] {dagbag.py:540} INFO - Filling up the DagBag from /opt/airflow/dags/ingest_data_to_gcs.py
[2024-03-29T11:33:06.170+0000] {processor.py:840} INFO - DAG(s) 'ingesting_data_bq' retrieved from /opt/airflow/dags/ingest_data_to_gcs.py
[2024-03-29T11:33:06.664+0000] {logging_mixin.py:188} INFO - [2024-03-29T11:33:06.664+0000] {dag.py:3047} INFO - Sync 1 DAGs
[2024-03-29T11:33:06.796+0000] {logging_mixin.py:188} INFO - [2024-03-29T11:33:06.796+0000] {dag.py:3834} INFO - Setting next_dagrun for ingesting_data_bq to 2024-03-28 00:00:00+00:00, run_after=2024-03-29 00:00:00+00:00
[2024-03-29T11:33:06.930+0000] {processor.py:183} INFO - Processing /opt/airflow/dags/ingest_data_to_gcs.py took 0.831 seconds
[2024-03-29T11:33:37.712+0000] {processor.py:161} INFO - Started process (PID=160) to work on /opt/airflow/dags/ingest_data_to_gcs.py
[2024-03-29T11:33:37.713+0000] {processor.py:830} INFO - Processing file /opt/airflow/dags/ingest_data_to_gcs.py for tasks to queue
[2024-03-29T11:33:37.715+0000] {logging_mixin.py:188} INFO - [2024-03-29T11:33:37.714+0000] {dagbag.py:540} INFO - Filling up the DagBag from /opt/airflow/dags/ingest_data_to_gcs.py
[2024-03-29T11:33:37.797+0000] {processor.py:840} INFO - DAG(s) 'ingesting_data_bq' retrieved from /opt/airflow/dags/ingest_data_to_gcs.py
[2024-03-29T11:33:37.829+0000] {logging_mixin.py:188} INFO - [2024-03-29T11:33:37.829+0000] {dag.py:3047} INFO - Sync 1 DAGs
[2024-03-29T11:33:37.860+0000] {logging_mixin.py:188} INFO - [2024-03-29T11:33:37.859+0000] {dag.py:3834} INFO - Setting next_dagrun for ingesting_data_bq to 2024-03-28 00:00:00+00:00, run_after=2024-03-29 00:00:00+00:00
[2024-03-29T11:33:37.880+0000] {processor.py:183} INFO - Processing /opt/airflow/dags/ingest_data_to_gcs.py took 0.171 seconds
[2024-03-29T11:34:08.096+0000] {processor.py:161} INFO - Started process (PID=215) to work on /opt/airflow/dags/ingest_data_to_gcs.py
[2024-03-29T11:34:08.097+0000] {processor.py:830} INFO - Processing file /opt/airflow/dags/ingest_data_to_gcs.py for tasks to queue
[2024-03-29T11:34:08.103+0000] {logging_mixin.py:188} INFO - [2024-03-29T11:34:08.101+0000] {dagbag.py:540} INFO - Filling up the DagBag from /opt/airflow/dags/ingest_data_to_gcs.py
[2024-03-29T11:34:08.183+0000] {processor.py:840} INFO - DAG(s) 'ingesting_data_bq' retrieved from /opt/airflow/dags/ingest_data_to_gcs.py
[2024-03-29T11:34:08.211+0000] {logging_mixin.py:188} INFO - [2024-03-29T11:34:08.211+0000] {dag.py:3047} INFO - Sync 1 DAGs
[2024-03-29T11:34:08.339+0000] {logging_mixin.py:188} INFO - [2024-03-29T11:34:08.336+0000] {dag.py:3834} INFO - Setting next_dagrun for ingesting_data_bq to 2024-03-28 00:00:00+00:00, run_after=2024-03-29 00:00:00+00:00
[2024-03-29T11:34:08.452+0000] {processor.py:183} INFO - Processing /opt/airflow/dags/ingest_data_to_gcs.py took 0.360 seconds
[2024-03-29T11:34:39.228+0000] {processor.py:161} INFO - Started process (PID=271) to work on /opt/airflow/dags/ingest_data_to_gcs.py
[2024-03-29T11:34:39.229+0000] {processor.py:830} INFO - Processing file /opt/airflow/dags/ingest_data_to_gcs.py for tasks to queue
[2024-03-29T11:34:39.237+0000] {logging_mixin.py:188} INFO - [2024-03-29T11:34:39.234+0000] {dagbag.py:540} INFO - Filling up the DagBag from /opt/airflow/dags/ingest_data_to_gcs.py
[2024-03-29T11:34:39.296+0000] {processor.py:840} INFO - DAG(s) 'ingesting_data_bq' retrieved from /opt/airflow/dags/ingest_data_to_gcs.py
[2024-03-29T11:34:39.318+0000] {logging_mixin.py:188} INFO - [2024-03-29T11:34:39.317+0000] {dag.py:3047} INFO - Sync 1 DAGs
[2024-03-29T11:34:39.360+0000] {logging_mixin.py:188} INFO - [2024-03-29T11:34:39.359+0000] {dag.py:3834} INFO - Setting next_dagrun for ingesting_data_bq to 2024-03-28 00:00:00+00:00, run_after=2024-03-29 00:00:00+00:00
[2024-03-29T11:34:39.414+0000] {processor.py:183} INFO - Processing /opt/airflow/dags/ingest_data_to_gcs.py took 0.194 seconds
[2024-03-29T11:35:10.277+0000] {processor.py:161} INFO - Started process (PID=326) to work on /opt/airflow/dags/ingest_data_to_gcs.py
[2024-03-29T11:35:10.281+0000] {processor.py:830} INFO - Processing file /opt/airflow/dags/ingest_data_to_gcs.py for tasks to queue
[2024-03-29T11:35:10.287+0000] {logging_mixin.py:188} INFO - [2024-03-29T11:35:10.287+0000] {dagbag.py:540} INFO - Filling up the DagBag from /opt/airflow/dags/ingest_data_to_gcs.py
[2024-03-29T11:35:10.372+0000] {processor.py:840} INFO - DAG(s) 'ingesting_data_bq' retrieved from /opt/airflow/dags/ingest_data_to_gcs.py
[2024-03-29T11:35:10.392+0000] {logging_mixin.py:188} INFO - [2024-03-29T11:35:10.392+0000] {dag.py:3047} INFO - Sync 1 DAGs
[2024-03-29T11:35:10.414+0000] {logging_mixin.py:188} INFO - [2024-03-29T11:35:10.414+0000] {dag.py:3834} INFO - Setting next_dagrun for ingesting_data_bq to 2024-03-28 00:00:00+00:00, run_after=2024-03-29 00:00:00+00:00
[2024-03-29T11:35:10.438+0000] {processor.py:183} INFO - Processing /opt/airflow/dags/ingest_data_to_gcs.py took 0.168 seconds
[2024-03-29T11:35:40.588+0000] {processor.py:161} INFO - Started process (PID=382) to work on /opt/airflow/dags/ingest_data_to_gcs.py
[2024-03-29T11:35:40.590+0000] {processor.py:830} INFO - Processing file /opt/airflow/dags/ingest_data_to_gcs.py for tasks to queue
[2024-03-29T11:35:40.592+0000] {logging_mixin.py:188} INFO - [2024-03-29T11:35:40.591+0000] {dagbag.py:540} INFO - Filling up the DagBag from /opt/airflow/dags/ingest_data_to_gcs.py
[2024-03-29T11:35:40.630+0000] {processor.py:840} INFO - DAG(s) 'ingesting_data_bq' retrieved from /opt/airflow/dags/ingest_data_to_gcs.py
[2024-03-29T11:35:40.774+0000] {logging_mixin.py:188} INFO - [2024-03-29T11:35:40.774+0000] {dag.py:3047} INFO - Sync 1 DAGs
[2024-03-29T11:35:40.797+0000] {logging_mixin.py:188} INFO - [2024-03-29T11:35:40.797+0000] {dag.py:3834} INFO - Setting next_dagrun for ingesting_data_bq to 2024-03-28 00:00:00+00:00, run_after=2024-03-29 00:00:00+00:00
[2024-03-29T11:35:40.829+0000] {processor.py:183} INFO - Processing /opt/airflow/dags/ingest_data_to_gcs.py took 0.247 seconds
[2024-03-29T11:36:11.381+0000] {processor.py:161} INFO - Started process (PID=438) to work on /opt/airflow/dags/ingest_data_to_gcs.py
[2024-03-29T11:36:11.384+0000] {processor.py:830} INFO - Processing file /opt/airflow/dags/ingest_data_to_gcs.py for tasks to queue
[2024-03-29T11:36:11.386+0000] {logging_mixin.py:188} INFO - [2024-03-29T11:36:11.386+0000] {dagbag.py:540} INFO - Filling up the DagBag from /opt/airflow/dags/ingest_data_to_gcs.py
[2024-03-29T11:36:11.421+0000] {processor.py:840} INFO - DAG(s) 'ingesting_data_bq' retrieved from /opt/airflow/dags/ingest_data_to_gcs.py
[2024-03-29T11:36:11.453+0000] {logging_mixin.py:188} INFO - [2024-03-29T11:36:11.452+0000] {dag.py:3047} INFO - Sync 1 DAGs
[2024-03-29T11:36:11.475+0000] {logging_mixin.py:188} INFO - [2024-03-29T11:36:11.475+0000] {dag.py:3834} INFO - Setting next_dagrun for ingesting_data_bq to 2024-03-28 00:00:00+00:00, run_after=2024-03-29 00:00:00+00:00
[2024-03-29T11:36:11.497+0000] {processor.py:183} INFO - Processing /opt/airflow/dags/ingest_data_to_gcs.py took 0.119 seconds
[2024-03-29T11:36:42.196+0000] {processor.py:161} INFO - Started process (PID=494) to work on /opt/airflow/dags/ingest_data_to_gcs.py
[2024-03-29T11:36:42.197+0000] {processor.py:830} INFO - Processing file /opt/airflow/dags/ingest_data_to_gcs.py for tasks to queue
[2024-03-29T11:36:42.210+0000] {logging_mixin.py:188} INFO - [2024-03-29T11:36:42.210+0000] {dagbag.py:540} INFO - Filling up the DagBag from /opt/airflow/dags/ingest_data_to_gcs.py
[2024-03-29T11:36:42.254+0000] {processor.py:840} INFO - DAG(s) 'ingesting_data_bq' retrieved from /opt/airflow/dags/ingest_data_to_gcs.py
[2024-03-29T11:36:42.288+0000] {logging_mixin.py:188} INFO - [2024-03-29T11:36:42.288+0000] {dag.py:3047} INFO - Sync 1 DAGs
[2024-03-29T11:36:42.313+0000] {logging_mixin.py:188} INFO - [2024-03-29T11:36:42.313+0000] {dag.py:3834} INFO - Setting next_dagrun for ingesting_data_bq to 2024-03-28 00:00:00+00:00, run_after=2024-03-29 00:00:00+00:00
[2024-03-29T11:36:42.341+0000] {processor.py:183} INFO - Processing /opt/airflow/dags/ingest_data_to_gcs.py took 0.148 seconds
[2024-03-29T11:37:12.784+0000] {processor.py:161} INFO - Started process (PID=550) to work on /opt/airflow/dags/ingest_data_to_gcs.py
[2024-03-29T11:37:12.785+0000] {processor.py:830} INFO - Processing file /opt/airflow/dags/ingest_data_to_gcs.py for tasks to queue
[2024-03-29T11:37:12.787+0000] {logging_mixin.py:188} INFO - [2024-03-29T11:37:12.786+0000] {dagbag.py:540} INFO - Filling up the DagBag from /opt/airflow/dags/ingest_data_to_gcs.py
[2024-03-29T11:37:12.831+0000] {processor.py:840} INFO - DAG(s) 'ingesting_data_bq' retrieved from /opt/airflow/dags/ingest_data_to_gcs.py
[2024-03-29T11:37:12.860+0000] {logging_mixin.py:188} INFO - [2024-03-29T11:37:12.860+0000] {dag.py:3047} INFO - Sync 1 DAGs
[2024-03-29T11:37:12.890+0000] {logging_mixin.py:188} INFO - [2024-03-29T11:37:12.890+0000] {dag.py:3834} INFO - Setting next_dagrun for ingesting_data_bq to 2024-03-28 00:00:00+00:00, run_after=2024-03-29 00:00:00+00:00
[2024-03-29T11:37:12.912+0000] {processor.py:183} INFO - Processing /opt/airflow/dags/ingest_data_to_gcs.py took 0.132 seconds
[2024-03-29T11:37:43.106+0000] {processor.py:161} INFO - Started process (PID=607) to work on /opt/airflow/dags/ingest_data_to_gcs.py
[2024-03-29T11:37:43.106+0000] {processor.py:830} INFO - Processing file /opt/airflow/dags/ingest_data_to_gcs.py for tasks to queue
[2024-03-29T11:37:43.108+0000] {logging_mixin.py:188} INFO - [2024-03-29T11:37:43.108+0000] {dagbag.py:540} INFO - Filling up the DagBag from /opt/airflow/dags/ingest_data_to_gcs.py
[2024-03-29T11:37:43.145+0000] {processor.py:840} INFO - DAG(s) 'ingesting_data_bq' retrieved from /opt/airflow/dags/ingest_data_to_gcs.py
[2024-03-29T11:37:43.178+0000] {logging_mixin.py:188} INFO - [2024-03-29T11:37:43.178+0000] {dag.py:3047} INFO - Sync 1 DAGs
[2024-03-29T11:37:43.203+0000] {logging_mixin.py:188} INFO - [2024-03-29T11:37:43.203+0000] {dag.py:3834} INFO - Setting next_dagrun for ingesting_data_bq to 2024-03-28 00:00:00+00:00, run_after=2024-03-29 00:00:00+00:00
[2024-03-29T11:37:43.228+0000] {processor.py:183} INFO - Processing /opt/airflow/dags/ingest_data_to_gcs.py took 0.125 seconds
[2024-03-29T11:38:13.769+0000] {processor.py:161} INFO - Started process (PID=663) to work on /opt/airflow/dags/ingest_data_to_gcs.py
[2024-03-29T11:38:13.770+0000] {processor.py:830} INFO - Processing file /opt/airflow/dags/ingest_data_to_gcs.py for tasks to queue
[2024-03-29T11:38:13.772+0000] {logging_mixin.py:188} INFO - [2024-03-29T11:38:13.772+0000] {dagbag.py:540} INFO - Filling up the DagBag from /opt/airflow/dags/ingest_data_to_gcs.py
[2024-03-29T11:38:13.824+0000] {processor.py:840} INFO - DAG(s) 'ingesting_data_bq' retrieved from /opt/airflow/dags/ingest_data_to_gcs.py
[2024-03-29T11:38:13.862+0000] {logging_mixin.py:188} INFO - [2024-03-29T11:38:13.862+0000] {dag.py:3047} INFO - Sync 1 DAGs
[2024-03-29T11:38:13.904+0000] {logging_mixin.py:188} INFO - [2024-03-29T11:38:13.904+0000] {dag.py:3834} INFO - Setting next_dagrun for ingesting_data_bq to 2024-03-28 00:00:00+00:00, run_after=2024-03-29 00:00:00+00:00
[2024-03-29T11:38:13.924+0000] {processor.py:183} INFO - Processing /opt/airflow/dags/ingest_data_to_gcs.py took 0.158 seconds
[2024-03-29T11:40:08.922+0000] {processor.py:161} INFO - Started process (PID=48) to work on /opt/airflow/dags/ingest_data_to_gcs.py
[2024-03-29T11:40:08.933+0000] {processor.py:830} INFO - Processing file /opt/airflow/dags/ingest_data_to_gcs.py for tasks to queue
[2024-03-29T11:40:08.935+0000] {logging_mixin.py:188} INFO - [2024-03-29T11:40:08.935+0000] {dagbag.py:540} INFO - Filling up the DagBag from /opt/airflow/dags/ingest_data_to_gcs.py
[2024-03-29T11:40:09.088+0000] {processor.py:840} INFO - DAG(s) 'ingesting_data_bq' retrieved from /opt/airflow/dags/ingest_data_to_gcs.py
[2024-03-29T11:40:09.143+0000] {logging_mixin.py:188} INFO - [2024-03-29T11:40:09.143+0000] {dag.py:3047} INFO - Sync 1 DAGs
[2024-03-29T11:40:09.240+0000] {logging_mixin.py:188} INFO - [2024-03-29T11:40:09.239+0000] {dag.py:3834} INFO - Setting next_dagrun for ingesting_data_bq to 2024-03-29 00:00:00+00:00, run_after=2024-03-30 00:00:00+00:00
[2024-03-29T11:40:09.368+0000] {processor.py:183} INFO - Processing /opt/airflow/dags/ingest_data_to_gcs.py took 0.449 seconds
[2024-03-29T11:40:40.097+0000] {processor.py:161} INFO - Started process (PID=103) to work on /opt/airflow/dags/ingest_data_to_gcs.py
[2024-03-29T11:40:40.105+0000] {processor.py:830} INFO - Processing file /opt/airflow/dags/ingest_data_to_gcs.py for tasks to queue
[2024-03-29T11:40:40.170+0000] {logging_mixin.py:188} INFO - [2024-03-29T11:40:40.109+0000] {dagbag.py:540} INFO - Filling up the DagBag from /opt/airflow/dags/ingest_data_to_gcs.py
[2024-03-29T11:40:40.297+0000] {processor.py:840} INFO - DAG(s) 'ingesting_data_bq' retrieved from /opt/airflow/dags/ingest_data_to_gcs.py
[2024-03-29T11:40:40.842+0000] {logging_mixin.py:188} INFO - [2024-03-29T11:40:40.841+0000] {dag.py:3047} INFO - Sync 1 DAGs
[2024-03-29T11:40:40.960+0000] {logging_mixin.py:188} INFO - [2024-03-29T11:40:40.960+0000] {dag.py:3834} INFO - Setting next_dagrun for ingesting_data_bq to 2024-03-29 00:00:00+00:00, run_after=2024-03-30 00:00:00+00:00
[2024-03-29T11:40:41.229+0000] {processor.py:183} INFO - Processing /opt/airflow/dags/ingest_data_to_gcs.py took 1.173 seconds
[2024-03-29T11:41:12.187+0000] {processor.py:161} INFO - Started process (PID=160) to work on /opt/airflow/dags/ingest_data_to_gcs.py
[2024-03-29T11:41:12.201+0000] {processor.py:830} INFO - Processing file /opt/airflow/dags/ingest_data_to_gcs.py for tasks to queue
[2024-03-29T11:41:12.238+0000] {logging_mixin.py:188} INFO - [2024-03-29T11:41:12.222+0000] {dagbag.py:540} INFO - Filling up the DagBag from /opt/airflow/dags/ingest_data_to_gcs.py
[2024-03-29T11:41:13.038+0000] {processor.py:840} INFO - DAG(s) 'ingesting_data_bq' retrieved from /opt/airflow/dags/ingest_data_to_gcs.py
[2024-03-29T11:41:13.473+0000] {logging_mixin.py:188} INFO - [2024-03-29T11:41:13.473+0000] {dag.py:3047} INFO - Sync 1 DAGs
[2024-03-29T11:41:13.806+0000] {logging_mixin.py:188} INFO - [2024-03-29T11:41:13.806+0000] {dag.py:3834} INFO - Setting next_dagrun for ingesting_data_bq to 2024-03-29 00:00:00+00:00, run_after=2024-03-30 00:00:00+00:00
[2024-03-29T11:41:14.084+0000] {processor.py:183} INFO - Processing /opt/airflow/dags/ingest_data_to_gcs.py took 2.061 seconds
[2024-03-29T11:41:44.286+0000] {processor.py:161} INFO - Started process (PID=216) to work on /opt/airflow/dags/ingest_data_to_gcs.py
[2024-03-29T11:41:44.288+0000] {processor.py:830} INFO - Processing file /opt/airflow/dags/ingest_data_to_gcs.py for tasks to queue
[2024-03-29T11:41:44.292+0000] {logging_mixin.py:188} INFO - [2024-03-29T11:41:44.292+0000] {dagbag.py:540} INFO - Filling up the DagBag from /opt/airflow/dags/ingest_data_to_gcs.py
[2024-03-29T11:41:44.467+0000] {processor.py:840} INFO - DAG(s) 'ingesting_data_bq' retrieved from /opt/airflow/dags/ingest_data_to_gcs.py
[2024-03-29T11:41:44.635+0000] {logging_mixin.py:188} INFO - [2024-03-29T11:41:44.635+0000] {dag.py:3047} INFO - Sync 1 DAGs
[2024-03-29T11:41:44.891+0000] {logging_mixin.py:188} INFO - [2024-03-29T11:41:44.890+0000] {dag.py:3834} INFO - Setting next_dagrun for ingesting_data_bq to 2024-03-29 00:00:00+00:00, run_after=2024-03-30 00:00:00+00:00
[2024-03-29T11:41:45.173+0000] {processor.py:183} INFO - Processing /opt/airflow/dags/ingest_data_to_gcs.py took 0.914 seconds
[2024-03-29T11:42:15.309+0000] {processor.py:161} INFO - Started process (PID=271) to work on /opt/airflow/dags/ingest_data_to_gcs.py
[2024-03-29T11:42:15.314+0000] {processor.py:830} INFO - Processing file /opt/airflow/dags/ingest_data_to_gcs.py for tasks to queue
[2024-03-29T11:42:15.320+0000] {logging_mixin.py:188} INFO - [2024-03-29T11:42:15.319+0000] {dagbag.py:540} INFO - Filling up the DagBag from /opt/airflow/dags/ingest_data_to_gcs.py
[2024-03-29T11:42:15.384+0000] {processor.py:840} INFO - DAG(s) 'ingesting_data_bq' retrieved from /opt/airflow/dags/ingest_data_to_gcs.py
[2024-03-29T11:42:15.436+0000] {logging_mixin.py:188} INFO - [2024-03-29T11:42:15.436+0000] {dag.py:3047} INFO - Sync 1 DAGs
[2024-03-29T11:42:15.512+0000] {logging_mixin.py:188} INFO - [2024-03-29T11:42:15.511+0000] {dag.py:3834} INFO - Setting next_dagrun for ingesting_data_bq to 2024-03-29 00:00:00+00:00, run_after=2024-03-30 00:00:00+00:00
[2024-03-29T11:42:15.570+0000] {processor.py:183} INFO - Processing /opt/airflow/dags/ingest_data_to_gcs.py took 0.268 seconds
[2024-03-29T11:42:46.145+0000] {processor.py:161} INFO - Started process (PID=327) to work on /opt/airflow/dags/ingest_data_to_gcs.py
[2024-03-29T11:42:46.147+0000] {processor.py:830} INFO - Processing file /opt/airflow/dags/ingest_data_to_gcs.py for tasks to queue
[2024-03-29T11:42:46.150+0000] {logging_mixin.py:188} INFO - [2024-03-29T11:42:46.149+0000] {dagbag.py:540} INFO - Filling up the DagBag from /opt/airflow/dags/ingest_data_to_gcs.py
[2024-03-29T11:42:46.221+0000] {processor.py:840} INFO - DAG(s) 'ingesting_data_bq' retrieved from /opt/airflow/dags/ingest_data_to_gcs.py
[2024-03-29T11:42:46.305+0000] {logging_mixin.py:188} INFO - [2024-03-29T11:42:46.304+0000] {dag.py:3047} INFO - Sync 1 DAGs
[2024-03-29T11:42:46.375+0000] {logging_mixin.py:188} INFO - [2024-03-29T11:42:46.374+0000] {dag.py:3834} INFO - Setting next_dagrun for ingesting_data_bq to 2024-03-29 00:00:00+00:00, run_after=2024-03-30 00:00:00+00:00
[2024-03-29T11:42:46.453+0000] {processor.py:183} INFO - Processing /opt/airflow/dags/ingest_data_to_gcs.py took 0.313 seconds
[2024-03-29T11:43:17.086+0000] {processor.py:161} INFO - Started process (PID=383) to work on /opt/airflow/dags/ingest_data_to_gcs.py
[2024-03-29T11:43:17.087+0000] {processor.py:830} INFO - Processing file /opt/airflow/dags/ingest_data_to_gcs.py for tasks to queue
[2024-03-29T11:43:17.091+0000] {logging_mixin.py:188} INFO - [2024-03-29T11:43:17.090+0000] {dagbag.py:540} INFO - Filling up the DagBag from /opt/airflow/dags/ingest_data_to_gcs.py
[2024-03-29T11:43:17.141+0000] {processor.py:840} INFO - DAG(s) 'ingesting_data_bq' retrieved from /opt/airflow/dags/ingest_data_to_gcs.py
[2024-03-29T11:43:17.214+0000] {logging_mixin.py:188} INFO - [2024-03-29T11:43:17.214+0000] {dag.py:3047} INFO - Sync 1 DAGs
[2024-03-29T11:43:17.249+0000] {logging_mixin.py:188} INFO - [2024-03-29T11:43:17.249+0000] {dag.py:3834} INFO - Setting next_dagrun for ingesting_data_bq to 2024-03-29 00:00:00+00:00, run_after=2024-03-30 00:00:00+00:00
[2024-03-29T11:43:17.433+0000] {processor.py:183} INFO - Processing /opt/airflow/dags/ingest_data_to_gcs.py took 0.350 seconds
[2024-03-29T11:43:47.918+0000] {processor.py:161} INFO - Started process (PID=438) to work on /opt/airflow/dags/ingest_data_to_gcs.py
[2024-03-29T11:43:47.919+0000] {processor.py:830} INFO - Processing file /opt/airflow/dags/ingest_data_to_gcs.py for tasks to queue
[2024-03-29T11:43:47.922+0000] {logging_mixin.py:188} INFO - [2024-03-29T11:43:47.922+0000] {dagbag.py:540} INFO - Filling up the DagBag from /opt/airflow/dags/ingest_data_to_gcs.py
[2024-03-29T11:43:47.985+0000] {processor.py:840} INFO - DAG(s) 'ingesting_data_bq' retrieved from /opt/airflow/dags/ingest_data_to_gcs.py
[2024-03-29T11:43:48.046+0000] {logging_mixin.py:188} INFO - [2024-03-29T11:43:48.045+0000] {dag.py:3047} INFO - Sync 1 DAGs
[2024-03-29T11:43:48.089+0000] {logging_mixin.py:188} INFO - [2024-03-29T11:43:48.089+0000] {dag.py:3834} INFO - Setting next_dagrun for ingesting_data_bq to 2024-03-29 00:00:00+00:00, run_after=2024-03-30 00:00:00+00:00
[2024-03-29T11:43:48.165+0000] {processor.py:183} INFO - Processing /opt/airflow/dags/ingest_data_to_gcs.py took 0.252 seconds
[2024-03-29T11:44:19.147+0000] {processor.py:161} INFO - Started process (PID=500) to work on /opt/airflow/dags/ingest_data_to_gcs.py
[2024-03-29T11:44:19.150+0000] {processor.py:830} INFO - Processing file /opt/airflow/dags/ingest_data_to_gcs.py for tasks to queue
[2024-03-29T11:44:19.154+0000] {logging_mixin.py:188} INFO - [2024-03-29T11:44:19.152+0000] {dagbag.py:540} INFO - Filling up the DagBag from /opt/airflow/dags/ingest_data_to_gcs.py
[2024-03-29T11:44:19.202+0000] {processor.py:840} INFO - DAG(s) 'ingesting_data_bq' retrieved from /opt/airflow/dags/ingest_data_to_gcs.py
[2024-03-29T11:44:19.234+0000] {logging_mixin.py:188} INFO - [2024-03-29T11:44:19.234+0000] {dag.py:3047} INFO - Sync 1 DAGs
[2024-03-29T11:44:19.268+0000] {logging_mixin.py:188} INFO - [2024-03-29T11:44:19.268+0000] {dag.py:3834} INFO - Setting next_dagrun for ingesting_data_bq to 2024-03-29 00:00:00+00:00, run_after=2024-03-30 00:00:00+00:00
[2024-03-29T11:44:19.290+0000] {processor.py:183} INFO - Processing /opt/airflow/dags/ingest_data_to_gcs.py took 0.152 seconds
[2024-03-29T11:44:49.778+0000] {processor.py:161} INFO - Started process (PID=556) to work on /opt/airflow/dags/ingest_data_to_gcs.py
[2024-03-29T11:44:49.779+0000] {processor.py:830} INFO - Processing file /opt/airflow/dags/ingest_data_to_gcs.py for tasks to queue
[2024-03-29T11:44:49.781+0000] {logging_mixin.py:188} INFO - [2024-03-29T11:44:49.781+0000] {dagbag.py:540} INFO - Filling up the DagBag from /opt/airflow/dags/ingest_data_to_gcs.py
[2024-03-29T11:44:49.832+0000] {processor.py:840} INFO - DAG(s) 'ingesting_data_bq' retrieved from /opt/airflow/dags/ingest_data_to_gcs.py
[2024-03-29T11:44:49.871+0000] {logging_mixin.py:188} INFO - [2024-03-29T11:44:49.871+0000] {dag.py:3047} INFO - Sync 1 DAGs
[2024-03-29T11:44:49.901+0000] {logging_mixin.py:188} INFO - [2024-03-29T11:44:49.900+0000] {dag.py:3834} INFO - Setting next_dagrun for ingesting_data_bq to 2024-03-29 00:00:00+00:00, run_after=2024-03-30 00:00:00+00:00
[2024-03-29T11:44:49.929+0000] {processor.py:183} INFO - Processing /opt/airflow/dags/ingest_data_to_gcs.py took 0.155 seconds
[2024-03-29T11:45:20.175+0000] {processor.py:161} INFO - Started process (PID=612) to work on /opt/airflow/dags/ingest_data_to_gcs.py
[2024-03-29T11:45:20.179+0000] {processor.py:830} INFO - Processing file /opt/airflow/dags/ingest_data_to_gcs.py for tasks to queue
[2024-03-29T11:45:20.187+0000] {logging_mixin.py:188} INFO - [2024-03-29T11:45:20.186+0000] {dagbag.py:540} INFO - Filling up the DagBag from /opt/airflow/dags/ingest_data_to_gcs.py
[2024-03-29T11:45:20.236+0000] {processor.py:840} INFO - DAG(s) 'ingesting_data_bq' retrieved from /opt/airflow/dags/ingest_data_to_gcs.py
[2024-03-29T11:45:20.295+0000] {logging_mixin.py:188} INFO - [2024-03-29T11:45:20.294+0000] {dag.py:3047} INFO - Sync 1 DAGs
[2024-03-29T11:45:20.345+0000] {logging_mixin.py:188} INFO - [2024-03-29T11:45:20.344+0000] {dag.py:3834} INFO - Setting next_dagrun for ingesting_data_bq to 2024-03-29 00:00:00+00:00, run_after=2024-03-30 00:00:00+00:00
[2024-03-29T11:45:20.399+0000] {processor.py:183} INFO - Processing /opt/airflow/dags/ingest_data_to_gcs.py took 0.232 seconds
[2024-03-29T11:45:50.874+0000] {processor.py:161} INFO - Started process (PID=668) to work on /opt/airflow/dags/ingest_data_to_gcs.py
[2024-03-29T11:45:50.876+0000] {processor.py:830} INFO - Processing file /opt/airflow/dags/ingest_data_to_gcs.py for tasks to queue
[2024-03-29T11:45:50.879+0000] {logging_mixin.py:188} INFO - [2024-03-29T11:45:50.878+0000] {dagbag.py:540} INFO - Filling up the DagBag from /opt/airflow/dags/ingest_data_to_gcs.py
[2024-03-29T11:45:50.913+0000] {processor.py:840} INFO - DAG(s) 'ingesting_data_bq' retrieved from /opt/airflow/dags/ingest_data_to_gcs.py
[2024-03-29T11:45:50.947+0000] {logging_mixin.py:188} INFO - [2024-03-29T11:45:50.947+0000] {dag.py:3047} INFO - Sync 1 DAGs
[2024-03-29T11:45:50.973+0000] {logging_mixin.py:188} INFO - [2024-03-29T11:45:50.973+0000] {dag.py:3834} INFO - Setting next_dagrun for ingesting_data_bq to 2024-03-29 00:00:00+00:00, run_after=2024-03-30 00:00:00+00:00
[2024-03-29T11:45:50.993+0000] {processor.py:183} INFO - Processing /opt/airflow/dags/ingest_data_to_gcs.py took 0.123 seconds
[2024-03-29T11:46:21.354+0000] {processor.py:161} INFO - Started process (PID=724) to work on /opt/airflow/dags/ingest_data_to_gcs.py
[2024-03-29T11:46:21.356+0000] {processor.py:830} INFO - Processing file /opt/airflow/dags/ingest_data_to_gcs.py for tasks to queue
[2024-03-29T11:46:21.358+0000] {logging_mixin.py:188} INFO - [2024-03-29T11:46:21.358+0000] {dagbag.py:540} INFO - Filling up the DagBag from /opt/airflow/dags/ingest_data_to_gcs.py
[2024-03-29T11:46:21.398+0000] {processor.py:840} INFO - DAG(s) 'ingesting_data_bq' retrieved from /opt/airflow/dags/ingest_data_to_gcs.py
[2024-03-29T11:46:21.428+0000] {logging_mixin.py:188} INFO - [2024-03-29T11:46:21.428+0000] {dag.py:3047} INFO - Sync 1 DAGs
[2024-03-29T11:46:21.452+0000] {logging_mixin.py:188} INFO - [2024-03-29T11:46:21.451+0000] {dag.py:3834} INFO - Setting next_dagrun for ingesting_data_bq to 2024-03-29 00:00:00+00:00, run_after=2024-03-30 00:00:00+00:00
[2024-03-29T11:46:21.476+0000] {processor.py:183} INFO - Processing /opt/airflow/dags/ingest_data_to_gcs.py took 0.124 seconds
[2024-03-29T11:46:51.567+0000] {processor.py:161} INFO - Started process (PID=780) to work on /opt/airflow/dags/ingest_data_to_gcs.py
[2024-03-29T11:46:51.570+0000] {processor.py:830} INFO - Processing file /opt/airflow/dags/ingest_data_to_gcs.py for tasks to queue
[2024-03-29T11:46:51.586+0000] {logging_mixin.py:188} INFO - [2024-03-29T11:46:51.585+0000] {dagbag.py:540} INFO - Filling up the DagBag from /opt/airflow/dags/ingest_data_to_gcs.py
[2024-03-29T11:46:51.731+0000] {processor.py:840} INFO - DAG(s) 'ingesting_data_bq' retrieved from /opt/airflow/dags/ingest_data_to_gcs.py
[2024-03-29T11:46:51.828+0000] {logging_mixin.py:188} INFO - [2024-03-29T11:46:51.828+0000] {dag.py:3047} INFO - Sync 1 DAGs
[2024-03-29T11:46:51.876+0000] {logging_mixin.py:188} INFO - [2024-03-29T11:46:51.876+0000] {dag.py:3834} INFO - Setting next_dagrun for ingesting_data_bq to 2024-03-29 00:00:00+00:00, run_after=2024-03-30 00:00:00+00:00
[2024-03-29T11:46:51.895+0000] {processor.py:183} INFO - Processing /opt/airflow/dags/ingest_data_to_gcs.py took 0.332 seconds
[2024-03-29T11:47:21.990+0000] {processor.py:161} INFO - Started process (PID=836) to work on /opt/airflow/dags/ingest_data_to_gcs.py
[2024-03-29T11:47:21.995+0000] {processor.py:830} INFO - Processing file /opt/airflow/dags/ingest_data_to_gcs.py for tasks to queue
[2024-03-29T11:47:21.999+0000] {logging_mixin.py:188} INFO - [2024-03-29T11:47:21.998+0000] {dagbag.py:540} INFO - Filling up the DagBag from /opt/airflow/dags/ingest_data_to_gcs.py
[2024-03-29T11:47:22.036+0000] {processor.py:840} INFO - DAG(s) 'ingesting_data_bq' retrieved from /opt/airflow/dags/ingest_data_to_gcs.py
[2024-03-29T11:47:22.072+0000] {logging_mixin.py:188} INFO - [2024-03-29T11:47:22.071+0000] {dag.py:3047} INFO - Sync 1 DAGs
[2024-03-29T11:47:22.098+0000] {logging_mixin.py:188} INFO - [2024-03-29T11:47:22.098+0000] {dag.py:3834} INFO - Setting next_dagrun for ingesting_data_bq to 2024-03-29 00:00:00+00:00, run_after=2024-03-30 00:00:00+00:00
[2024-03-29T11:47:22.122+0000] {processor.py:183} INFO - Processing /opt/airflow/dags/ingest_data_to_gcs.py took 0.138 seconds
[2024-03-29T11:47:52.709+0000] {processor.py:161} INFO - Started process (PID=892) to work on /opt/airflow/dags/ingest_data_to_gcs.py
[2024-03-29T11:47:52.710+0000] {processor.py:830} INFO - Processing file /opt/airflow/dags/ingest_data_to_gcs.py for tasks to queue
[2024-03-29T11:47:52.714+0000] {logging_mixin.py:188} INFO - [2024-03-29T11:47:52.713+0000] {dagbag.py:540} INFO - Filling up the DagBag from /opt/airflow/dags/ingest_data_to_gcs.py
[2024-03-29T11:47:52.747+0000] {processor.py:840} INFO - DAG(s) 'ingesting_data_bq' retrieved from /opt/airflow/dags/ingest_data_to_gcs.py
[2024-03-29T11:47:52.785+0000] {logging_mixin.py:188} INFO - [2024-03-29T11:47:52.785+0000] {dag.py:3047} INFO - Sync 1 DAGs
[2024-03-29T11:47:52.823+0000] {logging_mixin.py:188} INFO - [2024-03-29T11:47:52.823+0000] {dag.py:3834} INFO - Setting next_dagrun for ingesting_data_bq to 2024-03-29 00:00:00+00:00, run_after=2024-03-30 00:00:00+00:00
[2024-03-29T11:47:52.844+0000] {processor.py:183} INFO - Processing /opt/airflow/dags/ingest_data_to_gcs.py took 0.139 seconds
[2024-03-29T11:48:23.068+0000] {processor.py:161} INFO - Started process (PID=947) to work on /opt/airflow/dags/ingest_data_to_gcs.py
[2024-03-29T11:48:23.069+0000] {processor.py:830} INFO - Processing file /opt/airflow/dags/ingest_data_to_gcs.py for tasks to queue
[2024-03-29T11:48:23.071+0000] {logging_mixin.py:188} INFO - [2024-03-29T11:48:23.071+0000] {dagbag.py:540} INFO - Filling up the DagBag from /opt/airflow/dags/ingest_data_to_gcs.py
[2024-03-29T11:48:23.106+0000] {processor.py:840} INFO - DAG(s) 'ingesting_data_bq' retrieved from /opt/airflow/dags/ingest_data_to_gcs.py
[2024-03-29T11:48:23.141+0000] {logging_mixin.py:188} INFO - [2024-03-29T11:48:23.141+0000] {dag.py:3047} INFO - Sync 1 DAGs
[2024-03-29T11:48:23.164+0000] {logging_mixin.py:188} INFO - [2024-03-29T11:48:23.164+0000] {dag.py:3834} INFO - Setting next_dagrun for ingesting_data_bq to 2024-03-29 00:00:00+00:00, run_after=2024-03-30 00:00:00+00:00
[2024-03-29T11:48:23.181+0000] {processor.py:183} INFO - Processing /opt/airflow/dags/ingest_data_to_gcs.py took 0.115 seconds
[2024-03-29T11:48:53.624+0000] {processor.py:161} INFO - Started process (PID=1003) to work on /opt/airflow/dags/ingest_data_to_gcs.py
[2024-03-29T11:48:53.625+0000] {processor.py:830} INFO - Processing file /opt/airflow/dags/ingest_data_to_gcs.py for tasks to queue
[2024-03-29T11:48:53.627+0000] {logging_mixin.py:188} INFO - [2024-03-29T11:48:53.626+0000] {dagbag.py:540} INFO - Filling up the DagBag from /opt/airflow/dags/ingest_data_to_gcs.py
[2024-03-29T11:48:53.671+0000] {processor.py:840} INFO - DAG(s) 'ingesting_data_bq' retrieved from /opt/airflow/dags/ingest_data_to_gcs.py
[2024-03-29T11:48:53.728+0000] {logging_mixin.py:188} INFO - [2024-03-29T11:48:53.728+0000] {dag.py:3047} INFO - Sync 1 DAGs
[2024-03-29T11:48:53.823+0000] {logging_mixin.py:188} INFO - [2024-03-29T11:48:53.822+0000] {dag.py:3834} INFO - Setting next_dagrun for ingesting_data_bq to 2024-03-29 00:00:00+00:00, run_after=2024-03-30 00:00:00+00:00
[2024-03-29T11:48:53.864+0000] {processor.py:183} INFO - Processing /opt/airflow/dags/ingest_data_to_gcs.py took 0.243 seconds
[2024-03-29T11:49:24.015+0000] {processor.py:161} INFO - Started process (PID=1058) to work on /opt/airflow/dags/ingest_data_to_gcs.py
[2024-03-29T11:49:24.016+0000] {processor.py:830} INFO - Processing file /opt/airflow/dags/ingest_data_to_gcs.py for tasks to queue
[2024-03-29T11:49:24.018+0000] {logging_mixin.py:188} INFO - [2024-03-29T11:49:24.018+0000] {dagbag.py:540} INFO - Filling up the DagBag from /opt/airflow/dags/ingest_data_to_gcs.py
[2024-03-29T11:49:24.057+0000] {processor.py:840} INFO - DAG(s) 'ingesting_data_bq' retrieved from /opt/airflow/dags/ingest_data_to_gcs.py
[2024-03-29T11:49:24.089+0000] {logging_mixin.py:188} INFO - [2024-03-29T11:49:24.089+0000] {dag.py:3047} INFO - Sync 1 DAGs
[2024-03-29T11:49:24.117+0000] {logging_mixin.py:188} INFO - [2024-03-29T11:49:24.117+0000] {dag.py:3834} INFO - Setting next_dagrun for ingesting_data_bq to 2024-03-29 00:00:00+00:00, run_after=2024-03-30 00:00:00+00:00
[2024-03-29T11:49:24.149+0000] {processor.py:183} INFO - Processing /opt/airflow/dags/ingest_data_to_gcs.py took 0.137 seconds
[2024-03-29T11:49:54.809+0000] {processor.py:161} INFO - Started process (PID=1114) to work on /opt/airflow/dags/ingest_data_to_gcs.py
[2024-03-29T11:49:54.810+0000] {processor.py:830} INFO - Processing file /opt/airflow/dags/ingest_data_to_gcs.py for tasks to queue
[2024-03-29T11:49:54.813+0000] {logging_mixin.py:188} INFO - [2024-03-29T11:49:54.812+0000] {dagbag.py:540} INFO - Filling up the DagBag from /opt/airflow/dags/ingest_data_to_gcs.py
[2024-03-29T11:49:54.865+0000] {processor.py:840} INFO - DAG(s) 'ingesting_data_bq' retrieved from /opt/airflow/dags/ingest_data_to_gcs.py
[2024-03-29T11:49:54.904+0000] {logging_mixin.py:188} INFO - [2024-03-29T11:49:54.904+0000] {dag.py:3047} INFO - Sync 1 DAGs
[2024-03-29T11:49:54.946+0000] {logging_mixin.py:188} INFO - [2024-03-29T11:49:54.946+0000] {dag.py:3834} INFO - Setting next_dagrun for ingesting_data_bq to 2024-03-29 00:00:00+00:00, run_after=2024-03-30 00:00:00+00:00
[2024-03-29T11:49:54.980+0000] {processor.py:183} INFO - Processing /opt/airflow/dags/ingest_data_to_gcs.py took 0.177 seconds
[2024-03-29T11:50:25.308+0000] {processor.py:161} INFO - Started process (PID=1170) to work on /opt/airflow/dags/ingest_data_to_gcs.py
[2024-03-29T11:50:25.309+0000] {processor.py:830} INFO - Processing file /opt/airflow/dags/ingest_data_to_gcs.py for tasks to queue
[2024-03-29T11:50:25.311+0000] {logging_mixin.py:188} INFO - [2024-03-29T11:50:25.311+0000] {dagbag.py:540} INFO - Filling up the DagBag from /opt/airflow/dags/ingest_data_to_gcs.py
[2024-03-29T11:50:25.346+0000] {processor.py:840} INFO - DAG(s) 'ingesting_data_bq' retrieved from /opt/airflow/dags/ingest_data_to_gcs.py
[2024-03-29T11:50:25.375+0000] {logging_mixin.py:188} INFO - [2024-03-29T11:50:25.375+0000] {dag.py:3047} INFO - Sync 1 DAGs
[2024-03-29T11:50:25.399+0000] {logging_mixin.py:188} INFO - [2024-03-29T11:50:25.399+0000] {dag.py:3834} INFO - Setting next_dagrun for ingesting_data_bq to 2024-03-29 00:00:00+00:00, run_after=2024-03-30 00:00:00+00:00
[2024-03-29T11:50:25.425+0000] {processor.py:183} INFO - Processing /opt/airflow/dags/ingest_data_to_gcs.py took 0.121 seconds
[2024-03-29T11:50:55.832+0000] {processor.py:161} INFO - Started process (PID=1226) to work on /opt/airflow/dags/ingest_data_to_gcs.py
[2024-03-29T11:50:55.833+0000] {processor.py:830} INFO - Processing file /opt/airflow/dags/ingest_data_to_gcs.py for tasks to queue
[2024-03-29T11:50:55.836+0000] {logging_mixin.py:188} INFO - [2024-03-29T11:50:55.836+0000] {dagbag.py:540} INFO - Filling up the DagBag from /opt/airflow/dags/ingest_data_to_gcs.py
[2024-03-29T11:50:55.865+0000] {processor.py:840} INFO - DAG(s) 'ingesting_data_bq' retrieved from /opt/airflow/dags/ingest_data_to_gcs.py
[2024-03-29T11:50:55.898+0000] {logging_mixin.py:188} INFO - [2024-03-29T11:50:55.898+0000] {dag.py:3047} INFO - Sync 1 DAGs
[2024-03-29T11:50:55.923+0000] {logging_mixin.py:188} INFO - [2024-03-29T11:50:55.923+0000] {dag.py:3834} INFO - Setting next_dagrun for ingesting_data_bq to 2024-03-29 00:00:00+00:00, run_after=2024-03-30 00:00:00+00:00
[2024-03-29T11:50:55.941+0000] {processor.py:183} INFO - Processing /opt/airflow/dags/ingest_data_to_gcs.py took 0.112 seconds
[2024-03-29T11:51:26.331+0000] {processor.py:161} INFO - Started process (PID=1282) to work on /opt/airflow/dags/ingest_data_to_gcs.py
[2024-03-29T11:51:26.331+0000] {processor.py:830} INFO - Processing file /opt/airflow/dags/ingest_data_to_gcs.py for tasks to queue
[2024-03-29T11:51:26.333+0000] {logging_mixin.py:188} INFO - [2024-03-29T11:51:26.333+0000] {dagbag.py:540} INFO - Filling up the DagBag from /opt/airflow/dags/ingest_data_to_gcs.py
[2024-03-29T11:51:26.371+0000] {processor.py:840} INFO - DAG(s) 'ingesting_data_bq' retrieved from /opt/airflow/dags/ingest_data_to_gcs.py
[2024-03-29T11:51:26.398+0000] {logging_mixin.py:188} INFO - [2024-03-29T11:51:26.398+0000] {dag.py:3047} INFO - Sync 1 DAGs
[2024-03-29T11:51:26.424+0000] {logging_mixin.py:188} INFO - [2024-03-29T11:51:26.424+0000] {dag.py:3834} INFO - Setting next_dagrun for ingesting_data_bq to 2024-03-29 00:00:00+00:00, run_after=2024-03-30 00:00:00+00:00
[2024-03-29T11:51:26.460+0000] {processor.py:183} INFO - Processing /opt/airflow/dags/ingest_data_to_gcs.py took 0.132 seconds
[2024-03-29T11:51:56.930+0000] {processor.py:161} INFO - Started process (PID=1338) to work on /opt/airflow/dags/ingest_data_to_gcs.py
[2024-03-29T11:51:56.931+0000] {processor.py:830} INFO - Processing file /opt/airflow/dags/ingest_data_to_gcs.py for tasks to queue
[2024-03-29T11:51:56.933+0000] {logging_mixin.py:188} INFO - [2024-03-29T11:51:56.933+0000] {dagbag.py:540} INFO - Filling up the DagBag from /opt/airflow/dags/ingest_data_to_gcs.py
[2024-03-29T11:51:56.967+0000] {processor.py:840} INFO - DAG(s) 'ingesting_data_bq' retrieved from /opt/airflow/dags/ingest_data_to_gcs.py
[2024-03-29T11:51:57.000+0000] {logging_mixin.py:188} INFO - [2024-03-29T11:51:56.999+0000] {dag.py:3047} INFO - Sync 1 DAGs
[2024-03-29T11:51:57.028+0000] {logging_mixin.py:188} INFO - [2024-03-29T11:51:57.027+0000] {dag.py:3834} INFO - Setting next_dagrun for ingesting_data_bq to 2024-03-29 00:00:00+00:00, run_after=2024-03-30 00:00:00+00:00
[2024-03-29T11:51:57.065+0000] {processor.py:183} INFO - Processing /opt/airflow/dags/ingest_data_to_gcs.py took 0.138 seconds
[2024-03-29T11:52:27.122+0000] {processor.py:161} INFO - Started process (PID=1394) to work on /opt/airflow/dags/ingest_data_to_gcs.py
[2024-03-29T11:52:27.123+0000] {processor.py:830} INFO - Processing file /opt/airflow/dags/ingest_data_to_gcs.py for tasks to queue
[2024-03-29T11:52:27.125+0000] {logging_mixin.py:188} INFO - [2024-03-29T11:52:27.124+0000] {dagbag.py:540} INFO - Filling up the DagBag from /opt/airflow/dags/ingest_data_to_gcs.py
[2024-03-29T11:52:27.159+0000] {processor.py:840} INFO - DAG(s) 'ingesting_data_bq' retrieved from /opt/airflow/dags/ingest_data_to_gcs.py
[2024-03-29T11:52:27.188+0000] {logging_mixin.py:188} INFO - [2024-03-29T11:52:27.187+0000] {dag.py:3047} INFO - Sync 1 DAGs
[2024-03-29T11:52:27.216+0000] {logging_mixin.py:188} INFO - [2024-03-29T11:52:27.216+0000] {dag.py:3834} INFO - Setting next_dagrun for ingesting_data_bq to 2024-03-29 00:00:00+00:00, run_after=2024-03-30 00:00:00+00:00
[2024-03-29T11:52:27.237+0000] {processor.py:183} INFO - Processing /opt/airflow/dags/ingest_data_to_gcs.py took 0.119 seconds
[2024-03-29T11:52:58.063+0000] {processor.py:161} INFO - Started process (PID=1450) to work on /opt/airflow/dags/ingest_data_to_gcs.py
[2024-03-29T11:52:58.064+0000] {processor.py:830} INFO - Processing file /opt/airflow/dags/ingest_data_to_gcs.py for tasks to queue
[2024-03-29T11:52:58.069+0000] {logging_mixin.py:188} INFO - [2024-03-29T11:52:58.068+0000] {dagbag.py:540} INFO - Filling up the DagBag from /opt/airflow/dags/ingest_data_to_gcs.py
[2024-03-29T11:52:58.122+0000] {processor.py:840} INFO - DAG(s) 'ingesting_data_bq' retrieved from /opt/airflow/dags/ingest_data_to_gcs.py
[2024-03-29T11:52:58.168+0000] {logging_mixin.py:188} INFO - [2024-03-29T11:52:58.167+0000] {dag.py:3047} INFO - Sync 1 DAGs
[2024-03-29T11:52:58.212+0000] {logging_mixin.py:188} INFO - [2024-03-29T11:52:58.212+0000] {dag.py:3834} INFO - Setting next_dagrun for ingesting_data_bq to 2024-03-29 00:00:00+00:00, run_after=2024-03-30 00:00:00+00:00
[2024-03-29T11:52:58.284+0000] {processor.py:183} INFO - Processing /opt/airflow/dags/ingest_data_to_gcs.py took 0.225 seconds
[2024-03-29T11:53:29.174+0000] {processor.py:161} INFO - Started process (PID=1507) to work on /opt/airflow/dags/ingest_data_to_gcs.py
[2024-03-29T11:53:29.176+0000] {processor.py:830} INFO - Processing file /opt/airflow/dags/ingest_data_to_gcs.py for tasks to queue
[2024-03-29T11:53:29.191+0000] {logging_mixin.py:188} INFO - [2024-03-29T11:53:29.190+0000] {dagbag.py:540} INFO - Filling up the DagBag from /opt/airflow/dags/ingest_data_to_gcs.py
[2024-03-29T11:53:29.323+0000] {processor.py:840} INFO - DAG(s) 'ingesting_data_bq' retrieved from /opt/airflow/dags/ingest_data_to_gcs.py
[2024-03-29T11:53:29.467+0000] {logging_mixin.py:188} INFO - [2024-03-29T11:53:29.466+0000] {dag.py:3047} INFO - Sync 1 DAGs
[2024-03-29T11:53:29.531+0000] {logging_mixin.py:188} INFO - [2024-03-29T11:53:29.531+0000] {dag.py:3834} INFO - Setting next_dagrun for ingesting_data_bq to 2024-03-29 00:00:00+00:00, run_after=2024-03-30 00:00:00+00:00
[2024-03-29T11:53:29.573+0000] {processor.py:183} INFO - Processing /opt/airflow/dags/ingest_data_to_gcs.py took 0.402 seconds
[2024-03-29T11:54:00.192+0000] {processor.py:161} INFO - Started process (PID=1563) to work on /opt/airflow/dags/ingest_data_to_gcs.py
[2024-03-29T11:54:00.193+0000] {processor.py:830} INFO - Processing file /opt/airflow/dags/ingest_data_to_gcs.py for tasks to queue
[2024-03-29T11:54:00.195+0000] {logging_mixin.py:188} INFO - [2024-03-29T11:54:00.194+0000] {dagbag.py:540} INFO - Filling up the DagBag from /opt/airflow/dags/ingest_data_to_gcs.py
[2024-03-29T11:54:00.229+0000] {processor.py:840} INFO - DAG(s) 'ingesting_data_bq' retrieved from /opt/airflow/dags/ingest_data_to_gcs.py
[2024-03-29T11:54:00.257+0000] {logging_mixin.py:188} INFO - [2024-03-29T11:54:00.256+0000] {dag.py:3047} INFO - Sync 1 DAGs
[2024-03-29T11:54:00.280+0000] {logging_mixin.py:188} INFO - [2024-03-29T11:54:00.279+0000] {dag.py:3834} INFO - Setting next_dagrun for ingesting_data_bq to 2024-03-29 00:00:00+00:00, run_after=2024-03-30 00:00:00+00:00
[2024-03-29T11:54:00.298+0000] {processor.py:183} INFO - Processing /opt/airflow/dags/ingest_data_to_gcs.py took 0.110 seconds
[2024-03-29T11:54:30.889+0000] {processor.py:161} INFO - Started process (PID=1619) to work on /opt/airflow/dags/ingest_data_to_gcs.py
[2024-03-29T11:54:30.890+0000] {processor.py:830} INFO - Processing file /opt/airflow/dags/ingest_data_to_gcs.py for tasks to queue
[2024-03-29T11:54:30.892+0000] {logging_mixin.py:188} INFO - [2024-03-29T11:54:30.892+0000] {dagbag.py:540} INFO - Filling up the DagBag from /opt/airflow/dags/ingest_data_to_gcs.py
[2024-03-29T11:54:30.924+0000] {processor.py:840} INFO - DAG(s) 'ingesting_data_bq' retrieved from /opt/airflow/dags/ingest_data_to_gcs.py
[2024-03-29T11:54:30.956+0000] {logging_mixin.py:188} INFO - [2024-03-29T11:54:30.956+0000] {dag.py:3047} INFO - Sync 1 DAGs
[2024-03-29T11:54:30.981+0000] {logging_mixin.py:188} INFO - [2024-03-29T11:54:30.980+0000] {dag.py:3834} INFO - Setting next_dagrun for ingesting_data_bq to 2024-03-29 00:00:00+00:00, run_after=2024-03-30 00:00:00+00:00
[2024-03-29T11:54:30.999+0000] {processor.py:183} INFO - Processing /opt/airflow/dags/ingest_data_to_gcs.py took 0.112 seconds
[2024-03-29T11:55:01.629+0000] {processor.py:161} INFO - Started process (PID=1675) to work on /opt/airflow/dags/ingest_data_to_gcs.py
[2024-03-29T11:55:01.631+0000] {processor.py:830} INFO - Processing file /opt/airflow/dags/ingest_data_to_gcs.py for tasks to queue
[2024-03-29T11:55:01.633+0000] {logging_mixin.py:188} INFO - [2024-03-29T11:55:01.633+0000] {dagbag.py:540} INFO - Filling up the DagBag from /opt/airflow/dags/ingest_data_to_gcs.py
[2024-03-29T11:55:01.672+0000] {processor.py:840} INFO - DAG(s) 'ingesting_data_bq' retrieved from /opt/airflow/dags/ingest_data_to_gcs.py
[2024-03-29T11:55:01.708+0000] {logging_mixin.py:188} INFO - [2024-03-29T11:55:01.708+0000] {dag.py:3047} INFO - Sync 1 DAGs
[2024-03-29T11:55:01.740+0000] {logging_mixin.py:188} INFO - [2024-03-29T11:55:01.739+0000] {dag.py:3834} INFO - Setting next_dagrun for ingesting_data_bq to 2024-03-29 00:00:00+00:00, run_after=2024-03-30 00:00:00+00:00
[2024-03-29T11:55:01.764+0000] {processor.py:183} INFO - Processing /opt/airflow/dags/ingest_data_to_gcs.py took 0.139 seconds
[2024-03-29T11:55:31.809+0000] {processor.py:161} INFO - Started process (PID=1732) to work on /opt/airflow/dags/ingest_data_to_gcs.py
[2024-03-29T11:55:31.810+0000] {processor.py:830} INFO - Processing file /opt/airflow/dags/ingest_data_to_gcs.py for tasks to queue
[2024-03-29T11:55:31.811+0000] {logging_mixin.py:188} INFO - [2024-03-29T11:55:31.811+0000] {dagbag.py:540} INFO - Filling up the DagBag from /opt/airflow/dags/ingest_data_to_gcs.py
[2024-03-29T11:55:31.841+0000] {processor.py:840} INFO - DAG(s) 'ingesting_data_bq' retrieved from /opt/airflow/dags/ingest_data_to_gcs.py
[2024-03-29T11:55:31.868+0000] {logging_mixin.py:188} INFO - [2024-03-29T11:55:31.868+0000] {dag.py:3047} INFO - Sync 1 DAGs
[2024-03-29T11:55:31.895+0000] {logging_mixin.py:188} INFO - [2024-03-29T11:55:31.895+0000] {dag.py:3834} INFO - Setting next_dagrun for ingesting_data_bq to 2024-03-29 00:00:00+00:00, run_after=2024-03-30 00:00:00+00:00
[2024-03-29T11:55:31.925+0000] {processor.py:183} INFO - Processing /opt/airflow/dags/ingest_data_to_gcs.py took 0.119 seconds
[2024-03-29T11:56:01.970+0000] {processor.py:161} INFO - Started process (PID=1788) to work on /opt/airflow/dags/ingest_data_to_gcs.py
[2024-03-29T11:56:01.971+0000] {processor.py:830} INFO - Processing file /opt/airflow/dags/ingest_data_to_gcs.py for tasks to queue
[2024-03-29T11:56:01.973+0000] {logging_mixin.py:188} INFO - [2024-03-29T11:56:01.973+0000] {dagbag.py:540} INFO - Filling up the DagBag from /opt/airflow/dags/ingest_data_to_gcs.py
[2024-03-29T11:56:02.002+0000] {processor.py:840} INFO - DAG(s) 'ingesting_data_bq' retrieved from /opt/airflow/dags/ingest_data_to_gcs.py
[2024-03-29T11:56:02.028+0000] {logging_mixin.py:188} INFO - [2024-03-29T11:56:02.028+0000] {dag.py:3047} INFO - Sync 1 DAGs
[2024-03-29T11:56:02.053+0000] {logging_mixin.py:188} INFO - [2024-03-29T11:56:02.052+0000] {dag.py:3834} INFO - Setting next_dagrun for ingesting_data_bq to 2024-03-29 00:00:00+00:00, run_after=2024-03-30 00:00:00+00:00
[2024-03-29T11:56:02.071+0000] {processor.py:183} INFO - Processing /opt/airflow/dags/ingest_data_to_gcs.py took 0.104 seconds
[2024-03-29T11:56:32.208+0000] {processor.py:161} INFO - Started process (PID=1845) to work on /opt/airflow/dags/ingest_data_to_gcs.py
[2024-03-29T11:56:32.210+0000] {processor.py:830} INFO - Processing file /opt/airflow/dags/ingest_data_to_gcs.py for tasks to queue
[2024-03-29T11:56:32.212+0000] {logging_mixin.py:188} INFO - [2024-03-29T11:56:32.211+0000] {dagbag.py:540} INFO - Filling up the DagBag from /opt/airflow/dags/ingest_data_to_gcs.py
[2024-03-29T11:56:32.247+0000] {processor.py:840} INFO - DAG(s) 'ingesting_data_bq' retrieved from /opt/airflow/dags/ingest_data_to_gcs.py
[2024-03-29T11:56:32.279+0000] {logging_mixin.py:188} INFO - [2024-03-29T11:56:32.279+0000] {dag.py:3047} INFO - Sync 1 DAGs
[2024-03-29T11:56:32.312+0000] {logging_mixin.py:188} INFO - [2024-03-29T11:56:32.311+0000] {dag.py:3834} INFO - Setting next_dagrun for ingesting_data_bq to 2024-03-29 00:00:00+00:00, run_after=2024-03-30 00:00:00+00:00
[2024-03-29T11:56:32.357+0000] {processor.py:183} INFO - Processing /opt/airflow/dags/ingest_data_to_gcs.py took 0.152 seconds
[2024-03-29T11:57:02.808+0000] {processor.py:161} INFO - Started process (PID=1902) to work on /opt/airflow/dags/ingest_data_to_gcs.py
[2024-03-29T11:57:02.810+0000] {processor.py:830} INFO - Processing file /opt/airflow/dags/ingest_data_to_gcs.py for tasks to queue
[2024-03-29T11:57:02.812+0000] {logging_mixin.py:188} INFO - [2024-03-29T11:57:02.812+0000] {dagbag.py:540} INFO - Filling up the DagBag from /opt/airflow/dags/ingest_data_to_gcs.py
[2024-03-29T11:57:02.849+0000] {processor.py:840} INFO - DAG(s) 'ingesting_data_bq' retrieved from /opt/airflow/dags/ingest_data_to_gcs.py
[2024-03-29T11:57:02.889+0000] {logging_mixin.py:188} INFO - [2024-03-29T11:57:02.889+0000] {dag.py:3047} INFO - Sync 1 DAGs
[2024-03-29T11:57:03.114+0000] {logging_mixin.py:188} INFO - [2024-03-29T11:57:03.113+0000] {dag.py:3834} INFO - Setting next_dagrun for ingesting_data_bq to 2024-03-29 00:00:00+00:00, run_after=2024-03-30 00:00:00+00:00
[2024-03-29T11:57:03.132+0000] {processor.py:183} INFO - Processing /opt/airflow/dags/ingest_data_to_gcs.py took 0.328 seconds
[2024-03-29T11:57:33.426+0000] {processor.py:161} INFO - Started process (PID=1958) to work on /opt/airflow/dags/ingest_data_to_gcs.py
[2024-03-29T11:57:33.427+0000] {processor.py:830} INFO - Processing file /opt/airflow/dags/ingest_data_to_gcs.py for tasks to queue
[2024-03-29T11:57:33.429+0000] {logging_mixin.py:188} INFO - [2024-03-29T11:57:33.429+0000] {dagbag.py:540} INFO - Filling up the DagBag from /opt/airflow/dags/ingest_data_to_gcs.py
[2024-03-29T11:57:33.469+0000] {processor.py:840} INFO - DAG(s) 'ingesting_data_bq' retrieved from /opt/airflow/dags/ingest_data_to_gcs.py
[2024-03-29T11:57:33.499+0000] {logging_mixin.py:188} INFO - [2024-03-29T11:57:33.498+0000] {dag.py:3047} INFO - Sync 1 DAGs
[2024-03-29T11:57:33.695+0000] {logging_mixin.py:188} INFO - [2024-03-29T11:57:33.695+0000] {dag.py:3834} INFO - Setting next_dagrun for ingesting_data_bq to 2024-03-29 00:00:00+00:00, run_after=2024-03-30 00:00:00+00:00
[2024-03-29T11:57:33.719+0000] {processor.py:183} INFO - Processing /opt/airflow/dags/ingest_data_to_gcs.py took 0.296 seconds
[2024-03-29T11:58:04.107+0000] {processor.py:161} INFO - Started process (PID=2014) to work on /opt/airflow/dags/ingest_data_to_gcs.py
[2024-03-29T11:58:04.108+0000] {processor.py:830} INFO - Processing file /opt/airflow/dags/ingest_data_to_gcs.py for tasks to queue
[2024-03-29T11:58:04.110+0000] {logging_mixin.py:188} INFO - [2024-03-29T11:58:04.110+0000] {dagbag.py:540} INFO - Filling up the DagBag from /opt/airflow/dags/ingest_data_to_gcs.py
[2024-03-29T11:58:04.145+0000] {processor.py:840} INFO - DAG(s) 'ingesting_data_bq' retrieved from /opt/airflow/dags/ingest_data_to_gcs.py
[2024-03-29T11:58:04.179+0000] {logging_mixin.py:188} INFO - [2024-03-29T11:58:04.179+0000] {dag.py:3047} INFO - Sync 1 DAGs
[2024-03-29T11:58:04.559+0000] {logging_mixin.py:188} INFO - [2024-03-29T11:58:04.559+0000] {dag.py:3834} INFO - Setting next_dagrun for ingesting_data_bq to 2024-03-29 00:00:00+00:00, run_after=2024-03-30 00:00:00+00:00
[2024-03-29T11:58:04.580+0000] {processor.py:183} INFO - Processing /opt/airflow/dags/ingest_data_to_gcs.py took 0.476 seconds
[2024-03-29T11:58:35.076+0000] {processor.py:161} INFO - Started process (PID=2069) to work on /opt/airflow/dags/ingest_data_to_gcs.py
[2024-03-29T11:58:35.077+0000] {processor.py:830} INFO - Processing file /opt/airflow/dags/ingest_data_to_gcs.py for tasks to queue
[2024-03-29T11:58:35.079+0000] {logging_mixin.py:188} INFO - [2024-03-29T11:58:35.078+0000] {dagbag.py:540} INFO - Filling up the DagBag from /opt/airflow/dags/ingest_data_to_gcs.py
[2024-03-29T11:58:35.112+0000] {processor.py:840} INFO - DAG(s) 'ingesting_data_bq' retrieved from /opt/airflow/dags/ingest_data_to_gcs.py
[2024-03-29T11:58:35.142+0000] {logging_mixin.py:188} INFO - [2024-03-29T11:58:35.141+0000] {dag.py:3047} INFO - Sync 1 DAGs
[2024-03-29T11:58:35.167+0000] {logging_mixin.py:188} INFO - [2024-03-29T11:58:35.166+0000] {dag.py:3834} INFO - Setting next_dagrun for ingesting_data_bq to 2024-03-29 00:00:00+00:00, run_after=2024-03-30 00:00:00+00:00
[2024-03-29T11:58:35.359+0000] {processor.py:183} INFO - Processing /opt/airflow/dags/ingest_data_to_gcs.py took 0.286 seconds
[2024-03-29T11:59:05.922+0000] {processor.py:161} INFO - Started process (PID=2125) to work on /opt/airflow/dags/ingest_data_to_gcs.py
[2024-03-29T11:59:05.923+0000] {processor.py:830} INFO - Processing file /opt/airflow/dags/ingest_data_to_gcs.py for tasks to queue
[2024-03-29T11:59:05.925+0000] {logging_mixin.py:188} INFO - [2024-03-29T11:59:05.925+0000] {dagbag.py:540} INFO - Filling up the DagBag from /opt/airflow/dags/ingest_data_to_gcs.py
[2024-03-29T11:59:05.956+0000] {processor.py:840} INFO - DAG(s) 'ingesting_data_bq' retrieved from /opt/airflow/dags/ingest_data_to_gcs.py
[2024-03-29T11:59:05.984+0000] {logging_mixin.py:188} INFO - [2024-03-29T11:59:05.984+0000] {dag.py:3047} INFO - Sync 1 DAGs
[2024-03-29T11:59:06.010+0000] {logging_mixin.py:188} INFO - [2024-03-29T11:59:06.009+0000] {dag.py:3834} INFO - Setting next_dagrun for ingesting_data_bq to 2024-03-29 00:00:00+00:00, run_after=2024-03-30 00:00:00+00:00
[2024-03-29T11:59:06.037+0000] {processor.py:183} INFO - Processing /opt/airflow/dags/ingest_data_to_gcs.py took 0.117 seconds
[2024-03-29T11:59:36.129+0000] {processor.py:161} INFO - Started process (PID=2180) to work on /opt/airflow/dags/ingest_data_to_gcs.py
[2024-03-29T11:59:36.130+0000] {processor.py:830} INFO - Processing file /opt/airflow/dags/ingest_data_to_gcs.py for tasks to queue
[2024-03-29T11:59:36.132+0000] {logging_mixin.py:188} INFO - [2024-03-29T11:59:36.132+0000] {dagbag.py:540} INFO - Filling up the DagBag from /opt/airflow/dags/ingest_data_to_gcs.py
[2024-03-29T11:59:36.166+0000] {processor.py:840} INFO - DAG(s) 'ingesting_data_bq' retrieved from /opt/airflow/dags/ingest_data_to_gcs.py
[2024-03-29T11:59:36.201+0000] {logging_mixin.py:188} INFO - [2024-03-29T11:59:36.201+0000] {dag.py:3047} INFO - Sync 1 DAGs
[2024-03-29T11:59:36.240+0000] {logging_mixin.py:188} INFO - [2024-03-29T11:59:36.240+0000] {dag.py:3834} INFO - Setting next_dagrun for ingesting_data_bq to 2024-03-29 00:00:00+00:00, run_after=2024-03-30 00:00:00+00:00
[2024-03-29T11:59:36.297+0000] {processor.py:183} INFO - Processing /opt/airflow/dags/ingest_data_to_gcs.py took 0.170 seconds
