[2024-03-18T07:56:34.253+0000] {taskinstance.py:1979} INFO - Dependencies all met for dep_context=non-requeueable deps ti=<TaskInstance: two_separate_groups.delete_dataset_files_4_task manual__2024-03-18T06:40:31.356042+00:00 [queued]>
[2024-03-18T07:56:34.408+0000] {taskinstance.py:1979} INFO - Dependencies all met for dep_context=requeueable deps ti=<TaskInstance: two_separate_groups.delete_dataset_files_4_task manual__2024-03-18T06:40:31.356042+00:00 [queued]>
[2024-03-18T07:56:34.433+0000] {taskinstance.py:2193} INFO - Starting attempt 3 of 3
[2024-03-18T07:56:34.666+0000] {taskinstance.py:2214} INFO - Executing <Task(BashOperator): delete_dataset_files_4_task> on 2024-03-18 06:40:31.356042+00:00
[2024-03-18T07:56:34.679+0000] {standard_task_runner.py:60} INFO - Started process 1715 to run task
[2024-03-18T07:56:34.723+0000] {standard_task_runner.py:87} INFO - Running: ['***', 'tasks', 'run', 'two_separate_groups', 'delete_dataset_files_4_task', 'manual__2024-03-18T06:40:31.356042+00:00', '--job-id', '272', '--raw', '--subdir', 'DAGS_FOLDER/ingest_data_to_gcs.py', '--cfg-path', '/tmp/tmptjbg8x3h']
[2024-03-18T07:56:34.743+0000] {standard_task_runner.py:88} INFO - Job 272: Subtask delete_dataset_files_4_task
[2024-03-18T07:56:35.763+0000] {task_command.py:423} INFO - Running <TaskInstance: two_separate_groups.delete_dataset_files_4_task manual__2024-03-18T06:40:31.356042+00:00 [running]> on host 9958f290dc4a
[2024-03-18T07:56:36.981+0000] {taskinstance.py:2510} INFO - Exporting env vars: AIRFLOW_CTX_DAG_OWNER='***' AIRFLOW_CTX_DAG_ID='two_separate_groups' AIRFLOW_CTX_TASK_ID='delete_dataset_files_4_task' AIRFLOW_CTX_EXECUTION_DATE='2024-03-18T06:40:31.356042+00:00' AIRFLOW_CTX_TRY_NUMBER='3' AIRFLOW_CTX_DAG_RUN_ID='manual__2024-03-18T06:40:31.356042+00:00'
[2024-03-18T07:56:37.022+0000] {subprocess.py:63} INFO - Tmp dir root location: /tmp
[2024-03-18T07:56:37.037+0000] {subprocess.py:75} INFO - Running command: ['/usr/bin/bash', '-c', 'rm /opt/***/chicago_crime_data_4.csv             rm /opt/***/chicago_crime_data_4.parquet']
[2024-03-18T07:56:37.357+0000] {subprocess.py:86} INFO - Output:
[2024-03-18T07:56:37.475+0000] {subprocess.py:93} INFO - rm: cannot remove 'rm': No such file or directory
[2024-03-18T07:56:37.480+0000] {subprocess.py:93} INFO - rm: cannot remove '/opt/***/chicago_crime_data_4.parquet': No such file or directory
[2024-03-18T07:56:37.481+0000] {subprocess.py:97} INFO - Command exited with return code 1
[2024-03-18T07:56:37.515+0000] {taskinstance.py:2728} ERROR - Task failed with exception
Traceback (most recent call last):
  File "/home/airflow/.local/lib/python3.8/site-packages/airflow/models/taskinstance.py", line 444, in _execute_task
    result = _execute_callable(context=context, **execute_callable_kwargs)
  File "/home/airflow/.local/lib/python3.8/site-packages/airflow/models/taskinstance.py", line 414, in _execute_callable
    return execute_callable(context=context, **execute_callable_kwargs)
  File "/home/airflow/.local/lib/python3.8/site-packages/airflow/operators/bash.py", line 212, in execute
    raise AirflowException(
airflow.exceptions.AirflowException: Bash command failed. The command returned a non-zero exit code 1.
[2024-03-18T07:56:37.578+0000] {taskinstance.py:1149} INFO - Marking task as FAILED. dag_id=two_separate_groups, task_id=delete_dataset_files_4_task, execution_date=20240318T064031, start_date=20240318T075634, end_date=20240318T075637
[2024-03-18T07:56:37.727+0000] {standard_task_runner.py:107} ERROR - Failed to execute job 272 for task delete_dataset_files_4_task (Bash command failed. The command returned a non-zero exit code 1.; 1715)
[2024-03-18T07:56:37.835+0000] {local_task_job_runner.py:234} INFO - Task exited with return code 1
[2024-03-18T07:56:38.187+0000] {taskinstance.py:3309} INFO - 0 downstream tasks scheduled from follow-on schedule check
