[2024-03-12T12:18:44.306+0000] {taskinstance.py:1979} INFO - Dependencies all met for dep_context=non-requeueable deps ti=<TaskInstance: two_separate_groups.format_to_parquet_dataset_4_task manual__2024-03-12T11:58:26.742535+00:00 [queued]>
[2024-03-12T12:18:44.314+0000] {taskinstance.py:1979} INFO - Dependencies all met for dep_context=requeueable deps ti=<TaskInstance: two_separate_groups.format_to_parquet_dataset_4_task manual__2024-03-12T11:58:26.742535+00:00 [queued]>
[2024-03-12T12:18:44.315+0000] {taskinstance.py:2193} INFO - Starting attempt 6 of 6
[2024-03-12T12:18:44.328+0000] {taskinstance.py:2214} INFO - Executing <Task(PythonOperator): format_to_parquet_dataset_4_task> on 2024-03-12 11:58:26.742535+00:00
[2024-03-12T12:18:44.333+0000] {standard_task_runner.py:60} INFO - Started process 2267 to run task
[2024-03-12T12:18:44.336+0000] {standard_task_runner.py:87} INFO - Running: ['***', 'tasks', 'run', 'two_separate_groups', 'format_to_parquet_dataset_4_task', 'manual__2024-03-12T11:58:26.742535+00:00', '--job-id', '94', '--raw', '--subdir', 'DAGS_FOLDER/create_dag.py', '--cfg-path', '/tmp/tmpmozs2n_n']
[2024-03-12T12:18:44.337+0000] {standard_task_runner.py:88} INFO - Job 94: Subtask format_to_parquet_dataset_4_task
[2024-03-12T12:18:44.373+0000] {task_command.py:423} INFO - Running <TaskInstance: two_separate_groups.format_to_parquet_dataset_4_task manual__2024-03-12T11:58:26.742535+00:00 [running]> on host 9958f290dc4a
[2024-03-12T12:18:44.436+0000] {taskinstance.py:2510} INFO - Exporting env vars: AIRFLOW_CTX_DAG_OWNER='***' AIRFLOW_CTX_DAG_ID='two_separate_groups' AIRFLOW_CTX_TASK_ID='format_to_parquet_dataset_4_task' AIRFLOW_CTX_EXECUTION_DATE='2024-03-12T11:58:26.742535+00:00' AIRFLOW_CTX_TRY_NUMBER='6' AIRFLOW_CTX_DAG_RUN_ID='manual__2024-03-12T11:58:26.742535+00:00'
[2024-03-12T12:18:44.447+0000] {taskinstance.py:2728} ERROR - Task failed with exception
Traceback (most recent call last):
  File "/home/airflow/.local/lib/python3.8/site-packages/airflow/models/taskinstance.py", line 444, in _execute_task
    result = _execute_callable(context=context, **execute_callable_kwargs)
  File "/home/airflow/.local/lib/python3.8/site-packages/airflow/models/taskinstance.py", line 414, in _execute_callable
    return execute_callable(context=context, **execute_callable_kwargs)
  File "/home/airflow/.local/lib/python3.8/site-packages/airflow/operators/python.py", line 200, in execute
    return_value = self.execute_callable()
  File "/home/airflow/.local/lib/python3.8/site-packages/airflow/operators/python.py", line 217, in execute_callable
    return self.python_callable(*self.op_args, **self.op_kwargs)
  File "/opt/airflow/dags/create_dag.py", line 30, in format_to_parquet
    table = pv.read_csv(src_file)
  File "pyarrow/_csv.pyx", line 1261, in pyarrow._csv.read_csv
  File "pyarrow/_csv.pyx", line 1270, in pyarrow._csv.read_csv
  File "pyarrow/error.pxi", line 154, in pyarrow.lib.pyarrow_internal_check_status
  File "pyarrow/error.pxi", line 91, in pyarrow.lib.check_status
OSError: zlib inflate failed: incorrect header check
[2024-03-12T12:18:44.457+0000] {taskinstance.py:1149} INFO - Marking task as FAILED. dag_id=two_separate_groups, task_id=format_to_parquet_dataset_4_task, execution_date=20240312T115826, start_date=20240312T121844, end_date=20240312T121844
[2024-03-12T12:18:44.467+0000] {standard_task_runner.py:107} ERROR - Failed to execute job 94 for task format_to_parquet_dataset_4_task (zlib inflate failed: incorrect header check; 2267)
[2024-03-12T12:18:44.508+0000] {local_task_job_runner.py:234} INFO - Task exited with return code 1
[2024-03-12T12:18:44.527+0000] {taskinstance.py:3309} INFO - 0 downstream tasks scheduled from follow-on schedule check
