[2024-03-18T07:56:34.548+0000] {taskinstance.py:1979} INFO - Dependencies all met for dep_context=non-requeueable deps ti=<TaskInstance: two_separate_groups.format_to_parquet_dataset_1_task manual__2024-03-18T06:40:31.356042+00:00 [queued]>
[2024-03-18T07:56:34.661+0000] {taskinstance.py:1979} INFO - Dependencies all met for dep_context=requeueable deps ti=<TaskInstance: two_separate_groups.format_to_parquet_dataset_1_task manual__2024-03-18T06:40:31.356042+00:00 [queued]>
[2024-03-18T07:56:34.675+0000] {taskinstance.py:2193} INFO - Starting attempt 3 of 3
[2024-03-18T07:56:34.863+0000] {taskinstance.py:2214} INFO - Executing <Task(PythonOperator): format_to_parquet_dataset_1_task> on 2024-03-18 06:40:31.356042+00:00
[2024-03-18T07:56:35.185+0000] {standard_task_runner.py:60} INFO - Started process 1717 to run task
[2024-03-18T07:56:35.322+0000] {standard_task_runner.py:87} INFO - Running: ['***', 'tasks', 'run', 'two_separate_groups', 'format_to_parquet_dataset_1_task', 'manual__2024-03-18T06:40:31.356042+00:00', '--job-id', '274', '--raw', '--subdir', 'DAGS_FOLDER/ingest_data_to_gcs.py', '--cfg-path', '/tmp/tmp3zjwqu48']
[2024-03-18T07:56:35.335+0000] {standard_task_runner.py:88} INFO - Job 274: Subtask format_to_parquet_dataset_1_task
[2024-03-18T07:56:35.951+0000] {task_command.py:423} INFO - Running <TaskInstance: two_separate_groups.format_to_parquet_dataset_1_task manual__2024-03-18T06:40:31.356042+00:00 [running]> on host 9958f290dc4a
[2024-03-18T07:56:37.304+0000] {taskinstance.py:2510} INFO - Exporting env vars: AIRFLOW_CTX_DAG_OWNER='***' AIRFLOW_CTX_DAG_ID='two_separate_groups' AIRFLOW_CTX_TASK_ID='format_to_parquet_dataset_1_task' AIRFLOW_CTX_EXECUTION_DATE='2024-03-18T06:40:31.356042+00:00' AIRFLOW_CTX_TRY_NUMBER='3' AIRFLOW_CTX_DAG_RUN_ID='manual__2024-03-18T06:40:31.356042+00:00'
[2024-03-18T07:56:37.595+0000] {taskinstance.py:2728} ERROR - Task failed with exception
Traceback (most recent call last):
  File "/home/airflow/.local/lib/python3.8/site-packages/airflow/models/taskinstance.py", line 444, in _execute_task
    result = _execute_callable(context=context, **execute_callable_kwargs)
  File "/home/airflow/.local/lib/python3.8/site-packages/airflow/models/taskinstance.py", line 414, in _execute_callable
    return execute_callable(context=context, **execute_callable_kwargs)
  File "/home/airflow/.local/lib/python3.8/site-packages/airflow/operators/python.py", line 200, in execute
    return_value = self.execute_callable()
  File "/home/airflow/.local/lib/python3.8/site-packages/airflow/operators/python.py", line 217, in execute_callable
    return self.python_callable(*self.op_args, **self.op_kwargs)
  File "/opt/airflow/dags/ingest_data_to_gcs.py", line 38, in format_to_parquet
    table = pv.read_csv(src_file)
  File "pyarrow/_csv.pyx", line 1261, in pyarrow._csv.read_csv
  File "pyarrow/_csv.pyx", line 1270, in pyarrow._csv.read_csv
  File "pyarrow/error.pxi", line 154, in pyarrow.lib.pyarrow_internal_check_status
  File "pyarrow/error.pxi", line 91, in pyarrow.lib.check_status
pyarrow.lib.ArrowInvalid: Empty CSV file
[2024-03-18T07:56:37.623+0000] {taskinstance.py:1149} INFO - Marking task as FAILED. dag_id=two_separate_groups, task_id=format_to_parquet_dataset_1_task, execution_date=20240318T064031, start_date=20240318T075634, end_date=20240318T075637
[2024-03-18T07:56:37.984+0000] {standard_task_runner.py:107} ERROR - Failed to execute job 274 for task format_to_parquet_dataset_1_task (Empty CSV file; 1717)
[2024-03-18T07:56:38.129+0000] {local_task_job_runner.py:234} INFO - Task exited with return code 1
[2024-03-18T07:56:38.396+0000] {taskinstance.py:3309} INFO - 0 downstream tasks scheduled from follow-on schedule check
