[2024-03-18T06:40:29.738+0000] {taskinstance.py:1979} INFO - Dependencies all met for dep_context=non-requeueable deps ti=<TaskInstance: two_separate_groups.format_to_parquet_dataset_1_task scheduled__2024-03-17T00:00:00+00:00 [queued]>
[2024-03-18T06:40:29.953+0000] {taskinstance.py:1979} INFO - Dependencies all met for dep_context=requeueable deps ti=<TaskInstance: two_separate_groups.format_to_parquet_dataset_1_task scheduled__2024-03-17T00:00:00+00:00 [queued]>
[2024-03-18T06:40:29.964+0000] {taskinstance.py:2193} INFO - Starting attempt 1 of 1
[2024-03-18T06:40:30.110+0000] {taskinstance.py:2214} INFO - Executing <Task(PythonOperator): format_to_parquet_dataset_1_task> on 2024-03-17 00:00:00+00:00
[2024-03-18T06:40:30.248+0000] {standard_task_runner.py:87} INFO - Running: ['***', 'tasks', 'run', 'two_separate_groups', 'format_to_parquet_dataset_1_task', 'scheduled__2024-03-17T00:00:00+00:00', '--job-id', '191', '--raw', '--subdir', 'DAGS_FOLDER/ingest_data_to_gcs.py', '--cfg-path', '/tmp/tmpb_x9acqx']
[2024-03-18T06:40:30.266+0000] {standard_task_runner.py:88} INFO - Job 191: Subtask format_to_parquet_dataset_1_task
[2024-03-18T06:40:30.238+0000] {standard_task_runner.py:60} INFO - Started process 177 to run task
[2024-03-18T06:40:30.909+0000] {task_command.py:423} INFO - Running <TaskInstance: two_separate_groups.format_to_parquet_dataset_1_task scheduled__2024-03-17T00:00:00+00:00 [running]> on host 9958f290dc4a
[2024-03-18T06:40:32.746+0000] {taskinstance.py:2510} INFO - Exporting env vars: AIRFLOW_CTX_DAG_OWNER='***' AIRFLOW_CTX_DAG_ID='two_separate_groups' AIRFLOW_CTX_TASK_ID='format_to_parquet_dataset_1_task' AIRFLOW_CTX_EXECUTION_DATE='2024-03-17T00:00:00+00:00' AIRFLOW_CTX_TRY_NUMBER='1' AIRFLOW_CTX_DAG_RUN_ID='scheduled__2024-03-17T00:00:00+00:00'
[2024-03-18T06:40:33.013+0000] {taskinstance.py:2728} ERROR - Task failed with exception
Traceback (most recent call last):
  File "/home/airflow/.local/lib/python3.8/site-packages/airflow/models/taskinstance.py", line 444, in _execute_task
    result = _execute_callable(context=context, **execute_callable_kwargs)
  File "/home/airflow/.local/lib/python3.8/site-packages/airflow/models/taskinstance.py", line 414, in _execute_callable
    return execute_callable(context=context, **execute_callable_kwargs)
  File "/home/airflow/.local/lib/python3.8/site-packages/airflow/operators/python.py", line 200, in execute
    return_value = self.execute_callable()
  File "/home/airflow/.local/lib/python3.8/site-packages/airflow/operators/python.py", line 217, in execute_callable
    return self.python_callable(*self.op_args, **self.op_kwargs)
  File "/opt/airflow/dags/ingest_data_to_gcs.py", line 38, in format_to_parquet
    table = pv.read_csv(src_file)
  File "pyarrow/_csv.pyx", line 1261, in pyarrow._csv.read_csv
  File "pyarrow/_csv.pyx", line 1270, in pyarrow._csv.read_csv
  File "pyarrow/error.pxi", line 154, in pyarrow.lib.pyarrow_internal_check_status
  File "pyarrow/error.pxi", line 91, in pyarrow.lib.check_status
pyarrow.lib.ArrowInvalid: Empty CSV file
[2024-03-18T06:40:33.241+0000] {taskinstance.py:1149} INFO - Marking task as FAILED. dag_id=two_separate_groups, task_id=format_to_parquet_dataset_1_task, execution_date=20240317T000000, start_date=20240318T064029, end_date=20240318T064033
[2024-03-18T06:40:33.477+0000] {standard_task_runner.py:107} ERROR - Failed to execute job 191 for task format_to_parquet_dataset_1_task (Empty CSV file; 177)
[2024-03-18T06:40:33.561+0000] {local_task_job_runner.py:234} INFO - Task exited with return code 1
[2024-03-18T06:40:33.834+0000] {taskinstance.py:3309} INFO - 0 downstream tasks scheduled from follow-on schedule check
