[2024-03-18T07:56:35.700+0000] {taskinstance.py:1979} INFO - Dependencies all met for dep_context=non-requeueable deps ti=<TaskInstance: two_separate_groups.format_to_parquet_dataset_2_task manual__2024-03-18T06:40:31.356042+00:00 [queued]>
[2024-03-18T07:56:35.866+0000] {taskinstance.py:1979} INFO - Dependencies all met for dep_context=requeueable deps ti=<TaskInstance: two_separate_groups.format_to_parquet_dataset_2_task manual__2024-03-18T06:40:31.356042+00:00 [queued]>
[2024-03-18T07:56:35.889+0000] {taskinstance.py:2193} INFO - Starting attempt 3 of 3
[2024-03-18T07:56:36.316+0000] {taskinstance.py:2214} INFO - Executing <Task(PythonOperator): format_to_parquet_dataset_2_task> on 2024-03-18 06:40:31.356042+00:00
[2024-03-18T07:56:36.365+0000] {standard_task_runner.py:60} INFO - Started process 1719 to run task
[2024-03-18T07:56:36.506+0000] {standard_task_runner.py:87} INFO - Running: ['***', 'tasks', 'run', 'two_separate_groups', 'format_to_parquet_dataset_2_task', 'manual__2024-03-18T06:40:31.356042+00:00', '--job-id', '275', '--raw', '--subdir', 'DAGS_FOLDER/ingest_data_to_gcs.py', '--cfg-path', '/tmp/tmpi0d52b4r']
[2024-03-18T07:56:36.551+0000] {standard_task_runner.py:88} INFO - Job 275: Subtask format_to_parquet_dataset_2_task
[2024-03-18T07:56:37.286+0000] {task_command.py:423} INFO - Running <TaskInstance: two_separate_groups.format_to_parquet_dataset_2_task manual__2024-03-18T06:40:31.356042+00:00 [running]> on host 9958f290dc4a
[2024-03-18T07:56:38.746+0000] {taskinstance.py:2510} INFO - Exporting env vars: AIRFLOW_CTX_DAG_OWNER='***' AIRFLOW_CTX_DAG_ID='two_separate_groups' AIRFLOW_CTX_TASK_ID='format_to_parquet_dataset_2_task' AIRFLOW_CTX_EXECUTION_DATE='2024-03-18T06:40:31.356042+00:00' AIRFLOW_CTX_TRY_NUMBER='3' AIRFLOW_CTX_DAG_RUN_ID='manual__2024-03-18T06:40:31.356042+00:00'
[2024-03-18T07:56:39.078+0000] {taskinstance.py:2728} ERROR - Task failed with exception
Traceback (most recent call last):
  File "/home/airflow/.local/lib/python3.8/site-packages/airflow/models/taskinstance.py", line 444, in _execute_task
    result = _execute_callable(context=context, **execute_callable_kwargs)
  File "/home/airflow/.local/lib/python3.8/site-packages/airflow/models/taskinstance.py", line 414, in _execute_callable
    return execute_callable(context=context, **execute_callable_kwargs)
  File "/home/airflow/.local/lib/python3.8/site-packages/airflow/operators/python.py", line 200, in execute
    return_value = self.execute_callable()
  File "/home/airflow/.local/lib/python3.8/site-packages/airflow/operators/python.py", line 217, in execute_callable
    return self.python_callable(*self.op_args, **self.op_kwargs)
  File "/opt/airflow/dags/ingest_data_to_gcs.py", line 38, in format_to_parquet
    table = pv.read_csv(src_file)
  File "pyarrow/_csv.pyx", line 1261, in pyarrow._csv.read_csv
  File "pyarrow/_csv.pyx", line 1270, in pyarrow._csv.read_csv
  File "pyarrow/error.pxi", line 154, in pyarrow.lib.pyarrow_internal_check_status
  File "pyarrow/error.pxi", line 91, in pyarrow.lib.check_status
pyarrow.lib.ArrowInvalid: CSV parse error: Expected 30 columns, got 14: 11534527,JB551693,12/12/2018 04:45:00 PM,001XX W HUBBARD ST,0890,THEFT,FROM BUILDING,BAR OR TAVE ...
[2024-03-18T07:56:39.420+0000] {taskinstance.py:1149} INFO - Marking task as FAILED. dag_id=two_separate_groups, task_id=format_to_parquet_dataset_2_task, execution_date=20240318T064031, start_date=20240318T075635, end_date=20240318T075639
[2024-03-18T07:56:39.873+0000] {standard_task_runner.py:107} ERROR - Failed to execute job 275 for task format_to_parquet_dataset_2_task (CSV parse error: Expected 30 columns, got 14: 11534527,JB551693,12/12/2018 04:45:00 PM,001XX W HUBBARD ST,0890,THEFT,FROM BUILDING,BAR OR TAVE ...; 1719)
[2024-03-18T07:56:40.119+0000] {local_task_job_runner.py:234} INFO - Task exited with return code 1
[2024-03-18T07:56:40.554+0000] {taskinstance.py:3309} INFO - 0 downstream tasks scheduled from follow-on schedule check
