[2024-03-12T11:58:34.072+0000] {taskinstance.py:1979} INFO - Dependencies all met for dep_context=non-requeueable deps ti=<TaskInstance: two_separate_groups.wget_dataset_4 manual__2024-03-12T11:58:26.742535+00:00 [queued]>
[2024-03-12T11:58:34.124+0000] {taskinstance.py:1979} INFO - Dependencies all met for dep_context=requeueable deps ti=<TaskInstance: two_separate_groups.wget_dataset_4 manual__2024-03-12T11:58:26.742535+00:00 [queued]>
[2024-03-12T11:58:34.126+0000] {taskinstance.py:2193} INFO - Starting attempt 1 of 1
[2024-03-12T11:58:34.176+0000] {taskinstance.py:2214} INFO - Executing <Task(BashOperator): wget_dataset_4> on 2024-03-12 11:58:26.742535+00:00
[2024-03-12T11:58:34.192+0000] {standard_task_runner.py:60} INFO - Started process 1789 to run task
[2024-03-12T11:58:34.215+0000] {standard_task_runner.py:87} INFO - Running: ['***', 'tasks', 'run', 'two_separate_groups', 'wget_dataset_4', 'manual__2024-03-12T11:58:26.742535+00:00', '--job-id', '52', '--raw', '--subdir', 'DAGS_FOLDER/create_dag.py', '--cfg-path', '/tmp/tmpg0kk9831']
[2024-03-12T11:58:34.224+0000] {standard_task_runner.py:88} INFO - Job 52: Subtask wget_dataset_4
[2024-03-12T11:58:34.343+0000] {task_command.py:423} INFO - Running <TaskInstance: two_separate_groups.wget_dataset_4 manual__2024-03-12T11:58:26.742535+00:00 [running]> on host 9958f290dc4a
[2024-03-12T11:58:34.563+0000] {taskinstance.py:2510} INFO - Exporting env vars: AIRFLOW_CTX_DAG_OWNER='***' AIRFLOW_CTX_DAG_ID='two_separate_groups' AIRFLOW_CTX_TASK_ID='wget_dataset_4' AIRFLOW_CTX_EXECUTION_DATE='2024-03-12T11:58:26.742535+00:00' AIRFLOW_CTX_TRY_NUMBER='1' AIRFLOW_CTX_DAG_RUN_ID='manual__2024-03-12T11:58:26.742535+00:00'
[2024-03-12T11:58:34.566+0000] {subprocess.py:63} INFO - Tmp dir root location: /tmp
[2024-03-12T11:58:34.572+0000] {subprocess.py:75} INFO - Running command: ['/usr/bin/bash', '-c', 'wget -O /opt/***/chicago_crime_data/data.csv https://data.cityofchicago.org/resource/qzdf-xmn8.csv?\\$limit=300000']
[2024-03-12T11:58:34.627+0000] {subprocess.py:86} INFO - Output:
[2024-03-12T11:58:34.643+0000] {subprocess.py:93} INFO - /opt/***/chicago_crime_data/data.csv: No such file or directory
[2024-03-12T11:58:34.644+0000] {subprocess.py:97} INFO - Command exited with return code 1
[2024-03-12T11:58:34.664+0000] {taskinstance.py:2728} ERROR - Task failed with exception
Traceback (most recent call last):
  File "/home/airflow/.local/lib/python3.8/site-packages/airflow/models/taskinstance.py", line 444, in _execute_task
    result = _execute_callable(context=context, **execute_callable_kwargs)
  File "/home/airflow/.local/lib/python3.8/site-packages/airflow/models/taskinstance.py", line 414, in _execute_callable
    return execute_callable(context=context, **execute_callable_kwargs)
  File "/home/airflow/.local/lib/python3.8/site-packages/airflow/operators/bash.py", line 212, in execute
    raise AirflowException(
airflow.exceptions.AirflowException: Bash command failed. The command returned a non-zero exit code 1.
[2024-03-12T11:58:34.668+0000] {taskinstance.py:1149} INFO - Marking task as FAILED. dag_id=two_separate_groups, task_id=wget_dataset_4, execution_date=20240312T115826, start_date=20240312T115834, end_date=20240312T115834
[2024-03-12T11:58:34.696+0000] {standard_task_runner.py:107} ERROR - Failed to execute job 52 for task wget_dataset_4 (Bash command failed. The command returned a non-zero exit code 1.; 1789)
[2024-03-12T11:58:34.737+0000] {local_task_job_runner.py:234} INFO - Task exited with return code 1
[2024-03-12T11:58:34.761+0000] {taskinstance.py:3309} INFO - 0 downstream tasks scheduled from follow-on schedule check
