[2024-03-26T10:12:31.990+0000] {taskinstance.py:1979} INFO - Dependencies all met for dep_context=non-requeueable deps ti=<TaskInstance: data_crime_process_dag.create_dataproc_cluster manual__2024-03-26T08:20:00.691315+00:00 [queued]>
[2024-03-26T10:12:32.032+0000] {taskinstance.py:1979} INFO - Dependencies all met for dep_context=requeueable deps ti=<TaskInstance: data_crime_process_dag.create_dataproc_cluster manual__2024-03-26T08:20:00.691315+00:00 [queued]>
[2024-03-26T10:12:32.032+0000] {taskinstance.py:2193} INFO - Starting attempt 13 of 14
[2024-03-26T10:12:32.049+0000] {taskinstance.py:2214} INFO - Executing <Task(DataprocCreateClusterOperator): create_dataproc_cluster> on 2024-03-26 08:20:00.691315+00:00
[2024-03-26T10:12:32.057+0000] {standard_task_runner.py:60} INFO - Started process 964 to run task
[2024-03-26T10:12:32.217+0000] {standard_task_runner.py:87} INFO - Running: ['***', 'tasks', 'run', 'data_crime_process_dag', 'create_dataproc_cluster', 'manual__2024-03-26T08:20:00.691315+00:00', '--job-id', '325', '--raw', '--subdir', 'DAGS_FOLDER/data_transformation.py', '--cfg-path', '/tmp/tmpgvy8co49']
[2024-03-26T10:12:32.221+0000] {standard_task_runner.py:88} INFO - Job 325: Subtask create_dataproc_cluster
[2024-03-26T10:12:32.434+0000] {task_command.py:423} INFO - Running <TaskInstance: data_crime_process_dag.create_dataproc_cluster manual__2024-03-26T08:20:00.691315+00:00 [running]> on host 4820cb2471ab
[2024-03-26T10:12:32.772+0000] {taskinstance.py:2510} INFO - Exporting env vars: AIRFLOW_CTX_DAG_OWNER='***' AIRFLOW_CTX_DAG_ID='data_crime_process_dag' AIRFLOW_CTX_TASK_ID='create_dataproc_cluster' AIRFLOW_CTX_EXECUTION_DATE='2024-03-26T08:20:00.691315+00:00' AIRFLOW_CTX_TRY_NUMBER='13' AIRFLOW_CTX_DAG_RUN_ID='manual__2024-03-26T08:20:00.691315+00:00'
[2024-03-26T10:12:32.775+0000] {dataproc.py:778} INFO - Creating cluster: dataproc-cluster
[2024-03-26T10:12:32.777+0000] {crypto.py:82} WARNING - empty cryptography key - values will not be stored encrypted.
[2024-03-26T10:12:32.779+0000] {connection.py:269} WARNING - Connection schemes (type: google_cloud_platform) shall not contain '_' according to RFC3986.
[2024-03-26T10:12:32.781+0000] {base.py:83} INFO - Using connection ID 'google_cloud_default' for task execution.
[2024-03-26T10:12:33.717+0000] {taskinstance.py:2728} ERROR - Task failed with exception
Traceback (most recent call last):
  File "/home/airflow/.local/lib/python3.8/site-packages/airflow/models/taskinstance.py", line 444, in _execute_task
    result = _execute_callable(context=context, **execute_callable_kwargs)
  File "/home/airflow/.local/lib/python3.8/site-packages/airflow/models/taskinstance.py", line 414, in _execute_callable
    return execute_callable(context=context, **execute_callable_kwargs)
  File "/home/airflow/.local/lib/python3.8/site-packages/airflow/providers/google/cloud/operators/dataproc.py", line 794, in execute
    operation = self._create_cluster(hook)
  File "/home/airflow/.local/lib/python3.8/site-packages/airflow/providers/google/cloud/operators/dataproc.py", line 694, in _create_cluster
    return hook.create_cluster(
  File "/home/airflow/.local/lib/python3.8/site-packages/airflow/providers/google/common/hooks/base_google.py", line 485, in inner_wrapper
    return func(self, *args, **kwargs)
  File "/home/airflow/.local/lib/python3.8/site-packages/airflow/providers/google/cloud/hooks/dataproc.py", line 327, in create_cluster
    result = client.create_cluster(
  File "/home/airflow/.local/lib/python3.8/site-packages/google/cloud/dataproc_v1/services/cluster_controller/client.py", line 857, in create_cluster
    response = rpc(
  File "/home/airflow/.local/lib/python3.8/site-packages/google/api_core/gapic_v1/method.py", line 131, in __call__
    return wrapped_func(*args, **kwargs)
  File "/home/airflow/.local/lib/python3.8/site-packages/google/api_core/retry/retry_unary.py", line 293, in retry_wrapped_func
    return retry_target(
  File "/home/airflow/.local/lib/python3.8/site-packages/google/api_core/retry/retry_unary.py", line 153, in retry_target
    _retry_error_helper(
  File "/home/airflow/.local/lib/python3.8/site-packages/google/api_core/retry/retry_base.py", line 212, in _retry_error_helper
    raise final_exc from source_exc
  File "/home/airflow/.local/lib/python3.8/site-packages/google/api_core/retry/retry_unary.py", line 144, in retry_target
    result = target()
  File "/home/airflow/.local/lib/python3.8/site-packages/google/api_core/timeout.py", line 120, in func_with_timeout
    return func(*args, **kwargs)
  File "/home/airflow/.local/lib/python3.8/site-packages/google/api_core/grpc_helpers.py", line 78, in error_remapped_callable
    raise exceptions.from_grpc_error(exc) from exc
google.api_core.exceptions.NotFound: 404 Service Account '962642647156-compute@developer.gserviceaccount.com' not found.
[2024-03-26T10:12:33.732+0000] {taskinstance.py:1149} INFO - Marking task as UP_FOR_RETRY. dag_id=data_crime_process_dag, task_id=create_dataproc_cluster, execution_date=20240326T082000, start_date=20240326T101231, end_date=20240326T101233
[2024-03-26T10:12:33.761+0000] {standard_task_runner.py:107} ERROR - Failed to execute job 325 for task create_dataproc_cluster (404 Service Account '962642647156-compute@developer.gserviceaccount.com' not found.; 964)
[2024-03-26T10:12:33.794+0000] {local_task_job_runner.py:234} INFO - Task exited with return code 1
[2024-03-26T10:12:33.824+0000] {taskinstance.py:3309} INFO - 0 downstream tasks scheduled from follow-on schedule check
