[2024-03-11T11:00:06.240+0000] {taskinstance.py:1979} INFO - Dependencies all met for dep_context=non-requeueable deps ti=<TaskInstance: create_simple_table.create_simple_table manual__2024-03-11T10:59:57.861222+00:00 [queued]>
[2024-03-11T11:00:06.250+0000] {taskinstance.py:1979} INFO - Dependencies all met for dep_context=requeueable deps ti=<TaskInstance: create_simple_table.create_simple_table manual__2024-03-11T10:59:57.861222+00:00 [queued]>
[2024-03-11T11:00:06.251+0000] {taskinstance.py:2193} INFO - Starting attempt 1 of 2
[2024-03-11T11:00:06.264+0000] {taskinstance.py:2214} INFO - Executing <Task(BigQueryInsertJobOperator): create_simple_table> on 2024-03-11 10:59:57.861222+00:00
[2024-03-11T11:00:06.273+0000] {standard_task_runner.py:60} INFO - Started process 95 to run task
[2024-03-11T11:00:06.274+0000] {standard_task_runner.py:87} INFO - Running: ['***', 'tasks', 'run', 'create_simple_table', 'create_simple_table', 'manual__2024-03-11T10:59:57.861222+00:00', '--job-id', '6', '--raw', '--subdir', 'DAGS_FOLDER/create_dag.py', '--cfg-path', '/tmp/tmp759d1u_7']
[2024-03-11T11:00:06.275+0000] {standard_task_runner.py:88} INFO - Job 6: Subtask create_simple_table
[2024-03-11T11:00:06.324+0000] {task_command.py:423} INFO - Running <TaskInstance: create_simple_table.create_simple_table manual__2024-03-11T10:59:57.861222+00:00 [running]> on host 7e36efadd492
[2024-03-11T11:00:06.366+0000] {abstractoperator.py:707} ERROR - Exception rendering Jinja template for task 'create_simple_table', field 'configuration'. Template: {'query': {'query': 'create_bq_table.sql', 'useLegacySql': False}}
Traceback (most recent call last):
  File "/home/airflow/.local/lib/python3.8/site-packages/airflow/models/abstractoperator.py", line 699, in _do_render_template_fields
    rendered_content = self.render_template(
  File "/home/airflow/.local/lib/python3.8/site-packages/airflow/template/templater.py", line 186, in render_template
    return {k: self.render_template(v, context, jinja_env, oids) for k, v in value.items()}
  File "/home/airflow/.local/lib/python3.8/site-packages/airflow/template/templater.py", line 186, in <dictcomp>
    return {k: self.render_template(v, context, jinja_env, oids) for k, v in value.items()}
  File "/home/airflow/.local/lib/python3.8/site-packages/airflow/template/templater.py", line 186, in render_template
    return {k: self.render_template(v, context, jinja_env, oids) for k, v in value.items()}
  File "/home/airflow/.local/lib/python3.8/site-packages/airflow/template/templater.py", line 186, in <dictcomp>
    return {k: self.render_template(v, context, jinja_env, oids) for k, v in value.items()}
  File "/home/airflow/.local/lib/python3.8/site-packages/airflow/template/templater.py", line 171, in render_template
    template = jinja_env.get_template(value)
  File "/home/airflow/.local/lib/python3.8/site-packages/jinja2/environment.py", line 1010, in get_template
    return self._load_template(name, globals)
  File "/home/airflow/.local/lib/python3.8/site-packages/jinja2/environment.py", line 969, in _load_template
    template = self.loader.load(self, name, self.make_globals(globals))
  File "/home/airflow/.local/lib/python3.8/site-packages/jinja2/loaders.py", line 125, in load
    source, filename, uptodate = self.get_source(environment, name)
  File "/home/airflow/.local/lib/python3.8/site-packages/jinja2/loaders.py", line 204, in get_source
    raise TemplateNotFound(template)
jinja2.exceptions.TemplateNotFound: create_bq_table.sql
[2024-03-11T11:00:06.370+0000] {taskinstance.py:2728} ERROR - Task failed with exception
Traceback (most recent call last):
  File "/home/airflow/.local/lib/python3.8/site-packages/airflow/models/taskinstance.py", line 2357, in _run_raw_task
    self._execute_task_with_callbacks(context, test_mode, session=session)
  File "/home/airflow/.local/lib/python3.8/site-packages/airflow/models/taskinstance.py", line 2495, in _execute_task_with_callbacks
    task_orig = self.render_templates(context=context)
  File "/home/airflow/.local/lib/python3.8/site-packages/airflow/models/taskinstance.py", line 2907, in render_templates
    original_task.render_template_fields(context)
  File "/home/airflow/.local/lib/python3.8/site-packages/airflow/models/baseoperator.py", line 1241, in render_template_fields
    self._do_render_template_fields(self, self.template_fields, context, jinja_env, set())
  File "/home/airflow/.local/lib/python3.8/site-packages/airflow/utils/session.py", line 79, in wrapper
    return func(*args, session=session, **kwargs)
  File "/home/airflow/.local/lib/python3.8/site-packages/airflow/models/abstractoperator.py", line 699, in _do_render_template_fields
    rendered_content = self.render_template(
  File "/home/airflow/.local/lib/python3.8/site-packages/airflow/template/templater.py", line 186, in render_template
    return {k: self.render_template(v, context, jinja_env, oids) for k, v in value.items()}
  File "/home/airflow/.local/lib/python3.8/site-packages/airflow/template/templater.py", line 186, in <dictcomp>
    return {k: self.render_template(v, context, jinja_env, oids) for k, v in value.items()}
  File "/home/airflow/.local/lib/python3.8/site-packages/airflow/template/templater.py", line 186, in render_template
    return {k: self.render_template(v, context, jinja_env, oids) for k, v in value.items()}
  File "/home/airflow/.local/lib/python3.8/site-packages/airflow/template/templater.py", line 186, in <dictcomp>
    return {k: self.render_template(v, context, jinja_env, oids) for k, v in value.items()}
  File "/home/airflow/.local/lib/python3.8/site-packages/airflow/template/templater.py", line 171, in render_template
    template = jinja_env.get_template(value)
  File "/home/airflow/.local/lib/python3.8/site-packages/jinja2/environment.py", line 1010, in get_template
    return self._load_template(name, globals)
  File "/home/airflow/.local/lib/python3.8/site-packages/jinja2/environment.py", line 969, in _load_template
    template = self.loader.load(self, name, self.make_globals(globals))
  File "/home/airflow/.local/lib/python3.8/site-packages/jinja2/loaders.py", line 125, in load
    source, filename, uptodate = self.get_source(environment, name)
  File "/home/airflow/.local/lib/python3.8/site-packages/jinja2/loaders.py", line 204, in get_source
    raise TemplateNotFound(template)
jinja2.exceptions.TemplateNotFound: create_bq_table.sql
[2024-03-11T11:00:06.381+0000] {taskinstance.py:1149} INFO - Marking task as UP_FOR_RETRY. dag_id=create_simple_table, task_id=create_simple_table, execution_date=20240311T105957, start_date=20240311T110006, end_date=20240311T110006
[2024-03-11T11:00:06.395+0000] {standard_task_runner.py:107} ERROR - Failed to execute job 6 for task create_simple_table (create_bq_table.sql; 95)
[2024-03-11T11:00:06.409+0000] {local_task_job_runner.py:234} INFO - Task exited with return code 1
[2024-03-11T11:00:06.426+0000] {taskinstance.py:3309} INFO - 0 downstream tasks scheduled from follow-on schedule check
