[2024-03-31T06:00:20.735+0000] {processor.py:161} INFO - Started process (PID=69) to work on /home/airflow/.local/lib/python3.8/site-packages/airflow/example_dags/example_latest_only.py
[2024-03-31T06:00:20.736+0000] {processor.py:830} INFO - Processing file /home/airflow/.local/lib/python3.8/site-packages/airflow/example_dags/example_latest_only.py for tasks to queue
[2024-03-31T06:00:20.740+0000] {logging_mixin.py:188} INFO - [2024-03-31T06:00:20.739+0000] {dagbag.py:540} INFO - Filling up the DagBag from /home/airflow/.local/lib/python3.8/site-packages/airflow/example_dags/example_latest_only.py
[2024-03-31T06:00:20.754+0000] {processor.py:840} INFO - DAG(s) 'latest_only' retrieved from /home/airflow/.local/lib/python3.8/site-packages/airflow/example_dags/example_latest_only.py
[2024-03-31T06:00:21.124+0000] {logging_mixin.py:188} INFO - [2024-03-31T06:00:21.118+0000] {dag.py:3047} INFO - Sync 1 DAGs
[2024-03-31T06:00:21.185+0000] {logging_mixin.py:188} INFO - [2024-03-31T06:00:21.185+0000] {dag.py:3834} INFO - Setting next_dagrun for latest_only to 2024-03-31 00:00:00+00:00, run_after=2024-03-31 04:00:00+00:00
[2024-03-31T06:00:21.236+0000] {processor.py:183} INFO - Processing /home/airflow/.local/lib/python3.8/site-packages/airflow/example_dags/example_latest_only.py took 0.505 seconds
[2024-03-31T06:00:51.812+0000] {processor.py:161} INFO - Started process (PID=124) to work on /home/airflow/.local/lib/python3.8/site-packages/airflow/example_dags/example_latest_only.py
[2024-03-31T06:00:51.814+0000] {processor.py:830} INFO - Processing file /home/airflow/.local/lib/python3.8/site-packages/airflow/example_dags/example_latest_only.py for tasks to queue
[2024-03-31T06:00:51.816+0000] {logging_mixin.py:188} INFO - [2024-03-31T06:00:51.815+0000] {dagbag.py:540} INFO - Filling up the DagBag from /home/airflow/.local/lib/python3.8/site-packages/airflow/example_dags/example_latest_only.py
[2024-03-31T06:00:51.821+0000] {processor.py:840} INFO - DAG(s) 'latest_only' retrieved from /home/airflow/.local/lib/python3.8/site-packages/airflow/example_dags/example_latest_only.py
[2024-03-31T06:00:51.849+0000] {logging_mixin.py:188} INFO - [2024-03-31T06:00:51.848+0000] {dag.py:3047} INFO - Sync 1 DAGs
[2024-03-31T06:00:51.882+0000] {logging_mixin.py:188} INFO - [2024-03-31T06:00:51.882+0000] {dag.py:3834} INFO - Setting next_dagrun for latest_only to 2024-03-31 00:00:00+00:00, run_after=2024-03-31 04:00:00+00:00
[2024-03-31T06:00:51.932+0000] {processor.py:183} INFO - Processing /home/airflow/.local/lib/python3.8/site-packages/airflow/example_dags/example_latest_only.py took 0.125 seconds
[2024-03-31T06:01:22.239+0000] {processor.py:161} INFO - Started process (PID=180) to work on /home/airflow/.local/lib/python3.8/site-packages/airflow/example_dags/example_latest_only.py
[2024-03-31T06:01:22.240+0000] {processor.py:830} INFO - Processing file /home/airflow/.local/lib/python3.8/site-packages/airflow/example_dags/example_latest_only.py for tasks to queue
[2024-03-31T06:01:22.242+0000] {logging_mixin.py:188} INFO - [2024-03-31T06:01:22.241+0000] {dagbag.py:540} INFO - Filling up the DagBag from /home/airflow/.local/lib/python3.8/site-packages/airflow/example_dags/example_latest_only.py
[2024-03-31T06:01:22.249+0000] {processor.py:840} INFO - DAG(s) 'latest_only' retrieved from /home/airflow/.local/lib/python3.8/site-packages/airflow/example_dags/example_latest_only.py
[2024-03-31T06:01:22.259+0000] {logging_mixin.py:188} INFO - [2024-03-31T06:01:22.258+0000] {dag.py:3047} INFO - Sync 1 DAGs
[2024-03-31T06:01:22.285+0000] {logging_mixin.py:188} INFO - [2024-03-31T06:01:22.285+0000] {dag.py:3834} INFO - Setting next_dagrun for latest_only to 2024-03-31 00:00:00+00:00, run_after=2024-03-31 04:00:00+00:00
[2024-03-31T06:01:22.312+0000] {processor.py:183} INFO - Processing /home/airflow/.local/lib/python3.8/site-packages/airflow/example_dags/example_latest_only.py took 0.075 seconds
[2024-03-31T06:01:53.372+0000] {processor.py:161} INFO - Started process (PID=236) to work on /home/airflow/.local/lib/python3.8/site-packages/airflow/example_dags/example_latest_only.py
[2024-03-31T06:01:53.373+0000] {processor.py:830} INFO - Processing file /home/airflow/.local/lib/python3.8/site-packages/airflow/example_dags/example_latest_only.py for tasks to queue
[2024-03-31T06:01:53.375+0000] {logging_mixin.py:188} INFO - [2024-03-31T06:01:53.375+0000] {dagbag.py:540} INFO - Filling up the DagBag from /home/airflow/.local/lib/python3.8/site-packages/airflow/example_dags/example_latest_only.py
[2024-03-31T06:01:53.388+0000] {processor.py:840} INFO - DAG(s) 'latest_only' retrieved from /home/airflow/.local/lib/python3.8/site-packages/airflow/example_dags/example_latest_only.py
[2024-03-31T06:01:53.410+0000] {logging_mixin.py:188} INFO - [2024-03-31T06:01:53.409+0000] {dag.py:3047} INFO - Sync 1 DAGs
[2024-03-31T06:01:53.463+0000] {logging_mixin.py:188} INFO - [2024-03-31T06:01:53.463+0000] {dag.py:3834} INFO - Setting next_dagrun for latest_only to 2024-03-31 00:00:00+00:00, run_after=2024-03-31 04:00:00+00:00
[2024-03-31T06:01:53.535+0000] {processor.py:183} INFO - Processing /home/airflow/.local/lib/python3.8/site-packages/airflow/example_dags/example_latest_only.py took 0.167 seconds
[2024-03-31T06:02:23.660+0000] {processor.py:161} INFO - Started process (PID=292) to work on /home/airflow/.local/lib/python3.8/site-packages/airflow/example_dags/example_latest_only.py
[2024-03-31T06:02:23.661+0000] {processor.py:830} INFO - Processing file /home/airflow/.local/lib/python3.8/site-packages/airflow/example_dags/example_latest_only.py for tasks to queue
[2024-03-31T06:02:23.664+0000] {logging_mixin.py:188} INFO - [2024-03-31T06:02:23.664+0000] {dagbag.py:540} INFO - Filling up the DagBag from /home/airflow/.local/lib/python3.8/site-packages/airflow/example_dags/example_latest_only.py
[2024-03-31T06:02:23.670+0000] {processor.py:840} INFO - DAG(s) 'latest_only' retrieved from /home/airflow/.local/lib/python3.8/site-packages/airflow/example_dags/example_latest_only.py
[2024-03-31T06:02:23.685+0000] {logging_mixin.py:188} INFO - [2024-03-31T06:02:23.684+0000] {dag.py:3047} INFO - Sync 1 DAGs
[2024-03-31T06:02:23.728+0000] {logging_mixin.py:188} INFO - [2024-03-31T06:02:23.727+0000] {dag.py:3834} INFO - Setting next_dagrun for latest_only to 2024-03-31 00:00:00+00:00, run_after=2024-03-31 04:00:00+00:00
[2024-03-31T06:02:23.796+0000] {processor.py:183} INFO - Processing /home/airflow/.local/lib/python3.8/site-packages/airflow/example_dags/example_latest_only.py took 0.138 seconds
[2024-03-31T06:02:54.222+0000] {processor.py:161} INFO - Started process (PID=348) to work on /home/airflow/.local/lib/python3.8/site-packages/airflow/example_dags/example_latest_only.py
[2024-03-31T06:02:54.223+0000] {processor.py:830} INFO - Processing file /home/airflow/.local/lib/python3.8/site-packages/airflow/example_dags/example_latest_only.py for tasks to queue
[2024-03-31T06:02:54.225+0000] {logging_mixin.py:188} INFO - [2024-03-31T06:02:54.224+0000] {dagbag.py:540} INFO - Filling up the DagBag from /home/airflow/.local/lib/python3.8/site-packages/airflow/example_dags/example_latest_only.py
[2024-03-31T06:02:54.229+0000] {processor.py:840} INFO - DAG(s) 'latest_only' retrieved from /home/airflow/.local/lib/python3.8/site-packages/airflow/example_dags/example_latest_only.py
[2024-03-31T06:02:54.358+0000] {logging_mixin.py:188} INFO - [2024-03-31T06:02:54.357+0000] {dag.py:3047} INFO - Sync 1 DAGs
[2024-03-31T06:02:54.383+0000] {logging_mixin.py:188} INFO - [2024-03-31T06:02:54.383+0000] {dag.py:3834} INFO - Setting next_dagrun for latest_only to 2024-03-31 00:00:00+00:00, run_after=2024-03-31 04:00:00+00:00
[2024-03-31T06:02:54.404+0000] {processor.py:183} INFO - Processing /home/airflow/.local/lib/python3.8/site-packages/airflow/example_dags/example_latest_only.py took 0.184 seconds
[2024-03-31T06:03:24.776+0000] {processor.py:161} INFO - Started process (PID=404) to work on /home/airflow/.local/lib/python3.8/site-packages/airflow/example_dags/example_latest_only.py
[2024-03-31T06:03:24.777+0000] {processor.py:830} INFO - Processing file /home/airflow/.local/lib/python3.8/site-packages/airflow/example_dags/example_latest_only.py for tasks to queue
[2024-03-31T06:03:24.780+0000] {logging_mixin.py:188} INFO - [2024-03-31T06:03:24.779+0000] {dagbag.py:540} INFO - Filling up the DagBag from /home/airflow/.local/lib/python3.8/site-packages/airflow/example_dags/example_latest_only.py
[2024-03-31T06:03:24.785+0000] {processor.py:840} INFO - DAG(s) 'latest_only' retrieved from /home/airflow/.local/lib/python3.8/site-packages/airflow/example_dags/example_latest_only.py
[2024-03-31T06:03:24.809+0000] {logging_mixin.py:188} INFO - [2024-03-31T06:03:24.809+0000] {dag.py:3047} INFO - Sync 1 DAGs
[2024-03-31T06:03:24.835+0000] {logging_mixin.py:188} INFO - [2024-03-31T06:03:24.834+0000] {dag.py:3834} INFO - Setting next_dagrun for latest_only to 2024-03-31 00:00:00+00:00, run_after=2024-03-31 04:00:00+00:00
[2024-03-31T06:03:24.852+0000] {processor.py:183} INFO - Processing /home/airflow/.local/lib/python3.8/site-packages/airflow/example_dags/example_latest_only.py took 0.078 seconds
[2024-03-31T06:03:55.829+0000] {processor.py:161} INFO - Started process (PID=460) to work on /home/airflow/.local/lib/python3.8/site-packages/airflow/example_dags/example_latest_only.py
[2024-03-31T06:03:55.832+0000] {processor.py:830} INFO - Processing file /home/airflow/.local/lib/python3.8/site-packages/airflow/example_dags/example_latest_only.py for tasks to queue
[2024-03-31T06:03:55.834+0000] {logging_mixin.py:188} INFO - [2024-03-31T06:03:55.833+0000] {dagbag.py:540} INFO - Filling up the DagBag from /home/airflow/.local/lib/python3.8/site-packages/airflow/example_dags/example_latest_only.py
[2024-03-31T06:03:55.840+0000] {processor.py:840} INFO - DAG(s) 'latest_only' retrieved from /home/airflow/.local/lib/python3.8/site-packages/airflow/example_dags/example_latest_only.py
[2024-03-31T06:03:55.870+0000] {logging_mixin.py:188} INFO - [2024-03-31T06:03:55.869+0000] {dag.py:3047} INFO - Sync 1 DAGs
[2024-03-31T06:03:55.897+0000] {logging_mixin.py:188} INFO - [2024-03-31T06:03:55.897+0000] {dag.py:3834} INFO - Setting next_dagrun for latest_only to 2024-03-31 00:00:00+00:00, run_after=2024-03-31 04:00:00+00:00
[2024-03-31T06:03:55.918+0000] {processor.py:183} INFO - Processing /home/airflow/.local/lib/python3.8/site-packages/airflow/example_dags/example_latest_only.py took 0.092 seconds
[2024-03-31T06:04:26.067+0000] {processor.py:161} INFO - Started process (PID=516) to work on /home/airflow/.local/lib/python3.8/site-packages/airflow/example_dags/example_latest_only.py
[2024-03-31T06:04:26.068+0000] {processor.py:830} INFO - Processing file /home/airflow/.local/lib/python3.8/site-packages/airflow/example_dags/example_latest_only.py for tasks to queue
[2024-03-31T06:04:26.070+0000] {logging_mixin.py:188} INFO - [2024-03-31T06:04:26.070+0000] {dagbag.py:540} INFO - Filling up the DagBag from /home/airflow/.local/lib/python3.8/site-packages/airflow/example_dags/example_latest_only.py
[2024-03-31T06:04:26.074+0000] {processor.py:840} INFO - DAG(s) 'latest_only' retrieved from /home/airflow/.local/lib/python3.8/site-packages/airflow/example_dags/example_latest_only.py
[2024-03-31T06:04:26.095+0000] {logging_mixin.py:188} INFO - [2024-03-31T06:04:26.094+0000] {dag.py:3047} INFO - Sync 1 DAGs
[2024-03-31T06:04:26.121+0000] {logging_mixin.py:188} INFO - [2024-03-31T06:04:26.121+0000] {dag.py:3834} INFO - Setting next_dagrun for latest_only to 2024-03-31 00:00:00+00:00, run_after=2024-03-31 04:00:00+00:00
[2024-03-31T06:04:26.143+0000] {processor.py:183} INFO - Processing /home/airflow/.local/lib/python3.8/site-packages/airflow/example_dags/example_latest_only.py took 0.082 seconds
[2024-03-31T06:04:56.782+0000] {processor.py:161} INFO - Started process (PID=572) to work on /home/airflow/.local/lib/python3.8/site-packages/airflow/example_dags/example_latest_only.py
[2024-03-31T06:04:56.784+0000] {processor.py:830} INFO - Processing file /home/airflow/.local/lib/python3.8/site-packages/airflow/example_dags/example_latest_only.py for tasks to queue
[2024-03-31T06:04:56.786+0000] {logging_mixin.py:188} INFO - [2024-03-31T06:04:56.785+0000] {dagbag.py:540} INFO - Filling up the DagBag from /home/airflow/.local/lib/python3.8/site-packages/airflow/example_dags/example_latest_only.py
[2024-03-31T06:04:56.793+0000] {processor.py:840} INFO - DAG(s) 'latest_only' retrieved from /home/airflow/.local/lib/python3.8/site-packages/airflow/example_dags/example_latest_only.py
[2024-03-31T06:04:56.821+0000] {logging_mixin.py:188} INFO - [2024-03-31T06:04:56.821+0000] {dag.py:3047} INFO - Sync 1 DAGs
[2024-03-31T06:04:56.851+0000] {logging_mixin.py:188} INFO - [2024-03-31T06:04:56.850+0000] {dag.py:3834} INFO - Setting next_dagrun for latest_only to 2024-03-31 00:00:00+00:00, run_after=2024-03-31 04:00:00+00:00
[2024-03-31T06:04:56.881+0000] {processor.py:183} INFO - Processing /home/airflow/.local/lib/python3.8/site-packages/airflow/example_dags/example_latest_only.py took 0.108 seconds
[2024-03-31T06:05:27.228+0000] {processor.py:161} INFO - Started process (PID=628) to work on /home/airflow/.local/lib/python3.8/site-packages/airflow/example_dags/example_latest_only.py
[2024-03-31T06:05:27.231+0000] {processor.py:830} INFO - Processing file /home/airflow/.local/lib/python3.8/site-packages/airflow/example_dags/example_latest_only.py for tasks to queue
[2024-03-31T06:05:27.234+0000] {logging_mixin.py:188} INFO - [2024-03-31T06:05:27.233+0000] {dagbag.py:540} INFO - Filling up the DagBag from /home/airflow/.local/lib/python3.8/site-packages/airflow/example_dags/example_latest_only.py
[2024-03-31T06:05:27.240+0000] {processor.py:840} INFO - DAG(s) 'latest_only' retrieved from /home/airflow/.local/lib/python3.8/site-packages/airflow/example_dags/example_latest_only.py
[2024-03-31T06:05:27.268+0000] {logging_mixin.py:188} INFO - [2024-03-31T06:05:27.267+0000] {dag.py:3047} INFO - Sync 1 DAGs
[2024-03-31T06:05:27.302+0000] {logging_mixin.py:188} INFO - [2024-03-31T06:05:27.302+0000] {dag.py:3834} INFO - Setting next_dagrun for latest_only to 2024-03-31 00:00:00+00:00, run_after=2024-03-31 04:00:00+00:00
[2024-03-31T06:05:27.327+0000] {processor.py:183} INFO - Processing /home/airflow/.local/lib/python3.8/site-packages/airflow/example_dags/example_latest_only.py took 0.103 seconds
[2024-03-31T06:05:58.096+0000] {processor.py:161} INFO - Started process (PID=684) to work on /home/airflow/.local/lib/python3.8/site-packages/airflow/example_dags/example_latest_only.py
[2024-03-31T06:05:58.097+0000] {processor.py:830} INFO - Processing file /home/airflow/.local/lib/python3.8/site-packages/airflow/example_dags/example_latest_only.py for tasks to queue
[2024-03-31T06:05:58.099+0000] {logging_mixin.py:188} INFO - [2024-03-31T06:05:58.099+0000] {dagbag.py:540} INFO - Filling up the DagBag from /home/airflow/.local/lib/python3.8/site-packages/airflow/example_dags/example_latest_only.py
[2024-03-31T06:05:58.103+0000] {processor.py:840} INFO - DAG(s) 'latest_only' retrieved from /home/airflow/.local/lib/python3.8/site-packages/airflow/example_dags/example_latest_only.py
[2024-03-31T06:05:58.130+0000] {logging_mixin.py:188} INFO - [2024-03-31T06:05:58.127+0000] {dag.py:3047} INFO - Sync 1 DAGs
[2024-03-31T06:05:58.154+0000] {logging_mixin.py:188} INFO - [2024-03-31T06:05:58.154+0000] {dag.py:3834} INFO - Setting next_dagrun for latest_only to 2024-03-31 00:00:00+00:00, run_after=2024-03-31 04:00:00+00:00
[2024-03-31T06:05:58.173+0000] {processor.py:183} INFO - Processing /home/airflow/.local/lib/python3.8/site-packages/airflow/example_dags/example_latest_only.py took 0.081 seconds
[2024-03-31T06:06:28.373+0000] {processor.py:161} INFO - Started process (PID=740) to work on /home/airflow/.local/lib/python3.8/site-packages/airflow/example_dags/example_latest_only.py
[2024-03-31T06:06:28.374+0000] {processor.py:830} INFO - Processing file /home/airflow/.local/lib/python3.8/site-packages/airflow/example_dags/example_latest_only.py for tasks to queue
[2024-03-31T06:06:28.375+0000] {logging_mixin.py:188} INFO - [2024-03-31T06:06:28.375+0000] {dagbag.py:540} INFO - Filling up the DagBag from /home/airflow/.local/lib/python3.8/site-packages/airflow/example_dags/example_latest_only.py
[2024-03-31T06:06:28.382+0000] {processor.py:840} INFO - DAG(s) 'latest_only' retrieved from /home/airflow/.local/lib/python3.8/site-packages/airflow/example_dags/example_latest_only.py
[2024-03-31T06:06:28.404+0000] {logging_mixin.py:188} INFO - [2024-03-31T06:06:28.404+0000] {dag.py:3047} INFO - Sync 1 DAGs
[2024-03-31T06:06:28.436+0000] {logging_mixin.py:188} INFO - [2024-03-31T06:06:28.436+0000] {dag.py:3834} INFO - Setting next_dagrun for latest_only to 2024-03-31 00:00:00+00:00, run_after=2024-03-31 04:00:00+00:00
[2024-03-31T06:06:28.466+0000] {processor.py:183} INFO - Processing /home/airflow/.local/lib/python3.8/site-packages/airflow/example_dags/example_latest_only.py took 0.096 seconds
[2024-03-31T06:06:59.352+0000] {processor.py:161} INFO - Started process (PID=796) to work on /home/airflow/.local/lib/python3.8/site-packages/airflow/example_dags/example_latest_only.py
[2024-03-31T06:06:59.355+0000] {processor.py:830} INFO - Processing file /home/airflow/.local/lib/python3.8/site-packages/airflow/example_dags/example_latest_only.py for tasks to queue
[2024-03-31T06:06:59.357+0000] {logging_mixin.py:188} INFO - [2024-03-31T06:06:59.357+0000] {dagbag.py:540} INFO - Filling up the DagBag from /home/airflow/.local/lib/python3.8/site-packages/airflow/example_dags/example_latest_only.py
[2024-03-31T06:06:59.365+0000] {processor.py:840} INFO - DAG(s) 'latest_only' retrieved from /home/airflow/.local/lib/python3.8/site-packages/airflow/example_dags/example_latest_only.py
[2024-03-31T06:06:59.404+0000] {logging_mixin.py:188} INFO - [2024-03-31T06:06:59.403+0000] {dag.py:3047} INFO - Sync 1 DAGs
[2024-03-31T06:06:59.452+0000] {logging_mixin.py:188} INFO - [2024-03-31T06:06:59.452+0000] {dag.py:3834} INFO - Setting next_dagrun for latest_only to 2024-03-31 00:00:00+00:00, run_after=2024-03-31 04:00:00+00:00
[2024-03-31T06:06:59.490+0000] {processor.py:183} INFO - Processing /home/airflow/.local/lib/python3.8/site-packages/airflow/example_dags/example_latest_only.py took 0.141 seconds
[2024-03-31T06:07:29.746+0000] {processor.py:161} INFO - Started process (PID=853) to work on /home/airflow/.local/lib/python3.8/site-packages/airflow/example_dags/example_latest_only.py
[2024-03-31T06:07:29.747+0000] {processor.py:830} INFO - Processing file /home/airflow/.local/lib/python3.8/site-packages/airflow/example_dags/example_latest_only.py for tasks to queue
[2024-03-31T06:07:29.749+0000] {logging_mixin.py:188} INFO - [2024-03-31T06:07:29.749+0000] {dagbag.py:540} INFO - Filling up the DagBag from /home/airflow/.local/lib/python3.8/site-packages/airflow/example_dags/example_latest_only.py
[2024-03-31T06:07:29.754+0000] {processor.py:840} INFO - DAG(s) 'latest_only' retrieved from /home/airflow/.local/lib/python3.8/site-packages/airflow/example_dags/example_latest_only.py
[2024-03-31T06:07:29.779+0000] {logging_mixin.py:188} INFO - [2024-03-31T06:07:29.778+0000] {dag.py:3047} INFO - Sync 1 DAGs
[2024-03-31T06:07:29.806+0000] {logging_mixin.py:188} INFO - [2024-03-31T06:07:29.806+0000] {dag.py:3834} INFO - Setting next_dagrun for latest_only to 2024-03-31 00:00:00+00:00, run_after=2024-03-31 04:00:00+00:00
[2024-03-31T06:07:29.832+0000] {processor.py:183} INFO - Processing /home/airflow/.local/lib/python3.8/site-packages/airflow/example_dags/example_latest_only.py took 0.097 seconds
[2024-03-31T06:07:59.972+0000] {processor.py:161} INFO - Started process (PID=909) to work on /home/airflow/.local/lib/python3.8/site-packages/airflow/example_dags/example_latest_only.py
[2024-03-31T06:07:59.973+0000] {processor.py:830} INFO - Processing file /home/airflow/.local/lib/python3.8/site-packages/airflow/example_dags/example_latest_only.py for tasks to queue
[2024-03-31T06:07:59.977+0000] {logging_mixin.py:188} INFO - [2024-03-31T06:07:59.975+0000] {dagbag.py:540} INFO - Filling up the DagBag from /home/airflow/.local/lib/python3.8/site-packages/airflow/example_dags/example_latest_only.py
[2024-03-31T06:07:59.984+0000] {processor.py:840} INFO - DAG(s) 'latest_only' retrieved from /home/airflow/.local/lib/python3.8/site-packages/airflow/example_dags/example_latest_only.py
[2024-03-31T06:08:00.006+0000] {logging_mixin.py:188} INFO - [2024-03-31T06:08:00.005+0000] {dag.py:3047} INFO - Sync 1 DAGs
[2024-03-31T06:08:00.037+0000] {logging_mixin.py:188} INFO - [2024-03-31T06:08:00.036+0000] {dag.py:3834} INFO - Setting next_dagrun for latest_only to 2024-03-31 00:00:00+00:00, run_after=2024-03-31 04:00:00+00:00
[2024-03-31T06:08:00.072+0000] {processor.py:183} INFO - Processing /home/airflow/.local/lib/python3.8/site-packages/airflow/example_dags/example_latest_only.py took 0.103 seconds
[2024-03-31T06:08:30.133+0000] {processor.py:161} INFO - Started process (PID=965) to work on /home/airflow/.local/lib/python3.8/site-packages/airflow/example_dags/example_latest_only.py
[2024-03-31T06:08:30.133+0000] {processor.py:830} INFO - Processing file /home/airflow/.local/lib/python3.8/site-packages/airflow/example_dags/example_latest_only.py for tasks to queue
[2024-03-31T06:08:30.135+0000] {logging_mixin.py:188} INFO - [2024-03-31T06:08:30.135+0000] {dagbag.py:540} INFO - Filling up the DagBag from /home/airflow/.local/lib/python3.8/site-packages/airflow/example_dags/example_latest_only.py
[2024-03-31T06:08:30.139+0000] {processor.py:840} INFO - DAG(s) 'latest_only' retrieved from /home/airflow/.local/lib/python3.8/site-packages/airflow/example_dags/example_latest_only.py
[2024-03-31T06:08:30.164+0000] {logging_mixin.py:188} INFO - [2024-03-31T06:08:30.163+0000] {dag.py:3047} INFO - Sync 1 DAGs
[2024-03-31T06:08:30.187+0000] {logging_mixin.py:188} INFO - [2024-03-31T06:08:30.187+0000] {dag.py:3834} INFO - Setting next_dagrun for latest_only to 2024-03-31 00:00:00+00:00, run_after=2024-03-31 04:00:00+00:00
[2024-03-31T06:08:30.212+0000] {processor.py:183} INFO - Processing /home/airflow/.local/lib/python3.8/site-packages/airflow/example_dags/example_latest_only.py took 0.092 seconds
[2024-03-31T06:09:00.416+0000] {processor.py:161} INFO - Started process (PID=1021) to work on /home/airflow/.local/lib/python3.8/site-packages/airflow/example_dags/example_latest_only.py
[2024-03-31T06:09:00.416+0000] {processor.py:830} INFO - Processing file /home/airflow/.local/lib/python3.8/site-packages/airflow/example_dags/example_latest_only.py for tasks to queue
[2024-03-31T06:09:00.418+0000] {logging_mixin.py:188} INFO - [2024-03-31T06:09:00.418+0000] {dagbag.py:540} INFO - Filling up the DagBag from /home/airflow/.local/lib/python3.8/site-packages/airflow/example_dags/example_latest_only.py
[2024-03-31T06:09:00.422+0000] {processor.py:840} INFO - DAG(s) 'latest_only' retrieved from /home/airflow/.local/lib/python3.8/site-packages/airflow/example_dags/example_latest_only.py
[2024-03-31T06:09:00.443+0000] {logging_mixin.py:188} INFO - [2024-03-31T06:09:00.441+0000] {dag.py:3047} INFO - Sync 1 DAGs
[2024-03-31T06:09:00.472+0000] {logging_mixin.py:188} INFO - [2024-03-31T06:09:00.472+0000] {dag.py:3834} INFO - Setting next_dagrun for latest_only to 2024-03-31 00:00:00+00:00, run_after=2024-03-31 04:00:00+00:00
[2024-03-31T06:09:00.504+0000] {processor.py:183} INFO - Processing /home/airflow/.local/lib/python3.8/site-packages/airflow/example_dags/example_latest_only.py took 0.091 seconds
[2024-03-31T06:09:30.920+0000] {processor.py:161} INFO - Started process (PID=1078) to work on /home/airflow/.local/lib/python3.8/site-packages/airflow/example_dags/example_latest_only.py
[2024-03-31T06:09:30.921+0000] {processor.py:830} INFO - Processing file /home/airflow/.local/lib/python3.8/site-packages/airflow/example_dags/example_latest_only.py for tasks to queue
[2024-03-31T06:09:30.923+0000] {logging_mixin.py:188} INFO - [2024-03-31T06:09:30.922+0000] {dagbag.py:540} INFO - Filling up the DagBag from /home/airflow/.local/lib/python3.8/site-packages/airflow/example_dags/example_latest_only.py
[2024-03-31T06:09:30.929+0000] {processor.py:840} INFO - DAG(s) 'latest_only' retrieved from /home/airflow/.local/lib/python3.8/site-packages/airflow/example_dags/example_latest_only.py
[2024-03-31T06:09:30.949+0000] {logging_mixin.py:188} INFO - [2024-03-31T06:09:30.948+0000] {dag.py:3047} INFO - Sync 1 DAGs
[2024-03-31T06:09:30.970+0000] {logging_mixin.py:188} INFO - [2024-03-31T06:09:30.969+0000] {dag.py:3834} INFO - Setting next_dagrun for latest_only to 2024-03-31 00:00:00+00:00, run_after=2024-03-31 04:00:00+00:00
[2024-03-31T06:09:30.989+0000] {processor.py:183} INFO - Processing /home/airflow/.local/lib/python3.8/site-packages/airflow/example_dags/example_latest_only.py took 0.071 seconds
[2024-03-31T06:10:01.385+0000] {processor.py:161} INFO - Started process (PID=1135) to work on /home/airflow/.local/lib/python3.8/site-packages/airflow/example_dags/example_latest_only.py
[2024-03-31T06:10:01.386+0000] {processor.py:830} INFO - Processing file /home/airflow/.local/lib/python3.8/site-packages/airflow/example_dags/example_latest_only.py for tasks to queue
[2024-03-31T06:10:01.388+0000] {logging_mixin.py:188} INFO - [2024-03-31T06:10:01.387+0000] {dagbag.py:540} INFO - Filling up the DagBag from /home/airflow/.local/lib/python3.8/site-packages/airflow/example_dags/example_latest_only.py
[2024-03-31T06:10:01.392+0000] {processor.py:840} INFO - DAG(s) 'latest_only' retrieved from /home/airflow/.local/lib/python3.8/site-packages/airflow/example_dags/example_latest_only.py
[2024-03-31T06:10:01.412+0000] {logging_mixin.py:188} INFO - [2024-03-31T06:10:01.411+0000] {dag.py:3047} INFO - Sync 1 DAGs
[2024-03-31T06:10:01.452+0000] {logging_mixin.py:188} INFO - [2024-03-31T06:10:01.452+0000] {dag.py:3834} INFO - Setting next_dagrun for latest_only to 2024-03-31 00:00:00+00:00, run_after=2024-03-31 04:00:00+00:00
[2024-03-31T06:10:01.480+0000] {processor.py:183} INFO - Processing /home/airflow/.local/lib/python3.8/site-packages/airflow/example_dags/example_latest_only.py took 0.097 seconds
[2024-03-31T06:10:31.837+0000] {processor.py:161} INFO - Started process (PID=1191) to work on /home/airflow/.local/lib/python3.8/site-packages/airflow/example_dags/example_latest_only.py
[2024-03-31T06:10:31.839+0000] {processor.py:830} INFO - Processing file /home/airflow/.local/lib/python3.8/site-packages/airflow/example_dags/example_latest_only.py for tasks to queue
[2024-03-31T06:10:31.845+0000] {logging_mixin.py:188} INFO - [2024-03-31T06:10:31.844+0000] {dagbag.py:540} INFO - Filling up the DagBag from /home/airflow/.local/lib/python3.8/site-packages/airflow/example_dags/example_latest_only.py
[2024-03-31T06:10:31.851+0000] {processor.py:840} INFO - DAG(s) 'latest_only' retrieved from /home/airflow/.local/lib/python3.8/site-packages/airflow/example_dags/example_latest_only.py
[2024-03-31T06:10:31.881+0000] {logging_mixin.py:188} INFO - [2024-03-31T06:10:31.880+0000] {dag.py:3047} INFO - Sync 1 DAGs
[2024-03-31T06:10:31.914+0000] {logging_mixin.py:188} INFO - [2024-03-31T06:10:31.914+0000] {dag.py:3834} INFO - Setting next_dagrun for latest_only to 2024-03-31 00:00:00+00:00, run_after=2024-03-31 04:00:00+00:00
[2024-03-31T06:10:31.996+0000] {processor.py:183} INFO - Processing /home/airflow/.local/lib/python3.8/site-packages/airflow/example_dags/example_latest_only.py took 0.161 seconds
[2024-03-31T06:11:02.244+0000] {processor.py:161} INFO - Started process (PID=1247) to work on /home/airflow/.local/lib/python3.8/site-packages/airflow/example_dags/example_latest_only.py
[2024-03-31T06:11:02.245+0000] {processor.py:830} INFO - Processing file /home/airflow/.local/lib/python3.8/site-packages/airflow/example_dags/example_latest_only.py for tasks to queue
[2024-03-31T06:11:02.247+0000] {logging_mixin.py:188} INFO - [2024-03-31T06:11:02.246+0000] {dagbag.py:540} INFO - Filling up the DagBag from /home/airflow/.local/lib/python3.8/site-packages/airflow/example_dags/example_latest_only.py
[2024-03-31T06:11:02.251+0000] {processor.py:840} INFO - DAG(s) 'latest_only' retrieved from /home/airflow/.local/lib/python3.8/site-packages/airflow/example_dags/example_latest_only.py
[2024-03-31T06:11:02.271+0000] {logging_mixin.py:188} INFO - [2024-03-31T06:11:02.271+0000] {dag.py:3047} INFO - Sync 1 DAGs
[2024-03-31T06:11:02.297+0000] {logging_mixin.py:188} INFO - [2024-03-31T06:11:02.297+0000] {dag.py:3834} INFO - Setting next_dagrun for latest_only to 2024-03-31 00:00:00+00:00, run_after=2024-03-31 04:00:00+00:00
[2024-03-31T06:11:02.329+0000] {processor.py:183} INFO - Processing /home/airflow/.local/lib/python3.8/site-packages/airflow/example_dags/example_latest_only.py took 0.088 seconds
[2024-03-31T06:11:32.646+0000] {processor.py:161} INFO - Started process (PID=1303) to work on /home/airflow/.local/lib/python3.8/site-packages/airflow/example_dags/example_latest_only.py
[2024-03-31T06:11:32.647+0000] {processor.py:830} INFO - Processing file /home/airflow/.local/lib/python3.8/site-packages/airflow/example_dags/example_latest_only.py for tasks to queue
[2024-03-31T06:11:32.648+0000] {logging_mixin.py:188} INFO - [2024-03-31T06:11:32.648+0000] {dagbag.py:540} INFO - Filling up the DagBag from /home/airflow/.local/lib/python3.8/site-packages/airflow/example_dags/example_latest_only.py
[2024-03-31T06:11:32.652+0000] {processor.py:840} INFO - DAG(s) 'latest_only' retrieved from /home/airflow/.local/lib/python3.8/site-packages/airflow/example_dags/example_latest_only.py
[2024-03-31T06:11:32.697+0000] {logging_mixin.py:188} INFO - [2024-03-31T06:11:32.696+0000] {dag.py:3047} INFO - Sync 1 DAGs
[2024-03-31T06:11:32.720+0000] {logging_mixin.py:188} INFO - [2024-03-31T06:11:32.719+0000] {dag.py:3834} INFO - Setting next_dagrun for latest_only to 2024-03-31 00:00:00+00:00, run_after=2024-03-31 04:00:00+00:00
[2024-03-31T06:11:32.747+0000] {processor.py:183} INFO - Processing /home/airflow/.local/lib/python3.8/site-packages/airflow/example_dags/example_latest_only.py took 0.104 seconds
[2024-03-31T06:12:03.065+0000] {processor.py:161} INFO - Started process (PID=1359) to work on /home/airflow/.local/lib/python3.8/site-packages/airflow/example_dags/example_latest_only.py
[2024-03-31T06:12:03.066+0000] {processor.py:830} INFO - Processing file /home/airflow/.local/lib/python3.8/site-packages/airflow/example_dags/example_latest_only.py for tasks to queue
[2024-03-31T06:12:03.069+0000] {logging_mixin.py:188} INFO - [2024-03-31T06:12:03.069+0000] {dagbag.py:540} INFO - Filling up the DagBag from /home/airflow/.local/lib/python3.8/site-packages/airflow/example_dags/example_latest_only.py
[2024-03-31T06:12:03.076+0000] {processor.py:840} INFO - DAG(s) 'latest_only' retrieved from /home/airflow/.local/lib/python3.8/site-packages/airflow/example_dags/example_latest_only.py
[2024-03-31T06:12:03.116+0000] {logging_mixin.py:188} INFO - [2024-03-31T06:12:03.115+0000] {dag.py:3047} INFO - Sync 1 DAGs
[2024-03-31T06:12:03.167+0000] {logging_mixin.py:188} INFO - [2024-03-31T06:12:03.167+0000] {dag.py:3834} INFO - Setting next_dagrun for latest_only to 2024-03-31 00:00:00+00:00, run_after=2024-03-31 04:00:00+00:00
[2024-03-31T06:12:03.209+0000] {processor.py:183} INFO - Processing /home/airflow/.local/lib/python3.8/site-packages/airflow/example_dags/example_latest_only.py took 0.146 seconds
[2024-03-31T06:12:34.287+0000] {processor.py:161} INFO - Started process (PID=1415) to work on /home/airflow/.local/lib/python3.8/site-packages/airflow/example_dags/example_latest_only.py
[2024-03-31T06:12:34.291+0000] {processor.py:830} INFO - Processing file /home/airflow/.local/lib/python3.8/site-packages/airflow/example_dags/example_latest_only.py for tasks to queue
[2024-03-31T06:12:34.295+0000] {logging_mixin.py:188} INFO - [2024-03-31T06:12:34.295+0000] {dagbag.py:540} INFO - Filling up the DagBag from /home/airflow/.local/lib/python3.8/site-packages/airflow/example_dags/example_latest_only.py
[2024-03-31T06:12:34.303+0000] {processor.py:840} INFO - DAG(s) 'latest_only' retrieved from /home/airflow/.local/lib/python3.8/site-packages/airflow/example_dags/example_latest_only.py
[2024-03-31T06:12:34.330+0000] {logging_mixin.py:188} INFO - [2024-03-31T06:12:34.329+0000] {dag.py:3047} INFO - Sync 1 DAGs
[2024-03-31T06:12:34.380+0000] {logging_mixin.py:188} INFO - [2024-03-31T06:12:34.380+0000] {dag.py:3834} INFO - Setting next_dagrun for latest_only to 2024-03-31 00:00:00+00:00, run_after=2024-03-31 04:00:00+00:00
[2024-03-31T06:12:34.412+0000] {processor.py:183} INFO - Processing /home/airflow/.local/lib/python3.8/site-packages/airflow/example_dags/example_latest_only.py took 0.128 seconds
[2024-03-31T06:13:45.003+0000] {processor.py:161} INFO - Started process (PID=65) to work on /home/airflow/.local/lib/python3.8/site-packages/airflow/example_dags/example_latest_only.py
[2024-03-31T06:13:45.008+0000] {processor.py:830} INFO - Processing file /home/airflow/.local/lib/python3.8/site-packages/airflow/example_dags/example_latest_only.py for tasks to queue
[2024-03-31T06:13:45.013+0000] {logging_mixin.py:188} INFO - [2024-03-31T06:13:45.013+0000] {dagbag.py:540} INFO - Filling up the DagBag from /home/airflow/.local/lib/python3.8/site-packages/airflow/example_dags/example_latest_only.py
[2024-03-31T06:13:45.040+0000] {processor.py:840} INFO - DAG(s) 'latest_only' retrieved from /home/airflow/.local/lib/python3.8/site-packages/airflow/example_dags/example_latest_only.py
[2024-03-31T06:13:45.069+0000] {logging_mixin.py:188} INFO - [2024-03-31T06:13:45.069+0000] {dag.py:3047} INFO - Sync 1 DAGs
[2024-03-31T06:13:45.160+0000] {logging_mixin.py:188} INFO - [2024-03-31T06:13:45.159+0000] {dag.py:3834} INFO - Setting next_dagrun for latest_only to 2024-03-31 00:00:00+00:00, run_after=2024-03-31 04:00:00+00:00
[2024-03-31T06:13:45.248+0000] {processor.py:183} INFO - Processing /home/airflow/.local/lib/python3.8/site-packages/airflow/example_dags/example_latest_only.py took 0.249 seconds
