[2024-03-31T06:00:34.886+0000] {processor.py:161} INFO - Started process (PID=91) to work on /home/airflow/.local/lib/python3.8/site-packages/airflow/example_dags/example_python_operator.py
[2024-03-31T06:00:34.887+0000] {processor.py:830} INFO - Processing file /home/airflow/.local/lib/python3.8/site-packages/airflow/example_dags/example_python_operator.py for tasks to queue
[2024-03-31T06:00:34.894+0000] {logging_mixin.py:188} INFO - [2024-03-31T06:00:34.894+0000] {dagbag.py:540} INFO - Filling up the DagBag from /home/airflow/.local/lib/python3.8/site-packages/airflow/example_dags/example_python_operator.py
[2024-03-31T06:00:34.920+0000] {processor.py:840} INFO - DAG(s) 'example_python_operator' retrieved from /home/airflow/.local/lib/python3.8/site-packages/airflow/example_dags/example_python_operator.py
[2024-03-31T06:00:34.947+0000] {logging_mixin.py:188} INFO - [2024-03-31T06:00:34.946+0000] {dag.py:3047} INFO - Sync 1 DAGs
[2024-03-31T06:00:34.986+0000] {logging_mixin.py:188} INFO - [2024-03-31T06:00:34.985+0000] {dag.py:3834} INFO - Setting next_dagrun for example_python_operator to None, run_after=None
[2024-03-31T06:00:35.055+0000] {processor.py:183} INFO - Processing /home/airflow/.local/lib/python3.8/site-packages/airflow/example_dags/example_python_operator.py took 0.172 seconds
[2024-03-31T06:01:05.939+0000] {processor.py:161} INFO - Started process (PID=146) to work on /home/airflow/.local/lib/python3.8/site-packages/airflow/example_dags/example_python_operator.py
[2024-03-31T06:01:05.941+0000] {processor.py:830} INFO - Processing file /home/airflow/.local/lib/python3.8/site-packages/airflow/example_dags/example_python_operator.py for tasks to queue
[2024-03-31T06:01:05.944+0000] {logging_mixin.py:188} INFO - [2024-03-31T06:01:05.944+0000] {dagbag.py:540} INFO - Filling up the DagBag from /home/airflow/.local/lib/python3.8/site-packages/airflow/example_dags/example_python_operator.py
[2024-03-31T06:01:05.963+0000] {processor.py:840} INFO - DAG(s) 'example_python_operator' retrieved from /home/airflow/.local/lib/python3.8/site-packages/airflow/example_dags/example_python_operator.py
[2024-03-31T06:01:05.989+0000] {logging_mixin.py:188} INFO - [2024-03-31T06:01:05.989+0000] {dag.py:3047} INFO - Sync 1 DAGs
[2024-03-31T06:01:06.011+0000] {logging_mixin.py:188} INFO - [2024-03-31T06:01:06.011+0000] {dag.py:3834} INFO - Setting next_dagrun for example_python_operator to None, run_after=None
[2024-03-31T06:01:06.056+0000] {processor.py:183} INFO - Processing /home/airflow/.local/lib/python3.8/site-packages/airflow/example_dags/example_python_operator.py took 0.121 seconds
[2024-03-31T06:01:36.694+0000] {processor.py:161} INFO - Started process (PID=202) to work on /home/airflow/.local/lib/python3.8/site-packages/airflow/example_dags/example_python_operator.py
[2024-03-31T06:01:36.702+0000] {processor.py:830} INFO - Processing file /home/airflow/.local/lib/python3.8/site-packages/airflow/example_dags/example_python_operator.py for tasks to queue
[2024-03-31T06:01:36.710+0000] {logging_mixin.py:188} INFO - [2024-03-31T06:01:36.710+0000] {dagbag.py:540} INFO - Filling up the DagBag from /home/airflow/.local/lib/python3.8/site-packages/airflow/example_dags/example_python_operator.py
[2024-03-31T06:01:36.751+0000] {processor.py:840} INFO - DAG(s) 'example_python_operator' retrieved from /home/airflow/.local/lib/python3.8/site-packages/airflow/example_dags/example_python_operator.py
[2024-03-31T06:01:36.812+0000] {logging_mixin.py:188} INFO - [2024-03-31T06:01:36.810+0000] {dag.py:3047} INFO - Sync 1 DAGs
[2024-03-31T06:01:36.854+0000] {logging_mixin.py:188} INFO - [2024-03-31T06:01:36.851+0000] {dag.py:3834} INFO - Setting next_dagrun for example_python_operator to None, run_after=None
[2024-03-31T06:01:36.972+0000] {processor.py:183} INFO - Processing /home/airflow/.local/lib/python3.8/site-packages/airflow/example_dags/example_python_operator.py took 0.302 seconds
[2024-03-31T06:02:07.216+0000] {processor.py:161} INFO - Started process (PID=258) to work on /home/airflow/.local/lib/python3.8/site-packages/airflow/example_dags/example_python_operator.py
[2024-03-31T06:02:07.218+0000] {processor.py:830} INFO - Processing file /home/airflow/.local/lib/python3.8/site-packages/airflow/example_dags/example_python_operator.py for tasks to queue
[2024-03-31T06:02:07.222+0000] {logging_mixin.py:188} INFO - [2024-03-31T06:02:07.221+0000] {dagbag.py:540} INFO - Filling up the DagBag from /home/airflow/.local/lib/python3.8/site-packages/airflow/example_dags/example_python_operator.py
[2024-03-31T06:02:07.236+0000] {processor.py:840} INFO - DAG(s) 'example_python_operator' retrieved from /home/airflow/.local/lib/python3.8/site-packages/airflow/example_dags/example_python_operator.py
[2024-03-31T06:02:07.260+0000] {logging_mixin.py:188} INFO - [2024-03-31T06:02:07.260+0000] {dag.py:3047} INFO - Sync 1 DAGs
[2024-03-31T06:02:07.286+0000] {logging_mixin.py:188} INFO - [2024-03-31T06:02:07.286+0000] {dag.py:3834} INFO - Setting next_dagrun for example_python_operator to None, run_after=None
[2024-03-31T06:02:07.328+0000] {processor.py:183} INFO - Processing /home/airflow/.local/lib/python3.8/site-packages/airflow/example_dags/example_python_operator.py took 0.115 seconds
[2024-03-31T06:02:37.709+0000] {processor.py:161} INFO - Started process (PID=314) to work on /home/airflow/.local/lib/python3.8/site-packages/airflow/example_dags/example_python_operator.py
[2024-03-31T06:02:37.710+0000] {processor.py:830} INFO - Processing file /home/airflow/.local/lib/python3.8/site-packages/airflow/example_dags/example_python_operator.py for tasks to queue
[2024-03-31T06:02:37.712+0000] {logging_mixin.py:188} INFO - [2024-03-31T06:02:37.711+0000] {dagbag.py:540} INFO - Filling up the DagBag from /home/airflow/.local/lib/python3.8/site-packages/airflow/example_dags/example_python_operator.py
[2024-03-31T06:02:37.724+0000] {processor.py:840} INFO - DAG(s) 'example_python_operator' retrieved from /home/airflow/.local/lib/python3.8/site-packages/airflow/example_dags/example_python_operator.py
[2024-03-31T06:02:37.737+0000] {logging_mixin.py:188} INFO - [2024-03-31T06:02:37.736+0000] {dag.py:3047} INFO - Sync 1 DAGs
[2024-03-31T06:02:37.753+0000] {logging_mixin.py:188} INFO - [2024-03-31T06:02:37.752+0000] {dag.py:3834} INFO - Setting next_dagrun for example_python_operator to None, run_after=None
[2024-03-31T06:02:37.774+0000] {processor.py:183} INFO - Processing /home/airflow/.local/lib/python3.8/site-packages/airflow/example_dags/example_python_operator.py took 0.067 seconds
[2024-03-31T06:03:08.647+0000] {processor.py:161} INFO - Started process (PID=370) to work on /home/airflow/.local/lib/python3.8/site-packages/airflow/example_dags/example_python_operator.py
[2024-03-31T06:03:08.648+0000] {processor.py:830} INFO - Processing file /home/airflow/.local/lib/python3.8/site-packages/airflow/example_dags/example_python_operator.py for tasks to queue
[2024-03-31T06:03:08.650+0000] {logging_mixin.py:188} INFO - [2024-03-31T06:03:08.650+0000] {dagbag.py:540} INFO - Filling up the DagBag from /home/airflow/.local/lib/python3.8/site-packages/airflow/example_dags/example_python_operator.py
[2024-03-31T06:03:08.660+0000] {processor.py:840} INFO - DAG(s) 'example_python_operator' retrieved from /home/airflow/.local/lib/python3.8/site-packages/airflow/example_dags/example_python_operator.py
[2024-03-31T06:03:08.772+0000] {logging_mixin.py:188} INFO - [2024-03-31T06:03:08.772+0000] {dag.py:3047} INFO - Sync 1 DAGs
[2024-03-31T06:03:08.785+0000] {logging_mixin.py:188} INFO - [2024-03-31T06:03:08.785+0000] {dag.py:3834} INFO - Setting next_dagrun for example_python_operator to None, run_after=None
[2024-03-31T06:03:08.807+0000] {processor.py:183} INFO - Processing /home/airflow/.local/lib/python3.8/site-packages/airflow/example_dags/example_python_operator.py took 0.163 seconds
[2024-03-31T06:03:38.842+0000] {processor.py:161} INFO - Started process (PID=426) to work on /home/airflow/.local/lib/python3.8/site-packages/airflow/example_dags/example_python_operator.py
[2024-03-31T06:03:38.843+0000] {processor.py:830} INFO - Processing file /home/airflow/.local/lib/python3.8/site-packages/airflow/example_dags/example_python_operator.py for tasks to queue
[2024-03-31T06:03:38.844+0000] {logging_mixin.py:188} INFO - [2024-03-31T06:03:38.844+0000] {dagbag.py:540} INFO - Filling up the DagBag from /home/airflow/.local/lib/python3.8/site-packages/airflow/example_dags/example_python_operator.py
[2024-03-31T06:03:38.856+0000] {processor.py:840} INFO - DAG(s) 'example_python_operator' retrieved from /home/airflow/.local/lib/python3.8/site-packages/airflow/example_dags/example_python_operator.py
[2024-03-31T06:03:38.891+0000] {logging_mixin.py:188} INFO - [2024-03-31T06:03:38.889+0000] {dag.py:3047} INFO - Sync 1 DAGs
[2024-03-31T06:03:38.912+0000] {logging_mixin.py:188} INFO - [2024-03-31T06:03:38.912+0000] {dag.py:3834} INFO - Setting next_dagrun for example_python_operator to None, run_after=None
[2024-03-31T06:03:38.944+0000] {processor.py:183} INFO - Processing /home/airflow/.local/lib/python3.8/site-packages/airflow/example_dags/example_python_operator.py took 0.105 seconds
[2024-03-31T06:04:09.098+0000] {processor.py:161} INFO - Started process (PID=482) to work on /home/airflow/.local/lib/python3.8/site-packages/airflow/example_dags/example_python_operator.py
[2024-03-31T06:04:09.099+0000] {processor.py:830} INFO - Processing file /home/airflow/.local/lib/python3.8/site-packages/airflow/example_dags/example_python_operator.py for tasks to queue
[2024-03-31T06:04:09.101+0000] {logging_mixin.py:188} INFO - [2024-03-31T06:04:09.100+0000] {dagbag.py:540} INFO - Filling up the DagBag from /home/airflow/.local/lib/python3.8/site-packages/airflow/example_dags/example_python_operator.py
[2024-03-31T06:04:09.110+0000] {processor.py:840} INFO - DAG(s) 'example_python_operator' retrieved from /home/airflow/.local/lib/python3.8/site-packages/airflow/example_dags/example_python_operator.py
[2024-03-31T06:04:09.134+0000] {logging_mixin.py:188} INFO - [2024-03-31T06:04:09.134+0000] {dag.py:3047} INFO - Sync 1 DAGs
[2024-03-31T06:04:09.147+0000] {logging_mixin.py:188} INFO - [2024-03-31T06:04:09.147+0000] {dag.py:3834} INFO - Setting next_dagrun for example_python_operator to None, run_after=None
[2024-03-31T06:04:09.175+0000] {processor.py:183} INFO - Processing /home/airflow/.local/lib/python3.8/site-packages/airflow/example_dags/example_python_operator.py took 0.081 seconds
[2024-03-31T06:04:39.492+0000] {processor.py:161} INFO - Started process (PID=538) to work on /home/airflow/.local/lib/python3.8/site-packages/airflow/example_dags/example_python_operator.py
[2024-03-31T06:04:39.493+0000] {processor.py:830} INFO - Processing file /home/airflow/.local/lib/python3.8/site-packages/airflow/example_dags/example_python_operator.py for tasks to queue
[2024-03-31T06:04:39.494+0000] {logging_mixin.py:188} INFO - [2024-03-31T06:04:39.494+0000] {dagbag.py:540} INFO - Filling up the DagBag from /home/airflow/.local/lib/python3.8/site-packages/airflow/example_dags/example_python_operator.py
[2024-03-31T06:04:39.506+0000] {processor.py:840} INFO - DAG(s) 'example_python_operator' retrieved from /home/airflow/.local/lib/python3.8/site-packages/airflow/example_dags/example_python_operator.py
[2024-03-31T06:04:39.533+0000] {logging_mixin.py:188} INFO - [2024-03-31T06:04:39.533+0000] {dag.py:3047} INFO - Sync 1 DAGs
[2024-03-31T06:04:39.549+0000] {logging_mixin.py:188} INFO - [2024-03-31T06:04:39.549+0000] {dag.py:3834} INFO - Setting next_dagrun for example_python_operator to None, run_after=None
[2024-03-31T06:04:39.571+0000] {processor.py:183} INFO - Processing /home/airflow/.local/lib/python3.8/site-packages/airflow/example_dags/example_python_operator.py took 0.082 seconds
[2024-03-31T06:05:09.903+0000] {processor.py:161} INFO - Started process (PID=594) to work on /home/airflow/.local/lib/python3.8/site-packages/airflow/example_dags/example_python_operator.py
[2024-03-31T06:05:09.904+0000] {processor.py:830} INFO - Processing file /home/airflow/.local/lib/python3.8/site-packages/airflow/example_dags/example_python_operator.py for tasks to queue
[2024-03-31T06:05:09.906+0000] {logging_mixin.py:188} INFO - [2024-03-31T06:05:09.906+0000] {dagbag.py:540} INFO - Filling up the DagBag from /home/airflow/.local/lib/python3.8/site-packages/airflow/example_dags/example_python_operator.py
[2024-03-31T06:05:09.925+0000] {processor.py:840} INFO - DAG(s) 'example_python_operator' retrieved from /home/airflow/.local/lib/python3.8/site-packages/airflow/example_dags/example_python_operator.py
[2024-03-31T06:05:09.954+0000] {logging_mixin.py:188} INFO - [2024-03-31T06:05:09.954+0000] {dag.py:3047} INFO - Sync 1 DAGs
[2024-03-31T06:05:09.968+0000] {logging_mixin.py:188} INFO - [2024-03-31T06:05:09.967+0000] {dag.py:3834} INFO - Setting next_dagrun for example_python_operator to None, run_after=None
[2024-03-31T06:05:09.991+0000] {processor.py:183} INFO - Processing /home/airflow/.local/lib/python3.8/site-packages/airflow/example_dags/example_python_operator.py took 0.092 seconds
[2024-03-31T06:05:40.932+0000] {processor.py:161} INFO - Started process (PID=650) to work on /home/airflow/.local/lib/python3.8/site-packages/airflow/example_dags/example_python_operator.py
[2024-03-31T06:05:40.933+0000] {processor.py:830} INFO - Processing file /home/airflow/.local/lib/python3.8/site-packages/airflow/example_dags/example_python_operator.py for tasks to queue
[2024-03-31T06:05:40.935+0000] {logging_mixin.py:188} INFO - [2024-03-31T06:05:40.934+0000] {dagbag.py:540} INFO - Filling up the DagBag from /home/airflow/.local/lib/python3.8/site-packages/airflow/example_dags/example_python_operator.py
[2024-03-31T06:05:40.948+0000] {processor.py:840} INFO - DAG(s) 'example_python_operator' retrieved from /home/airflow/.local/lib/python3.8/site-packages/airflow/example_dags/example_python_operator.py
[2024-03-31T06:05:40.973+0000] {logging_mixin.py:188} INFO - [2024-03-31T06:05:40.973+0000] {dag.py:3047} INFO - Sync 1 DAGs
[2024-03-31T06:05:41.002+0000] {logging_mixin.py:188} INFO - [2024-03-31T06:05:41.002+0000] {dag.py:3834} INFO - Setting next_dagrun for example_python_operator to None, run_after=None
[2024-03-31T06:05:41.039+0000] {processor.py:183} INFO - Processing /home/airflow/.local/lib/python3.8/site-packages/airflow/example_dags/example_python_operator.py took 0.115 seconds
[2024-03-31T06:06:11.557+0000] {processor.py:161} INFO - Started process (PID=712) to work on /home/airflow/.local/lib/python3.8/site-packages/airflow/example_dags/example_python_operator.py
[2024-03-31T06:06:11.558+0000] {processor.py:830} INFO - Processing file /home/airflow/.local/lib/python3.8/site-packages/airflow/example_dags/example_python_operator.py for tasks to queue
[2024-03-31T06:06:11.559+0000] {logging_mixin.py:188} INFO - [2024-03-31T06:06:11.559+0000] {dagbag.py:540} INFO - Filling up the DagBag from /home/airflow/.local/lib/python3.8/site-packages/airflow/example_dags/example_python_operator.py
[2024-03-31T06:06:11.571+0000] {processor.py:840} INFO - DAG(s) 'example_python_operator' retrieved from /home/airflow/.local/lib/python3.8/site-packages/airflow/example_dags/example_python_operator.py
[2024-03-31T06:06:11.615+0000] {logging_mixin.py:188} INFO - [2024-03-31T06:06:11.614+0000] {dag.py:3047} INFO - Sync 1 DAGs
[2024-03-31T06:06:11.631+0000] {logging_mixin.py:188} INFO - [2024-03-31T06:06:11.631+0000] {dag.py:3834} INFO - Setting next_dagrun for example_python_operator to None, run_after=None
[2024-03-31T06:06:11.655+0000] {processor.py:183} INFO - Processing /home/airflow/.local/lib/python3.8/site-packages/airflow/example_dags/example_python_operator.py took 0.100 seconds
[2024-03-31T06:06:41.971+0000] {processor.py:161} INFO - Started process (PID=768) to work on /home/airflow/.local/lib/python3.8/site-packages/airflow/example_dags/example_python_operator.py
[2024-03-31T06:06:41.972+0000] {processor.py:830} INFO - Processing file /home/airflow/.local/lib/python3.8/site-packages/airflow/example_dags/example_python_operator.py for tasks to queue
[2024-03-31T06:06:41.974+0000] {logging_mixin.py:188} INFO - [2024-03-31T06:06:41.973+0000] {dagbag.py:540} INFO - Filling up the DagBag from /home/airflow/.local/lib/python3.8/site-packages/airflow/example_dags/example_python_operator.py
[2024-03-31T06:06:41.985+0000] {processor.py:840} INFO - DAG(s) 'example_python_operator' retrieved from /home/airflow/.local/lib/python3.8/site-packages/airflow/example_dags/example_python_operator.py
[2024-03-31T06:06:42.011+0000] {logging_mixin.py:188} INFO - [2024-03-31T06:06:42.011+0000] {dag.py:3047} INFO - Sync 1 DAGs
[2024-03-31T06:06:42.027+0000] {logging_mixin.py:188} INFO - [2024-03-31T06:06:42.027+0000] {dag.py:3834} INFO - Setting next_dagrun for example_python_operator to None, run_after=None
[2024-03-31T06:06:42.047+0000] {processor.py:183} INFO - Processing /home/airflow/.local/lib/python3.8/site-packages/airflow/example_dags/example_python_operator.py took 0.078 seconds
[2024-03-31T06:07:12.780+0000] {processor.py:161} INFO - Started process (PID=825) to work on /home/airflow/.local/lib/python3.8/site-packages/airflow/example_dags/example_python_operator.py
[2024-03-31T06:07:12.781+0000] {processor.py:830} INFO - Processing file /home/airflow/.local/lib/python3.8/site-packages/airflow/example_dags/example_python_operator.py for tasks to queue
[2024-03-31T06:07:12.783+0000] {logging_mixin.py:188} INFO - [2024-03-31T06:07:12.783+0000] {dagbag.py:540} INFO - Filling up the DagBag from /home/airflow/.local/lib/python3.8/site-packages/airflow/example_dags/example_python_operator.py
[2024-03-31T06:07:12.792+0000] {processor.py:840} INFO - DAG(s) 'example_python_operator' retrieved from /home/airflow/.local/lib/python3.8/site-packages/airflow/example_dags/example_python_operator.py
[2024-03-31T06:07:12.820+0000] {logging_mixin.py:188} INFO - [2024-03-31T06:07:12.818+0000] {dag.py:3047} INFO - Sync 1 DAGs
[2024-03-31T06:07:12.836+0000] {logging_mixin.py:188} INFO - [2024-03-31T06:07:12.836+0000] {dag.py:3834} INFO - Setting next_dagrun for example_python_operator to None, run_after=None
[2024-03-31T06:07:12.864+0000] {processor.py:183} INFO - Processing /home/airflow/.local/lib/python3.8/site-packages/airflow/example_dags/example_python_operator.py took 0.090 seconds
[2024-03-31T06:07:43.029+0000] {processor.py:161} INFO - Started process (PID=881) to work on /home/airflow/.local/lib/python3.8/site-packages/airflow/example_dags/example_python_operator.py
[2024-03-31T06:07:43.033+0000] {processor.py:830} INFO - Processing file /home/airflow/.local/lib/python3.8/site-packages/airflow/example_dags/example_python_operator.py for tasks to queue
[2024-03-31T06:07:43.035+0000] {logging_mixin.py:188} INFO - [2024-03-31T06:07:43.034+0000] {dagbag.py:540} INFO - Filling up the DagBag from /home/airflow/.local/lib/python3.8/site-packages/airflow/example_dags/example_python_operator.py
[2024-03-31T06:07:43.045+0000] {processor.py:840} INFO - DAG(s) 'example_python_operator' retrieved from /home/airflow/.local/lib/python3.8/site-packages/airflow/example_dags/example_python_operator.py
[2024-03-31T06:07:43.072+0000] {logging_mixin.py:188} INFO - [2024-03-31T06:07:43.070+0000] {dag.py:3047} INFO - Sync 1 DAGs
[2024-03-31T06:07:43.086+0000] {logging_mixin.py:188} INFO - [2024-03-31T06:07:43.086+0000] {dag.py:3834} INFO - Setting next_dagrun for example_python_operator to None, run_after=None
[2024-03-31T06:07:43.105+0000] {processor.py:183} INFO - Processing /home/airflow/.local/lib/python3.8/site-packages/airflow/example_dags/example_python_operator.py took 0.081 seconds
[2024-03-31T06:08:13.416+0000] {processor.py:161} INFO - Started process (PID=937) to work on /home/airflow/.local/lib/python3.8/site-packages/airflow/example_dags/example_python_operator.py
[2024-03-31T06:08:13.417+0000] {processor.py:830} INFO - Processing file /home/airflow/.local/lib/python3.8/site-packages/airflow/example_dags/example_python_operator.py for tasks to queue
[2024-03-31T06:08:13.418+0000] {logging_mixin.py:188} INFO - [2024-03-31T06:08:13.418+0000] {dagbag.py:540} INFO - Filling up the DagBag from /home/airflow/.local/lib/python3.8/site-packages/airflow/example_dags/example_python_operator.py
[2024-03-31T06:08:13.428+0000] {processor.py:840} INFO - DAG(s) 'example_python_operator' retrieved from /home/airflow/.local/lib/python3.8/site-packages/airflow/example_dags/example_python_operator.py
[2024-03-31T06:08:13.450+0000] {logging_mixin.py:188} INFO - [2024-03-31T06:08:13.449+0000] {dag.py:3047} INFO - Sync 1 DAGs
[2024-03-31T06:08:13.465+0000] {logging_mixin.py:188} INFO - [2024-03-31T06:08:13.465+0000] {dag.py:3834} INFO - Setting next_dagrun for example_python_operator to None, run_after=None
[2024-03-31T06:08:13.485+0000] {processor.py:183} INFO - Processing /home/airflow/.local/lib/python3.8/site-packages/airflow/example_dags/example_python_operator.py took 0.072 seconds
[2024-03-31T06:08:43.606+0000] {processor.py:161} INFO - Started process (PID=992) to work on /home/airflow/.local/lib/python3.8/site-packages/airflow/example_dags/example_python_operator.py
[2024-03-31T06:08:43.607+0000] {processor.py:830} INFO - Processing file /home/airflow/.local/lib/python3.8/site-packages/airflow/example_dags/example_python_operator.py for tasks to queue
[2024-03-31T06:08:43.609+0000] {logging_mixin.py:188} INFO - [2024-03-31T06:08:43.608+0000] {dagbag.py:540} INFO - Filling up the DagBag from /home/airflow/.local/lib/python3.8/site-packages/airflow/example_dags/example_python_operator.py
[2024-03-31T06:08:43.621+0000] {processor.py:840} INFO - DAG(s) 'example_python_operator' retrieved from /home/airflow/.local/lib/python3.8/site-packages/airflow/example_dags/example_python_operator.py
[2024-03-31T06:08:43.644+0000] {logging_mixin.py:188} INFO - [2024-03-31T06:08:43.642+0000] {dag.py:3047} INFO - Sync 1 DAGs
[2024-03-31T06:08:43.662+0000] {logging_mixin.py:188} INFO - [2024-03-31T06:08:43.662+0000] {dag.py:3834} INFO - Setting next_dagrun for example_python_operator to None, run_after=None
[2024-03-31T06:08:43.694+0000] {processor.py:183} INFO - Processing /home/airflow/.local/lib/python3.8/site-packages/airflow/example_dags/example_python_operator.py took 0.090 seconds
[2024-03-31T06:09:13.817+0000] {processor.py:161} INFO - Started process (PID=1049) to work on /home/airflow/.local/lib/python3.8/site-packages/airflow/example_dags/example_python_operator.py
[2024-03-31T06:09:13.818+0000] {processor.py:830} INFO - Processing file /home/airflow/.local/lib/python3.8/site-packages/airflow/example_dags/example_python_operator.py for tasks to queue
[2024-03-31T06:09:13.819+0000] {logging_mixin.py:188} INFO - [2024-03-31T06:09:13.819+0000] {dagbag.py:540} INFO - Filling up the DagBag from /home/airflow/.local/lib/python3.8/site-packages/airflow/example_dags/example_python_operator.py
[2024-03-31T06:09:13.831+0000] {processor.py:840} INFO - DAG(s) 'example_python_operator' retrieved from /home/airflow/.local/lib/python3.8/site-packages/airflow/example_dags/example_python_operator.py
[2024-03-31T06:09:13.852+0000] {logging_mixin.py:188} INFO - [2024-03-31T06:09:13.852+0000] {dag.py:3047} INFO - Sync 1 DAGs
[2024-03-31T06:09:13.869+0000] {logging_mixin.py:188} INFO - [2024-03-31T06:09:13.869+0000] {dag.py:3834} INFO - Setting next_dagrun for example_python_operator to None, run_after=None
[2024-03-31T06:09:13.897+0000] {processor.py:183} INFO - Processing /home/airflow/.local/lib/python3.8/site-packages/airflow/example_dags/example_python_operator.py took 0.082 seconds
[2024-03-31T06:09:44.182+0000] {processor.py:161} INFO - Started process (PID=1106) to work on /home/airflow/.local/lib/python3.8/site-packages/airflow/example_dags/example_python_operator.py
[2024-03-31T06:09:44.184+0000] {processor.py:830} INFO - Processing file /home/airflow/.local/lib/python3.8/site-packages/airflow/example_dags/example_python_operator.py for tasks to queue
[2024-03-31T06:09:44.186+0000] {logging_mixin.py:188} INFO - [2024-03-31T06:09:44.186+0000] {dagbag.py:540} INFO - Filling up the DagBag from /home/airflow/.local/lib/python3.8/site-packages/airflow/example_dags/example_python_operator.py
[2024-03-31T06:09:44.202+0000] {processor.py:840} INFO - DAG(s) 'example_python_operator' retrieved from /home/airflow/.local/lib/python3.8/site-packages/airflow/example_dags/example_python_operator.py
[2024-03-31T06:09:44.230+0000] {logging_mixin.py:188} INFO - [2024-03-31T06:09:44.230+0000] {dag.py:3047} INFO - Sync 1 DAGs
[2024-03-31T06:09:44.242+0000] {logging_mixin.py:188} INFO - [2024-03-31T06:09:44.242+0000] {dag.py:3834} INFO - Setting next_dagrun for example_python_operator to None, run_after=None
[2024-03-31T06:09:44.266+0000] {processor.py:183} INFO - Processing /home/airflow/.local/lib/python3.8/site-packages/airflow/example_dags/example_python_operator.py took 0.086 seconds
[2024-03-31T06:10:14.670+0000] {processor.py:161} INFO - Started process (PID=1162) to work on /home/airflow/.local/lib/python3.8/site-packages/airflow/example_dags/example_python_operator.py
[2024-03-31T06:10:14.671+0000] {processor.py:830} INFO - Processing file /home/airflow/.local/lib/python3.8/site-packages/airflow/example_dags/example_python_operator.py for tasks to queue
[2024-03-31T06:10:14.673+0000] {logging_mixin.py:188} INFO - [2024-03-31T06:10:14.673+0000] {dagbag.py:540} INFO - Filling up the DagBag from /home/airflow/.local/lib/python3.8/site-packages/airflow/example_dags/example_python_operator.py
[2024-03-31T06:10:14.685+0000] {processor.py:840} INFO - DAG(s) 'example_python_operator' retrieved from /home/airflow/.local/lib/python3.8/site-packages/airflow/example_dags/example_python_operator.py
[2024-03-31T06:10:14.710+0000] {logging_mixin.py:188} INFO - [2024-03-31T06:10:14.710+0000] {dag.py:3047} INFO - Sync 1 DAGs
[2024-03-31T06:10:14.722+0000] {logging_mixin.py:188} INFO - [2024-03-31T06:10:14.722+0000] {dag.py:3834} INFO - Setting next_dagrun for example_python_operator to None, run_after=None
[2024-03-31T06:10:14.748+0000] {processor.py:183} INFO - Processing /home/airflow/.local/lib/python3.8/site-packages/airflow/example_dags/example_python_operator.py took 0.080 seconds
[2024-03-31T06:10:45.071+0000] {processor.py:161} INFO - Started process (PID=1218) to work on /home/airflow/.local/lib/python3.8/site-packages/airflow/example_dags/example_python_operator.py
[2024-03-31T06:10:45.072+0000] {processor.py:830} INFO - Processing file /home/airflow/.local/lib/python3.8/site-packages/airflow/example_dags/example_python_operator.py for tasks to queue
[2024-03-31T06:10:45.074+0000] {logging_mixin.py:188} INFO - [2024-03-31T06:10:45.073+0000] {dagbag.py:540} INFO - Filling up the DagBag from /home/airflow/.local/lib/python3.8/site-packages/airflow/example_dags/example_python_operator.py
[2024-03-31T06:10:45.085+0000] {processor.py:840} INFO - DAG(s) 'example_python_operator' retrieved from /home/airflow/.local/lib/python3.8/site-packages/airflow/example_dags/example_python_operator.py
[2024-03-31T06:10:45.108+0000] {logging_mixin.py:188} INFO - [2024-03-31T06:10:45.107+0000] {dag.py:3047} INFO - Sync 1 DAGs
[2024-03-31T06:10:45.122+0000] {logging_mixin.py:188} INFO - [2024-03-31T06:10:45.121+0000] {dag.py:3834} INFO - Setting next_dagrun for example_python_operator to None, run_after=None
[2024-03-31T06:10:45.149+0000] {processor.py:183} INFO - Processing /home/airflow/.local/lib/python3.8/site-packages/airflow/example_dags/example_python_operator.py took 0.080 seconds
[2024-03-31T06:11:15.614+0000] {processor.py:161} INFO - Started process (PID=1274) to work on /home/airflow/.local/lib/python3.8/site-packages/airflow/example_dags/example_python_operator.py
[2024-03-31T06:11:15.615+0000] {processor.py:830} INFO - Processing file /home/airflow/.local/lib/python3.8/site-packages/airflow/example_dags/example_python_operator.py for tasks to queue
[2024-03-31T06:11:15.618+0000] {logging_mixin.py:188} INFO - [2024-03-31T06:11:15.617+0000] {dagbag.py:540} INFO - Filling up the DagBag from /home/airflow/.local/lib/python3.8/site-packages/airflow/example_dags/example_python_operator.py
[2024-03-31T06:11:15.633+0000] {processor.py:840} INFO - DAG(s) 'example_python_operator' retrieved from /home/airflow/.local/lib/python3.8/site-packages/airflow/example_dags/example_python_operator.py
[2024-03-31T06:11:15.661+0000] {logging_mixin.py:188} INFO - [2024-03-31T06:11:15.661+0000] {dag.py:3047} INFO - Sync 1 DAGs
[2024-03-31T06:11:15.679+0000] {logging_mixin.py:188} INFO - [2024-03-31T06:11:15.678+0000] {dag.py:3834} INFO - Setting next_dagrun for example_python_operator to None, run_after=None
[2024-03-31T06:11:15.715+0000] {processor.py:183} INFO - Processing /home/airflow/.local/lib/python3.8/site-packages/airflow/example_dags/example_python_operator.py took 0.104 seconds
[2024-03-31T06:11:46.388+0000] {processor.py:161} INFO - Started process (PID=1330) to work on /home/airflow/.local/lib/python3.8/site-packages/airflow/example_dags/example_python_operator.py
[2024-03-31T06:11:46.389+0000] {processor.py:830} INFO - Processing file /home/airflow/.local/lib/python3.8/site-packages/airflow/example_dags/example_python_operator.py for tasks to queue
[2024-03-31T06:11:46.392+0000] {logging_mixin.py:188} INFO - [2024-03-31T06:11:46.392+0000] {dagbag.py:540} INFO - Filling up the DagBag from /home/airflow/.local/lib/python3.8/site-packages/airflow/example_dags/example_python_operator.py
[2024-03-31T06:11:46.402+0000] {processor.py:840} INFO - DAG(s) 'example_python_operator' retrieved from /home/airflow/.local/lib/python3.8/site-packages/airflow/example_dags/example_python_operator.py
[2024-03-31T06:11:46.432+0000] {logging_mixin.py:188} INFO - [2024-03-31T06:11:46.431+0000] {dag.py:3047} INFO - Sync 1 DAGs
[2024-03-31T06:11:46.447+0000] {logging_mixin.py:188} INFO - [2024-03-31T06:11:46.446+0000] {dag.py:3834} INFO - Setting next_dagrun for example_python_operator to None, run_after=None
[2024-03-31T06:11:46.483+0000] {processor.py:183} INFO - Processing /home/airflow/.local/lib/python3.8/site-packages/airflow/example_dags/example_python_operator.py took 0.099 seconds
[2024-03-31T06:12:16.888+0000] {processor.py:161} INFO - Started process (PID=1386) to work on /home/airflow/.local/lib/python3.8/site-packages/airflow/example_dags/example_python_operator.py
[2024-03-31T06:12:16.896+0000] {processor.py:830} INFO - Processing file /home/airflow/.local/lib/python3.8/site-packages/airflow/example_dags/example_python_operator.py for tasks to queue
[2024-03-31T06:12:16.901+0000] {logging_mixin.py:188} INFO - [2024-03-31T06:12:16.899+0000] {dagbag.py:540} INFO - Filling up the DagBag from /home/airflow/.local/lib/python3.8/site-packages/airflow/example_dags/example_python_operator.py
[2024-03-31T06:12:16.963+0000] {processor.py:840} INFO - DAG(s) 'example_python_operator' retrieved from /home/airflow/.local/lib/python3.8/site-packages/airflow/example_dags/example_python_operator.py
[2024-03-31T06:12:17.029+0000] {logging_mixin.py:188} INFO - [2024-03-31T06:12:17.029+0000] {dag.py:3047} INFO - Sync 1 DAGs
[2024-03-31T06:12:17.062+0000] {logging_mixin.py:188} INFO - [2024-03-31T06:12:17.061+0000] {dag.py:3834} INFO - Setting next_dagrun for example_python_operator to None, run_after=None
[2024-03-31T06:12:17.116+0000] {processor.py:183} INFO - Processing /home/airflow/.local/lib/python3.8/site-packages/airflow/example_dags/example_python_operator.py took 0.231 seconds
[2024-03-31T06:13:49.088+0000] {processor.py:161} INFO - Started process (PID=87) to work on /home/airflow/.local/lib/python3.8/site-packages/airflow/example_dags/example_python_operator.py
[2024-03-31T06:13:49.089+0000] {processor.py:830} INFO - Processing file /home/airflow/.local/lib/python3.8/site-packages/airflow/example_dags/example_python_operator.py for tasks to queue
[2024-03-31T06:13:49.093+0000] {logging_mixin.py:188} INFO - [2024-03-31T06:13:49.093+0000] {dagbag.py:540} INFO - Filling up the DagBag from /home/airflow/.local/lib/python3.8/site-packages/airflow/example_dags/example_python_operator.py
[2024-03-31T06:13:49.113+0000] {processor.py:840} INFO - DAG(s) 'example_python_operator' retrieved from /home/airflow/.local/lib/python3.8/site-packages/airflow/example_dags/example_python_operator.py
[2024-03-31T06:13:49.133+0000] {logging_mixin.py:188} INFO - [2024-03-31T06:13:49.132+0000] {dag.py:3047} INFO - Sync 1 DAGs
[2024-03-31T06:13:49.170+0000] {logging_mixin.py:188} INFO - [2024-03-31T06:13:49.170+0000] {dag.py:3834} INFO - Setting next_dagrun for example_python_operator to None, run_after=None
[2024-03-31T06:13:49.235+0000] {processor.py:183} INFO - Processing /home/airflow/.local/lib/python3.8/site-packages/airflow/example_dags/example_python_operator.py took 0.153 seconds
