[2024-03-31T06:00:15.574+0000] {processor.py:161} INFO - Started process (PID=54) to work on /home/airflow/.local/lib/python3.8/site-packages/airflow/example_dags/example_short_circuit_operator.py
[2024-03-31T06:00:15.575+0000] {processor.py:830} INFO - Processing file /home/airflow/.local/lib/python3.8/site-packages/airflow/example_dags/example_short_circuit_operator.py for tasks to queue
[2024-03-31T06:00:15.581+0000] {logging_mixin.py:188} INFO - [2024-03-31T06:00:15.580+0000] {dagbag.py:540} INFO - Filling up the DagBag from /home/airflow/.local/lib/python3.8/site-packages/airflow/example_dags/example_short_circuit_operator.py
[2024-03-31T06:00:15.601+0000] {processor.py:840} INFO - DAG(s) 'example_short_circuit_operator' retrieved from /home/airflow/.local/lib/python3.8/site-packages/airflow/example_dags/example_short_circuit_operator.py
[2024-03-31T06:00:15.839+0000] {logging_mixin.py:188} INFO - [2024-03-31T06:00:15.838+0000] {dag.py:3047} INFO - Sync 1 DAGs
[2024-03-31T06:00:15.886+0000] {logging_mixin.py:188} INFO - [2024-03-31T06:00:15.886+0000] {dag.py:3834} INFO - Setting next_dagrun for example_short_circuit_operator to 2024-03-30 00:00:00+00:00, run_after=2024-03-31 00:00:00+00:00
[2024-03-31T06:00:15.929+0000] {processor.py:183} INFO - Processing /home/airflow/.local/lib/python3.8/site-packages/airflow/example_dags/example_short_circuit_operator.py took 0.358 seconds
[2024-03-31T06:00:46.067+0000] {processor.py:161} INFO - Started process (PID=109) to work on /home/airflow/.local/lib/python3.8/site-packages/airflow/example_dags/example_short_circuit_operator.py
[2024-03-31T06:00:46.079+0000] {processor.py:830} INFO - Processing file /home/airflow/.local/lib/python3.8/site-packages/airflow/example_dags/example_short_circuit_operator.py for tasks to queue
[2024-03-31T06:00:46.083+0000] {logging_mixin.py:188} INFO - [2024-03-31T06:00:46.083+0000] {dagbag.py:540} INFO - Filling up the DagBag from /home/airflow/.local/lib/python3.8/site-packages/airflow/example_dags/example_short_circuit_operator.py
[2024-03-31T06:00:46.110+0000] {processor.py:840} INFO - DAG(s) 'example_short_circuit_operator' retrieved from /home/airflow/.local/lib/python3.8/site-packages/airflow/example_dags/example_short_circuit_operator.py
[2024-03-31T06:00:46.164+0000] {logging_mixin.py:188} INFO - [2024-03-31T06:00:46.163+0000] {dag.py:3047} INFO - Sync 1 DAGs
[2024-03-31T06:00:46.221+0000] {logging_mixin.py:188} INFO - [2024-03-31T06:00:46.220+0000] {dag.py:3834} INFO - Setting next_dagrun for example_short_circuit_operator to 2024-03-30 00:00:00+00:00, run_after=2024-03-31 00:00:00+00:00
[2024-03-31T06:00:46.250+0000] {processor.py:183} INFO - Processing /home/airflow/.local/lib/python3.8/site-packages/airflow/example_dags/example_short_circuit_operator.py took 0.209 seconds
[2024-03-31T06:01:17.093+0000] {processor.py:161} INFO - Started process (PID=165) to work on /home/airflow/.local/lib/python3.8/site-packages/airflow/example_dags/example_short_circuit_operator.py
[2024-03-31T06:01:17.094+0000] {processor.py:830} INFO - Processing file /home/airflow/.local/lib/python3.8/site-packages/airflow/example_dags/example_short_circuit_operator.py for tasks to queue
[2024-03-31T06:01:17.095+0000] {logging_mixin.py:188} INFO - [2024-03-31T06:01:17.095+0000] {dagbag.py:540} INFO - Filling up the DagBag from /home/airflow/.local/lib/python3.8/site-packages/airflow/example_dags/example_short_circuit_operator.py
[2024-03-31T06:01:17.105+0000] {processor.py:840} INFO - DAG(s) 'example_short_circuit_operator' retrieved from /home/airflow/.local/lib/python3.8/site-packages/airflow/example_dags/example_short_circuit_operator.py
[2024-03-31T06:01:17.115+0000] {logging_mixin.py:188} INFO - [2024-03-31T06:01:17.114+0000] {dag.py:3047} INFO - Sync 1 DAGs
[2024-03-31T06:01:17.142+0000] {logging_mixin.py:188} INFO - [2024-03-31T06:01:17.142+0000] {dag.py:3834} INFO - Setting next_dagrun for example_short_circuit_operator to 2024-03-30 00:00:00+00:00, run_after=2024-03-31 00:00:00+00:00
[2024-03-31T06:01:17.165+0000] {processor.py:183} INFO - Processing /home/airflow/.local/lib/python3.8/site-packages/airflow/example_dags/example_short_circuit_operator.py took 0.074 seconds
[2024-03-31T06:01:48.011+0000] {processor.py:161} INFO - Started process (PID=221) to work on /home/airflow/.local/lib/python3.8/site-packages/airflow/example_dags/example_short_circuit_operator.py
[2024-03-31T06:01:48.017+0000] {processor.py:830} INFO - Processing file /home/airflow/.local/lib/python3.8/site-packages/airflow/example_dags/example_short_circuit_operator.py for tasks to queue
[2024-03-31T06:01:48.029+0000] {logging_mixin.py:188} INFO - [2024-03-31T06:01:48.028+0000] {dagbag.py:540} INFO - Filling up the DagBag from /home/airflow/.local/lib/python3.8/site-packages/airflow/example_dags/example_short_circuit_operator.py
[2024-03-31T06:01:48.038+0000] {processor.py:840} INFO - DAG(s) 'example_short_circuit_operator' retrieved from /home/airflow/.local/lib/python3.8/site-packages/airflow/example_dags/example_short_circuit_operator.py
[2024-03-31T06:01:48.052+0000] {logging_mixin.py:188} INFO - [2024-03-31T06:01:48.051+0000] {dag.py:3047} INFO - Sync 1 DAGs
[2024-03-31T06:01:48.075+0000] {logging_mixin.py:188} INFO - [2024-03-31T06:01:48.075+0000] {dag.py:3834} INFO - Setting next_dagrun for example_short_circuit_operator to 2024-03-30 00:00:00+00:00, run_after=2024-03-31 00:00:00+00:00
[2024-03-31T06:01:48.095+0000] {processor.py:183} INFO - Processing /home/airflow/.local/lib/python3.8/site-packages/airflow/example_dags/example_short_circuit_operator.py took 0.087 seconds
[2024-03-31T06:02:18.304+0000] {processor.py:161} INFO - Started process (PID=277) to work on /home/airflow/.local/lib/python3.8/site-packages/airflow/example_dags/example_short_circuit_operator.py
[2024-03-31T06:02:18.309+0000] {processor.py:830} INFO - Processing file /home/airflow/.local/lib/python3.8/site-packages/airflow/example_dags/example_short_circuit_operator.py for tasks to queue
[2024-03-31T06:02:18.319+0000] {logging_mixin.py:188} INFO - [2024-03-31T06:02:18.318+0000] {dagbag.py:540} INFO - Filling up the DagBag from /home/airflow/.local/lib/python3.8/site-packages/airflow/example_dags/example_short_circuit_operator.py
[2024-03-31T06:02:18.325+0000] {processor.py:840} INFO - DAG(s) 'example_short_circuit_operator' retrieved from /home/airflow/.local/lib/python3.8/site-packages/airflow/example_dags/example_short_circuit_operator.py
[2024-03-31T06:02:18.339+0000] {logging_mixin.py:188} INFO - [2024-03-31T06:02:18.338+0000] {dag.py:3047} INFO - Sync 1 DAGs
[2024-03-31T06:02:18.366+0000] {logging_mixin.py:188} INFO - [2024-03-31T06:02:18.365+0000] {dag.py:3834} INFO - Setting next_dagrun for example_short_circuit_operator to 2024-03-30 00:00:00+00:00, run_after=2024-03-31 00:00:00+00:00
[2024-03-31T06:02:18.385+0000] {processor.py:183} INFO - Processing /home/airflow/.local/lib/python3.8/site-packages/airflow/example_dags/example_short_circuit_operator.py took 0.083 seconds
[2024-03-31T06:02:48.440+0000] {processor.py:161} INFO - Started process (PID=333) to work on /home/airflow/.local/lib/python3.8/site-packages/airflow/example_dags/example_short_circuit_operator.py
[2024-03-31T06:02:48.444+0000] {processor.py:830} INFO - Processing file /home/airflow/.local/lib/python3.8/site-packages/airflow/example_dags/example_short_circuit_operator.py for tasks to queue
[2024-03-31T06:02:48.449+0000] {logging_mixin.py:188} INFO - [2024-03-31T06:02:48.448+0000] {dagbag.py:540} INFO - Filling up the DagBag from /home/airflow/.local/lib/python3.8/site-packages/airflow/example_dags/example_short_circuit_operator.py
[2024-03-31T06:02:48.457+0000] {processor.py:840} INFO - DAG(s) 'example_short_circuit_operator' retrieved from /home/airflow/.local/lib/python3.8/site-packages/airflow/example_dags/example_short_circuit_operator.py
[2024-03-31T06:02:48.471+0000] {logging_mixin.py:188} INFO - [2024-03-31T06:02:48.471+0000] {dag.py:3047} INFO - Sync 1 DAGs
[2024-03-31T06:02:48.499+0000] {logging_mixin.py:188} INFO - [2024-03-31T06:02:48.498+0000] {dag.py:3834} INFO - Setting next_dagrun for example_short_circuit_operator to 2024-03-30 00:00:00+00:00, run_after=2024-03-31 00:00:00+00:00
[2024-03-31T06:02:48.518+0000] {processor.py:183} INFO - Processing /home/airflow/.local/lib/python3.8/site-packages/airflow/example_dags/example_short_circuit_operator.py took 0.080 seconds
[2024-03-31T06:03:18.807+0000] {processor.py:161} INFO - Started process (PID=389) to work on /home/airflow/.local/lib/python3.8/site-packages/airflow/example_dags/example_short_circuit_operator.py
[2024-03-31T06:03:18.807+0000] {processor.py:830} INFO - Processing file /home/airflow/.local/lib/python3.8/site-packages/airflow/example_dags/example_short_circuit_operator.py for tasks to queue
[2024-03-31T06:03:18.809+0000] {logging_mixin.py:188} INFO - [2024-03-31T06:03:18.808+0000] {dagbag.py:540} INFO - Filling up the DagBag from /home/airflow/.local/lib/python3.8/site-packages/airflow/example_dags/example_short_circuit_operator.py
[2024-03-31T06:03:18.818+0000] {processor.py:840} INFO - DAG(s) 'example_short_circuit_operator' retrieved from /home/airflow/.local/lib/python3.8/site-packages/airflow/example_dags/example_short_circuit_operator.py
[2024-03-31T06:03:18.926+0000] {logging_mixin.py:188} INFO - [2024-03-31T06:03:18.926+0000] {dag.py:3047} INFO - Sync 1 DAGs
[2024-03-31T06:03:18.948+0000] {logging_mixin.py:188} INFO - [2024-03-31T06:03:18.948+0000] {dag.py:3834} INFO - Setting next_dagrun for example_short_circuit_operator to 2024-03-30 00:00:00+00:00, run_after=2024-03-31 00:00:00+00:00
[2024-03-31T06:03:18.974+0000] {processor.py:183} INFO - Processing /home/airflow/.local/lib/python3.8/site-packages/airflow/example_dags/example_short_circuit_operator.py took 0.174 seconds
[2024-03-31T06:03:49.837+0000] {processor.py:161} INFO - Started process (PID=445) to work on /home/airflow/.local/lib/python3.8/site-packages/airflow/example_dags/example_short_circuit_operator.py
[2024-03-31T06:03:49.840+0000] {processor.py:830} INFO - Processing file /home/airflow/.local/lib/python3.8/site-packages/airflow/example_dags/example_short_circuit_operator.py for tasks to queue
[2024-03-31T06:03:49.842+0000] {logging_mixin.py:188} INFO - [2024-03-31T06:03:49.842+0000] {dagbag.py:540} INFO - Filling up the DagBag from /home/airflow/.local/lib/python3.8/site-packages/airflow/example_dags/example_short_circuit_operator.py
[2024-03-31T06:03:49.854+0000] {processor.py:840} INFO - DAG(s) 'example_short_circuit_operator' retrieved from /home/airflow/.local/lib/python3.8/site-packages/airflow/example_dags/example_short_circuit_operator.py
[2024-03-31T06:03:49.877+0000] {logging_mixin.py:188} INFO - [2024-03-31T06:03:49.876+0000] {dag.py:3047} INFO - Sync 1 DAGs
[2024-03-31T06:03:49.902+0000] {logging_mixin.py:188} INFO - [2024-03-31T06:03:49.902+0000] {dag.py:3834} INFO - Setting next_dagrun for example_short_circuit_operator to 2024-03-30 00:00:00+00:00, run_after=2024-03-31 00:00:00+00:00
[2024-03-31T06:03:49.928+0000] {processor.py:183} INFO - Processing /home/airflow/.local/lib/python3.8/site-packages/airflow/example_dags/example_short_circuit_operator.py took 0.094 seconds
[2024-03-31T06:04:20.114+0000] {processor.py:161} INFO - Started process (PID=501) to work on /home/airflow/.local/lib/python3.8/site-packages/airflow/example_dags/example_short_circuit_operator.py
[2024-03-31T06:04:20.115+0000] {processor.py:830} INFO - Processing file /home/airflow/.local/lib/python3.8/site-packages/airflow/example_dags/example_short_circuit_operator.py for tasks to queue
[2024-03-31T06:04:20.117+0000] {logging_mixin.py:188} INFO - [2024-03-31T06:04:20.116+0000] {dagbag.py:540} INFO - Filling up the DagBag from /home/airflow/.local/lib/python3.8/site-packages/airflow/example_dags/example_short_circuit_operator.py
[2024-03-31T06:04:20.123+0000] {processor.py:840} INFO - DAG(s) 'example_short_circuit_operator' retrieved from /home/airflow/.local/lib/python3.8/site-packages/airflow/example_dags/example_short_circuit_operator.py
[2024-03-31T06:04:20.150+0000] {logging_mixin.py:188} INFO - [2024-03-31T06:04:20.150+0000] {dag.py:3047} INFO - Sync 1 DAGs
[2024-03-31T06:04:20.176+0000] {logging_mixin.py:188} INFO - [2024-03-31T06:04:20.176+0000] {dag.py:3834} INFO - Setting next_dagrun for example_short_circuit_operator to 2024-03-30 00:00:00+00:00, run_after=2024-03-31 00:00:00+00:00
[2024-03-31T06:04:20.209+0000] {processor.py:183} INFO - Processing /home/airflow/.local/lib/python3.8/site-packages/airflow/example_dags/example_short_circuit_operator.py took 0.098 seconds
[2024-03-31T06:04:50.603+0000] {processor.py:161} INFO - Started process (PID=557) to work on /home/airflow/.local/lib/python3.8/site-packages/airflow/example_dags/example_short_circuit_operator.py
[2024-03-31T06:04:50.608+0000] {processor.py:830} INFO - Processing file /home/airflow/.local/lib/python3.8/site-packages/airflow/example_dags/example_short_circuit_operator.py for tasks to queue
[2024-03-31T06:04:50.610+0000] {logging_mixin.py:188} INFO - [2024-03-31T06:04:50.610+0000] {dagbag.py:540} INFO - Filling up the DagBag from /home/airflow/.local/lib/python3.8/site-packages/airflow/example_dags/example_short_circuit_operator.py
[2024-03-31T06:04:50.636+0000] {processor.py:840} INFO - DAG(s) 'example_short_circuit_operator' retrieved from /home/airflow/.local/lib/python3.8/site-packages/airflow/example_dags/example_short_circuit_operator.py
[2024-03-31T06:04:50.669+0000] {logging_mixin.py:188} INFO - [2024-03-31T06:04:50.669+0000] {dag.py:3047} INFO - Sync 1 DAGs
[2024-03-31T06:04:50.695+0000] {logging_mixin.py:188} INFO - [2024-03-31T06:04:50.695+0000] {dag.py:3834} INFO - Setting next_dagrun for example_short_circuit_operator to 2024-03-30 00:00:00+00:00, run_after=2024-03-31 00:00:00+00:00
[2024-03-31T06:04:50.724+0000] {processor.py:183} INFO - Processing /home/airflow/.local/lib/python3.8/site-packages/airflow/example_dags/example_short_circuit_operator.py took 0.139 seconds
[2024-03-31T06:05:21.174+0000] {processor.py:161} INFO - Started process (PID=613) to work on /home/airflow/.local/lib/python3.8/site-packages/airflow/example_dags/example_short_circuit_operator.py
[2024-03-31T06:05:21.190+0000] {processor.py:830} INFO - Processing file /home/airflow/.local/lib/python3.8/site-packages/airflow/example_dags/example_short_circuit_operator.py for tasks to queue
[2024-03-31T06:05:21.204+0000] {logging_mixin.py:188} INFO - [2024-03-31T06:05:21.203+0000] {dagbag.py:540} INFO - Filling up the DagBag from /home/airflow/.local/lib/python3.8/site-packages/airflow/example_dags/example_short_circuit_operator.py
[2024-03-31T06:05:21.219+0000] {processor.py:840} INFO - DAG(s) 'example_short_circuit_operator' retrieved from /home/airflow/.local/lib/python3.8/site-packages/airflow/example_dags/example_short_circuit_operator.py
[2024-03-31T06:05:21.260+0000] {logging_mixin.py:188} INFO - [2024-03-31T06:05:21.259+0000] {dag.py:3047} INFO - Sync 1 DAGs
[2024-03-31T06:05:21.297+0000] {logging_mixin.py:188} INFO - [2024-03-31T06:05:21.296+0000] {dag.py:3834} INFO - Setting next_dagrun for example_short_circuit_operator to 2024-03-30 00:00:00+00:00, run_after=2024-03-31 00:00:00+00:00
[2024-03-31T06:05:21.324+0000] {processor.py:183} INFO - Processing /home/airflow/.local/lib/python3.8/site-packages/airflow/example_dags/example_short_circuit_operator.py took 0.154 seconds
[2024-03-31T06:05:52.014+0000] {processor.py:161} INFO - Started process (PID=669) to work on /home/airflow/.local/lib/python3.8/site-packages/airflow/example_dags/example_short_circuit_operator.py
[2024-03-31T06:05:52.015+0000] {processor.py:830} INFO - Processing file /home/airflow/.local/lib/python3.8/site-packages/airflow/example_dags/example_short_circuit_operator.py for tasks to queue
[2024-03-31T06:05:52.020+0000] {logging_mixin.py:188} INFO - [2024-03-31T06:05:52.019+0000] {dagbag.py:540} INFO - Filling up the DagBag from /home/airflow/.local/lib/python3.8/site-packages/airflow/example_dags/example_short_circuit_operator.py
[2024-03-31T06:05:52.034+0000] {processor.py:840} INFO - DAG(s) 'example_short_circuit_operator' retrieved from /home/airflow/.local/lib/python3.8/site-packages/airflow/example_dags/example_short_circuit_operator.py
[2024-03-31T06:05:52.059+0000] {logging_mixin.py:188} INFO - [2024-03-31T06:05:52.058+0000] {dag.py:3047} INFO - Sync 1 DAGs
[2024-03-31T06:05:52.086+0000] {logging_mixin.py:188} INFO - [2024-03-31T06:05:52.086+0000] {dag.py:3834} INFO - Setting next_dagrun for example_short_circuit_operator to 2024-03-30 00:00:00+00:00, run_after=2024-03-31 00:00:00+00:00
[2024-03-31T06:05:52.105+0000] {processor.py:183} INFO - Processing /home/airflow/.local/lib/python3.8/site-packages/airflow/example_dags/example_short_circuit_operator.py took 0.096 seconds
[2024-03-31T06:06:22.392+0000] {processor.py:161} INFO - Started process (PID=725) to work on /home/airflow/.local/lib/python3.8/site-packages/airflow/example_dags/example_short_circuit_operator.py
[2024-03-31T06:06:22.398+0000] {processor.py:830} INFO - Processing file /home/airflow/.local/lib/python3.8/site-packages/airflow/example_dags/example_short_circuit_operator.py for tasks to queue
[2024-03-31T06:06:22.401+0000] {logging_mixin.py:188} INFO - [2024-03-31T06:06:22.400+0000] {dagbag.py:540} INFO - Filling up the DagBag from /home/airflow/.local/lib/python3.8/site-packages/airflow/example_dags/example_short_circuit_operator.py
[2024-03-31T06:06:22.410+0000] {processor.py:840} INFO - DAG(s) 'example_short_circuit_operator' retrieved from /home/airflow/.local/lib/python3.8/site-packages/airflow/example_dags/example_short_circuit_operator.py
[2024-03-31T06:06:22.449+0000] {logging_mixin.py:188} INFO - [2024-03-31T06:06:22.448+0000] {dag.py:3047} INFO - Sync 1 DAGs
[2024-03-31T06:06:22.482+0000] {logging_mixin.py:188} INFO - [2024-03-31T06:06:22.482+0000] {dag.py:3834} INFO - Setting next_dagrun for example_short_circuit_operator to 2024-03-30 00:00:00+00:00, run_after=2024-03-31 00:00:00+00:00
[2024-03-31T06:06:22.506+0000] {processor.py:183} INFO - Processing /home/airflow/.local/lib/python3.8/site-packages/airflow/example_dags/example_short_circuit_operator.py took 0.117 seconds
[2024-03-31T06:06:53.163+0000] {processor.py:161} INFO - Started process (PID=781) to work on /home/airflow/.local/lib/python3.8/site-packages/airflow/example_dags/example_short_circuit_operator.py
[2024-03-31T06:06:53.165+0000] {processor.py:830} INFO - Processing file /home/airflow/.local/lib/python3.8/site-packages/airflow/example_dags/example_short_circuit_operator.py for tasks to queue
[2024-03-31T06:06:53.167+0000] {logging_mixin.py:188} INFO - [2024-03-31T06:06:53.167+0000] {dagbag.py:540} INFO - Filling up the DagBag from /home/airflow/.local/lib/python3.8/site-packages/airflow/example_dags/example_short_circuit_operator.py
[2024-03-31T06:06:53.178+0000] {processor.py:840} INFO - DAG(s) 'example_short_circuit_operator' retrieved from /home/airflow/.local/lib/python3.8/site-packages/airflow/example_dags/example_short_circuit_operator.py
[2024-03-31T06:06:53.215+0000] {logging_mixin.py:188} INFO - [2024-03-31T06:06:53.209+0000] {dag.py:3047} INFO - Sync 1 DAGs
[2024-03-31T06:06:53.265+0000] {logging_mixin.py:188} INFO - [2024-03-31T06:06:53.265+0000] {dag.py:3834} INFO - Setting next_dagrun for example_short_circuit_operator to 2024-03-30 00:00:00+00:00, run_after=2024-03-31 00:00:00+00:00
[2024-03-31T06:06:53.306+0000] {processor.py:183} INFO - Processing /home/airflow/.local/lib/python3.8/site-packages/airflow/example_dags/example_short_circuit_operator.py took 0.148 seconds
[2024-03-31T06:07:23.656+0000] {processor.py:161} INFO - Started process (PID=838) to work on /home/airflow/.local/lib/python3.8/site-packages/airflow/example_dags/example_short_circuit_operator.py
[2024-03-31T06:07:23.656+0000] {processor.py:830} INFO - Processing file /home/airflow/.local/lib/python3.8/site-packages/airflow/example_dags/example_short_circuit_operator.py for tasks to queue
[2024-03-31T06:07:23.658+0000] {logging_mixin.py:188} INFO - [2024-03-31T06:07:23.658+0000] {dagbag.py:540} INFO - Filling up the DagBag from /home/airflow/.local/lib/python3.8/site-packages/airflow/example_dags/example_short_circuit_operator.py
[2024-03-31T06:07:23.668+0000] {processor.py:840} INFO - DAG(s) 'example_short_circuit_operator' retrieved from /home/airflow/.local/lib/python3.8/site-packages/airflow/example_dags/example_short_circuit_operator.py
[2024-03-31T06:07:23.695+0000] {logging_mixin.py:188} INFO - [2024-03-31T06:07:23.694+0000] {dag.py:3047} INFO - Sync 1 DAGs
[2024-03-31T06:07:23.718+0000] {logging_mixin.py:188} INFO - [2024-03-31T06:07:23.718+0000] {dag.py:3834} INFO - Setting next_dagrun for example_short_circuit_operator to 2024-03-30 00:00:00+00:00, run_after=2024-03-31 00:00:00+00:00
[2024-03-31T06:07:23.742+0000] {processor.py:183} INFO - Processing /home/airflow/.local/lib/python3.8/site-packages/airflow/example_dags/example_short_circuit_operator.py took 0.089 seconds
[2024-03-31T06:07:53.914+0000] {processor.py:161} INFO - Started process (PID=894) to work on /home/airflow/.local/lib/python3.8/site-packages/airflow/example_dags/example_short_circuit_operator.py
[2024-03-31T06:07:53.915+0000] {processor.py:830} INFO - Processing file /home/airflow/.local/lib/python3.8/site-packages/airflow/example_dags/example_short_circuit_operator.py for tasks to queue
[2024-03-31T06:07:53.917+0000] {logging_mixin.py:188} INFO - [2024-03-31T06:07:53.916+0000] {dagbag.py:540} INFO - Filling up the DagBag from /home/airflow/.local/lib/python3.8/site-packages/airflow/example_dags/example_short_circuit_operator.py
[2024-03-31T06:07:53.923+0000] {processor.py:840} INFO - DAG(s) 'example_short_circuit_operator' retrieved from /home/airflow/.local/lib/python3.8/site-packages/airflow/example_dags/example_short_circuit_operator.py
[2024-03-31T06:07:53.949+0000] {logging_mixin.py:188} INFO - [2024-03-31T06:07:53.948+0000] {dag.py:3047} INFO - Sync 1 DAGs
[2024-03-31T06:07:53.971+0000] {logging_mixin.py:188} INFO - [2024-03-31T06:07:53.971+0000] {dag.py:3834} INFO - Setting next_dagrun for example_short_circuit_operator to 2024-03-30 00:00:00+00:00, run_after=2024-03-31 00:00:00+00:00
[2024-03-31T06:07:53.989+0000] {processor.py:183} INFO - Processing /home/airflow/.local/lib/python3.8/site-packages/airflow/example_dags/example_short_circuit_operator.py took 0.079 seconds
[2024-03-31T06:08:24.285+0000] {processor.py:161} INFO - Started process (PID=950) to work on /home/airflow/.local/lib/python3.8/site-packages/airflow/example_dags/example_short_circuit_operator.py
[2024-03-31T06:08:24.286+0000] {processor.py:830} INFO - Processing file /home/airflow/.local/lib/python3.8/site-packages/airflow/example_dags/example_short_circuit_operator.py for tasks to queue
[2024-03-31T06:08:24.287+0000] {logging_mixin.py:188} INFO - [2024-03-31T06:08:24.287+0000] {dagbag.py:540} INFO - Filling up the DagBag from /home/airflow/.local/lib/python3.8/site-packages/airflow/example_dags/example_short_circuit_operator.py
[2024-03-31T06:08:24.300+0000] {processor.py:840} INFO - DAG(s) 'example_short_circuit_operator' retrieved from /home/airflow/.local/lib/python3.8/site-packages/airflow/example_dags/example_short_circuit_operator.py
[2024-03-31T06:08:24.332+0000] {logging_mixin.py:188} INFO - [2024-03-31T06:08:24.330+0000] {dag.py:3047} INFO - Sync 1 DAGs
[2024-03-31T06:08:24.355+0000] {logging_mixin.py:188} INFO - [2024-03-31T06:08:24.355+0000] {dag.py:3834} INFO - Setting next_dagrun for example_short_circuit_operator to 2024-03-30 00:00:00+00:00, run_after=2024-03-31 00:00:00+00:00
[2024-03-31T06:08:24.378+0000] {processor.py:183} INFO - Processing /home/airflow/.local/lib/python3.8/site-packages/airflow/example_dags/example_short_circuit_operator.py took 0.095 seconds
[2024-03-31T06:08:54.676+0000] {processor.py:161} INFO - Started process (PID=1006) to work on /home/airflow/.local/lib/python3.8/site-packages/airflow/example_dags/example_short_circuit_operator.py
[2024-03-31T06:08:54.679+0000] {processor.py:830} INFO - Processing file /home/airflow/.local/lib/python3.8/site-packages/airflow/example_dags/example_short_circuit_operator.py for tasks to queue
[2024-03-31T06:08:54.680+0000] {logging_mixin.py:188} INFO - [2024-03-31T06:08:54.680+0000] {dagbag.py:540} INFO - Filling up the DagBag from /home/airflow/.local/lib/python3.8/site-packages/airflow/example_dags/example_short_circuit_operator.py
[2024-03-31T06:08:54.686+0000] {processor.py:840} INFO - DAG(s) 'example_short_circuit_operator' retrieved from /home/airflow/.local/lib/python3.8/site-packages/airflow/example_dags/example_short_circuit_operator.py
[2024-03-31T06:08:54.716+0000] {logging_mixin.py:188} INFO - [2024-03-31T06:08:54.715+0000] {dag.py:3047} INFO - Sync 1 DAGs
[2024-03-31T06:08:54.746+0000] {logging_mixin.py:188} INFO - [2024-03-31T06:08:54.746+0000] {dag.py:3834} INFO - Setting next_dagrun for example_short_circuit_operator to 2024-03-30 00:00:00+00:00, run_after=2024-03-31 00:00:00+00:00
[2024-03-31T06:08:54.782+0000] {processor.py:183} INFO - Processing /home/airflow/.local/lib/python3.8/site-packages/airflow/example_dags/example_short_circuit_operator.py took 0.110 seconds
[2024-03-31T06:09:24.912+0000] {processor.py:161} INFO - Started process (PID=1063) to work on /home/airflow/.local/lib/python3.8/site-packages/airflow/example_dags/example_short_circuit_operator.py
[2024-03-31T06:09:24.913+0000] {processor.py:830} INFO - Processing file /home/airflow/.local/lib/python3.8/site-packages/airflow/example_dags/example_short_circuit_operator.py for tasks to queue
[2024-03-31T06:09:24.915+0000] {logging_mixin.py:188} INFO - [2024-03-31T06:09:24.914+0000] {dagbag.py:540} INFO - Filling up the DagBag from /home/airflow/.local/lib/python3.8/site-packages/airflow/example_dags/example_short_circuit_operator.py
[2024-03-31T06:09:24.924+0000] {processor.py:840} INFO - DAG(s) 'example_short_circuit_operator' retrieved from /home/airflow/.local/lib/python3.8/site-packages/airflow/example_dags/example_short_circuit_operator.py
[2024-03-31T06:09:24.949+0000] {logging_mixin.py:188} INFO - [2024-03-31T06:09:24.948+0000] {dag.py:3047} INFO - Sync 1 DAGs
[2024-03-31T06:09:24.979+0000] {logging_mixin.py:188} INFO - [2024-03-31T06:09:24.979+0000] {dag.py:3834} INFO - Setting next_dagrun for example_short_circuit_operator to 2024-03-30 00:00:00+00:00, run_after=2024-03-31 00:00:00+00:00
[2024-03-31T06:09:25.000+0000] {processor.py:183} INFO - Processing /home/airflow/.local/lib/python3.8/site-packages/airflow/example_dags/example_short_circuit_operator.py took 0.093 seconds
[2024-03-31T06:09:55.546+0000] {processor.py:161} INFO - Started process (PID=1120) to work on /home/airflow/.local/lib/python3.8/site-packages/airflow/example_dags/example_short_circuit_operator.py
[2024-03-31T06:09:55.548+0000] {processor.py:830} INFO - Processing file /home/airflow/.local/lib/python3.8/site-packages/airflow/example_dags/example_short_circuit_operator.py for tasks to queue
[2024-03-31T06:09:55.549+0000] {logging_mixin.py:188} INFO - [2024-03-31T06:09:55.549+0000] {dagbag.py:540} INFO - Filling up the DagBag from /home/airflow/.local/lib/python3.8/site-packages/airflow/example_dags/example_short_circuit_operator.py
[2024-03-31T06:09:55.559+0000] {processor.py:840} INFO - DAG(s) 'example_short_circuit_operator' retrieved from /home/airflow/.local/lib/python3.8/site-packages/airflow/example_dags/example_short_circuit_operator.py
[2024-03-31T06:09:55.588+0000] {logging_mixin.py:188} INFO - [2024-03-31T06:09:55.588+0000] {dag.py:3047} INFO - Sync 1 DAGs
[2024-03-31T06:09:55.612+0000] {logging_mixin.py:188} INFO - [2024-03-31T06:09:55.612+0000] {dag.py:3834} INFO - Setting next_dagrun for example_short_circuit_operator to 2024-03-30 00:00:00+00:00, run_after=2024-03-31 00:00:00+00:00
[2024-03-31T06:09:55.630+0000] {processor.py:183} INFO - Processing /home/airflow/.local/lib/python3.8/site-packages/airflow/example_dags/example_short_circuit_operator.py took 0.087 seconds
[2024-03-31T06:10:25.920+0000] {processor.py:161} INFO - Started process (PID=1176) to work on /home/airflow/.local/lib/python3.8/site-packages/airflow/example_dags/example_short_circuit_operator.py
[2024-03-31T06:10:25.921+0000] {processor.py:830} INFO - Processing file /home/airflow/.local/lib/python3.8/site-packages/airflow/example_dags/example_short_circuit_operator.py for tasks to queue
[2024-03-31T06:10:25.925+0000] {logging_mixin.py:188} INFO - [2024-03-31T06:10:25.923+0000] {dagbag.py:540} INFO - Filling up the DagBag from /home/airflow/.local/lib/python3.8/site-packages/airflow/example_dags/example_short_circuit_operator.py
[2024-03-31T06:10:25.932+0000] {processor.py:840} INFO - DAG(s) 'example_short_circuit_operator' retrieved from /home/airflow/.local/lib/python3.8/site-packages/airflow/example_dags/example_short_circuit_operator.py
[2024-03-31T06:10:25.956+0000] {logging_mixin.py:188} INFO - [2024-03-31T06:10:25.955+0000] {dag.py:3047} INFO - Sync 1 DAGs
[2024-03-31T06:10:25.983+0000] {logging_mixin.py:188} INFO - [2024-03-31T06:10:25.982+0000] {dag.py:3834} INFO - Setting next_dagrun for example_short_circuit_operator to 2024-03-30 00:00:00+00:00, run_after=2024-03-31 00:00:00+00:00
[2024-03-31T06:10:26.004+0000] {processor.py:183} INFO - Processing /home/airflow/.local/lib/python3.8/site-packages/airflow/example_dags/example_short_circuit_operator.py took 0.086 seconds
[2024-03-31T06:10:56.385+0000] {processor.py:161} INFO - Started process (PID=1232) to work on /home/airflow/.local/lib/python3.8/site-packages/airflow/example_dags/example_short_circuit_operator.py
[2024-03-31T06:10:56.386+0000] {processor.py:830} INFO - Processing file /home/airflow/.local/lib/python3.8/site-packages/airflow/example_dags/example_short_circuit_operator.py for tasks to queue
[2024-03-31T06:10:56.387+0000] {logging_mixin.py:188} INFO - [2024-03-31T06:10:56.387+0000] {dagbag.py:540} INFO - Filling up the DagBag from /home/airflow/.local/lib/python3.8/site-packages/airflow/example_dags/example_short_circuit_operator.py
[2024-03-31T06:10:56.395+0000] {processor.py:840} INFO - DAG(s) 'example_short_circuit_operator' retrieved from /home/airflow/.local/lib/python3.8/site-packages/airflow/example_dags/example_short_circuit_operator.py
[2024-03-31T06:10:56.418+0000] {logging_mixin.py:188} INFO - [2024-03-31T06:10:56.417+0000] {dag.py:3047} INFO - Sync 1 DAGs
[2024-03-31T06:10:56.438+0000] {logging_mixin.py:188} INFO - [2024-03-31T06:10:56.437+0000] {dag.py:3834} INFO - Setting next_dagrun for example_short_circuit_operator to 2024-03-30 00:00:00+00:00, run_after=2024-03-31 00:00:00+00:00
[2024-03-31T06:10:56.455+0000] {processor.py:183} INFO - Processing /home/airflow/.local/lib/python3.8/site-packages/airflow/example_dags/example_short_circuit_operator.py took 0.073 seconds
[2024-03-31T06:11:26.671+0000] {processor.py:161} INFO - Started process (PID=1288) to work on /home/airflow/.local/lib/python3.8/site-packages/airflow/example_dags/example_short_circuit_operator.py
[2024-03-31T06:11:26.672+0000] {processor.py:830} INFO - Processing file /home/airflow/.local/lib/python3.8/site-packages/airflow/example_dags/example_short_circuit_operator.py for tasks to queue
[2024-03-31T06:11:26.675+0000] {logging_mixin.py:188} INFO - [2024-03-31T06:11:26.674+0000] {dagbag.py:540} INFO - Filling up the DagBag from /home/airflow/.local/lib/python3.8/site-packages/airflow/example_dags/example_short_circuit_operator.py
[2024-03-31T06:11:26.685+0000] {processor.py:840} INFO - DAG(s) 'example_short_circuit_operator' retrieved from /home/airflow/.local/lib/python3.8/site-packages/airflow/example_dags/example_short_circuit_operator.py
[2024-03-31T06:11:26.721+0000] {logging_mixin.py:188} INFO - [2024-03-31T06:11:26.721+0000] {dag.py:3047} INFO - Sync 1 DAGs
[2024-03-31T06:11:26.773+0000] {logging_mixin.py:188} INFO - [2024-03-31T06:11:26.773+0000] {dag.py:3834} INFO - Setting next_dagrun for example_short_circuit_operator to 2024-03-30 00:00:00+00:00, run_after=2024-03-31 00:00:00+00:00
[2024-03-31T06:11:26.805+0000] {processor.py:183} INFO - Processing /home/airflow/.local/lib/python3.8/site-packages/airflow/example_dags/example_short_circuit_operator.py took 0.137 seconds
[2024-03-31T06:11:57.397+0000] {processor.py:161} INFO - Started process (PID=1344) to work on /home/airflow/.local/lib/python3.8/site-packages/airflow/example_dags/example_short_circuit_operator.py
[2024-03-31T06:11:57.398+0000] {processor.py:830} INFO - Processing file /home/airflow/.local/lib/python3.8/site-packages/airflow/example_dags/example_short_circuit_operator.py for tasks to queue
[2024-03-31T06:11:57.400+0000] {logging_mixin.py:188} INFO - [2024-03-31T06:11:57.399+0000] {dagbag.py:540} INFO - Filling up the DagBag from /home/airflow/.local/lib/python3.8/site-packages/airflow/example_dags/example_short_circuit_operator.py
[2024-03-31T06:11:57.408+0000] {processor.py:840} INFO - DAG(s) 'example_short_circuit_operator' retrieved from /home/airflow/.local/lib/python3.8/site-packages/airflow/example_dags/example_short_circuit_operator.py
[2024-03-31T06:11:57.433+0000] {logging_mixin.py:188} INFO - [2024-03-31T06:11:57.432+0000] {dag.py:3047} INFO - Sync 1 DAGs
[2024-03-31T06:11:57.460+0000] {logging_mixin.py:188} INFO - [2024-03-31T06:11:57.460+0000] {dag.py:3834} INFO - Setting next_dagrun for example_short_circuit_operator to 2024-03-30 00:00:00+00:00, run_after=2024-03-31 00:00:00+00:00
[2024-03-31T06:11:57.483+0000] {processor.py:183} INFO - Processing /home/airflow/.local/lib/python3.8/site-packages/airflow/example_dags/example_short_circuit_operator.py took 0.088 seconds
[2024-03-31T06:12:29.331+0000] {processor.py:161} INFO - Started process (PID=1400) to work on /home/airflow/.local/lib/python3.8/site-packages/airflow/example_dags/example_short_circuit_operator.py
[2024-03-31T06:12:29.332+0000] {processor.py:830} INFO - Processing file /home/airflow/.local/lib/python3.8/site-packages/airflow/example_dags/example_short_circuit_operator.py for tasks to queue
[2024-03-31T06:12:29.333+0000] {logging_mixin.py:188} INFO - [2024-03-31T06:12:29.333+0000] {dagbag.py:540} INFO - Filling up the DagBag from /home/airflow/.local/lib/python3.8/site-packages/airflow/example_dags/example_short_circuit_operator.py
[2024-03-31T06:12:29.375+0000] {processor.py:840} INFO - DAG(s) 'example_short_circuit_operator' retrieved from /home/airflow/.local/lib/python3.8/site-packages/airflow/example_dags/example_short_circuit_operator.py
[2024-03-31T06:12:29.535+0000] {logging_mixin.py:188} INFO - [2024-03-31T06:12:29.534+0000] {dag.py:3047} INFO - Sync 1 DAGs
[2024-03-31T06:12:29.678+0000] {logging_mixin.py:188} INFO - [2024-03-31T06:12:29.678+0000] {dag.py:3834} INFO - Setting next_dagrun for example_short_circuit_operator to 2024-03-30 00:00:00+00:00, run_after=2024-03-31 00:00:00+00:00
[2024-03-31T06:12:29.761+0000] {processor.py:183} INFO - Processing /home/airflow/.local/lib/python3.8/site-packages/airflow/example_dags/example_short_circuit_operator.py took 0.434 seconds
[2024-03-31T06:13:42.144+0000] {processor.py:161} INFO - Started process (PID=50) to work on /home/airflow/.local/lib/python3.8/site-packages/airflow/example_dags/example_short_circuit_operator.py
[2024-03-31T06:13:42.145+0000] {processor.py:830} INFO - Processing file /home/airflow/.local/lib/python3.8/site-packages/airflow/example_dags/example_short_circuit_operator.py for tasks to queue
[2024-03-31T06:13:42.148+0000] {logging_mixin.py:188} INFO - [2024-03-31T06:13:42.147+0000] {dagbag.py:540} INFO - Filling up the DagBag from /home/airflow/.local/lib/python3.8/site-packages/airflow/example_dags/example_short_circuit_operator.py
[2024-03-31T06:13:42.162+0000] {processor.py:840} INFO - DAG(s) 'example_short_circuit_operator' retrieved from /home/airflow/.local/lib/python3.8/site-packages/airflow/example_dags/example_short_circuit_operator.py
[2024-03-31T06:13:42.196+0000] {logging_mixin.py:188} INFO - [2024-03-31T06:13:42.196+0000] {dag.py:3047} INFO - Sync 1 DAGs
[2024-03-31T06:13:42.231+0000] {logging_mixin.py:188} INFO - [2024-03-31T06:13:42.230+0000] {dag.py:3834} INFO - Setting next_dagrun for example_short_circuit_operator to 2024-03-30 00:00:00+00:00, run_after=2024-03-31 00:00:00+00:00
[2024-03-31T06:13:42.260+0000] {processor.py:183} INFO - Processing /home/airflow/.local/lib/python3.8/site-packages/airflow/example_dags/example_short_circuit_operator.py took 0.120 seconds
[2024-03-31T06:14:14.369+0000] {processor.py:161} INFO - Started process (PID=107) to work on /home/airflow/.local/lib/python3.8/site-packages/airflow/example_dags/example_short_circuit_operator.py
[2024-03-31T06:14:14.381+0000] {processor.py:830} INFO - Processing file /home/airflow/.local/lib/python3.8/site-packages/airflow/example_dags/example_short_circuit_operator.py for tasks to queue
[2024-03-31T06:14:14.388+0000] {logging_mixin.py:188} INFO - [2024-03-31T06:14:14.388+0000] {dagbag.py:540} INFO - Filling up the DagBag from /home/airflow/.local/lib/python3.8/site-packages/airflow/example_dags/example_short_circuit_operator.py
[2024-03-31T06:14:14.432+0000] {processor.py:840} INFO - DAG(s) 'example_short_circuit_operator' retrieved from /home/airflow/.local/lib/python3.8/site-packages/airflow/example_dags/example_short_circuit_operator.py
[2024-03-31T06:14:15.114+0000] {logging_mixin.py:188} INFO - [2024-03-31T06:14:15.111+0000] {dag.py:3047} INFO - Sync 1 DAGs
[2024-03-31T06:14:15.396+0000] {logging_mixin.py:188} INFO - [2024-03-31T06:14:15.396+0000] {dag.py:3834} INFO - Setting next_dagrun for example_short_circuit_operator to 2024-03-30 00:00:00+00:00, run_after=2024-03-31 00:00:00+00:00
[2024-03-31T06:14:15.523+0000] {processor.py:183} INFO - Processing /home/airflow/.local/lib/python3.8/site-packages/airflow/example_dags/example_short_circuit_operator.py took 1.192 seconds
