[2024-03-31T06:00:17.042+0000] {processor.py:161} INFO - Started process (PID=57) to work on /home/airflow/.local/lib/python3.8/site-packages/airflow/example_dags/example_complex.py
[2024-03-31T06:00:17.053+0000] {processor.py:830} INFO - Processing file /home/airflow/.local/lib/python3.8/site-packages/airflow/example_dags/example_complex.py for tasks to queue
[2024-03-31T06:00:17.062+0000] {logging_mixin.py:188} INFO - [2024-03-31T06:00:17.062+0000] {dagbag.py:540} INFO - Filling up the DagBag from /home/airflow/.local/lib/python3.8/site-packages/airflow/example_dags/example_complex.py
[2024-03-31T06:00:17.112+0000] {processor.py:840} INFO - DAG(s) 'example_complex' retrieved from /home/airflow/.local/lib/python3.8/site-packages/airflow/example_dags/example_complex.py
[2024-03-31T06:00:17.440+0000] {logging_mixin.py:188} INFO - [2024-03-31T06:00:17.440+0000] {dag.py:3047} INFO - Sync 1 DAGs
[2024-03-31T06:00:17.485+0000] {logging_mixin.py:188} INFO - [2024-03-31T06:00:17.485+0000] {dag.py:3834} INFO - Setting next_dagrun for example_complex to None, run_after=None
[2024-03-31T06:00:17.606+0000] {processor.py:183} INFO - Processing /home/airflow/.local/lib/python3.8/site-packages/airflow/example_dags/example_complex.py took 0.567 seconds
[2024-03-31T06:00:48.418+0000] {processor.py:161} INFO - Started process (PID=112) to work on /home/airflow/.local/lib/python3.8/site-packages/airflow/example_dags/example_complex.py
[2024-03-31T06:00:48.419+0000] {processor.py:830} INFO - Processing file /home/airflow/.local/lib/python3.8/site-packages/airflow/example_dags/example_complex.py for tasks to queue
[2024-03-31T06:00:48.420+0000] {logging_mixin.py:188} INFO - [2024-03-31T06:00:48.420+0000] {dagbag.py:540} INFO - Filling up the DagBag from /home/airflow/.local/lib/python3.8/site-packages/airflow/example_dags/example_complex.py
[2024-03-31T06:00:48.457+0000] {processor.py:840} INFO - DAG(s) 'example_complex' retrieved from /home/airflow/.local/lib/python3.8/site-packages/airflow/example_dags/example_complex.py
[2024-03-31T06:00:48.520+0000] {logging_mixin.py:188} INFO - [2024-03-31T06:00:48.519+0000] {dag.py:3047} INFO - Sync 1 DAGs
[2024-03-31T06:00:48.553+0000] {logging_mixin.py:188} INFO - [2024-03-31T06:00:48.553+0000] {dag.py:3834} INFO - Setting next_dagrun for example_complex to None, run_after=None
[2024-03-31T06:00:48.612+0000] {processor.py:183} INFO - Processing /home/airflow/.local/lib/python3.8/site-packages/airflow/example_dags/example_complex.py took 0.196 seconds
[2024-03-31T06:01:19.216+0000] {processor.py:161} INFO - Started process (PID=168) to work on /home/airflow/.local/lib/python3.8/site-packages/airflow/example_dags/example_complex.py
[2024-03-31T06:01:19.217+0000] {processor.py:830} INFO - Processing file /home/airflow/.local/lib/python3.8/site-packages/airflow/example_dags/example_complex.py for tasks to queue
[2024-03-31T06:01:19.219+0000] {logging_mixin.py:188} INFO - [2024-03-31T06:01:19.219+0000] {dagbag.py:540} INFO - Filling up the DagBag from /home/airflow/.local/lib/python3.8/site-packages/airflow/example_dags/example_complex.py
[2024-03-31T06:01:19.246+0000] {processor.py:840} INFO - DAG(s) 'example_complex' retrieved from /home/airflow/.local/lib/python3.8/site-packages/airflow/example_dags/example_complex.py
[2024-03-31T06:01:19.267+0000] {logging_mixin.py:188} INFO - [2024-03-31T06:01:19.266+0000] {dag.py:3047} INFO - Sync 1 DAGs
[2024-03-31T06:01:19.296+0000] {logging_mixin.py:188} INFO - [2024-03-31T06:01:19.296+0000] {dag.py:3834} INFO - Setting next_dagrun for example_complex to None, run_after=None
[2024-03-31T06:01:19.368+0000] {processor.py:183} INFO - Processing /home/airflow/.local/lib/python3.8/site-packages/airflow/example_dags/example_complex.py took 0.156 seconds
[2024-03-31T06:01:50.222+0000] {processor.py:161} INFO - Started process (PID=224) to work on /home/airflow/.local/lib/python3.8/site-packages/airflow/example_dags/example_complex.py
[2024-03-31T06:01:50.223+0000] {processor.py:830} INFO - Processing file /home/airflow/.local/lib/python3.8/site-packages/airflow/example_dags/example_complex.py for tasks to queue
[2024-03-31T06:01:50.225+0000] {logging_mixin.py:188} INFO - [2024-03-31T06:01:50.225+0000] {dagbag.py:540} INFO - Filling up the DagBag from /home/airflow/.local/lib/python3.8/site-packages/airflow/example_dags/example_complex.py
[2024-03-31T06:01:50.299+0000] {processor.py:840} INFO - DAG(s) 'example_complex' retrieved from /home/airflow/.local/lib/python3.8/site-packages/airflow/example_dags/example_complex.py
[2024-03-31T06:01:50.320+0000] {logging_mixin.py:188} INFO - [2024-03-31T06:01:50.319+0000] {dag.py:3047} INFO - Sync 1 DAGs
[2024-03-31T06:01:50.351+0000] {logging_mixin.py:188} INFO - [2024-03-31T06:01:50.347+0000] {dag.py:3834} INFO - Setting next_dagrun for example_complex to None, run_after=None
[2024-03-31T06:01:50.376+0000] {processor.py:183} INFO - Processing /home/airflow/.local/lib/python3.8/site-packages/airflow/example_dags/example_complex.py took 0.158 seconds
[2024-03-31T06:02:20.433+0000] {processor.py:161} INFO - Started process (PID=280) to work on /home/airflow/.local/lib/python3.8/site-packages/airflow/example_dags/example_complex.py
[2024-03-31T06:02:20.434+0000] {processor.py:830} INFO - Processing file /home/airflow/.local/lib/python3.8/site-packages/airflow/example_dags/example_complex.py for tasks to queue
[2024-03-31T06:02:20.440+0000] {logging_mixin.py:188} INFO - [2024-03-31T06:02:20.439+0000] {dagbag.py:540} INFO - Filling up the DagBag from /home/airflow/.local/lib/python3.8/site-packages/airflow/example_dags/example_complex.py
[2024-03-31T06:02:20.458+0000] {processor.py:840} INFO - DAG(s) 'example_complex' retrieved from /home/airflow/.local/lib/python3.8/site-packages/airflow/example_dags/example_complex.py
[2024-03-31T06:02:20.480+0000] {logging_mixin.py:188} INFO - [2024-03-31T06:02:20.479+0000] {dag.py:3047} INFO - Sync 1 DAGs
[2024-03-31T06:02:20.545+0000] {logging_mixin.py:188} INFO - [2024-03-31T06:02:20.545+0000] {dag.py:3834} INFO - Setting next_dagrun for example_complex to None, run_after=None
[2024-03-31T06:02:20.585+0000] {processor.py:183} INFO - Processing /home/airflow/.local/lib/python3.8/site-packages/airflow/example_dags/example_complex.py took 0.156 seconds
[2024-03-31T06:02:50.845+0000] {processor.py:161} INFO - Started process (PID=336) to work on /home/airflow/.local/lib/python3.8/site-packages/airflow/example_dags/example_complex.py
[2024-03-31T06:02:50.848+0000] {processor.py:830} INFO - Processing file /home/airflow/.local/lib/python3.8/site-packages/airflow/example_dags/example_complex.py for tasks to queue
[2024-03-31T06:02:50.850+0000] {logging_mixin.py:188} INFO - [2024-03-31T06:02:50.850+0000] {dagbag.py:540} INFO - Filling up the DagBag from /home/airflow/.local/lib/python3.8/site-packages/airflow/example_dags/example_complex.py
[2024-03-31T06:02:50.862+0000] {processor.py:840} INFO - DAG(s) 'example_complex' retrieved from /home/airflow/.local/lib/python3.8/site-packages/airflow/example_dags/example_complex.py
[2024-03-31T06:02:50.992+0000] {logging_mixin.py:188} INFO - [2024-03-31T06:02:50.991+0000] {dag.py:3047} INFO - Sync 1 DAGs
[2024-03-31T06:02:51.003+0000] {logging_mixin.py:188} INFO - [2024-03-31T06:02:51.003+0000] {dag.py:3834} INFO - Setting next_dagrun for example_complex to None, run_after=None
[2024-03-31T06:02:51.031+0000] {processor.py:183} INFO - Processing /home/airflow/.local/lib/python3.8/site-packages/airflow/example_dags/example_complex.py took 0.189 seconds
[2024-03-31T06:03:21.103+0000] {processor.py:161} INFO - Started process (PID=392) to work on /home/airflow/.local/lib/python3.8/site-packages/airflow/example_dags/example_complex.py
[2024-03-31T06:03:21.104+0000] {processor.py:830} INFO - Processing file /home/airflow/.local/lib/python3.8/site-packages/airflow/example_dags/example_complex.py for tasks to queue
[2024-03-31T06:03:21.105+0000] {logging_mixin.py:188} INFO - [2024-03-31T06:03:21.105+0000] {dagbag.py:540} INFO - Filling up the DagBag from /home/airflow/.local/lib/python3.8/site-packages/airflow/example_dags/example_complex.py
[2024-03-31T06:03:21.121+0000] {processor.py:840} INFO - DAG(s) 'example_complex' retrieved from /home/airflow/.local/lib/python3.8/site-packages/airflow/example_dags/example_complex.py
[2024-03-31T06:03:21.154+0000] {logging_mixin.py:188} INFO - [2024-03-31T06:03:21.154+0000] {dag.py:3047} INFO - Sync 1 DAGs
[2024-03-31T06:03:21.168+0000] {logging_mixin.py:188} INFO - [2024-03-31T06:03:21.167+0000] {dag.py:3834} INFO - Setting next_dagrun for example_complex to None, run_after=None
[2024-03-31T06:03:21.195+0000] {processor.py:183} INFO - Processing /home/airflow/.local/lib/python3.8/site-packages/airflow/example_dags/example_complex.py took 0.094 seconds
[2024-03-31T06:03:52.073+0000] {processor.py:161} INFO - Started process (PID=448) to work on /home/airflow/.local/lib/python3.8/site-packages/airflow/example_dags/example_complex.py
[2024-03-31T06:03:52.074+0000] {processor.py:830} INFO - Processing file /home/airflow/.local/lib/python3.8/site-packages/airflow/example_dags/example_complex.py for tasks to queue
[2024-03-31T06:03:52.076+0000] {logging_mixin.py:188} INFO - [2024-03-31T06:03:52.076+0000] {dagbag.py:540} INFO - Filling up the DagBag from /home/airflow/.local/lib/python3.8/site-packages/airflow/example_dags/example_complex.py
[2024-03-31T06:03:52.092+0000] {processor.py:840} INFO - DAG(s) 'example_complex' retrieved from /home/airflow/.local/lib/python3.8/site-packages/airflow/example_dags/example_complex.py
[2024-03-31T06:03:52.134+0000] {logging_mixin.py:188} INFO - [2024-03-31T06:03:52.134+0000] {dag.py:3047} INFO - Sync 1 DAGs
[2024-03-31T06:03:52.153+0000] {logging_mixin.py:188} INFO - [2024-03-31T06:03:52.153+0000] {dag.py:3834} INFO - Setting next_dagrun for example_complex to None, run_after=None
[2024-03-31T06:03:52.181+0000] {processor.py:183} INFO - Processing /home/airflow/.local/lib/python3.8/site-packages/airflow/example_dags/example_complex.py took 0.110 seconds
[2024-03-31T06:04:22.416+0000] {processor.py:161} INFO - Started process (PID=504) to work on /home/airflow/.local/lib/python3.8/site-packages/airflow/example_dags/example_complex.py
[2024-03-31T06:04:22.417+0000] {processor.py:830} INFO - Processing file /home/airflow/.local/lib/python3.8/site-packages/airflow/example_dags/example_complex.py for tasks to queue
[2024-03-31T06:04:22.418+0000] {logging_mixin.py:188} INFO - [2024-03-31T06:04:22.418+0000] {dagbag.py:540} INFO - Filling up the DagBag from /home/airflow/.local/lib/python3.8/site-packages/airflow/example_dags/example_complex.py
[2024-03-31T06:04:22.429+0000] {processor.py:840} INFO - DAG(s) 'example_complex' retrieved from /home/airflow/.local/lib/python3.8/site-packages/airflow/example_dags/example_complex.py
[2024-03-31T06:04:22.508+0000] {logging_mixin.py:188} INFO - [2024-03-31T06:04:22.506+0000] {dag.py:3047} INFO - Sync 1 DAGs
[2024-03-31T06:04:22.530+0000] {logging_mixin.py:188} INFO - [2024-03-31T06:04:22.530+0000] {dag.py:3834} INFO - Setting next_dagrun for example_complex to None, run_after=None
[2024-03-31T06:04:22.550+0000] {processor.py:183} INFO - Processing /home/airflow/.local/lib/python3.8/site-packages/airflow/example_dags/example_complex.py took 0.137 seconds
[2024-03-31T06:04:52.934+0000] {processor.py:161} INFO - Started process (PID=560) to work on /home/airflow/.local/lib/python3.8/site-packages/airflow/example_dags/example_complex.py
[2024-03-31T06:04:52.935+0000] {processor.py:830} INFO - Processing file /home/airflow/.local/lib/python3.8/site-packages/airflow/example_dags/example_complex.py for tasks to queue
[2024-03-31T06:04:52.937+0000] {logging_mixin.py:188} INFO - [2024-03-31T06:04:52.937+0000] {dagbag.py:540} INFO - Filling up the DagBag from /home/airflow/.local/lib/python3.8/site-packages/airflow/example_dags/example_complex.py
[2024-03-31T06:04:52.952+0000] {processor.py:840} INFO - DAG(s) 'example_complex' retrieved from /home/airflow/.local/lib/python3.8/site-packages/airflow/example_dags/example_complex.py
[2024-03-31T06:04:52.987+0000] {logging_mixin.py:188} INFO - [2024-03-31T06:04:52.987+0000] {dag.py:3047} INFO - Sync 1 DAGs
[2024-03-31T06:04:53.001+0000] {logging_mixin.py:188} INFO - [2024-03-31T06:04:53.001+0000] {dag.py:3834} INFO - Setting next_dagrun for example_complex to None, run_after=None
[2024-03-31T06:04:53.025+0000] {processor.py:183} INFO - Processing /home/airflow/.local/lib/python3.8/site-packages/airflow/example_dags/example_complex.py took 0.092 seconds
[2024-03-31T06:05:23.455+0000] {processor.py:161} INFO - Started process (PID=616) to work on /home/airflow/.local/lib/python3.8/site-packages/airflow/example_dags/example_complex.py
[2024-03-31T06:05:23.457+0000] {processor.py:830} INFO - Processing file /home/airflow/.local/lib/python3.8/site-packages/airflow/example_dags/example_complex.py for tasks to queue
[2024-03-31T06:05:23.459+0000] {logging_mixin.py:188} INFO - [2024-03-31T06:05:23.459+0000] {dagbag.py:540} INFO - Filling up the DagBag from /home/airflow/.local/lib/python3.8/site-packages/airflow/example_dags/example_complex.py
[2024-03-31T06:05:23.480+0000] {processor.py:840} INFO - DAG(s) 'example_complex' retrieved from /home/airflow/.local/lib/python3.8/site-packages/airflow/example_dags/example_complex.py
[2024-03-31T06:05:23.524+0000] {logging_mixin.py:188} INFO - [2024-03-31T06:05:23.524+0000] {dag.py:3047} INFO - Sync 1 DAGs
[2024-03-31T06:05:23.556+0000] {logging_mixin.py:188} INFO - [2024-03-31T06:05:23.553+0000] {dag.py:3834} INFO - Setting next_dagrun for example_complex to None, run_after=None
[2024-03-31T06:05:23.593+0000] {processor.py:183} INFO - Processing /home/airflow/.local/lib/python3.8/site-packages/airflow/example_dags/example_complex.py took 0.142 seconds
[2024-03-31T06:05:54.253+0000] {processor.py:161} INFO - Started process (PID=672) to work on /home/airflow/.local/lib/python3.8/site-packages/airflow/example_dags/example_complex.py
[2024-03-31T06:05:54.254+0000] {processor.py:830} INFO - Processing file /home/airflow/.local/lib/python3.8/site-packages/airflow/example_dags/example_complex.py for tasks to queue
[2024-03-31T06:05:54.259+0000] {logging_mixin.py:188} INFO - [2024-03-31T06:05:54.258+0000] {dagbag.py:540} INFO - Filling up the DagBag from /home/airflow/.local/lib/python3.8/site-packages/airflow/example_dags/example_complex.py
[2024-03-31T06:05:54.278+0000] {processor.py:840} INFO - DAG(s) 'example_complex' retrieved from /home/airflow/.local/lib/python3.8/site-packages/airflow/example_dags/example_complex.py
[2024-03-31T06:05:54.325+0000] {logging_mixin.py:188} INFO - [2024-03-31T06:05:54.325+0000] {dag.py:3047} INFO - Sync 1 DAGs
[2024-03-31T06:05:54.340+0000] {logging_mixin.py:188} INFO - [2024-03-31T06:05:54.340+0000] {dag.py:3834} INFO - Setting next_dagrun for example_complex to None, run_after=None
[2024-03-31T06:05:54.365+0000] {processor.py:183} INFO - Processing /home/airflow/.local/lib/python3.8/site-packages/airflow/example_dags/example_complex.py took 0.117 seconds
[2024-03-31T06:06:24.677+0000] {processor.py:161} INFO - Started process (PID=728) to work on /home/airflow/.local/lib/python3.8/site-packages/airflow/example_dags/example_complex.py
[2024-03-31T06:06:24.679+0000] {processor.py:830} INFO - Processing file /home/airflow/.local/lib/python3.8/site-packages/airflow/example_dags/example_complex.py for tasks to queue
[2024-03-31T06:06:24.681+0000] {logging_mixin.py:188} INFO - [2024-03-31T06:06:24.681+0000] {dagbag.py:540} INFO - Filling up the DagBag from /home/airflow/.local/lib/python3.8/site-packages/airflow/example_dags/example_complex.py
[2024-03-31T06:06:24.692+0000] {processor.py:840} INFO - DAG(s) 'example_complex' retrieved from /home/airflow/.local/lib/python3.8/site-packages/airflow/example_dags/example_complex.py
[2024-03-31T06:06:24.723+0000] {logging_mixin.py:188} INFO - [2024-03-31T06:06:24.723+0000] {dag.py:3047} INFO - Sync 1 DAGs
[2024-03-31T06:06:24.737+0000] {logging_mixin.py:188} INFO - [2024-03-31T06:06:24.737+0000] {dag.py:3834} INFO - Setting next_dagrun for example_complex to None, run_after=None
[2024-03-31T06:06:24.757+0000] {processor.py:183} INFO - Processing /home/airflow/.local/lib/python3.8/site-packages/airflow/example_dags/example_complex.py took 0.085 seconds
[2024-03-31T06:06:55.441+0000] {processor.py:161} INFO - Started process (PID=784) to work on /home/airflow/.local/lib/python3.8/site-packages/airflow/example_dags/example_complex.py
[2024-03-31T06:06:55.442+0000] {processor.py:830} INFO - Processing file /home/airflow/.local/lib/python3.8/site-packages/airflow/example_dags/example_complex.py for tasks to queue
[2024-03-31T06:06:55.446+0000] {logging_mixin.py:188} INFO - [2024-03-31T06:06:55.445+0000] {dagbag.py:540} INFO - Filling up the DagBag from /home/airflow/.local/lib/python3.8/site-packages/airflow/example_dags/example_complex.py
[2024-03-31T06:06:55.460+0000] {processor.py:840} INFO - DAG(s) 'example_complex' retrieved from /home/airflow/.local/lib/python3.8/site-packages/airflow/example_dags/example_complex.py
[2024-03-31T06:06:55.496+0000] {logging_mixin.py:188} INFO - [2024-03-31T06:06:55.496+0000] {dag.py:3047} INFO - Sync 1 DAGs
[2024-03-31T06:06:55.517+0000] {logging_mixin.py:188} INFO - [2024-03-31T06:06:55.517+0000] {dag.py:3834} INFO - Setting next_dagrun for example_complex to None, run_after=None
[2024-03-31T06:06:55.560+0000] {processor.py:183} INFO - Processing /home/airflow/.local/lib/python3.8/site-packages/airflow/example_dags/example_complex.py took 0.121 seconds
[2024-03-31T06:07:25.922+0000] {processor.py:161} INFO - Started process (PID=841) to work on /home/airflow/.local/lib/python3.8/site-packages/airflow/example_dags/example_complex.py
[2024-03-31T06:07:25.923+0000] {processor.py:830} INFO - Processing file /home/airflow/.local/lib/python3.8/site-packages/airflow/example_dags/example_complex.py for tasks to queue
[2024-03-31T06:07:25.924+0000] {logging_mixin.py:188} INFO - [2024-03-31T06:07:25.924+0000] {dagbag.py:540} INFO - Filling up the DagBag from /home/airflow/.local/lib/python3.8/site-packages/airflow/example_dags/example_complex.py
[2024-03-31T06:07:25.938+0000] {processor.py:840} INFO - DAG(s) 'example_complex' retrieved from /home/airflow/.local/lib/python3.8/site-packages/airflow/example_dags/example_complex.py
[2024-03-31T06:07:25.990+0000] {logging_mixin.py:188} INFO - [2024-03-31T06:07:25.990+0000] {dag.py:3047} INFO - Sync 1 DAGs
[2024-03-31T06:07:26.008+0000] {logging_mixin.py:188} INFO - [2024-03-31T06:07:26.008+0000] {dag.py:3834} INFO - Setting next_dagrun for example_complex to None, run_after=None
[2024-03-31T06:07:26.028+0000] {processor.py:183} INFO - Processing /home/airflow/.local/lib/python3.8/site-packages/airflow/example_dags/example_complex.py took 0.109 seconds
[2024-03-31T06:07:56.188+0000] {processor.py:161} INFO - Started process (PID=897) to work on /home/airflow/.local/lib/python3.8/site-packages/airflow/example_dags/example_complex.py
[2024-03-31T06:07:56.189+0000] {processor.py:830} INFO - Processing file /home/airflow/.local/lib/python3.8/site-packages/airflow/example_dags/example_complex.py for tasks to queue
[2024-03-31T06:07:56.191+0000] {logging_mixin.py:188} INFO - [2024-03-31T06:07:56.191+0000] {dagbag.py:540} INFO - Filling up the DagBag from /home/airflow/.local/lib/python3.8/site-packages/airflow/example_dags/example_complex.py
[2024-03-31T06:07:56.205+0000] {processor.py:840} INFO - DAG(s) 'example_complex' retrieved from /home/airflow/.local/lib/python3.8/site-packages/airflow/example_dags/example_complex.py
[2024-03-31T06:07:56.239+0000] {logging_mixin.py:188} INFO - [2024-03-31T06:07:56.239+0000] {dag.py:3047} INFO - Sync 1 DAGs
[2024-03-31T06:07:56.266+0000] {logging_mixin.py:188} INFO - [2024-03-31T06:07:56.265+0000] {dag.py:3834} INFO - Setting next_dagrun for example_complex to None, run_after=None
[2024-03-31T06:07:56.287+0000] {processor.py:183} INFO - Processing /home/airflow/.local/lib/python3.8/site-packages/airflow/example_dags/example_complex.py took 0.101 seconds
[2024-03-31T06:08:26.490+0000] {processor.py:161} INFO - Started process (PID=953) to work on /home/airflow/.local/lib/python3.8/site-packages/airflow/example_dags/example_complex.py
[2024-03-31T06:08:26.493+0000] {processor.py:830} INFO - Processing file /home/airflow/.local/lib/python3.8/site-packages/airflow/example_dags/example_complex.py for tasks to queue
[2024-03-31T06:08:26.495+0000] {logging_mixin.py:188} INFO - [2024-03-31T06:08:26.495+0000] {dagbag.py:540} INFO - Filling up the DagBag from /home/airflow/.local/lib/python3.8/site-packages/airflow/example_dags/example_complex.py
[2024-03-31T06:08:26.507+0000] {processor.py:840} INFO - DAG(s) 'example_complex' retrieved from /home/airflow/.local/lib/python3.8/site-packages/airflow/example_dags/example_complex.py
[2024-03-31T06:08:26.540+0000] {logging_mixin.py:188} INFO - [2024-03-31T06:08:26.540+0000] {dag.py:3047} INFO - Sync 1 DAGs
[2024-03-31T06:08:26.557+0000] {logging_mixin.py:188} INFO - [2024-03-31T06:08:26.557+0000] {dag.py:3834} INFO - Setting next_dagrun for example_complex to None, run_after=None
[2024-03-31T06:08:26.582+0000] {processor.py:183} INFO - Processing /home/airflow/.local/lib/python3.8/site-packages/airflow/example_dags/example_complex.py took 0.095 seconds
[2024-03-31T06:08:56.833+0000] {processor.py:161} INFO - Started process (PID=1009) to work on /home/airflow/.local/lib/python3.8/site-packages/airflow/example_dags/example_complex.py
[2024-03-31T06:08:56.834+0000] {processor.py:830} INFO - Processing file /home/airflow/.local/lib/python3.8/site-packages/airflow/example_dags/example_complex.py for tasks to queue
[2024-03-31T06:08:56.835+0000] {logging_mixin.py:188} INFO - [2024-03-31T06:08:56.835+0000] {dagbag.py:540} INFO - Filling up the DagBag from /home/airflow/.local/lib/python3.8/site-packages/airflow/example_dags/example_complex.py
[2024-03-31T06:08:56.848+0000] {processor.py:840} INFO - DAG(s) 'example_complex' retrieved from /home/airflow/.local/lib/python3.8/site-packages/airflow/example_dags/example_complex.py
[2024-03-31T06:08:56.880+0000] {logging_mixin.py:188} INFO - [2024-03-31T06:08:56.880+0000] {dag.py:3047} INFO - Sync 1 DAGs
[2024-03-31T06:08:56.891+0000] {logging_mixin.py:188} INFO - [2024-03-31T06:08:56.890+0000] {dag.py:3834} INFO - Setting next_dagrun for example_complex to None, run_after=None
[2024-03-31T06:08:56.913+0000] {processor.py:183} INFO - Processing /home/airflow/.local/lib/python3.8/site-packages/airflow/example_dags/example_complex.py took 0.082 seconds
[2024-03-31T06:09:27.148+0000] {processor.py:161} INFO - Started process (PID=1066) to work on /home/airflow/.local/lib/python3.8/site-packages/airflow/example_dags/example_complex.py
[2024-03-31T06:09:27.149+0000] {processor.py:830} INFO - Processing file /home/airflow/.local/lib/python3.8/site-packages/airflow/example_dags/example_complex.py for tasks to queue
[2024-03-31T06:09:27.150+0000] {logging_mixin.py:188} INFO - [2024-03-31T06:09:27.150+0000] {dagbag.py:540} INFO - Filling up the DagBag from /home/airflow/.local/lib/python3.8/site-packages/airflow/example_dags/example_complex.py
[2024-03-31T06:09:27.163+0000] {processor.py:840} INFO - DAG(s) 'example_complex' retrieved from /home/airflow/.local/lib/python3.8/site-packages/airflow/example_dags/example_complex.py
[2024-03-31T06:09:27.198+0000] {logging_mixin.py:188} INFO - [2024-03-31T06:09:27.198+0000] {dag.py:3047} INFO - Sync 1 DAGs
[2024-03-31T06:09:27.210+0000] {logging_mixin.py:188} INFO - [2024-03-31T06:09:27.210+0000] {dag.py:3834} INFO - Setting next_dagrun for example_complex to None, run_after=None
[2024-03-31T06:09:27.232+0000] {processor.py:183} INFO - Processing /home/airflow/.local/lib/python3.8/site-packages/airflow/example_dags/example_complex.py took 0.086 seconds
[2024-03-31T06:09:57.739+0000] {processor.py:161} INFO - Started process (PID=1123) to work on /home/airflow/.local/lib/python3.8/site-packages/airflow/example_dags/example_complex.py
[2024-03-31T06:09:57.740+0000] {processor.py:830} INFO - Processing file /home/airflow/.local/lib/python3.8/site-packages/airflow/example_dags/example_complex.py for tasks to queue
[2024-03-31T06:09:57.744+0000] {logging_mixin.py:188} INFO - [2024-03-31T06:09:57.744+0000] {dagbag.py:540} INFO - Filling up the DagBag from /home/airflow/.local/lib/python3.8/site-packages/airflow/example_dags/example_complex.py
[2024-03-31T06:09:57.755+0000] {processor.py:840} INFO - DAG(s) 'example_complex' retrieved from /home/airflow/.local/lib/python3.8/site-packages/airflow/example_dags/example_complex.py
[2024-03-31T06:09:57.786+0000] {logging_mixin.py:188} INFO - [2024-03-31T06:09:57.786+0000] {dag.py:3047} INFO - Sync 1 DAGs
[2024-03-31T06:09:57.802+0000] {logging_mixin.py:188} INFO - [2024-03-31T06:09:57.802+0000] {dag.py:3834} INFO - Setting next_dagrun for example_complex to None, run_after=None
[2024-03-31T06:09:57.831+0000] {processor.py:183} INFO - Processing /home/airflow/.local/lib/python3.8/site-packages/airflow/example_dags/example_complex.py took 0.094 seconds
[2024-03-31T06:10:28.174+0000] {processor.py:161} INFO - Started process (PID=1179) to work on /home/airflow/.local/lib/python3.8/site-packages/airflow/example_dags/example_complex.py
[2024-03-31T06:10:28.176+0000] {processor.py:830} INFO - Processing file /home/airflow/.local/lib/python3.8/site-packages/airflow/example_dags/example_complex.py for tasks to queue
[2024-03-31T06:10:28.179+0000] {logging_mixin.py:188} INFO - [2024-03-31T06:10:28.179+0000] {dagbag.py:540} INFO - Filling up the DagBag from /home/airflow/.local/lib/python3.8/site-packages/airflow/example_dags/example_complex.py
[2024-03-31T06:10:28.193+0000] {processor.py:840} INFO - DAG(s) 'example_complex' retrieved from /home/airflow/.local/lib/python3.8/site-packages/airflow/example_dags/example_complex.py
[2024-03-31T06:10:28.225+0000] {logging_mixin.py:188} INFO - [2024-03-31T06:10:28.224+0000] {dag.py:3047} INFO - Sync 1 DAGs
[2024-03-31T06:10:28.241+0000] {logging_mixin.py:188} INFO - [2024-03-31T06:10:28.239+0000] {dag.py:3834} INFO - Setting next_dagrun for example_complex to None, run_after=None
[2024-03-31T06:10:28.266+0000] {processor.py:183} INFO - Processing /home/airflow/.local/lib/python3.8/site-packages/airflow/example_dags/example_complex.py took 0.094 seconds
[2024-03-31T06:10:58.511+0000] {processor.py:161} INFO - Started process (PID=1235) to work on /home/airflow/.local/lib/python3.8/site-packages/airflow/example_dags/example_complex.py
[2024-03-31T06:10:58.511+0000] {processor.py:830} INFO - Processing file /home/airflow/.local/lib/python3.8/site-packages/airflow/example_dags/example_complex.py for tasks to queue
[2024-03-31T06:10:58.513+0000] {logging_mixin.py:188} INFO - [2024-03-31T06:10:58.513+0000] {dagbag.py:540} INFO - Filling up the DagBag from /home/airflow/.local/lib/python3.8/site-packages/airflow/example_dags/example_complex.py
[2024-03-31T06:10:58.530+0000] {processor.py:840} INFO - DAG(s) 'example_complex' retrieved from /home/airflow/.local/lib/python3.8/site-packages/airflow/example_dags/example_complex.py
[2024-03-31T06:10:58.562+0000] {logging_mixin.py:188} INFO - [2024-03-31T06:10:58.562+0000] {dag.py:3047} INFO - Sync 1 DAGs
[2024-03-31T06:10:58.573+0000] {logging_mixin.py:188} INFO - [2024-03-31T06:10:58.573+0000] {dag.py:3834} INFO - Setting next_dagrun for example_complex to None, run_after=None
[2024-03-31T06:10:58.598+0000] {processor.py:183} INFO - Processing /home/airflow/.local/lib/python3.8/site-packages/airflow/example_dags/example_complex.py took 0.093 seconds
[2024-03-31T06:11:28.840+0000] {processor.py:161} INFO - Started process (PID=1291) to work on /home/airflow/.local/lib/python3.8/site-packages/airflow/example_dags/example_complex.py
[2024-03-31T06:11:28.842+0000] {processor.py:830} INFO - Processing file /home/airflow/.local/lib/python3.8/site-packages/airflow/example_dags/example_complex.py for tasks to queue
[2024-03-31T06:11:28.844+0000] {logging_mixin.py:188} INFO - [2024-03-31T06:11:28.844+0000] {dagbag.py:540} INFO - Filling up the DagBag from /home/airflow/.local/lib/python3.8/site-packages/airflow/example_dags/example_complex.py
[2024-03-31T06:11:28.855+0000] {processor.py:840} INFO - DAG(s) 'example_complex' retrieved from /home/airflow/.local/lib/python3.8/site-packages/airflow/example_dags/example_complex.py
[2024-03-31T06:11:28.886+0000] {logging_mixin.py:188} INFO - [2024-03-31T06:11:28.885+0000] {dag.py:3047} INFO - Sync 1 DAGs
[2024-03-31T06:11:28.900+0000] {logging_mixin.py:188} INFO - [2024-03-31T06:11:28.900+0000] {dag.py:3834} INFO - Setting next_dagrun for example_complex to None, run_after=None
[2024-03-31T06:11:28.925+0000] {processor.py:183} INFO - Processing /home/airflow/.local/lib/python3.8/site-packages/airflow/example_dags/example_complex.py took 0.087 seconds
[2024-03-31T06:11:59.653+0000] {processor.py:161} INFO - Started process (PID=1347) to work on /home/airflow/.local/lib/python3.8/site-packages/airflow/example_dags/example_complex.py
[2024-03-31T06:11:59.654+0000] {processor.py:830} INFO - Processing file /home/airflow/.local/lib/python3.8/site-packages/airflow/example_dags/example_complex.py for tasks to queue
[2024-03-31T06:11:59.656+0000] {logging_mixin.py:188} INFO - [2024-03-31T06:11:59.655+0000] {dagbag.py:540} INFO - Filling up the DagBag from /home/airflow/.local/lib/python3.8/site-packages/airflow/example_dags/example_complex.py
[2024-03-31T06:11:59.669+0000] {processor.py:840} INFO - DAG(s) 'example_complex' retrieved from /home/airflow/.local/lib/python3.8/site-packages/airflow/example_dags/example_complex.py
[2024-03-31T06:11:59.708+0000] {logging_mixin.py:188} INFO - [2024-03-31T06:11:59.708+0000] {dag.py:3047} INFO - Sync 1 DAGs
[2024-03-31T06:11:59.720+0000] {logging_mixin.py:188} INFO - [2024-03-31T06:11:59.720+0000] {dag.py:3834} INFO - Setting next_dagrun for example_complex to None, run_after=None
[2024-03-31T06:11:59.746+0000] {processor.py:183} INFO - Processing /home/airflow/.local/lib/python3.8/site-packages/airflow/example_dags/example_complex.py took 0.097 seconds
[2024-03-31T06:12:30.271+0000] {processor.py:161} INFO - Started process (PID=1403) to work on /home/airflow/.local/lib/python3.8/site-packages/airflow/example_dags/example_complex.py
[2024-03-31T06:12:30.283+0000] {processor.py:830} INFO - Processing file /home/airflow/.local/lib/python3.8/site-packages/airflow/example_dags/example_complex.py for tasks to queue
[2024-03-31T06:12:30.285+0000] {logging_mixin.py:188} INFO - [2024-03-31T06:12:30.285+0000] {dagbag.py:540} INFO - Filling up the DagBag from /home/airflow/.local/lib/python3.8/site-packages/airflow/example_dags/example_complex.py
[2024-03-31T06:12:30.336+0000] {processor.py:840} INFO - DAG(s) 'example_complex' retrieved from /home/airflow/.local/lib/python3.8/site-packages/airflow/example_dags/example_complex.py
[2024-03-31T06:12:30.432+0000] {logging_mixin.py:188} INFO - [2024-03-31T06:12:30.432+0000] {dag.py:3047} INFO - Sync 1 DAGs
[2024-03-31T06:12:30.502+0000] {logging_mixin.py:188} INFO - [2024-03-31T06:12:30.499+0000] {dag.py:3834} INFO - Setting next_dagrun for example_complex to None, run_after=None
[2024-03-31T06:12:30.636+0000] {processor.py:183} INFO - Processing /home/airflow/.local/lib/python3.8/site-packages/airflow/example_dags/example_complex.py took 0.368 seconds
[2024-03-31T06:13:42.634+0000] {processor.py:161} INFO - Started process (PID=53) to work on /home/airflow/.local/lib/python3.8/site-packages/airflow/example_dags/example_complex.py
[2024-03-31T06:13:42.635+0000] {processor.py:830} INFO - Processing file /home/airflow/.local/lib/python3.8/site-packages/airflow/example_dags/example_complex.py for tasks to queue
[2024-03-31T06:13:42.638+0000] {logging_mixin.py:188} INFO - [2024-03-31T06:13:42.638+0000] {dagbag.py:540} INFO - Filling up the DagBag from /home/airflow/.local/lib/python3.8/site-packages/airflow/example_dags/example_complex.py
[2024-03-31T06:13:42.674+0000] {processor.py:840} INFO - DAG(s) 'example_complex' retrieved from /home/airflow/.local/lib/python3.8/site-packages/airflow/example_dags/example_complex.py
[2024-03-31T06:13:42.694+0000] {logging_mixin.py:188} INFO - [2024-03-31T06:13:42.693+0000] {dag.py:3047} INFO - Sync 1 DAGs
[2024-03-31T06:13:42.727+0000] {logging_mixin.py:188} INFO - [2024-03-31T06:13:42.726+0000] {dag.py:3834} INFO - Setting next_dagrun for example_complex to None, run_after=None
[2024-03-31T06:13:42.773+0000] {processor.py:183} INFO - Processing /home/airflow/.local/lib/python3.8/site-packages/airflow/example_dags/example_complex.py took 0.142 seconds
[2024-03-31T06:14:16.417+0000] {processor.py:161} INFO - Started process (PID=110) to work on /home/airflow/.local/lib/python3.8/site-packages/airflow/example_dags/example_complex.py
[2024-03-31T06:14:16.420+0000] {processor.py:830} INFO - Processing file /home/airflow/.local/lib/python3.8/site-packages/airflow/example_dags/example_complex.py for tasks to queue
[2024-03-31T06:14:16.423+0000] {logging_mixin.py:188} INFO - [2024-03-31T06:14:16.423+0000] {dagbag.py:540} INFO - Filling up the DagBag from /home/airflow/.local/lib/python3.8/site-packages/airflow/example_dags/example_complex.py
[2024-03-31T06:14:16.447+0000] {processor.py:840} INFO - DAG(s) 'example_complex' retrieved from /home/airflow/.local/lib/python3.8/site-packages/airflow/example_dags/example_complex.py
[2024-03-31T06:14:17.408+0000] {logging_mixin.py:188} INFO - [2024-03-31T06:14:17.407+0000] {dag.py:3047} INFO - Sync 1 DAGs
[2024-03-31T06:14:17.613+0000] {logging_mixin.py:188} INFO - [2024-03-31T06:14:17.613+0000] {dag.py:3834} INFO - Setting next_dagrun for example_complex to None, run_after=None
[2024-03-31T06:14:17.859+0000] {processor.py:183} INFO - Processing /home/airflow/.local/lib/python3.8/site-packages/airflow/example_dags/example_complex.py took 1.446 seconds
