[2024-03-31T06:00:36.206+0000] {processor.py:161} INFO - Started process (PID=96) to work on /home/airflow/.local/lib/python3.8/site-packages/airflow/example_dags/example_branch_labels.py
[2024-03-31T06:00:36.207+0000] {processor.py:830} INFO - Processing file /home/airflow/.local/lib/python3.8/site-packages/airflow/example_dags/example_branch_labels.py for tasks to queue
[2024-03-31T06:00:36.214+0000] {logging_mixin.py:188} INFO - [2024-03-31T06:00:36.212+0000] {dagbag.py:540} INFO - Filling up the DagBag from /home/airflow/.local/lib/python3.8/site-packages/airflow/example_dags/example_branch_labels.py
[2024-03-31T06:00:36.239+0000] {processor.py:840} INFO - DAG(s) 'example_branch_labels' retrieved from /home/airflow/.local/lib/python3.8/site-packages/airflow/example_dags/example_branch_labels.py
[2024-03-31T06:00:36.587+0000] {logging_mixin.py:188} INFO - [2024-03-31T06:00:36.586+0000] {dag.py:3047} INFO - Sync 1 DAGs
[2024-03-31T06:00:36.636+0000] {logging_mixin.py:188} INFO - [2024-03-31T06:00:36.635+0000] {dag.py:3834} INFO - Setting next_dagrun for example_branch_labels to 2024-03-30 00:00:00+00:00, run_after=2024-03-31 00:00:00+00:00
[2024-03-31T06:00:36.684+0000] {processor.py:183} INFO - Processing /home/airflow/.local/lib/python3.8/site-packages/airflow/example_dags/example_branch_labels.py took 0.480 seconds
[2024-03-31T06:01:07.614+0000] {processor.py:161} INFO - Started process (PID=155) to work on /home/airflow/.local/lib/python3.8/site-packages/airflow/example_dags/example_branch_labels.py
[2024-03-31T06:01:07.615+0000] {processor.py:830} INFO - Processing file /home/airflow/.local/lib/python3.8/site-packages/airflow/example_dags/example_branch_labels.py for tasks to queue
[2024-03-31T06:01:07.616+0000] {logging_mixin.py:188} INFO - [2024-03-31T06:01:07.616+0000] {dagbag.py:540} INFO - Filling up the DagBag from /home/airflow/.local/lib/python3.8/site-packages/airflow/example_dags/example_branch_labels.py
[2024-03-31T06:01:07.626+0000] {processor.py:840} INFO - DAG(s) 'example_branch_labels' retrieved from /home/airflow/.local/lib/python3.8/site-packages/airflow/example_dags/example_branch_labels.py
[2024-03-31T06:01:07.636+0000] {logging_mixin.py:188} INFO - [2024-03-31T06:01:07.635+0000] {dag.py:3047} INFO - Sync 1 DAGs
[2024-03-31T06:01:07.660+0000] {logging_mixin.py:188} INFO - [2024-03-31T06:01:07.660+0000] {dag.py:3834} INFO - Setting next_dagrun for example_branch_labels to 2024-03-30 00:00:00+00:00, run_after=2024-03-31 00:00:00+00:00
[2024-03-31T06:01:07.680+0000] {processor.py:183} INFO - Processing /home/airflow/.local/lib/python3.8/site-packages/airflow/example_dags/example_branch_labels.py took 0.068 seconds
[2024-03-31T06:01:38.584+0000] {processor.py:161} INFO - Started process (PID=211) to work on /home/airflow/.local/lib/python3.8/site-packages/airflow/example_dags/example_branch_labels.py
[2024-03-31T06:01:38.585+0000] {processor.py:830} INFO - Processing file /home/airflow/.local/lib/python3.8/site-packages/airflow/example_dags/example_branch_labels.py for tasks to queue
[2024-03-31T06:01:38.587+0000] {logging_mixin.py:188} INFO - [2024-03-31T06:01:38.587+0000] {dagbag.py:540} INFO - Filling up the DagBag from /home/airflow/.local/lib/python3.8/site-packages/airflow/example_dags/example_branch_labels.py
[2024-03-31T06:01:38.594+0000] {processor.py:840} INFO - DAG(s) 'example_branch_labels' retrieved from /home/airflow/.local/lib/python3.8/site-packages/airflow/example_dags/example_branch_labels.py
[2024-03-31T06:01:38.607+0000] {logging_mixin.py:188} INFO - [2024-03-31T06:01:38.607+0000] {dag.py:3047} INFO - Sync 1 DAGs
[2024-03-31T06:01:38.644+0000] {logging_mixin.py:188} INFO - [2024-03-31T06:01:38.644+0000] {dag.py:3834} INFO - Setting next_dagrun for example_branch_labels to 2024-03-30 00:00:00+00:00, run_after=2024-03-31 00:00:00+00:00
[2024-03-31T06:01:38.671+0000] {processor.py:183} INFO - Processing /home/airflow/.local/lib/python3.8/site-packages/airflow/example_dags/example_branch_labels.py took 0.089 seconds
[2024-03-31T06:02:08.889+0000] {processor.py:161} INFO - Started process (PID=267) to work on /home/airflow/.local/lib/python3.8/site-packages/airflow/example_dags/example_branch_labels.py
[2024-03-31T06:02:08.900+0000] {processor.py:830} INFO - Processing file /home/airflow/.local/lib/python3.8/site-packages/airflow/example_dags/example_branch_labels.py for tasks to queue
[2024-03-31T06:02:08.903+0000] {logging_mixin.py:188} INFO - [2024-03-31T06:02:08.902+0000] {dagbag.py:540} INFO - Filling up the DagBag from /home/airflow/.local/lib/python3.8/site-packages/airflow/example_dags/example_branch_labels.py
[2024-03-31T06:02:08.910+0000] {processor.py:840} INFO - DAG(s) 'example_branch_labels' retrieved from /home/airflow/.local/lib/python3.8/site-packages/airflow/example_dags/example_branch_labels.py
[2024-03-31T06:02:08.923+0000] {logging_mixin.py:188} INFO - [2024-03-31T06:02:08.922+0000] {dag.py:3047} INFO - Sync 1 DAGs
[2024-03-31T06:02:08.954+0000] {logging_mixin.py:188} INFO - [2024-03-31T06:02:08.954+0000] {dag.py:3834} INFO - Setting next_dagrun for example_branch_labels to 2024-03-30 00:00:00+00:00, run_after=2024-03-31 00:00:00+00:00
[2024-03-31T06:02:08.976+0000] {processor.py:183} INFO - Processing /home/airflow/.local/lib/python3.8/site-packages/airflow/example_dags/example_branch_labels.py took 0.090 seconds
[2024-03-31T06:02:39.141+0000] {processor.py:161} INFO - Started process (PID=323) to work on /home/airflow/.local/lib/python3.8/site-packages/airflow/example_dags/example_branch_labels.py
[2024-03-31T06:02:39.142+0000] {processor.py:830} INFO - Processing file /home/airflow/.local/lib/python3.8/site-packages/airflow/example_dags/example_branch_labels.py for tasks to queue
[2024-03-31T06:02:39.144+0000] {logging_mixin.py:188} INFO - [2024-03-31T06:02:39.144+0000] {dagbag.py:540} INFO - Filling up the DagBag from /home/airflow/.local/lib/python3.8/site-packages/airflow/example_dags/example_branch_labels.py
[2024-03-31T06:02:39.153+0000] {processor.py:840} INFO - DAG(s) 'example_branch_labels' retrieved from /home/airflow/.local/lib/python3.8/site-packages/airflow/example_dags/example_branch_labels.py
[2024-03-31T06:02:39.165+0000] {logging_mixin.py:188} INFO - [2024-03-31T06:02:39.164+0000] {dag.py:3047} INFO - Sync 1 DAGs
[2024-03-31T06:02:39.191+0000] {logging_mixin.py:188} INFO - [2024-03-31T06:02:39.191+0000] {dag.py:3834} INFO - Setting next_dagrun for example_branch_labels to 2024-03-30 00:00:00+00:00, run_after=2024-03-31 00:00:00+00:00
[2024-03-31T06:02:39.227+0000] {processor.py:183} INFO - Processing /home/airflow/.local/lib/python3.8/site-packages/airflow/example_dags/example_branch_labels.py took 0.088 seconds
[2024-03-31T06:03:09.435+0000] {processor.py:161} INFO - Started process (PID=379) to work on /home/airflow/.local/lib/python3.8/site-packages/airflow/example_dags/example_branch_labels.py
[2024-03-31T06:03:09.436+0000] {processor.py:830} INFO - Processing file /home/airflow/.local/lib/python3.8/site-packages/airflow/example_dags/example_branch_labels.py for tasks to queue
[2024-03-31T06:03:09.438+0000] {logging_mixin.py:188} INFO - [2024-03-31T06:03:09.437+0000] {dagbag.py:540} INFO - Filling up the DagBag from /home/airflow/.local/lib/python3.8/site-packages/airflow/example_dags/example_branch_labels.py
[2024-03-31T06:03:09.453+0000] {processor.py:840} INFO - DAG(s) 'example_branch_labels' retrieved from /home/airflow/.local/lib/python3.8/site-packages/airflow/example_dags/example_branch_labels.py
[2024-03-31T06:03:09.567+0000] {logging_mixin.py:188} INFO - [2024-03-31T06:03:09.567+0000] {dag.py:3047} INFO - Sync 1 DAGs
[2024-03-31T06:03:09.591+0000] {logging_mixin.py:188} INFO - [2024-03-31T06:03:09.590+0000] {dag.py:3834} INFO - Setting next_dagrun for example_branch_labels to 2024-03-30 00:00:00+00:00, run_after=2024-03-31 00:00:00+00:00
[2024-03-31T06:03:09.610+0000] {processor.py:183} INFO - Processing /home/airflow/.local/lib/python3.8/site-packages/airflow/example_dags/example_branch_labels.py took 0.177 seconds
[2024-03-31T06:03:40.259+0000] {processor.py:161} INFO - Started process (PID=431) to work on /home/airflow/.local/lib/python3.8/site-packages/airflow/example_dags/example_branch_labels.py
[2024-03-31T06:03:40.260+0000] {processor.py:830} INFO - Processing file /home/airflow/.local/lib/python3.8/site-packages/airflow/example_dags/example_branch_labels.py for tasks to queue
[2024-03-31T06:03:40.261+0000] {logging_mixin.py:188} INFO - [2024-03-31T06:03:40.261+0000] {dagbag.py:540} INFO - Filling up the DagBag from /home/airflow/.local/lib/python3.8/site-packages/airflow/example_dags/example_branch_labels.py
[2024-03-31T06:03:40.272+0000] {processor.py:840} INFO - DAG(s) 'example_branch_labels' retrieved from /home/airflow/.local/lib/python3.8/site-packages/airflow/example_dags/example_branch_labels.py
[2024-03-31T06:03:40.302+0000] {logging_mixin.py:188} INFO - [2024-03-31T06:03:40.301+0000] {dag.py:3047} INFO - Sync 1 DAGs
[2024-03-31T06:03:40.328+0000] {logging_mixin.py:188} INFO - [2024-03-31T06:03:40.328+0000] {dag.py:3834} INFO - Setting next_dagrun for example_branch_labels to 2024-03-30 00:00:00+00:00, run_after=2024-03-31 00:00:00+00:00
[2024-03-31T06:03:40.353+0000] {processor.py:183} INFO - Processing /home/airflow/.local/lib/python3.8/site-packages/airflow/example_dags/example_branch_labels.py took 0.096 seconds
[2024-03-31T06:04:10.653+0000] {processor.py:161} INFO - Started process (PID=487) to work on /home/airflow/.local/lib/python3.8/site-packages/airflow/example_dags/example_branch_labels.py
[2024-03-31T06:04:10.654+0000] {processor.py:830} INFO - Processing file /home/airflow/.local/lib/python3.8/site-packages/airflow/example_dags/example_branch_labels.py for tasks to queue
[2024-03-31T06:04:10.656+0000] {logging_mixin.py:188} INFO - [2024-03-31T06:04:10.655+0000] {dagbag.py:540} INFO - Filling up the DagBag from /home/airflow/.local/lib/python3.8/site-packages/airflow/example_dags/example_branch_labels.py
[2024-03-31T06:04:10.668+0000] {processor.py:840} INFO - DAG(s) 'example_branch_labels' retrieved from /home/airflow/.local/lib/python3.8/site-packages/airflow/example_dags/example_branch_labels.py
[2024-03-31T06:04:10.693+0000] {logging_mixin.py:188} INFO - [2024-03-31T06:04:10.693+0000] {dag.py:3047} INFO - Sync 1 DAGs
[2024-03-31T06:04:10.722+0000] {logging_mixin.py:188} INFO - [2024-03-31T06:04:10.721+0000] {dag.py:3834} INFO - Setting next_dagrun for example_branch_labels to 2024-03-30 00:00:00+00:00, run_after=2024-03-31 00:00:00+00:00
[2024-03-31T06:04:10.746+0000] {processor.py:183} INFO - Processing /home/airflow/.local/lib/python3.8/site-packages/airflow/example_dags/example_branch_labels.py took 0.096 seconds
[2024-03-31T06:04:40.869+0000] {processor.py:161} INFO - Started process (PID=544) to work on /home/airflow/.local/lib/python3.8/site-packages/airflow/example_dags/example_branch_labels.py
[2024-03-31T06:04:40.870+0000] {processor.py:830} INFO - Processing file /home/airflow/.local/lib/python3.8/site-packages/airflow/example_dags/example_branch_labels.py for tasks to queue
[2024-03-31T06:04:40.873+0000] {logging_mixin.py:188} INFO - [2024-03-31T06:04:40.872+0000] {dagbag.py:540} INFO - Filling up the DagBag from /home/airflow/.local/lib/python3.8/site-packages/airflow/example_dags/example_branch_labels.py
[2024-03-31T06:04:40.883+0000] {processor.py:840} INFO - DAG(s) 'example_branch_labels' retrieved from /home/airflow/.local/lib/python3.8/site-packages/airflow/example_dags/example_branch_labels.py
[2024-03-31T06:04:40.906+0000] {logging_mixin.py:188} INFO - [2024-03-31T06:04:40.905+0000] {dag.py:3047} INFO - Sync 1 DAGs
[2024-03-31T06:04:40.951+0000] {logging_mixin.py:188} INFO - [2024-03-31T06:04:40.951+0000] {dag.py:3834} INFO - Setting next_dagrun for example_branch_labels to 2024-03-30 00:00:00+00:00, run_after=2024-03-31 00:00:00+00:00
[2024-03-31T06:04:41.014+0000] {processor.py:183} INFO - Processing /home/airflow/.local/lib/python3.8/site-packages/airflow/example_dags/example_branch_labels.py took 0.148 seconds
[2024-03-31T06:05:11.287+0000] {processor.py:161} INFO - Started process (PID=606) to work on /home/airflow/.local/lib/python3.8/site-packages/airflow/example_dags/example_branch_labels.py
[2024-03-31T06:05:11.290+0000] {processor.py:830} INFO - Processing file /home/airflow/.local/lib/python3.8/site-packages/airflow/example_dags/example_branch_labels.py for tasks to queue
[2024-03-31T06:05:11.295+0000] {logging_mixin.py:188} INFO - [2024-03-31T06:05:11.295+0000] {dagbag.py:540} INFO - Filling up the DagBag from /home/airflow/.local/lib/python3.8/site-packages/airflow/example_dags/example_branch_labels.py
[2024-03-31T06:05:11.308+0000] {processor.py:840} INFO - DAG(s) 'example_branch_labels' retrieved from /home/airflow/.local/lib/python3.8/site-packages/airflow/example_dags/example_branch_labels.py
[2024-03-31T06:05:11.357+0000] {logging_mixin.py:188} INFO - [2024-03-31T06:05:11.356+0000] {dag.py:3047} INFO - Sync 1 DAGs
[2024-03-31T06:05:11.403+0000] {logging_mixin.py:188} INFO - [2024-03-31T06:05:11.403+0000] {dag.py:3834} INFO - Setting next_dagrun for example_branch_labels to 2024-03-30 00:00:00+00:00, run_after=2024-03-31 00:00:00+00:00
[2024-03-31T06:05:11.436+0000] {processor.py:183} INFO - Processing /home/airflow/.local/lib/python3.8/site-packages/airflow/example_dags/example_branch_labels.py took 0.153 seconds
[2024-03-31T06:05:42.393+0000] {processor.py:161} INFO - Started process (PID=661) to work on /home/airflow/.local/lib/python3.8/site-packages/airflow/example_dags/example_branch_labels.py
[2024-03-31T06:05:42.394+0000] {processor.py:830} INFO - Processing file /home/airflow/.local/lib/python3.8/site-packages/airflow/example_dags/example_branch_labels.py for tasks to queue
[2024-03-31T06:05:42.398+0000] {logging_mixin.py:188} INFO - [2024-03-31T06:05:42.398+0000] {dagbag.py:540} INFO - Filling up the DagBag from /home/airflow/.local/lib/python3.8/site-packages/airflow/example_dags/example_branch_labels.py
[2024-03-31T06:05:42.414+0000] {processor.py:840} INFO - DAG(s) 'example_branch_labels' retrieved from /home/airflow/.local/lib/python3.8/site-packages/airflow/example_dags/example_branch_labels.py
[2024-03-31T06:05:42.442+0000] {logging_mixin.py:188} INFO - [2024-03-31T06:05:42.442+0000] {dag.py:3047} INFO - Sync 1 DAGs
[2024-03-31T06:05:42.483+0000] {logging_mixin.py:188} INFO - [2024-03-31T06:05:42.483+0000] {dag.py:3834} INFO - Setting next_dagrun for example_branch_labels to 2024-03-30 00:00:00+00:00, run_after=2024-03-31 00:00:00+00:00
[2024-03-31T06:05:42.558+0000] {processor.py:183} INFO - Processing /home/airflow/.local/lib/python3.8/site-packages/airflow/example_dags/example_branch_labels.py took 0.168 seconds
[2024-03-31T06:06:12.854+0000] {processor.py:161} INFO - Started process (PID=717) to work on /home/airflow/.local/lib/python3.8/site-packages/airflow/example_dags/example_branch_labels.py
[2024-03-31T06:06:12.855+0000] {processor.py:830} INFO - Processing file /home/airflow/.local/lib/python3.8/site-packages/airflow/example_dags/example_branch_labels.py for tasks to queue
[2024-03-31T06:06:12.857+0000] {logging_mixin.py:188} INFO - [2024-03-31T06:06:12.856+0000] {dagbag.py:540} INFO - Filling up the DagBag from /home/airflow/.local/lib/python3.8/site-packages/airflow/example_dags/example_branch_labels.py
[2024-03-31T06:06:12.864+0000] {processor.py:840} INFO - DAG(s) 'example_branch_labels' retrieved from /home/airflow/.local/lib/python3.8/site-packages/airflow/example_dags/example_branch_labels.py
[2024-03-31T06:06:12.883+0000] {logging_mixin.py:188} INFO - [2024-03-31T06:06:12.882+0000] {dag.py:3047} INFO - Sync 1 DAGs
[2024-03-31T06:06:12.904+0000] {logging_mixin.py:188} INFO - [2024-03-31T06:06:12.904+0000] {dag.py:3834} INFO - Setting next_dagrun for example_branch_labels to 2024-03-30 00:00:00+00:00, run_after=2024-03-31 00:00:00+00:00
[2024-03-31T06:06:12.922+0000] {processor.py:183} INFO - Processing /home/airflow/.local/lib/python3.8/site-packages/airflow/example_dags/example_branch_labels.py took 0.070 seconds
[2024-03-31T06:06:43.386+0000] {processor.py:161} INFO - Started process (PID=773) to work on /home/airflow/.local/lib/python3.8/site-packages/airflow/example_dags/example_branch_labels.py
[2024-03-31T06:06:43.387+0000] {processor.py:830} INFO - Processing file /home/airflow/.local/lib/python3.8/site-packages/airflow/example_dags/example_branch_labels.py for tasks to queue
[2024-03-31T06:06:43.389+0000] {logging_mixin.py:188} INFO - [2024-03-31T06:06:43.389+0000] {dagbag.py:540} INFO - Filling up the DagBag from /home/airflow/.local/lib/python3.8/site-packages/airflow/example_dags/example_branch_labels.py
[2024-03-31T06:06:43.400+0000] {processor.py:840} INFO - DAG(s) 'example_branch_labels' retrieved from /home/airflow/.local/lib/python3.8/site-packages/airflow/example_dags/example_branch_labels.py
[2024-03-31T06:06:43.425+0000] {logging_mixin.py:188} INFO - [2024-03-31T06:06:43.424+0000] {dag.py:3047} INFO - Sync 1 DAGs
[2024-03-31T06:06:43.452+0000] {logging_mixin.py:188} INFO - [2024-03-31T06:06:43.452+0000] {dag.py:3834} INFO - Setting next_dagrun for example_branch_labels to 2024-03-30 00:00:00+00:00, run_after=2024-03-31 00:00:00+00:00
[2024-03-31T06:06:43.474+0000] {processor.py:183} INFO - Processing /home/airflow/.local/lib/python3.8/site-packages/airflow/example_dags/example_branch_labels.py took 0.090 seconds
[2024-03-31T06:07:14.169+0000] {processor.py:161} INFO - Started process (PID=830) to work on /home/airflow/.local/lib/python3.8/site-packages/airflow/example_dags/example_branch_labels.py
[2024-03-31T06:07:14.170+0000] {processor.py:830} INFO - Processing file /home/airflow/.local/lib/python3.8/site-packages/airflow/example_dags/example_branch_labels.py for tasks to queue
[2024-03-31T06:07:14.172+0000] {logging_mixin.py:188} INFO - [2024-03-31T06:07:14.172+0000] {dagbag.py:540} INFO - Filling up the DagBag from /home/airflow/.local/lib/python3.8/site-packages/airflow/example_dags/example_branch_labels.py
[2024-03-31T06:07:14.180+0000] {processor.py:840} INFO - DAG(s) 'example_branch_labels' retrieved from /home/airflow/.local/lib/python3.8/site-packages/airflow/example_dags/example_branch_labels.py
[2024-03-31T06:07:14.213+0000] {logging_mixin.py:188} INFO - [2024-03-31T06:07:14.212+0000] {dag.py:3047} INFO - Sync 1 DAGs
[2024-03-31T06:07:14.250+0000] {logging_mixin.py:188} INFO - [2024-03-31T06:07:14.250+0000] {dag.py:3834} INFO - Setting next_dagrun for example_branch_labels to 2024-03-30 00:00:00+00:00, run_after=2024-03-31 00:00:00+00:00
[2024-03-31T06:07:14.283+0000] {processor.py:183} INFO - Processing /home/airflow/.local/lib/python3.8/site-packages/airflow/example_dags/example_branch_labels.py took 0.116 seconds
[2024-03-31T06:07:44.452+0000] {processor.py:161} INFO - Started process (PID=886) to work on /home/airflow/.local/lib/python3.8/site-packages/airflow/example_dags/example_branch_labels.py
[2024-03-31T06:07:44.453+0000] {processor.py:830} INFO - Processing file /home/airflow/.local/lib/python3.8/site-packages/airflow/example_dags/example_branch_labels.py for tasks to queue
[2024-03-31T06:07:44.454+0000] {logging_mixin.py:188} INFO - [2024-03-31T06:07:44.454+0000] {dagbag.py:540} INFO - Filling up the DagBag from /home/airflow/.local/lib/python3.8/site-packages/airflow/example_dags/example_branch_labels.py
[2024-03-31T06:07:44.463+0000] {processor.py:840} INFO - DAG(s) 'example_branch_labels' retrieved from /home/airflow/.local/lib/python3.8/site-packages/airflow/example_dags/example_branch_labels.py
[2024-03-31T06:07:44.499+0000] {logging_mixin.py:188} INFO - [2024-03-31T06:07:44.499+0000] {dag.py:3047} INFO - Sync 1 DAGs
[2024-03-31T06:07:44.538+0000] {logging_mixin.py:188} INFO - [2024-03-31T06:07:44.538+0000] {dag.py:3834} INFO - Setting next_dagrun for example_branch_labels to 2024-03-30 00:00:00+00:00, run_after=2024-03-31 00:00:00+00:00
[2024-03-31T06:07:44.557+0000] {processor.py:183} INFO - Processing /home/airflow/.local/lib/python3.8/site-packages/airflow/example_dags/example_branch_labels.py took 0.107 seconds
[2024-03-31T06:08:14.839+0000] {processor.py:161} INFO - Started process (PID=943) to work on /home/airflow/.local/lib/python3.8/site-packages/airflow/example_dags/example_branch_labels.py
[2024-03-31T06:08:14.840+0000] {processor.py:830} INFO - Processing file /home/airflow/.local/lib/python3.8/site-packages/airflow/example_dags/example_branch_labels.py for tasks to queue
[2024-03-31T06:08:14.842+0000] {logging_mixin.py:188} INFO - [2024-03-31T06:08:14.842+0000] {dagbag.py:540} INFO - Filling up the DagBag from /home/airflow/.local/lib/python3.8/site-packages/airflow/example_dags/example_branch_labels.py
[2024-03-31T06:08:14.852+0000] {processor.py:840} INFO - DAG(s) 'example_branch_labels' retrieved from /home/airflow/.local/lib/python3.8/site-packages/airflow/example_dags/example_branch_labels.py
[2024-03-31T06:08:14.878+0000] {logging_mixin.py:188} INFO - [2024-03-31T06:08:14.876+0000] {dag.py:3047} INFO - Sync 1 DAGs
[2024-03-31T06:08:14.906+0000] {logging_mixin.py:188} INFO - [2024-03-31T06:08:14.906+0000] {dag.py:3834} INFO - Setting next_dagrun for example_branch_labels to 2024-03-30 00:00:00+00:00, run_after=2024-03-31 00:00:00+00:00
[2024-03-31T06:08:14.945+0000] {processor.py:183} INFO - Processing /home/airflow/.local/lib/python3.8/site-packages/airflow/example_dags/example_branch_labels.py took 0.109 seconds
[2024-03-31T06:08:45.248+0000] {processor.py:161} INFO - Started process (PID=1000) to work on /home/airflow/.local/lib/python3.8/site-packages/airflow/example_dags/example_branch_labels.py
[2024-03-31T06:08:45.249+0000] {processor.py:830} INFO - Processing file /home/airflow/.local/lib/python3.8/site-packages/airflow/example_dags/example_branch_labels.py for tasks to queue
[2024-03-31T06:08:45.251+0000] {logging_mixin.py:188} INFO - [2024-03-31T06:08:45.250+0000] {dagbag.py:540} INFO - Filling up the DagBag from /home/airflow/.local/lib/python3.8/site-packages/airflow/example_dags/example_branch_labels.py
[2024-03-31T06:08:45.258+0000] {processor.py:840} INFO - DAG(s) 'example_branch_labels' retrieved from /home/airflow/.local/lib/python3.8/site-packages/airflow/example_dags/example_branch_labels.py
[2024-03-31T06:08:45.286+0000] {logging_mixin.py:188} INFO - [2024-03-31T06:08:45.286+0000] {dag.py:3047} INFO - Sync 1 DAGs
[2024-03-31T06:08:45.318+0000] {logging_mixin.py:188} INFO - [2024-03-31T06:08:45.317+0000] {dag.py:3834} INFO - Setting next_dagrun for example_branch_labels to 2024-03-30 00:00:00+00:00, run_after=2024-03-31 00:00:00+00:00
[2024-03-31T06:08:45.345+0000] {processor.py:183} INFO - Processing /home/airflow/.local/lib/python3.8/site-packages/airflow/example_dags/example_branch_labels.py took 0.099 seconds
[2024-03-31T06:09:16.220+0000] {processor.py:161} INFO - Started process (PID=1055) to work on /home/airflow/.local/lib/python3.8/site-packages/airflow/example_dags/example_branch_labels.py
[2024-03-31T06:09:16.221+0000] {processor.py:830} INFO - Processing file /home/airflow/.local/lib/python3.8/site-packages/airflow/example_dags/example_branch_labels.py for tasks to queue
[2024-03-31T06:09:16.224+0000] {logging_mixin.py:188} INFO - [2024-03-31T06:09:16.223+0000] {dagbag.py:540} INFO - Filling up the DagBag from /home/airflow/.local/lib/python3.8/site-packages/airflow/example_dags/example_branch_labels.py
[2024-03-31T06:09:16.238+0000] {processor.py:840} INFO - DAG(s) 'example_branch_labels' retrieved from /home/airflow/.local/lib/python3.8/site-packages/airflow/example_dags/example_branch_labels.py
[2024-03-31T06:09:16.268+0000] {logging_mixin.py:188} INFO - [2024-03-31T06:09:16.268+0000] {dag.py:3047} INFO - Sync 1 DAGs
[2024-03-31T06:09:16.300+0000] {logging_mixin.py:188} INFO - [2024-03-31T06:09:16.300+0000] {dag.py:3834} INFO - Setting next_dagrun for example_branch_labels to 2024-03-30 00:00:00+00:00, run_after=2024-03-31 00:00:00+00:00
[2024-03-31T06:09:16.323+0000] {processor.py:183} INFO - Processing /home/airflow/.local/lib/python3.8/site-packages/airflow/example_dags/example_branch_labels.py took 0.106 seconds
[2024-03-31T06:09:46.419+0000] {processor.py:161} INFO - Started process (PID=1111) to work on /home/airflow/.local/lib/python3.8/site-packages/airflow/example_dags/example_branch_labels.py
[2024-03-31T06:09:46.420+0000] {processor.py:830} INFO - Processing file /home/airflow/.local/lib/python3.8/site-packages/airflow/example_dags/example_branch_labels.py for tasks to queue
[2024-03-31T06:09:46.421+0000] {logging_mixin.py:188} INFO - [2024-03-31T06:09:46.421+0000] {dagbag.py:540} INFO - Filling up the DagBag from /home/airflow/.local/lib/python3.8/site-packages/airflow/example_dags/example_branch_labels.py
[2024-03-31T06:09:46.431+0000] {processor.py:840} INFO - DAG(s) 'example_branch_labels' retrieved from /home/airflow/.local/lib/python3.8/site-packages/airflow/example_dags/example_branch_labels.py
[2024-03-31T06:09:46.462+0000] {logging_mixin.py:188} INFO - [2024-03-31T06:09:46.460+0000] {dag.py:3047} INFO - Sync 1 DAGs
[2024-03-31T06:09:46.494+0000] {logging_mixin.py:188} INFO - [2024-03-31T06:09:46.494+0000] {dag.py:3834} INFO - Setting next_dagrun for example_branch_labels to 2024-03-30 00:00:00+00:00, run_after=2024-03-31 00:00:00+00:00
[2024-03-31T06:09:46.515+0000] {processor.py:183} INFO - Processing /home/airflow/.local/lib/python3.8/site-packages/airflow/example_dags/example_branch_labels.py took 0.099 seconds
[2024-03-31T06:10:16.888+0000] {processor.py:161} INFO - Started process (PID=1167) to work on /home/airflow/.local/lib/python3.8/site-packages/airflow/example_dags/example_branch_labels.py
[2024-03-31T06:10:16.889+0000] {processor.py:830} INFO - Processing file /home/airflow/.local/lib/python3.8/site-packages/airflow/example_dags/example_branch_labels.py for tasks to queue
[2024-03-31T06:10:16.893+0000] {logging_mixin.py:188} INFO - [2024-03-31T06:10:16.892+0000] {dagbag.py:540} INFO - Filling up the DagBag from /home/airflow/.local/lib/python3.8/site-packages/airflow/example_dags/example_branch_labels.py
[2024-03-31T06:10:16.900+0000] {processor.py:840} INFO - DAG(s) 'example_branch_labels' retrieved from /home/airflow/.local/lib/python3.8/site-packages/airflow/example_dags/example_branch_labels.py
[2024-03-31T06:10:16.927+0000] {logging_mixin.py:188} INFO - [2024-03-31T06:10:16.927+0000] {dag.py:3047} INFO - Sync 1 DAGs
[2024-03-31T06:10:16.961+0000] {logging_mixin.py:188} INFO - [2024-03-31T06:10:16.961+0000] {dag.py:3834} INFO - Setting next_dagrun for example_branch_labels to 2024-03-30 00:00:00+00:00, run_after=2024-03-31 00:00:00+00:00
[2024-03-31T06:10:16.986+0000] {processor.py:183} INFO - Processing /home/airflow/.local/lib/python3.8/site-packages/airflow/example_dags/example_branch_labels.py took 0.100 seconds
[2024-03-31T06:10:47.305+0000] {processor.py:161} INFO - Started process (PID=1223) to work on /home/airflow/.local/lib/python3.8/site-packages/airflow/example_dags/example_branch_labels.py
[2024-03-31T06:10:47.306+0000] {processor.py:830} INFO - Processing file /home/airflow/.local/lib/python3.8/site-packages/airflow/example_dags/example_branch_labels.py for tasks to queue
[2024-03-31T06:10:47.310+0000] {logging_mixin.py:188} INFO - [2024-03-31T06:10:47.309+0000] {dagbag.py:540} INFO - Filling up the DagBag from /home/airflow/.local/lib/python3.8/site-packages/airflow/example_dags/example_branch_labels.py
[2024-03-31T06:10:47.317+0000] {processor.py:840} INFO - DAG(s) 'example_branch_labels' retrieved from /home/airflow/.local/lib/python3.8/site-packages/airflow/example_dags/example_branch_labels.py
[2024-03-31T06:10:47.338+0000] {logging_mixin.py:188} INFO - [2024-03-31T06:10:47.338+0000] {dag.py:3047} INFO - Sync 1 DAGs
[2024-03-31T06:10:47.361+0000] {logging_mixin.py:188} INFO - [2024-03-31T06:10:47.361+0000] {dag.py:3834} INFO - Setting next_dagrun for example_branch_labels to 2024-03-30 00:00:00+00:00, run_after=2024-03-31 00:00:00+00:00
[2024-03-31T06:10:47.384+0000] {processor.py:183} INFO - Processing /home/airflow/.local/lib/python3.8/site-packages/airflow/example_dags/example_branch_labels.py took 0.081 seconds
[2024-03-31T06:11:17.959+0000] {processor.py:161} INFO - Started process (PID=1279) to work on /home/airflow/.local/lib/python3.8/site-packages/airflow/example_dags/example_branch_labels.py
[2024-03-31T06:11:17.960+0000] {processor.py:830} INFO - Processing file /home/airflow/.local/lib/python3.8/site-packages/airflow/example_dags/example_branch_labels.py for tasks to queue
[2024-03-31T06:11:17.962+0000] {logging_mixin.py:188} INFO - [2024-03-31T06:11:17.962+0000] {dagbag.py:540} INFO - Filling up the DagBag from /home/airflow/.local/lib/python3.8/site-packages/airflow/example_dags/example_branch_labels.py
[2024-03-31T06:11:17.969+0000] {processor.py:840} INFO - DAG(s) 'example_branch_labels' retrieved from /home/airflow/.local/lib/python3.8/site-packages/airflow/example_dags/example_branch_labels.py
[2024-03-31T06:11:17.998+0000] {logging_mixin.py:188} INFO - [2024-03-31T06:11:17.997+0000] {dag.py:3047} INFO - Sync 1 DAGs
[2024-03-31T06:11:18.024+0000] {logging_mixin.py:188} INFO - [2024-03-31T06:11:18.023+0000] {dag.py:3834} INFO - Setting next_dagrun for example_branch_labels to 2024-03-30 00:00:00+00:00, run_after=2024-03-31 00:00:00+00:00
[2024-03-31T06:11:18.050+0000] {processor.py:183} INFO - Processing /home/airflow/.local/lib/python3.8/site-packages/airflow/example_dags/example_branch_labels.py took 0.095 seconds
[2024-03-31T06:11:48.783+0000] {processor.py:161} INFO - Started process (PID=1336) to work on /home/airflow/.local/lib/python3.8/site-packages/airflow/example_dags/example_branch_labels.py
[2024-03-31T06:11:48.784+0000] {processor.py:830} INFO - Processing file /home/airflow/.local/lib/python3.8/site-packages/airflow/example_dags/example_branch_labels.py for tasks to queue
[2024-03-31T06:11:48.786+0000] {logging_mixin.py:188} INFO - [2024-03-31T06:11:48.786+0000] {dagbag.py:540} INFO - Filling up the DagBag from /home/airflow/.local/lib/python3.8/site-packages/airflow/example_dags/example_branch_labels.py
[2024-03-31T06:11:48.800+0000] {processor.py:840} INFO - DAG(s) 'example_branch_labels' retrieved from /home/airflow/.local/lib/python3.8/site-packages/airflow/example_dags/example_branch_labels.py
[2024-03-31T06:11:48.848+0000] {logging_mixin.py:188} INFO - [2024-03-31T06:11:48.847+0000] {dag.py:3047} INFO - Sync 1 DAGs
[2024-03-31T06:11:48.878+0000] {logging_mixin.py:188} INFO - [2024-03-31T06:11:48.878+0000] {dag.py:3834} INFO - Setting next_dagrun for example_branch_labels to 2024-03-30 00:00:00+00:00, run_after=2024-03-31 00:00:00+00:00
[2024-03-31T06:11:48.899+0000] {processor.py:183} INFO - Processing /home/airflow/.local/lib/python3.8/site-packages/airflow/example_dags/example_branch_labels.py took 0.119 seconds
[2024-03-31T06:12:19.881+0000] {processor.py:161} INFO - Started process (PID=1392) to work on /home/airflow/.local/lib/python3.8/site-packages/airflow/example_dags/example_branch_labels.py
[2024-03-31T06:12:19.883+0000] {processor.py:830} INFO - Processing file /home/airflow/.local/lib/python3.8/site-packages/airflow/example_dags/example_branch_labels.py for tasks to queue
[2024-03-31T06:12:19.885+0000] {logging_mixin.py:188} INFO - [2024-03-31T06:12:19.885+0000] {dagbag.py:540} INFO - Filling up the DagBag from /home/airflow/.local/lib/python3.8/site-packages/airflow/example_dags/example_branch_labels.py
[2024-03-31T06:12:19.908+0000] {processor.py:840} INFO - DAG(s) 'example_branch_labels' retrieved from /home/airflow/.local/lib/python3.8/site-packages/airflow/example_dags/example_branch_labels.py
[2024-03-31T06:12:19.947+0000] {logging_mixin.py:188} INFO - [2024-03-31T06:12:19.946+0000] {dag.py:3047} INFO - Sync 1 DAGs
[2024-03-31T06:12:20.029+0000] {logging_mixin.py:188} INFO - [2024-03-31T06:12:20.029+0000] {dag.py:3834} INFO - Setting next_dagrun for example_branch_labels to 2024-03-30 00:00:00+00:00, run_after=2024-03-31 00:00:00+00:00
[2024-03-31T06:12:20.098+0000] {processor.py:183} INFO - Processing /home/airflow/.local/lib/python3.8/site-packages/airflow/example_dags/example_branch_labels.py took 0.220 seconds
[2024-03-31T06:13:49.857+0000] {processor.py:161} INFO - Started process (PID=92) to work on /home/airflow/.local/lib/python3.8/site-packages/airflow/example_dags/example_branch_labels.py
[2024-03-31T06:13:49.858+0000] {processor.py:830} INFO - Processing file /home/airflow/.local/lib/python3.8/site-packages/airflow/example_dags/example_branch_labels.py for tasks to queue
[2024-03-31T06:13:49.862+0000] {logging_mixin.py:188} INFO - [2024-03-31T06:13:49.862+0000] {dagbag.py:540} INFO - Filling up the DagBag from /home/airflow/.local/lib/python3.8/site-packages/airflow/example_dags/example_branch_labels.py
[2024-03-31T06:13:49.892+0000] {processor.py:840} INFO - DAG(s) 'example_branch_labels' retrieved from /home/airflow/.local/lib/python3.8/site-packages/airflow/example_dags/example_branch_labels.py
[2024-03-31T06:13:49.923+0000] {logging_mixin.py:188} INFO - [2024-03-31T06:13:49.922+0000] {dag.py:3047} INFO - Sync 1 DAGs
[2024-03-31T06:13:50.037+0000] {logging_mixin.py:188} INFO - [2024-03-31T06:13:50.036+0000] {dag.py:3834} INFO - Setting next_dagrun for example_branch_labels to 2024-03-30 00:00:00+00:00, run_after=2024-03-31 00:00:00+00:00
[2024-03-31T06:13:50.131+0000] {processor.py:183} INFO - Processing /home/airflow/.local/lib/python3.8/site-packages/airflow/example_dags/example_branch_labels.py took 0.278 seconds
