[2024-03-31T06:00:15.994+0000] {processor.py:161} INFO - Started process (PID=56) to work on /home/airflow/.local/lib/python3.8/site-packages/airflow/example_dags/example_sensors.py
[2024-03-31T06:00:15.996+0000] {processor.py:830} INFO - Processing file /home/airflow/.local/lib/python3.8/site-packages/airflow/example_dags/example_sensors.py for tasks to queue
[2024-03-31T06:00:15.998+0000] {logging_mixin.py:188} INFO - [2024-03-31T06:00:15.998+0000] {dagbag.py:540} INFO - Filling up the DagBag from /home/airflow/.local/lib/python3.8/site-packages/airflow/example_dags/example_sensors.py
[2024-03-31T06:00:16.040+0000] {processor.py:840} INFO - DAG(s) 'example_sensors' retrieved from /home/airflow/.local/lib/python3.8/site-packages/airflow/example_dags/example_sensors.py
[2024-03-31T06:00:16.612+0000] {logging_mixin.py:188} INFO - [2024-03-31T06:00:16.612+0000] {dag.py:3047} INFO - Sync 1 DAGs
[2024-03-31T06:00:16.737+0000] {logging_mixin.py:188} INFO - [2024-03-31T06:00:16.737+0000] {dag.py:3834} INFO - Setting next_dagrun for example_sensors to None, run_after=None
[2024-03-31T06:00:16.961+0000] {processor.py:183} INFO - Processing /home/airflow/.local/lib/python3.8/site-packages/airflow/example_dags/example_sensors.py took 0.718 seconds
[2024-03-31T06:00:47.288+0000] {processor.py:161} INFO - Started process (PID=111) to work on /home/airflow/.local/lib/python3.8/site-packages/airflow/example_dags/example_sensors.py
[2024-03-31T06:00:47.290+0000] {processor.py:830} INFO - Processing file /home/airflow/.local/lib/python3.8/site-packages/airflow/example_dags/example_sensors.py for tasks to queue
[2024-03-31T06:00:47.301+0000] {logging_mixin.py:188} INFO - [2024-03-31T06:00:47.301+0000] {dagbag.py:540} INFO - Filling up the DagBag from /home/airflow/.local/lib/python3.8/site-packages/airflow/example_dags/example_sensors.py
[2024-03-31T06:00:47.311+0000] {processor.py:840} INFO - DAG(s) 'example_sensors' retrieved from /home/airflow/.local/lib/python3.8/site-packages/airflow/example_dags/example_sensors.py
[2024-03-31T06:00:47.337+0000] {logging_mixin.py:188} INFO - [2024-03-31T06:00:47.337+0000] {dag.py:3047} INFO - Sync 1 DAGs
[2024-03-31T06:00:47.349+0000] {logging_mixin.py:188} INFO - [2024-03-31T06:00:47.349+0000] {dag.py:3834} INFO - Setting next_dagrun for example_sensors to None, run_after=None
[2024-03-31T06:00:47.368+0000] {processor.py:183} INFO - Processing /home/airflow/.local/lib/python3.8/site-packages/airflow/example_dags/example_sensors.py took 0.084 seconds
[2024-03-31T06:01:18.153+0000] {processor.py:161} INFO - Started process (PID=167) to work on /home/airflow/.local/lib/python3.8/site-packages/airflow/example_dags/example_sensors.py
[2024-03-31T06:01:18.156+0000] {processor.py:830} INFO - Processing file /home/airflow/.local/lib/python3.8/site-packages/airflow/example_dags/example_sensors.py for tasks to queue
[2024-03-31T06:01:18.161+0000] {logging_mixin.py:188} INFO - [2024-03-31T06:01:18.160+0000] {dagbag.py:540} INFO - Filling up the DagBag from /home/airflow/.local/lib/python3.8/site-packages/airflow/example_dags/example_sensors.py
[2024-03-31T06:01:18.191+0000] {processor.py:840} INFO - DAG(s) 'example_sensors' retrieved from /home/airflow/.local/lib/python3.8/site-packages/airflow/example_dags/example_sensors.py
[2024-03-31T06:01:18.207+0000] {logging_mixin.py:188} INFO - [2024-03-31T06:01:18.207+0000] {dag.py:3047} INFO - Sync 1 DAGs
[2024-03-31T06:01:18.237+0000] {logging_mixin.py:188} INFO - [2024-03-31T06:01:18.237+0000] {dag.py:3834} INFO - Setting next_dagrun for example_sensors to None, run_after=None
[2024-03-31T06:01:18.280+0000] {processor.py:183} INFO - Processing /home/airflow/.local/lib/python3.8/site-packages/airflow/example_dags/example_sensors.py took 0.134 seconds
[2024-03-31T06:01:49.085+0000] {processor.py:161} INFO - Started process (PID=223) to work on /home/airflow/.local/lib/python3.8/site-packages/airflow/example_dags/example_sensors.py
[2024-03-31T06:01:49.087+0000] {processor.py:830} INFO - Processing file /home/airflow/.local/lib/python3.8/site-packages/airflow/example_dags/example_sensors.py for tasks to queue
[2024-03-31T06:01:49.091+0000] {logging_mixin.py:188} INFO - [2024-03-31T06:01:49.091+0000] {dagbag.py:540} INFO - Filling up the DagBag from /home/airflow/.local/lib/python3.8/site-packages/airflow/example_dags/example_sensors.py
[2024-03-31T06:01:49.112+0000] {processor.py:840} INFO - DAG(s) 'example_sensors' retrieved from /home/airflow/.local/lib/python3.8/site-packages/airflow/example_dags/example_sensors.py
[2024-03-31T06:01:49.125+0000] {logging_mixin.py:188} INFO - [2024-03-31T06:01:49.125+0000] {dag.py:3047} INFO - Sync 1 DAGs
[2024-03-31T06:01:49.142+0000] {logging_mixin.py:188} INFO - [2024-03-31T06:01:49.142+0000] {dag.py:3834} INFO - Setting next_dagrun for example_sensors to None, run_after=None
[2024-03-31T06:01:49.163+0000] {processor.py:183} INFO - Processing /home/airflow/.local/lib/python3.8/site-packages/airflow/example_dags/example_sensors.py took 0.085 seconds
[2024-03-31T06:02:19.346+0000] {processor.py:161} INFO - Started process (PID=279) to work on /home/airflow/.local/lib/python3.8/site-packages/airflow/example_dags/example_sensors.py
[2024-03-31T06:02:19.349+0000] {processor.py:830} INFO - Processing file /home/airflow/.local/lib/python3.8/site-packages/airflow/example_dags/example_sensors.py for tasks to queue
[2024-03-31T06:02:19.352+0000] {logging_mixin.py:188} INFO - [2024-03-31T06:02:19.352+0000] {dagbag.py:540} INFO - Filling up the DagBag from /home/airflow/.local/lib/python3.8/site-packages/airflow/example_dags/example_sensors.py
[2024-03-31T06:02:19.376+0000] {processor.py:840} INFO - DAG(s) 'example_sensors' retrieved from /home/airflow/.local/lib/python3.8/site-packages/airflow/example_dags/example_sensors.py
[2024-03-31T06:02:19.395+0000] {logging_mixin.py:188} INFO - [2024-03-31T06:02:19.395+0000] {dag.py:3047} INFO - Sync 1 DAGs
[2024-03-31T06:02:19.422+0000] {logging_mixin.py:188} INFO - [2024-03-31T06:02:19.422+0000] {dag.py:3834} INFO - Setting next_dagrun for example_sensors to None, run_after=None
[2024-03-31T06:02:19.460+0000] {processor.py:183} INFO - Processing /home/airflow/.local/lib/python3.8/site-packages/airflow/example_dags/example_sensors.py took 0.116 seconds
[2024-03-31T06:02:49.519+0000] {processor.py:161} INFO - Started process (PID=335) to work on /home/airflow/.local/lib/python3.8/site-packages/airflow/example_dags/example_sensors.py
[2024-03-31T06:02:49.520+0000] {processor.py:830} INFO - Processing file /home/airflow/.local/lib/python3.8/site-packages/airflow/example_dags/example_sensors.py for tasks to queue
[2024-03-31T06:02:49.522+0000] {logging_mixin.py:188} INFO - [2024-03-31T06:02:49.521+0000] {dagbag.py:540} INFO - Filling up the DagBag from /home/airflow/.local/lib/python3.8/site-packages/airflow/example_dags/example_sensors.py
[2024-03-31T06:02:49.530+0000] {processor.py:840} INFO - DAG(s) 'example_sensors' retrieved from /home/airflow/.local/lib/python3.8/site-packages/airflow/example_dags/example_sensors.py
[2024-03-31T06:02:49.709+0000] {logging_mixin.py:188} INFO - [2024-03-31T06:02:49.709+0000] {dag.py:3047} INFO - Sync 1 DAGs
[2024-03-31T06:02:49.729+0000] {logging_mixin.py:188} INFO - [2024-03-31T06:02:49.728+0000] {dag.py:3834} INFO - Setting next_dagrun for example_sensors to None, run_after=None
[2024-03-31T06:02:49.808+0000] {processor.py:183} INFO - Processing /home/airflow/.local/lib/python3.8/site-packages/airflow/example_dags/example_sensors.py took 0.292 seconds
[2024-03-31T06:03:19.989+0000] {processor.py:161} INFO - Started process (PID=391) to work on /home/airflow/.local/lib/python3.8/site-packages/airflow/example_dags/example_sensors.py
[2024-03-31T06:03:19.990+0000] {processor.py:830} INFO - Processing file /home/airflow/.local/lib/python3.8/site-packages/airflow/example_dags/example_sensors.py for tasks to queue
[2024-03-31T06:03:19.991+0000] {logging_mixin.py:188} INFO - [2024-03-31T06:03:19.991+0000] {dagbag.py:540} INFO - Filling up the DagBag from /home/airflow/.local/lib/python3.8/site-packages/airflow/example_dags/example_sensors.py
[2024-03-31T06:03:20.002+0000] {processor.py:840} INFO - DAG(s) 'example_sensors' retrieved from /home/airflow/.local/lib/python3.8/site-packages/airflow/example_dags/example_sensors.py
[2024-03-31T06:03:20.027+0000] {logging_mixin.py:188} INFO - [2024-03-31T06:03:20.027+0000] {dag.py:3047} INFO - Sync 1 DAGs
[2024-03-31T06:03:20.041+0000] {logging_mixin.py:188} INFO - [2024-03-31T06:03:20.041+0000] {dag.py:3834} INFO - Setting next_dagrun for example_sensors to None, run_after=None
[2024-03-31T06:03:20.062+0000] {processor.py:183} INFO - Processing /home/airflow/.local/lib/python3.8/site-packages/airflow/example_dags/example_sensors.py took 0.075 seconds
[2024-03-31T06:03:50.957+0000] {processor.py:161} INFO - Started process (PID=447) to work on /home/airflow/.local/lib/python3.8/site-packages/airflow/example_dags/example_sensors.py
[2024-03-31T06:03:50.958+0000] {processor.py:830} INFO - Processing file /home/airflow/.local/lib/python3.8/site-packages/airflow/example_dags/example_sensors.py for tasks to queue
[2024-03-31T06:03:50.959+0000] {logging_mixin.py:188} INFO - [2024-03-31T06:03:50.959+0000] {dagbag.py:540} INFO - Filling up the DagBag from /home/airflow/.local/lib/python3.8/site-packages/airflow/example_dags/example_sensors.py
[2024-03-31T06:03:50.968+0000] {processor.py:840} INFO - DAG(s) 'example_sensors' retrieved from /home/airflow/.local/lib/python3.8/site-packages/airflow/example_dags/example_sensors.py
[2024-03-31T06:03:50.998+0000] {logging_mixin.py:188} INFO - [2024-03-31T06:03:50.995+0000] {dag.py:3047} INFO - Sync 1 DAGs
[2024-03-31T06:03:51.010+0000] {logging_mixin.py:188} INFO - [2024-03-31T06:03:51.009+0000] {dag.py:3834} INFO - Setting next_dagrun for example_sensors to None, run_after=None
[2024-03-31T06:03:51.033+0000] {processor.py:183} INFO - Processing /home/airflow/.local/lib/python3.8/site-packages/airflow/example_dags/example_sensors.py took 0.079 seconds
[2024-03-31T06:04:21.269+0000] {processor.py:161} INFO - Started process (PID=503) to work on /home/airflow/.local/lib/python3.8/site-packages/airflow/example_dags/example_sensors.py
[2024-03-31T06:04:21.270+0000] {processor.py:830} INFO - Processing file /home/airflow/.local/lib/python3.8/site-packages/airflow/example_dags/example_sensors.py for tasks to queue
[2024-03-31T06:04:21.273+0000] {logging_mixin.py:188} INFO - [2024-03-31T06:04:21.273+0000] {dagbag.py:540} INFO - Filling up the DagBag from /home/airflow/.local/lib/python3.8/site-packages/airflow/example_dags/example_sensors.py
[2024-03-31T06:04:21.285+0000] {processor.py:840} INFO - DAG(s) 'example_sensors' retrieved from /home/airflow/.local/lib/python3.8/site-packages/airflow/example_dags/example_sensors.py
[2024-03-31T06:04:21.323+0000] {logging_mixin.py:188} INFO - [2024-03-31T06:04:21.322+0000] {dag.py:3047} INFO - Sync 1 DAGs
[2024-03-31T06:04:21.340+0000] {logging_mixin.py:188} INFO - [2024-03-31T06:04:21.340+0000] {dag.py:3834} INFO - Setting next_dagrun for example_sensors to None, run_after=None
[2024-03-31T06:04:21.374+0000] {processor.py:183} INFO - Processing /home/airflow/.local/lib/python3.8/site-packages/airflow/example_dags/example_sensors.py took 0.107 seconds
[2024-03-31T06:04:51.735+0000] {processor.py:161} INFO - Started process (PID=559) to work on /home/airflow/.local/lib/python3.8/site-packages/airflow/example_dags/example_sensors.py
[2024-03-31T06:04:51.737+0000] {processor.py:830} INFO - Processing file /home/airflow/.local/lib/python3.8/site-packages/airflow/example_dags/example_sensors.py for tasks to queue
[2024-03-31T06:04:51.740+0000] {logging_mixin.py:188} INFO - [2024-03-31T06:04:51.739+0000] {dagbag.py:540} INFO - Filling up the DagBag from /home/airflow/.local/lib/python3.8/site-packages/airflow/example_dags/example_sensors.py
[2024-03-31T06:04:51.758+0000] {processor.py:840} INFO - DAG(s) 'example_sensors' retrieved from /home/airflow/.local/lib/python3.8/site-packages/airflow/example_dags/example_sensors.py
[2024-03-31T06:04:51.803+0000] {logging_mixin.py:188} INFO - [2024-03-31T06:04:51.803+0000] {dag.py:3047} INFO - Sync 1 DAGs
[2024-03-31T06:04:51.867+0000] {logging_mixin.py:188} INFO - [2024-03-31T06:04:51.866+0000] {dag.py:3834} INFO - Setting next_dagrun for example_sensors to None, run_after=None
[2024-03-31T06:04:51.900+0000] {processor.py:183} INFO - Processing /home/airflow/.local/lib/python3.8/site-packages/airflow/example_dags/example_sensors.py took 0.169 seconds
[2024-03-31T06:05:22.307+0000] {processor.py:161} INFO - Started process (PID=615) to work on /home/airflow/.local/lib/python3.8/site-packages/airflow/example_dags/example_sensors.py
[2024-03-31T06:05:22.308+0000] {processor.py:830} INFO - Processing file /home/airflow/.local/lib/python3.8/site-packages/airflow/example_dags/example_sensors.py for tasks to queue
[2024-03-31T06:05:22.310+0000] {logging_mixin.py:188} INFO - [2024-03-31T06:05:22.310+0000] {dagbag.py:540} INFO - Filling up the DagBag from /home/airflow/.local/lib/python3.8/site-packages/airflow/example_dags/example_sensors.py
[2024-03-31T06:05:22.321+0000] {processor.py:840} INFO - DAG(s) 'example_sensors' retrieved from /home/airflow/.local/lib/python3.8/site-packages/airflow/example_dags/example_sensors.py
[2024-03-31T06:05:22.353+0000] {logging_mixin.py:188} INFO - [2024-03-31T06:05:22.353+0000] {dag.py:3047} INFO - Sync 1 DAGs
[2024-03-31T06:05:22.368+0000] {logging_mixin.py:188} INFO - [2024-03-31T06:05:22.368+0000] {dag.py:3834} INFO - Setting next_dagrun for example_sensors to None, run_after=None
[2024-03-31T06:05:22.400+0000] {processor.py:183} INFO - Processing /home/airflow/.local/lib/python3.8/site-packages/airflow/example_dags/example_sensors.py took 0.095 seconds
[2024-03-31T06:05:53.108+0000] {processor.py:161} INFO - Started process (PID=671) to work on /home/airflow/.local/lib/python3.8/site-packages/airflow/example_dags/example_sensors.py
[2024-03-31T06:05:53.109+0000] {processor.py:830} INFO - Processing file /home/airflow/.local/lib/python3.8/site-packages/airflow/example_dags/example_sensors.py for tasks to queue
[2024-03-31T06:05:53.113+0000] {logging_mixin.py:188} INFO - [2024-03-31T06:05:53.111+0000] {dagbag.py:540} INFO - Filling up the DagBag from /home/airflow/.local/lib/python3.8/site-packages/airflow/example_dags/example_sensors.py
[2024-03-31T06:05:53.121+0000] {processor.py:840} INFO - DAG(s) 'example_sensors' retrieved from /home/airflow/.local/lib/python3.8/site-packages/airflow/example_dags/example_sensors.py
[2024-03-31T06:05:53.163+0000] {logging_mixin.py:188} INFO - [2024-03-31T06:05:53.163+0000] {dag.py:3047} INFO - Sync 1 DAGs
[2024-03-31T06:05:53.175+0000] {logging_mixin.py:188} INFO - [2024-03-31T06:05:53.175+0000] {dag.py:3834} INFO - Setting next_dagrun for example_sensors to None, run_after=None
[2024-03-31T06:05:53.201+0000] {processor.py:183} INFO - Processing /home/airflow/.local/lib/python3.8/site-packages/airflow/example_dags/example_sensors.py took 0.095 seconds
[2024-03-31T06:06:23.512+0000] {processor.py:161} INFO - Started process (PID=727) to work on /home/airflow/.local/lib/python3.8/site-packages/airflow/example_dags/example_sensors.py
[2024-03-31T06:06:23.513+0000] {processor.py:830} INFO - Processing file /home/airflow/.local/lib/python3.8/site-packages/airflow/example_dags/example_sensors.py for tasks to queue
[2024-03-31T06:06:23.515+0000] {logging_mixin.py:188} INFO - [2024-03-31T06:06:23.515+0000] {dagbag.py:540} INFO - Filling up the DagBag from /home/airflow/.local/lib/python3.8/site-packages/airflow/example_dags/example_sensors.py
[2024-03-31T06:06:23.524+0000] {processor.py:840} INFO - DAG(s) 'example_sensors' retrieved from /home/airflow/.local/lib/python3.8/site-packages/airflow/example_dags/example_sensors.py
[2024-03-31T06:06:23.584+0000] {logging_mixin.py:188} INFO - [2024-03-31T06:06:23.584+0000] {dag.py:3047} INFO - Sync 1 DAGs
[2024-03-31T06:06:23.598+0000] {logging_mixin.py:188} INFO - [2024-03-31T06:06:23.598+0000] {dag.py:3834} INFO - Setting next_dagrun for example_sensors to None, run_after=None
[2024-03-31T06:06:23.631+0000] {processor.py:183} INFO - Processing /home/airflow/.local/lib/python3.8/site-packages/airflow/example_dags/example_sensors.py took 0.123 seconds
[2024-03-31T06:06:54.329+0000] {processor.py:161} INFO - Started process (PID=783) to work on /home/airflow/.local/lib/python3.8/site-packages/airflow/example_dags/example_sensors.py
[2024-03-31T06:06:54.332+0000] {processor.py:830} INFO - Processing file /home/airflow/.local/lib/python3.8/site-packages/airflow/example_dags/example_sensors.py for tasks to queue
[2024-03-31T06:06:54.335+0000] {logging_mixin.py:188} INFO - [2024-03-31T06:06:54.335+0000] {dagbag.py:540} INFO - Filling up the DagBag from /home/airflow/.local/lib/python3.8/site-packages/airflow/example_dags/example_sensors.py
[2024-03-31T06:06:54.343+0000] {processor.py:840} INFO - DAG(s) 'example_sensors' retrieved from /home/airflow/.local/lib/python3.8/site-packages/airflow/example_dags/example_sensors.py
[2024-03-31T06:06:54.372+0000] {logging_mixin.py:188} INFO - [2024-03-31T06:06:54.371+0000] {dag.py:3047} INFO - Sync 1 DAGs
[2024-03-31T06:06:54.385+0000] {logging_mixin.py:188} INFO - [2024-03-31T06:06:54.385+0000] {dag.py:3834} INFO - Setting next_dagrun for example_sensors to None, run_after=None
[2024-03-31T06:06:54.404+0000] {processor.py:183} INFO - Processing /home/airflow/.local/lib/python3.8/site-packages/airflow/example_dags/example_sensors.py took 0.081 seconds
[2024-03-31T06:07:24.773+0000] {processor.py:161} INFO - Started process (PID=840) to work on /home/airflow/.local/lib/python3.8/site-packages/airflow/example_dags/example_sensors.py
[2024-03-31T06:07:24.777+0000] {processor.py:830} INFO - Processing file /home/airflow/.local/lib/python3.8/site-packages/airflow/example_dags/example_sensors.py for tasks to queue
[2024-03-31T06:07:24.780+0000] {logging_mixin.py:188} INFO - [2024-03-31T06:07:24.780+0000] {dagbag.py:540} INFO - Filling up the DagBag from /home/airflow/.local/lib/python3.8/site-packages/airflow/example_dags/example_sensors.py
[2024-03-31T06:07:24.795+0000] {processor.py:840} INFO - DAG(s) 'example_sensors' retrieved from /home/airflow/.local/lib/python3.8/site-packages/airflow/example_dags/example_sensors.py
[2024-03-31T06:07:24.831+0000] {logging_mixin.py:188} INFO - [2024-03-31T06:07:24.830+0000] {dag.py:3047} INFO - Sync 1 DAGs
[2024-03-31T06:07:24.847+0000] {logging_mixin.py:188} INFO - [2024-03-31T06:07:24.847+0000] {dag.py:3834} INFO - Setting next_dagrun for example_sensors to None, run_after=None
[2024-03-31T06:07:24.877+0000] {processor.py:183} INFO - Processing /home/airflow/.local/lib/python3.8/site-packages/airflow/example_dags/example_sensors.py took 0.107 seconds
[2024-03-31T06:07:55.016+0000] {processor.py:161} INFO - Started process (PID=896) to work on /home/airflow/.local/lib/python3.8/site-packages/airflow/example_dags/example_sensors.py
[2024-03-31T06:07:55.017+0000] {processor.py:830} INFO - Processing file /home/airflow/.local/lib/python3.8/site-packages/airflow/example_dags/example_sensors.py for tasks to queue
[2024-03-31T06:07:55.019+0000] {logging_mixin.py:188} INFO - [2024-03-31T06:07:55.018+0000] {dagbag.py:540} INFO - Filling up the DagBag from /home/airflow/.local/lib/python3.8/site-packages/airflow/example_dags/example_sensors.py
[2024-03-31T06:07:55.030+0000] {processor.py:840} INFO - DAG(s) 'example_sensors' retrieved from /home/airflow/.local/lib/python3.8/site-packages/airflow/example_dags/example_sensors.py
[2024-03-31T06:07:55.058+0000] {logging_mixin.py:188} INFO - [2024-03-31T06:07:55.058+0000] {dag.py:3047} INFO - Sync 1 DAGs
[2024-03-31T06:07:55.072+0000] {logging_mixin.py:188} INFO - [2024-03-31T06:07:55.072+0000] {dag.py:3834} INFO - Setting next_dagrun for example_sensors to None, run_after=None
[2024-03-31T06:07:55.112+0000] {processor.py:183} INFO - Processing /home/airflow/.local/lib/python3.8/site-packages/airflow/example_dags/example_sensors.py took 0.098 seconds
[2024-03-31T06:08:25.368+0000] {processor.py:161} INFO - Started process (PID=952) to work on /home/airflow/.local/lib/python3.8/site-packages/airflow/example_dags/example_sensors.py
[2024-03-31T06:08:25.369+0000] {processor.py:830} INFO - Processing file /home/airflow/.local/lib/python3.8/site-packages/airflow/example_dags/example_sensors.py for tasks to queue
[2024-03-31T06:08:25.371+0000] {logging_mixin.py:188} INFO - [2024-03-31T06:08:25.371+0000] {dagbag.py:540} INFO - Filling up the DagBag from /home/airflow/.local/lib/python3.8/site-packages/airflow/example_dags/example_sensors.py
[2024-03-31T06:08:25.381+0000] {processor.py:840} INFO - DAG(s) 'example_sensors' retrieved from /home/airflow/.local/lib/python3.8/site-packages/airflow/example_dags/example_sensors.py
[2024-03-31T06:08:25.414+0000] {logging_mixin.py:188} INFO - [2024-03-31T06:08:25.413+0000] {dag.py:3047} INFO - Sync 1 DAGs
[2024-03-31T06:08:25.427+0000] {logging_mixin.py:188} INFO - [2024-03-31T06:08:25.427+0000] {dag.py:3834} INFO - Setting next_dagrun for example_sensors to None, run_after=None
[2024-03-31T06:08:25.453+0000] {processor.py:183} INFO - Processing /home/airflow/.local/lib/python3.8/site-packages/airflow/example_dags/example_sensors.py took 0.088 seconds
[2024-03-31T06:08:55.816+0000] {processor.py:161} INFO - Started process (PID=1008) to work on /home/airflow/.local/lib/python3.8/site-packages/airflow/example_dags/example_sensors.py
[2024-03-31T06:08:55.817+0000] {processor.py:830} INFO - Processing file /home/airflow/.local/lib/python3.8/site-packages/airflow/example_dags/example_sensors.py for tasks to queue
[2024-03-31T06:08:55.829+0000] {logging_mixin.py:188} INFO - [2024-03-31T06:08:55.829+0000] {dagbag.py:540} INFO - Filling up the DagBag from /home/airflow/.local/lib/python3.8/site-packages/airflow/example_dags/example_sensors.py
[2024-03-31T06:08:55.848+0000] {processor.py:840} INFO - DAG(s) 'example_sensors' retrieved from /home/airflow/.local/lib/python3.8/site-packages/airflow/example_dags/example_sensors.py
[2024-03-31T06:08:55.874+0000] {logging_mixin.py:188} INFO - [2024-03-31T06:08:55.874+0000] {dag.py:3047} INFO - Sync 1 DAGs
[2024-03-31T06:08:55.888+0000] {logging_mixin.py:188} INFO - [2024-03-31T06:08:55.887+0000] {dag.py:3834} INFO - Setting next_dagrun for example_sensors to None, run_after=None
[2024-03-31T06:08:55.923+0000] {processor.py:183} INFO - Processing /home/airflow/.local/lib/python3.8/site-packages/airflow/example_dags/example_sensors.py took 0.109 seconds
[2024-03-31T06:09:25.988+0000] {processor.py:161} INFO - Started process (PID=1065) to work on /home/airflow/.local/lib/python3.8/site-packages/airflow/example_dags/example_sensors.py
[2024-03-31T06:09:25.988+0000] {processor.py:830} INFO - Processing file /home/airflow/.local/lib/python3.8/site-packages/airflow/example_dags/example_sensors.py for tasks to queue
[2024-03-31T06:09:25.990+0000] {logging_mixin.py:188} INFO - [2024-03-31T06:09:25.990+0000] {dagbag.py:540} INFO - Filling up the DagBag from /home/airflow/.local/lib/python3.8/site-packages/airflow/example_dags/example_sensors.py
[2024-03-31T06:09:26.000+0000] {processor.py:840} INFO - DAG(s) 'example_sensors' retrieved from /home/airflow/.local/lib/python3.8/site-packages/airflow/example_dags/example_sensors.py
[2024-03-31T06:09:26.029+0000] {logging_mixin.py:188} INFO - [2024-03-31T06:09:26.028+0000] {dag.py:3047} INFO - Sync 1 DAGs
[2024-03-31T06:09:26.047+0000] {logging_mixin.py:188} INFO - [2024-03-31T06:09:26.047+0000] {dag.py:3834} INFO - Setting next_dagrun for example_sensors to None, run_after=None
[2024-03-31T06:09:26.097+0000] {processor.py:183} INFO - Processing /home/airflow/.local/lib/python3.8/site-packages/airflow/example_dags/example_sensors.py took 0.111 seconds
[2024-03-31T06:09:56.612+0000] {processor.py:161} INFO - Started process (PID=1122) to work on /home/airflow/.local/lib/python3.8/site-packages/airflow/example_dags/example_sensors.py
[2024-03-31T06:09:56.613+0000] {processor.py:830} INFO - Processing file /home/airflow/.local/lib/python3.8/site-packages/airflow/example_dags/example_sensors.py for tasks to queue
[2024-03-31T06:09:56.616+0000] {logging_mixin.py:188} INFO - [2024-03-31T06:09:56.615+0000] {dagbag.py:540} INFO - Filling up the DagBag from /home/airflow/.local/lib/python3.8/site-packages/airflow/example_dags/example_sensors.py
[2024-03-31T06:09:56.628+0000] {processor.py:840} INFO - DAG(s) 'example_sensors' retrieved from /home/airflow/.local/lib/python3.8/site-packages/airflow/example_dags/example_sensors.py
[2024-03-31T06:09:56.667+0000] {logging_mixin.py:188} INFO - [2024-03-31T06:09:56.667+0000] {dag.py:3047} INFO - Sync 1 DAGs
[2024-03-31T06:09:56.683+0000] {logging_mixin.py:188} INFO - [2024-03-31T06:09:56.683+0000] {dag.py:3834} INFO - Setting next_dagrun for example_sensors to None, run_after=None
[2024-03-31T06:09:56.703+0000] {processor.py:183} INFO - Processing /home/airflow/.local/lib/python3.8/site-packages/airflow/example_dags/example_sensors.py took 0.095 seconds
[2024-03-31T06:10:27.050+0000] {processor.py:161} INFO - Started process (PID=1178) to work on /home/airflow/.local/lib/python3.8/site-packages/airflow/example_dags/example_sensors.py
[2024-03-31T06:10:27.051+0000] {processor.py:830} INFO - Processing file /home/airflow/.local/lib/python3.8/site-packages/airflow/example_dags/example_sensors.py for tasks to queue
[2024-03-31T06:10:27.052+0000] {logging_mixin.py:188} INFO - [2024-03-31T06:10:27.052+0000] {dagbag.py:540} INFO - Filling up the DagBag from /home/airflow/.local/lib/python3.8/site-packages/airflow/example_dags/example_sensors.py
[2024-03-31T06:10:27.062+0000] {processor.py:840} INFO - DAG(s) 'example_sensors' retrieved from /home/airflow/.local/lib/python3.8/site-packages/airflow/example_dags/example_sensors.py
[2024-03-31T06:10:27.100+0000] {logging_mixin.py:188} INFO - [2024-03-31T06:10:27.100+0000] {dag.py:3047} INFO - Sync 1 DAGs
[2024-03-31T06:10:27.116+0000] {logging_mixin.py:188} INFO - [2024-03-31T06:10:27.115+0000] {dag.py:3834} INFO - Setting next_dagrun for example_sensors to None, run_after=None
[2024-03-31T06:10:27.137+0000] {processor.py:183} INFO - Processing /home/airflow/.local/lib/python3.8/site-packages/airflow/example_dags/example_sensors.py took 0.090 seconds
[2024-03-31T06:10:57.399+0000] {processor.py:161} INFO - Started process (PID=1234) to work on /home/airflow/.local/lib/python3.8/site-packages/airflow/example_dags/example_sensors.py
[2024-03-31T06:10:57.400+0000] {processor.py:830} INFO - Processing file /home/airflow/.local/lib/python3.8/site-packages/airflow/example_dags/example_sensors.py for tasks to queue
[2024-03-31T06:10:57.401+0000] {logging_mixin.py:188} INFO - [2024-03-31T06:10:57.401+0000] {dagbag.py:540} INFO - Filling up the DagBag from /home/airflow/.local/lib/python3.8/site-packages/airflow/example_dags/example_sensors.py
[2024-03-31T06:10:57.412+0000] {processor.py:840} INFO - DAG(s) 'example_sensors' retrieved from /home/airflow/.local/lib/python3.8/site-packages/airflow/example_dags/example_sensors.py
[2024-03-31T06:10:57.437+0000] {logging_mixin.py:188} INFO - [2024-03-31T06:10:57.437+0000] {dag.py:3047} INFO - Sync 1 DAGs
[2024-03-31T06:10:57.451+0000] {logging_mixin.py:188} INFO - [2024-03-31T06:10:57.451+0000] {dag.py:3834} INFO - Setting next_dagrun for example_sensors to None, run_after=None
[2024-03-31T06:10:57.473+0000] {processor.py:183} INFO - Processing /home/airflow/.local/lib/python3.8/site-packages/airflow/example_dags/example_sensors.py took 0.076 seconds
[2024-03-31T06:11:27.693+0000] {processor.py:161} INFO - Started process (PID=1290) to work on /home/airflow/.local/lib/python3.8/site-packages/airflow/example_dags/example_sensors.py
[2024-03-31T06:11:27.698+0000] {processor.py:830} INFO - Processing file /home/airflow/.local/lib/python3.8/site-packages/airflow/example_dags/example_sensors.py for tasks to queue
[2024-03-31T06:11:27.700+0000] {logging_mixin.py:188} INFO - [2024-03-31T06:11:27.700+0000] {dagbag.py:540} INFO - Filling up the DagBag from /home/airflow/.local/lib/python3.8/site-packages/airflow/example_dags/example_sensors.py
[2024-03-31T06:11:27.719+0000] {processor.py:840} INFO - DAG(s) 'example_sensors' retrieved from /home/airflow/.local/lib/python3.8/site-packages/airflow/example_dags/example_sensors.py
[2024-03-31T06:11:27.754+0000] {logging_mixin.py:188} INFO - [2024-03-31T06:11:27.754+0000] {dag.py:3047} INFO - Sync 1 DAGs
[2024-03-31T06:11:27.772+0000] {logging_mixin.py:188} INFO - [2024-03-31T06:11:27.772+0000] {dag.py:3834} INFO - Setting next_dagrun for example_sensors to None, run_after=None
[2024-03-31T06:11:27.797+0000] {processor.py:183} INFO - Processing /home/airflow/.local/lib/python3.8/site-packages/airflow/example_dags/example_sensors.py took 0.110 seconds
[2024-03-31T06:11:58.512+0000] {processor.py:161} INFO - Started process (PID=1346) to work on /home/airflow/.local/lib/python3.8/site-packages/airflow/example_dags/example_sensors.py
[2024-03-31T06:11:58.513+0000] {processor.py:830} INFO - Processing file /home/airflow/.local/lib/python3.8/site-packages/airflow/example_dags/example_sensors.py for tasks to queue
[2024-03-31T06:11:58.516+0000] {logging_mixin.py:188} INFO - [2024-03-31T06:11:58.516+0000] {dagbag.py:540} INFO - Filling up the DagBag from /home/airflow/.local/lib/python3.8/site-packages/airflow/example_dags/example_sensors.py
[2024-03-31T06:11:58.526+0000] {processor.py:840} INFO - DAG(s) 'example_sensors' retrieved from /home/airflow/.local/lib/python3.8/site-packages/airflow/example_dags/example_sensors.py
[2024-03-31T06:11:58.570+0000] {logging_mixin.py:188} INFO - [2024-03-31T06:11:58.570+0000] {dag.py:3047} INFO - Sync 1 DAGs
[2024-03-31T06:11:58.586+0000] {logging_mixin.py:188} INFO - [2024-03-31T06:11:58.585+0000] {dag.py:3834} INFO - Setting next_dagrun for example_sensors to None, run_after=None
[2024-03-31T06:11:58.611+0000] {processor.py:183} INFO - Processing /home/airflow/.local/lib/python3.8/site-packages/airflow/example_dags/example_sensors.py took 0.102 seconds
[2024-03-31T06:12:29.888+0000] {processor.py:161} INFO - Started process (PID=1402) to work on /home/airflow/.local/lib/python3.8/site-packages/airflow/example_dags/example_sensors.py
[2024-03-31T06:12:29.896+0000] {processor.py:830} INFO - Processing file /home/airflow/.local/lib/python3.8/site-packages/airflow/example_dags/example_sensors.py for tasks to queue
[2024-03-31T06:12:29.899+0000] {logging_mixin.py:188} INFO - [2024-03-31T06:12:29.899+0000] {dagbag.py:540} INFO - Filling up the DagBag from /home/airflow/.local/lib/python3.8/site-packages/airflow/example_dags/example_sensors.py
[2024-03-31T06:12:29.937+0000] {processor.py:840} INFO - DAG(s) 'example_sensors' retrieved from /home/airflow/.local/lib/python3.8/site-packages/airflow/example_dags/example_sensors.py
[2024-03-31T06:12:30.046+0000] {logging_mixin.py:188} INFO - [2024-03-31T06:12:30.035+0000] {dag.py:3047} INFO - Sync 1 DAGs
[2024-03-31T06:12:30.090+0000] {logging_mixin.py:188} INFO - [2024-03-31T06:12:30.085+0000] {dag.py:3834} INFO - Setting next_dagrun for example_sensors to None, run_after=None
[2024-03-31T06:12:30.209+0000] {processor.py:183} INFO - Processing /home/airflow/.local/lib/python3.8/site-packages/airflow/example_dags/example_sensors.py took 0.329 seconds
[2024-03-31T06:13:42.349+0000] {processor.py:161} INFO - Started process (PID=52) to work on /home/airflow/.local/lib/python3.8/site-packages/airflow/example_dags/example_sensors.py
[2024-03-31T06:13:42.353+0000] {processor.py:830} INFO - Processing file /home/airflow/.local/lib/python3.8/site-packages/airflow/example_dags/example_sensors.py for tasks to queue
[2024-03-31T06:13:42.360+0000] {logging_mixin.py:188} INFO - [2024-03-31T06:13:42.359+0000] {dagbag.py:540} INFO - Filling up the DagBag from /home/airflow/.local/lib/python3.8/site-packages/airflow/example_dags/example_sensors.py
[2024-03-31T06:13:42.404+0000] {processor.py:840} INFO - DAG(s) 'example_sensors' retrieved from /home/airflow/.local/lib/python3.8/site-packages/airflow/example_dags/example_sensors.py
[2024-03-31T06:13:42.430+0000] {logging_mixin.py:188} INFO - [2024-03-31T06:13:42.430+0000] {dag.py:3047} INFO - Sync 1 DAGs
[2024-03-31T06:13:42.472+0000] {logging_mixin.py:188} INFO - [2024-03-31T06:13:42.469+0000] {dag.py:3834} INFO - Setting next_dagrun for example_sensors to None, run_after=None
[2024-03-31T06:13:42.518+0000] {processor.py:183} INFO - Processing /home/airflow/.local/lib/python3.8/site-packages/airflow/example_dags/example_sensors.py took 0.180 seconds
[2024-03-31T06:14:15.699+0000] {processor.py:161} INFO - Started process (PID=109) to work on /home/airflow/.local/lib/python3.8/site-packages/airflow/example_dags/example_sensors.py
[2024-03-31T06:14:15.706+0000] {processor.py:830} INFO - Processing file /home/airflow/.local/lib/python3.8/site-packages/airflow/example_dags/example_sensors.py for tasks to queue
[2024-03-31T06:14:15.714+0000] {logging_mixin.py:188} INFO - [2024-03-31T06:14:15.714+0000] {dagbag.py:540} INFO - Filling up the DagBag from /home/airflow/.local/lib/python3.8/site-packages/airflow/example_dags/example_sensors.py
[2024-03-31T06:14:15.777+0000] {processor.py:840} INFO - DAG(s) 'example_sensors' retrieved from /home/airflow/.local/lib/python3.8/site-packages/airflow/example_dags/example_sensors.py
[2024-03-31T06:14:16.423+0000] {logging_mixin.py:188} INFO - [2024-03-31T06:14:16.421+0000] {dag.py:3047} INFO - Sync 1 DAGs
[2024-03-31T06:14:16.499+0000] {logging_mixin.py:188} INFO - [2024-03-31T06:14:16.498+0000] {dag.py:3834} INFO - Setting next_dagrun for example_sensors to None, run_after=None
[2024-03-31T06:14:16.677+0000] {processor.py:183} INFO - Processing /home/airflow/.local/lib/python3.8/site-packages/airflow/example_dags/example_sensors.py took 0.984 seconds
