[2024-03-31T06:00:22.357+0000] {processor.py:161} INFO - Started process (PID=74) to work on /home/airflow/.local/lib/python3.8/site-packages/airflow/example_dags/example_sla_dag.py
[2024-03-31T06:00:22.365+0000] {processor.py:830} INFO - Processing file /home/airflow/.local/lib/python3.8/site-packages/airflow/example_dags/example_sla_dag.py for tasks to queue
[2024-03-31T06:00:22.377+0000] {logging_mixin.py:188} INFO - [2024-03-31T06:00:22.377+0000] {dagbag.py:540} INFO - Filling up the DagBag from /home/airflow/.local/lib/python3.8/site-packages/airflow/example_dags/example_sla_dag.py
[2024-03-31T06:00:22.415+0000] {processor.py:840} INFO - DAG(s) 'example_sla_dag' retrieved from /home/airflow/.local/lib/python3.8/site-packages/airflow/example_dags/example_sla_dag.py
[2024-03-31T06:00:23.020+0000] {logging_mixin.py:188} INFO - [2024-03-31T06:00:23.019+0000] {dag.py:3047} INFO - Sync 1 DAGs
[2024-03-31T06:00:23.127+0000] {logging_mixin.py:188} INFO - [2024-03-31T06:00:23.127+0000] {dag.py:3834} INFO - Setting next_dagrun for example_sla_dag to 2024-03-31 05:58:00+00:00, run_after=2024-03-31 06:00:00+00:00
[2024-03-31T06:00:23.176+0000] {processor.py:183} INFO - Processing /home/airflow/.local/lib/python3.8/site-packages/airflow/example_dags/example_sla_dag.py took 0.827 seconds
[2024-03-31T06:00:53.513+0000] {processor.py:161} INFO - Started process (PID=129) to work on /home/airflow/.local/lib/python3.8/site-packages/airflow/example_dags/example_sla_dag.py
[2024-03-31T06:00:53.514+0000] {processor.py:830} INFO - Processing file /home/airflow/.local/lib/python3.8/site-packages/airflow/example_dags/example_sla_dag.py for tasks to queue
[2024-03-31T06:00:53.515+0000] {logging_mixin.py:188} INFO - [2024-03-31T06:00:53.515+0000] {dagbag.py:540} INFO - Filling up the DagBag from /home/airflow/.local/lib/python3.8/site-packages/airflow/example_dags/example_sla_dag.py
[2024-03-31T06:00:53.526+0000] {processor.py:840} INFO - DAG(s) 'example_sla_dag' retrieved from /home/airflow/.local/lib/python3.8/site-packages/airflow/example_dags/example_sla_dag.py
[2024-03-31T06:00:53.584+0000] {logging_mixin.py:188} INFO - [2024-03-31T06:00:53.583+0000] {dag.py:3047} INFO - Sync 1 DAGs
[2024-03-31T06:00:53.661+0000] {logging_mixin.py:188} INFO - [2024-03-31T06:00:53.660+0000] {dag.py:3834} INFO - Setting next_dagrun for example_sla_dag to 2024-03-31 05:58:00+00:00, run_after=2024-03-31 06:00:00+00:00
[2024-03-31T06:00:53.730+0000] {processor.py:183} INFO - Processing /home/airflow/.local/lib/python3.8/site-packages/airflow/example_dags/example_sla_dag.py took 0.225 seconds
[2024-03-31T06:01:23.909+0000] {processor.py:161} INFO - Started process (PID=186) to work on /home/airflow/.local/lib/python3.8/site-packages/airflow/example_dags/example_sla_dag.py
[2024-03-31T06:01:23.910+0000] {processor.py:830} INFO - Processing file /home/airflow/.local/lib/python3.8/site-packages/airflow/example_dags/example_sla_dag.py for tasks to queue
[2024-03-31T06:01:23.918+0000] {logging_mixin.py:188} INFO - [2024-03-31T06:01:23.918+0000] {dagbag.py:540} INFO - Filling up the DagBag from /home/airflow/.local/lib/python3.8/site-packages/airflow/example_dags/example_sla_dag.py
[2024-03-31T06:01:23.934+0000] {processor.py:840} INFO - DAG(s) 'example_sla_dag' retrieved from /home/airflow/.local/lib/python3.8/site-packages/airflow/example_dags/example_sla_dag.py
[2024-03-31T06:01:23.955+0000] {logging_mixin.py:188} INFO - [2024-03-31T06:01:23.954+0000] {dag.py:3047} INFO - Sync 1 DAGs
[2024-03-31T06:01:23.995+0000] {logging_mixin.py:188} INFO - [2024-03-31T06:01:23.995+0000] {dag.py:3834} INFO - Setting next_dagrun for example_sla_dag to 2024-03-31 05:58:00+00:00, run_after=2024-03-31 06:00:00+00:00
[2024-03-31T06:01:24.020+0000] {processor.py:183} INFO - Processing /home/airflow/.local/lib/python3.8/site-packages/airflow/example_dags/example_sla_dag.py took 0.113 seconds
[2024-03-31T06:01:54.925+0000] {processor.py:161} INFO - Started process (PID=242) to work on /home/airflow/.local/lib/python3.8/site-packages/airflow/example_dags/example_sla_dag.py
[2024-03-31T06:01:54.926+0000] {processor.py:830} INFO - Processing file /home/airflow/.local/lib/python3.8/site-packages/airflow/example_dags/example_sla_dag.py for tasks to queue
[2024-03-31T06:01:54.928+0000] {logging_mixin.py:188} INFO - [2024-03-31T06:01:54.927+0000] {dagbag.py:540} INFO - Filling up the DagBag from /home/airflow/.local/lib/python3.8/site-packages/airflow/example_dags/example_sla_dag.py
[2024-03-31T06:01:54.937+0000] {processor.py:840} INFO - DAG(s) 'example_sla_dag' retrieved from /home/airflow/.local/lib/python3.8/site-packages/airflow/example_dags/example_sla_dag.py
[2024-03-31T06:01:54.949+0000] {logging_mixin.py:188} INFO - [2024-03-31T06:01:54.948+0000] {dag.py:3047} INFO - Sync 1 DAGs
[2024-03-31T06:01:54.979+0000] {logging_mixin.py:188} INFO - [2024-03-31T06:01:54.979+0000] {dag.py:3834} INFO - Setting next_dagrun for example_sla_dag to 2024-03-31 05:58:00+00:00, run_after=2024-03-31 06:00:00+00:00
[2024-03-31T06:01:55.000+0000] {processor.py:183} INFO - Processing /home/airflow/.local/lib/python3.8/site-packages/airflow/example_dags/example_sla_dag.py took 0.077 seconds
[2024-03-31T06:02:25.269+0000] {processor.py:161} INFO - Started process (PID=298) to work on /home/airflow/.local/lib/python3.8/site-packages/airflow/example_dags/example_sla_dag.py
[2024-03-31T06:02:25.270+0000] {processor.py:830} INFO - Processing file /home/airflow/.local/lib/python3.8/site-packages/airflow/example_dags/example_sla_dag.py for tasks to queue
[2024-03-31T06:02:25.271+0000] {logging_mixin.py:188} INFO - [2024-03-31T06:02:25.271+0000] {dagbag.py:540} INFO - Filling up the DagBag from /home/airflow/.local/lib/python3.8/site-packages/airflow/example_dags/example_sla_dag.py
[2024-03-31T06:02:25.278+0000] {processor.py:840} INFO - DAG(s) 'example_sla_dag' retrieved from /home/airflow/.local/lib/python3.8/site-packages/airflow/example_dags/example_sla_dag.py
[2024-03-31T06:02:25.293+0000] {logging_mixin.py:188} INFO - [2024-03-31T06:02:25.292+0000] {dag.py:3047} INFO - Sync 1 DAGs
[2024-03-31T06:02:25.326+0000] {logging_mixin.py:188} INFO - [2024-03-31T06:02:25.325+0000] {dag.py:3834} INFO - Setting next_dagrun for example_sla_dag to 2024-03-31 06:00:00+00:00, run_after=2024-03-31 06:02:00+00:00
[2024-03-31T06:02:25.347+0000] {processor.py:183} INFO - Processing /home/airflow/.local/lib/python3.8/site-packages/airflow/example_dags/example_sla_dag.py took 0.081 seconds
[2024-03-31T06:02:56.022+0000] {processor.py:161} INFO - Started process (PID=354) to work on /home/airflow/.local/lib/python3.8/site-packages/airflow/example_dags/example_sla_dag.py
[2024-03-31T06:02:56.023+0000] {processor.py:830} INFO - Processing file /home/airflow/.local/lib/python3.8/site-packages/airflow/example_dags/example_sla_dag.py for tasks to queue
[2024-03-31T06:02:56.026+0000] {logging_mixin.py:188} INFO - [2024-03-31T06:02:56.025+0000] {dagbag.py:540} INFO - Filling up the DagBag from /home/airflow/.local/lib/python3.8/site-packages/airflow/example_dags/example_sla_dag.py
[2024-03-31T06:02:56.035+0000] {processor.py:840} INFO - DAG(s) 'example_sla_dag' retrieved from /home/airflow/.local/lib/python3.8/site-packages/airflow/example_dags/example_sla_dag.py
[2024-03-31T06:02:56.137+0000] {logging_mixin.py:188} INFO - [2024-03-31T06:02:56.136+0000] {dag.py:3047} INFO - Sync 1 DAGs
[2024-03-31T06:02:56.159+0000] {logging_mixin.py:188} INFO - [2024-03-31T06:02:56.159+0000] {dag.py:3834} INFO - Setting next_dagrun for example_sla_dag to 2024-03-31 06:00:00+00:00, run_after=2024-03-31 06:02:00+00:00
[2024-03-31T06:02:56.178+0000] {processor.py:183} INFO - Processing /home/airflow/.local/lib/python3.8/site-packages/airflow/example_dags/example_sla_dag.py took 0.158 seconds
[2024-03-31T06:03:26.288+0000] {processor.py:161} INFO - Started process (PID=410) to work on /home/airflow/.local/lib/python3.8/site-packages/airflow/example_dags/example_sla_dag.py
[2024-03-31T06:03:26.289+0000] {processor.py:830} INFO - Processing file /home/airflow/.local/lib/python3.8/site-packages/airflow/example_dags/example_sla_dag.py for tasks to queue
[2024-03-31T06:03:26.290+0000] {logging_mixin.py:188} INFO - [2024-03-31T06:03:26.290+0000] {dagbag.py:540} INFO - Filling up the DagBag from /home/airflow/.local/lib/python3.8/site-packages/airflow/example_dags/example_sla_dag.py
[2024-03-31T06:03:26.299+0000] {processor.py:840} INFO - DAG(s) 'example_sla_dag' retrieved from /home/airflow/.local/lib/python3.8/site-packages/airflow/example_dags/example_sla_dag.py
[2024-03-31T06:03:26.317+0000] {logging_mixin.py:188} INFO - [2024-03-31T06:03:26.316+0000] {dag.py:3047} INFO - Sync 1 DAGs
[2024-03-31T06:03:26.340+0000] {logging_mixin.py:188} INFO - [2024-03-31T06:03:26.340+0000] {dag.py:3834} INFO - Setting next_dagrun for example_sla_dag to 2024-03-31 06:00:00+00:00, run_after=2024-03-31 06:02:00+00:00
[2024-03-31T06:03:26.359+0000] {processor.py:183} INFO - Processing /home/airflow/.local/lib/python3.8/site-packages/airflow/example_dags/example_sla_dag.py took 0.073 seconds
[2024-03-31T06:03:57.260+0000] {processor.py:161} INFO - Started process (PID=466) to work on /home/airflow/.local/lib/python3.8/site-packages/airflow/example_dags/example_sla_dag.py
[2024-03-31T06:03:57.261+0000] {processor.py:830} INFO - Processing file /home/airflow/.local/lib/python3.8/site-packages/airflow/example_dags/example_sla_dag.py for tasks to queue
[2024-03-31T06:03:57.263+0000] {logging_mixin.py:188} INFO - [2024-03-31T06:03:57.262+0000] {dagbag.py:540} INFO - Filling up the DagBag from /home/airflow/.local/lib/python3.8/site-packages/airflow/example_dags/example_sla_dag.py
[2024-03-31T06:03:57.273+0000] {processor.py:840} INFO - DAG(s) 'example_sla_dag' retrieved from /home/airflow/.local/lib/python3.8/site-packages/airflow/example_dags/example_sla_dag.py
[2024-03-31T06:03:57.298+0000] {logging_mixin.py:188} INFO - [2024-03-31T06:03:57.297+0000] {dag.py:3047} INFO - Sync 1 DAGs
[2024-03-31T06:03:57.323+0000] {logging_mixin.py:188} INFO - [2024-03-31T06:03:57.323+0000] {dag.py:3834} INFO - Setting next_dagrun for example_sla_dag to 2024-03-31 06:00:00+00:00, run_after=2024-03-31 06:02:00+00:00
[2024-03-31T06:03:57.341+0000] {processor.py:183} INFO - Processing /home/airflow/.local/lib/python3.8/site-packages/airflow/example_dags/example_sla_dag.py took 0.084 seconds
[2024-03-31T06:04:27.462+0000] {processor.py:161} INFO - Started process (PID=522) to work on /home/airflow/.local/lib/python3.8/site-packages/airflow/example_dags/example_sla_dag.py
[2024-03-31T06:04:27.464+0000] {processor.py:830} INFO - Processing file /home/airflow/.local/lib/python3.8/site-packages/airflow/example_dags/example_sla_dag.py for tasks to queue
[2024-03-31T06:04:27.466+0000] {logging_mixin.py:188} INFO - [2024-03-31T06:04:27.466+0000] {dagbag.py:540} INFO - Filling up the DagBag from /home/airflow/.local/lib/python3.8/site-packages/airflow/example_dags/example_sla_dag.py
[2024-03-31T06:04:27.473+0000] {processor.py:840} INFO - DAG(s) 'example_sla_dag' retrieved from /home/airflow/.local/lib/python3.8/site-packages/airflow/example_dags/example_sla_dag.py
[2024-03-31T06:04:27.491+0000] {logging_mixin.py:188} INFO - [2024-03-31T06:04:27.491+0000] {dag.py:3047} INFO - Sync 1 DAGs
[2024-03-31T06:04:27.518+0000] {logging_mixin.py:188} INFO - [2024-03-31T06:04:27.518+0000] {dag.py:3834} INFO - Setting next_dagrun for example_sla_dag to 2024-03-31 06:02:00+00:00, run_after=2024-03-31 06:04:00+00:00
[2024-03-31T06:04:27.536+0000] {processor.py:183} INFO - Processing /home/airflow/.local/lib/python3.8/site-packages/airflow/example_dags/example_sla_dag.py took 0.077 seconds
[2024-03-31T06:04:57.646+0000] {processor.py:161} INFO - Started process (PID=578) to work on /home/airflow/.local/lib/python3.8/site-packages/airflow/example_dags/example_sla_dag.py
[2024-03-31T06:04:57.648+0000] {processor.py:830} INFO - Processing file /home/airflow/.local/lib/python3.8/site-packages/airflow/example_dags/example_sla_dag.py for tasks to queue
[2024-03-31T06:04:57.650+0000] {logging_mixin.py:188} INFO - [2024-03-31T06:04:57.650+0000] {dagbag.py:540} INFO - Filling up the DagBag from /home/airflow/.local/lib/python3.8/site-packages/airflow/example_dags/example_sla_dag.py
[2024-03-31T06:04:57.662+0000] {processor.py:840} INFO - DAG(s) 'example_sla_dag' retrieved from /home/airflow/.local/lib/python3.8/site-packages/airflow/example_dags/example_sla_dag.py
[2024-03-31T06:04:57.687+0000] {logging_mixin.py:188} INFO - [2024-03-31T06:04:57.687+0000] {dag.py:3047} INFO - Sync 1 DAGs
[2024-03-31T06:04:57.725+0000] {logging_mixin.py:188} INFO - [2024-03-31T06:04:57.725+0000] {dag.py:3834} INFO - Setting next_dagrun for example_sla_dag to 2024-03-31 06:02:00+00:00, run_after=2024-03-31 06:04:00+00:00
[2024-03-31T06:04:57.766+0000] {processor.py:183} INFO - Processing /home/airflow/.local/lib/python3.8/site-packages/airflow/example_dags/example_sla_dag.py took 0.123 seconds
[2024-03-31T06:05:28.686+0000] {processor.py:161} INFO - Started process (PID=634) to work on /home/airflow/.local/lib/python3.8/site-packages/airflow/example_dags/example_sla_dag.py
[2024-03-31T06:05:28.687+0000] {processor.py:830} INFO - Processing file /home/airflow/.local/lib/python3.8/site-packages/airflow/example_dags/example_sla_dag.py for tasks to queue
[2024-03-31T06:05:28.689+0000] {logging_mixin.py:188} INFO - [2024-03-31T06:05:28.689+0000] {dagbag.py:540} INFO - Filling up the DagBag from /home/airflow/.local/lib/python3.8/site-packages/airflow/example_dags/example_sla_dag.py
[2024-03-31T06:05:28.699+0000] {processor.py:840} INFO - DAG(s) 'example_sla_dag' retrieved from /home/airflow/.local/lib/python3.8/site-packages/airflow/example_dags/example_sla_dag.py
[2024-03-31T06:05:28.719+0000] {logging_mixin.py:188} INFO - [2024-03-31T06:05:28.718+0000] {dag.py:3047} INFO - Sync 1 DAGs
[2024-03-31T06:05:28.743+0000] {logging_mixin.py:188} INFO - [2024-03-31T06:05:28.743+0000] {dag.py:3834} INFO - Setting next_dagrun for example_sla_dag to 2024-03-31 06:02:00+00:00, run_after=2024-03-31 06:04:00+00:00
[2024-03-31T06:05:28.765+0000] {processor.py:183} INFO - Processing /home/airflow/.local/lib/python3.8/site-packages/airflow/example_dags/example_sla_dag.py took 0.081 seconds
[2024-03-31T06:05:59.581+0000] {processor.py:161} INFO - Started process (PID=690) to work on /home/airflow/.local/lib/python3.8/site-packages/airflow/example_dags/example_sla_dag.py
[2024-03-31T06:05:59.583+0000] {processor.py:830} INFO - Processing file /home/airflow/.local/lib/python3.8/site-packages/airflow/example_dags/example_sla_dag.py for tasks to queue
[2024-03-31T06:05:59.585+0000] {logging_mixin.py:188} INFO - [2024-03-31T06:05:59.584+0000] {dagbag.py:540} INFO - Filling up the DagBag from /home/airflow/.local/lib/python3.8/site-packages/airflow/example_dags/example_sla_dag.py
[2024-03-31T06:05:59.592+0000] {processor.py:840} INFO - DAG(s) 'example_sla_dag' retrieved from /home/airflow/.local/lib/python3.8/site-packages/airflow/example_dags/example_sla_dag.py
[2024-03-31T06:05:59.615+0000] {logging_mixin.py:188} INFO - [2024-03-31T06:05:59.615+0000] {dag.py:3047} INFO - Sync 1 DAGs
[2024-03-31T06:05:59.640+0000] {logging_mixin.py:188} INFO - [2024-03-31T06:05:59.640+0000] {dag.py:3834} INFO - Setting next_dagrun for example_sla_dag to 2024-03-31 06:02:00+00:00, run_after=2024-03-31 06:04:00+00:00
[2024-03-31T06:05:59.659+0000] {processor.py:183} INFO - Processing /home/airflow/.local/lib/python3.8/site-packages/airflow/example_dags/example_sla_dag.py took 0.082 seconds
[2024-03-31T06:06:29.828+0000] {processor.py:161} INFO - Started process (PID=746) to work on /home/airflow/.local/lib/python3.8/site-packages/airflow/example_dags/example_sla_dag.py
[2024-03-31T06:06:29.830+0000] {processor.py:830} INFO - Processing file /home/airflow/.local/lib/python3.8/site-packages/airflow/example_dags/example_sla_dag.py for tasks to queue
[2024-03-31T06:06:29.831+0000] {logging_mixin.py:188} INFO - [2024-03-31T06:06:29.831+0000] {dagbag.py:540} INFO - Filling up the DagBag from /home/airflow/.local/lib/python3.8/site-packages/airflow/example_dags/example_sla_dag.py
[2024-03-31T06:06:29.838+0000] {processor.py:840} INFO - DAG(s) 'example_sla_dag' retrieved from /home/airflow/.local/lib/python3.8/site-packages/airflow/example_dags/example_sla_dag.py
[2024-03-31T06:06:29.867+0000] {logging_mixin.py:188} INFO - [2024-03-31T06:06:29.866+0000] {dag.py:3047} INFO - Sync 1 DAGs
[2024-03-31T06:06:29.891+0000] {logging_mixin.py:188} INFO - [2024-03-31T06:06:29.891+0000] {dag.py:3834} INFO - Setting next_dagrun for example_sla_dag to 2024-03-31 06:04:00+00:00, run_after=2024-03-31 06:06:00+00:00
[2024-03-31T06:06:29.921+0000] {processor.py:183} INFO - Processing /home/airflow/.local/lib/python3.8/site-packages/airflow/example_dags/example_sla_dag.py took 0.096 seconds
[2024-03-31T06:07:00.787+0000] {processor.py:161} INFO - Started process (PID=802) to work on /home/airflow/.local/lib/python3.8/site-packages/airflow/example_dags/example_sla_dag.py
[2024-03-31T06:07:00.788+0000] {processor.py:830} INFO - Processing file /home/airflow/.local/lib/python3.8/site-packages/airflow/example_dags/example_sla_dag.py for tasks to queue
[2024-03-31T06:07:00.789+0000] {logging_mixin.py:188} INFO - [2024-03-31T06:07:00.789+0000] {dagbag.py:540} INFO - Filling up the DagBag from /home/airflow/.local/lib/python3.8/site-packages/airflow/example_dags/example_sla_dag.py
[2024-03-31T06:07:00.797+0000] {processor.py:840} INFO - DAG(s) 'example_sla_dag' retrieved from /home/airflow/.local/lib/python3.8/site-packages/airflow/example_dags/example_sla_dag.py
[2024-03-31T06:07:00.815+0000] {logging_mixin.py:188} INFO - [2024-03-31T06:07:00.814+0000] {dag.py:3047} INFO - Sync 1 DAGs
[2024-03-31T06:07:00.838+0000] {logging_mixin.py:188} INFO - [2024-03-31T06:07:00.838+0000] {dag.py:3834} INFO - Setting next_dagrun for example_sla_dag to 2024-03-31 06:04:00+00:00, run_after=2024-03-31 06:06:00+00:00
[2024-03-31T06:07:00.856+0000] {processor.py:183} INFO - Processing /home/airflow/.local/lib/python3.8/site-packages/airflow/example_dags/example_sla_dag.py took 0.071 seconds
[2024-03-31T06:07:31.126+0000] {processor.py:161} INFO - Started process (PID=859) to work on /home/airflow/.local/lib/python3.8/site-packages/airflow/example_dags/example_sla_dag.py
[2024-03-31T06:07:31.128+0000] {processor.py:830} INFO - Processing file /home/airflow/.local/lib/python3.8/site-packages/airflow/example_dags/example_sla_dag.py for tasks to queue
[2024-03-31T06:07:31.130+0000] {logging_mixin.py:188} INFO - [2024-03-31T06:07:31.130+0000] {dagbag.py:540} INFO - Filling up the DagBag from /home/airflow/.local/lib/python3.8/site-packages/airflow/example_dags/example_sla_dag.py
[2024-03-31T06:07:31.140+0000] {processor.py:840} INFO - DAG(s) 'example_sla_dag' retrieved from /home/airflow/.local/lib/python3.8/site-packages/airflow/example_dags/example_sla_dag.py
[2024-03-31T06:07:31.171+0000] {logging_mixin.py:188} INFO - [2024-03-31T06:07:31.170+0000] {dag.py:3047} INFO - Sync 1 DAGs
[2024-03-31T06:07:31.213+0000] {logging_mixin.py:188} INFO - [2024-03-31T06:07:31.213+0000] {dag.py:3834} INFO - Setting next_dagrun for example_sla_dag to 2024-03-31 06:04:00+00:00, run_after=2024-03-31 06:06:00+00:00
[2024-03-31T06:07:31.249+0000] {processor.py:183} INFO - Processing /home/airflow/.local/lib/python3.8/site-packages/airflow/example_dags/example_sla_dag.py took 0.126 seconds
[2024-03-31T06:08:01.416+0000] {processor.py:161} INFO - Started process (PID=915) to work on /home/airflow/.local/lib/python3.8/site-packages/airflow/example_dags/example_sla_dag.py
[2024-03-31T06:08:01.417+0000] {processor.py:830} INFO - Processing file /home/airflow/.local/lib/python3.8/site-packages/airflow/example_dags/example_sla_dag.py for tasks to queue
[2024-03-31T06:08:01.418+0000] {logging_mixin.py:188} INFO - [2024-03-31T06:08:01.418+0000] {dagbag.py:540} INFO - Filling up the DagBag from /home/airflow/.local/lib/python3.8/site-packages/airflow/example_dags/example_sla_dag.py
[2024-03-31T06:08:01.425+0000] {processor.py:840} INFO - DAG(s) 'example_sla_dag' retrieved from /home/airflow/.local/lib/python3.8/site-packages/airflow/example_dags/example_sla_dag.py
[2024-03-31T06:08:01.446+0000] {logging_mixin.py:188} INFO - [2024-03-31T06:08:01.444+0000] {dag.py:3047} INFO - Sync 1 DAGs
[2024-03-31T06:08:01.472+0000] {logging_mixin.py:188} INFO - [2024-03-31T06:08:01.472+0000] {dag.py:3834} INFO - Setting next_dagrun for example_sla_dag to 2024-03-31 06:06:00+00:00, run_after=2024-03-31 06:08:00+00:00
[2024-03-31T06:08:01.495+0000] {processor.py:183} INFO - Processing /home/airflow/.local/lib/python3.8/site-packages/airflow/example_dags/example_sla_dag.py took 0.082 seconds
[2024-03-31T06:08:31.695+0000] {processor.py:161} INFO - Started process (PID=971) to work on /home/airflow/.local/lib/python3.8/site-packages/airflow/example_dags/example_sla_dag.py
[2024-03-31T06:08:31.696+0000] {processor.py:830} INFO - Processing file /home/airflow/.local/lib/python3.8/site-packages/airflow/example_dags/example_sla_dag.py for tasks to queue
[2024-03-31T06:08:31.697+0000] {logging_mixin.py:188} INFO - [2024-03-31T06:08:31.697+0000] {dagbag.py:540} INFO - Filling up the DagBag from /home/airflow/.local/lib/python3.8/site-packages/airflow/example_dags/example_sla_dag.py
[2024-03-31T06:08:31.704+0000] {processor.py:840} INFO - DAG(s) 'example_sla_dag' retrieved from /home/airflow/.local/lib/python3.8/site-packages/airflow/example_dags/example_sla_dag.py
[2024-03-31T06:08:31.730+0000] {logging_mixin.py:188} INFO - [2024-03-31T06:08:31.729+0000] {dag.py:3047} INFO - Sync 1 DAGs
[2024-03-31T06:08:31.754+0000] {logging_mixin.py:188} INFO - [2024-03-31T06:08:31.754+0000] {dag.py:3834} INFO - Setting next_dagrun for example_sla_dag to 2024-03-31 06:06:00+00:00, run_after=2024-03-31 06:08:00+00:00
[2024-03-31T06:08:31.771+0000] {processor.py:183} INFO - Processing /home/airflow/.local/lib/python3.8/site-packages/airflow/example_dags/example_sla_dag.py took 0.079 seconds
[2024-03-31T06:09:01.922+0000] {processor.py:161} INFO - Started process (PID=1027) to work on /home/airflow/.local/lib/python3.8/site-packages/airflow/example_dags/example_sla_dag.py
[2024-03-31T06:09:01.922+0000] {processor.py:830} INFO - Processing file /home/airflow/.local/lib/python3.8/site-packages/airflow/example_dags/example_sla_dag.py for tasks to queue
[2024-03-31T06:09:01.924+0000] {logging_mixin.py:188} INFO - [2024-03-31T06:09:01.924+0000] {dagbag.py:540} INFO - Filling up the DagBag from /home/airflow/.local/lib/python3.8/site-packages/airflow/example_dags/example_sla_dag.py
[2024-03-31T06:09:01.935+0000] {processor.py:840} INFO - DAG(s) 'example_sla_dag' retrieved from /home/airflow/.local/lib/python3.8/site-packages/airflow/example_dags/example_sla_dag.py
[2024-03-31T06:09:01.955+0000] {logging_mixin.py:188} INFO - [2024-03-31T06:09:01.954+0000] {dag.py:3047} INFO - Sync 1 DAGs
[2024-03-31T06:09:01.985+0000] {logging_mixin.py:188} INFO - [2024-03-31T06:09:01.984+0000] {dag.py:3834} INFO - Setting next_dagrun for example_sla_dag to 2024-03-31 06:06:00+00:00, run_after=2024-03-31 06:08:00+00:00
[2024-03-31T06:09:02.005+0000] {processor.py:183} INFO - Processing /home/airflow/.local/lib/python3.8/site-packages/airflow/example_dags/example_sla_dag.py took 0.085 seconds
[2024-03-31T06:09:32.448+0000] {processor.py:161} INFO - Started process (PID=1084) to work on /home/airflow/.local/lib/python3.8/site-packages/airflow/example_dags/example_sla_dag.py
[2024-03-31T06:09:32.449+0000] {processor.py:830} INFO - Processing file /home/airflow/.local/lib/python3.8/site-packages/airflow/example_dags/example_sla_dag.py for tasks to queue
[2024-03-31T06:09:32.450+0000] {logging_mixin.py:188} INFO - [2024-03-31T06:09:32.450+0000] {dagbag.py:540} INFO - Filling up the DagBag from /home/airflow/.local/lib/python3.8/site-packages/airflow/example_dags/example_sla_dag.py
[2024-03-31T06:09:32.460+0000] {processor.py:840} INFO - DAG(s) 'example_sla_dag' retrieved from /home/airflow/.local/lib/python3.8/site-packages/airflow/example_dags/example_sla_dag.py
[2024-03-31T06:09:32.488+0000] {logging_mixin.py:188} INFO - [2024-03-31T06:09:32.487+0000] {dag.py:3047} INFO - Sync 1 DAGs
[2024-03-31T06:09:32.517+0000] {logging_mixin.py:188} INFO - [2024-03-31T06:09:32.517+0000] {dag.py:3834} INFO - Setting next_dagrun for example_sla_dag to 2024-03-31 06:06:00+00:00, run_after=2024-03-31 06:08:00+00:00
[2024-03-31T06:09:32.551+0000] {processor.py:183} INFO - Processing /home/airflow/.local/lib/python3.8/site-packages/airflow/example_dags/example_sla_dag.py took 0.107 seconds
[2024-03-31T06:10:02.830+0000] {processor.py:161} INFO - Started process (PID=1141) to work on /home/airflow/.local/lib/python3.8/site-packages/airflow/example_dags/example_sla_dag.py
[2024-03-31T06:10:02.831+0000] {processor.py:830} INFO - Processing file /home/airflow/.local/lib/python3.8/site-packages/airflow/example_dags/example_sla_dag.py for tasks to queue
[2024-03-31T06:10:02.833+0000] {logging_mixin.py:188} INFO - [2024-03-31T06:10:02.832+0000] {dagbag.py:540} INFO - Filling up the DagBag from /home/airflow/.local/lib/python3.8/site-packages/airflow/example_dags/example_sla_dag.py
[2024-03-31T06:10:02.839+0000] {processor.py:840} INFO - DAG(s) 'example_sla_dag' retrieved from /home/airflow/.local/lib/python3.8/site-packages/airflow/example_dags/example_sla_dag.py
[2024-03-31T06:10:02.859+0000] {logging_mixin.py:188} INFO - [2024-03-31T06:10:02.857+0000] {dag.py:3047} INFO - Sync 1 DAGs
[2024-03-31T06:10:02.883+0000] {logging_mixin.py:188} INFO - [2024-03-31T06:10:02.883+0000] {dag.py:3834} INFO - Setting next_dagrun for example_sla_dag to 2024-03-31 06:08:00+00:00, run_after=2024-03-31 06:10:00+00:00
[2024-03-31T06:10:02.904+0000] {processor.py:183} INFO - Processing /home/airflow/.local/lib/python3.8/site-packages/airflow/example_dags/example_sla_dag.py took 0.076 seconds
[2024-03-31T06:10:33.353+0000] {processor.py:161} INFO - Started process (PID=1197) to work on /home/airflow/.local/lib/python3.8/site-packages/airflow/example_dags/example_sla_dag.py
[2024-03-31T06:10:33.354+0000] {processor.py:830} INFO - Processing file /home/airflow/.local/lib/python3.8/site-packages/airflow/example_dags/example_sla_dag.py for tasks to queue
[2024-03-31T06:10:33.356+0000] {logging_mixin.py:188} INFO - [2024-03-31T06:10:33.355+0000] {dagbag.py:540} INFO - Filling up the DagBag from /home/airflow/.local/lib/python3.8/site-packages/airflow/example_dags/example_sla_dag.py
[2024-03-31T06:10:33.365+0000] {processor.py:840} INFO - DAG(s) 'example_sla_dag' retrieved from /home/airflow/.local/lib/python3.8/site-packages/airflow/example_dags/example_sla_dag.py
[2024-03-31T06:10:33.390+0000] {logging_mixin.py:188} INFO - [2024-03-31T06:10:33.388+0000] {dag.py:3047} INFO - Sync 1 DAGs
[2024-03-31T06:10:33.426+0000] {logging_mixin.py:188} INFO - [2024-03-31T06:10:33.425+0000] {dag.py:3834} INFO - Setting next_dagrun for example_sla_dag to 2024-03-31 06:08:00+00:00, run_after=2024-03-31 06:10:00+00:00
[2024-03-31T06:10:33.448+0000] {processor.py:183} INFO - Processing /home/airflow/.local/lib/python3.8/site-packages/airflow/example_dags/example_sla_dag.py took 0.098 seconds
[2024-03-31T06:11:03.638+0000] {processor.py:161} INFO - Started process (PID=1253) to work on /home/airflow/.local/lib/python3.8/site-packages/airflow/example_dags/example_sla_dag.py
[2024-03-31T06:11:03.639+0000] {processor.py:830} INFO - Processing file /home/airflow/.local/lib/python3.8/site-packages/airflow/example_dags/example_sla_dag.py for tasks to queue
[2024-03-31T06:11:03.642+0000] {logging_mixin.py:188} INFO - [2024-03-31T06:11:03.641+0000] {dagbag.py:540} INFO - Filling up the DagBag from /home/airflow/.local/lib/python3.8/site-packages/airflow/example_dags/example_sla_dag.py
[2024-03-31T06:11:03.649+0000] {processor.py:840} INFO - DAG(s) 'example_sla_dag' retrieved from /home/airflow/.local/lib/python3.8/site-packages/airflow/example_dags/example_sla_dag.py
[2024-03-31T06:11:03.669+0000] {logging_mixin.py:188} INFO - [2024-03-31T06:11:03.668+0000] {dag.py:3047} INFO - Sync 1 DAGs
[2024-03-31T06:11:03.695+0000] {logging_mixin.py:188} INFO - [2024-03-31T06:11:03.694+0000] {dag.py:3834} INFO - Setting next_dagrun for example_sla_dag to 2024-03-31 06:08:00+00:00, run_after=2024-03-31 06:10:00+00:00
[2024-03-31T06:11:03.712+0000] {processor.py:183} INFO - Processing /home/airflow/.local/lib/python3.8/site-packages/airflow/example_dags/example_sla_dag.py took 0.077 seconds
[2024-03-31T06:11:34.490+0000] {processor.py:161} INFO - Started process (PID=1309) to work on /home/airflow/.local/lib/python3.8/site-packages/airflow/example_dags/example_sla_dag.py
[2024-03-31T06:11:34.492+0000] {processor.py:830} INFO - Processing file /home/airflow/.local/lib/python3.8/site-packages/airflow/example_dags/example_sla_dag.py for tasks to queue
[2024-03-31T06:11:34.495+0000] {logging_mixin.py:188} INFO - [2024-03-31T06:11:34.495+0000] {dagbag.py:540} INFO - Filling up the DagBag from /home/airflow/.local/lib/python3.8/site-packages/airflow/example_dags/example_sla_dag.py
[2024-03-31T06:11:34.512+0000] {processor.py:840} INFO - DAG(s) 'example_sla_dag' retrieved from /home/airflow/.local/lib/python3.8/site-packages/airflow/example_dags/example_sla_dag.py
[2024-03-31T06:11:34.539+0000] {logging_mixin.py:188} INFO - [2024-03-31T06:11:34.538+0000] {dag.py:3047} INFO - Sync 1 DAGs
[2024-03-31T06:11:34.615+0000] {logging_mixin.py:188} INFO - [2024-03-31T06:11:34.615+0000] {dag.py:3834} INFO - Setting next_dagrun for example_sla_dag to 2024-03-31 06:08:00+00:00, run_after=2024-03-31 06:10:00+00:00
[2024-03-31T06:11:34.654+0000] {processor.py:183} INFO - Processing /home/airflow/.local/lib/python3.8/site-packages/airflow/example_dags/example_sla_dag.py took 0.168 seconds
[2024-03-31T06:12:04.748+0000] {processor.py:161} INFO - Started process (PID=1365) to work on /home/airflow/.local/lib/python3.8/site-packages/airflow/example_dags/example_sla_dag.py
[2024-03-31T06:12:04.750+0000] {processor.py:830} INFO - Processing file /home/airflow/.local/lib/python3.8/site-packages/airflow/example_dags/example_sla_dag.py for tasks to queue
[2024-03-31T06:12:04.763+0000] {logging_mixin.py:188} INFO - [2024-03-31T06:12:04.754+0000] {dagbag.py:540} INFO - Filling up the DagBag from /home/airflow/.local/lib/python3.8/site-packages/airflow/example_dags/example_sla_dag.py
[2024-03-31T06:12:04.784+0000] {processor.py:840} INFO - DAG(s) 'example_sla_dag' retrieved from /home/airflow/.local/lib/python3.8/site-packages/airflow/example_dags/example_sla_dag.py
[2024-03-31T06:12:04.823+0000] {logging_mixin.py:188} INFO - [2024-03-31T06:12:04.822+0000] {dag.py:3047} INFO - Sync 1 DAGs
[2024-03-31T06:12:04.879+0000] {logging_mixin.py:188} INFO - [2024-03-31T06:12:04.879+0000] {dag.py:3834} INFO - Setting next_dagrun for example_sla_dag to 2024-03-31 06:10:00+00:00, run_after=2024-03-31 06:12:00+00:00
[2024-03-31T06:12:04.913+0000] {processor.py:183} INFO - Processing /home/airflow/.local/lib/python3.8/site-packages/airflow/example_dags/example_sla_dag.py took 0.168 seconds
[2024-03-31T06:12:35.269+0000] {processor.py:161} INFO - Started process (PID=1421) to work on /home/airflow/.local/lib/python3.8/site-packages/airflow/example_dags/example_sla_dag.py
[2024-03-31T06:12:35.271+0000] {processor.py:830} INFO - Processing file /home/airflow/.local/lib/python3.8/site-packages/airflow/example_dags/example_sla_dag.py for tasks to queue
[2024-03-31T06:12:35.279+0000] {logging_mixin.py:188} INFO - [2024-03-31T06:12:35.278+0000] {dagbag.py:540} INFO - Filling up the DagBag from /home/airflow/.local/lib/python3.8/site-packages/airflow/example_dags/example_sla_dag.py
[2024-03-31T06:12:35.296+0000] {processor.py:840} INFO - DAG(s) 'example_sla_dag' retrieved from /home/airflow/.local/lib/python3.8/site-packages/airflow/example_dags/example_sla_dag.py
[2024-03-31T06:12:35.335+0000] {logging_mixin.py:188} INFO - [2024-03-31T06:12:35.334+0000] {dag.py:3047} INFO - Sync 1 DAGs
[2024-03-31T06:12:35.377+0000] {logging_mixin.py:188} INFO - [2024-03-31T06:12:35.376+0000] {dag.py:3834} INFO - Setting next_dagrun for example_sla_dag to 2024-03-31 06:10:00+00:00, run_after=2024-03-31 06:12:00+00:00
[2024-03-31T06:12:35.406+0000] {processor.py:183} INFO - Processing /home/airflow/.local/lib/python3.8/site-packages/airflow/example_dags/example_sla_dag.py took 0.140 seconds
[2024-03-31T06:13:45.872+0000] {processor.py:161} INFO - Started process (PID=70) to work on /home/airflow/.local/lib/python3.8/site-packages/airflow/example_dags/example_sla_dag.py
[2024-03-31T06:13:45.881+0000] {processor.py:830} INFO - Processing file /home/airflow/.local/lib/python3.8/site-packages/airflow/example_dags/example_sla_dag.py for tasks to queue
[2024-03-31T06:13:45.888+0000] {logging_mixin.py:188} INFO - [2024-03-31T06:13:45.886+0000] {dagbag.py:540} INFO - Filling up the DagBag from /home/airflow/.local/lib/python3.8/site-packages/airflow/example_dags/example_sla_dag.py
[2024-03-31T06:13:45.914+0000] {processor.py:840} INFO - DAG(s) 'example_sla_dag' retrieved from /home/airflow/.local/lib/python3.8/site-packages/airflow/example_dags/example_sla_dag.py
[2024-03-31T06:13:45.989+0000] {logging_mixin.py:188} INFO - [2024-03-31T06:13:45.988+0000] {dag.py:3047} INFO - Sync 1 DAGs
[2024-03-31T06:13:46.102+0000] {logging_mixin.py:188} INFO - [2024-03-31T06:13:46.101+0000] {dag.py:3834} INFO - Setting next_dagrun for example_sla_dag to 2024-03-31 06:10:00+00:00, run_after=2024-03-31 06:12:00+00:00
[2024-03-31T06:13:46.273+0000] {processor.py:183} INFO - Processing /home/airflow/.local/lib/python3.8/site-packages/airflow/example_dags/example_sla_dag.py took 0.405 seconds
