[2024-03-31T06:00:33.009+0000] {processor.py:161} INFO - Started process (PID=85) to work on /home/airflow/.local/lib/python3.8/site-packages/airflow/example_dags/example_branch_python_dop_operator_3.py
[2024-03-31T06:00:33.014+0000] {processor.py:830} INFO - Processing file /home/airflow/.local/lib/python3.8/site-packages/airflow/example_dags/example_branch_python_dop_operator_3.py for tasks to queue
[2024-03-31T06:00:33.020+0000] {logging_mixin.py:188} INFO - [2024-03-31T06:00:33.019+0000] {dagbag.py:540} INFO - Filling up the DagBag from /home/airflow/.local/lib/python3.8/site-packages/airflow/example_dags/example_branch_python_dop_operator_3.py
[2024-03-31T06:00:33.068+0000] {processor.py:840} INFO - DAG(s) 'example_branch_dop_operator_v3' retrieved from /home/airflow/.local/lib/python3.8/site-packages/airflow/example_dags/example_branch_python_dop_operator_3.py
[2024-03-31T06:00:33.728+0000] {logging_mixin.py:188} INFO - [2024-03-31T06:00:33.727+0000] {dag.py:3047} INFO - Sync 1 DAGs
[2024-03-31T06:00:33.979+0000] {logging_mixin.py:188} INFO - [2024-03-31T06:00:33.979+0000] {dag.py:3834} INFO - Setting next_dagrun for example_branch_dop_operator_v3 to 2024-03-31 05:59:00+00:00, run_after=2024-03-31 06:00:00+00:00
[2024-03-31T06:00:34.014+0000] {processor.py:183} INFO - Processing /home/airflow/.local/lib/python3.8/site-packages/airflow/example_dags/example_branch_python_dop_operator_3.py took 1.010 seconds
[2024-03-31T06:01:04.410+0000] {processor.py:161} INFO - Started process (PID=140) to work on /home/airflow/.local/lib/python3.8/site-packages/airflow/example_dags/example_branch_python_dop_operator_3.py
[2024-03-31T06:01:04.416+0000] {processor.py:830} INFO - Processing file /home/airflow/.local/lib/python3.8/site-packages/airflow/example_dags/example_branch_python_dop_operator_3.py for tasks to queue
[2024-03-31T06:01:04.419+0000] {logging_mixin.py:188} INFO - [2024-03-31T06:01:04.418+0000] {dagbag.py:540} INFO - Filling up the DagBag from /home/airflow/.local/lib/python3.8/site-packages/airflow/example_dags/example_branch_python_dop_operator_3.py
[2024-03-31T06:01:04.439+0000] {processor.py:840} INFO - DAG(s) 'example_branch_dop_operator_v3' retrieved from /home/airflow/.local/lib/python3.8/site-packages/airflow/example_dags/example_branch_python_dop_operator_3.py
[2024-03-31T06:01:04.462+0000] {logging_mixin.py:188} INFO - [2024-03-31T06:01:04.461+0000] {dag.py:3047} INFO - Sync 1 DAGs
[2024-03-31T06:01:04.491+0000] {logging_mixin.py:188} INFO - [2024-03-31T06:01:04.491+0000] {dag.py:3834} INFO - Setting next_dagrun for example_branch_dop_operator_v3 to 2024-03-31 06:00:00+00:00, run_after=2024-03-31 06:01:00+00:00
[2024-03-31T06:01:04.510+0000] {processor.py:183} INFO - Processing /home/airflow/.local/lib/python3.8/site-packages/airflow/example_dags/example_branch_python_dop_operator_3.py took 0.102 seconds
[2024-03-31T06:01:34.806+0000] {processor.py:161} INFO - Started process (PID=195) to work on /home/airflow/.local/lib/python3.8/site-packages/airflow/example_dags/example_branch_python_dop_operator_3.py
[2024-03-31T06:01:34.807+0000] {processor.py:830} INFO - Processing file /home/airflow/.local/lib/python3.8/site-packages/airflow/example_dags/example_branch_python_dop_operator_3.py for tasks to queue
[2024-03-31T06:01:34.816+0000] {logging_mixin.py:188} INFO - [2024-03-31T06:01:34.815+0000] {dagbag.py:540} INFO - Filling up the DagBag from /home/airflow/.local/lib/python3.8/site-packages/airflow/example_dags/example_branch_python_dop_operator_3.py
[2024-03-31T06:01:34.841+0000] {processor.py:840} INFO - DAG(s) 'example_branch_dop_operator_v3' retrieved from /home/airflow/.local/lib/python3.8/site-packages/airflow/example_dags/example_branch_python_dop_operator_3.py
[2024-03-31T06:01:34.869+0000] {logging_mixin.py:188} INFO - [2024-03-31T06:01:34.869+0000] {dag.py:3047} INFO - Sync 1 DAGs
[2024-03-31T06:01:34.975+0000] {logging_mixin.py:188} INFO - [2024-03-31T06:01:34.975+0000] {dag.py:3834} INFO - Setting next_dagrun for example_branch_dop_operator_v3 to 2024-03-31 06:00:00+00:00, run_after=2024-03-31 06:01:00+00:00
[2024-03-31T06:01:35.035+0000] {processor.py:183} INFO - Processing /home/airflow/.local/lib/python3.8/site-packages/airflow/example_dags/example_branch_python_dop_operator_3.py took 0.232 seconds
[2024-03-31T06:02:05.651+0000] {processor.py:161} INFO - Started process (PID=252) to work on /home/airflow/.local/lib/python3.8/site-packages/airflow/example_dags/example_branch_python_dop_operator_3.py
[2024-03-31T06:02:05.656+0000] {processor.py:830} INFO - Processing file /home/airflow/.local/lib/python3.8/site-packages/airflow/example_dags/example_branch_python_dop_operator_3.py for tasks to queue
[2024-03-31T06:02:05.657+0000] {logging_mixin.py:188} INFO - [2024-03-31T06:02:05.657+0000] {dagbag.py:540} INFO - Filling up the DagBag from /home/airflow/.local/lib/python3.8/site-packages/airflow/example_dags/example_branch_python_dop_operator_3.py
[2024-03-31T06:02:05.671+0000] {processor.py:840} INFO - DAG(s) 'example_branch_dop_operator_v3' retrieved from /home/airflow/.local/lib/python3.8/site-packages/airflow/example_dags/example_branch_python_dop_operator_3.py
[2024-03-31T06:02:05.696+0000] {logging_mixin.py:188} INFO - [2024-03-31T06:02:05.696+0000] {dag.py:3047} INFO - Sync 1 DAGs
[2024-03-31T06:02:05.772+0000] {logging_mixin.py:188} INFO - [2024-03-31T06:02:05.772+0000] {dag.py:3834} INFO - Setting next_dagrun for example_branch_dop_operator_v3 to 2024-03-31 06:01:00+00:00, run_after=2024-03-31 06:02:00+00:00
[2024-03-31T06:02:05.838+0000] {processor.py:183} INFO - Processing /home/airflow/.local/lib/python3.8/site-packages/airflow/example_dags/example_branch_python_dop_operator_3.py took 0.190 seconds
[2024-03-31T06:02:36.094+0000] {processor.py:161} INFO - Started process (PID=308) to work on /home/airflow/.local/lib/python3.8/site-packages/airflow/example_dags/example_branch_python_dop_operator_3.py
[2024-03-31T06:02:36.095+0000] {processor.py:830} INFO - Processing file /home/airflow/.local/lib/python3.8/site-packages/airflow/example_dags/example_branch_python_dop_operator_3.py for tasks to queue
[2024-03-31T06:02:36.097+0000] {logging_mixin.py:188} INFO - [2024-03-31T06:02:36.096+0000] {dagbag.py:540} INFO - Filling up the DagBag from /home/airflow/.local/lib/python3.8/site-packages/airflow/example_dags/example_branch_python_dop_operator_3.py
[2024-03-31T06:02:36.106+0000] {processor.py:840} INFO - DAG(s) 'example_branch_dop_operator_v3' retrieved from /home/airflow/.local/lib/python3.8/site-packages/airflow/example_dags/example_branch_python_dop_operator_3.py
[2024-03-31T06:02:36.118+0000] {logging_mixin.py:188} INFO - [2024-03-31T06:02:36.117+0000] {dag.py:3047} INFO - Sync 1 DAGs
[2024-03-31T06:02:36.151+0000] {logging_mixin.py:188} INFO - [2024-03-31T06:02:36.150+0000] {dag.py:3834} INFO - Setting next_dagrun for example_branch_dop_operator_v3 to 2024-03-31 06:01:00+00:00, run_after=2024-03-31 06:02:00+00:00
[2024-03-31T06:02:36.194+0000] {processor.py:183} INFO - Processing /home/airflow/.local/lib/python3.8/site-packages/airflow/example_dags/example_branch_python_dop_operator_3.py took 0.103 seconds
[2024-03-31T06:03:07.003+0000] {processor.py:161} INFO - Started process (PID=364) to work on /home/airflow/.local/lib/python3.8/site-packages/airflow/example_dags/example_branch_python_dop_operator_3.py
[2024-03-31T06:03:07.004+0000] {processor.py:830} INFO - Processing file /home/airflow/.local/lib/python3.8/site-packages/airflow/example_dags/example_branch_python_dop_operator_3.py for tasks to queue
[2024-03-31T06:03:07.005+0000] {logging_mixin.py:188} INFO - [2024-03-31T06:03:07.005+0000] {dagbag.py:540} INFO - Filling up the DagBag from /home/airflow/.local/lib/python3.8/site-packages/airflow/example_dags/example_branch_python_dop_operator_3.py
[2024-03-31T06:03:07.013+0000] {processor.py:840} INFO - DAG(s) 'example_branch_dop_operator_v3' retrieved from /home/airflow/.local/lib/python3.8/site-packages/airflow/example_dags/example_branch_python_dop_operator_3.py
[2024-03-31T06:03:07.119+0000] {logging_mixin.py:188} INFO - [2024-03-31T06:03:07.119+0000] {dag.py:3047} INFO - Sync 1 DAGs
[2024-03-31T06:03:07.151+0000] {logging_mixin.py:188} INFO - [2024-03-31T06:03:07.151+0000] {dag.py:3834} INFO - Setting next_dagrun for example_branch_dop_operator_v3 to 2024-03-31 06:02:00+00:00, run_after=2024-03-31 06:03:00+00:00
[2024-03-31T06:03:07.171+0000] {processor.py:183} INFO - Processing /home/airflow/.local/lib/python3.8/site-packages/airflow/example_dags/example_branch_python_dop_operator_3.py took 0.170 seconds
[2024-03-31T06:03:37.251+0000] {processor.py:161} INFO - Started process (PID=419) to work on /home/airflow/.local/lib/python3.8/site-packages/airflow/example_dags/example_branch_python_dop_operator_3.py
[2024-03-31T06:03:37.251+0000] {processor.py:830} INFO - Processing file /home/airflow/.local/lib/python3.8/site-packages/airflow/example_dags/example_branch_python_dop_operator_3.py for tasks to queue
[2024-03-31T06:03:37.253+0000] {logging_mixin.py:188} INFO - [2024-03-31T06:03:37.253+0000] {dagbag.py:540} INFO - Filling up the DagBag from /home/airflow/.local/lib/python3.8/site-packages/airflow/example_dags/example_branch_python_dop_operator_3.py
[2024-03-31T06:03:37.260+0000] {processor.py:840} INFO - DAG(s) 'example_branch_dop_operator_v3' retrieved from /home/airflow/.local/lib/python3.8/site-packages/airflow/example_dags/example_branch_python_dop_operator_3.py
[2024-03-31T06:03:37.278+0000] {logging_mixin.py:188} INFO - [2024-03-31T06:03:37.278+0000] {dag.py:3047} INFO - Sync 1 DAGs
[2024-03-31T06:03:37.306+0000] {logging_mixin.py:188} INFO - [2024-03-31T06:03:37.306+0000] {dag.py:3834} INFO - Setting next_dagrun for example_branch_dop_operator_v3 to 2024-03-31 06:02:00+00:00, run_after=2024-03-31 06:03:00+00:00
[2024-03-31T06:03:37.325+0000] {processor.py:183} INFO - Processing /home/airflow/.local/lib/python3.8/site-packages/airflow/example_dags/example_branch_python_dop_operator_3.py took 0.076 seconds
[2024-03-31T06:04:07.723+0000] {processor.py:161} INFO - Started process (PID=476) to work on /home/airflow/.local/lib/python3.8/site-packages/airflow/example_dags/example_branch_python_dop_operator_3.py
[2024-03-31T06:04:07.723+0000] {processor.py:830} INFO - Processing file /home/airflow/.local/lib/python3.8/site-packages/airflow/example_dags/example_branch_python_dop_operator_3.py for tasks to queue
[2024-03-31T06:04:07.725+0000] {logging_mixin.py:188} INFO - [2024-03-31T06:04:07.725+0000] {dagbag.py:540} INFO - Filling up the DagBag from /home/airflow/.local/lib/python3.8/site-packages/airflow/example_dags/example_branch_python_dop_operator_3.py
[2024-03-31T06:04:07.734+0000] {processor.py:840} INFO - DAG(s) 'example_branch_dop_operator_v3' retrieved from /home/airflow/.local/lib/python3.8/site-packages/airflow/example_dags/example_branch_python_dop_operator_3.py
[2024-03-31T06:04:07.754+0000] {logging_mixin.py:188} INFO - [2024-03-31T06:04:07.754+0000] {dag.py:3047} INFO - Sync 1 DAGs
[2024-03-31T06:04:07.786+0000] {logging_mixin.py:188} INFO - [2024-03-31T06:04:07.785+0000] {dag.py:3834} INFO - Setting next_dagrun for example_branch_dop_operator_v3 to 2024-03-31 06:03:00+00:00, run_after=2024-03-31 06:04:00+00:00
[2024-03-31T06:04:07.808+0000] {processor.py:183} INFO - Processing /home/airflow/.local/lib/python3.8/site-packages/airflow/example_dags/example_branch_python_dop_operator_3.py took 0.088 seconds
[2024-03-31T06:04:38.075+0000] {processor.py:161} INFO - Started process (PID=532) to work on /home/airflow/.local/lib/python3.8/site-packages/airflow/example_dags/example_branch_python_dop_operator_3.py
[2024-03-31T06:04:38.076+0000] {processor.py:830} INFO - Processing file /home/airflow/.local/lib/python3.8/site-packages/airflow/example_dags/example_branch_python_dop_operator_3.py for tasks to queue
[2024-03-31T06:04:38.077+0000] {logging_mixin.py:188} INFO - [2024-03-31T06:04:38.077+0000] {dagbag.py:540} INFO - Filling up the DagBag from /home/airflow/.local/lib/python3.8/site-packages/airflow/example_dags/example_branch_python_dop_operator_3.py
[2024-03-31T06:04:38.087+0000] {processor.py:840} INFO - DAG(s) 'example_branch_dop_operator_v3' retrieved from /home/airflow/.local/lib/python3.8/site-packages/airflow/example_dags/example_branch_python_dop_operator_3.py
[2024-03-31T06:04:38.107+0000] {logging_mixin.py:188} INFO - [2024-03-31T06:04:38.107+0000] {dag.py:3047} INFO - Sync 1 DAGs
[2024-03-31T06:04:38.136+0000] {logging_mixin.py:188} INFO - [2024-03-31T06:04:38.136+0000] {dag.py:3834} INFO - Setting next_dagrun for example_branch_dop_operator_v3 to 2024-03-31 06:03:00+00:00, run_after=2024-03-31 06:04:00+00:00
[2024-03-31T06:04:38.157+0000] {processor.py:183} INFO - Processing /home/airflow/.local/lib/python3.8/site-packages/airflow/example_dags/example_branch_python_dop_operator_3.py took 0.084 seconds
[2024-03-31T06:05:08.251+0000] {processor.py:161} INFO - Started process (PID=587) to work on /home/airflow/.local/lib/python3.8/site-packages/airflow/example_dags/example_branch_python_dop_operator_3.py
[2024-03-31T06:05:08.252+0000] {processor.py:830} INFO - Processing file /home/airflow/.local/lib/python3.8/site-packages/airflow/example_dags/example_branch_python_dop_operator_3.py for tasks to queue
[2024-03-31T06:05:08.253+0000] {logging_mixin.py:188} INFO - [2024-03-31T06:05:08.253+0000] {dagbag.py:540} INFO - Filling up the DagBag from /home/airflow/.local/lib/python3.8/site-packages/airflow/example_dags/example_branch_python_dop_operator_3.py
[2024-03-31T06:05:08.261+0000] {processor.py:840} INFO - DAG(s) 'example_branch_dop_operator_v3' retrieved from /home/airflow/.local/lib/python3.8/site-packages/airflow/example_dags/example_branch_python_dop_operator_3.py
[2024-03-31T06:05:08.281+0000] {logging_mixin.py:188} INFO - [2024-03-31T06:05:08.280+0000] {dag.py:3047} INFO - Sync 1 DAGs
[2024-03-31T06:05:08.307+0000] {logging_mixin.py:188} INFO - [2024-03-31T06:05:08.306+0000] {dag.py:3834} INFO - Setting next_dagrun for example_branch_dop_operator_v3 to 2024-03-31 06:04:00+00:00, run_after=2024-03-31 06:05:00+00:00
[2024-03-31T06:05:08.336+0000] {processor.py:183} INFO - Processing /home/airflow/.local/lib/python3.8/site-packages/airflow/example_dags/example_branch_python_dop_operator_3.py took 0.086 seconds
[2024-03-31T06:05:38.446+0000] {processor.py:161} INFO - Started process (PID=643) to work on /home/airflow/.local/lib/python3.8/site-packages/airflow/example_dags/example_branch_python_dop_operator_3.py
[2024-03-31T06:05:38.447+0000] {processor.py:830} INFO - Processing file /home/airflow/.local/lib/python3.8/site-packages/airflow/example_dags/example_branch_python_dop_operator_3.py for tasks to queue
[2024-03-31T06:05:38.449+0000] {logging_mixin.py:188} INFO - [2024-03-31T06:05:38.449+0000] {dagbag.py:540} INFO - Filling up the DagBag from /home/airflow/.local/lib/python3.8/site-packages/airflow/example_dags/example_branch_python_dop_operator_3.py
[2024-03-31T06:05:38.457+0000] {processor.py:840} INFO - DAG(s) 'example_branch_dop_operator_v3' retrieved from /home/airflow/.local/lib/python3.8/site-packages/airflow/example_dags/example_branch_python_dop_operator_3.py
[2024-03-31T06:05:38.480+0000] {logging_mixin.py:188} INFO - [2024-03-31T06:05:38.479+0000] {dag.py:3047} INFO - Sync 1 DAGs
[2024-03-31T06:05:38.511+0000] {logging_mixin.py:188} INFO - [2024-03-31T06:05:38.510+0000] {dag.py:3834} INFO - Setting next_dagrun for example_branch_dop_operator_v3 to 2024-03-31 06:04:00+00:00, run_after=2024-03-31 06:05:00+00:00
[2024-03-31T06:05:38.532+0000] {processor.py:183} INFO - Processing /home/airflow/.local/lib/python3.8/site-packages/airflow/example_dags/example_branch_python_dop_operator_3.py took 0.090 seconds
[2024-03-31T06:06:09.113+0000] {processor.py:161} INFO - Started process (PID=699) to work on /home/airflow/.local/lib/python3.8/site-packages/airflow/example_dags/example_branch_python_dop_operator_3.py
[2024-03-31T06:06:09.114+0000] {processor.py:830} INFO - Processing file /home/airflow/.local/lib/python3.8/site-packages/airflow/example_dags/example_branch_python_dop_operator_3.py for tasks to queue
[2024-03-31T06:06:09.115+0000] {logging_mixin.py:188} INFO - [2024-03-31T06:06:09.115+0000] {dagbag.py:540} INFO - Filling up the DagBag from /home/airflow/.local/lib/python3.8/site-packages/airflow/example_dags/example_branch_python_dop_operator_3.py
[2024-03-31T06:06:09.123+0000] {processor.py:840} INFO - DAG(s) 'example_branch_dop_operator_v3' retrieved from /home/airflow/.local/lib/python3.8/site-packages/airflow/example_dags/example_branch_python_dop_operator_3.py
[2024-03-31T06:06:09.142+0000] {logging_mixin.py:188} INFO - [2024-03-31T06:06:09.142+0000] {dag.py:3047} INFO - Sync 1 DAGs
[2024-03-31T06:06:09.183+0000] {logging_mixin.py:188} INFO - [2024-03-31T06:06:09.183+0000] {dag.py:3834} INFO - Setting next_dagrun for example_branch_dop_operator_v3 to 2024-03-31 06:05:00+00:00, run_after=2024-03-31 06:06:00+00:00
[2024-03-31T06:06:09.204+0000] {processor.py:183} INFO - Processing /home/airflow/.local/lib/python3.8/site-packages/airflow/example_dags/example_branch_python_dop_operator_3.py took 0.096 seconds
[2024-03-31T06:06:39.467+0000] {processor.py:161} INFO - Started process (PID=755) to work on /home/airflow/.local/lib/python3.8/site-packages/airflow/example_dags/example_branch_python_dop_operator_3.py
[2024-03-31T06:06:39.468+0000] {processor.py:830} INFO - Processing file /home/airflow/.local/lib/python3.8/site-packages/airflow/example_dags/example_branch_python_dop_operator_3.py for tasks to queue
[2024-03-31T06:06:39.470+0000] {logging_mixin.py:188} INFO - [2024-03-31T06:06:39.469+0000] {dagbag.py:540} INFO - Filling up the DagBag from /home/airflow/.local/lib/python3.8/site-packages/airflow/example_dags/example_branch_python_dop_operator_3.py
[2024-03-31T06:06:39.481+0000] {processor.py:840} INFO - DAG(s) 'example_branch_dop_operator_v3' retrieved from /home/airflow/.local/lib/python3.8/site-packages/airflow/example_dags/example_branch_python_dop_operator_3.py
[2024-03-31T06:06:39.502+0000] {logging_mixin.py:188} INFO - [2024-03-31T06:06:39.502+0000] {dag.py:3047} INFO - Sync 1 DAGs
[2024-03-31T06:06:39.535+0000] {logging_mixin.py:188} INFO - [2024-03-31T06:06:39.534+0000] {dag.py:3834} INFO - Setting next_dagrun for example_branch_dop_operator_v3 to 2024-03-31 06:05:00+00:00, run_after=2024-03-31 06:06:00+00:00
[2024-03-31T06:06:39.555+0000] {processor.py:183} INFO - Processing /home/airflow/.local/lib/python3.8/site-packages/airflow/example_dags/example_branch_python_dop_operator_3.py took 0.092 seconds
[2024-03-31T06:07:10.241+0000] {processor.py:161} INFO - Started process (PID=811) to work on /home/airflow/.local/lib/python3.8/site-packages/airflow/example_dags/example_branch_python_dop_operator_3.py
[2024-03-31T06:07:10.241+0000] {processor.py:830} INFO - Processing file /home/airflow/.local/lib/python3.8/site-packages/airflow/example_dags/example_branch_python_dop_operator_3.py for tasks to queue
[2024-03-31T06:07:10.243+0000] {logging_mixin.py:188} INFO - [2024-03-31T06:07:10.243+0000] {dagbag.py:540} INFO - Filling up the DagBag from /home/airflow/.local/lib/python3.8/site-packages/airflow/example_dags/example_branch_python_dop_operator_3.py
[2024-03-31T06:07:10.254+0000] {processor.py:840} INFO - DAG(s) 'example_branch_dop_operator_v3' retrieved from /home/airflow/.local/lib/python3.8/site-packages/airflow/example_dags/example_branch_python_dop_operator_3.py
[2024-03-31T06:07:10.281+0000] {logging_mixin.py:188} INFO - [2024-03-31T06:07:10.280+0000] {dag.py:3047} INFO - Sync 1 DAGs
[2024-03-31T06:07:10.336+0000] {logging_mixin.py:188} INFO - [2024-03-31T06:07:10.336+0000] {dag.py:3834} INFO - Setting next_dagrun for example_branch_dop_operator_v3 to 2024-03-31 06:06:00+00:00, run_after=2024-03-31 06:07:00+00:00
[2024-03-31T06:07:10.387+0000] {processor.py:183} INFO - Processing /home/airflow/.local/lib/python3.8/site-packages/airflow/example_dags/example_branch_python_dop_operator_3.py took 0.149 seconds
[2024-03-31T06:07:40.723+0000] {processor.py:161} INFO - Started process (PID=868) to work on /home/airflow/.local/lib/python3.8/site-packages/airflow/example_dags/example_branch_python_dop_operator_3.py
[2024-03-31T06:07:40.724+0000] {processor.py:830} INFO - Processing file /home/airflow/.local/lib/python3.8/site-packages/airflow/example_dags/example_branch_python_dop_operator_3.py for tasks to queue
[2024-03-31T06:07:40.725+0000] {logging_mixin.py:188} INFO - [2024-03-31T06:07:40.725+0000] {dagbag.py:540} INFO - Filling up the DagBag from /home/airflow/.local/lib/python3.8/site-packages/airflow/example_dags/example_branch_python_dop_operator_3.py
[2024-03-31T06:07:40.734+0000] {processor.py:840} INFO - DAG(s) 'example_branch_dop_operator_v3' retrieved from /home/airflow/.local/lib/python3.8/site-packages/airflow/example_dags/example_branch_python_dop_operator_3.py
[2024-03-31T06:07:40.758+0000] {logging_mixin.py:188} INFO - [2024-03-31T06:07:40.758+0000] {dag.py:3047} INFO - Sync 1 DAGs
[2024-03-31T06:07:40.790+0000] {logging_mixin.py:188} INFO - [2024-03-31T06:07:40.790+0000] {dag.py:3834} INFO - Setting next_dagrun for example_branch_dop_operator_v3 to 2024-03-31 06:06:00+00:00, run_after=2024-03-31 06:07:00+00:00
[2024-03-31T06:07:40.816+0000] {processor.py:183} INFO - Processing /home/airflow/.local/lib/python3.8/site-packages/airflow/example_dags/example_branch_python_dop_operator_3.py took 0.096 seconds
[2024-03-31T06:08:11.001+0000] {processor.py:161} INFO - Started process (PID=924) to work on /home/airflow/.local/lib/python3.8/site-packages/airflow/example_dags/example_branch_python_dop_operator_3.py
[2024-03-31T06:08:11.001+0000] {processor.py:830} INFO - Processing file /home/airflow/.local/lib/python3.8/site-packages/airflow/example_dags/example_branch_python_dop_operator_3.py for tasks to queue
[2024-03-31T06:08:11.003+0000] {logging_mixin.py:188} INFO - [2024-03-31T06:08:11.003+0000] {dagbag.py:540} INFO - Filling up the DagBag from /home/airflow/.local/lib/python3.8/site-packages/airflow/example_dags/example_branch_python_dop_operator_3.py
[2024-03-31T06:08:11.012+0000] {processor.py:840} INFO - DAG(s) 'example_branch_dop_operator_v3' retrieved from /home/airflow/.local/lib/python3.8/site-packages/airflow/example_dags/example_branch_python_dop_operator_3.py
[2024-03-31T06:08:11.033+0000] {logging_mixin.py:188} INFO - [2024-03-31T06:08:11.033+0000] {dag.py:3047} INFO - Sync 1 DAGs
[2024-03-31T06:08:11.065+0000] {logging_mixin.py:188} INFO - [2024-03-31T06:08:11.065+0000] {dag.py:3834} INFO - Setting next_dagrun for example_branch_dop_operator_v3 to 2024-03-31 06:07:00+00:00, run_after=2024-03-31 06:08:00+00:00
[2024-03-31T06:08:11.087+0000] {processor.py:183} INFO - Processing /home/airflow/.local/lib/python3.8/site-packages/airflow/example_dags/example_branch_python_dop_operator_3.py took 0.089 seconds
[2024-03-31T06:08:41.210+0000] {processor.py:161} INFO - Started process (PID=980) to work on /home/airflow/.local/lib/python3.8/site-packages/airflow/example_dags/example_branch_python_dop_operator_3.py
[2024-03-31T06:08:41.212+0000] {processor.py:830} INFO - Processing file /home/airflow/.local/lib/python3.8/site-packages/airflow/example_dags/example_branch_python_dop_operator_3.py for tasks to queue
[2024-03-31T06:08:41.218+0000] {logging_mixin.py:188} INFO - [2024-03-31T06:08:41.218+0000] {dagbag.py:540} INFO - Filling up the DagBag from /home/airflow/.local/lib/python3.8/site-packages/airflow/example_dags/example_branch_python_dop_operator_3.py
[2024-03-31T06:08:41.238+0000] {processor.py:840} INFO - DAG(s) 'example_branch_dop_operator_v3' retrieved from /home/airflow/.local/lib/python3.8/site-packages/airflow/example_dags/example_branch_python_dop_operator_3.py
[2024-03-31T06:08:41.263+0000] {logging_mixin.py:188} INFO - [2024-03-31T06:08:41.262+0000] {dag.py:3047} INFO - Sync 1 DAGs
[2024-03-31T06:08:41.337+0000] {logging_mixin.py:188} INFO - [2024-03-31T06:08:41.337+0000] {dag.py:3834} INFO - Setting next_dagrun for example_branch_dop_operator_v3 to 2024-03-31 06:07:00+00:00, run_after=2024-03-31 06:08:00+00:00
[2024-03-31T06:08:41.389+0000] {processor.py:183} INFO - Processing /home/airflow/.local/lib/python3.8/site-packages/airflow/example_dags/example_branch_python_dop_operator_3.py took 0.183 seconds
[2024-03-31T06:09:11.533+0000] {processor.py:161} INFO - Started process (PID=1043) to work on /home/airflow/.local/lib/python3.8/site-packages/airflow/example_dags/example_branch_python_dop_operator_3.py
[2024-03-31T06:09:11.534+0000] {processor.py:830} INFO - Processing file /home/airflow/.local/lib/python3.8/site-packages/airflow/example_dags/example_branch_python_dop_operator_3.py for tasks to queue
[2024-03-31T06:09:11.535+0000] {logging_mixin.py:188} INFO - [2024-03-31T06:09:11.535+0000] {dagbag.py:540} INFO - Filling up the DagBag from /home/airflow/.local/lib/python3.8/site-packages/airflow/example_dags/example_branch_python_dop_operator_3.py
[2024-03-31T06:09:11.544+0000] {processor.py:840} INFO - DAG(s) 'example_branch_dop_operator_v3' retrieved from /home/airflow/.local/lib/python3.8/site-packages/airflow/example_dags/example_branch_python_dop_operator_3.py
[2024-03-31T06:09:11.565+0000] {logging_mixin.py:188} INFO - [2024-03-31T06:09:11.565+0000] {dag.py:3047} INFO - Sync 1 DAGs
[2024-03-31T06:09:11.593+0000] {logging_mixin.py:188} INFO - [2024-03-31T06:09:11.593+0000] {dag.py:3834} INFO - Setting next_dagrun for example_branch_dop_operator_v3 to 2024-03-31 06:08:00+00:00, run_after=2024-03-31 06:09:00+00:00
[2024-03-31T06:09:11.615+0000] {processor.py:183} INFO - Processing /home/airflow/.local/lib/python3.8/site-packages/airflow/example_dags/example_branch_python_dop_operator_3.py took 0.085 seconds
[2024-03-31T06:09:42.015+0000] {processor.py:161} INFO - Started process (PID=1100) to work on /home/airflow/.local/lib/python3.8/site-packages/airflow/example_dags/example_branch_python_dop_operator_3.py
[2024-03-31T06:09:42.016+0000] {processor.py:830} INFO - Processing file /home/airflow/.local/lib/python3.8/site-packages/airflow/example_dags/example_branch_python_dop_operator_3.py for tasks to queue
[2024-03-31T06:09:42.017+0000] {logging_mixin.py:188} INFO - [2024-03-31T06:09:42.017+0000] {dagbag.py:540} INFO - Filling up the DagBag from /home/airflow/.local/lib/python3.8/site-packages/airflow/example_dags/example_branch_python_dop_operator_3.py
[2024-03-31T06:09:42.026+0000] {processor.py:840} INFO - DAG(s) 'example_branch_dop_operator_v3' retrieved from /home/airflow/.local/lib/python3.8/site-packages/airflow/example_dags/example_branch_python_dop_operator_3.py
[2024-03-31T06:09:42.057+0000] {logging_mixin.py:188} INFO - [2024-03-31T06:09:42.056+0000] {dag.py:3047} INFO - Sync 1 DAGs
[2024-03-31T06:09:42.097+0000] {logging_mixin.py:188} INFO - [2024-03-31T06:09:42.097+0000] {dag.py:3834} INFO - Setting next_dagrun for example_branch_dop_operator_v3 to 2024-03-31 06:08:00+00:00, run_after=2024-03-31 06:09:00+00:00
[2024-03-31T06:09:42.128+0000] {processor.py:183} INFO - Processing /home/airflow/.local/lib/python3.8/site-packages/airflow/example_dags/example_branch_python_dop_operator_3.py took 0.122 seconds
[2024-03-31T06:10:12.388+0000] {processor.py:161} INFO - Started process (PID=1156) to work on /home/airflow/.local/lib/python3.8/site-packages/airflow/example_dags/example_branch_python_dop_operator_3.py
[2024-03-31T06:10:12.388+0000] {processor.py:830} INFO - Processing file /home/airflow/.local/lib/python3.8/site-packages/airflow/example_dags/example_branch_python_dop_operator_3.py for tasks to queue
[2024-03-31T06:10:12.390+0000] {logging_mixin.py:188} INFO - [2024-03-31T06:10:12.390+0000] {dagbag.py:540} INFO - Filling up the DagBag from /home/airflow/.local/lib/python3.8/site-packages/airflow/example_dags/example_branch_python_dop_operator_3.py
[2024-03-31T06:10:12.400+0000] {processor.py:840} INFO - DAG(s) 'example_branch_dop_operator_v3' retrieved from /home/airflow/.local/lib/python3.8/site-packages/airflow/example_dags/example_branch_python_dop_operator_3.py
[2024-03-31T06:10:12.423+0000] {logging_mixin.py:188} INFO - [2024-03-31T06:10:12.423+0000] {dag.py:3047} INFO - Sync 1 DAGs
[2024-03-31T06:10:12.457+0000] {logging_mixin.py:188} INFO - [2024-03-31T06:10:12.457+0000] {dag.py:3834} INFO - Setting next_dagrun for example_branch_dop_operator_v3 to 2024-03-31 06:09:00+00:00, run_after=2024-03-31 06:10:00+00:00
[2024-03-31T06:10:12.479+0000] {processor.py:183} INFO - Processing /home/airflow/.local/lib/python3.8/site-packages/airflow/example_dags/example_branch_python_dop_operator_3.py took 0.094 seconds
[2024-03-31T06:10:42.779+0000] {processor.py:161} INFO - Started process (PID=1212) to work on /home/airflow/.local/lib/python3.8/site-packages/airflow/example_dags/example_branch_python_dop_operator_3.py
[2024-03-31T06:10:42.795+0000] {processor.py:830} INFO - Processing file /home/airflow/.local/lib/python3.8/site-packages/airflow/example_dags/example_branch_python_dop_operator_3.py for tasks to queue
[2024-03-31T06:10:42.798+0000] {logging_mixin.py:188} INFO - [2024-03-31T06:10:42.797+0000] {dagbag.py:540} INFO - Filling up the DagBag from /home/airflow/.local/lib/python3.8/site-packages/airflow/example_dags/example_branch_python_dop_operator_3.py
[2024-03-31T06:10:42.806+0000] {processor.py:840} INFO - DAG(s) 'example_branch_dop_operator_v3' retrieved from /home/airflow/.local/lib/python3.8/site-packages/airflow/example_dags/example_branch_python_dop_operator_3.py
[2024-03-31T06:10:42.836+0000] {logging_mixin.py:188} INFO - [2024-03-31T06:10:42.836+0000] {dag.py:3047} INFO - Sync 1 DAGs
[2024-03-31T06:10:42.870+0000] {logging_mixin.py:188} INFO - [2024-03-31T06:10:42.870+0000] {dag.py:3834} INFO - Setting next_dagrun for example_branch_dop_operator_v3 to 2024-03-31 06:09:00+00:00, run_after=2024-03-31 06:10:00+00:00
[2024-03-31T06:10:42.897+0000] {processor.py:183} INFO - Processing /home/airflow/.local/lib/python3.8/site-packages/airflow/example_dags/example_branch_python_dop_operator_3.py took 0.131 seconds
[2024-03-31T06:11:13.300+0000] {processor.py:161} INFO - Started process (PID=1268) to work on /home/airflow/.local/lib/python3.8/site-packages/airflow/example_dags/example_branch_python_dop_operator_3.py
[2024-03-31T06:11:13.301+0000] {processor.py:830} INFO - Processing file /home/airflow/.local/lib/python3.8/site-packages/airflow/example_dags/example_branch_python_dop_operator_3.py for tasks to queue
[2024-03-31T06:11:13.302+0000] {logging_mixin.py:188} INFO - [2024-03-31T06:11:13.302+0000] {dagbag.py:540} INFO - Filling up the DagBag from /home/airflow/.local/lib/python3.8/site-packages/airflow/example_dags/example_branch_python_dop_operator_3.py
[2024-03-31T06:11:13.315+0000] {processor.py:840} INFO - DAG(s) 'example_branch_dop_operator_v3' retrieved from /home/airflow/.local/lib/python3.8/site-packages/airflow/example_dags/example_branch_python_dop_operator_3.py
[2024-03-31T06:11:13.339+0000] {logging_mixin.py:188} INFO - [2024-03-31T06:11:13.338+0000] {dag.py:3047} INFO - Sync 1 DAGs
[2024-03-31T06:11:13.378+0000] {logging_mixin.py:188} INFO - [2024-03-31T06:11:13.377+0000] {dag.py:3834} INFO - Setting next_dagrun for example_branch_dop_operator_v3 to 2024-03-31 06:10:00+00:00, run_after=2024-03-31 06:11:00+00:00
[2024-03-31T06:11:13.399+0000] {processor.py:183} INFO - Processing /home/airflow/.local/lib/python3.8/site-packages/airflow/example_dags/example_branch_python_dop_operator_3.py took 0.102 seconds
[2024-03-31T06:11:44.055+0000] {processor.py:161} INFO - Started process (PID=1324) to work on /home/airflow/.local/lib/python3.8/site-packages/airflow/example_dags/example_branch_python_dop_operator_3.py
[2024-03-31T06:11:44.056+0000] {processor.py:830} INFO - Processing file /home/airflow/.local/lib/python3.8/site-packages/airflow/example_dags/example_branch_python_dop_operator_3.py for tasks to queue
[2024-03-31T06:11:44.060+0000] {logging_mixin.py:188} INFO - [2024-03-31T06:11:44.059+0000] {dagbag.py:540} INFO - Filling up the DagBag from /home/airflow/.local/lib/python3.8/site-packages/airflow/example_dags/example_branch_python_dop_operator_3.py
[2024-03-31T06:11:44.071+0000] {processor.py:840} INFO - DAG(s) 'example_branch_dop_operator_v3' retrieved from /home/airflow/.local/lib/python3.8/site-packages/airflow/example_dags/example_branch_python_dop_operator_3.py
[2024-03-31T06:11:44.093+0000] {logging_mixin.py:188} INFO - [2024-03-31T06:11:44.092+0000] {dag.py:3047} INFO - Sync 1 DAGs
[2024-03-31T06:11:44.130+0000] {logging_mixin.py:188} INFO - [2024-03-31T06:11:44.129+0000] {dag.py:3834} INFO - Setting next_dagrun for example_branch_dop_operator_v3 to 2024-03-31 06:10:00+00:00, run_after=2024-03-31 06:11:00+00:00
[2024-03-31T06:11:44.161+0000] {processor.py:183} INFO - Processing /home/airflow/.local/lib/python3.8/site-packages/airflow/example_dags/example_branch_python_dop_operator_3.py took 0.109 seconds
[2024-03-31T06:12:14.789+0000] {processor.py:161} INFO - Started process (PID=1380) to work on /home/airflow/.local/lib/python3.8/site-packages/airflow/example_dags/example_branch_python_dop_operator_3.py
[2024-03-31T06:12:14.793+0000] {processor.py:830} INFO - Processing file /home/airflow/.local/lib/python3.8/site-packages/airflow/example_dags/example_branch_python_dop_operator_3.py for tasks to queue
[2024-03-31T06:12:14.803+0000] {logging_mixin.py:188} INFO - [2024-03-31T06:12:14.802+0000] {dagbag.py:540} INFO - Filling up the DagBag from /home/airflow/.local/lib/python3.8/site-packages/airflow/example_dags/example_branch_python_dop_operator_3.py
[2024-03-31T06:12:14.853+0000] {processor.py:840} INFO - DAG(s) 'example_branch_dop_operator_v3' retrieved from /home/airflow/.local/lib/python3.8/site-packages/airflow/example_dags/example_branch_python_dop_operator_3.py
[2024-03-31T06:12:15.129+0000] {logging_mixin.py:188} INFO - [2024-03-31T06:12:15.128+0000] {dag.py:3047} INFO - Sync 1 DAGs
[2024-03-31T06:12:15.281+0000] {logging_mixin.py:188} INFO - [2024-03-31T06:12:15.271+0000] {dag.py:3834} INFO - Setting next_dagrun for example_branch_dop_operator_v3 to 2024-03-31 06:11:00+00:00, run_after=2024-03-31 06:12:00+00:00
[2024-03-31T06:12:15.428+0000] {processor.py:183} INFO - Processing /home/airflow/.local/lib/python3.8/site-packages/airflow/example_dags/example_branch_python_dop_operator_3.py took 0.642 seconds
[2024-03-31T06:12:54.812+0000] {processor.py:161} INFO - Started process (PID=1431) to work on /home/airflow/.local/lib/python3.8/site-packages/airflow/example_dags/example_branch_python_dop_operator_3.py
[2024-03-31T06:12:54.816+0000] {processor.py:830} INFO - Processing file /home/airflow/.local/lib/python3.8/site-packages/airflow/example_dags/example_branch_python_dop_operator_3.py for tasks to queue
[2024-03-31T06:12:54.828+0000] {logging_mixin.py:188} INFO - [2024-03-31T06:12:54.828+0000] {dagbag.py:540} INFO - Filling up the DagBag from /home/airflow/.local/lib/python3.8/site-packages/airflow/example_dags/example_branch_python_dop_operator_3.py
[2024-03-31T06:12:54.912+0000] {processor.py:840} INFO - DAG(s) 'example_branch_dop_operator_v3' retrieved from /home/airflow/.local/lib/python3.8/site-packages/airflow/example_dags/example_branch_python_dop_operator_3.py
[2024-03-31T06:13:02.368+0000] {logging_mixin.py:188} INFO - [2024-03-31T06:13:02.368+0000] {process_utils.py:262} INFO - Waiting up to 5 seconds for processes to exit...
[2024-03-31T06:13:48.063+0000] {processor.py:161} INFO - Started process (PID=81) to work on /home/airflow/.local/lib/python3.8/site-packages/airflow/example_dags/example_branch_python_dop_operator_3.py
[2024-03-31T06:13:48.066+0000] {processor.py:830} INFO - Processing file /home/airflow/.local/lib/python3.8/site-packages/airflow/example_dags/example_branch_python_dop_operator_3.py for tasks to queue
[2024-03-31T06:13:48.071+0000] {logging_mixin.py:188} INFO - [2024-03-31T06:13:48.071+0000] {dagbag.py:540} INFO - Filling up the DagBag from /home/airflow/.local/lib/python3.8/site-packages/airflow/example_dags/example_branch_python_dop_operator_3.py
[2024-03-31T06:13:48.090+0000] {processor.py:840} INFO - DAG(s) 'example_branch_dop_operator_v3' retrieved from /home/airflow/.local/lib/python3.8/site-packages/airflow/example_dags/example_branch_python_dop_operator_3.py
[2024-03-31T06:13:48.112+0000] {logging_mixin.py:188} INFO - [2024-03-31T06:13:48.111+0000] {dag.py:3047} INFO - Sync 1 DAGs
[2024-03-31T06:13:48.192+0000] {logging_mixin.py:188} INFO - [2024-03-31T06:13:48.192+0000] {dag.py:3834} INFO - Setting next_dagrun for example_branch_dop_operator_v3 to 2024-03-31 06:12:00+00:00, run_after=2024-03-31 06:13:00+00:00
[2024-03-31T06:13:48.226+0000] {processor.py:183} INFO - Processing /home/airflow/.local/lib/python3.8/site-packages/airflow/example_dags/example_branch_python_dop_operator_3.py took 0.167 seconds
