[2024-03-31T06:00:21.340+0000] {processor.py:161} INFO - Started process (PID=71) to work on /home/airflow/.local/lib/python3.8/site-packages/airflow/example_dags/example_subdag_operator.py
[2024-03-31T06:00:21.343+0000] {processor.py:830} INFO - Processing file /home/airflow/.local/lib/python3.8/site-packages/airflow/example_dags/example_subdag_operator.py for tasks to queue
[2024-03-31T06:00:21.345+0000] {logging_mixin.py:188} INFO - [2024-03-31T06:00:21.344+0000] {dagbag.py:540} INFO - Filling up the DagBag from /home/airflow/.local/lib/python3.8/site-packages/airflow/example_dags/example_subdag_operator.py
[2024-03-31T06:00:21.404+0000] {processor.py:840} INFO - DAG(s) 'example_subdag_operator.section-1', 'example_subdag_operator.section-2', 'example_subdag_operator' retrieved from /home/airflow/.local/lib/python3.8/site-packages/airflow/example_dags/example_subdag_operator.py
[2024-03-31T06:00:21.707+0000] {logging_mixin.py:188} INFO - [2024-03-31T06:00:21.706+0000] {dag.py:3047} INFO - Sync 3 DAGs
[2024-03-31T06:00:21.756+0000] {logging_mixin.py:188} INFO - [2024-03-31T06:00:21.755+0000] {dag.py:3834} INFO - Setting next_dagrun for example_subdag_operator to 2022-01-01 00:00:00+00:00, run_after=2022-01-01 00:00:00+00:00
[2024-03-31T06:00:21.766+0000] {logging_mixin.py:188} INFO - [2024-03-31T06:00:21.766+0000] {dag.py:3834} INFO - Setting next_dagrun for example_subdag_operator.section-1 to None, run_after=None
[2024-03-31T06:00:21.769+0000] {logging_mixin.py:188} INFO - [2024-03-31T06:00:21.769+0000] {dag.py:3834} INFO - Setting next_dagrun for example_subdag_operator.section-2 to None, run_after=None
[2024-03-31T06:00:21.799+0000] {logging_mixin.py:188} INFO - [2024-03-31T06:00:21.798+0000] {dag.py:3047} INFO - Sync 2 DAGs
[2024-03-31T06:00:21.817+0000] {logging_mixin.py:188} INFO - [2024-03-31T06:00:21.816+0000] {dag.py:3834} INFO - Setting next_dagrun for example_subdag_operator.section-1 to None, run_after=None
[2024-03-31T06:00:21.822+0000] {logging_mixin.py:188} INFO - [2024-03-31T06:00:21.822+0000] {dag.py:3834} INFO - Setting next_dagrun for example_subdag_operator.section-2 to None, run_after=None
[2024-03-31T06:00:21.853+0000] {processor.py:183} INFO - Processing /home/airflow/.local/lib/python3.8/site-packages/airflow/example_dags/example_subdag_operator.py took 0.536 seconds
[2024-03-31T06:00:51.981+0000] {processor.py:161} INFO - Started process (PID=126) to work on /home/airflow/.local/lib/python3.8/site-packages/airflow/example_dags/example_subdag_operator.py
[2024-03-31T06:00:51.982+0000] {processor.py:830} INFO - Processing file /home/airflow/.local/lib/python3.8/site-packages/airflow/example_dags/example_subdag_operator.py for tasks to queue
[2024-03-31T06:00:51.984+0000] {logging_mixin.py:188} INFO - [2024-03-31T06:00:51.984+0000] {dagbag.py:540} INFO - Filling up the DagBag from /home/airflow/.local/lib/python3.8/site-packages/airflow/example_dags/example_subdag_operator.py
[2024-03-31T06:00:52.029+0000] {processor.py:840} INFO - DAG(s) 'example_subdag_operator.section-1', 'example_subdag_operator.section-2', 'example_subdag_operator' retrieved from /home/airflow/.local/lib/python3.8/site-packages/airflow/example_dags/example_subdag_operator.py
[2024-03-31T06:00:52.056+0000] {logging_mixin.py:188} INFO - [2024-03-31T06:00:52.055+0000] {dag.py:3047} INFO - Sync 3 DAGs
[2024-03-31T06:00:52.093+0000] {logging_mixin.py:188} INFO - [2024-03-31T06:00:52.093+0000] {dag.py:3834} INFO - Setting next_dagrun for example_subdag_operator to 2022-01-01 00:00:00+00:00, run_after=2022-01-01 00:00:00+00:00
[2024-03-31T06:00:52.099+0000] {logging_mixin.py:188} INFO - [2024-03-31T06:00:52.099+0000] {dag.py:3834} INFO - Setting next_dagrun for example_subdag_operator.section-1 to None, run_after=None
[2024-03-31T06:00:52.101+0000] {logging_mixin.py:188} INFO - [2024-03-31T06:00:52.101+0000] {dag.py:3834} INFO - Setting next_dagrun for example_subdag_operator.section-2 to None, run_after=None
[2024-03-31T06:00:52.112+0000] {logging_mixin.py:188} INFO - [2024-03-31T06:00:52.111+0000] {dag.py:3047} INFO - Sync 2 DAGs
[2024-03-31T06:00:52.119+0000] {logging_mixin.py:188} INFO - [2024-03-31T06:00:52.118+0000] {dag.py:3834} INFO - Setting next_dagrun for example_subdag_operator.section-1 to None, run_after=None
[2024-03-31T06:00:52.119+0000] {logging_mixin.py:188} INFO - [2024-03-31T06:00:52.119+0000] {dag.py:3834} INFO - Setting next_dagrun for example_subdag_operator.section-2 to None, run_after=None
[2024-03-31T06:00:52.140+0000] {processor.py:183} INFO - Processing /home/airflow/.local/lib/python3.8/site-packages/airflow/example_dags/example_subdag_operator.py took 0.161 seconds
[2024-03-31T06:01:22.355+0000] {processor.py:161} INFO - Started process (PID=182) to work on /home/airflow/.local/lib/python3.8/site-packages/airflow/example_dags/example_subdag_operator.py
[2024-03-31T06:01:22.356+0000] {processor.py:830} INFO - Processing file /home/airflow/.local/lib/python3.8/site-packages/airflow/example_dags/example_subdag_operator.py for tasks to queue
[2024-03-31T06:01:22.368+0000] {logging_mixin.py:188} INFO - [2024-03-31T06:01:22.368+0000] {dagbag.py:540} INFO - Filling up the DagBag from /home/airflow/.local/lib/python3.8/site-packages/airflow/example_dags/example_subdag_operator.py
[2024-03-31T06:01:22.430+0000] {processor.py:840} INFO - DAG(s) 'example_subdag_operator.section-1', 'example_subdag_operator.section-2', 'example_subdag_operator' retrieved from /home/airflow/.local/lib/python3.8/site-packages/airflow/example_dags/example_subdag_operator.py
[2024-03-31T06:01:22.439+0000] {logging_mixin.py:188} INFO - [2024-03-31T06:01:22.439+0000] {dag.py:3047} INFO - Sync 3 DAGs
[2024-03-31T06:01:22.484+0000] {logging_mixin.py:188} INFO - [2024-03-31T06:01:22.483+0000] {dag.py:3834} INFO - Setting next_dagrun for example_subdag_operator to 2022-01-01 00:00:00+00:00, run_after=2022-01-01 00:00:00+00:00
[2024-03-31T06:01:22.488+0000] {logging_mixin.py:188} INFO - [2024-03-31T06:01:22.488+0000] {dag.py:3834} INFO - Setting next_dagrun for example_subdag_operator.section-1 to None, run_after=None
[2024-03-31T06:01:22.490+0000] {logging_mixin.py:188} INFO - [2024-03-31T06:01:22.489+0000] {dag.py:3834} INFO - Setting next_dagrun for example_subdag_operator.section-2 to None, run_after=None
[2024-03-31T06:01:22.501+0000] {logging_mixin.py:188} INFO - [2024-03-31T06:01:22.500+0000] {dag.py:3047} INFO - Sync 2 DAGs
[2024-03-31T06:01:22.507+0000] {logging_mixin.py:188} INFO - [2024-03-31T06:01:22.507+0000] {dag.py:3834} INFO - Setting next_dagrun for example_subdag_operator.section-1 to None, run_after=None
[2024-03-31T06:01:22.507+0000] {logging_mixin.py:188} INFO - [2024-03-31T06:01:22.507+0000] {dag.py:3834} INFO - Setting next_dagrun for example_subdag_operator.section-2 to None, run_after=None
[2024-03-31T06:01:22.523+0000] {processor.py:183} INFO - Processing /home/airflow/.local/lib/python3.8/site-packages/airflow/example_dags/example_subdag_operator.py took 0.170 seconds
[2024-03-31T06:01:53.617+0000] {processor.py:161} INFO - Started process (PID=238) to work on /home/airflow/.local/lib/python3.8/site-packages/airflow/example_dags/example_subdag_operator.py
[2024-03-31T06:01:53.618+0000] {processor.py:830} INFO - Processing file /home/airflow/.local/lib/python3.8/site-packages/airflow/example_dags/example_subdag_operator.py for tasks to queue
[2024-03-31T06:01:53.621+0000] {logging_mixin.py:188} INFO - [2024-03-31T06:01:53.620+0000] {dagbag.py:540} INFO - Filling up the DagBag from /home/airflow/.local/lib/python3.8/site-packages/airflow/example_dags/example_subdag_operator.py
[2024-03-31T06:01:53.644+0000] {processor.py:840} INFO - DAG(s) 'example_subdag_operator.section-1', 'example_subdag_operator.section-2', 'example_subdag_operator' retrieved from /home/airflow/.local/lib/python3.8/site-packages/airflow/example_dags/example_subdag_operator.py
[2024-03-31T06:01:53.650+0000] {logging_mixin.py:188} INFO - [2024-03-31T06:01:53.649+0000] {dag.py:3047} INFO - Sync 3 DAGs
[2024-03-31T06:01:53.677+0000] {logging_mixin.py:188} INFO - [2024-03-31T06:01:53.677+0000] {dag.py:3834} INFO - Setting next_dagrun for example_subdag_operator to 2022-01-01 00:00:00+00:00, run_after=2022-01-01 00:00:00+00:00
[2024-03-31T06:01:53.685+0000] {logging_mixin.py:188} INFO - [2024-03-31T06:01:53.684+0000] {dag.py:3834} INFO - Setting next_dagrun for example_subdag_operator.section-1 to None, run_after=None
[2024-03-31T06:01:53.687+0000] {logging_mixin.py:188} INFO - [2024-03-31T06:01:53.687+0000] {dag.py:3834} INFO - Setting next_dagrun for example_subdag_operator.section-2 to None, run_after=None
[2024-03-31T06:01:53.695+0000] {logging_mixin.py:188} INFO - [2024-03-31T06:01:53.694+0000] {dag.py:3047} INFO - Sync 2 DAGs
[2024-03-31T06:01:53.704+0000] {logging_mixin.py:188} INFO - [2024-03-31T06:01:53.703+0000] {dag.py:3834} INFO - Setting next_dagrun for example_subdag_operator.section-1 to None, run_after=None
[2024-03-31T06:01:53.704+0000] {logging_mixin.py:188} INFO - [2024-03-31T06:01:53.704+0000] {dag.py:3834} INFO - Setting next_dagrun for example_subdag_operator.section-2 to None, run_after=None
[2024-03-31T06:01:53.720+0000] {processor.py:183} INFO - Processing /home/airflow/.local/lib/python3.8/site-packages/airflow/example_dags/example_subdag_operator.py took 0.107 seconds
[2024-03-31T06:02:23.977+0000] {processor.py:161} INFO - Started process (PID=294) to work on /home/airflow/.local/lib/python3.8/site-packages/airflow/example_dags/example_subdag_operator.py
[2024-03-31T06:02:23.980+0000] {processor.py:830} INFO - Processing file /home/airflow/.local/lib/python3.8/site-packages/airflow/example_dags/example_subdag_operator.py for tasks to queue
[2024-03-31T06:02:23.985+0000] {logging_mixin.py:188} INFO - [2024-03-31T06:02:23.985+0000] {dagbag.py:540} INFO - Filling up the DagBag from /home/airflow/.local/lib/python3.8/site-packages/airflow/example_dags/example_subdag_operator.py
[2024-03-31T06:02:24.021+0000] {processor.py:840} INFO - DAG(s) 'example_subdag_operator.section-1', 'example_subdag_operator.section-2', 'example_subdag_operator' retrieved from /home/airflow/.local/lib/python3.8/site-packages/airflow/example_dags/example_subdag_operator.py
[2024-03-31T06:02:24.024+0000] {logging_mixin.py:188} INFO - [2024-03-31T06:02:24.024+0000] {dag.py:3047} INFO - Sync 3 DAGs
[2024-03-31T06:02:24.071+0000] {logging_mixin.py:188} INFO - [2024-03-31T06:02:24.070+0000] {dag.py:3834} INFO - Setting next_dagrun for example_subdag_operator to 2022-01-01 00:00:00+00:00, run_after=2022-01-01 00:00:00+00:00
[2024-03-31T06:02:24.075+0000] {logging_mixin.py:188} INFO - [2024-03-31T06:02:24.075+0000] {dag.py:3834} INFO - Setting next_dagrun for example_subdag_operator.section-1 to None, run_after=None
[2024-03-31T06:02:24.078+0000] {logging_mixin.py:188} INFO - [2024-03-31T06:02:24.078+0000] {dag.py:3834} INFO - Setting next_dagrun for example_subdag_operator.section-2 to None, run_after=None
[2024-03-31T06:02:24.091+0000] {logging_mixin.py:188} INFO - [2024-03-31T06:02:24.090+0000] {dag.py:3047} INFO - Sync 2 DAGs
[2024-03-31T06:02:24.106+0000] {logging_mixin.py:188} INFO - [2024-03-31T06:02:24.106+0000] {dag.py:3834} INFO - Setting next_dagrun for example_subdag_operator.section-1 to None, run_after=None
[2024-03-31T06:02:24.107+0000] {logging_mixin.py:188} INFO - [2024-03-31T06:02:24.106+0000] {dag.py:3834} INFO - Setting next_dagrun for example_subdag_operator.section-2 to None, run_after=None
[2024-03-31T06:02:24.132+0000] {processor.py:183} INFO - Processing /home/airflow/.local/lib/python3.8/site-packages/airflow/example_dags/example_subdag_operator.py took 0.157 seconds
[2024-03-31T06:02:54.436+0000] {processor.py:161} INFO - Started process (PID=350) to work on /home/airflow/.local/lib/python3.8/site-packages/airflow/example_dags/example_subdag_operator.py
[2024-03-31T06:02:54.437+0000] {processor.py:830} INFO - Processing file /home/airflow/.local/lib/python3.8/site-packages/airflow/example_dags/example_subdag_operator.py for tasks to queue
[2024-03-31T06:02:54.439+0000] {logging_mixin.py:188} INFO - [2024-03-31T06:02:54.439+0000] {dagbag.py:540} INFO - Filling up the DagBag from /home/airflow/.local/lib/python3.8/site-packages/airflow/example_dags/example_subdag_operator.py
[2024-03-31T06:02:54.472+0000] {processor.py:840} INFO - DAG(s) 'example_subdag_operator.section-1', 'example_subdag_operator.section-2', 'example_subdag_operator' retrieved from /home/airflow/.local/lib/python3.8/site-packages/airflow/example_dags/example_subdag_operator.py
[2024-03-31T06:02:54.638+0000] {logging_mixin.py:188} INFO - [2024-03-31T06:02:54.634+0000] {dag.py:3047} INFO - Sync 3 DAGs
[2024-03-31T06:02:54.662+0000] {logging_mixin.py:188} INFO - [2024-03-31T06:02:54.662+0000] {dag.py:3834} INFO - Setting next_dagrun for example_subdag_operator to 2022-01-01 00:00:00+00:00, run_after=2022-01-01 00:00:00+00:00
[2024-03-31T06:02:54.668+0000] {logging_mixin.py:188} INFO - [2024-03-31T06:02:54.668+0000] {dag.py:3834} INFO - Setting next_dagrun for example_subdag_operator.section-1 to None, run_after=None
[2024-03-31T06:02:54.669+0000] {logging_mixin.py:188} INFO - [2024-03-31T06:02:54.669+0000] {dag.py:3834} INFO - Setting next_dagrun for example_subdag_operator.section-2 to None, run_after=None
[2024-03-31T06:02:54.677+0000] {logging_mixin.py:188} INFO - [2024-03-31T06:02:54.677+0000] {dag.py:3047} INFO - Sync 2 DAGs
[2024-03-31T06:02:54.684+0000] {logging_mixin.py:188} INFO - [2024-03-31T06:02:54.684+0000] {dag.py:3834} INFO - Setting next_dagrun for example_subdag_operator.section-1 to None, run_after=None
[2024-03-31T06:02:54.685+0000] {logging_mixin.py:188} INFO - [2024-03-31T06:02:54.685+0000] {dag.py:3834} INFO - Setting next_dagrun for example_subdag_operator.section-2 to None, run_after=None
[2024-03-31T06:02:54.697+0000] {processor.py:183} INFO - Processing /home/airflow/.local/lib/python3.8/site-packages/airflow/example_dags/example_subdag_operator.py took 0.263 seconds
[2024-03-31T06:03:24.989+0000] {processor.py:161} INFO - Started process (PID=406) to work on /home/airflow/.local/lib/python3.8/site-packages/airflow/example_dags/example_subdag_operator.py
[2024-03-31T06:03:24.990+0000] {processor.py:830} INFO - Processing file /home/airflow/.local/lib/python3.8/site-packages/airflow/example_dags/example_subdag_operator.py for tasks to queue
[2024-03-31T06:03:24.991+0000] {logging_mixin.py:188} INFO - [2024-03-31T06:03:24.991+0000] {dagbag.py:540} INFO - Filling up the DagBag from /home/airflow/.local/lib/python3.8/site-packages/airflow/example_dags/example_subdag_operator.py
[2024-03-31T06:03:25.025+0000] {processor.py:840} INFO - DAG(s) 'example_subdag_operator.section-1', 'example_subdag_operator.section-2', 'example_subdag_operator' retrieved from /home/airflow/.local/lib/python3.8/site-packages/airflow/example_dags/example_subdag_operator.py
[2024-03-31T06:03:25.050+0000] {logging_mixin.py:188} INFO - [2024-03-31T06:03:25.050+0000] {dag.py:3047} INFO - Sync 3 DAGs
[2024-03-31T06:03:25.076+0000] {logging_mixin.py:188} INFO - [2024-03-31T06:03:25.076+0000] {dag.py:3834} INFO - Setting next_dagrun for example_subdag_operator to 2022-01-01 00:00:00+00:00, run_after=2022-01-01 00:00:00+00:00
[2024-03-31T06:03:25.083+0000] {logging_mixin.py:188} INFO - [2024-03-31T06:03:25.082+0000] {dag.py:3834} INFO - Setting next_dagrun for example_subdag_operator.section-1 to None, run_after=None
[2024-03-31T06:03:25.085+0000] {logging_mixin.py:188} INFO - [2024-03-31T06:03:25.085+0000] {dag.py:3834} INFO - Setting next_dagrun for example_subdag_operator.section-2 to None, run_after=None
[2024-03-31T06:03:25.091+0000] {logging_mixin.py:188} INFO - [2024-03-31T06:03:25.091+0000] {dag.py:3047} INFO - Sync 2 DAGs
[2024-03-31T06:03:25.101+0000] {logging_mixin.py:188} INFO - [2024-03-31T06:03:25.100+0000] {dag.py:3834} INFO - Setting next_dagrun for example_subdag_operator.section-1 to None, run_after=None
[2024-03-31T06:03:25.102+0000] {logging_mixin.py:188} INFO - [2024-03-31T06:03:25.101+0000] {dag.py:3834} INFO - Setting next_dagrun for example_subdag_operator.section-2 to None, run_after=None
[2024-03-31T06:03:25.120+0000] {processor.py:183} INFO - Processing /home/airflow/.local/lib/python3.8/site-packages/airflow/example_dags/example_subdag_operator.py took 0.135 seconds
[2024-03-31T06:03:55.959+0000] {processor.py:161} INFO - Started process (PID=462) to work on /home/airflow/.local/lib/python3.8/site-packages/airflow/example_dags/example_subdag_operator.py
[2024-03-31T06:03:55.959+0000] {processor.py:830} INFO - Processing file /home/airflow/.local/lib/python3.8/site-packages/airflow/example_dags/example_subdag_operator.py for tasks to queue
[2024-03-31T06:03:55.961+0000] {logging_mixin.py:188} INFO - [2024-03-31T06:03:55.961+0000] {dagbag.py:540} INFO - Filling up the DagBag from /home/airflow/.local/lib/python3.8/site-packages/airflow/example_dags/example_subdag_operator.py
[2024-03-31T06:03:55.999+0000] {processor.py:840} INFO - DAG(s) 'example_subdag_operator.section-1', 'example_subdag_operator.section-2', 'example_subdag_operator' retrieved from /home/airflow/.local/lib/python3.8/site-packages/airflow/example_dags/example_subdag_operator.py
[2024-03-31T06:03:56.025+0000] {logging_mixin.py:188} INFO - [2024-03-31T06:03:56.025+0000] {dag.py:3047} INFO - Sync 3 DAGs
[2024-03-31T06:03:56.054+0000] {logging_mixin.py:188} INFO - [2024-03-31T06:03:56.054+0000] {dag.py:3834} INFO - Setting next_dagrun for example_subdag_operator to 2022-01-01 00:00:00+00:00, run_after=2022-01-01 00:00:00+00:00
[2024-03-31T06:03:56.058+0000] {logging_mixin.py:188} INFO - [2024-03-31T06:03:56.058+0000] {dag.py:3834} INFO - Setting next_dagrun for example_subdag_operator.section-1 to None, run_after=None
[2024-03-31T06:03:56.060+0000] {logging_mixin.py:188} INFO - [2024-03-31T06:03:56.060+0000] {dag.py:3834} INFO - Setting next_dagrun for example_subdag_operator.section-2 to None, run_after=None
[2024-03-31T06:03:56.068+0000] {logging_mixin.py:188} INFO - [2024-03-31T06:03:56.068+0000] {dag.py:3047} INFO - Sync 2 DAGs
[2024-03-31T06:03:56.074+0000] {logging_mixin.py:188} INFO - [2024-03-31T06:03:56.074+0000] {dag.py:3834} INFO - Setting next_dagrun for example_subdag_operator.section-1 to None, run_after=None
[2024-03-31T06:03:56.075+0000] {logging_mixin.py:188} INFO - [2024-03-31T06:03:56.074+0000] {dag.py:3834} INFO - Setting next_dagrun for example_subdag_operator.section-2 to None, run_after=None
[2024-03-31T06:03:56.089+0000] {processor.py:183} INFO - Processing /home/airflow/.local/lib/python3.8/site-packages/airflow/example_dags/example_subdag_operator.py took 0.134 seconds
[2024-03-31T06:04:26.191+0000] {processor.py:161} INFO - Started process (PID=518) to work on /home/airflow/.local/lib/python3.8/site-packages/airflow/example_dags/example_subdag_operator.py
[2024-03-31T06:04:26.192+0000] {processor.py:830} INFO - Processing file /home/airflow/.local/lib/python3.8/site-packages/airflow/example_dags/example_subdag_operator.py for tasks to queue
[2024-03-31T06:04:26.194+0000] {logging_mixin.py:188} INFO - [2024-03-31T06:04:26.194+0000] {dagbag.py:540} INFO - Filling up the DagBag from /home/airflow/.local/lib/python3.8/site-packages/airflow/example_dags/example_subdag_operator.py
[2024-03-31T06:04:26.222+0000] {processor.py:840} INFO - DAG(s) 'example_subdag_operator.section-1', 'example_subdag_operator.section-2', 'example_subdag_operator' retrieved from /home/airflow/.local/lib/python3.8/site-packages/airflow/example_dags/example_subdag_operator.py
[2024-03-31T06:04:26.240+0000] {logging_mixin.py:188} INFO - [2024-03-31T06:04:26.239+0000] {dag.py:3047} INFO - Sync 3 DAGs
[2024-03-31T06:04:26.265+0000] {logging_mixin.py:188} INFO - [2024-03-31T06:04:26.264+0000] {dag.py:3834} INFO - Setting next_dagrun for example_subdag_operator to 2022-01-01 00:00:00+00:00, run_after=2022-01-01 00:00:00+00:00
[2024-03-31T06:04:26.269+0000] {logging_mixin.py:188} INFO - [2024-03-31T06:04:26.268+0000] {dag.py:3834} INFO - Setting next_dagrun for example_subdag_operator.section-1 to None, run_after=None
[2024-03-31T06:04:26.270+0000] {logging_mixin.py:188} INFO - [2024-03-31T06:04:26.270+0000] {dag.py:3834} INFO - Setting next_dagrun for example_subdag_operator.section-2 to None, run_after=None
[2024-03-31T06:04:26.276+0000] {logging_mixin.py:188} INFO - [2024-03-31T06:04:26.276+0000] {dag.py:3047} INFO - Sync 2 DAGs
[2024-03-31T06:04:26.284+0000] {logging_mixin.py:188} INFO - [2024-03-31T06:04:26.284+0000] {dag.py:3834} INFO - Setting next_dagrun for example_subdag_operator.section-1 to None, run_after=None
[2024-03-31T06:04:26.285+0000] {logging_mixin.py:188} INFO - [2024-03-31T06:04:26.284+0000] {dag.py:3834} INFO - Setting next_dagrun for example_subdag_operator.section-2 to None, run_after=None
[2024-03-31T06:04:26.298+0000] {processor.py:183} INFO - Processing /home/airflow/.local/lib/python3.8/site-packages/airflow/example_dags/example_subdag_operator.py took 0.112 seconds
[2024-03-31T06:04:56.925+0000] {processor.py:161} INFO - Started process (PID=574) to work on /home/airflow/.local/lib/python3.8/site-packages/airflow/example_dags/example_subdag_operator.py
[2024-03-31T06:04:56.926+0000] {processor.py:830} INFO - Processing file /home/airflow/.local/lib/python3.8/site-packages/airflow/example_dags/example_subdag_operator.py for tasks to queue
[2024-03-31T06:04:56.928+0000] {logging_mixin.py:188} INFO - [2024-03-31T06:04:56.927+0000] {dagbag.py:540} INFO - Filling up the DagBag from /home/airflow/.local/lib/python3.8/site-packages/airflow/example_dags/example_subdag_operator.py
[2024-03-31T06:04:56.960+0000] {processor.py:840} INFO - DAG(s) 'example_subdag_operator.section-1', 'example_subdag_operator.section-2', 'example_subdag_operator' retrieved from /home/airflow/.local/lib/python3.8/site-packages/airflow/example_dags/example_subdag_operator.py
[2024-03-31T06:04:56.983+0000] {logging_mixin.py:188} INFO - [2024-03-31T06:04:56.983+0000] {dag.py:3047} INFO - Sync 3 DAGs
[2024-03-31T06:04:57.010+0000] {logging_mixin.py:188} INFO - [2024-03-31T06:04:57.010+0000] {dag.py:3834} INFO - Setting next_dagrun for example_subdag_operator to 2022-01-01 00:00:00+00:00, run_after=2022-01-01 00:00:00+00:00
[2024-03-31T06:04:57.016+0000] {logging_mixin.py:188} INFO - [2024-03-31T06:04:57.016+0000] {dag.py:3834} INFO - Setting next_dagrun for example_subdag_operator.section-1 to None, run_after=None
[2024-03-31T06:04:57.020+0000] {logging_mixin.py:188} INFO - [2024-03-31T06:04:57.020+0000] {dag.py:3834} INFO - Setting next_dagrun for example_subdag_operator.section-2 to None, run_after=None
[2024-03-31T06:04:57.029+0000] {logging_mixin.py:188} INFO - [2024-03-31T06:04:57.029+0000] {dag.py:3047} INFO - Sync 2 DAGs
[2024-03-31T06:04:57.037+0000] {logging_mixin.py:188} INFO - [2024-03-31T06:04:57.037+0000] {dag.py:3834} INFO - Setting next_dagrun for example_subdag_operator.section-1 to None, run_after=None
[2024-03-31T06:04:57.038+0000] {logging_mixin.py:188} INFO - [2024-03-31T06:04:57.038+0000] {dag.py:3834} INFO - Setting next_dagrun for example_subdag_operator.section-2 to None, run_after=None
[2024-03-31T06:04:57.056+0000] {processor.py:183} INFO - Processing /home/airflow/.local/lib/python3.8/site-packages/airflow/example_dags/example_subdag_operator.py took 0.133 seconds
[2024-03-31T06:05:27.374+0000] {processor.py:161} INFO - Started process (PID=630) to work on /home/airflow/.local/lib/python3.8/site-packages/airflow/example_dags/example_subdag_operator.py
[2024-03-31T06:05:27.375+0000] {processor.py:830} INFO - Processing file /home/airflow/.local/lib/python3.8/site-packages/airflow/example_dags/example_subdag_operator.py for tasks to queue
[2024-03-31T06:05:27.377+0000] {logging_mixin.py:188} INFO - [2024-03-31T06:05:27.376+0000] {dagbag.py:540} INFO - Filling up the DagBag from /home/airflow/.local/lib/python3.8/site-packages/airflow/example_dags/example_subdag_operator.py
[2024-03-31T06:05:27.407+0000] {processor.py:840} INFO - DAG(s) 'example_subdag_operator.section-1', 'example_subdag_operator.section-2', 'example_subdag_operator' retrieved from /home/airflow/.local/lib/python3.8/site-packages/airflow/example_dags/example_subdag_operator.py
[2024-03-31T06:05:27.433+0000] {logging_mixin.py:188} INFO - [2024-03-31T06:05:27.432+0000] {dag.py:3047} INFO - Sync 3 DAGs
[2024-03-31T06:05:27.456+0000] {logging_mixin.py:188} INFO - [2024-03-31T06:05:27.456+0000] {dag.py:3834} INFO - Setting next_dagrun for example_subdag_operator to 2022-01-01 00:00:00+00:00, run_after=2022-01-01 00:00:00+00:00
[2024-03-31T06:05:27.460+0000] {logging_mixin.py:188} INFO - [2024-03-31T06:05:27.460+0000] {dag.py:3834} INFO - Setting next_dagrun for example_subdag_operator.section-1 to None, run_after=None
[2024-03-31T06:05:27.465+0000] {logging_mixin.py:188} INFO - [2024-03-31T06:05:27.464+0000] {dag.py:3834} INFO - Setting next_dagrun for example_subdag_operator.section-2 to None, run_after=None
[2024-03-31T06:05:27.472+0000] {logging_mixin.py:188} INFO - [2024-03-31T06:05:27.472+0000] {dag.py:3047} INFO - Sync 2 DAGs
[2024-03-31T06:05:27.480+0000] {logging_mixin.py:188} INFO - [2024-03-31T06:05:27.479+0000] {dag.py:3834} INFO - Setting next_dagrun for example_subdag_operator.section-1 to None, run_after=None
[2024-03-31T06:05:27.481+0000] {logging_mixin.py:188} INFO - [2024-03-31T06:05:27.481+0000] {dag.py:3834} INFO - Setting next_dagrun for example_subdag_operator.section-2 to None, run_after=None
[2024-03-31T06:05:27.493+0000] {processor.py:183} INFO - Processing /home/airflow/.local/lib/python3.8/site-packages/airflow/example_dags/example_subdag_operator.py took 0.121 seconds
[2024-03-31T06:05:58.203+0000] {processor.py:161} INFO - Started process (PID=686) to work on /home/airflow/.local/lib/python3.8/site-packages/airflow/example_dags/example_subdag_operator.py
[2024-03-31T06:05:58.204+0000] {processor.py:830} INFO - Processing file /home/airflow/.local/lib/python3.8/site-packages/airflow/example_dags/example_subdag_operator.py for tasks to queue
[2024-03-31T06:05:58.206+0000] {logging_mixin.py:188} INFO - [2024-03-31T06:05:58.205+0000] {dagbag.py:540} INFO - Filling up the DagBag from /home/airflow/.local/lib/python3.8/site-packages/airflow/example_dags/example_subdag_operator.py
[2024-03-31T06:05:58.231+0000] {processor.py:840} INFO - DAG(s) 'example_subdag_operator.section-1', 'example_subdag_operator.section-2', 'example_subdag_operator' retrieved from /home/airflow/.local/lib/python3.8/site-packages/airflow/example_dags/example_subdag_operator.py
[2024-03-31T06:05:58.251+0000] {logging_mixin.py:188} INFO - [2024-03-31T06:05:58.250+0000] {dag.py:3047} INFO - Sync 3 DAGs
[2024-03-31T06:05:58.272+0000] {logging_mixin.py:188} INFO - [2024-03-31T06:05:58.272+0000] {dag.py:3834} INFO - Setting next_dagrun for example_subdag_operator to 2022-01-01 00:00:00+00:00, run_after=2022-01-01 00:00:00+00:00
[2024-03-31T06:05:58.276+0000] {logging_mixin.py:188} INFO - [2024-03-31T06:05:58.276+0000] {dag.py:3834} INFO - Setting next_dagrun for example_subdag_operator.section-1 to None, run_after=None
[2024-03-31T06:05:58.279+0000] {logging_mixin.py:188} INFO - [2024-03-31T06:05:58.278+0000] {dag.py:3834} INFO - Setting next_dagrun for example_subdag_operator.section-2 to None, run_after=None
[2024-03-31T06:05:58.290+0000] {logging_mixin.py:188} INFO - [2024-03-31T06:05:58.290+0000] {dag.py:3047} INFO - Sync 2 DAGs
[2024-03-31T06:05:58.301+0000] {logging_mixin.py:188} INFO - [2024-03-31T06:05:58.300+0000] {dag.py:3834} INFO - Setting next_dagrun for example_subdag_operator.section-1 to None, run_after=None
[2024-03-31T06:05:58.301+0000] {logging_mixin.py:188} INFO - [2024-03-31T06:05:58.301+0000] {dag.py:3834} INFO - Setting next_dagrun for example_subdag_operator.section-2 to None, run_after=None
[2024-03-31T06:05:58.336+0000] {processor.py:183} INFO - Processing /home/airflow/.local/lib/python3.8/site-packages/airflow/example_dags/example_subdag_operator.py took 0.134 seconds
[2024-03-31T06:06:28.498+0000] {processor.py:161} INFO - Started process (PID=742) to work on /home/airflow/.local/lib/python3.8/site-packages/airflow/example_dags/example_subdag_operator.py
[2024-03-31T06:06:28.499+0000] {processor.py:830} INFO - Processing file /home/airflow/.local/lib/python3.8/site-packages/airflow/example_dags/example_subdag_operator.py for tasks to queue
[2024-03-31T06:06:28.501+0000] {logging_mixin.py:188} INFO - [2024-03-31T06:06:28.501+0000] {dagbag.py:540} INFO - Filling up the DagBag from /home/airflow/.local/lib/python3.8/site-packages/airflow/example_dags/example_subdag_operator.py
[2024-03-31T06:06:28.532+0000] {processor.py:840} INFO - DAG(s) 'example_subdag_operator.section-1', 'example_subdag_operator.section-2', 'example_subdag_operator' retrieved from /home/airflow/.local/lib/python3.8/site-packages/airflow/example_dags/example_subdag_operator.py
[2024-03-31T06:06:28.551+0000] {logging_mixin.py:188} INFO - [2024-03-31T06:06:28.550+0000] {dag.py:3047} INFO - Sync 3 DAGs
[2024-03-31T06:06:28.575+0000] {logging_mixin.py:188} INFO - [2024-03-31T06:06:28.575+0000] {dag.py:3834} INFO - Setting next_dagrun for example_subdag_operator to 2022-01-01 00:00:00+00:00, run_after=2022-01-01 00:00:00+00:00
[2024-03-31T06:06:28.582+0000] {logging_mixin.py:188} INFO - [2024-03-31T06:06:28.582+0000] {dag.py:3834} INFO - Setting next_dagrun for example_subdag_operator.section-1 to None, run_after=None
[2024-03-31T06:06:28.584+0000] {logging_mixin.py:188} INFO - [2024-03-31T06:06:28.584+0000] {dag.py:3834} INFO - Setting next_dagrun for example_subdag_operator.section-2 to None, run_after=None
[2024-03-31T06:06:28.607+0000] {logging_mixin.py:188} INFO - [2024-03-31T06:06:28.607+0000] {dag.py:3047} INFO - Sync 2 DAGs
[2024-03-31T06:06:28.621+0000] {logging_mixin.py:188} INFO - [2024-03-31T06:06:28.620+0000] {dag.py:3834} INFO - Setting next_dagrun for example_subdag_operator.section-1 to None, run_after=None
[2024-03-31T06:06:28.621+0000] {logging_mixin.py:188} INFO - [2024-03-31T06:06:28.621+0000] {dag.py:3834} INFO - Setting next_dagrun for example_subdag_operator.section-2 to None, run_after=None
[2024-03-31T06:06:28.641+0000] {processor.py:183} INFO - Processing /home/airflow/.local/lib/python3.8/site-packages/airflow/example_dags/example_subdag_operator.py took 0.146 seconds
[2024-03-31T06:06:59.532+0000] {processor.py:161} INFO - Started process (PID=798) to work on /home/airflow/.local/lib/python3.8/site-packages/airflow/example_dags/example_subdag_operator.py
[2024-03-31T06:06:59.533+0000] {processor.py:830} INFO - Processing file /home/airflow/.local/lib/python3.8/site-packages/airflow/example_dags/example_subdag_operator.py for tasks to queue
[2024-03-31T06:06:59.536+0000] {logging_mixin.py:188} INFO - [2024-03-31T06:06:59.535+0000] {dagbag.py:540} INFO - Filling up the DagBag from /home/airflow/.local/lib/python3.8/site-packages/airflow/example_dags/example_subdag_operator.py
[2024-03-31T06:06:59.570+0000] {processor.py:840} INFO - DAG(s) 'example_subdag_operator.section-1', 'example_subdag_operator.section-2', 'example_subdag_operator' retrieved from /home/airflow/.local/lib/python3.8/site-packages/airflow/example_dags/example_subdag_operator.py
[2024-03-31T06:06:59.595+0000] {logging_mixin.py:188} INFO - [2024-03-31T06:06:59.594+0000] {dag.py:3047} INFO - Sync 3 DAGs
[2024-03-31T06:06:59.626+0000] {logging_mixin.py:188} INFO - [2024-03-31T06:06:59.625+0000] {dag.py:3834} INFO - Setting next_dagrun for example_subdag_operator to 2022-01-01 00:00:00+00:00, run_after=2022-01-01 00:00:00+00:00
[2024-03-31T06:06:59.632+0000] {logging_mixin.py:188} INFO - [2024-03-31T06:06:59.632+0000] {dag.py:3834} INFO - Setting next_dagrun for example_subdag_operator.section-1 to None, run_after=None
[2024-03-31T06:06:59.634+0000] {logging_mixin.py:188} INFO - [2024-03-31T06:06:59.634+0000] {dag.py:3834} INFO - Setting next_dagrun for example_subdag_operator.section-2 to None, run_after=None
[2024-03-31T06:06:59.648+0000] {logging_mixin.py:188} INFO - [2024-03-31T06:06:59.648+0000] {dag.py:3047} INFO - Sync 2 DAGs
[2024-03-31T06:06:59.659+0000] {logging_mixin.py:188} INFO - [2024-03-31T06:06:59.659+0000] {dag.py:3834} INFO - Setting next_dagrun for example_subdag_operator.section-1 to None, run_after=None
[2024-03-31T06:06:59.661+0000] {logging_mixin.py:188} INFO - [2024-03-31T06:06:59.660+0000] {dag.py:3834} INFO - Setting next_dagrun for example_subdag_operator.section-2 to None, run_after=None
[2024-03-31T06:06:59.699+0000] {processor.py:183} INFO - Processing /home/airflow/.local/lib/python3.8/site-packages/airflow/example_dags/example_subdag_operator.py took 0.171 seconds
[2024-03-31T06:07:29.866+0000] {processor.py:161} INFO - Started process (PID=855) to work on /home/airflow/.local/lib/python3.8/site-packages/airflow/example_dags/example_subdag_operator.py
[2024-03-31T06:07:29.867+0000] {processor.py:830} INFO - Processing file /home/airflow/.local/lib/python3.8/site-packages/airflow/example_dags/example_subdag_operator.py for tasks to queue
[2024-03-31T06:07:29.868+0000] {logging_mixin.py:188} INFO - [2024-03-31T06:07:29.868+0000] {dagbag.py:540} INFO - Filling up the DagBag from /home/airflow/.local/lib/python3.8/site-packages/airflow/example_dags/example_subdag_operator.py
[2024-03-31T06:07:29.896+0000] {processor.py:840} INFO - DAG(s) 'example_subdag_operator.section-1', 'example_subdag_operator.section-2', 'example_subdag_operator' retrieved from /home/airflow/.local/lib/python3.8/site-packages/airflow/example_dags/example_subdag_operator.py
[2024-03-31T06:07:29.922+0000] {logging_mixin.py:188} INFO - [2024-03-31T06:07:29.922+0000] {dag.py:3047} INFO - Sync 3 DAGs
[2024-03-31T06:07:29.953+0000] {logging_mixin.py:188} INFO - [2024-03-31T06:07:29.953+0000] {dag.py:3834} INFO - Setting next_dagrun for example_subdag_operator to 2022-01-01 00:00:00+00:00, run_after=2022-01-01 00:00:00+00:00
[2024-03-31T06:07:29.957+0000] {logging_mixin.py:188} INFO - [2024-03-31T06:07:29.957+0000] {dag.py:3834} INFO - Setting next_dagrun for example_subdag_operator.section-1 to None, run_after=None
[2024-03-31T06:07:29.958+0000] {logging_mixin.py:188} INFO - [2024-03-31T06:07:29.958+0000] {dag.py:3834} INFO - Setting next_dagrun for example_subdag_operator.section-2 to None, run_after=None
[2024-03-31T06:07:29.985+0000] {logging_mixin.py:188} INFO - [2024-03-31T06:07:29.985+0000] {dag.py:3047} INFO - Sync 2 DAGs
[2024-03-31T06:07:30.007+0000] {logging_mixin.py:188} INFO - [2024-03-31T06:07:30.006+0000] {dag.py:3834} INFO - Setting next_dagrun for example_subdag_operator.section-1 to None, run_after=None
[2024-03-31T06:07:30.008+0000] {logging_mixin.py:188} INFO - [2024-03-31T06:07:30.008+0000] {dag.py:3834} INFO - Setting next_dagrun for example_subdag_operator.section-2 to None, run_after=None
[2024-03-31T06:07:30.031+0000] {processor.py:183} INFO - Processing /home/airflow/.local/lib/python3.8/site-packages/airflow/example_dags/example_subdag_operator.py took 0.168 seconds
[2024-03-31T06:08:00.118+0000] {processor.py:161} INFO - Started process (PID=911) to work on /home/airflow/.local/lib/python3.8/site-packages/airflow/example_dags/example_subdag_operator.py
[2024-03-31T06:08:00.119+0000] {processor.py:830} INFO - Processing file /home/airflow/.local/lib/python3.8/site-packages/airflow/example_dags/example_subdag_operator.py for tasks to queue
[2024-03-31T06:08:00.121+0000] {logging_mixin.py:188} INFO - [2024-03-31T06:08:00.120+0000] {dagbag.py:540} INFO - Filling up the DagBag from /home/airflow/.local/lib/python3.8/site-packages/airflow/example_dags/example_subdag_operator.py
[2024-03-31T06:08:00.144+0000] {processor.py:840} INFO - DAG(s) 'example_subdag_operator.section-1', 'example_subdag_operator.section-2', 'example_subdag_operator' retrieved from /home/airflow/.local/lib/python3.8/site-packages/airflow/example_dags/example_subdag_operator.py
[2024-03-31T06:08:00.168+0000] {logging_mixin.py:188} INFO - [2024-03-31T06:08:00.167+0000] {dag.py:3047} INFO - Sync 3 DAGs
[2024-03-31T06:08:00.190+0000] {logging_mixin.py:188} INFO - [2024-03-31T06:08:00.190+0000] {dag.py:3834} INFO - Setting next_dagrun for example_subdag_operator to 2022-01-01 00:00:00+00:00, run_after=2022-01-01 00:00:00+00:00
[2024-03-31T06:08:00.198+0000] {logging_mixin.py:188} INFO - [2024-03-31T06:08:00.197+0000] {dag.py:3834} INFO - Setting next_dagrun for example_subdag_operator.section-1 to None, run_after=None
[2024-03-31T06:08:00.201+0000] {logging_mixin.py:188} INFO - [2024-03-31T06:08:00.201+0000] {dag.py:3834} INFO - Setting next_dagrun for example_subdag_operator.section-2 to None, run_after=None
[2024-03-31T06:08:00.213+0000] {logging_mixin.py:188} INFO - [2024-03-31T06:08:00.212+0000] {dag.py:3047} INFO - Sync 2 DAGs
[2024-03-31T06:08:00.220+0000] {logging_mixin.py:188} INFO - [2024-03-31T06:08:00.220+0000] {dag.py:3834} INFO - Setting next_dagrun for example_subdag_operator.section-1 to None, run_after=None
[2024-03-31T06:08:00.221+0000] {logging_mixin.py:188} INFO - [2024-03-31T06:08:00.221+0000] {dag.py:3834} INFO - Setting next_dagrun for example_subdag_operator.section-2 to None, run_after=None
[2024-03-31T06:08:00.246+0000] {processor.py:183} INFO - Processing /home/airflow/.local/lib/python3.8/site-packages/airflow/example_dags/example_subdag_operator.py took 0.130 seconds
[2024-03-31T06:08:30.427+0000] {processor.py:161} INFO - Started process (PID=968) to work on /home/airflow/.local/lib/python3.8/site-packages/airflow/example_dags/example_subdag_operator.py
[2024-03-31T06:08:30.429+0000] {processor.py:830} INFO - Processing file /home/airflow/.local/lib/python3.8/site-packages/airflow/example_dags/example_subdag_operator.py for tasks to queue
[2024-03-31T06:08:30.431+0000] {logging_mixin.py:188} INFO - [2024-03-31T06:08:30.430+0000] {dagbag.py:540} INFO - Filling up the DagBag from /home/airflow/.local/lib/python3.8/site-packages/airflow/example_dags/example_subdag_operator.py
[2024-03-31T06:08:30.459+0000] {processor.py:840} INFO - DAG(s) 'example_subdag_operator.section-1', 'example_subdag_operator.section-2', 'example_subdag_operator' retrieved from /home/airflow/.local/lib/python3.8/site-packages/airflow/example_dags/example_subdag_operator.py
[2024-03-31T06:08:30.490+0000] {logging_mixin.py:188} INFO - [2024-03-31T06:08:30.489+0000] {dag.py:3047} INFO - Sync 3 DAGs
[2024-03-31T06:08:30.527+0000] {logging_mixin.py:188} INFO - [2024-03-31T06:08:30.526+0000] {dag.py:3834} INFO - Setting next_dagrun for example_subdag_operator to 2022-01-01 00:00:00+00:00, run_after=2022-01-01 00:00:00+00:00
[2024-03-31T06:08:30.538+0000] {logging_mixin.py:188} INFO - [2024-03-31T06:08:30.537+0000] {dag.py:3834} INFO - Setting next_dagrun for example_subdag_operator.section-1 to None, run_after=None
[2024-03-31T06:08:30.540+0000] {logging_mixin.py:188} INFO - [2024-03-31T06:08:30.540+0000] {dag.py:3834} INFO - Setting next_dagrun for example_subdag_operator.section-2 to None, run_after=None
[2024-03-31T06:08:30.570+0000] {logging_mixin.py:188} INFO - [2024-03-31T06:08:30.570+0000] {dag.py:3047} INFO - Sync 2 DAGs
[2024-03-31T06:08:30.600+0000] {logging_mixin.py:188} INFO - [2024-03-31T06:08:30.599+0000] {dag.py:3834} INFO - Setting next_dagrun for example_subdag_operator.section-1 to None, run_after=None
[2024-03-31T06:08:30.601+0000] {logging_mixin.py:188} INFO - [2024-03-31T06:08:30.600+0000] {dag.py:3834} INFO - Setting next_dagrun for example_subdag_operator.section-2 to None, run_after=None
[2024-03-31T06:08:30.646+0000] {processor.py:183} INFO - Processing /home/airflow/.local/lib/python3.8/site-packages/airflow/example_dags/example_subdag_operator.py took 0.223 seconds
[2024-03-31T06:09:00.738+0000] {processor.py:161} INFO - Started process (PID=1025) to work on /home/airflow/.local/lib/python3.8/site-packages/airflow/example_dags/example_subdag_operator.py
[2024-03-31T06:09:00.739+0000] {processor.py:830} INFO - Processing file /home/airflow/.local/lib/python3.8/site-packages/airflow/example_dags/example_subdag_operator.py for tasks to queue
[2024-03-31T06:09:00.744+0000] {logging_mixin.py:188} INFO - [2024-03-31T06:09:00.743+0000] {dagbag.py:540} INFO - Filling up the DagBag from /home/airflow/.local/lib/python3.8/site-packages/airflow/example_dags/example_subdag_operator.py
[2024-03-31T06:09:00.773+0000] {processor.py:840} INFO - DAG(s) 'example_subdag_operator.section-1', 'example_subdag_operator.section-2', 'example_subdag_operator' retrieved from /home/airflow/.local/lib/python3.8/site-packages/airflow/example_dags/example_subdag_operator.py
[2024-03-31T06:09:00.809+0000] {logging_mixin.py:188} INFO - [2024-03-31T06:09:00.808+0000] {dag.py:3047} INFO - Sync 3 DAGs
[2024-03-31T06:09:00.842+0000] {logging_mixin.py:188} INFO - [2024-03-31T06:09:00.841+0000] {dag.py:3834} INFO - Setting next_dagrun for example_subdag_operator to 2022-01-01 00:00:00+00:00, run_after=2022-01-01 00:00:00+00:00
[2024-03-31T06:09:00.848+0000] {logging_mixin.py:188} INFO - [2024-03-31T06:09:00.848+0000] {dag.py:3834} INFO - Setting next_dagrun for example_subdag_operator.section-1 to None, run_after=None
[2024-03-31T06:09:00.851+0000] {logging_mixin.py:188} INFO - [2024-03-31T06:09:00.850+0000] {dag.py:3834} INFO - Setting next_dagrun for example_subdag_operator.section-2 to None, run_after=None
[2024-03-31T06:09:00.860+0000] {logging_mixin.py:188} INFO - [2024-03-31T06:09:00.860+0000] {dag.py:3047} INFO - Sync 2 DAGs
[2024-03-31T06:09:00.866+0000] {logging_mixin.py:188} INFO - [2024-03-31T06:09:00.866+0000] {dag.py:3834} INFO - Setting next_dagrun for example_subdag_operator.section-1 to None, run_after=None
[2024-03-31T06:09:00.867+0000] {logging_mixin.py:188} INFO - [2024-03-31T06:09:00.867+0000] {dag.py:3834} INFO - Setting next_dagrun for example_subdag_operator.section-2 to None, run_after=None
[2024-03-31T06:09:00.883+0000] {processor.py:183} INFO - Processing /home/airflow/.local/lib/python3.8/site-packages/airflow/example_dags/example_subdag_operator.py took 0.149 seconds
[2024-03-31T06:09:31.253+0000] {processor.py:161} INFO - Started process (PID=1081) to work on /home/airflow/.local/lib/python3.8/site-packages/airflow/example_dags/example_subdag_operator.py
[2024-03-31T06:09:31.254+0000] {processor.py:830} INFO - Processing file /home/airflow/.local/lib/python3.8/site-packages/airflow/example_dags/example_subdag_operator.py for tasks to queue
[2024-03-31T06:09:31.255+0000] {logging_mixin.py:188} INFO - [2024-03-31T06:09:31.255+0000] {dagbag.py:540} INFO - Filling up the DagBag from /home/airflow/.local/lib/python3.8/site-packages/airflow/example_dags/example_subdag_operator.py
[2024-03-31T06:09:31.279+0000] {processor.py:840} INFO - DAG(s) 'example_subdag_operator.section-1', 'example_subdag_operator.section-2', 'example_subdag_operator' retrieved from /home/airflow/.local/lib/python3.8/site-packages/airflow/example_dags/example_subdag_operator.py
[2024-03-31T06:09:31.298+0000] {logging_mixin.py:188} INFO - [2024-03-31T06:09:31.298+0000] {dag.py:3047} INFO - Sync 3 DAGs
[2024-03-31T06:09:31.320+0000] {logging_mixin.py:188} INFO - [2024-03-31T06:09:31.319+0000] {dag.py:3834} INFO - Setting next_dagrun for example_subdag_operator to 2022-01-01 00:00:00+00:00, run_after=2022-01-01 00:00:00+00:00
[2024-03-31T06:09:31.323+0000] {logging_mixin.py:188} INFO - [2024-03-31T06:09:31.323+0000] {dag.py:3834} INFO - Setting next_dagrun for example_subdag_operator.section-1 to None, run_after=None
[2024-03-31T06:09:31.326+0000] {logging_mixin.py:188} INFO - [2024-03-31T06:09:31.326+0000] {dag.py:3834} INFO - Setting next_dagrun for example_subdag_operator.section-2 to None, run_after=None
[2024-03-31T06:09:31.337+0000] {logging_mixin.py:188} INFO - [2024-03-31T06:09:31.336+0000] {dag.py:3047} INFO - Sync 2 DAGs
[2024-03-31T06:09:31.349+0000] {logging_mixin.py:188} INFO - [2024-03-31T06:09:31.348+0000] {dag.py:3834} INFO - Setting next_dagrun for example_subdag_operator.section-1 to None, run_after=None
[2024-03-31T06:09:31.350+0000] {logging_mixin.py:188} INFO - [2024-03-31T06:09:31.349+0000] {dag.py:3834} INFO - Setting next_dagrun for example_subdag_operator.section-2 to None, run_after=None
[2024-03-31T06:09:31.372+0000] {processor.py:183} INFO - Processing /home/airflow/.local/lib/python3.8/site-packages/airflow/example_dags/example_subdag_operator.py took 0.122 seconds
[2024-03-31T06:10:01.665+0000] {processor.py:161} INFO - Started process (PID=1138) to work on /home/airflow/.local/lib/python3.8/site-packages/airflow/example_dags/example_subdag_operator.py
[2024-03-31T06:10:01.666+0000] {processor.py:830} INFO - Processing file /home/airflow/.local/lib/python3.8/site-packages/airflow/example_dags/example_subdag_operator.py for tasks to queue
[2024-03-31T06:10:01.668+0000] {logging_mixin.py:188} INFO - [2024-03-31T06:10:01.667+0000] {dagbag.py:540} INFO - Filling up the DagBag from /home/airflow/.local/lib/python3.8/site-packages/airflow/example_dags/example_subdag_operator.py
[2024-03-31T06:10:01.688+0000] {processor.py:840} INFO - DAG(s) 'example_subdag_operator.section-1', 'example_subdag_operator.section-2', 'example_subdag_operator' retrieved from /home/airflow/.local/lib/python3.8/site-packages/airflow/example_dags/example_subdag_operator.py
[2024-03-31T06:10:01.719+0000] {logging_mixin.py:188} INFO - [2024-03-31T06:10:01.718+0000] {dag.py:3047} INFO - Sync 3 DAGs
[2024-03-31T06:10:01.740+0000] {logging_mixin.py:188} INFO - [2024-03-31T06:10:01.739+0000] {dag.py:3834} INFO - Setting next_dagrun for example_subdag_operator to 2022-01-01 00:00:00+00:00, run_after=2022-01-01 00:00:00+00:00
[2024-03-31T06:10:01.745+0000] {logging_mixin.py:188} INFO - [2024-03-31T06:10:01.745+0000] {dag.py:3834} INFO - Setting next_dagrun for example_subdag_operator.section-1 to None, run_after=None
[2024-03-31T06:10:01.747+0000] {logging_mixin.py:188} INFO - [2024-03-31T06:10:01.747+0000] {dag.py:3834} INFO - Setting next_dagrun for example_subdag_operator.section-2 to None, run_after=None
[2024-03-31T06:10:01.754+0000] {logging_mixin.py:188} INFO - [2024-03-31T06:10:01.754+0000] {dag.py:3047} INFO - Sync 2 DAGs
[2024-03-31T06:10:01.763+0000] {logging_mixin.py:188} INFO - [2024-03-31T06:10:01.763+0000] {dag.py:3834} INFO - Setting next_dagrun for example_subdag_operator.section-1 to None, run_after=None
[2024-03-31T06:10:01.763+0000] {logging_mixin.py:188} INFO - [2024-03-31T06:10:01.763+0000] {dag.py:3834} INFO - Setting next_dagrun for example_subdag_operator.section-2 to None, run_after=None
[2024-03-31T06:10:01.776+0000] {processor.py:183} INFO - Processing /home/airflow/.local/lib/python3.8/site-packages/airflow/example_dags/example_subdag_operator.py took 0.113 seconds
[2024-03-31T06:10:32.105+0000] {processor.py:161} INFO - Started process (PID=1194) to work on /home/airflow/.local/lib/python3.8/site-packages/airflow/example_dags/example_subdag_operator.py
[2024-03-31T06:10:32.106+0000] {processor.py:830} INFO - Processing file /home/airflow/.local/lib/python3.8/site-packages/airflow/example_dags/example_subdag_operator.py for tasks to queue
[2024-03-31T06:10:32.110+0000] {logging_mixin.py:188} INFO - [2024-03-31T06:10:32.109+0000] {dagbag.py:540} INFO - Filling up the DagBag from /home/airflow/.local/lib/python3.8/site-packages/airflow/example_dags/example_subdag_operator.py
[2024-03-31T06:10:32.137+0000] {processor.py:840} INFO - DAG(s) 'example_subdag_operator.section-1', 'example_subdag_operator.section-2', 'example_subdag_operator' retrieved from /home/airflow/.local/lib/python3.8/site-packages/airflow/example_dags/example_subdag_operator.py
[2024-03-31T06:10:32.164+0000] {logging_mixin.py:188} INFO - [2024-03-31T06:10:32.163+0000] {dag.py:3047} INFO - Sync 3 DAGs
[2024-03-31T06:10:32.197+0000] {logging_mixin.py:188} INFO - [2024-03-31T06:10:32.197+0000] {dag.py:3834} INFO - Setting next_dagrun for example_subdag_operator to 2022-01-01 00:00:00+00:00, run_after=2022-01-01 00:00:00+00:00
[2024-03-31T06:10:32.204+0000] {logging_mixin.py:188} INFO - [2024-03-31T06:10:32.204+0000] {dag.py:3834} INFO - Setting next_dagrun for example_subdag_operator.section-1 to None, run_after=None
[2024-03-31T06:10:32.206+0000] {logging_mixin.py:188} INFO - [2024-03-31T06:10:32.206+0000] {dag.py:3834} INFO - Setting next_dagrun for example_subdag_operator.section-2 to None, run_after=None
[2024-03-31T06:10:32.216+0000] {logging_mixin.py:188} INFO - [2024-03-31T06:10:32.216+0000] {dag.py:3047} INFO - Sync 2 DAGs
[2024-03-31T06:10:32.222+0000] {logging_mixin.py:188} INFO - [2024-03-31T06:10:32.221+0000] {dag.py:3834} INFO - Setting next_dagrun for example_subdag_operator.section-1 to None, run_after=None
[2024-03-31T06:10:32.222+0000] {logging_mixin.py:188} INFO - [2024-03-31T06:10:32.222+0000] {dag.py:3834} INFO - Setting next_dagrun for example_subdag_operator.section-2 to None, run_after=None
[2024-03-31T06:10:32.234+0000] {processor.py:183} INFO - Processing /home/airflow/.local/lib/python3.8/site-packages/airflow/example_dags/example_subdag_operator.py took 0.132 seconds
[2024-03-31T06:11:02.359+0000] {processor.py:161} INFO - Started process (PID=1249) to work on /home/airflow/.local/lib/python3.8/site-packages/airflow/example_dags/example_subdag_operator.py
[2024-03-31T06:11:02.360+0000] {processor.py:830} INFO - Processing file /home/airflow/.local/lib/python3.8/site-packages/airflow/example_dags/example_subdag_operator.py for tasks to queue
[2024-03-31T06:11:02.362+0000] {logging_mixin.py:188} INFO - [2024-03-31T06:11:02.362+0000] {dagbag.py:540} INFO - Filling up the DagBag from /home/airflow/.local/lib/python3.8/site-packages/airflow/example_dags/example_subdag_operator.py
[2024-03-31T06:11:02.384+0000] {processor.py:840} INFO - DAG(s) 'example_subdag_operator.section-1', 'example_subdag_operator.section-2', 'example_subdag_operator' retrieved from /home/airflow/.local/lib/python3.8/site-packages/airflow/example_dags/example_subdag_operator.py
[2024-03-31T06:11:02.403+0000] {logging_mixin.py:188} INFO - [2024-03-31T06:11:02.403+0000] {dag.py:3047} INFO - Sync 3 DAGs
[2024-03-31T06:11:02.431+0000] {logging_mixin.py:188} INFO - [2024-03-31T06:11:02.431+0000] {dag.py:3834} INFO - Setting next_dagrun for example_subdag_operator to 2022-01-01 00:00:00+00:00, run_after=2022-01-01 00:00:00+00:00
[2024-03-31T06:11:02.435+0000] {logging_mixin.py:188} INFO - [2024-03-31T06:11:02.434+0000] {dag.py:3834} INFO - Setting next_dagrun for example_subdag_operator.section-1 to None, run_after=None
[2024-03-31T06:11:02.436+0000] {logging_mixin.py:188} INFO - [2024-03-31T06:11:02.436+0000] {dag.py:3834} INFO - Setting next_dagrun for example_subdag_operator.section-2 to None, run_after=None
[2024-03-31T06:11:02.447+0000] {logging_mixin.py:188} INFO - [2024-03-31T06:11:02.447+0000] {dag.py:3047} INFO - Sync 2 DAGs
[2024-03-31T06:11:02.453+0000] {logging_mixin.py:188} INFO - [2024-03-31T06:11:02.453+0000] {dag.py:3834} INFO - Setting next_dagrun for example_subdag_operator.section-1 to None, run_after=None
[2024-03-31T06:11:02.453+0000] {logging_mixin.py:188} INFO - [2024-03-31T06:11:02.453+0000] {dag.py:3834} INFO - Setting next_dagrun for example_subdag_operator.section-2 to None, run_after=None
[2024-03-31T06:11:02.466+0000] {processor.py:183} INFO - Processing /home/airflow/.local/lib/python3.8/site-packages/airflow/example_dags/example_subdag_operator.py took 0.112 seconds
[2024-03-31T06:11:32.803+0000] {processor.py:161} INFO - Started process (PID=1305) to work on /home/airflow/.local/lib/python3.8/site-packages/airflow/example_dags/example_subdag_operator.py
[2024-03-31T06:11:32.804+0000] {processor.py:830} INFO - Processing file /home/airflow/.local/lib/python3.8/site-packages/airflow/example_dags/example_subdag_operator.py for tasks to queue
[2024-03-31T06:11:32.808+0000] {logging_mixin.py:188} INFO - [2024-03-31T06:11:32.808+0000] {dagbag.py:540} INFO - Filling up the DagBag from /home/airflow/.local/lib/python3.8/site-packages/airflow/example_dags/example_subdag_operator.py
[2024-03-31T06:11:32.898+0000] {processor.py:840} INFO - DAG(s) 'example_subdag_operator.section-1', 'example_subdag_operator.section-2', 'example_subdag_operator' retrieved from /home/airflow/.local/lib/python3.8/site-packages/airflow/example_dags/example_subdag_operator.py
[2024-03-31T06:11:32.929+0000] {logging_mixin.py:188} INFO - [2024-03-31T06:11:32.928+0000] {dag.py:3047} INFO - Sync 3 DAGs
[2024-03-31T06:11:32.967+0000] {logging_mixin.py:188} INFO - [2024-03-31T06:11:32.966+0000] {dag.py:3834} INFO - Setting next_dagrun for example_subdag_operator to 2022-01-01 00:00:00+00:00, run_after=2022-01-01 00:00:00+00:00
[2024-03-31T06:11:32.978+0000] {logging_mixin.py:188} INFO - [2024-03-31T06:11:32.978+0000] {dag.py:3834} INFO - Setting next_dagrun for example_subdag_operator.section-1 to None, run_after=None
[2024-03-31T06:11:32.985+0000] {logging_mixin.py:188} INFO - [2024-03-31T06:11:32.985+0000] {dag.py:3834} INFO - Setting next_dagrun for example_subdag_operator.section-2 to None, run_after=None
[2024-03-31T06:11:32.999+0000] {logging_mixin.py:188} INFO - [2024-03-31T06:11:32.999+0000] {dag.py:3047} INFO - Sync 2 DAGs
[2024-03-31T06:11:33.011+0000] {logging_mixin.py:188} INFO - [2024-03-31T06:11:33.010+0000] {dag.py:3834} INFO - Setting next_dagrun for example_subdag_operator.section-1 to None, run_after=None
[2024-03-31T06:11:33.012+0000] {logging_mixin.py:188} INFO - [2024-03-31T06:11:33.012+0000] {dag.py:3834} INFO - Setting next_dagrun for example_subdag_operator.section-2 to None, run_after=None
[2024-03-31T06:11:33.065+0000] {processor.py:183} INFO - Processing /home/airflow/.local/lib/python3.8/site-packages/airflow/example_dags/example_subdag_operator.py took 0.265 seconds
[2024-03-31T06:12:03.249+0000] {processor.py:161} INFO - Started process (PID=1361) to work on /home/airflow/.local/lib/python3.8/site-packages/airflow/example_dags/example_subdag_operator.py
[2024-03-31T06:12:03.250+0000] {processor.py:830} INFO - Processing file /home/airflow/.local/lib/python3.8/site-packages/airflow/example_dags/example_subdag_operator.py for tasks to queue
[2024-03-31T06:12:03.252+0000] {logging_mixin.py:188} INFO - [2024-03-31T06:12:03.252+0000] {dagbag.py:540} INFO - Filling up the DagBag from /home/airflow/.local/lib/python3.8/site-packages/airflow/example_dags/example_subdag_operator.py
[2024-03-31T06:12:03.295+0000] {processor.py:840} INFO - DAG(s) 'example_subdag_operator.section-1', 'example_subdag_operator.section-2', 'example_subdag_operator' retrieved from /home/airflow/.local/lib/python3.8/site-packages/airflow/example_dags/example_subdag_operator.py
[2024-03-31T06:12:03.317+0000] {logging_mixin.py:188} INFO - [2024-03-31T06:12:03.317+0000] {dag.py:3047} INFO - Sync 3 DAGs
[2024-03-31T06:12:03.364+0000] {logging_mixin.py:188} INFO - [2024-03-31T06:12:03.364+0000] {dag.py:3834} INFO - Setting next_dagrun for example_subdag_operator to 2022-01-01 00:00:00+00:00, run_after=2022-01-01 00:00:00+00:00
[2024-03-31T06:12:03.369+0000] {logging_mixin.py:188} INFO - [2024-03-31T06:12:03.369+0000] {dag.py:3834} INFO - Setting next_dagrun for example_subdag_operator.section-1 to None, run_after=None
[2024-03-31T06:12:03.372+0000] {logging_mixin.py:188} INFO - [2024-03-31T06:12:03.372+0000] {dag.py:3834} INFO - Setting next_dagrun for example_subdag_operator.section-2 to None, run_after=None
[2024-03-31T06:12:03.386+0000] {logging_mixin.py:188} INFO - [2024-03-31T06:12:03.386+0000] {dag.py:3047} INFO - Sync 2 DAGs
[2024-03-31T06:12:03.399+0000] {logging_mixin.py:188} INFO - [2024-03-31T06:12:03.399+0000] {dag.py:3834} INFO - Setting next_dagrun for example_subdag_operator.section-1 to None, run_after=None
[2024-03-31T06:12:03.400+0000] {logging_mixin.py:188} INFO - [2024-03-31T06:12:03.400+0000] {dag.py:3834} INFO - Setting next_dagrun for example_subdag_operator.section-2 to None, run_after=None
[2024-03-31T06:12:03.420+0000] {processor.py:183} INFO - Processing /home/airflow/.local/lib/python3.8/site-packages/airflow/example_dags/example_subdag_operator.py took 0.174 seconds
[2024-03-31T06:12:34.455+0000] {processor.py:161} INFO - Started process (PID=1417) to work on /home/airflow/.local/lib/python3.8/site-packages/airflow/example_dags/example_subdag_operator.py
[2024-03-31T06:12:34.459+0000] {processor.py:830} INFO - Processing file /home/airflow/.local/lib/python3.8/site-packages/airflow/example_dags/example_subdag_operator.py for tasks to queue
[2024-03-31T06:12:34.463+0000] {logging_mixin.py:188} INFO - [2024-03-31T06:12:34.462+0000] {dagbag.py:540} INFO - Filling up the DagBag from /home/airflow/.local/lib/python3.8/site-packages/airflow/example_dags/example_subdag_operator.py
[2024-03-31T06:12:34.511+0000] {processor.py:840} INFO - DAG(s) 'example_subdag_operator.section-1', 'example_subdag_operator.section-2', 'example_subdag_operator' retrieved from /home/airflow/.local/lib/python3.8/site-packages/airflow/example_dags/example_subdag_operator.py
[2024-03-31T06:12:34.562+0000] {logging_mixin.py:188} INFO - [2024-03-31T06:12:34.561+0000] {dag.py:3047} INFO - Sync 3 DAGs
[2024-03-31T06:12:34.632+0000] {logging_mixin.py:188} INFO - [2024-03-31T06:12:34.632+0000] {dag.py:3834} INFO - Setting next_dagrun for example_subdag_operator to 2022-01-01 00:00:00+00:00, run_after=2022-01-01 00:00:00+00:00
[2024-03-31T06:12:34.647+0000] {logging_mixin.py:188} INFO - [2024-03-31T06:12:34.647+0000] {dag.py:3834} INFO - Setting next_dagrun for example_subdag_operator.section-1 to None, run_after=None
[2024-03-31T06:12:34.659+0000] {logging_mixin.py:188} INFO - [2024-03-31T06:12:34.657+0000] {dag.py:3834} INFO - Setting next_dagrun for example_subdag_operator.section-2 to None, run_after=None
[2024-03-31T06:12:34.675+0000] {logging_mixin.py:188} INFO - [2024-03-31T06:12:34.675+0000] {dag.py:3047} INFO - Sync 2 DAGs
[2024-03-31T06:12:34.698+0000] {logging_mixin.py:188} INFO - [2024-03-31T06:12:34.698+0000] {dag.py:3834} INFO - Setting next_dagrun for example_subdag_operator.section-1 to None, run_after=None
[2024-03-31T06:12:34.699+0000] {logging_mixin.py:188} INFO - [2024-03-31T06:12:34.699+0000] {dag.py:3834} INFO - Setting next_dagrun for example_subdag_operator.section-2 to None, run_after=None
[2024-03-31T06:12:34.752+0000] {processor.py:183} INFO - Processing /home/airflow/.local/lib/python3.8/site-packages/airflow/example_dags/example_subdag_operator.py took 0.300 seconds
[2024-03-31T06:13:45.322+0000] {processor.py:161} INFO - Started process (PID=67) to work on /home/airflow/.local/lib/python3.8/site-packages/airflow/example_dags/example_subdag_operator.py
[2024-03-31T06:13:45.323+0000] {processor.py:830} INFO - Processing file /home/airflow/.local/lib/python3.8/site-packages/airflow/example_dags/example_subdag_operator.py for tasks to queue
[2024-03-31T06:13:45.334+0000] {logging_mixin.py:188} INFO - [2024-03-31T06:13:45.334+0000] {dagbag.py:540} INFO - Filling up the DagBag from /home/airflow/.local/lib/python3.8/site-packages/airflow/example_dags/example_subdag_operator.py
[2024-03-31T06:13:45.455+0000] {processor.py:840} INFO - DAG(s) 'example_subdag_operator.section-1', 'example_subdag_operator.section-2', 'example_subdag_operator' retrieved from /home/airflow/.local/lib/python3.8/site-packages/airflow/example_dags/example_subdag_operator.py
[2024-03-31T06:13:45.474+0000] {logging_mixin.py:188} INFO - [2024-03-31T06:13:45.473+0000] {dag.py:3047} INFO - Sync 3 DAGs
[2024-03-31T06:13:45.579+0000] {logging_mixin.py:188} INFO - [2024-03-31T06:13:45.578+0000] {dag.py:3834} INFO - Setting next_dagrun for example_subdag_operator to 2022-01-01 00:00:00+00:00, run_after=2022-01-01 00:00:00+00:00
[2024-03-31T06:13:45.598+0000] {logging_mixin.py:188} INFO - [2024-03-31T06:13:45.597+0000] {dag.py:3834} INFO - Setting next_dagrun for example_subdag_operator.section-1 to None, run_after=None
[2024-03-31T06:13:45.608+0000] {logging_mixin.py:188} INFO - [2024-03-31T06:13:45.608+0000] {dag.py:3834} INFO - Setting next_dagrun for example_subdag_operator.section-2 to None, run_after=None
[2024-03-31T06:13:45.653+0000] {logging_mixin.py:188} INFO - [2024-03-31T06:13:45.653+0000] {dag.py:3047} INFO - Sync 2 DAGs
[2024-03-31T06:13:45.707+0000] {logging_mixin.py:188} INFO - [2024-03-31T06:13:45.706+0000] {dag.py:3834} INFO - Setting next_dagrun for example_subdag_operator.section-1 to None, run_after=None
[2024-03-31T06:13:45.715+0000] {logging_mixin.py:188} INFO - [2024-03-31T06:13:45.715+0000] {dag.py:3834} INFO - Setting next_dagrun for example_subdag_operator.section-2 to None, run_after=None
[2024-03-31T06:13:45.750+0000] {processor.py:183} INFO - Processing /home/airflow/.local/lib/python3.8/site-packages/airflow/example_dags/example_subdag_operator.py took 0.431 seconds
