[2024-03-31T06:00:35.706+0000] {processor.py:161} INFO - Started process (PID=94) to work on /home/airflow/.local/lib/python3.8/site-packages/airflow/example_dags/example_skip_dag.py
[2024-03-31T06:00:35.710+0000] {processor.py:830} INFO - Processing file /home/airflow/.local/lib/python3.8/site-packages/airflow/example_dags/example_skip_dag.py for tasks to queue
[2024-03-31T06:00:35.729+0000] {logging_mixin.py:188} INFO - [2024-03-31T06:00:35.728+0000] {dagbag.py:540} INFO - Filling up the DagBag from /home/airflow/.local/lib/python3.8/site-packages/airflow/example_dags/example_skip_dag.py
[2024-03-31T06:00:35.759+0000] {processor.py:840} INFO - DAG(s) 'example_skip_dag' retrieved from /home/airflow/.local/lib/python3.8/site-packages/airflow/example_dags/example_skip_dag.py
[2024-03-31T06:00:36.050+0000] {logging_mixin.py:188} INFO - [2024-03-31T06:00:36.050+0000] {dag.py:3047} INFO - Sync 1 DAGs
[2024-03-31T06:00:36.079+0000] {logging_mixin.py:188} INFO - [2024-03-31T06:00:36.079+0000] {dag.py:3834} INFO - Setting next_dagrun for example_skip_dag to 2024-03-30 00:00:00+00:00, run_after=2024-03-31 00:00:00+00:00
[2024-03-31T06:00:36.110+0000] {processor.py:183} INFO - Processing /home/airflow/.local/lib/python3.8/site-packages/airflow/example_dags/example_skip_dag.py took 0.420 seconds
[2024-03-31T06:01:06.273+0000] {processor.py:161} INFO - Started process (PID=149) to work on /home/airflow/.local/lib/python3.8/site-packages/airflow/example_dags/example_skip_dag.py
[2024-03-31T06:01:06.274+0000] {processor.py:830} INFO - Processing file /home/airflow/.local/lib/python3.8/site-packages/airflow/example_dags/example_skip_dag.py for tasks to queue
[2024-03-31T06:01:06.276+0000] {logging_mixin.py:188} INFO - [2024-03-31T06:01:06.275+0000] {dagbag.py:540} INFO - Filling up the DagBag from /home/airflow/.local/lib/python3.8/site-packages/airflow/example_dags/example_skip_dag.py
[2024-03-31T06:01:06.293+0000] {processor.py:840} INFO - DAG(s) 'example_skip_dag' retrieved from /home/airflow/.local/lib/python3.8/site-packages/airflow/example_dags/example_skip_dag.py
[2024-03-31T06:01:06.319+0000] {logging_mixin.py:188} INFO - [2024-03-31T06:01:06.319+0000] {dag.py:3047} INFO - Sync 1 DAGs
[2024-03-31T06:01:06.386+0000] {logging_mixin.py:188} INFO - [2024-03-31T06:01:06.383+0000] {dag.py:3834} INFO - Setting next_dagrun for example_skip_dag to 2024-03-30 00:00:00+00:00, run_after=2024-03-31 00:00:00+00:00
[2024-03-31T06:01:06.458+0000] {processor.py:183} INFO - Processing /home/airflow/.local/lib/python3.8/site-packages/airflow/example_dags/example_skip_dag.py took 0.194 seconds
[2024-03-31T06:01:37.197+0000] {processor.py:161} INFO - Started process (PID=205) to work on /home/airflow/.local/lib/python3.8/site-packages/airflow/example_dags/example_skip_dag.py
[2024-03-31T06:01:37.200+0000] {processor.py:830} INFO - Processing file /home/airflow/.local/lib/python3.8/site-packages/airflow/example_dags/example_skip_dag.py for tasks to queue
[2024-03-31T06:01:37.205+0000] {logging_mixin.py:188} INFO - [2024-03-31T06:01:37.205+0000] {dagbag.py:540} INFO - Filling up the DagBag from /home/airflow/.local/lib/python3.8/site-packages/airflow/example_dags/example_skip_dag.py
[2024-03-31T06:01:37.221+0000] {processor.py:840} INFO - DAG(s) 'example_skip_dag' retrieved from /home/airflow/.local/lib/python3.8/site-packages/airflow/example_dags/example_skip_dag.py
[2024-03-31T06:01:37.242+0000] {logging_mixin.py:188} INFO - [2024-03-31T06:01:37.242+0000] {dag.py:3047} INFO - Sync 1 DAGs
[2024-03-31T06:01:37.276+0000] {logging_mixin.py:188} INFO - [2024-03-31T06:01:37.276+0000] {dag.py:3834} INFO - Setting next_dagrun for example_skip_dag to 2024-03-30 00:00:00+00:00, run_after=2024-03-31 00:00:00+00:00
[2024-03-31T06:01:37.324+0000] {processor.py:183} INFO - Processing /home/airflow/.local/lib/python3.8/site-packages/airflow/example_dags/example_skip_dag.py took 0.130 seconds
[2024-03-31T06:02:07.518+0000] {processor.py:161} INFO - Started process (PID=261) to work on /home/airflow/.local/lib/python3.8/site-packages/airflow/example_dags/example_skip_dag.py
[2024-03-31T06:02:07.535+0000] {processor.py:830} INFO - Processing file /home/airflow/.local/lib/python3.8/site-packages/airflow/example_dags/example_skip_dag.py for tasks to queue
[2024-03-31T06:02:07.542+0000] {logging_mixin.py:188} INFO - [2024-03-31T06:02:07.541+0000] {dagbag.py:540} INFO - Filling up the DagBag from /home/airflow/.local/lib/python3.8/site-packages/airflow/example_dags/example_skip_dag.py
[2024-03-31T06:02:07.572+0000] {processor.py:840} INFO - DAG(s) 'example_skip_dag' retrieved from /home/airflow/.local/lib/python3.8/site-packages/airflow/example_dags/example_skip_dag.py
[2024-03-31T06:02:07.604+0000] {logging_mixin.py:188} INFO - [2024-03-31T06:02:07.603+0000] {dag.py:3047} INFO - Sync 1 DAGs
[2024-03-31T06:02:07.644+0000] {logging_mixin.py:188} INFO - [2024-03-31T06:02:07.644+0000] {dag.py:3834} INFO - Setting next_dagrun for example_skip_dag to 2024-03-30 00:00:00+00:00, run_after=2024-03-31 00:00:00+00:00
[2024-03-31T06:02:07.693+0000] {processor.py:183} INFO - Processing /home/airflow/.local/lib/python3.8/site-packages/airflow/example_dags/example_skip_dag.py took 0.179 seconds
[2024-03-31T06:02:37.907+0000] {processor.py:161} INFO - Started process (PID=317) to work on /home/airflow/.local/lib/python3.8/site-packages/airflow/example_dags/example_skip_dag.py
[2024-03-31T06:02:37.908+0000] {processor.py:830} INFO - Processing file /home/airflow/.local/lib/python3.8/site-packages/airflow/example_dags/example_skip_dag.py for tasks to queue
[2024-03-31T06:02:37.909+0000] {logging_mixin.py:188} INFO - [2024-03-31T06:02:37.909+0000] {dagbag.py:540} INFO - Filling up the DagBag from /home/airflow/.local/lib/python3.8/site-packages/airflow/example_dags/example_skip_dag.py
[2024-03-31T06:02:37.918+0000] {processor.py:840} INFO - DAG(s) 'example_skip_dag' retrieved from /home/airflow/.local/lib/python3.8/site-packages/airflow/example_dags/example_skip_dag.py
[2024-03-31T06:02:37.928+0000] {logging_mixin.py:188} INFO - [2024-03-31T06:02:37.927+0000] {dag.py:3047} INFO - Sync 1 DAGs
[2024-03-31T06:02:37.960+0000] {logging_mixin.py:188} INFO - [2024-03-31T06:02:37.959+0000] {dag.py:3834} INFO - Setting next_dagrun for example_skip_dag to 2024-03-30 00:00:00+00:00, run_after=2024-03-31 00:00:00+00:00
[2024-03-31T06:02:37.982+0000] {processor.py:183} INFO - Processing /home/airflow/.local/lib/python3.8/site-packages/airflow/example_dags/example_skip_dag.py took 0.077 seconds
[2024-03-31T06:03:09.075+0000] {processor.py:161} INFO - Started process (PID=373) to work on /home/airflow/.local/lib/python3.8/site-packages/airflow/example_dags/example_skip_dag.py
[2024-03-31T06:03:09.076+0000] {processor.py:830} INFO - Processing file /home/airflow/.local/lib/python3.8/site-packages/airflow/example_dags/example_skip_dag.py for tasks to queue
[2024-03-31T06:03:09.077+0000] {logging_mixin.py:188} INFO - [2024-03-31T06:03:09.077+0000] {dagbag.py:540} INFO - Filling up the DagBag from /home/airflow/.local/lib/python3.8/site-packages/airflow/example_dags/example_skip_dag.py
[2024-03-31T06:03:09.086+0000] {processor.py:840} INFO - DAG(s) 'example_skip_dag' retrieved from /home/airflow/.local/lib/python3.8/site-packages/airflow/example_dags/example_skip_dag.py
[2024-03-31T06:03:09.205+0000] {logging_mixin.py:188} INFO - [2024-03-31T06:03:09.204+0000] {dag.py:3047} INFO - Sync 1 DAGs
[2024-03-31T06:03:09.225+0000] {logging_mixin.py:188} INFO - [2024-03-31T06:03:09.225+0000] {dag.py:3834} INFO - Setting next_dagrun for example_skip_dag to 2024-03-30 00:00:00+00:00, run_after=2024-03-31 00:00:00+00:00
[2024-03-31T06:03:09.250+0000] {processor.py:183} INFO - Processing /home/airflow/.local/lib/python3.8/site-packages/airflow/example_dags/example_skip_dag.py took 0.179 seconds
[2024-03-31T06:03:40.105+0000] {processor.py:161} INFO - Started process (PID=429) to work on /home/airflow/.local/lib/python3.8/site-packages/airflow/example_dags/example_skip_dag.py
[2024-03-31T06:03:40.106+0000] {processor.py:830} INFO - Processing file /home/airflow/.local/lib/python3.8/site-packages/airflow/example_dags/example_skip_dag.py for tasks to queue
[2024-03-31T06:03:40.108+0000] {logging_mixin.py:188} INFO - [2024-03-31T06:03:40.108+0000] {dagbag.py:540} INFO - Filling up the DagBag from /home/airflow/.local/lib/python3.8/site-packages/airflow/example_dags/example_skip_dag.py
[2024-03-31T06:03:40.115+0000] {processor.py:840} INFO - DAG(s) 'example_skip_dag' retrieved from /home/airflow/.local/lib/python3.8/site-packages/airflow/example_dags/example_skip_dag.py
[2024-03-31T06:03:40.143+0000] {logging_mixin.py:188} INFO - [2024-03-31T06:03:40.143+0000] {dag.py:3047} INFO - Sync 1 DAGs
[2024-03-31T06:03:40.175+0000] {logging_mixin.py:188} INFO - [2024-03-31T06:03:40.175+0000] {dag.py:3834} INFO - Setting next_dagrun for example_skip_dag to 2024-03-30 00:00:00+00:00, run_after=2024-03-31 00:00:00+00:00
[2024-03-31T06:03:40.195+0000] {processor.py:183} INFO - Processing /home/airflow/.local/lib/python3.8/site-packages/airflow/example_dags/example_skip_dag.py took 0.092 seconds
[2024-03-31T06:04:10.337+0000] {processor.py:161} INFO - Started process (PID=485) to work on /home/airflow/.local/lib/python3.8/site-packages/airflow/example_dags/example_skip_dag.py
[2024-03-31T06:04:10.338+0000] {processor.py:830} INFO - Processing file /home/airflow/.local/lib/python3.8/site-packages/airflow/example_dags/example_skip_dag.py for tasks to queue
[2024-03-31T06:04:10.339+0000] {logging_mixin.py:188} INFO - [2024-03-31T06:04:10.339+0000] {dagbag.py:540} INFO - Filling up the DagBag from /home/airflow/.local/lib/python3.8/site-packages/airflow/example_dags/example_skip_dag.py
[2024-03-31T06:04:10.351+0000] {processor.py:840} INFO - DAG(s) 'example_skip_dag' retrieved from /home/airflow/.local/lib/python3.8/site-packages/airflow/example_dags/example_skip_dag.py
[2024-03-31T06:04:10.404+0000] {logging_mixin.py:188} INFO - [2024-03-31T06:04:10.403+0000] {dag.py:3047} INFO - Sync 1 DAGs
[2024-03-31T06:04:10.470+0000] {logging_mixin.py:188} INFO - [2024-03-31T06:04:10.469+0000] {dag.py:3834} INFO - Setting next_dagrun for example_skip_dag to 2024-03-30 00:00:00+00:00, run_after=2024-03-31 00:00:00+00:00
[2024-03-31T06:04:10.494+0000] {processor.py:183} INFO - Processing /home/airflow/.local/lib/python3.8/site-packages/airflow/example_dags/example_skip_dag.py took 0.160 seconds
[2024-03-31T06:04:40.689+0000] {processor.py:161} INFO - Started process (PID=541) to work on /home/airflow/.local/lib/python3.8/site-packages/airflow/example_dags/example_skip_dag.py
[2024-03-31T06:04:40.690+0000] {processor.py:830} INFO - Processing file /home/airflow/.local/lib/python3.8/site-packages/airflow/example_dags/example_skip_dag.py for tasks to queue
[2024-03-31T06:04:40.692+0000] {logging_mixin.py:188} INFO - [2024-03-31T06:04:40.692+0000] {dagbag.py:540} INFO - Filling up the DagBag from /home/airflow/.local/lib/python3.8/site-packages/airflow/example_dags/example_skip_dag.py
[2024-03-31T06:04:40.702+0000] {processor.py:840} INFO - DAG(s) 'example_skip_dag' retrieved from /home/airflow/.local/lib/python3.8/site-packages/airflow/example_dags/example_skip_dag.py
[2024-03-31T06:04:40.736+0000] {logging_mixin.py:188} INFO - [2024-03-31T06:04:40.735+0000] {dag.py:3047} INFO - Sync 1 DAGs
[2024-03-31T06:04:40.765+0000] {logging_mixin.py:188} INFO - [2024-03-31T06:04:40.765+0000] {dag.py:3834} INFO - Setting next_dagrun for example_skip_dag to 2024-03-30 00:00:00+00:00, run_after=2024-03-31 00:00:00+00:00
[2024-03-31T06:04:40.795+0000] {processor.py:183} INFO - Processing /home/airflow/.local/lib/python3.8/site-packages/airflow/example_dags/example_skip_dag.py took 0.111 seconds
[2024-03-31T06:05:11.143+0000] {processor.py:161} INFO - Started process (PID=603) to work on /home/airflow/.local/lib/python3.8/site-packages/airflow/example_dags/example_skip_dag.py
[2024-03-31T06:05:11.145+0000] {processor.py:830} INFO - Processing file /home/airflow/.local/lib/python3.8/site-packages/airflow/example_dags/example_skip_dag.py for tasks to queue
[2024-03-31T06:05:11.149+0000] {logging_mixin.py:188} INFO - [2024-03-31T06:05:11.149+0000] {dagbag.py:540} INFO - Filling up the DagBag from /home/airflow/.local/lib/python3.8/site-packages/airflow/example_dags/example_skip_dag.py
[2024-03-31T06:05:11.155+0000] {processor.py:840} INFO - DAG(s) 'example_skip_dag' retrieved from /home/airflow/.local/lib/python3.8/site-packages/airflow/example_dags/example_skip_dag.py
[2024-03-31T06:05:11.177+0000] {logging_mixin.py:188} INFO - [2024-03-31T06:05:11.176+0000] {dag.py:3047} INFO - Sync 1 DAGs
[2024-03-31T06:05:11.202+0000] {logging_mixin.py:188} INFO - [2024-03-31T06:05:11.202+0000] {dag.py:3834} INFO - Setting next_dagrun for example_skip_dag to 2024-03-30 00:00:00+00:00, run_after=2024-03-31 00:00:00+00:00
[2024-03-31T06:05:11.223+0000] {processor.py:183} INFO - Processing /home/airflow/.local/lib/python3.8/site-packages/airflow/example_dags/example_skip_dag.py took 0.082 seconds
[2024-03-31T06:05:42.232+0000] {processor.py:161} INFO - Started process (PID=659) to work on /home/airflow/.local/lib/python3.8/site-packages/airflow/example_dags/example_skip_dag.py
[2024-03-31T06:05:42.234+0000] {processor.py:830} INFO - Processing file /home/airflow/.local/lib/python3.8/site-packages/airflow/example_dags/example_skip_dag.py for tasks to queue
[2024-03-31T06:05:42.236+0000] {logging_mixin.py:188} INFO - [2024-03-31T06:05:42.236+0000] {dagbag.py:540} INFO - Filling up the DagBag from /home/airflow/.local/lib/python3.8/site-packages/airflow/example_dags/example_skip_dag.py
[2024-03-31T06:05:42.252+0000] {processor.py:840} INFO - DAG(s) 'example_skip_dag' retrieved from /home/airflow/.local/lib/python3.8/site-packages/airflow/example_dags/example_skip_dag.py
[2024-03-31T06:05:42.304+0000] {logging_mixin.py:188} INFO - [2024-03-31T06:05:42.304+0000] {dag.py:3047} INFO - Sync 1 DAGs
[2024-03-31T06:05:42.339+0000] {logging_mixin.py:188} INFO - [2024-03-31T06:05:42.339+0000] {dag.py:3834} INFO - Setting next_dagrun for example_skip_dag to 2024-03-30 00:00:00+00:00, run_after=2024-03-31 00:00:00+00:00
[2024-03-31T06:05:42.364+0000] {processor.py:183} INFO - Processing /home/airflow/.local/lib/python3.8/site-packages/airflow/example_dags/example_skip_dag.py took 0.136 seconds
[2024-03-31T06:06:12.738+0000] {processor.py:161} INFO - Started process (PID=715) to work on /home/airflow/.local/lib/python3.8/site-packages/airflow/example_dags/example_skip_dag.py
[2024-03-31T06:06:12.739+0000] {processor.py:830} INFO - Processing file /home/airflow/.local/lib/python3.8/site-packages/airflow/example_dags/example_skip_dag.py for tasks to queue
[2024-03-31T06:06:12.741+0000] {logging_mixin.py:188} INFO - [2024-03-31T06:06:12.741+0000] {dagbag.py:540} INFO - Filling up the DagBag from /home/airflow/.local/lib/python3.8/site-packages/airflow/example_dags/example_skip_dag.py
[2024-03-31T06:06:12.749+0000] {processor.py:840} INFO - DAG(s) 'example_skip_dag' retrieved from /home/airflow/.local/lib/python3.8/site-packages/airflow/example_dags/example_skip_dag.py
[2024-03-31T06:06:12.769+0000] {logging_mixin.py:188} INFO - [2024-03-31T06:06:12.769+0000] {dag.py:3047} INFO - Sync 1 DAGs
[2024-03-31T06:06:12.802+0000] {logging_mixin.py:188} INFO - [2024-03-31T06:06:12.801+0000] {dag.py:3834} INFO - Setting next_dagrun for example_skip_dag to 2024-03-30 00:00:00+00:00, run_after=2024-03-31 00:00:00+00:00
[2024-03-31T06:06:12.821+0000] {processor.py:183} INFO - Processing /home/airflow/.local/lib/python3.8/site-packages/airflow/example_dags/example_skip_dag.py took 0.085 seconds
[2024-03-31T06:06:43.223+0000] {processor.py:161} INFO - Started process (PID=771) to work on /home/airflow/.local/lib/python3.8/site-packages/airflow/example_dags/example_skip_dag.py
[2024-03-31T06:06:43.224+0000] {processor.py:830} INFO - Processing file /home/airflow/.local/lib/python3.8/site-packages/airflow/example_dags/example_skip_dag.py for tasks to queue
[2024-03-31T06:06:43.226+0000] {logging_mixin.py:188} INFO - [2024-03-31T06:06:43.226+0000] {dagbag.py:540} INFO - Filling up the DagBag from /home/airflow/.local/lib/python3.8/site-packages/airflow/example_dags/example_skip_dag.py
[2024-03-31T06:06:43.237+0000] {processor.py:840} INFO - DAG(s) 'example_skip_dag' retrieved from /home/airflow/.local/lib/python3.8/site-packages/airflow/example_dags/example_skip_dag.py
[2024-03-31T06:06:43.273+0000] {logging_mixin.py:188} INFO - [2024-03-31T06:06:43.273+0000] {dag.py:3047} INFO - Sync 1 DAGs
[2024-03-31T06:06:43.319+0000] {logging_mixin.py:188} INFO - [2024-03-31T06:06:43.318+0000] {dag.py:3834} INFO - Setting next_dagrun for example_skip_dag to 2024-03-30 00:00:00+00:00, run_after=2024-03-31 00:00:00+00:00
[2024-03-31T06:06:43.348+0000] {processor.py:183} INFO - Processing /home/airflow/.local/lib/python3.8/site-packages/airflow/example_dags/example_skip_dag.py took 0.131 seconds
[2024-03-31T06:07:14.057+0000] {processor.py:161} INFO - Started process (PID=828) to work on /home/airflow/.local/lib/python3.8/site-packages/airflow/example_dags/example_skip_dag.py
[2024-03-31T06:07:14.057+0000] {processor.py:830} INFO - Processing file /home/airflow/.local/lib/python3.8/site-packages/airflow/example_dags/example_skip_dag.py for tasks to queue
[2024-03-31T06:07:14.059+0000] {logging_mixin.py:188} INFO - [2024-03-31T06:07:14.059+0000] {dagbag.py:540} INFO - Filling up the DagBag from /home/airflow/.local/lib/python3.8/site-packages/airflow/example_dags/example_skip_dag.py
[2024-03-31T06:07:14.068+0000] {processor.py:840} INFO - DAG(s) 'example_skip_dag' retrieved from /home/airflow/.local/lib/python3.8/site-packages/airflow/example_dags/example_skip_dag.py
[2024-03-31T06:07:14.089+0000] {logging_mixin.py:188} INFO - [2024-03-31T06:07:14.088+0000] {dag.py:3047} INFO - Sync 1 DAGs
[2024-03-31T06:07:14.116+0000] {logging_mixin.py:188} INFO - [2024-03-31T06:07:14.116+0000] {dag.py:3834} INFO - Setting next_dagrun for example_skip_dag to 2024-03-30 00:00:00+00:00, run_after=2024-03-31 00:00:00+00:00
[2024-03-31T06:07:14.135+0000] {processor.py:183} INFO - Processing /home/airflow/.local/lib/python3.8/site-packages/airflow/example_dags/example_skip_dag.py took 0.081 seconds
[2024-03-31T06:07:44.249+0000] {processor.py:161} INFO - Started process (PID=884) to work on /home/airflow/.local/lib/python3.8/site-packages/airflow/example_dags/example_skip_dag.py
[2024-03-31T06:07:44.250+0000] {processor.py:830} INFO - Processing file /home/airflow/.local/lib/python3.8/site-packages/airflow/example_dags/example_skip_dag.py for tasks to queue
[2024-03-31T06:07:44.252+0000] {logging_mixin.py:188} INFO - [2024-03-31T06:07:44.251+0000] {dagbag.py:540} INFO - Filling up the DagBag from /home/airflow/.local/lib/python3.8/site-packages/airflow/example_dags/example_skip_dag.py
[2024-03-31T06:07:44.256+0000] {processor.py:840} INFO - DAG(s) 'example_skip_dag' retrieved from /home/airflow/.local/lib/python3.8/site-packages/airflow/example_dags/example_skip_dag.py
[2024-03-31T06:07:44.279+0000] {logging_mixin.py:188} INFO - [2024-03-31T06:07:44.278+0000] {dag.py:3047} INFO - Sync 1 DAGs
[2024-03-31T06:07:44.300+0000] {logging_mixin.py:188} INFO - [2024-03-31T06:07:44.300+0000] {dag.py:3834} INFO - Setting next_dagrun for example_skip_dag to 2024-03-30 00:00:00+00:00, run_after=2024-03-31 00:00:00+00:00
[2024-03-31T06:07:44.318+0000] {processor.py:183} INFO - Processing /home/airflow/.local/lib/python3.8/site-packages/airflow/example_dags/example_skip_dag.py took 0.071 seconds
[2024-03-31T06:08:14.668+0000] {processor.py:161} INFO - Started process (PID=940) to work on /home/airflow/.local/lib/python3.8/site-packages/airflow/example_dags/example_skip_dag.py
[2024-03-31T06:08:14.669+0000] {processor.py:830} INFO - Processing file /home/airflow/.local/lib/python3.8/site-packages/airflow/example_dags/example_skip_dag.py for tasks to queue
[2024-03-31T06:08:14.671+0000] {logging_mixin.py:188} INFO - [2024-03-31T06:08:14.670+0000] {dagbag.py:540} INFO - Filling up the DagBag from /home/airflow/.local/lib/python3.8/site-packages/airflow/example_dags/example_skip_dag.py
[2024-03-31T06:08:14.680+0000] {processor.py:840} INFO - DAG(s) 'example_skip_dag' retrieved from /home/airflow/.local/lib/python3.8/site-packages/airflow/example_dags/example_skip_dag.py
[2024-03-31T06:08:14.708+0000] {logging_mixin.py:188} INFO - [2024-03-31T06:08:14.708+0000] {dag.py:3047} INFO - Sync 1 DAGs
[2024-03-31T06:08:14.742+0000] {logging_mixin.py:188} INFO - [2024-03-31T06:08:14.742+0000] {dag.py:3834} INFO - Setting next_dagrun for example_skip_dag to 2024-03-30 00:00:00+00:00, run_after=2024-03-31 00:00:00+00:00
[2024-03-31T06:08:14.774+0000] {processor.py:183} INFO - Processing /home/airflow/.local/lib/python3.8/site-packages/airflow/example_dags/example_skip_dag.py took 0.108 seconds
[2024-03-31T06:08:44.929+0000] {processor.py:161} INFO - Started process (PID=996) to work on /home/airflow/.local/lib/python3.8/site-packages/airflow/example_dags/example_skip_dag.py
[2024-03-31T06:08:44.931+0000] {processor.py:830} INFO - Processing file /home/airflow/.local/lib/python3.8/site-packages/airflow/example_dags/example_skip_dag.py for tasks to queue
[2024-03-31T06:08:44.933+0000] {logging_mixin.py:188} INFO - [2024-03-31T06:08:44.932+0000] {dagbag.py:540} INFO - Filling up the DagBag from /home/airflow/.local/lib/python3.8/site-packages/airflow/example_dags/example_skip_dag.py
[2024-03-31T06:08:44.938+0000] {processor.py:840} INFO - DAG(s) 'example_skip_dag' retrieved from /home/airflow/.local/lib/python3.8/site-packages/airflow/example_dags/example_skip_dag.py
[2024-03-31T06:08:44.967+0000] {logging_mixin.py:188} INFO - [2024-03-31T06:08:44.966+0000] {dag.py:3047} INFO - Sync 1 DAGs
[2024-03-31T06:08:44.990+0000] {logging_mixin.py:188} INFO - [2024-03-31T06:08:44.990+0000] {dag.py:3834} INFO - Setting next_dagrun for example_skip_dag to 2024-03-30 00:00:00+00:00, run_after=2024-03-31 00:00:00+00:00
[2024-03-31T06:08:45.047+0000] {processor.py:183} INFO - Processing /home/airflow/.local/lib/python3.8/site-packages/airflow/example_dags/example_skip_dag.py took 0.120 seconds
[2024-03-31T06:09:15.082+0000] {processor.py:161} INFO - Started process (PID=1052) to work on /home/airflow/.local/lib/python3.8/site-packages/airflow/example_dags/example_skip_dag.py
[2024-03-31T06:09:15.082+0000] {processor.py:830} INFO - Processing file /home/airflow/.local/lib/python3.8/site-packages/airflow/example_dags/example_skip_dag.py for tasks to queue
[2024-03-31T06:09:15.084+0000] {logging_mixin.py:188} INFO - [2024-03-31T06:09:15.084+0000] {dagbag.py:540} INFO - Filling up the DagBag from /home/airflow/.local/lib/python3.8/site-packages/airflow/example_dags/example_skip_dag.py
[2024-03-31T06:09:15.089+0000] {processor.py:840} INFO - DAG(s) 'example_skip_dag' retrieved from /home/airflow/.local/lib/python3.8/site-packages/airflow/example_dags/example_skip_dag.py
[2024-03-31T06:09:15.114+0000] {logging_mixin.py:188} INFO - [2024-03-31T06:09:15.114+0000] {dag.py:3047} INFO - Sync 1 DAGs
[2024-03-31T06:09:15.136+0000] {logging_mixin.py:188} INFO - [2024-03-31T06:09:15.136+0000] {dag.py:3834} INFO - Setting next_dagrun for example_skip_dag to 2024-03-30 00:00:00+00:00, run_after=2024-03-31 00:00:00+00:00
[2024-03-31T06:09:15.155+0000] {processor.py:183} INFO - Processing /home/airflow/.local/lib/python3.8/site-packages/airflow/example_dags/example_skip_dag.py took 0.076 seconds
[2024-03-31T06:09:45.409+0000] {processor.py:161} INFO - Started process (PID=1109) to work on /home/airflow/.local/lib/python3.8/site-packages/airflow/example_dags/example_skip_dag.py
[2024-03-31T06:09:45.411+0000] {processor.py:830} INFO - Processing file /home/airflow/.local/lib/python3.8/site-packages/airflow/example_dags/example_skip_dag.py for tasks to queue
[2024-03-31T06:09:45.414+0000] {logging_mixin.py:188} INFO - [2024-03-31T06:09:45.413+0000] {dagbag.py:540} INFO - Filling up the DagBag from /home/airflow/.local/lib/python3.8/site-packages/airflow/example_dags/example_skip_dag.py
[2024-03-31T06:09:45.421+0000] {processor.py:840} INFO - DAG(s) 'example_skip_dag' retrieved from /home/airflow/.local/lib/python3.8/site-packages/airflow/example_dags/example_skip_dag.py
[2024-03-31T06:09:45.456+0000] {logging_mixin.py:188} INFO - [2024-03-31T06:09:45.455+0000] {dag.py:3047} INFO - Sync 1 DAGs
[2024-03-31T06:09:45.496+0000] {logging_mixin.py:188} INFO - [2024-03-31T06:09:45.495+0000] {dag.py:3834} INFO - Setting next_dagrun for example_skip_dag to 2024-03-30 00:00:00+00:00, run_after=2024-03-31 00:00:00+00:00
[2024-03-31T06:09:45.523+0000] {processor.py:183} INFO - Processing /home/airflow/.local/lib/python3.8/site-packages/airflow/example_dags/example_skip_dag.py took 0.118 seconds
[2024-03-31T06:10:15.850+0000] {processor.py:161} INFO - Started process (PID=1165) to work on /home/airflow/.local/lib/python3.8/site-packages/airflow/example_dags/example_skip_dag.py
[2024-03-31T06:10:15.851+0000] {processor.py:830} INFO - Processing file /home/airflow/.local/lib/python3.8/site-packages/airflow/example_dags/example_skip_dag.py for tasks to queue
[2024-03-31T06:10:15.853+0000] {logging_mixin.py:188} INFO - [2024-03-31T06:10:15.853+0000] {dagbag.py:540} INFO - Filling up the DagBag from /home/airflow/.local/lib/python3.8/site-packages/airflow/example_dags/example_skip_dag.py
[2024-03-31T06:10:15.860+0000] {processor.py:840} INFO - DAG(s) 'example_skip_dag' retrieved from /home/airflow/.local/lib/python3.8/site-packages/airflow/example_dags/example_skip_dag.py
[2024-03-31T06:10:15.881+0000] {logging_mixin.py:188} INFO - [2024-03-31T06:10:15.881+0000] {dag.py:3047} INFO - Sync 1 DAGs
[2024-03-31T06:10:15.901+0000] {logging_mixin.py:188} INFO - [2024-03-31T06:10:15.901+0000] {dag.py:3834} INFO - Setting next_dagrun for example_skip_dag to 2024-03-30 00:00:00+00:00, run_after=2024-03-31 00:00:00+00:00
[2024-03-31T06:10:15.922+0000] {processor.py:183} INFO - Processing /home/airflow/.local/lib/python3.8/site-packages/airflow/example_dags/example_skip_dag.py took 0.074 seconds
[2024-03-31T06:10:46.281+0000] {processor.py:161} INFO - Started process (PID=1221) to work on /home/airflow/.local/lib/python3.8/site-packages/airflow/example_dags/example_skip_dag.py
[2024-03-31T06:10:46.282+0000] {processor.py:830} INFO - Processing file /home/airflow/.local/lib/python3.8/site-packages/airflow/example_dags/example_skip_dag.py for tasks to queue
[2024-03-31T06:10:46.283+0000] {logging_mixin.py:188} INFO - [2024-03-31T06:10:46.283+0000] {dagbag.py:540} INFO - Filling up the DagBag from /home/airflow/.local/lib/python3.8/site-packages/airflow/example_dags/example_skip_dag.py
[2024-03-31T06:10:46.288+0000] {processor.py:840} INFO - DAG(s) 'example_skip_dag' retrieved from /home/airflow/.local/lib/python3.8/site-packages/airflow/example_dags/example_skip_dag.py
[2024-03-31T06:10:46.309+0000] {logging_mixin.py:188} INFO - [2024-03-31T06:10:46.308+0000] {dag.py:3047} INFO - Sync 1 DAGs
[2024-03-31T06:10:46.331+0000] {logging_mixin.py:188} INFO - [2024-03-31T06:10:46.331+0000] {dag.py:3834} INFO - Setting next_dagrun for example_skip_dag to 2024-03-30 00:00:00+00:00, run_after=2024-03-31 00:00:00+00:00
[2024-03-31T06:10:46.351+0000] {processor.py:183} INFO - Processing /home/airflow/.local/lib/python3.8/site-packages/airflow/example_dags/example_skip_dag.py took 0.072 seconds
[2024-03-31T06:11:16.875+0000] {processor.py:161} INFO - Started process (PID=1277) to work on /home/airflow/.local/lib/python3.8/site-packages/airflow/example_dags/example_skip_dag.py
[2024-03-31T06:11:16.876+0000] {processor.py:830} INFO - Processing file /home/airflow/.local/lib/python3.8/site-packages/airflow/example_dags/example_skip_dag.py for tasks to queue
[2024-03-31T06:11:16.878+0000] {logging_mixin.py:188} INFO - [2024-03-31T06:11:16.878+0000] {dagbag.py:540} INFO - Filling up the DagBag from /home/airflow/.local/lib/python3.8/site-packages/airflow/example_dags/example_skip_dag.py
[2024-03-31T06:11:16.886+0000] {processor.py:840} INFO - DAG(s) 'example_skip_dag' retrieved from /home/airflow/.local/lib/python3.8/site-packages/airflow/example_dags/example_skip_dag.py
[2024-03-31T06:11:16.917+0000] {logging_mixin.py:188} INFO - [2024-03-31T06:11:16.916+0000] {dag.py:3047} INFO - Sync 1 DAGs
[2024-03-31T06:11:16.945+0000] {logging_mixin.py:188} INFO - [2024-03-31T06:11:16.945+0000] {dag.py:3834} INFO - Setting next_dagrun for example_skip_dag to 2024-03-30 00:00:00+00:00, run_after=2024-03-31 00:00:00+00:00
[2024-03-31T06:11:16.964+0000] {processor.py:183} INFO - Processing /home/airflow/.local/lib/python3.8/site-packages/airflow/example_dags/example_skip_dag.py took 0.092 seconds
[2024-03-31T06:11:47.608+0000] {processor.py:161} INFO - Started process (PID=1333) to work on /home/airflow/.local/lib/python3.8/site-packages/airflow/example_dags/example_skip_dag.py
[2024-03-31T06:11:47.609+0000] {processor.py:830} INFO - Processing file /home/airflow/.local/lib/python3.8/site-packages/airflow/example_dags/example_skip_dag.py for tasks to queue
[2024-03-31T06:11:47.612+0000] {logging_mixin.py:188} INFO - [2024-03-31T06:11:47.611+0000] {dagbag.py:540} INFO - Filling up the DagBag from /home/airflow/.local/lib/python3.8/site-packages/airflow/example_dags/example_skip_dag.py
[2024-03-31T06:11:47.621+0000] {processor.py:840} INFO - DAG(s) 'example_skip_dag' retrieved from /home/airflow/.local/lib/python3.8/site-packages/airflow/example_dags/example_skip_dag.py
[2024-03-31T06:11:47.644+0000] {logging_mixin.py:188} INFO - [2024-03-31T06:11:47.643+0000] {dag.py:3047} INFO - Sync 1 DAGs
[2024-03-31T06:11:47.665+0000] {logging_mixin.py:188} INFO - [2024-03-31T06:11:47.664+0000] {dag.py:3834} INFO - Setting next_dagrun for example_skip_dag to 2024-03-30 00:00:00+00:00, run_after=2024-03-31 00:00:00+00:00
[2024-03-31T06:11:47.684+0000] {processor.py:183} INFO - Processing /home/airflow/.local/lib/python3.8/site-packages/airflow/example_dags/example_skip_dag.py took 0.080 seconds
[2024-03-31T06:12:18.486+0000] {processor.py:161} INFO - Started process (PID=1389) to work on /home/airflow/.local/lib/python3.8/site-packages/airflow/example_dags/example_skip_dag.py
[2024-03-31T06:12:18.492+0000] {processor.py:830} INFO - Processing file /home/airflow/.local/lib/python3.8/site-packages/airflow/example_dags/example_skip_dag.py for tasks to queue
[2024-03-31T06:12:18.494+0000] {logging_mixin.py:188} INFO - [2024-03-31T06:12:18.494+0000] {dagbag.py:540} INFO - Filling up the DagBag from /home/airflow/.local/lib/python3.8/site-packages/airflow/example_dags/example_skip_dag.py
[2024-03-31T06:12:18.514+0000] {processor.py:840} INFO - DAG(s) 'example_skip_dag' retrieved from /home/airflow/.local/lib/python3.8/site-packages/airflow/example_dags/example_skip_dag.py
[2024-03-31T06:12:18.542+0000] {logging_mixin.py:188} INFO - [2024-03-31T06:12:18.541+0000] {dag.py:3047} INFO - Sync 1 DAGs
[2024-03-31T06:12:18.598+0000] {logging_mixin.py:188} INFO - [2024-03-31T06:12:18.598+0000] {dag.py:3834} INFO - Setting next_dagrun for example_skip_dag to 2024-03-30 00:00:00+00:00, run_after=2024-03-31 00:00:00+00:00
[2024-03-31T06:12:18.643+0000] {processor.py:183} INFO - Processing /home/airflow/.local/lib/python3.8/site-packages/airflow/example_dags/example_skip_dag.py took 0.160 seconds
[2024-03-31T06:13:49.497+0000] {processor.py:161} INFO - Started process (PID=90) to work on /home/airflow/.local/lib/python3.8/site-packages/airflow/example_dags/example_skip_dag.py
[2024-03-31T06:13:49.505+0000] {processor.py:830} INFO - Processing file /home/airflow/.local/lib/python3.8/site-packages/airflow/example_dags/example_skip_dag.py for tasks to queue
[2024-03-31T06:13:49.514+0000] {logging_mixin.py:188} INFO - [2024-03-31T06:13:49.514+0000] {dagbag.py:540} INFO - Filling up the DagBag from /home/airflow/.local/lib/python3.8/site-packages/airflow/example_dags/example_skip_dag.py
[2024-03-31T06:13:49.533+0000] {processor.py:840} INFO - DAG(s) 'example_skip_dag' retrieved from /home/airflow/.local/lib/python3.8/site-packages/airflow/example_dags/example_skip_dag.py
[2024-03-31T06:13:49.569+0000] {logging_mixin.py:188} INFO - [2024-03-31T06:13:49.568+0000] {dag.py:3047} INFO - Sync 1 DAGs
[2024-03-31T06:13:49.688+0000] {logging_mixin.py:188} INFO - [2024-03-31T06:13:49.688+0000] {dag.py:3834} INFO - Setting next_dagrun for example_skip_dag to 2024-03-30 00:00:00+00:00, run_after=2024-03-31 00:00:00+00:00
[2024-03-31T06:13:49.778+0000] {processor.py:183} INFO - Processing /home/airflow/.local/lib/python3.8/site-packages/airflow/example_dags/example_skip_dag.py took 0.288 seconds
