[2024-03-31T06:00:34.057+0000] {processor.py:161} INFO - Started process (PID=86) to work on /home/airflow/.local/lib/python3.8/site-packages/airflow/example_dags/example_nested_branch_dag.py
[2024-03-31T06:00:34.058+0000] {processor.py:830} INFO - Processing file /home/airflow/.local/lib/python3.8/site-packages/airflow/example_dags/example_nested_branch_dag.py for tasks to queue
[2024-03-31T06:00:34.060+0000] {logging_mixin.py:188} INFO - [2024-03-31T06:00:34.060+0000] {dagbag.py:540} INFO - Filling up the DagBag from /home/airflow/.local/lib/python3.8/site-packages/airflow/example_dags/example_nested_branch_dag.py
[2024-03-31T06:00:34.075+0000] {processor.py:840} INFO - DAG(s) 'example_nested_branch_dag' retrieved from /home/airflow/.local/lib/python3.8/site-packages/airflow/example_dags/example_nested_branch_dag.py
[2024-03-31T06:00:34.263+0000] {logging_mixin.py:188} INFO - [2024-03-31T06:00:34.262+0000] {dag.py:3047} INFO - Sync 1 DAGs
[2024-03-31T06:00:34.320+0000] {logging_mixin.py:188} INFO - [2024-03-31T06:00:34.319+0000] {dag.py:3834} INFO - Setting next_dagrun for example_nested_branch_dag to 2024-03-30 00:00:00+00:00, run_after=2024-03-31 00:00:00+00:00
[2024-03-31T06:00:34.376+0000] {processor.py:183} INFO - Processing /home/airflow/.local/lib/python3.8/site-packages/airflow/example_dags/example_nested_branch_dag.py took 0.320 seconds
[2024-03-31T06:01:04.540+0000] {processor.py:161} INFO - Started process (PID=141) to work on /home/airflow/.local/lib/python3.8/site-packages/airflow/example_dags/example_nested_branch_dag.py
[2024-03-31T06:01:04.540+0000] {processor.py:830} INFO - Processing file /home/airflow/.local/lib/python3.8/site-packages/airflow/example_dags/example_nested_branch_dag.py for tasks to queue
[2024-03-31T06:01:04.542+0000] {logging_mixin.py:188} INFO - [2024-03-31T06:01:04.542+0000] {dagbag.py:540} INFO - Filling up the DagBag from /home/airflow/.local/lib/python3.8/site-packages/airflow/example_dags/example_nested_branch_dag.py
[2024-03-31T06:01:04.553+0000] {processor.py:840} INFO - DAG(s) 'example_nested_branch_dag' retrieved from /home/airflow/.local/lib/python3.8/site-packages/airflow/example_dags/example_nested_branch_dag.py
[2024-03-31T06:01:04.566+0000] {logging_mixin.py:188} INFO - [2024-03-31T06:01:04.565+0000] {dag.py:3047} INFO - Sync 1 DAGs
[2024-03-31T06:01:04.591+0000] {logging_mixin.py:188} INFO - [2024-03-31T06:01:04.591+0000] {dag.py:3834} INFO - Setting next_dagrun for example_nested_branch_dag to 2024-03-30 00:00:00+00:00, run_after=2024-03-31 00:00:00+00:00
[2024-03-31T06:01:04.611+0000] {processor.py:183} INFO - Processing /home/airflow/.local/lib/python3.8/site-packages/airflow/example_dags/example_nested_branch_dag.py took 0.074 seconds
[2024-03-31T06:01:34.814+0000] {processor.py:161} INFO - Started process (PID=196) to work on /home/airflow/.local/lib/python3.8/site-packages/airflow/example_dags/example_nested_branch_dag.py
[2024-03-31T06:01:34.820+0000] {processor.py:830} INFO - Processing file /home/airflow/.local/lib/python3.8/site-packages/airflow/example_dags/example_nested_branch_dag.py for tasks to queue
[2024-03-31T06:01:34.824+0000] {logging_mixin.py:188} INFO - [2024-03-31T06:01:34.824+0000] {dagbag.py:540} INFO - Filling up the DagBag from /home/airflow/.local/lib/python3.8/site-packages/airflow/example_dags/example_nested_branch_dag.py
[2024-03-31T06:01:34.859+0000] {processor.py:840} INFO - DAG(s) 'example_nested_branch_dag' retrieved from /home/airflow/.local/lib/python3.8/site-packages/airflow/example_dags/example_nested_branch_dag.py
[2024-03-31T06:01:34.925+0000] {logging_mixin.py:188} INFO - [2024-03-31T06:01:34.924+0000] {dag.py:3047} INFO - Sync 1 DAGs
[2024-03-31T06:01:35.004+0000] {logging_mixin.py:188} INFO - [2024-03-31T06:01:35.003+0000] {dag.py:3834} INFO - Setting next_dagrun for example_nested_branch_dag to 2024-03-30 00:00:00+00:00, run_after=2024-03-31 00:00:00+00:00
[2024-03-31T06:01:35.046+0000] {processor.py:183} INFO - Processing /home/airflow/.local/lib/python3.8/site-packages/airflow/example_dags/example_nested_branch_dag.py took 0.238 seconds
[2024-03-31T06:02:05.855+0000] {processor.py:161} INFO - Started process (PID=253) to work on /home/airflow/.local/lib/python3.8/site-packages/airflow/example_dags/example_nested_branch_dag.py
[2024-03-31T06:02:05.856+0000] {processor.py:830} INFO - Processing file /home/airflow/.local/lib/python3.8/site-packages/airflow/example_dags/example_nested_branch_dag.py for tasks to queue
[2024-03-31T06:02:05.857+0000] {logging_mixin.py:188} INFO - [2024-03-31T06:02:05.857+0000] {dagbag.py:540} INFO - Filling up the DagBag from /home/airflow/.local/lib/python3.8/site-packages/airflow/example_dags/example_nested_branch_dag.py
[2024-03-31T06:02:05.868+0000] {processor.py:840} INFO - DAG(s) 'example_nested_branch_dag' retrieved from /home/airflow/.local/lib/python3.8/site-packages/airflow/example_dags/example_nested_branch_dag.py
[2024-03-31T06:02:05.878+0000] {logging_mixin.py:188} INFO - [2024-03-31T06:02:05.878+0000] {dag.py:3047} INFO - Sync 1 DAGs
[2024-03-31T06:02:05.907+0000] {logging_mixin.py:188} INFO - [2024-03-31T06:02:05.907+0000] {dag.py:3834} INFO - Setting next_dagrun for example_nested_branch_dag to 2024-03-30 00:00:00+00:00, run_after=2024-03-31 00:00:00+00:00
[2024-03-31T06:02:05.926+0000] {processor.py:183} INFO - Processing /home/airflow/.local/lib/python3.8/site-packages/airflow/example_dags/example_nested_branch_dag.py took 0.074 seconds
[2024-03-31T06:02:36.240+0000] {processor.py:161} INFO - Started process (PID=309) to work on /home/airflow/.local/lib/python3.8/site-packages/airflow/example_dags/example_nested_branch_dag.py
[2024-03-31T06:02:36.242+0000] {processor.py:830} INFO - Processing file /home/airflow/.local/lib/python3.8/site-packages/airflow/example_dags/example_nested_branch_dag.py for tasks to queue
[2024-03-31T06:02:36.249+0000] {logging_mixin.py:188} INFO - [2024-03-31T06:02:36.249+0000] {dagbag.py:540} INFO - Filling up the DagBag from /home/airflow/.local/lib/python3.8/site-packages/airflow/example_dags/example_nested_branch_dag.py
[2024-03-31T06:02:36.270+0000] {processor.py:840} INFO - DAG(s) 'example_nested_branch_dag' retrieved from /home/airflow/.local/lib/python3.8/site-packages/airflow/example_dags/example_nested_branch_dag.py
[2024-03-31T06:02:36.292+0000] {logging_mixin.py:188} INFO - [2024-03-31T06:02:36.292+0000] {dag.py:3047} INFO - Sync 1 DAGs
[2024-03-31T06:02:36.372+0000] {logging_mixin.py:188} INFO - [2024-03-31T06:02:36.371+0000] {dag.py:3834} INFO - Setting next_dagrun for example_nested_branch_dag to 2024-03-30 00:00:00+00:00, run_after=2024-03-31 00:00:00+00:00
[2024-03-31T06:02:36.422+0000] {processor.py:183} INFO - Processing /home/airflow/.local/lib/python3.8/site-packages/airflow/example_dags/example_nested_branch_dag.py took 0.194 seconds
[2024-03-31T06:03:07.206+0000] {processor.py:161} INFO - Started process (PID=365) to work on /home/airflow/.local/lib/python3.8/site-packages/airflow/example_dags/example_nested_branch_dag.py
[2024-03-31T06:03:07.207+0000] {processor.py:830} INFO - Processing file /home/airflow/.local/lib/python3.8/site-packages/airflow/example_dags/example_nested_branch_dag.py for tasks to queue
[2024-03-31T06:03:07.210+0000] {logging_mixin.py:188} INFO - [2024-03-31T06:03:07.210+0000] {dagbag.py:540} INFO - Filling up the DagBag from /home/airflow/.local/lib/python3.8/site-packages/airflow/example_dags/example_nested_branch_dag.py
[2024-03-31T06:03:07.238+0000] {processor.py:840} INFO - DAG(s) 'example_nested_branch_dag' retrieved from /home/airflow/.local/lib/python3.8/site-packages/airflow/example_dags/example_nested_branch_dag.py
[2024-03-31T06:03:07.358+0000] {logging_mixin.py:188} INFO - [2024-03-31T06:03:07.358+0000] {dag.py:3047} INFO - Sync 1 DAGs
[2024-03-31T06:03:07.380+0000] {logging_mixin.py:188} INFO - [2024-03-31T06:03:07.380+0000] {dag.py:3834} INFO - Setting next_dagrun for example_nested_branch_dag to 2024-03-30 00:00:00+00:00, run_after=2024-03-31 00:00:00+00:00
[2024-03-31T06:03:07.402+0000] {processor.py:183} INFO - Processing /home/airflow/.local/lib/python3.8/site-packages/airflow/example_dags/example_nested_branch_dag.py took 0.199 seconds
[2024-03-31T06:03:37.599+0000] {processor.py:161} INFO - Started process (PID=421) to work on /home/airflow/.local/lib/python3.8/site-packages/airflow/example_dags/example_nested_branch_dag.py
[2024-03-31T06:03:37.600+0000] {processor.py:830} INFO - Processing file /home/airflow/.local/lib/python3.8/site-packages/airflow/example_dags/example_nested_branch_dag.py for tasks to queue
[2024-03-31T06:03:37.602+0000] {logging_mixin.py:188} INFO - [2024-03-31T06:03:37.601+0000] {dagbag.py:540} INFO - Filling up the DagBag from /home/airflow/.local/lib/python3.8/site-packages/airflow/example_dags/example_nested_branch_dag.py
[2024-03-31T06:03:37.610+0000] {processor.py:840} INFO - DAG(s) 'example_nested_branch_dag' retrieved from /home/airflow/.local/lib/python3.8/site-packages/airflow/example_dags/example_nested_branch_dag.py
[2024-03-31T06:03:37.634+0000] {logging_mixin.py:188} INFO - [2024-03-31T06:03:37.633+0000] {dag.py:3047} INFO - Sync 1 DAGs
[2024-03-31T06:03:37.657+0000] {logging_mixin.py:188} INFO - [2024-03-31T06:03:37.656+0000] {dag.py:3834} INFO - Setting next_dagrun for example_nested_branch_dag to 2024-03-30 00:00:00+00:00, run_after=2024-03-31 00:00:00+00:00
[2024-03-31T06:03:37.675+0000] {processor.py:183} INFO - Processing /home/airflow/.local/lib/python3.8/site-packages/airflow/example_dags/example_nested_branch_dag.py took 0.081 seconds
[2024-03-31T06:04:07.842+0000] {processor.py:161} INFO - Started process (PID=477) to work on /home/airflow/.local/lib/python3.8/site-packages/airflow/example_dags/example_nested_branch_dag.py
[2024-03-31T06:04:07.842+0000] {processor.py:830} INFO - Processing file /home/airflow/.local/lib/python3.8/site-packages/airflow/example_dags/example_nested_branch_dag.py for tasks to queue
[2024-03-31T06:04:07.844+0000] {logging_mixin.py:188} INFO - [2024-03-31T06:04:07.844+0000] {dagbag.py:540} INFO - Filling up the DagBag from /home/airflow/.local/lib/python3.8/site-packages/airflow/example_dags/example_nested_branch_dag.py
[2024-03-31T06:04:07.856+0000] {processor.py:840} INFO - DAG(s) 'example_nested_branch_dag' retrieved from /home/airflow/.local/lib/python3.8/site-packages/airflow/example_dags/example_nested_branch_dag.py
[2024-03-31T06:04:07.888+0000] {logging_mixin.py:188} INFO - [2024-03-31T06:04:07.886+0000] {dag.py:3047} INFO - Sync 1 DAGs
[2024-03-31T06:04:07.914+0000] {logging_mixin.py:188} INFO - [2024-03-31T06:04:07.913+0000] {dag.py:3834} INFO - Setting next_dagrun for example_nested_branch_dag to 2024-03-30 00:00:00+00:00, run_after=2024-03-31 00:00:00+00:00
[2024-03-31T06:04:07.935+0000] {processor.py:183} INFO - Processing /home/airflow/.local/lib/python3.8/site-packages/airflow/example_dags/example_nested_branch_dag.py took 0.096 seconds
[2024-03-31T06:04:38.187+0000] {processor.py:161} INFO - Started process (PID=533) to work on /home/airflow/.local/lib/python3.8/site-packages/airflow/example_dags/example_nested_branch_dag.py
[2024-03-31T06:04:38.188+0000] {processor.py:830} INFO - Processing file /home/airflow/.local/lib/python3.8/site-packages/airflow/example_dags/example_nested_branch_dag.py for tasks to queue
[2024-03-31T06:04:38.190+0000] {logging_mixin.py:188} INFO - [2024-03-31T06:04:38.189+0000] {dagbag.py:540} INFO - Filling up the DagBag from /home/airflow/.local/lib/python3.8/site-packages/airflow/example_dags/example_nested_branch_dag.py
[2024-03-31T06:04:38.200+0000] {processor.py:840} INFO - DAG(s) 'example_nested_branch_dag' retrieved from /home/airflow/.local/lib/python3.8/site-packages/airflow/example_dags/example_nested_branch_dag.py
[2024-03-31T06:04:38.221+0000] {logging_mixin.py:188} INFO - [2024-03-31T06:04:38.221+0000] {dag.py:3047} INFO - Sync 1 DAGs
[2024-03-31T06:04:38.248+0000] {logging_mixin.py:188} INFO - [2024-03-31T06:04:38.248+0000] {dag.py:3834} INFO - Setting next_dagrun for example_nested_branch_dag to 2024-03-30 00:00:00+00:00, run_after=2024-03-31 00:00:00+00:00
[2024-03-31T06:04:38.282+0000] {processor.py:183} INFO - Processing /home/airflow/.local/lib/python3.8/site-packages/airflow/example_dags/example_nested_branch_dag.py took 0.097 seconds
[2024-03-31T06:05:08.333+0000] {processor.py:161} INFO - Started process (PID=588) to work on /home/airflow/.local/lib/python3.8/site-packages/airflow/example_dags/example_nested_branch_dag.py
[2024-03-31T06:05:08.334+0000] {processor.py:830} INFO - Processing file /home/airflow/.local/lib/python3.8/site-packages/airflow/example_dags/example_nested_branch_dag.py for tasks to queue
[2024-03-31T06:05:08.336+0000] {logging_mixin.py:188} INFO - [2024-03-31T06:05:08.335+0000] {dagbag.py:540} INFO - Filling up the DagBag from /home/airflow/.local/lib/python3.8/site-packages/airflow/example_dags/example_nested_branch_dag.py
[2024-03-31T06:05:08.348+0000] {processor.py:840} INFO - DAG(s) 'example_nested_branch_dag' retrieved from /home/airflow/.local/lib/python3.8/site-packages/airflow/example_dags/example_nested_branch_dag.py
[2024-03-31T06:05:08.367+0000] {logging_mixin.py:188} INFO - [2024-03-31T06:05:08.367+0000] {dag.py:3047} INFO - Sync 1 DAGs
[2024-03-31T06:05:08.389+0000] {logging_mixin.py:188} INFO - [2024-03-31T06:05:08.389+0000] {dag.py:3834} INFO - Setting next_dagrun for example_nested_branch_dag to 2024-03-30 00:00:00+00:00, run_after=2024-03-31 00:00:00+00:00
[2024-03-31T06:05:08.407+0000] {processor.py:183} INFO - Processing /home/airflow/.local/lib/python3.8/site-packages/airflow/example_dags/example_nested_branch_dag.py took 0.077 seconds
[2024-03-31T06:05:38.455+0000] {processor.py:161} INFO - Started process (PID=644) to work on /home/airflow/.local/lib/python3.8/site-packages/airflow/example_dags/example_nested_branch_dag.py
[2024-03-31T06:05:38.456+0000] {processor.py:830} INFO - Processing file /home/airflow/.local/lib/python3.8/site-packages/airflow/example_dags/example_nested_branch_dag.py for tasks to queue
[2024-03-31T06:05:38.458+0000] {logging_mixin.py:188} INFO - [2024-03-31T06:05:38.457+0000] {dagbag.py:540} INFO - Filling up the DagBag from /home/airflow/.local/lib/python3.8/site-packages/airflow/example_dags/example_nested_branch_dag.py
[2024-03-31T06:05:38.472+0000] {processor.py:840} INFO - DAG(s) 'example_nested_branch_dag' retrieved from /home/airflow/.local/lib/python3.8/site-packages/airflow/example_dags/example_nested_branch_dag.py
[2024-03-31T06:05:38.500+0000] {logging_mixin.py:188} INFO - [2024-03-31T06:05:38.499+0000] {dag.py:3047} INFO - Sync 1 DAGs
[2024-03-31T06:05:38.525+0000] {logging_mixin.py:188} INFO - [2024-03-31T06:05:38.525+0000] {dag.py:3834} INFO - Setting next_dagrun for example_nested_branch_dag to 2024-03-30 00:00:00+00:00, run_after=2024-03-31 00:00:00+00:00
[2024-03-31T06:05:38.550+0000] {processor.py:183} INFO - Processing /home/airflow/.local/lib/python3.8/site-packages/airflow/example_dags/example_nested_branch_dag.py took 0.097 seconds
[2024-03-31T06:06:09.116+0000] {processor.py:161} INFO - Started process (PID=700) to work on /home/airflow/.local/lib/python3.8/site-packages/airflow/example_dags/example_nested_branch_dag.py
[2024-03-31T06:06:09.116+0000] {processor.py:830} INFO - Processing file /home/airflow/.local/lib/python3.8/site-packages/airflow/example_dags/example_nested_branch_dag.py for tasks to queue
[2024-03-31T06:06:09.118+0000] {logging_mixin.py:188} INFO - [2024-03-31T06:06:09.118+0000] {dagbag.py:540} INFO - Filling up the DagBag from /home/airflow/.local/lib/python3.8/site-packages/airflow/example_dags/example_nested_branch_dag.py
[2024-03-31T06:06:09.126+0000] {processor.py:840} INFO - DAG(s) 'example_nested_branch_dag' retrieved from /home/airflow/.local/lib/python3.8/site-packages/airflow/example_dags/example_nested_branch_dag.py
[2024-03-31T06:06:09.148+0000] {logging_mixin.py:188} INFO - [2024-03-31T06:06:09.147+0000] {dag.py:3047} INFO - Sync 1 DAGs
[2024-03-31T06:06:09.184+0000] {logging_mixin.py:188} INFO - [2024-03-31T06:06:09.184+0000] {dag.py:3834} INFO - Setting next_dagrun for example_nested_branch_dag to 2024-03-30 00:00:00+00:00, run_after=2024-03-31 00:00:00+00:00
[2024-03-31T06:06:09.204+0000] {processor.py:183} INFO - Processing /home/airflow/.local/lib/python3.8/site-packages/airflow/example_dags/example_nested_branch_dag.py took 0.091 seconds
[2024-03-31T06:06:39.468+0000] {processor.py:161} INFO - Started process (PID=756) to work on /home/airflow/.local/lib/python3.8/site-packages/airflow/example_dags/example_nested_branch_dag.py
[2024-03-31T06:06:39.469+0000] {processor.py:830} INFO - Processing file /home/airflow/.local/lib/python3.8/site-packages/airflow/example_dags/example_nested_branch_dag.py for tasks to queue
[2024-03-31T06:06:39.471+0000] {logging_mixin.py:188} INFO - [2024-03-31T06:06:39.471+0000] {dagbag.py:540} INFO - Filling up the DagBag from /home/airflow/.local/lib/python3.8/site-packages/airflow/example_dags/example_nested_branch_dag.py
[2024-03-31T06:06:39.483+0000] {processor.py:840} INFO - DAG(s) 'example_nested_branch_dag' retrieved from /home/airflow/.local/lib/python3.8/site-packages/airflow/example_dags/example_nested_branch_dag.py
[2024-03-31T06:06:39.505+0000] {logging_mixin.py:188} INFO - [2024-03-31T06:06:39.504+0000] {dag.py:3047} INFO - Sync 1 DAGs
[2024-03-31T06:06:39.534+0000] {logging_mixin.py:188} INFO - [2024-03-31T06:06:39.534+0000] {dag.py:3834} INFO - Setting next_dagrun for example_nested_branch_dag to 2024-03-30 00:00:00+00:00, run_after=2024-03-31 00:00:00+00:00
[2024-03-31T06:06:39.552+0000] {processor.py:183} INFO - Processing /home/airflow/.local/lib/python3.8/site-packages/airflow/example_dags/example_nested_branch_dag.py took 0.087 seconds
[2024-03-31T06:07:10.243+0000] {processor.py:161} INFO - Started process (PID=812) to work on /home/airflow/.local/lib/python3.8/site-packages/airflow/example_dags/example_nested_branch_dag.py
[2024-03-31T06:07:10.246+0000] {processor.py:830} INFO - Processing file /home/airflow/.local/lib/python3.8/site-packages/airflow/example_dags/example_nested_branch_dag.py for tasks to queue
[2024-03-31T06:07:10.249+0000] {logging_mixin.py:188} INFO - [2024-03-31T06:07:10.248+0000] {dagbag.py:540} INFO - Filling up the DagBag from /home/airflow/.local/lib/python3.8/site-packages/airflow/example_dags/example_nested_branch_dag.py
[2024-03-31T06:07:10.258+0000] {processor.py:840} INFO - DAG(s) 'example_nested_branch_dag' retrieved from /home/airflow/.local/lib/python3.8/site-packages/airflow/example_dags/example_nested_branch_dag.py
[2024-03-31T06:07:10.286+0000] {logging_mixin.py:188} INFO - [2024-03-31T06:07:10.285+0000] {dag.py:3047} INFO - Sync 1 DAGs
[2024-03-31T06:07:10.323+0000] {logging_mixin.py:188} INFO - [2024-03-31T06:07:10.322+0000] {dag.py:3834} INFO - Setting next_dagrun for example_nested_branch_dag to 2024-03-30 00:00:00+00:00, run_after=2024-03-31 00:00:00+00:00
[2024-03-31T06:07:10.366+0000] {processor.py:183} INFO - Processing /home/airflow/.local/lib/python3.8/site-packages/airflow/example_dags/example_nested_branch_dag.py took 0.125 seconds
[2024-03-31T06:07:40.723+0000] {processor.py:161} INFO - Started process (PID=869) to work on /home/airflow/.local/lib/python3.8/site-packages/airflow/example_dags/example_nested_branch_dag.py
[2024-03-31T06:07:40.724+0000] {processor.py:830} INFO - Processing file /home/airflow/.local/lib/python3.8/site-packages/airflow/example_dags/example_nested_branch_dag.py for tasks to queue
[2024-03-31T06:07:40.725+0000] {logging_mixin.py:188} INFO - [2024-03-31T06:07:40.725+0000] {dagbag.py:540} INFO - Filling up the DagBag from /home/airflow/.local/lib/python3.8/site-packages/airflow/example_dags/example_nested_branch_dag.py
[2024-03-31T06:07:40.736+0000] {processor.py:840} INFO - DAG(s) 'example_nested_branch_dag' retrieved from /home/airflow/.local/lib/python3.8/site-packages/airflow/example_dags/example_nested_branch_dag.py
[2024-03-31T06:07:40.762+0000] {logging_mixin.py:188} INFO - [2024-03-31T06:07:40.761+0000] {dag.py:3047} INFO - Sync 1 DAGs
[2024-03-31T06:07:40.790+0000] {logging_mixin.py:188} INFO - [2024-03-31T06:07:40.790+0000] {dag.py:3834} INFO - Setting next_dagrun for example_nested_branch_dag to 2024-03-30 00:00:00+00:00, run_after=2024-03-31 00:00:00+00:00
[2024-03-31T06:07:40.812+0000] {processor.py:183} INFO - Processing /home/airflow/.local/lib/python3.8/site-packages/airflow/example_dags/example_nested_branch_dag.py took 0.092 seconds
[2024-03-31T06:08:11.005+0000] {processor.py:161} INFO - Started process (PID=925) to work on /home/airflow/.local/lib/python3.8/site-packages/airflow/example_dags/example_nested_branch_dag.py
[2024-03-31T06:08:11.005+0000] {processor.py:830} INFO - Processing file /home/airflow/.local/lib/python3.8/site-packages/airflow/example_dags/example_nested_branch_dag.py for tasks to queue
[2024-03-31T06:08:11.007+0000] {logging_mixin.py:188} INFO - [2024-03-31T06:08:11.007+0000] {dagbag.py:540} INFO - Filling up the DagBag from /home/airflow/.local/lib/python3.8/site-packages/airflow/example_dags/example_nested_branch_dag.py
[2024-03-31T06:08:11.020+0000] {processor.py:840} INFO - DAG(s) 'example_nested_branch_dag' retrieved from /home/airflow/.local/lib/python3.8/site-packages/airflow/example_dags/example_nested_branch_dag.py
[2024-03-31T06:08:11.041+0000] {logging_mixin.py:188} INFO - [2024-03-31T06:08:11.041+0000] {dag.py:3047} INFO - Sync 1 DAGs
[2024-03-31T06:08:11.071+0000] {logging_mixin.py:188} INFO - [2024-03-31T06:08:11.070+0000] {dag.py:3834} INFO - Setting next_dagrun for example_nested_branch_dag to 2024-03-30 00:00:00+00:00, run_after=2024-03-31 00:00:00+00:00
[2024-03-31T06:08:11.104+0000] {processor.py:183} INFO - Processing /home/airflow/.local/lib/python3.8/site-packages/airflow/example_dags/example_nested_branch_dag.py took 0.102 seconds
[2024-03-31T06:08:41.248+0000] {processor.py:161} INFO - Started process (PID=987) to work on /home/airflow/.local/lib/python3.8/site-packages/airflow/example_dags/example_nested_branch_dag.py
[2024-03-31T06:08:41.249+0000] {processor.py:830} INFO - Processing file /home/airflow/.local/lib/python3.8/site-packages/airflow/example_dags/example_nested_branch_dag.py for tasks to queue
[2024-03-31T06:08:41.250+0000] {logging_mixin.py:188} INFO - [2024-03-31T06:08:41.250+0000] {dagbag.py:540} INFO - Filling up the DagBag from /home/airflow/.local/lib/python3.8/site-packages/airflow/example_dags/example_nested_branch_dag.py
[2024-03-31T06:08:41.265+0000] {processor.py:840} INFO - DAG(s) 'example_nested_branch_dag' retrieved from /home/airflow/.local/lib/python3.8/site-packages/airflow/example_dags/example_nested_branch_dag.py
[2024-03-31T06:08:41.313+0000] {logging_mixin.py:188} INFO - [2024-03-31T06:08:41.312+0000] {dag.py:3047} INFO - Sync 1 DAGs
[2024-03-31T06:08:41.380+0000] {logging_mixin.py:188} INFO - [2024-03-31T06:08:41.380+0000] {dag.py:3834} INFO - Setting next_dagrun for example_nested_branch_dag to 2024-03-30 00:00:00+00:00, run_after=2024-03-31 00:00:00+00:00
[2024-03-31T06:08:41.414+0000] {processor.py:183} INFO - Processing /home/airflow/.local/lib/python3.8/site-packages/airflow/example_dags/example_nested_branch_dag.py took 0.170 seconds
[2024-03-31T06:09:11.535+0000] {processor.py:161} INFO - Started process (PID=1044) to work on /home/airflow/.local/lib/python3.8/site-packages/airflow/example_dags/example_nested_branch_dag.py
[2024-03-31T06:09:11.536+0000] {processor.py:830} INFO - Processing file /home/airflow/.local/lib/python3.8/site-packages/airflow/example_dags/example_nested_branch_dag.py for tasks to queue
[2024-03-31T06:09:11.537+0000] {logging_mixin.py:188} INFO - [2024-03-31T06:09:11.537+0000] {dagbag.py:540} INFO - Filling up the DagBag from /home/airflow/.local/lib/python3.8/site-packages/airflow/example_dags/example_nested_branch_dag.py
[2024-03-31T06:09:11.548+0000] {processor.py:840} INFO - DAG(s) 'example_nested_branch_dag' retrieved from /home/airflow/.local/lib/python3.8/site-packages/airflow/example_dags/example_nested_branch_dag.py
[2024-03-31T06:09:11.572+0000] {logging_mixin.py:188} INFO - [2024-03-31T06:09:11.572+0000] {dag.py:3047} INFO - Sync 1 DAGs
[2024-03-31T06:09:11.602+0000] {logging_mixin.py:188} INFO - [2024-03-31T06:09:11.601+0000] {dag.py:3834} INFO - Setting next_dagrun for example_nested_branch_dag to 2024-03-30 00:00:00+00:00, run_after=2024-03-31 00:00:00+00:00
[2024-03-31T06:09:11.628+0000] {processor.py:183} INFO - Processing /home/airflow/.local/lib/python3.8/site-packages/airflow/example_dags/example_nested_branch_dag.py took 0.096 seconds
[2024-03-31T06:09:42.017+0000] {processor.py:161} INFO - Started process (PID=1101) to work on /home/airflow/.local/lib/python3.8/site-packages/airflow/example_dags/example_nested_branch_dag.py
[2024-03-31T06:09:42.018+0000] {processor.py:830} INFO - Processing file /home/airflow/.local/lib/python3.8/site-packages/airflow/example_dags/example_nested_branch_dag.py for tasks to queue
[2024-03-31T06:09:42.020+0000] {logging_mixin.py:188} INFO - [2024-03-31T06:09:42.019+0000] {dagbag.py:540} INFO - Filling up the DagBag from /home/airflow/.local/lib/python3.8/site-packages/airflow/example_dags/example_nested_branch_dag.py
[2024-03-31T06:09:42.034+0000] {processor.py:840} INFO - DAG(s) 'example_nested_branch_dag' retrieved from /home/airflow/.local/lib/python3.8/site-packages/airflow/example_dags/example_nested_branch_dag.py
[2024-03-31T06:09:42.069+0000] {logging_mixin.py:188} INFO - [2024-03-31T06:09:42.068+0000] {dag.py:3047} INFO - Sync 1 DAGs
[2024-03-31T06:09:42.100+0000] {logging_mixin.py:188} INFO - [2024-03-31T06:09:42.099+0000] {dag.py:3834} INFO - Setting next_dagrun for example_nested_branch_dag to 2024-03-30 00:00:00+00:00, run_after=2024-03-31 00:00:00+00:00
[2024-03-31T06:09:42.133+0000] {processor.py:183} INFO - Processing /home/airflow/.local/lib/python3.8/site-packages/airflow/example_dags/example_nested_branch_dag.py took 0.119 seconds
[2024-03-31T06:10:12.390+0000] {processor.py:161} INFO - Started process (PID=1157) to work on /home/airflow/.local/lib/python3.8/site-packages/airflow/example_dags/example_nested_branch_dag.py
[2024-03-31T06:10:12.393+0000] {processor.py:830} INFO - Processing file /home/airflow/.local/lib/python3.8/site-packages/airflow/example_dags/example_nested_branch_dag.py for tasks to queue
[2024-03-31T06:10:12.395+0000] {logging_mixin.py:188} INFO - [2024-03-31T06:10:12.394+0000] {dagbag.py:540} INFO - Filling up the DagBag from /home/airflow/.local/lib/python3.8/site-packages/airflow/example_dags/example_nested_branch_dag.py
[2024-03-31T06:10:12.405+0000] {processor.py:840} INFO - DAG(s) 'example_nested_branch_dag' retrieved from /home/airflow/.local/lib/python3.8/site-packages/airflow/example_dags/example_nested_branch_dag.py
[2024-03-31T06:10:12.432+0000] {logging_mixin.py:188} INFO - [2024-03-31T06:10:12.431+0000] {dag.py:3047} INFO - Sync 1 DAGs
[2024-03-31T06:10:12.456+0000] {logging_mixin.py:188} INFO - [2024-03-31T06:10:12.456+0000] {dag.py:3834} INFO - Setting next_dagrun for example_nested_branch_dag to 2024-03-30 00:00:00+00:00, run_after=2024-03-31 00:00:00+00:00
[2024-03-31T06:10:12.478+0000] {processor.py:183} INFO - Processing /home/airflow/.local/lib/python3.8/site-packages/airflow/example_dags/example_nested_branch_dag.py took 0.090 seconds
[2024-03-31T06:10:42.771+0000] {processor.py:161} INFO - Started process (PID=1213) to work on /home/airflow/.local/lib/python3.8/site-packages/airflow/example_dags/example_nested_branch_dag.py
[2024-03-31T06:10:42.774+0000] {processor.py:830} INFO - Processing file /home/airflow/.local/lib/python3.8/site-packages/airflow/example_dags/example_nested_branch_dag.py for tasks to queue
[2024-03-31T06:10:42.779+0000] {logging_mixin.py:188} INFO - [2024-03-31T06:10:42.778+0000] {dagbag.py:540} INFO - Filling up the DagBag from /home/airflow/.local/lib/python3.8/site-packages/airflow/example_dags/example_nested_branch_dag.py
[2024-03-31T06:10:42.794+0000] {processor.py:840} INFO - DAG(s) 'example_nested_branch_dag' retrieved from /home/airflow/.local/lib/python3.8/site-packages/airflow/example_dags/example_nested_branch_dag.py
[2024-03-31T06:10:42.835+0000] {logging_mixin.py:188} INFO - [2024-03-31T06:10:42.834+0000] {dag.py:3047} INFO - Sync 1 DAGs
[2024-03-31T06:10:42.863+0000] {logging_mixin.py:188} INFO - [2024-03-31T06:10:42.863+0000] {dag.py:3834} INFO - Setting next_dagrun for example_nested_branch_dag to 2024-03-30 00:00:00+00:00, run_after=2024-03-31 00:00:00+00:00
[2024-03-31T06:10:42.884+0000] {processor.py:183} INFO - Processing /home/airflow/.local/lib/python3.8/site-packages/airflow/example_dags/example_nested_branch_dag.py took 0.117 seconds
[2024-03-31T06:11:13.302+0000] {processor.py:161} INFO - Started process (PID=1269) to work on /home/airflow/.local/lib/python3.8/site-packages/airflow/example_dags/example_nested_branch_dag.py
[2024-03-31T06:11:13.302+0000] {processor.py:830} INFO - Processing file /home/airflow/.local/lib/python3.8/site-packages/airflow/example_dags/example_nested_branch_dag.py for tasks to queue
[2024-03-31T06:11:13.305+0000] {logging_mixin.py:188} INFO - [2024-03-31T06:11:13.304+0000] {dagbag.py:540} INFO - Filling up the DagBag from /home/airflow/.local/lib/python3.8/site-packages/airflow/example_dags/example_nested_branch_dag.py
[2024-03-31T06:11:13.317+0000] {processor.py:840} INFO - DAG(s) 'example_nested_branch_dag' retrieved from /home/airflow/.local/lib/python3.8/site-packages/airflow/example_dags/example_nested_branch_dag.py
[2024-03-31T06:11:13.345+0000] {logging_mixin.py:188} INFO - [2024-03-31T06:11:13.344+0000] {dag.py:3047} INFO - Sync 1 DAGs
[2024-03-31T06:11:13.375+0000] {logging_mixin.py:188} INFO - [2024-03-31T06:11:13.375+0000] {dag.py:3834} INFO - Setting next_dagrun for example_nested_branch_dag to 2024-03-30 00:00:00+00:00, run_after=2024-03-31 00:00:00+00:00
[2024-03-31T06:11:13.397+0000] {processor.py:183} INFO - Processing /home/airflow/.local/lib/python3.8/site-packages/airflow/example_dags/example_nested_branch_dag.py took 0.098 seconds
[2024-03-31T06:11:44.059+0000] {processor.py:161} INFO - Started process (PID=1325) to work on /home/airflow/.local/lib/python3.8/site-packages/airflow/example_dags/example_nested_branch_dag.py
[2024-03-31T06:11:44.060+0000] {processor.py:830} INFO - Processing file /home/airflow/.local/lib/python3.8/site-packages/airflow/example_dags/example_nested_branch_dag.py for tasks to queue
[2024-03-31T06:11:44.062+0000] {logging_mixin.py:188} INFO - [2024-03-31T06:11:44.061+0000] {dagbag.py:540} INFO - Filling up the DagBag from /home/airflow/.local/lib/python3.8/site-packages/airflow/example_dags/example_nested_branch_dag.py
[2024-03-31T06:11:44.077+0000] {processor.py:840} INFO - DAG(s) 'example_nested_branch_dag' retrieved from /home/airflow/.local/lib/python3.8/site-packages/airflow/example_dags/example_nested_branch_dag.py
[2024-03-31T06:11:44.104+0000] {logging_mixin.py:188} INFO - [2024-03-31T06:11:44.103+0000] {dag.py:3047} INFO - Sync 1 DAGs
[2024-03-31T06:11:44.131+0000] {logging_mixin.py:188} INFO - [2024-03-31T06:11:44.131+0000] {dag.py:3834} INFO - Setting next_dagrun for example_nested_branch_dag to 2024-03-30 00:00:00+00:00, run_after=2024-03-31 00:00:00+00:00
[2024-03-31T06:11:44.167+0000] {processor.py:183} INFO - Processing /home/airflow/.local/lib/python3.8/site-packages/airflow/example_dags/example_nested_branch_dag.py took 0.112 seconds
[2024-03-31T06:12:14.830+0000] {processor.py:161} INFO - Started process (PID=1381) to work on /home/airflow/.local/lib/python3.8/site-packages/airflow/example_dags/example_nested_branch_dag.py
[2024-03-31T06:12:14.831+0000] {processor.py:830} INFO - Processing file /home/airflow/.local/lib/python3.8/site-packages/airflow/example_dags/example_nested_branch_dag.py for tasks to queue
[2024-03-31T06:12:14.835+0000] {logging_mixin.py:188} INFO - [2024-03-31T06:12:14.834+0000] {dagbag.py:540} INFO - Filling up the DagBag from /home/airflow/.local/lib/python3.8/site-packages/airflow/example_dags/example_nested_branch_dag.py
[2024-03-31T06:12:14.903+0000] {processor.py:840} INFO - DAG(s) 'example_nested_branch_dag' retrieved from /home/airflow/.local/lib/python3.8/site-packages/airflow/example_dags/example_nested_branch_dag.py
[2024-03-31T06:12:15.050+0000] {logging_mixin.py:188} INFO - [2024-03-31T06:12:15.047+0000] {dag.py:3047} INFO - Sync 1 DAGs
[2024-03-31T06:12:15.157+0000] {logging_mixin.py:188} INFO - [2024-03-31T06:12:15.149+0000] {dag.py:3834} INFO - Setting next_dagrun for example_nested_branch_dag to 2024-03-30 00:00:00+00:00, run_after=2024-03-31 00:00:00+00:00
[2024-03-31T06:12:15.254+0000] {processor.py:183} INFO - Processing /home/airflow/.local/lib/python3.8/site-packages/airflow/example_dags/example_nested_branch_dag.py took 0.429 seconds
[2024-03-31T06:13:48.281+0000] {processor.py:161} INFO - Started process (PID=82) to work on /home/airflow/.local/lib/python3.8/site-packages/airflow/example_dags/example_nested_branch_dag.py
[2024-03-31T06:13:48.289+0000] {processor.py:830} INFO - Processing file /home/airflow/.local/lib/python3.8/site-packages/airflow/example_dags/example_nested_branch_dag.py for tasks to queue
[2024-03-31T06:13:48.295+0000] {logging_mixin.py:188} INFO - [2024-03-31T06:13:48.295+0000] {dagbag.py:540} INFO - Filling up the DagBag from /home/airflow/.local/lib/python3.8/site-packages/airflow/example_dags/example_nested_branch_dag.py
[2024-03-31T06:13:48.314+0000] {processor.py:840} INFO - DAG(s) 'example_nested_branch_dag' retrieved from /home/airflow/.local/lib/python3.8/site-packages/airflow/example_dags/example_nested_branch_dag.py
[2024-03-31T06:13:48.341+0000] {logging_mixin.py:188} INFO - [2024-03-31T06:13:48.341+0000] {dag.py:3047} INFO - Sync 1 DAGs
[2024-03-31T06:13:48.375+0000] {logging_mixin.py:188} INFO - [2024-03-31T06:13:48.375+0000] {dag.py:3834} INFO - Setting next_dagrun for example_nested_branch_dag to 2024-03-30 00:00:00+00:00, run_after=2024-03-31 00:00:00+00:00
[2024-03-31T06:13:48.408+0000] {processor.py:183} INFO - Processing /home/airflow/.local/lib/python3.8/site-packages/airflow/example_dags/example_nested_branch_dag.py took 0.137 seconds
