[2024-03-31T06:00:24.013+0000] {processor.py:161} INFO - Started process (PID=78) to work on /home/airflow/.local/lib/python3.8/site-packages/airflow/example_dags/example_datasets.py
[2024-03-31T06:00:24.017+0000] {processor.py:830} INFO - Processing file /home/airflow/.local/lib/python3.8/site-packages/airflow/example_dags/example_datasets.py for tasks to queue
[2024-03-31T06:00:24.030+0000] {logging_mixin.py:188} INFO - [2024-03-31T06:00:24.030+0000] {dagbag.py:540} INFO - Filling up the DagBag from /home/airflow/.local/lib/python3.8/site-packages/airflow/example_dags/example_datasets.py
[2024-03-31T06:00:24.054+0000] {processor.py:840} INFO - DAG(s) 'dataset_produces_2', 'dataset_consumes_unknown_never_scheduled', 'dataset_produces_1', 'dataset_consumes_1', 'dataset_consumes_1_never_scheduled', 'dataset_consumes_1_and_2' retrieved from /home/airflow/.local/lib/python3.8/site-packages/airflow/example_dags/example_datasets.py
[2024-03-31T06:00:25.023+0000] {logging_mixin.py:188} INFO - [2024-03-31T06:00:25.022+0000] {dag.py:3047} INFO - Sync 6 DAGs
[2024-03-31T06:00:25.223+0000] {logging_mixin.py:188} INFO - [2024-03-31T06:00:25.222+0000] {dag.py:3834} INFO - Setting next_dagrun for dataset_consumes_1 to None, run_after=None
[2024-03-31T06:00:25.248+0000] {logging_mixin.py:188} INFO - [2024-03-31T06:00:25.247+0000] {dag.py:3834} INFO - Setting next_dagrun for dataset_consumes_1_and_2 to None, run_after=None
[2024-03-31T06:00:25.251+0000] {logging_mixin.py:188} INFO - [2024-03-31T06:00:25.250+0000] {dag.py:3834} INFO - Setting next_dagrun for dataset_consumes_1_never_scheduled to None, run_after=None
[2024-03-31T06:00:25.258+0000] {logging_mixin.py:188} INFO - [2024-03-31T06:00:25.258+0000] {dag.py:3834} INFO - Setting next_dagrun for dataset_consumes_unknown_never_scheduled to None, run_after=None
[2024-03-31T06:00:25.264+0000] {logging_mixin.py:188} INFO - [2024-03-31T06:00:25.263+0000] {dag.py:3834} INFO - Setting next_dagrun for dataset_produces_1 to 2024-03-30 00:00:00+00:00, run_after=2024-03-31 00:00:00+00:00
[2024-03-31T06:00:25.267+0000] {logging_mixin.py:188} INFO - [2024-03-31T06:00:25.266+0000] {dag.py:3834} INFO - Setting next_dagrun for dataset_produces_2 to None, run_after=None
[2024-03-31T06:00:25.440+0000] {processor.py:183} INFO - Processing /home/airflow/.local/lib/python3.8/site-packages/airflow/example_dags/example_datasets.py took 1.431 seconds
[2024-03-31T06:00:55.925+0000] {processor.py:161} INFO - Started process (PID=133) to work on /home/airflow/.local/lib/python3.8/site-packages/airflow/example_dags/example_datasets.py
[2024-03-31T06:00:55.927+0000] {processor.py:830} INFO - Processing file /home/airflow/.local/lib/python3.8/site-packages/airflow/example_dags/example_datasets.py for tasks to queue
[2024-03-31T06:00:55.929+0000] {logging_mixin.py:188} INFO - [2024-03-31T06:00:55.928+0000] {dagbag.py:540} INFO - Filling up the DagBag from /home/airflow/.local/lib/python3.8/site-packages/airflow/example_dags/example_datasets.py
[2024-03-31T06:00:55.952+0000] {processor.py:840} INFO - DAG(s) 'dataset_consumes_unknown_never_scheduled', 'dataset_produces_2', 'dataset_consumes_1_and_2', 'dataset_produces_1', 'dataset_consumes_1_never_scheduled', 'dataset_consumes_1' retrieved from /home/airflow/.local/lib/python3.8/site-packages/airflow/example_dags/example_datasets.py
[2024-03-31T06:00:55.979+0000] {logging_mixin.py:188} INFO - [2024-03-31T06:00:55.979+0000] {dag.py:3047} INFO - Sync 6 DAGs
[2024-03-31T06:00:56.027+0000] {logging_mixin.py:188} INFO - [2024-03-31T06:00:56.026+0000] {dag.py:3834} INFO - Setting next_dagrun for dataset_consumes_1 to None, run_after=None
[2024-03-31T06:00:56.031+0000] {logging_mixin.py:188} INFO - [2024-03-31T06:00:56.031+0000] {dag.py:3834} INFO - Setting next_dagrun for dataset_consumes_1_and_2 to None, run_after=None
[2024-03-31T06:00:56.033+0000] {logging_mixin.py:188} INFO - [2024-03-31T06:00:56.033+0000] {dag.py:3834} INFO - Setting next_dagrun for dataset_consumes_1_never_scheduled to None, run_after=None
[2024-03-31T06:00:56.041+0000] {logging_mixin.py:188} INFO - [2024-03-31T06:00:56.040+0000] {dag.py:3834} INFO - Setting next_dagrun for dataset_consumes_unknown_never_scheduled to None, run_after=None
[2024-03-31T06:00:56.047+0000] {logging_mixin.py:188} INFO - [2024-03-31T06:00:56.047+0000] {dag.py:3834} INFO - Setting next_dagrun for dataset_produces_1 to 2024-03-30 00:00:00+00:00, run_after=2024-03-31 00:00:00+00:00
[2024-03-31T06:00:56.055+0000] {logging_mixin.py:188} INFO - [2024-03-31T06:00:56.055+0000] {dag.py:3834} INFO - Setting next_dagrun for dataset_produces_2 to None, run_after=None
[2024-03-31T06:00:56.113+0000] {processor.py:183} INFO - Processing /home/airflow/.local/lib/python3.8/site-packages/airflow/example_dags/example_datasets.py took 0.192 seconds
[2024-03-31T06:01:26.228+0000] {processor.py:161} INFO - Started process (PID=190) to work on /home/airflow/.local/lib/python3.8/site-packages/airflow/example_dags/example_datasets.py
[2024-03-31T06:01:26.229+0000] {processor.py:830} INFO - Processing file /home/airflow/.local/lib/python3.8/site-packages/airflow/example_dags/example_datasets.py for tasks to queue
[2024-03-31T06:01:26.233+0000] {logging_mixin.py:188} INFO - [2024-03-31T06:01:26.232+0000] {dagbag.py:540} INFO - Filling up the DagBag from /home/airflow/.local/lib/python3.8/site-packages/airflow/example_dags/example_datasets.py
[2024-03-31T06:01:26.241+0000] {processor.py:840} INFO - DAG(s) 'dataset_consumes_1_and_2', 'dataset_consumes_unknown_never_scheduled', 'dataset_produces_1', 'dataset_consumes_1_never_scheduled', 'dataset_consumes_1', 'dataset_produces_2' retrieved from /home/airflow/.local/lib/python3.8/site-packages/airflow/example_dags/example_datasets.py
[2024-03-31T06:01:26.256+0000] {logging_mixin.py:188} INFO - [2024-03-31T06:01:26.256+0000] {dag.py:3047} INFO - Sync 6 DAGs
[2024-03-31T06:01:26.285+0000] {logging_mixin.py:188} INFO - [2024-03-31T06:01:26.285+0000] {dag.py:3834} INFO - Setting next_dagrun for dataset_consumes_1 to None, run_after=None
[2024-03-31T06:01:26.289+0000] {logging_mixin.py:188} INFO - [2024-03-31T06:01:26.289+0000] {dag.py:3834} INFO - Setting next_dagrun for dataset_consumes_1_and_2 to None, run_after=None
[2024-03-31T06:01:26.290+0000] {logging_mixin.py:188} INFO - [2024-03-31T06:01:26.290+0000] {dag.py:3834} INFO - Setting next_dagrun for dataset_consumes_1_never_scheduled to None, run_after=None
[2024-03-31T06:01:26.291+0000] {logging_mixin.py:188} INFO - [2024-03-31T06:01:26.291+0000] {dag.py:3834} INFO - Setting next_dagrun for dataset_consumes_unknown_never_scheduled to None, run_after=None
[2024-03-31T06:01:26.294+0000] {logging_mixin.py:188} INFO - [2024-03-31T06:01:26.294+0000] {dag.py:3834} INFO - Setting next_dagrun for dataset_produces_1 to 2024-03-30 00:00:00+00:00, run_after=2024-03-31 00:00:00+00:00
[2024-03-31T06:01:26.297+0000] {logging_mixin.py:188} INFO - [2024-03-31T06:01:26.296+0000] {dag.py:3834} INFO - Setting next_dagrun for dataset_produces_2 to None, run_after=None
[2024-03-31T06:01:26.332+0000] {processor.py:183} INFO - Processing /home/airflow/.local/lib/python3.8/site-packages/airflow/example_dags/example_datasets.py took 0.106 seconds
[2024-03-31T06:01:57.078+0000] {processor.py:161} INFO - Started process (PID=245) to work on /home/airflow/.local/lib/python3.8/site-packages/airflow/example_dags/example_datasets.py
[2024-03-31T06:01:57.079+0000] {processor.py:830} INFO - Processing file /home/airflow/.local/lib/python3.8/site-packages/airflow/example_dags/example_datasets.py for tasks to queue
[2024-03-31T06:01:57.082+0000] {logging_mixin.py:188} INFO - [2024-03-31T06:01:57.081+0000] {dagbag.py:540} INFO - Filling up the DagBag from /home/airflow/.local/lib/python3.8/site-packages/airflow/example_dags/example_datasets.py
[2024-03-31T06:01:57.103+0000] {processor.py:840} INFO - DAG(s) 'dataset_consumes_1_never_scheduled', 'dataset_consumes_1', 'dataset_consumes_1_and_2', 'dataset_consumes_unknown_never_scheduled', 'dataset_produces_1', 'dataset_produces_2' retrieved from /home/airflow/.local/lib/python3.8/site-packages/airflow/example_dags/example_datasets.py
[2024-03-31T06:01:57.143+0000] {logging_mixin.py:188} INFO - [2024-03-31T06:01:57.143+0000] {dag.py:3047} INFO - Sync 6 DAGs
[2024-03-31T06:01:57.183+0000] {logging_mixin.py:188} INFO - [2024-03-31T06:01:57.182+0000] {dag.py:3834} INFO - Setting next_dagrun for dataset_consumes_1 to None, run_after=None
[2024-03-31T06:01:57.191+0000] {logging_mixin.py:188} INFO - [2024-03-31T06:01:57.190+0000] {dag.py:3834} INFO - Setting next_dagrun for dataset_consumes_1_and_2 to None, run_after=None
[2024-03-31T06:01:57.194+0000] {logging_mixin.py:188} INFO - [2024-03-31T06:01:57.194+0000] {dag.py:3834} INFO - Setting next_dagrun for dataset_consumes_1_never_scheduled to None, run_after=None
[2024-03-31T06:01:57.203+0000] {logging_mixin.py:188} INFO - [2024-03-31T06:01:57.202+0000] {dag.py:3834} INFO - Setting next_dagrun for dataset_consumes_unknown_never_scheduled to None, run_after=None
[2024-03-31T06:01:57.209+0000] {logging_mixin.py:188} INFO - [2024-03-31T06:01:57.208+0000] {dag.py:3834} INFO - Setting next_dagrun for dataset_produces_1 to 2024-03-30 00:00:00+00:00, run_after=2024-03-31 00:00:00+00:00
[2024-03-31T06:01:57.213+0000] {logging_mixin.py:188} INFO - [2024-03-31T06:01:57.212+0000] {dag.py:3834} INFO - Setting next_dagrun for dataset_produces_2 to None, run_after=None
[2024-03-31T06:01:57.289+0000] {processor.py:183} INFO - Processing /home/airflow/.local/lib/python3.8/site-packages/airflow/example_dags/example_datasets.py took 0.213 seconds
[2024-03-31T06:02:27.526+0000] {processor.py:161} INFO - Started process (PID=301) to work on /home/airflow/.local/lib/python3.8/site-packages/airflow/example_dags/example_datasets.py
[2024-03-31T06:02:27.527+0000] {processor.py:830} INFO - Processing file /home/airflow/.local/lib/python3.8/site-packages/airflow/example_dags/example_datasets.py for tasks to queue
[2024-03-31T06:02:27.528+0000] {logging_mixin.py:188} INFO - [2024-03-31T06:02:27.528+0000] {dagbag.py:540} INFO - Filling up the DagBag from /home/airflow/.local/lib/python3.8/site-packages/airflow/example_dags/example_datasets.py
[2024-03-31T06:02:27.552+0000] {processor.py:840} INFO - DAG(s) 'dataset_produces_2', 'dataset_consumes_unknown_never_scheduled', 'dataset_consumes_1_never_scheduled', 'dataset_produces_1', 'dataset_consumes_1_and_2', 'dataset_consumes_1' retrieved from /home/airflow/.local/lib/python3.8/site-packages/airflow/example_dags/example_datasets.py
[2024-03-31T06:02:27.579+0000] {logging_mixin.py:188} INFO - [2024-03-31T06:02:27.579+0000] {dag.py:3047} INFO - Sync 6 DAGs
[2024-03-31T06:02:27.637+0000] {logging_mixin.py:188} INFO - [2024-03-31T06:02:27.636+0000] {dag.py:3834} INFO - Setting next_dagrun for dataset_consumes_1 to None, run_after=None
[2024-03-31T06:02:27.651+0000] {logging_mixin.py:188} INFO - [2024-03-31T06:02:27.646+0000] {dag.py:3834} INFO - Setting next_dagrun for dataset_consumes_1_and_2 to None, run_after=None
[2024-03-31T06:02:27.653+0000] {logging_mixin.py:188} INFO - [2024-03-31T06:02:27.653+0000] {dag.py:3834} INFO - Setting next_dagrun for dataset_consumes_1_never_scheduled to None, run_after=None
[2024-03-31T06:02:27.656+0000] {logging_mixin.py:188} INFO - [2024-03-31T06:02:27.656+0000] {dag.py:3834} INFO - Setting next_dagrun for dataset_consumes_unknown_never_scheduled to None, run_after=None
[2024-03-31T06:02:27.660+0000] {logging_mixin.py:188} INFO - [2024-03-31T06:02:27.660+0000] {dag.py:3834} INFO - Setting next_dagrun for dataset_produces_1 to 2024-03-30 00:00:00+00:00, run_after=2024-03-31 00:00:00+00:00
[2024-03-31T06:02:27.663+0000] {logging_mixin.py:188} INFO - [2024-03-31T06:02:27.663+0000] {dag.py:3834} INFO - Setting next_dagrun for dataset_produces_2 to None, run_after=None
[2024-03-31T06:02:27.727+0000] {processor.py:183} INFO - Processing /home/airflow/.local/lib/python3.8/site-packages/airflow/example_dags/example_datasets.py took 0.204 seconds
[2024-03-31T06:02:58.250+0000] {processor.py:161} INFO - Started process (PID=357) to work on /home/airflow/.local/lib/python3.8/site-packages/airflow/example_dags/example_datasets.py
[2024-03-31T06:02:58.252+0000] {processor.py:830} INFO - Processing file /home/airflow/.local/lib/python3.8/site-packages/airflow/example_dags/example_datasets.py for tasks to queue
[2024-03-31T06:02:58.259+0000] {logging_mixin.py:188} INFO - [2024-03-31T06:02:58.259+0000] {dagbag.py:540} INFO - Filling up the DagBag from /home/airflow/.local/lib/python3.8/site-packages/airflow/example_dags/example_datasets.py
[2024-03-31T06:02:58.296+0000] {processor.py:840} INFO - DAG(s) 'dataset_consumes_1_never_scheduled', 'dataset_consumes_1', 'dataset_consumes_1_and_2', 'dataset_produces_1', 'dataset_consumes_unknown_never_scheduled', 'dataset_produces_2' retrieved from /home/airflow/.local/lib/python3.8/site-packages/airflow/example_dags/example_datasets.py
[2024-03-31T06:02:58.495+0000] {logging_mixin.py:188} INFO - [2024-03-31T06:02:58.494+0000] {dag.py:3047} INFO - Sync 6 DAGs
[2024-03-31T06:02:58.518+0000] {logging_mixin.py:188} INFO - [2024-03-31T06:02:58.517+0000] {dag.py:3834} INFO - Setting next_dagrun for dataset_consumes_1 to None, run_after=None
[2024-03-31T06:02:58.521+0000] {logging_mixin.py:188} INFO - [2024-03-31T06:02:58.521+0000] {dag.py:3834} INFO - Setting next_dagrun for dataset_consumes_1_and_2 to None, run_after=None
[2024-03-31T06:02:58.523+0000] {logging_mixin.py:188} INFO - [2024-03-31T06:02:58.523+0000] {dag.py:3834} INFO - Setting next_dagrun for dataset_consumes_1_never_scheduled to None, run_after=None
[2024-03-31T06:02:58.525+0000] {logging_mixin.py:188} INFO - [2024-03-31T06:02:58.525+0000] {dag.py:3834} INFO - Setting next_dagrun for dataset_consumes_unknown_never_scheduled to None, run_after=None
[2024-03-31T06:02:58.528+0000] {logging_mixin.py:188} INFO - [2024-03-31T06:02:58.527+0000] {dag.py:3834} INFO - Setting next_dagrun for dataset_produces_1 to 2024-03-30 00:00:00+00:00, run_after=2024-03-31 00:00:00+00:00
[2024-03-31T06:02:58.530+0000] {logging_mixin.py:188} INFO - [2024-03-31T06:02:58.529+0000] {dag.py:3834} INFO - Setting next_dagrun for dataset_produces_2 to None, run_after=None
[2024-03-31T06:02:58.571+0000] {processor.py:183} INFO - Processing /home/airflow/.local/lib/python3.8/site-packages/airflow/example_dags/example_datasets.py took 0.325 seconds
[2024-03-31T06:03:28.639+0000] {processor.py:161} INFO - Started process (PID=414) to work on /home/airflow/.local/lib/python3.8/site-packages/airflow/example_dags/example_datasets.py
[2024-03-31T06:03:28.640+0000] {processor.py:830} INFO - Processing file /home/airflow/.local/lib/python3.8/site-packages/airflow/example_dags/example_datasets.py for tasks to queue
[2024-03-31T06:03:28.641+0000] {logging_mixin.py:188} INFO - [2024-03-31T06:03:28.641+0000] {dagbag.py:540} INFO - Filling up the DagBag from /home/airflow/.local/lib/python3.8/site-packages/airflow/example_dags/example_datasets.py
[2024-03-31T06:03:28.651+0000] {processor.py:840} INFO - DAG(s) 'dataset_consumes_1', 'dataset_consumes_unknown_never_scheduled', 'dataset_consumes_1_never_scheduled', 'dataset_produces_1', 'dataset_produces_2', 'dataset_consumes_1_and_2' retrieved from /home/airflow/.local/lib/python3.8/site-packages/airflow/example_dags/example_datasets.py
[2024-03-31T06:03:28.692+0000] {logging_mixin.py:188} INFO - [2024-03-31T06:03:28.691+0000] {dag.py:3047} INFO - Sync 6 DAGs
[2024-03-31T06:03:28.717+0000] {logging_mixin.py:188} INFO - [2024-03-31T06:03:28.716+0000] {dag.py:3834} INFO - Setting next_dagrun for dataset_consumes_1 to None, run_after=None
[2024-03-31T06:03:28.720+0000] {logging_mixin.py:188} INFO - [2024-03-31T06:03:28.720+0000] {dag.py:3834} INFO - Setting next_dagrun for dataset_consumes_1_and_2 to None, run_after=None
[2024-03-31T06:03:28.722+0000] {logging_mixin.py:188} INFO - [2024-03-31T06:03:28.722+0000] {dag.py:3834} INFO - Setting next_dagrun for dataset_consumes_1_never_scheduled to None, run_after=None
[2024-03-31T06:03:28.724+0000] {logging_mixin.py:188} INFO - [2024-03-31T06:03:28.724+0000] {dag.py:3834} INFO - Setting next_dagrun for dataset_consumes_unknown_never_scheduled to None, run_after=None
[2024-03-31T06:03:28.727+0000] {logging_mixin.py:188} INFO - [2024-03-31T06:03:28.727+0000] {dag.py:3834} INFO - Setting next_dagrun for dataset_produces_1 to 2024-03-30 00:00:00+00:00, run_after=2024-03-31 00:00:00+00:00
[2024-03-31T06:03:28.729+0000] {logging_mixin.py:188} INFO - [2024-03-31T06:03:28.729+0000] {dag.py:3834} INFO - Setting next_dagrun for dataset_produces_2 to None, run_after=None
[2024-03-31T06:03:28.768+0000] {processor.py:183} INFO - Processing /home/airflow/.local/lib/python3.8/site-packages/airflow/example_dags/example_datasets.py took 0.131 seconds
[2024-03-31T06:03:59.403+0000] {processor.py:161} INFO - Started process (PID=469) to work on /home/airflow/.local/lib/python3.8/site-packages/airflow/example_dags/example_datasets.py
[2024-03-31T06:03:59.404+0000] {processor.py:830} INFO - Processing file /home/airflow/.local/lib/python3.8/site-packages/airflow/example_dags/example_datasets.py for tasks to queue
[2024-03-31T06:03:59.406+0000] {logging_mixin.py:188} INFO - [2024-03-31T06:03:59.405+0000] {dagbag.py:540} INFO - Filling up the DagBag from /home/airflow/.local/lib/python3.8/site-packages/airflow/example_dags/example_datasets.py
[2024-03-31T06:03:59.422+0000] {processor.py:840} INFO - DAG(s) 'dataset_consumes_1_and_2', 'dataset_produces_1', 'dataset_consumes_1_never_scheduled', 'dataset_consumes_unknown_never_scheduled', 'dataset_consumes_1', 'dataset_produces_2' retrieved from /home/airflow/.local/lib/python3.8/site-packages/airflow/example_dags/example_datasets.py
[2024-03-31T06:03:59.459+0000] {logging_mixin.py:188} INFO - [2024-03-31T06:03:59.458+0000] {dag.py:3047} INFO - Sync 6 DAGs
[2024-03-31T06:03:59.486+0000] {logging_mixin.py:188} INFO - [2024-03-31T06:03:59.486+0000] {dag.py:3834} INFO - Setting next_dagrun for dataset_consumes_1 to None, run_after=None
[2024-03-31T06:03:59.489+0000] {logging_mixin.py:188} INFO - [2024-03-31T06:03:59.489+0000] {dag.py:3834} INFO - Setting next_dagrun for dataset_consumes_1_and_2 to None, run_after=None
[2024-03-31T06:03:59.490+0000] {logging_mixin.py:188} INFO - [2024-03-31T06:03:59.490+0000] {dag.py:3834} INFO - Setting next_dagrun for dataset_consumes_1_never_scheduled to None, run_after=None
[2024-03-31T06:03:59.492+0000] {logging_mixin.py:188} INFO - [2024-03-31T06:03:59.491+0000] {dag.py:3834} INFO - Setting next_dagrun for dataset_consumes_unknown_never_scheduled to None, run_after=None
[2024-03-31T06:03:59.495+0000] {logging_mixin.py:188} INFO - [2024-03-31T06:03:59.494+0000] {dag.py:3834} INFO - Setting next_dagrun for dataset_produces_1 to 2024-03-30 00:00:00+00:00, run_after=2024-03-31 00:00:00+00:00
[2024-03-31T06:03:59.498+0000] {logging_mixin.py:188} INFO - [2024-03-31T06:03:59.498+0000] {dag.py:3834} INFO - Setting next_dagrun for dataset_produces_2 to None, run_after=None
[2024-03-31T06:03:59.527+0000] {processor.py:183} INFO - Processing /home/airflow/.local/lib/python3.8/site-packages/airflow/example_dags/example_datasets.py took 0.127 seconds
[2024-03-31T06:04:29.657+0000] {processor.py:161} INFO - Started process (PID=525) to work on /home/airflow/.local/lib/python3.8/site-packages/airflow/example_dags/example_datasets.py
[2024-03-31T06:04:29.658+0000] {processor.py:830} INFO - Processing file /home/airflow/.local/lib/python3.8/site-packages/airflow/example_dags/example_datasets.py for tasks to queue
[2024-03-31T06:04:29.660+0000] {logging_mixin.py:188} INFO - [2024-03-31T06:04:29.660+0000] {dagbag.py:540} INFO - Filling up the DagBag from /home/airflow/.local/lib/python3.8/site-packages/airflow/example_dags/example_datasets.py
[2024-03-31T06:04:29.689+0000] {processor.py:840} INFO - DAG(s) 'dataset_produces_1', 'dataset_consumes_unknown_never_scheduled', 'dataset_consumes_1_never_scheduled', 'dataset_consumes_1', 'dataset_consumes_1_and_2', 'dataset_produces_2' retrieved from /home/airflow/.local/lib/python3.8/site-packages/airflow/example_dags/example_datasets.py
[2024-03-31T06:04:29.757+0000] {logging_mixin.py:188} INFO - [2024-03-31T06:04:29.757+0000] {dag.py:3047} INFO - Sync 6 DAGs
[2024-03-31T06:04:29.817+0000] {logging_mixin.py:188} INFO - [2024-03-31T06:04:29.816+0000] {dag.py:3834} INFO - Setting next_dagrun for dataset_consumes_1 to None, run_after=None
[2024-03-31T06:04:29.821+0000] {logging_mixin.py:188} INFO - [2024-03-31T06:04:29.820+0000] {dag.py:3834} INFO - Setting next_dagrun for dataset_consumes_1_and_2 to None, run_after=None
[2024-03-31T06:04:29.822+0000] {logging_mixin.py:188} INFO - [2024-03-31T06:04:29.822+0000] {dag.py:3834} INFO - Setting next_dagrun for dataset_consumes_1_never_scheduled to None, run_after=None
[2024-03-31T06:04:29.824+0000] {logging_mixin.py:188} INFO - [2024-03-31T06:04:29.824+0000] {dag.py:3834} INFO - Setting next_dagrun for dataset_consumes_unknown_never_scheduled to None, run_after=None
[2024-03-31T06:04:29.830+0000] {logging_mixin.py:188} INFO - [2024-03-31T06:04:29.830+0000] {dag.py:3834} INFO - Setting next_dagrun for dataset_produces_1 to 2024-03-30 00:00:00+00:00, run_after=2024-03-31 00:00:00+00:00
[2024-03-31T06:04:29.833+0000] {logging_mixin.py:188} INFO - [2024-03-31T06:04:29.833+0000] {dag.py:3834} INFO - Setting next_dagrun for dataset_produces_2 to None, run_after=None
[2024-03-31T06:04:29.871+0000] {processor.py:183} INFO - Processing /home/airflow/.local/lib/python3.8/site-packages/airflow/example_dags/example_datasets.py took 0.217 seconds
[2024-03-31T06:05:00.821+0000] {processor.py:161} INFO - Started process (PID=581) to work on /home/airflow/.local/lib/python3.8/site-packages/airflow/example_dags/example_datasets.py
[2024-03-31T06:05:00.822+0000] {processor.py:830} INFO - Processing file /home/airflow/.local/lib/python3.8/site-packages/airflow/example_dags/example_datasets.py for tasks to queue
[2024-03-31T06:05:00.823+0000] {logging_mixin.py:188} INFO - [2024-03-31T06:05:00.823+0000] {dagbag.py:540} INFO - Filling up the DagBag from /home/airflow/.local/lib/python3.8/site-packages/airflow/example_dags/example_datasets.py
[2024-03-31T06:05:00.834+0000] {processor.py:840} INFO - DAG(s) 'dataset_produces_2', 'dataset_consumes_unknown_never_scheduled', 'dataset_consumes_1', 'dataset_consumes_1_and_2', 'dataset_consumes_1_never_scheduled', 'dataset_produces_1' retrieved from /home/airflow/.local/lib/python3.8/site-packages/airflow/example_dags/example_datasets.py
[2024-03-31T06:05:00.883+0000] {logging_mixin.py:188} INFO - [2024-03-31T06:05:00.883+0000] {dag.py:3047} INFO - Sync 6 DAGs
[2024-03-31T06:05:00.908+0000] {logging_mixin.py:188} INFO - [2024-03-31T06:05:00.908+0000] {dag.py:3834} INFO - Setting next_dagrun for dataset_consumes_1 to None, run_after=None
[2024-03-31T06:05:00.916+0000] {logging_mixin.py:188} INFO - [2024-03-31T06:05:00.915+0000] {dag.py:3834} INFO - Setting next_dagrun for dataset_consumes_1_and_2 to None, run_after=None
[2024-03-31T06:05:00.918+0000] {logging_mixin.py:188} INFO - [2024-03-31T06:05:00.918+0000] {dag.py:3834} INFO - Setting next_dagrun for dataset_consumes_1_never_scheduled to None, run_after=None
[2024-03-31T06:05:00.919+0000] {logging_mixin.py:188} INFO - [2024-03-31T06:05:00.919+0000] {dag.py:3834} INFO - Setting next_dagrun for dataset_consumes_unknown_never_scheduled to None, run_after=None
[2024-03-31T06:05:00.922+0000] {logging_mixin.py:188} INFO - [2024-03-31T06:05:00.922+0000] {dag.py:3834} INFO - Setting next_dagrun for dataset_produces_1 to 2024-03-30 00:00:00+00:00, run_after=2024-03-31 00:00:00+00:00
[2024-03-31T06:05:00.924+0000] {logging_mixin.py:188} INFO - [2024-03-31T06:05:00.924+0000] {dag.py:3834} INFO - Setting next_dagrun for dataset_produces_2 to None, run_after=None
[2024-03-31T06:05:00.967+0000] {processor.py:183} INFO - Processing /home/airflow/.local/lib/python3.8/site-packages/airflow/example_dags/example_datasets.py took 0.149 seconds
[2024-03-31T06:05:31.940+0000] {processor.py:161} INFO - Started process (PID=637) to work on /home/airflow/.local/lib/python3.8/site-packages/airflow/example_dags/example_datasets.py
[2024-03-31T06:05:31.942+0000] {processor.py:830} INFO - Processing file /home/airflow/.local/lib/python3.8/site-packages/airflow/example_dags/example_datasets.py for tasks to queue
[2024-03-31T06:05:31.944+0000] {logging_mixin.py:188} INFO - [2024-03-31T06:05:31.944+0000] {dagbag.py:540} INFO - Filling up the DagBag from /home/airflow/.local/lib/python3.8/site-packages/airflow/example_dags/example_datasets.py
[2024-03-31T06:05:31.959+0000] {processor.py:840} INFO - DAG(s) 'dataset_consumes_1', 'dataset_consumes_unknown_never_scheduled', 'dataset_consumes_1_and_2', 'dataset_produces_2', 'dataset_consumes_1_never_scheduled', 'dataset_produces_1' retrieved from /home/airflow/.local/lib/python3.8/site-packages/airflow/example_dags/example_datasets.py
[2024-03-31T06:05:32.031+0000] {logging_mixin.py:188} INFO - [2024-03-31T06:05:32.031+0000] {dag.py:3047} INFO - Sync 6 DAGs
[2024-03-31T06:05:32.057+0000] {logging_mixin.py:188} INFO - [2024-03-31T06:05:32.057+0000] {dag.py:3834} INFO - Setting next_dagrun for dataset_consumes_1 to None, run_after=None
[2024-03-31T06:05:32.061+0000] {logging_mixin.py:188} INFO - [2024-03-31T06:05:32.061+0000] {dag.py:3834} INFO - Setting next_dagrun for dataset_consumes_1_and_2 to None, run_after=None
[2024-03-31T06:05:32.065+0000] {logging_mixin.py:188} INFO - [2024-03-31T06:05:32.065+0000] {dag.py:3834} INFO - Setting next_dagrun for dataset_consumes_1_never_scheduled to None, run_after=None
[2024-03-31T06:05:32.067+0000] {logging_mixin.py:188} INFO - [2024-03-31T06:05:32.067+0000] {dag.py:3834} INFO - Setting next_dagrun for dataset_consumes_unknown_never_scheduled to None, run_after=None
[2024-03-31T06:05:32.071+0000] {logging_mixin.py:188} INFO - [2024-03-31T06:05:32.071+0000] {dag.py:3834} INFO - Setting next_dagrun for dataset_produces_1 to 2024-03-30 00:00:00+00:00, run_after=2024-03-31 00:00:00+00:00
[2024-03-31T06:05:32.073+0000] {logging_mixin.py:188} INFO - [2024-03-31T06:05:32.073+0000] {dag.py:3834} INFO - Setting next_dagrun for dataset_produces_2 to None, run_after=None
[2024-03-31T06:05:32.122+0000] {processor.py:183} INFO - Processing /home/airflow/.local/lib/python3.8/site-packages/airflow/example_dags/example_datasets.py took 0.187 seconds
[2024-03-31T06:06:02.740+0000] {processor.py:161} INFO - Started process (PID=693) to work on /home/airflow/.local/lib/python3.8/site-packages/airflow/example_dags/example_datasets.py
[2024-03-31T06:06:02.741+0000] {processor.py:830} INFO - Processing file /home/airflow/.local/lib/python3.8/site-packages/airflow/example_dags/example_datasets.py for tasks to queue
[2024-03-31T06:06:02.744+0000] {logging_mixin.py:188} INFO - [2024-03-31T06:06:02.743+0000] {dagbag.py:540} INFO - Filling up the DagBag from /home/airflow/.local/lib/python3.8/site-packages/airflow/example_dags/example_datasets.py
[2024-03-31T06:06:02.756+0000] {processor.py:840} INFO - DAG(s) 'dataset_consumes_1', 'dataset_consumes_unknown_never_scheduled', 'dataset_produces_1', 'dataset_consumes_1_never_scheduled', 'dataset_consumes_1_and_2', 'dataset_produces_2' retrieved from /home/airflow/.local/lib/python3.8/site-packages/airflow/example_dags/example_datasets.py
[2024-03-31T06:06:02.813+0000] {logging_mixin.py:188} INFO - [2024-03-31T06:06:02.812+0000] {dag.py:3047} INFO - Sync 6 DAGs
[2024-03-31T06:06:02.844+0000] {logging_mixin.py:188} INFO - [2024-03-31T06:06:02.843+0000] {dag.py:3834} INFO - Setting next_dagrun for dataset_consumes_1 to None, run_after=None
[2024-03-31T06:06:02.851+0000] {logging_mixin.py:188} INFO - [2024-03-31T06:06:02.850+0000] {dag.py:3834} INFO - Setting next_dagrun for dataset_consumes_1_and_2 to None, run_after=None
[2024-03-31T06:06:02.853+0000] {logging_mixin.py:188} INFO - [2024-03-31T06:06:02.853+0000] {dag.py:3834} INFO - Setting next_dagrun for dataset_consumes_1_never_scheduled to None, run_after=None
[2024-03-31T06:06:02.856+0000] {logging_mixin.py:188} INFO - [2024-03-31T06:06:02.856+0000] {dag.py:3834} INFO - Setting next_dagrun for dataset_consumes_unknown_never_scheduled to None, run_after=None
[2024-03-31T06:06:02.860+0000] {logging_mixin.py:188} INFO - [2024-03-31T06:06:02.860+0000] {dag.py:3834} INFO - Setting next_dagrun for dataset_produces_1 to 2024-03-30 00:00:00+00:00, run_after=2024-03-31 00:00:00+00:00
[2024-03-31T06:06:02.863+0000] {logging_mixin.py:188} INFO - [2024-03-31T06:06:02.862+0000] {dag.py:3834} INFO - Setting next_dagrun for dataset_produces_2 to None, run_after=None
[2024-03-31T06:06:02.916+0000] {processor.py:183} INFO - Processing /home/airflow/.local/lib/python3.8/site-packages/airflow/example_dags/example_datasets.py took 0.177 seconds
[2024-03-31T06:06:33.066+0000] {processor.py:161} INFO - Started process (PID=749) to work on /home/airflow/.local/lib/python3.8/site-packages/airflow/example_dags/example_datasets.py
[2024-03-31T06:06:33.067+0000] {processor.py:830} INFO - Processing file /home/airflow/.local/lib/python3.8/site-packages/airflow/example_dags/example_datasets.py for tasks to queue
[2024-03-31T06:06:33.072+0000] {logging_mixin.py:188} INFO - [2024-03-31T06:06:33.071+0000] {dagbag.py:540} INFO - Filling up the DagBag from /home/airflow/.local/lib/python3.8/site-packages/airflow/example_dags/example_datasets.py
[2024-03-31T06:06:33.085+0000] {processor.py:840} INFO - DAG(s) 'dataset_consumes_1_never_scheduled', 'dataset_produces_1', 'dataset_consumes_unknown_never_scheduled', 'dataset_consumes_1_and_2', 'dataset_produces_2', 'dataset_consumes_1' retrieved from /home/airflow/.local/lib/python3.8/site-packages/airflow/example_dags/example_datasets.py
[2024-03-31T06:06:33.147+0000] {logging_mixin.py:188} INFO - [2024-03-31T06:06:33.146+0000] {dag.py:3047} INFO - Sync 6 DAGs
[2024-03-31T06:06:33.186+0000] {logging_mixin.py:188} INFO - [2024-03-31T06:06:33.186+0000] {dag.py:3834} INFO - Setting next_dagrun for dataset_consumes_1 to None, run_after=None
[2024-03-31T06:06:33.196+0000] {logging_mixin.py:188} INFO - [2024-03-31T06:06:33.196+0000] {dag.py:3834} INFO - Setting next_dagrun for dataset_consumes_1_and_2 to None, run_after=None
[2024-03-31T06:06:33.199+0000] {logging_mixin.py:188} INFO - [2024-03-31T06:06:33.199+0000] {dag.py:3834} INFO - Setting next_dagrun for dataset_consumes_1_never_scheduled to None, run_after=None
[2024-03-31T06:06:33.201+0000] {logging_mixin.py:188} INFO - [2024-03-31T06:06:33.201+0000] {dag.py:3834} INFO - Setting next_dagrun for dataset_consumes_unknown_never_scheduled to None, run_after=None
[2024-03-31T06:06:33.206+0000] {logging_mixin.py:188} INFO - [2024-03-31T06:06:33.206+0000] {dag.py:3834} INFO - Setting next_dagrun for dataset_produces_1 to 2024-03-30 00:00:00+00:00, run_after=2024-03-31 00:00:00+00:00
[2024-03-31T06:06:33.210+0000] {logging_mixin.py:188} INFO - [2024-03-31T06:06:33.209+0000] {dag.py:3834} INFO - Setting next_dagrun for dataset_produces_2 to None, run_after=None
[2024-03-31T06:06:33.268+0000] {processor.py:183} INFO - Processing /home/airflow/.local/lib/python3.8/site-packages/airflow/example_dags/example_datasets.py took 0.205 seconds
[2024-03-31T06:07:03.917+0000] {processor.py:161} INFO - Started process (PID=805) to work on /home/airflow/.local/lib/python3.8/site-packages/airflow/example_dags/example_datasets.py
[2024-03-31T06:07:03.918+0000] {processor.py:830} INFO - Processing file /home/airflow/.local/lib/python3.8/site-packages/airflow/example_dags/example_datasets.py for tasks to queue
[2024-03-31T06:07:03.919+0000] {logging_mixin.py:188} INFO - [2024-03-31T06:07:03.919+0000] {dagbag.py:540} INFO - Filling up the DagBag from /home/airflow/.local/lib/python3.8/site-packages/airflow/example_dags/example_datasets.py
[2024-03-31T06:07:03.931+0000] {processor.py:840} INFO - DAG(s) 'dataset_produces_1', 'dataset_consumes_1', 'dataset_consumes_unknown_never_scheduled', 'dataset_consumes_1_never_scheduled', 'dataset_produces_2', 'dataset_consumes_1_and_2' retrieved from /home/airflow/.local/lib/python3.8/site-packages/airflow/example_dags/example_datasets.py
[2024-03-31T06:07:03.966+0000] {logging_mixin.py:188} INFO - [2024-03-31T06:07:03.966+0000] {dag.py:3047} INFO - Sync 6 DAGs
[2024-03-31T06:07:03.989+0000] {logging_mixin.py:188} INFO - [2024-03-31T06:07:03.989+0000] {dag.py:3834} INFO - Setting next_dagrun for dataset_consumes_1 to None, run_after=None
[2024-03-31T06:07:03.995+0000] {logging_mixin.py:188} INFO - [2024-03-31T06:07:03.995+0000] {dag.py:3834} INFO - Setting next_dagrun for dataset_consumes_1_and_2 to None, run_after=None
[2024-03-31T06:07:03.997+0000] {logging_mixin.py:188} INFO - [2024-03-31T06:07:03.997+0000] {dag.py:3834} INFO - Setting next_dagrun for dataset_consumes_1_never_scheduled to None, run_after=None
[2024-03-31T06:07:04.004+0000] {logging_mixin.py:188} INFO - [2024-03-31T06:07:04.003+0000] {dag.py:3834} INFO - Setting next_dagrun for dataset_consumes_unknown_never_scheduled to None, run_after=None
[2024-03-31T06:07:04.007+0000] {logging_mixin.py:188} INFO - [2024-03-31T06:07:04.007+0000] {dag.py:3834} INFO - Setting next_dagrun for dataset_produces_1 to 2024-03-30 00:00:00+00:00, run_after=2024-03-31 00:00:00+00:00
[2024-03-31T06:07:04.009+0000] {logging_mixin.py:188} INFO - [2024-03-31T06:07:04.008+0000] {dag.py:3834} INFO - Setting next_dagrun for dataset_produces_2 to None, run_after=None
[2024-03-31T06:07:04.051+0000] {processor.py:183} INFO - Processing /home/airflow/.local/lib/python3.8/site-packages/airflow/example_dags/example_datasets.py took 0.136 seconds
[2024-03-31T06:07:34.394+0000] {processor.py:161} INFO - Started process (PID=862) to work on /home/airflow/.local/lib/python3.8/site-packages/airflow/example_dags/example_datasets.py
[2024-03-31T06:07:34.396+0000] {processor.py:830} INFO - Processing file /home/airflow/.local/lib/python3.8/site-packages/airflow/example_dags/example_datasets.py for tasks to queue
[2024-03-31T06:07:34.398+0000] {logging_mixin.py:188} INFO - [2024-03-31T06:07:34.398+0000] {dagbag.py:540} INFO - Filling up the DagBag from /home/airflow/.local/lib/python3.8/site-packages/airflow/example_dags/example_datasets.py
[2024-03-31T06:07:34.408+0000] {processor.py:840} INFO - DAG(s) 'dataset_produces_1', 'dataset_consumes_1_and_2', 'dataset_consumes_1_never_scheduled', 'dataset_produces_2', 'dataset_consumes_1', 'dataset_consumes_unknown_never_scheduled' retrieved from /home/airflow/.local/lib/python3.8/site-packages/airflow/example_dags/example_datasets.py
[2024-03-31T06:07:34.453+0000] {logging_mixin.py:188} INFO - [2024-03-31T06:07:34.453+0000] {dag.py:3047} INFO - Sync 6 DAGs
[2024-03-31T06:07:34.477+0000] {logging_mixin.py:188} INFO - [2024-03-31T06:07:34.476+0000] {dag.py:3834} INFO - Setting next_dagrun for dataset_consumes_1 to None, run_after=None
[2024-03-31T06:07:34.482+0000] {logging_mixin.py:188} INFO - [2024-03-31T06:07:34.481+0000] {dag.py:3834} INFO - Setting next_dagrun for dataset_consumes_1_and_2 to None, run_after=None
[2024-03-31T06:07:34.483+0000] {logging_mixin.py:188} INFO - [2024-03-31T06:07:34.483+0000] {dag.py:3834} INFO - Setting next_dagrun for dataset_consumes_1_never_scheduled to None, run_after=None
[2024-03-31T06:07:34.486+0000] {logging_mixin.py:188} INFO - [2024-03-31T06:07:34.485+0000] {dag.py:3834} INFO - Setting next_dagrun for dataset_consumes_unknown_never_scheduled to None, run_after=None
[2024-03-31T06:07:34.489+0000] {logging_mixin.py:188} INFO - [2024-03-31T06:07:34.488+0000] {dag.py:3834} INFO - Setting next_dagrun for dataset_produces_1 to 2024-03-30 00:00:00+00:00, run_after=2024-03-31 00:00:00+00:00
[2024-03-31T06:07:34.491+0000] {logging_mixin.py:188} INFO - [2024-03-31T06:07:34.491+0000] {dag.py:3834} INFO - Setting next_dagrun for dataset_produces_2 to None, run_after=None
[2024-03-31T06:07:34.538+0000] {processor.py:183} INFO - Processing /home/airflow/.local/lib/python3.8/site-packages/airflow/example_dags/example_datasets.py took 0.148 seconds
[2024-03-31T06:08:04.606+0000] {processor.py:161} INFO - Started process (PID=918) to work on /home/airflow/.local/lib/python3.8/site-packages/airflow/example_dags/example_datasets.py
[2024-03-31T06:08:04.607+0000] {processor.py:830} INFO - Processing file /home/airflow/.local/lib/python3.8/site-packages/airflow/example_dags/example_datasets.py for tasks to queue
[2024-03-31T06:08:04.608+0000] {logging_mixin.py:188} INFO - [2024-03-31T06:08:04.608+0000] {dagbag.py:540} INFO - Filling up the DagBag from /home/airflow/.local/lib/python3.8/site-packages/airflow/example_dags/example_datasets.py
[2024-03-31T06:08:04.618+0000] {processor.py:840} INFO - DAG(s) 'dataset_consumes_1_never_scheduled', 'dataset_consumes_1_and_2', 'dataset_produces_2', 'dataset_consumes_unknown_never_scheduled', 'dataset_produces_1', 'dataset_consumes_1' retrieved from /home/airflow/.local/lib/python3.8/site-packages/airflow/example_dags/example_datasets.py
[2024-03-31T06:08:04.653+0000] {logging_mixin.py:188} INFO - [2024-03-31T06:08:04.653+0000] {dag.py:3047} INFO - Sync 6 DAGs
[2024-03-31T06:08:04.684+0000] {logging_mixin.py:188} INFO - [2024-03-31T06:08:04.684+0000] {dag.py:3834} INFO - Setting next_dagrun for dataset_consumes_1 to None, run_after=None
[2024-03-31T06:08:04.688+0000] {logging_mixin.py:188} INFO - [2024-03-31T06:08:04.688+0000] {dag.py:3834} INFO - Setting next_dagrun for dataset_consumes_1_and_2 to None, run_after=None
[2024-03-31T06:08:04.690+0000] {logging_mixin.py:188} INFO - [2024-03-31T06:08:04.690+0000] {dag.py:3834} INFO - Setting next_dagrun for dataset_consumes_1_never_scheduled to None, run_after=None
[2024-03-31T06:08:04.692+0000] {logging_mixin.py:188} INFO - [2024-03-31T06:08:04.692+0000] {dag.py:3834} INFO - Setting next_dagrun for dataset_consumes_unknown_never_scheduled to None, run_after=None
[2024-03-31T06:08:04.698+0000] {logging_mixin.py:188} INFO - [2024-03-31T06:08:04.698+0000] {dag.py:3834} INFO - Setting next_dagrun for dataset_produces_1 to 2024-03-30 00:00:00+00:00, run_after=2024-03-31 00:00:00+00:00
[2024-03-31T06:08:04.700+0000] {logging_mixin.py:188} INFO - [2024-03-31T06:08:04.700+0000] {dag.py:3834} INFO - Setting next_dagrun for dataset_produces_2 to None, run_after=None
[2024-03-31T06:08:04.744+0000] {processor.py:183} INFO - Processing /home/airflow/.local/lib/python3.8/site-packages/airflow/example_dags/example_datasets.py took 0.140 seconds
[2024-03-31T06:08:34.873+0000] {processor.py:161} INFO - Started process (PID=974) to work on /home/airflow/.local/lib/python3.8/site-packages/airflow/example_dags/example_datasets.py
[2024-03-31T06:08:34.874+0000] {processor.py:830} INFO - Processing file /home/airflow/.local/lib/python3.8/site-packages/airflow/example_dags/example_datasets.py for tasks to queue
[2024-03-31T06:08:34.877+0000] {logging_mixin.py:188} INFO - [2024-03-31T06:08:34.876+0000] {dagbag.py:540} INFO - Filling up the DagBag from /home/airflow/.local/lib/python3.8/site-packages/airflow/example_dags/example_datasets.py
[2024-03-31T06:08:34.888+0000] {processor.py:840} INFO - DAG(s) 'dataset_produces_1', 'dataset_consumes_1_never_scheduled', 'dataset_consumes_unknown_never_scheduled', 'dataset_consumes_1', 'dataset_produces_2', 'dataset_consumes_1_and_2' retrieved from /home/airflow/.local/lib/python3.8/site-packages/airflow/example_dags/example_datasets.py
[2024-03-31T06:08:34.934+0000] {logging_mixin.py:188} INFO - [2024-03-31T06:08:34.934+0000] {dag.py:3047} INFO - Sync 6 DAGs
[2024-03-31T06:08:34.969+0000] {logging_mixin.py:188} INFO - [2024-03-31T06:08:34.968+0000] {dag.py:3834} INFO - Setting next_dagrun for dataset_consumes_1 to None, run_after=None
[2024-03-31T06:08:34.974+0000] {logging_mixin.py:188} INFO - [2024-03-31T06:08:34.973+0000] {dag.py:3834} INFO - Setting next_dagrun for dataset_consumes_1_and_2 to None, run_after=None
[2024-03-31T06:08:34.977+0000] {logging_mixin.py:188} INFO - [2024-03-31T06:08:34.976+0000] {dag.py:3834} INFO - Setting next_dagrun for dataset_consumes_1_never_scheduled to None, run_after=None
[2024-03-31T06:08:34.979+0000] {logging_mixin.py:188} INFO - [2024-03-31T06:08:34.979+0000] {dag.py:3834} INFO - Setting next_dagrun for dataset_consumes_unknown_never_scheduled to None, run_after=None
[2024-03-31T06:08:34.983+0000] {logging_mixin.py:188} INFO - [2024-03-31T06:08:34.983+0000] {dag.py:3834} INFO - Setting next_dagrun for dataset_produces_1 to 2024-03-30 00:00:00+00:00, run_after=2024-03-31 00:00:00+00:00
[2024-03-31T06:08:34.985+0000] {logging_mixin.py:188} INFO - [2024-03-31T06:08:34.984+0000] {dag.py:3834} INFO - Setting next_dagrun for dataset_produces_2 to None, run_after=None
[2024-03-31T06:08:35.023+0000] {processor.py:183} INFO - Processing /home/airflow/.local/lib/python3.8/site-packages/airflow/example_dags/example_datasets.py took 0.152 seconds
[2024-03-31T06:09:05.141+0000] {processor.py:161} INFO - Started process (PID=1030) to work on /home/airflow/.local/lib/python3.8/site-packages/airflow/example_dags/example_datasets.py
[2024-03-31T06:09:05.143+0000] {processor.py:830} INFO - Processing file /home/airflow/.local/lib/python3.8/site-packages/airflow/example_dags/example_datasets.py for tasks to queue
[2024-03-31T06:09:05.145+0000] {logging_mixin.py:188} INFO - [2024-03-31T06:09:05.145+0000] {dagbag.py:540} INFO - Filling up the DagBag from /home/airflow/.local/lib/python3.8/site-packages/airflow/example_dags/example_datasets.py
[2024-03-31T06:09:05.155+0000] {processor.py:840} INFO - DAG(s) 'dataset_consumes_1', 'dataset_produces_1', 'dataset_consumes_1_never_scheduled', 'dataset_consumes_1_and_2', 'dataset_consumes_unknown_never_scheduled', 'dataset_produces_2' retrieved from /home/airflow/.local/lib/python3.8/site-packages/airflow/example_dags/example_datasets.py
[2024-03-31T06:09:05.198+0000] {logging_mixin.py:188} INFO - [2024-03-31T06:09:05.197+0000] {dag.py:3047} INFO - Sync 6 DAGs
[2024-03-31T06:09:05.221+0000] {logging_mixin.py:188} INFO - [2024-03-31T06:09:05.221+0000] {dag.py:3834} INFO - Setting next_dagrun for dataset_consumes_1 to None, run_after=None
[2024-03-31T06:09:05.231+0000] {logging_mixin.py:188} INFO - [2024-03-31T06:09:05.231+0000] {dag.py:3834} INFO - Setting next_dagrun for dataset_consumes_1_and_2 to None, run_after=None
[2024-03-31T06:09:05.233+0000] {logging_mixin.py:188} INFO - [2024-03-31T06:09:05.233+0000] {dag.py:3834} INFO - Setting next_dagrun for dataset_consumes_1_never_scheduled to None, run_after=None
[2024-03-31T06:09:05.235+0000] {logging_mixin.py:188} INFO - [2024-03-31T06:09:05.235+0000] {dag.py:3834} INFO - Setting next_dagrun for dataset_consumes_unknown_never_scheduled to None, run_after=None
[2024-03-31T06:09:05.238+0000] {logging_mixin.py:188} INFO - [2024-03-31T06:09:05.238+0000] {dag.py:3834} INFO - Setting next_dagrun for dataset_produces_1 to 2024-03-30 00:00:00+00:00, run_after=2024-03-31 00:00:00+00:00
[2024-03-31T06:09:05.239+0000] {logging_mixin.py:188} INFO - [2024-03-31T06:09:05.239+0000] {dag.py:3834} INFO - Setting next_dagrun for dataset_produces_2 to None, run_after=None
[2024-03-31T06:09:05.290+0000] {processor.py:183} INFO - Processing /home/airflow/.local/lib/python3.8/site-packages/airflow/example_dags/example_datasets.py took 0.152 seconds
[2024-03-31T06:09:35.640+0000] {processor.py:161} INFO - Started process (PID=1087) to work on /home/airflow/.local/lib/python3.8/site-packages/airflow/example_dags/example_datasets.py
[2024-03-31T06:09:35.641+0000] {processor.py:830} INFO - Processing file /home/airflow/.local/lib/python3.8/site-packages/airflow/example_dags/example_datasets.py for tasks to queue
[2024-03-31T06:09:35.644+0000] {logging_mixin.py:188} INFO - [2024-03-31T06:09:35.643+0000] {dagbag.py:540} INFO - Filling up the DagBag from /home/airflow/.local/lib/python3.8/site-packages/airflow/example_dags/example_datasets.py
[2024-03-31T06:09:35.657+0000] {processor.py:840} INFO - DAG(s) 'dataset_consumes_1', 'dataset_produces_1', 'dataset_consumes_unknown_never_scheduled', 'dataset_consumes_1_never_scheduled', 'dataset_consumes_1_and_2', 'dataset_produces_2' retrieved from /home/airflow/.local/lib/python3.8/site-packages/airflow/example_dags/example_datasets.py
[2024-03-31T06:09:35.700+0000] {logging_mixin.py:188} INFO - [2024-03-31T06:09:35.700+0000] {dag.py:3047} INFO - Sync 6 DAGs
[2024-03-31T06:09:35.732+0000] {logging_mixin.py:188} INFO - [2024-03-31T06:09:35.732+0000] {dag.py:3834} INFO - Setting next_dagrun for dataset_consumes_1 to None, run_after=None
[2024-03-31T06:09:35.739+0000] {logging_mixin.py:188} INFO - [2024-03-31T06:09:35.739+0000] {dag.py:3834} INFO - Setting next_dagrun for dataset_consumes_1_and_2 to None, run_after=None
[2024-03-31T06:09:35.740+0000] {logging_mixin.py:188} INFO - [2024-03-31T06:09:35.740+0000] {dag.py:3834} INFO - Setting next_dagrun for dataset_consumes_1_never_scheduled to None, run_after=None
[2024-03-31T06:09:35.744+0000] {logging_mixin.py:188} INFO - [2024-03-31T06:09:35.744+0000] {dag.py:3834} INFO - Setting next_dagrun for dataset_consumes_unknown_never_scheduled to None, run_after=None
[2024-03-31T06:09:35.749+0000] {logging_mixin.py:188} INFO - [2024-03-31T06:09:35.749+0000] {dag.py:3834} INFO - Setting next_dagrun for dataset_produces_1 to 2024-03-30 00:00:00+00:00, run_after=2024-03-31 00:00:00+00:00
[2024-03-31T06:09:35.752+0000] {logging_mixin.py:188} INFO - [2024-03-31T06:09:35.751+0000] {dag.py:3834} INFO - Setting next_dagrun for dataset_produces_2 to None, run_after=None
[2024-03-31T06:09:35.814+0000] {processor.py:183} INFO - Processing /home/airflow/.local/lib/python3.8/site-packages/airflow/example_dags/example_datasets.py took 0.176 seconds
[2024-03-31T06:10:06.043+0000] {processor.py:161} INFO - Started process (PID=1144) to work on /home/airflow/.local/lib/python3.8/site-packages/airflow/example_dags/example_datasets.py
[2024-03-31T06:10:06.044+0000] {processor.py:830} INFO - Processing file /home/airflow/.local/lib/python3.8/site-packages/airflow/example_dags/example_datasets.py for tasks to queue
[2024-03-31T06:10:06.045+0000] {logging_mixin.py:188} INFO - [2024-03-31T06:10:06.045+0000] {dagbag.py:540} INFO - Filling up the DagBag from /home/airflow/.local/lib/python3.8/site-packages/airflow/example_dags/example_datasets.py
[2024-03-31T06:10:06.053+0000] {processor.py:840} INFO - DAG(s) 'dataset_consumes_1_never_scheduled', 'dataset_produces_1', 'dataset_produces_2', 'dataset_consumes_1', 'dataset_consumes_unknown_never_scheduled', 'dataset_consumes_1_and_2' retrieved from /home/airflow/.local/lib/python3.8/site-packages/airflow/example_dags/example_datasets.py
[2024-03-31T06:10:06.090+0000] {logging_mixin.py:188} INFO - [2024-03-31T06:10:06.090+0000] {dag.py:3047} INFO - Sync 6 DAGs
[2024-03-31T06:10:06.118+0000] {logging_mixin.py:188} INFO - [2024-03-31T06:10:06.118+0000] {dag.py:3834} INFO - Setting next_dagrun for dataset_consumes_1 to None, run_after=None
[2024-03-31T06:10:06.122+0000] {logging_mixin.py:188} INFO - [2024-03-31T06:10:06.122+0000] {dag.py:3834} INFO - Setting next_dagrun for dataset_consumes_1_and_2 to None, run_after=None
[2024-03-31T06:10:06.127+0000] {logging_mixin.py:188} INFO - [2024-03-31T06:10:06.126+0000] {dag.py:3834} INFO - Setting next_dagrun for dataset_consumes_1_never_scheduled to None, run_after=None
[2024-03-31T06:10:06.131+0000] {logging_mixin.py:188} INFO - [2024-03-31T06:10:06.131+0000] {dag.py:3834} INFO - Setting next_dagrun for dataset_consumes_unknown_never_scheduled to None, run_after=None
[2024-03-31T06:10:06.134+0000] {logging_mixin.py:188} INFO - [2024-03-31T06:10:06.134+0000] {dag.py:3834} INFO - Setting next_dagrun for dataset_produces_1 to 2024-03-30 00:00:00+00:00, run_after=2024-03-31 00:00:00+00:00
[2024-03-31T06:10:06.136+0000] {logging_mixin.py:188} INFO - [2024-03-31T06:10:06.136+0000] {dag.py:3834} INFO - Setting next_dagrun for dataset_produces_2 to None, run_after=None
[2024-03-31T06:10:06.171+0000] {processor.py:183} INFO - Processing /home/airflow/.local/lib/python3.8/site-packages/airflow/example_dags/example_datasets.py took 0.133 seconds
[2024-03-31T06:10:36.402+0000] {processor.py:161} INFO - Started process (PID=1200) to work on /home/airflow/.local/lib/python3.8/site-packages/airflow/example_dags/example_datasets.py
[2024-03-31T06:10:36.403+0000] {processor.py:830} INFO - Processing file /home/airflow/.local/lib/python3.8/site-packages/airflow/example_dags/example_datasets.py for tasks to queue
[2024-03-31T06:10:36.404+0000] {logging_mixin.py:188} INFO - [2024-03-31T06:10:36.404+0000] {dagbag.py:540} INFO - Filling up the DagBag from /home/airflow/.local/lib/python3.8/site-packages/airflow/example_dags/example_datasets.py
[2024-03-31T06:10:36.415+0000] {processor.py:840} INFO - DAG(s) 'dataset_consumes_1', 'dataset_produces_1', 'dataset_consumes_1_and_2', 'dataset_produces_2', 'dataset_consumes_1_never_scheduled', 'dataset_consumes_unknown_never_scheduled' retrieved from /home/airflow/.local/lib/python3.8/site-packages/airflow/example_dags/example_datasets.py
[2024-03-31T06:10:36.470+0000] {logging_mixin.py:188} INFO - [2024-03-31T06:10:36.469+0000] {dag.py:3047} INFO - Sync 6 DAGs
[2024-03-31T06:10:36.497+0000] {logging_mixin.py:188} INFO - [2024-03-31T06:10:36.497+0000] {dag.py:3834} INFO - Setting next_dagrun for dataset_consumes_1 to None, run_after=None
[2024-03-31T06:10:36.501+0000] {logging_mixin.py:188} INFO - [2024-03-31T06:10:36.501+0000] {dag.py:3834} INFO - Setting next_dagrun for dataset_consumes_1_and_2 to None, run_after=None
[2024-03-31T06:10:36.503+0000] {logging_mixin.py:188} INFO - [2024-03-31T06:10:36.503+0000] {dag.py:3834} INFO - Setting next_dagrun for dataset_consumes_1_never_scheduled to None, run_after=None
[2024-03-31T06:10:36.505+0000] {logging_mixin.py:188} INFO - [2024-03-31T06:10:36.504+0000] {dag.py:3834} INFO - Setting next_dagrun for dataset_consumes_unknown_never_scheduled to None, run_after=None
[2024-03-31T06:10:36.511+0000] {logging_mixin.py:188} INFO - [2024-03-31T06:10:36.510+0000] {dag.py:3834} INFO - Setting next_dagrun for dataset_produces_1 to 2024-03-30 00:00:00+00:00, run_after=2024-03-31 00:00:00+00:00
[2024-03-31T06:10:36.514+0000] {logging_mixin.py:188} INFO - [2024-03-31T06:10:36.514+0000] {dag.py:3834} INFO - Setting next_dagrun for dataset_produces_2 to None, run_after=None
[2024-03-31T06:10:36.554+0000] {processor.py:183} INFO - Processing /home/airflow/.local/lib/python3.8/site-packages/airflow/example_dags/example_datasets.py took 0.155 seconds
[2024-03-31T06:11:06.871+0000] {processor.py:161} INFO - Started process (PID=1256) to work on /home/airflow/.local/lib/python3.8/site-packages/airflow/example_dags/example_datasets.py
[2024-03-31T06:11:06.873+0000] {processor.py:830} INFO - Processing file /home/airflow/.local/lib/python3.8/site-packages/airflow/example_dags/example_datasets.py for tasks to queue
[2024-03-31T06:11:06.880+0000] {logging_mixin.py:188} INFO - [2024-03-31T06:11:06.880+0000] {dagbag.py:540} INFO - Filling up the DagBag from /home/airflow/.local/lib/python3.8/site-packages/airflow/example_dags/example_datasets.py
[2024-03-31T06:11:06.889+0000] {processor.py:840} INFO - DAG(s) 'dataset_produces_1', 'dataset_consumes_1', 'dataset_consumes_1_never_scheduled', 'dataset_produces_2', 'dataset_consumes_unknown_never_scheduled', 'dataset_consumes_1_and_2' retrieved from /home/airflow/.local/lib/python3.8/site-packages/airflow/example_dags/example_datasets.py
[2024-03-31T06:11:06.944+0000] {logging_mixin.py:188} INFO - [2024-03-31T06:11:06.944+0000] {dag.py:3047} INFO - Sync 6 DAGs
[2024-03-31T06:11:06.977+0000] {logging_mixin.py:188} INFO - [2024-03-31T06:11:06.976+0000] {dag.py:3834} INFO - Setting next_dagrun for dataset_consumes_1 to None, run_after=None
[2024-03-31T06:11:06.982+0000] {logging_mixin.py:188} INFO - [2024-03-31T06:11:06.982+0000] {dag.py:3834} INFO - Setting next_dagrun for dataset_consumes_1_and_2 to None, run_after=None
[2024-03-31T06:11:06.984+0000] {logging_mixin.py:188} INFO - [2024-03-31T06:11:06.984+0000] {dag.py:3834} INFO - Setting next_dagrun for dataset_consumes_1_never_scheduled to None, run_after=None
[2024-03-31T06:11:06.986+0000] {logging_mixin.py:188} INFO - [2024-03-31T06:11:06.985+0000] {dag.py:3834} INFO - Setting next_dagrun for dataset_consumes_unknown_never_scheduled to None, run_after=None
[2024-03-31T06:11:06.993+0000] {logging_mixin.py:188} INFO - [2024-03-31T06:11:06.993+0000] {dag.py:3834} INFO - Setting next_dagrun for dataset_produces_1 to 2024-03-30 00:00:00+00:00, run_after=2024-03-31 00:00:00+00:00
[2024-03-31T06:11:06.996+0000] {logging_mixin.py:188} INFO - [2024-03-31T06:11:06.996+0000] {dag.py:3834} INFO - Setting next_dagrun for dataset_produces_2 to None, run_after=None
[2024-03-31T06:11:07.046+0000] {processor.py:183} INFO - Processing /home/airflow/.local/lib/python3.8/site-packages/airflow/example_dags/example_datasets.py took 0.177 seconds
[2024-03-31T06:11:37.684+0000] {processor.py:161} INFO - Started process (PID=1312) to work on /home/airflow/.local/lib/python3.8/site-packages/airflow/example_dags/example_datasets.py
[2024-03-31T06:11:37.685+0000] {processor.py:830} INFO - Processing file /home/airflow/.local/lib/python3.8/site-packages/airflow/example_dags/example_datasets.py for tasks to queue
[2024-03-31T06:11:37.686+0000] {logging_mixin.py:188} INFO - [2024-03-31T06:11:37.686+0000] {dagbag.py:540} INFO - Filling up the DagBag from /home/airflow/.local/lib/python3.8/site-packages/airflow/example_dags/example_datasets.py
[2024-03-31T06:11:37.697+0000] {processor.py:840} INFO - DAG(s) 'dataset_produces_1', 'dataset_consumes_unknown_never_scheduled', 'dataset_consumes_1', 'dataset_consumes_1_and_2', 'dataset_produces_2', 'dataset_consumes_1_never_scheduled' retrieved from /home/airflow/.local/lib/python3.8/site-packages/airflow/example_dags/example_datasets.py
[2024-03-31T06:11:37.737+0000] {logging_mixin.py:188} INFO - [2024-03-31T06:11:37.737+0000] {dag.py:3047} INFO - Sync 6 DAGs
[2024-03-31T06:11:37.774+0000] {logging_mixin.py:188} INFO - [2024-03-31T06:11:37.773+0000] {dag.py:3834} INFO - Setting next_dagrun for dataset_consumes_1 to None, run_after=None
[2024-03-31T06:11:37.781+0000] {logging_mixin.py:188} INFO - [2024-03-31T06:11:37.780+0000] {dag.py:3834} INFO - Setting next_dagrun for dataset_consumes_1_and_2 to None, run_after=None
[2024-03-31T06:11:37.783+0000] {logging_mixin.py:188} INFO - [2024-03-31T06:11:37.783+0000] {dag.py:3834} INFO - Setting next_dagrun for dataset_consumes_1_never_scheduled to None, run_after=None
[2024-03-31T06:11:37.785+0000] {logging_mixin.py:188} INFO - [2024-03-31T06:11:37.784+0000] {dag.py:3834} INFO - Setting next_dagrun for dataset_consumes_unknown_never_scheduled to None, run_after=None
[2024-03-31T06:11:37.797+0000] {logging_mixin.py:188} INFO - [2024-03-31T06:11:37.796+0000] {dag.py:3834} INFO - Setting next_dagrun for dataset_produces_1 to 2024-03-30 00:00:00+00:00, run_after=2024-03-31 00:00:00+00:00
[2024-03-31T06:11:37.800+0000] {logging_mixin.py:188} INFO - [2024-03-31T06:11:37.800+0000] {dag.py:3834} INFO - Setting next_dagrun for dataset_produces_2 to None, run_after=None
[2024-03-31T06:11:37.867+0000] {processor.py:183} INFO - Processing /home/airflow/.local/lib/python3.8/site-packages/airflow/example_dags/example_datasets.py took 0.185 seconds
[2024-03-31T06:12:07.904+0000] {processor.py:161} INFO - Started process (PID=1368) to work on /home/airflow/.local/lib/python3.8/site-packages/airflow/example_dags/example_datasets.py
[2024-03-31T06:12:07.904+0000] {processor.py:830} INFO - Processing file /home/airflow/.local/lib/python3.8/site-packages/airflow/example_dags/example_datasets.py for tasks to queue
[2024-03-31T06:12:07.910+0000] {logging_mixin.py:188} INFO - [2024-03-31T06:12:07.909+0000] {dagbag.py:540} INFO - Filling up the DagBag from /home/airflow/.local/lib/python3.8/site-packages/airflow/example_dags/example_datasets.py
[2024-03-31T06:12:07.919+0000] {processor.py:840} INFO - DAG(s) 'dataset_consumes_unknown_never_scheduled', 'dataset_produces_2', 'dataset_consumes_1_and_2', 'dataset_consumes_1_never_scheduled', 'dataset_consumes_1', 'dataset_produces_1' retrieved from /home/airflow/.local/lib/python3.8/site-packages/airflow/example_dags/example_datasets.py
[2024-03-31T06:12:07.966+0000] {logging_mixin.py:188} INFO - [2024-03-31T06:12:07.965+0000] {dag.py:3047} INFO - Sync 6 DAGs
[2024-03-31T06:12:07.996+0000] {logging_mixin.py:188} INFO - [2024-03-31T06:12:07.996+0000] {dag.py:3834} INFO - Setting next_dagrun for dataset_consumes_1 to None, run_after=None
[2024-03-31T06:12:08.001+0000] {logging_mixin.py:188} INFO - [2024-03-31T06:12:08.000+0000] {dag.py:3834} INFO - Setting next_dagrun for dataset_consumes_1_and_2 to None, run_after=None
[2024-03-31T06:12:08.004+0000] {logging_mixin.py:188} INFO - [2024-03-31T06:12:08.003+0000] {dag.py:3834} INFO - Setting next_dagrun for dataset_consumes_1_never_scheduled to None, run_after=None
[2024-03-31T06:12:08.010+0000] {logging_mixin.py:188} INFO - [2024-03-31T06:12:08.010+0000] {dag.py:3834} INFO - Setting next_dagrun for dataset_consumes_unknown_never_scheduled to None, run_after=None
[2024-03-31T06:12:08.014+0000] {logging_mixin.py:188} INFO - [2024-03-31T06:12:08.013+0000] {dag.py:3834} INFO - Setting next_dagrun for dataset_produces_1 to 2024-03-30 00:00:00+00:00, run_after=2024-03-31 00:00:00+00:00
[2024-03-31T06:12:08.016+0000] {logging_mixin.py:188} INFO - [2024-03-31T06:12:08.016+0000] {dag.py:3834} INFO - Setting next_dagrun for dataset_produces_2 to None, run_after=None
[2024-03-31T06:12:08.069+0000] {processor.py:183} INFO - Processing /home/airflow/.local/lib/python3.8/site-packages/airflow/example_dags/example_datasets.py took 0.168 seconds
[2024-03-31T06:12:38.628+0000] {processor.py:161} INFO - Started process (PID=1424) to work on /home/airflow/.local/lib/python3.8/site-packages/airflow/example_dags/example_datasets.py
[2024-03-31T06:12:38.630+0000] {processor.py:830} INFO - Processing file /home/airflow/.local/lib/python3.8/site-packages/airflow/example_dags/example_datasets.py for tasks to queue
[2024-03-31T06:12:38.633+0000] {logging_mixin.py:188} INFO - [2024-03-31T06:12:38.633+0000] {dagbag.py:540} INFO - Filling up the DagBag from /home/airflow/.local/lib/python3.8/site-packages/airflow/example_dags/example_datasets.py
[2024-03-31T06:12:38.682+0000] {processor.py:840} INFO - DAG(s) 'dataset_produces_1', 'dataset_consumes_unknown_never_scheduled', 'dataset_consumes_1_never_scheduled', 'dataset_consumes_1_and_2', 'dataset_produces_2', 'dataset_consumes_1' retrieved from /home/airflow/.local/lib/python3.8/site-packages/airflow/example_dags/example_datasets.py
[2024-03-31T06:12:38.883+0000] {logging_mixin.py:188} INFO - [2024-03-31T06:12:38.882+0000] {dag.py:3047} INFO - Sync 6 DAGs
[2024-03-31T06:12:38.953+0000] {logging_mixin.py:188} INFO - [2024-03-31T06:12:38.953+0000] {dag.py:3834} INFO - Setting next_dagrun for dataset_consumes_1 to None, run_after=None
[2024-03-31T06:12:38.961+0000] {logging_mixin.py:188} INFO - [2024-03-31T06:12:38.961+0000] {dag.py:3834} INFO - Setting next_dagrun for dataset_consumes_1_and_2 to None, run_after=None
[2024-03-31T06:12:38.967+0000] {logging_mixin.py:188} INFO - [2024-03-31T06:12:38.967+0000] {dag.py:3834} INFO - Setting next_dagrun for dataset_consumes_1_never_scheduled to None, run_after=None
[2024-03-31T06:12:38.969+0000] {logging_mixin.py:188} INFO - [2024-03-31T06:12:38.969+0000] {dag.py:3834} INFO - Setting next_dagrun for dataset_consumes_unknown_never_scheduled to None, run_after=None
[2024-03-31T06:12:38.976+0000] {logging_mixin.py:188} INFO - [2024-03-31T06:12:38.972+0000] {dag.py:3834} INFO - Setting next_dagrun for dataset_produces_1 to 2024-03-30 00:00:00+00:00, run_after=2024-03-31 00:00:00+00:00
[2024-03-31T06:12:38.978+0000] {logging_mixin.py:188} INFO - [2024-03-31T06:12:38.978+0000] {dag.py:3834} INFO - Setting next_dagrun for dataset_produces_2 to None, run_after=None
[2024-03-31T06:12:39.076+0000] {processor.py:183} INFO - Processing /home/airflow/.local/lib/python3.8/site-packages/airflow/example_dags/example_datasets.py took 0.454 seconds
[2024-03-31T06:13:46.909+0000] {processor.py:161} INFO - Started process (PID=74) to work on /home/airflow/.local/lib/python3.8/site-packages/airflow/example_dags/example_datasets.py
[2024-03-31T06:13:46.920+0000] {processor.py:830} INFO - Processing file /home/airflow/.local/lib/python3.8/site-packages/airflow/example_dags/example_datasets.py for tasks to queue
[2024-03-31T06:13:46.927+0000] {logging_mixin.py:188} INFO - [2024-03-31T06:13:46.926+0000] {dagbag.py:540} INFO - Filling up the DagBag from /home/airflow/.local/lib/python3.8/site-packages/airflow/example_dags/example_datasets.py
[2024-03-31T06:13:46.972+0000] {processor.py:840} INFO - DAG(s) 'dataset_consumes_1_never_scheduled', 'dataset_consumes_unknown_never_scheduled', 'dataset_consumes_1_and_2', 'dataset_produces_1', 'dataset_produces_2', 'dataset_consumes_1' retrieved from /home/airflow/.local/lib/python3.8/site-packages/airflow/example_dags/example_datasets.py
[2024-03-31T06:13:47.021+0000] {logging_mixin.py:188} INFO - [2024-03-31T06:13:47.020+0000] {dag.py:3047} INFO - Sync 6 DAGs
[2024-03-31T06:13:47.123+0000] {logging_mixin.py:188} INFO - [2024-03-31T06:13:47.122+0000] {dag.py:3834} INFO - Setting next_dagrun for dataset_consumes_1 to None, run_after=None
[2024-03-31T06:13:47.132+0000] {logging_mixin.py:188} INFO - [2024-03-31T06:13:47.129+0000] {dag.py:3834} INFO - Setting next_dagrun for dataset_consumes_1_and_2 to None, run_after=None
[2024-03-31T06:13:47.138+0000] {logging_mixin.py:188} INFO - [2024-03-31T06:13:47.138+0000] {dag.py:3834} INFO - Setting next_dagrun for dataset_consumes_1_never_scheduled to None, run_after=None
[2024-03-31T06:13:47.145+0000] {logging_mixin.py:188} INFO - [2024-03-31T06:13:47.145+0000] {dag.py:3834} INFO - Setting next_dagrun for dataset_consumes_unknown_never_scheduled to None, run_after=None
[2024-03-31T06:13:47.168+0000] {logging_mixin.py:188} INFO - [2024-03-31T06:13:47.167+0000] {dag.py:3834} INFO - Setting next_dagrun for dataset_produces_1 to 2024-03-30 00:00:00+00:00, run_after=2024-03-31 00:00:00+00:00
[2024-03-31T06:13:47.179+0000] {logging_mixin.py:188} INFO - [2024-03-31T06:13:47.179+0000] {dag.py:3834} INFO - Setting next_dagrun for dataset_produces_2 to None, run_after=None
[2024-03-31T06:13:47.287+0000] {processor.py:183} INFO - Processing /home/airflow/.local/lib/python3.8/site-packages/airflow/example_dags/example_datasets.py took 0.392 seconds
