[2024-03-31T06:00:20.419+0000] {processor.py:161} INFO - Started process (PID=68) to work on /home/airflow/.local/lib/python3.8/site-packages/airflow/example_dags/example_task_group.py
[2024-03-31T06:00:20.430+0000] {processor.py:830} INFO - Processing file /home/airflow/.local/lib/python3.8/site-packages/airflow/example_dags/example_task_group.py for tasks to queue
[2024-03-31T06:00:20.432+0000] {logging_mixin.py:188} INFO - [2024-03-31T06:00:20.432+0000] {dagbag.py:540} INFO - Filling up the DagBag from /home/airflow/.local/lib/python3.8/site-packages/airflow/example_dags/example_task_group.py
[2024-03-31T06:00:20.464+0000] {processor.py:840} INFO - DAG(s) 'example_task_group' retrieved from /home/airflow/.local/lib/python3.8/site-packages/airflow/example_dags/example_task_group.py
[2024-03-31T06:00:20.926+0000] {logging_mixin.py:188} INFO - [2024-03-31T06:00:20.926+0000] {dag.py:3047} INFO - Sync 1 DAGs
[2024-03-31T06:00:20.986+0000] {logging_mixin.py:188} INFO - [2024-03-31T06:00:20.985+0000] {dag.py:3834} INFO - Setting next_dagrun for example_task_group to 2024-03-30 00:00:00+00:00, run_after=2024-03-31 00:00:00+00:00
[2024-03-31T06:00:21.067+0000] {processor.py:183} INFO - Processing /home/airflow/.local/lib/python3.8/site-packages/airflow/example_dags/example_task_group.py took 0.676 seconds
[2024-03-31T06:00:51.636+0000] {processor.py:161} INFO - Started process (PID=123) to work on /home/airflow/.local/lib/python3.8/site-packages/airflow/example_dags/example_task_group.py
[2024-03-31T06:00:51.637+0000] {processor.py:830} INFO - Processing file /home/airflow/.local/lib/python3.8/site-packages/airflow/example_dags/example_task_group.py for tasks to queue
[2024-03-31T06:00:51.638+0000] {logging_mixin.py:188} INFO - [2024-03-31T06:00:51.638+0000] {dagbag.py:540} INFO - Filling up the DagBag from /home/airflow/.local/lib/python3.8/site-packages/airflow/example_dags/example_task_group.py
[2024-03-31T06:00:51.653+0000] {processor.py:840} INFO - DAG(s) 'example_task_group' retrieved from /home/airflow/.local/lib/python3.8/site-packages/airflow/example_dags/example_task_group.py
[2024-03-31T06:00:51.710+0000] {logging_mixin.py:188} INFO - [2024-03-31T06:00:51.709+0000] {dag.py:3047} INFO - Sync 1 DAGs
[2024-03-31T06:00:51.795+0000] {logging_mixin.py:188} INFO - [2024-03-31T06:00:51.794+0000] {dag.py:3834} INFO - Setting next_dagrun for example_task_group to 2024-03-30 00:00:00+00:00, run_after=2024-03-31 00:00:00+00:00
[2024-03-31T06:00:51.873+0000] {processor.py:183} INFO - Processing /home/airflow/.local/lib/python3.8/site-packages/airflow/example_dags/example_task_group.py took 0.244 seconds
[2024-03-31T06:01:22.072+0000] {processor.py:161} INFO - Started process (PID=179) to work on /home/airflow/.local/lib/python3.8/site-packages/airflow/example_dags/example_task_group.py
[2024-03-31T06:01:22.074+0000] {processor.py:830} INFO - Processing file /home/airflow/.local/lib/python3.8/site-packages/airflow/example_dags/example_task_group.py for tasks to queue
[2024-03-31T06:01:22.078+0000] {logging_mixin.py:188} INFO - [2024-03-31T06:01:22.078+0000] {dagbag.py:540} INFO - Filling up the DagBag from /home/airflow/.local/lib/python3.8/site-packages/airflow/example_dags/example_task_group.py
[2024-03-31T06:01:22.095+0000] {processor.py:840} INFO - DAG(s) 'example_task_group' retrieved from /home/airflow/.local/lib/python3.8/site-packages/airflow/example_dags/example_task_group.py
[2024-03-31T06:01:22.114+0000] {logging_mixin.py:188} INFO - [2024-03-31T06:01:22.113+0000] {dag.py:3047} INFO - Sync 1 DAGs
[2024-03-31T06:01:22.167+0000] {logging_mixin.py:188} INFO - [2024-03-31T06:01:22.166+0000] {dag.py:3834} INFO - Setting next_dagrun for example_task_group to 2024-03-30 00:00:00+00:00, run_after=2024-03-31 00:00:00+00:00
[2024-03-31T06:01:22.243+0000] {processor.py:183} INFO - Processing /home/airflow/.local/lib/python3.8/site-packages/airflow/example_dags/example_task_group.py took 0.180 seconds
[2024-03-31T06:01:53.041+0000] {processor.py:161} INFO - Started process (PID=235) to work on /home/airflow/.local/lib/python3.8/site-packages/airflow/example_dags/example_task_group.py
[2024-03-31T06:01:53.042+0000] {processor.py:830} INFO - Processing file /home/airflow/.local/lib/python3.8/site-packages/airflow/example_dags/example_task_group.py for tasks to queue
[2024-03-31T06:01:53.044+0000] {logging_mixin.py:188} INFO - [2024-03-31T06:01:53.044+0000] {dagbag.py:540} INFO - Filling up the DagBag from /home/airflow/.local/lib/python3.8/site-packages/airflow/example_dags/example_task_group.py
[2024-03-31T06:01:53.052+0000] {processor.py:840} INFO - DAG(s) 'example_task_group' retrieved from /home/airflow/.local/lib/python3.8/site-packages/airflow/example_dags/example_task_group.py
[2024-03-31T06:01:53.079+0000] {logging_mixin.py:188} INFO - [2024-03-31T06:01:53.079+0000] {dag.py:3047} INFO - Sync 1 DAGs
[2024-03-31T06:01:53.174+0000] {logging_mixin.py:188} INFO - [2024-03-31T06:01:53.163+0000] {dag.py:3834} INFO - Setting next_dagrun for example_task_group to 2024-03-30 00:00:00+00:00, run_after=2024-03-31 00:00:00+00:00
[2024-03-31T06:01:53.255+0000] {processor.py:183} INFO - Processing /home/airflow/.local/lib/python3.8/site-packages/airflow/example_dags/example_task_group.py took 0.216 seconds
[2024-03-31T06:02:23.488+0000] {processor.py:161} INFO - Started process (PID=291) to work on /home/airflow/.local/lib/python3.8/site-packages/airflow/example_dags/example_task_group.py
[2024-03-31T06:02:23.489+0000] {processor.py:830} INFO - Processing file /home/airflow/.local/lib/python3.8/site-packages/airflow/example_dags/example_task_group.py for tasks to queue
[2024-03-31T06:02:23.492+0000] {logging_mixin.py:188} INFO - [2024-03-31T06:02:23.492+0000] {dagbag.py:540} INFO - Filling up the DagBag from /home/airflow/.local/lib/python3.8/site-packages/airflow/example_dags/example_task_group.py
[2024-03-31T06:02:23.507+0000] {processor.py:840} INFO - DAG(s) 'example_task_group' retrieved from /home/airflow/.local/lib/python3.8/site-packages/airflow/example_dags/example_task_group.py
[2024-03-31T06:02:23.524+0000] {logging_mixin.py:188} INFO - [2024-03-31T06:02:23.524+0000] {dag.py:3047} INFO - Sync 1 DAGs
[2024-03-31T06:02:23.569+0000] {logging_mixin.py:188} INFO - [2024-03-31T06:02:23.569+0000] {dag.py:3834} INFO - Setting next_dagrun for example_task_group to 2024-03-30 00:00:00+00:00, run_after=2024-03-31 00:00:00+00:00
[2024-03-31T06:02:23.620+0000] {processor.py:183} INFO - Processing /home/airflow/.local/lib/python3.8/site-packages/airflow/example_dags/example_task_group.py took 0.136 seconds
[2024-03-31T06:02:54.022+0000] {processor.py:161} INFO - Started process (PID=347) to work on /home/airflow/.local/lib/python3.8/site-packages/airflow/example_dags/example_task_group.py
[2024-03-31T06:02:54.023+0000] {processor.py:830} INFO - Processing file /home/airflow/.local/lib/python3.8/site-packages/airflow/example_dags/example_task_group.py for tasks to queue
[2024-03-31T06:02:54.028+0000] {logging_mixin.py:188} INFO - [2024-03-31T06:02:54.027+0000] {dagbag.py:540} INFO - Filling up the DagBag from /home/airflow/.local/lib/python3.8/site-packages/airflow/example_dags/example_task_group.py
[2024-03-31T06:02:54.044+0000] {processor.py:840} INFO - DAG(s) 'example_task_group' retrieved from /home/airflow/.local/lib/python3.8/site-packages/airflow/example_dags/example_task_group.py
[2024-03-31T06:02:54.155+0000] {logging_mixin.py:188} INFO - [2024-03-31T06:02:54.155+0000] {dag.py:3047} INFO - Sync 1 DAGs
[2024-03-31T06:02:54.174+0000] {logging_mixin.py:188} INFO - [2024-03-31T06:02:54.174+0000] {dag.py:3834} INFO - Setting next_dagrun for example_task_group to 2024-03-30 00:00:00+00:00, run_after=2024-03-31 00:00:00+00:00
[2024-03-31T06:02:54.194+0000] {processor.py:183} INFO - Processing /home/airflow/.local/lib/python3.8/site-packages/airflow/example_dags/example_task_group.py took 0.178 seconds
[2024-03-31T06:03:24.637+0000] {processor.py:161} INFO - Started process (PID=403) to work on /home/airflow/.local/lib/python3.8/site-packages/airflow/example_dags/example_task_group.py
[2024-03-31T06:03:24.638+0000] {processor.py:830} INFO - Processing file /home/airflow/.local/lib/python3.8/site-packages/airflow/example_dags/example_task_group.py for tasks to queue
[2024-03-31T06:03:24.640+0000] {logging_mixin.py:188} INFO - [2024-03-31T06:03:24.639+0000] {dagbag.py:540} INFO - Filling up the DagBag from /home/airflow/.local/lib/python3.8/site-packages/airflow/example_dags/example_task_group.py
[2024-03-31T06:03:24.649+0000] {processor.py:840} INFO - DAG(s) 'example_task_group' retrieved from /home/airflow/.local/lib/python3.8/site-packages/airflow/example_dags/example_task_group.py
[2024-03-31T06:03:24.675+0000] {logging_mixin.py:188} INFO - [2024-03-31T06:03:24.674+0000] {dag.py:3047} INFO - Sync 1 DAGs
[2024-03-31T06:03:24.701+0000] {logging_mixin.py:188} INFO - [2024-03-31T06:03:24.701+0000] {dag.py:3834} INFO - Setting next_dagrun for example_task_group to 2024-03-30 00:00:00+00:00, run_after=2024-03-31 00:00:00+00:00
[2024-03-31T06:03:24.726+0000] {processor.py:183} INFO - Processing /home/airflow/.local/lib/python3.8/site-packages/airflow/example_dags/example_task_group.py took 0.091 seconds
[2024-03-31T06:03:55.671+0000] {processor.py:161} INFO - Started process (PID=459) to work on /home/airflow/.local/lib/python3.8/site-packages/airflow/example_dags/example_task_group.py
[2024-03-31T06:03:55.673+0000] {processor.py:830} INFO - Processing file /home/airflow/.local/lib/python3.8/site-packages/airflow/example_dags/example_task_group.py for tasks to queue
[2024-03-31T06:03:55.675+0000] {logging_mixin.py:188} INFO - [2024-03-31T06:03:55.674+0000] {dagbag.py:540} INFO - Filling up the DagBag from /home/airflow/.local/lib/python3.8/site-packages/airflow/example_dags/example_task_group.py
[2024-03-31T06:03:55.684+0000] {processor.py:840} INFO - DAG(s) 'example_task_group' retrieved from /home/airflow/.local/lib/python3.8/site-packages/airflow/example_dags/example_task_group.py
[2024-03-31T06:03:55.716+0000] {logging_mixin.py:188} INFO - [2024-03-31T06:03:55.716+0000] {dag.py:3047} INFO - Sync 1 DAGs
[2024-03-31T06:03:55.776+0000] {logging_mixin.py:188} INFO - [2024-03-31T06:03:55.776+0000] {dag.py:3834} INFO - Setting next_dagrun for example_task_group to 2024-03-30 00:00:00+00:00, run_after=2024-03-31 00:00:00+00:00
[2024-03-31T06:03:55.803+0000] {processor.py:183} INFO - Processing /home/airflow/.local/lib/python3.8/site-packages/airflow/example_dags/example_task_group.py took 0.134 seconds
[2024-03-31T06:04:25.959+0000] {processor.py:161} INFO - Started process (PID=515) to work on /home/airflow/.local/lib/python3.8/site-packages/airflow/example_dags/example_task_group.py
[2024-03-31T06:04:25.959+0000] {processor.py:830} INFO - Processing file /home/airflow/.local/lib/python3.8/site-packages/airflow/example_dags/example_task_group.py for tasks to queue
[2024-03-31T06:04:25.961+0000] {logging_mixin.py:188} INFO - [2024-03-31T06:04:25.961+0000] {dagbag.py:540} INFO - Filling up the DagBag from /home/airflow/.local/lib/python3.8/site-packages/airflow/example_dags/example_task_group.py
[2024-03-31T06:04:25.969+0000] {processor.py:840} INFO - DAG(s) 'example_task_group' retrieved from /home/airflow/.local/lib/python3.8/site-packages/airflow/example_dags/example_task_group.py
[2024-03-31T06:04:25.992+0000] {logging_mixin.py:188} INFO - [2024-03-31T06:04:25.991+0000] {dag.py:3047} INFO - Sync 1 DAGs
[2024-03-31T06:04:26.018+0000] {logging_mixin.py:188} INFO - [2024-03-31T06:04:26.018+0000] {dag.py:3834} INFO - Setting next_dagrun for example_task_group to 2024-03-30 00:00:00+00:00, run_after=2024-03-31 00:00:00+00:00
[2024-03-31T06:04:26.037+0000] {processor.py:183} INFO - Processing /home/airflow/.local/lib/python3.8/site-packages/airflow/example_dags/example_task_group.py took 0.081 seconds
[2024-03-31T06:04:56.648+0000] {processor.py:161} INFO - Started process (PID=571) to work on /home/airflow/.local/lib/python3.8/site-packages/airflow/example_dags/example_task_group.py
[2024-03-31T06:04:56.649+0000] {processor.py:830} INFO - Processing file /home/airflow/.local/lib/python3.8/site-packages/airflow/example_dags/example_task_group.py for tasks to queue
[2024-03-31T06:04:56.652+0000] {logging_mixin.py:188} INFO - [2024-03-31T06:04:56.652+0000] {dagbag.py:540} INFO - Filling up the DagBag from /home/airflow/.local/lib/python3.8/site-packages/airflow/example_dags/example_task_group.py
[2024-03-31T06:04:56.667+0000] {processor.py:840} INFO - DAG(s) 'example_task_group' retrieved from /home/airflow/.local/lib/python3.8/site-packages/airflow/example_dags/example_task_group.py
[2024-03-31T06:04:56.692+0000] {logging_mixin.py:188} INFO - [2024-03-31T06:04:56.691+0000] {dag.py:3047} INFO - Sync 1 DAGs
[2024-03-31T06:04:56.718+0000] {logging_mixin.py:188} INFO - [2024-03-31T06:04:56.718+0000] {dag.py:3834} INFO - Setting next_dagrun for example_task_group to 2024-03-30 00:00:00+00:00, run_after=2024-03-31 00:00:00+00:00
[2024-03-31T06:04:56.741+0000] {processor.py:183} INFO - Processing /home/airflow/.local/lib/python3.8/site-packages/airflow/example_dags/example_task_group.py took 0.099 seconds
[2024-03-31T06:05:27.120+0000] {processor.py:161} INFO - Started process (PID=627) to work on /home/airflow/.local/lib/python3.8/site-packages/airflow/example_dags/example_task_group.py
[2024-03-31T06:05:27.121+0000] {processor.py:830} INFO - Processing file /home/airflow/.local/lib/python3.8/site-packages/airflow/example_dags/example_task_group.py for tasks to queue
[2024-03-31T06:05:27.122+0000] {logging_mixin.py:188} INFO - [2024-03-31T06:05:27.122+0000] {dagbag.py:540} INFO - Filling up the DagBag from /home/airflow/.local/lib/python3.8/site-packages/airflow/example_dags/example_task_group.py
[2024-03-31T06:05:27.131+0000] {processor.py:840} INFO - DAG(s) 'example_task_group' retrieved from /home/airflow/.local/lib/python3.8/site-packages/airflow/example_dags/example_task_group.py
[2024-03-31T06:05:27.154+0000] {logging_mixin.py:188} INFO - [2024-03-31T06:05:27.154+0000] {dag.py:3047} INFO - Sync 1 DAGs
[2024-03-31T06:05:27.177+0000] {logging_mixin.py:188} INFO - [2024-03-31T06:05:27.176+0000] {dag.py:3834} INFO - Setting next_dagrun for example_task_group to 2024-03-30 00:00:00+00:00, run_after=2024-03-31 00:00:00+00:00
[2024-03-31T06:05:27.201+0000] {processor.py:183} INFO - Processing /home/airflow/.local/lib/python3.8/site-packages/airflow/example_dags/example_task_group.py took 0.084 seconds
[2024-03-31T06:05:57.996+0000] {processor.py:161} INFO - Started process (PID=683) to work on /home/airflow/.local/lib/python3.8/site-packages/airflow/example_dags/example_task_group.py
[2024-03-31T06:05:57.997+0000] {processor.py:830} INFO - Processing file /home/airflow/.local/lib/python3.8/site-packages/airflow/example_dags/example_task_group.py for tasks to queue
[2024-03-31T06:05:57.999+0000] {logging_mixin.py:188} INFO - [2024-03-31T06:05:57.999+0000] {dagbag.py:540} INFO - Filling up the DagBag from /home/airflow/.local/lib/python3.8/site-packages/airflow/example_dags/example_task_group.py
[2024-03-31T06:05:58.006+0000] {processor.py:840} INFO - DAG(s) 'example_task_group' retrieved from /home/airflow/.local/lib/python3.8/site-packages/airflow/example_dags/example_task_group.py
[2024-03-31T06:05:58.025+0000] {logging_mixin.py:188} INFO - [2024-03-31T06:05:58.025+0000] {dag.py:3047} INFO - Sync 1 DAGs
[2024-03-31T06:05:58.049+0000] {logging_mixin.py:188} INFO - [2024-03-31T06:05:58.048+0000] {dag.py:3834} INFO - Setting next_dagrun for example_task_group to 2024-03-30 00:00:00+00:00, run_after=2024-03-31 00:00:00+00:00
[2024-03-31T06:05:58.068+0000] {processor.py:183} INFO - Processing /home/airflow/.local/lib/python3.8/site-packages/airflow/example_dags/example_task_group.py took 0.075 seconds
[2024-03-31T06:06:28.237+0000] {processor.py:161} INFO - Started process (PID=739) to work on /home/airflow/.local/lib/python3.8/site-packages/airflow/example_dags/example_task_group.py
[2024-03-31T06:06:28.238+0000] {processor.py:830} INFO - Processing file /home/airflow/.local/lib/python3.8/site-packages/airflow/example_dags/example_task_group.py for tasks to queue
[2024-03-31T06:06:28.239+0000] {logging_mixin.py:188} INFO - [2024-03-31T06:06:28.239+0000] {dagbag.py:540} INFO - Filling up the DagBag from /home/airflow/.local/lib/python3.8/site-packages/airflow/example_dags/example_task_group.py
[2024-03-31T06:06:28.249+0000] {processor.py:840} INFO - DAG(s) 'example_task_group' retrieved from /home/airflow/.local/lib/python3.8/site-packages/airflow/example_dags/example_task_group.py
[2024-03-31T06:06:28.271+0000] {logging_mixin.py:188} INFO - [2024-03-31T06:06:28.271+0000] {dag.py:3047} INFO - Sync 1 DAGs
[2024-03-31T06:06:28.302+0000] {logging_mixin.py:188} INFO - [2024-03-31T06:06:28.301+0000] {dag.py:3834} INFO - Setting next_dagrun for example_task_group to 2024-03-30 00:00:00+00:00, run_after=2024-03-31 00:00:00+00:00
[2024-03-31T06:06:28.326+0000] {processor.py:183} INFO - Processing /home/airflow/.local/lib/python3.8/site-packages/airflow/example_dags/example_task_group.py took 0.092 seconds
[2024-03-31T06:06:59.213+0000] {processor.py:161} INFO - Started process (PID=795) to work on /home/airflow/.local/lib/python3.8/site-packages/airflow/example_dags/example_task_group.py
[2024-03-31T06:06:59.214+0000] {processor.py:830} INFO - Processing file /home/airflow/.local/lib/python3.8/site-packages/airflow/example_dags/example_task_group.py for tasks to queue
[2024-03-31T06:06:59.217+0000] {logging_mixin.py:188} INFO - [2024-03-31T06:06:59.216+0000] {dagbag.py:540} INFO - Filling up the DagBag from /home/airflow/.local/lib/python3.8/site-packages/airflow/example_dags/example_task_group.py
[2024-03-31T06:06:59.230+0000] {processor.py:840} INFO - DAG(s) 'example_task_group' retrieved from /home/airflow/.local/lib/python3.8/site-packages/airflow/example_dags/example_task_group.py
[2024-03-31T06:06:59.259+0000] {logging_mixin.py:188} INFO - [2024-03-31T06:06:59.258+0000] {dag.py:3047} INFO - Sync 1 DAGs
[2024-03-31T06:06:59.292+0000] {logging_mixin.py:188} INFO - [2024-03-31T06:06:59.291+0000] {dag.py:3834} INFO - Setting next_dagrun for example_task_group to 2024-03-30 00:00:00+00:00, run_after=2024-03-31 00:00:00+00:00
[2024-03-31T06:06:59.319+0000] {processor.py:183} INFO - Processing /home/airflow/.local/lib/python3.8/site-packages/airflow/example_dags/example_task_group.py took 0.110 seconds
[2024-03-31T06:07:29.632+0000] {processor.py:161} INFO - Started process (PID=852) to work on /home/airflow/.local/lib/python3.8/site-packages/airflow/example_dags/example_task_group.py
[2024-03-31T06:07:29.632+0000] {processor.py:830} INFO - Processing file /home/airflow/.local/lib/python3.8/site-packages/airflow/example_dags/example_task_group.py for tasks to queue
[2024-03-31T06:07:29.634+0000] {logging_mixin.py:188} INFO - [2024-03-31T06:07:29.634+0000] {dagbag.py:540} INFO - Filling up the DagBag from /home/airflow/.local/lib/python3.8/site-packages/airflow/example_dags/example_task_group.py
[2024-03-31T06:07:29.640+0000] {processor.py:840} INFO - DAG(s) 'example_task_group' retrieved from /home/airflow/.local/lib/python3.8/site-packages/airflow/example_dags/example_task_group.py
[2024-03-31T06:07:29.663+0000] {logging_mixin.py:188} INFO - [2024-03-31T06:07:29.663+0000] {dag.py:3047} INFO - Sync 1 DAGs
[2024-03-31T06:07:29.686+0000] {logging_mixin.py:188} INFO - [2024-03-31T06:07:29.686+0000] {dag.py:3834} INFO - Setting next_dagrun for example_task_group to 2024-03-30 00:00:00+00:00, run_after=2024-03-31 00:00:00+00:00
[2024-03-31T06:07:29.708+0000] {processor.py:183} INFO - Processing /home/airflow/.local/lib/python3.8/site-packages/airflow/example_dags/example_task_group.py took 0.079 seconds
[2024-03-31T06:07:59.824+0000] {processor.py:161} INFO - Started process (PID=908) to work on /home/airflow/.local/lib/python3.8/site-packages/airflow/example_dags/example_task_group.py
[2024-03-31T06:07:59.824+0000] {processor.py:830} INFO - Processing file /home/airflow/.local/lib/python3.8/site-packages/airflow/example_dags/example_task_group.py for tasks to queue
[2024-03-31T06:07:59.828+0000] {logging_mixin.py:188} INFO - [2024-03-31T06:07:59.827+0000] {dagbag.py:540} INFO - Filling up the DagBag from /home/airflow/.local/lib/python3.8/site-packages/airflow/example_dags/example_task_group.py
[2024-03-31T06:07:59.835+0000] {processor.py:840} INFO - DAG(s) 'example_task_group' retrieved from /home/airflow/.local/lib/python3.8/site-packages/airflow/example_dags/example_task_group.py
[2024-03-31T06:07:59.883+0000] {logging_mixin.py:188} INFO - [2024-03-31T06:07:59.882+0000] {dag.py:3047} INFO - Sync 1 DAGs
[2024-03-31T06:07:59.914+0000] {logging_mixin.py:188} INFO - [2024-03-31T06:07:59.914+0000] {dag.py:3834} INFO - Setting next_dagrun for example_task_group to 2024-03-30 00:00:00+00:00, run_after=2024-03-31 00:00:00+00:00
[2024-03-31T06:07:59.947+0000] {processor.py:183} INFO - Processing /home/airflow/.local/lib/python3.8/site-packages/airflow/example_dags/example_task_group.py took 0.126 seconds
[2024-03-31T06:08:30.009+0000] {processor.py:161} INFO - Started process (PID=964) to work on /home/airflow/.local/lib/python3.8/site-packages/airflow/example_dags/example_task_group.py
[2024-03-31T06:08:30.011+0000] {processor.py:830} INFO - Processing file /home/airflow/.local/lib/python3.8/site-packages/airflow/example_dags/example_task_group.py for tasks to queue
[2024-03-31T06:08:30.013+0000] {logging_mixin.py:188} INFO - [2024-03-31T06:08:30.013+0000] {dagbag.py:540} INFO - Filling up the DagBag from /home/airflow/.local/lib/python3.8/site-packages/airflow/example_dags/example_task_group.py
[2024-03-31T06:08:30.019+0000] {processor.py:840} INFO - DAG(s) 'example_task_group' retrieved from /home/airflow/.local/lib/python3.8/site-packages/airflow/example_dags/example_task_group.py
[2024-03-31T06:08:30.043+0000] {logging_mixin.py:188} INFO - [2024-03-31T06:08:30.042+0000] {dag.py:3047} INFO - Sync 1 DAGs
[2024-03-31T06:08:30.067+0000] {logging_mixin.py:188} INFO - [2024-03-31T06:08:30.066+0000] {dag.py:3834} INFO - Setting next_dagrun for example_task_group to 2024-03-30 00:00:00+00:00, run_after=2024-03-31 00:00:00+00:00
[2024-03-31T06:08:30.087+0000] {processor.py:183} INFO - Processing /home/airflow/.local/lib/python3.8/site-packages/airflow/example_dags/example_task_group.py took 0.082 seconds
[2024-03-31T06:09:00.379+0000] {processor.py:161} INFO - Started process (PID=1020) to work on /home/airflow/.local/lib/python3.8/site-packages/airflow/example_dags/example_task_group.py
[2024-03-31T06:09:00.380+0000] {processor.py:830} INFO - Processing file /home/airflow/.local/lib/python3.8/site-packages/airflow/example_dags/example_task_group.py for tasks to queue
[2024-03-31T06:09:00.381+0000] {logging_mixin.py:188} INFO - [2024-03-31T06:09:00.381+0000] {dagbag.py:540} INFO - Filling up the DagBag from /home/airflow/.local/lib/python3.8/site-packages/airflow/example_dags/example_task_group.py
[2024-03-31T06:09:00.388+0000] {processor.py:840} INFO - DAG(s) 'example_task_group' retrieved from /home/airflow/.local/lib/python3.8/site-packages/airflow/example_dags/example_task_group.py
[2024-03-31T06:09:00.417+0000] {logging_mixin.py:188} INFO - [2024-03-31T06:09:00.417+0000] {dag.py:3047} INFO - Sync 1 DAGs
[2024-03-31T06:09:00.440+0000] {logging_mixin.py:188} INFO - [2024-03-31T06:09:00.440+0000] {dag.py:3834} INFO - Setting next_dagrun for example_task_group to 2024-03-30 00:00:00+00:00, run_after=2024-03-31 00:00:00+00:00
[2024-03-31T06:09:00.465+0000] {processor.py:183} INFO - Processing /home/airflow/.local/lib/python3.8/site-packages/airflow/example_dags/example_task_group.py took 0.090 seconds
[2024-03-31T06:09:30.917+0000] {processor.py:161} INFO - Started process (PID=1077) to work on /home/airflow/.local/lib/python3.8/site-packages/airflow/example_dags/example_task_group.py
[2024-03-31T06:09:30.918+0000] {processor.py:830} INFO - Processing file /home/airflow/.local/lib/python3.8/site-packages/airflow/example_dags/example_task_group.py for tasks to queue
[2024-03-31T06:09:30.919+0000] {logging_mixin.py:188} INFO - [2024-03-31T06:09:30.919+0000] {dagbag.py:540} INFO - Filling up the DagBag from /home/airflow/.local/lib/python3.8/site-packages/airflow/example_dags/example_task_group.py
[2024-03-31T06:09:30.927+0000] {processor.py:840} INFO - DAG(s) 'example_task_group' retrieved from /home/airflow/.local/lib/python3.8/site-packages/airflow/example_dags/example_task_group.py
[2024-03-31T06:09:30.949+0000] {logging_mixin.py:188} INFO - [2024-03-31T06:09:30.948+0000] {dag.py:3047} INFO - Sync 1 DAGs
[2024-03-31T06:09:30.970+0000] {logging_mixin.py:188} INFO - [2024-03-31T06:09:30.970+0000] {dag.py:3834} INFO - Setting next_dagrun for example_task_group to 2024-03-30 00:00:00+00:00, run_after=2024-03-31 00:00:00+00:00
[2024-03-31T06:09:30.989+0000] {processor.py:183} INFO - Processing /home/airflow/.local/lib/python3.8/site-packages/airflow/example_dags/example_task_group.py took 0.075 seconds
[2024-03-31T06:10:01.365+0000] {processor.py:161} INFO - Started process (PID=1134) to work on /home/airflow/.local/lib/python3.8/site-packages/airflow/example_dags/example_task_group.py
[2024-03-31T06:10:01.369+0000] {processor.py:830} INFO - Processing file /home/airflow/.local/lib/python3.8/site-packages/airflow/example_dags/example_task_group.py for tasks to queue
[2024-03-31T06:10:01.375+0000] {logging_mixin.py:188} INFO - [2024-03-31T06:10:01.374+0000] {dagbag.py:540} INFO - Filling up the DagBag from /home/airflow/.local/lib/python3.8/site-packages/airflow/example_dags/example_task_group.py
[2024-03-31T06:10:01.384+0000] {processor.py:840} INFO - DAG(s) 'example_task_group' retrieved from /home/airflow/.local/lib/python3.8/site-packages/airflow/example_dags/example_task_group.py
[2024-03-31T06:10:01.406+0000] {logging_mixin.py:188} INFO - [2024-03-31T06:10:01.405+0000] {dag.py:3047} INFO - Sync 1 DAGs
[2024-03-31T06:10:01.460+0000] {logging_mixin.py:188} INFO - [2024-03-31T06:10:01.460+0000] {dag.py:3834} INFO - Setting next_dagrun for example_task_group to 2024-03-30 00:00:00+00:00, run_after=2024-03-31 00:00:00+00:00
[2024-03-31T06:10:01.499+0000] {processor.py:183} INFO - Processing /home/airflow/.local/lib/python3.8/site-packages/airflow/example_dags/example_task_group.py took 0.136 seconds
[2024-03-31T06:10:31.803+0000] {processor.py:161} INFO - Started process (PID=1190) to work on /home/airflow/.local/lib/python3.8/site-packages/airflow/example_dags/example_task_group.py
[2024-03-31T06:10:31.804+0000] {processor.py:830} INFO - Processing file /home/airflow/.local/lib/python3.8/site-packages/airflow/example_dags/example_task_group.py for tasks to queue
[2024-03-31T06:10:31.806+0000] {logging_mixin.py:188} INFO - [2024-03-31T06:10:31.806+0000] {dagbag.py:540} INFO - Filling up the DagBag from /home/airflow/.local/lib/python3.8/site-packages/airflow/example_dags/example_task_group.py
[2024-03-31T06:10:31.820+0000] {processor.py:840} INFO - DAG(s) 'example_task_group' retrieved from /home/airflow/.local/lib/python3.8/site-packages/airflow/example_dags/example_task_group.py
[2024-03-31T06:10:31.843+0000] {logging_mixin.py:188} INFO - [2024-03-31T06:10:31.842+0000] {dag.py:3047} INFO - Sync 1 DAGs
[2024-03-31T06:10:31.876+0000] {logging_mixin.py:188} INFO - [2024-03-31T06:10:31.876+0000] {dag.py:3834} INFO - Setting next_dagrun for example_task_group to 2024-03-30 00:00:00+00:00, run_after=2024-03-31 00:00:00+00:00
[2024-03-31T06:10:31.904+0000] {processor.py:183} INFO - Processing /home/airflow/.local/lib/python3.8/site-packages/airflow/example_dags/example_task_group.py took 0.105 seconds
[2024-03-31T06:11:02.216+0000] {processor.py:161} INFO - Started process (PID=1246) to work on /home/airflow/.local/lib/python3.8/site-packages/airflow/example_dags/example_task_group.py
[2024-03-31T06:11:02.217+0000] {processor.py:830} INFO - Processing file /home/airflow/.local/lib/python3.8/site-packages/airflow/example_dags/example_task_group.py for tasks to queue
[2024-03-31T06:11:02.218+0000] {logging_mixin.py:188} INFO - [2024-03-31T06:11:02.218+0000] {dagbag.py:540} INFO - Filling up the DagBag from /home/airflow/.local/lib/python3.8/site-packages/airflow/example_dags/example_task_group.py
[2024-03-31T06:11:02.229+0000] {processor.py:840} INFO - DAG(s) 'example_task_group' retrieved from /home/airflow/.local/lib/python3.8/site-packages/airflow/example_dags/example_task_group.py
[2024-03-31T06:11:02.251+0000] {logging_mixin.py:188} INFO - [2024-03-31T06:11:02.251+0000] {dag.py:3047} INFO - Sync 1 DAGs
[2024-03-31T06:11:02.280+0000] {logging_mixin.py:188} INFO - [2024-03-31T06:11:02.279+0000] {dag.py:3834} INFO - Setting next_dagrun for example_task_group to 2024-03-30 00:00:00+00:00, run_after=2024-03-31 00:00:00+00:00
[2024-03-31T06:11:02.301+0000] {processor.py:183} INFO - Processing /home/airflow/.local/lib/python3.8/site-packages/airflow/example_dags/example_task_group.py took 0.088 seconds
[2024-03-31T06:11:32.629+0000] {processor.py:161} INFO - Started process (PID=1302) to work on /home/airflow/.local/lib/python3.8/site-packages/airflow/example_dags/example_task_group.py
[2024-03-31T06:11:32.630+0000] {processor.py:830} INFO - Processing file /home/airflow/.local/lib/python3.8/site-packages/airflow/example_dags/example_task_group.py for tasks to queue
[2024-03-31T06:11:32.633+0000] {logging_mixin.py:188} INFO - [2024-03-31T06:11:32.633+0000] {dagbag.py:540} INFO - Filling up the DagBag from /home/airflow/.local/lib/python3.8/site-packages/airflow/example_dags/example_task_group.py
[2024-03-31T06:11:32.640+0000] {processor.py:840} INFO - DAG(s) 'example_task_group' retrieved from /home/airflow/.local/lib/python3.8/site-packages/airflow/example_dags/example_task_group.py
[2024-03-31T06:11:32.670+0000] {logging_mixin.py:188} INFO - [2024-03-31T06:11:32.670+0000] {dag.py:3047} INFO - Sync 1 DAGs
[2024-03-31T06:11:32.707+0000] {logging_mixin.py:188} INFO - [2024-03-31T06:11:32.707+0000] {dag.py:3834} INFO - Setting next_dagrun for example_task_group to 2024-03-30 00:00:00+00:00, run_after=2024-03-31 00:00:00+00:00
[2024-03-31T06:11:32.738+0000] {processor.py:183} INFO - Processing /home/airflow/.local/lib/python3.8/site-packages/airflow/example_dags/example_task_group.py took 0.119 seconds
[2024-03-31T06:12:02.976+0000] {processor.py:161} INFO - Started process (PID=1358) to work on /home/airflow/.local/lib/python3.8/site-packages/airflow/example_dags/example_task_group.py
[2024-03-31T06:12:02.977+0000] {processor.py:830} INFO - Processing file /home/airflow/.local/lib/python3.8/site-packages/airflow/example_dags/example_task_group.py for tasks to queue
[2024-03-31T06:12:02.979+0000] {logging_mixin.py:188} INFO - [2024-03-31T06:12:02.979+0000] {dagbag.py:540} INFO - Filling up the DagBag from /home/airflow/.local/lib/python3.8/site-packages/airflow/example_dags/example_task_group.py
[2024-03-31T06:12:02.986+0000] {processor.py:840} INFO - DAG(s) 'example_task_group' retrieved from /home/airflow/.local/lib/python3.8/site-packages/airflow/example_dags/example_task_group.py
[2024-03-31T06:12:03.013+0000] {logging_mixin.py:188} INFO - [2024-03-31T06:12:03.013+0000] {dag.py:3047} INFO - Sync 1 DAGs
[2024-03-31T06:12:03.042+0000] {logging_mixin.py:188} INFO - [2024-03-31T06:12:03.041+0000] {dag.py:3834} INFO - Setting next_dagrun for example_task_group to 2024-03-30 00:00:00+00:00, run_after=2024-03-31 00:00:00+00:00
[2024-03-31T06:12:03.082+0000] {processor.py:183} INFO - Processing /home/airflow/.local/lib/python3.8/site-packages/airflow/example_dags/example_task_group.py took 0.110 seconds
[2024-03-31T06:12:34.003+0000] {processor.py:161} INFO - Started process (PID=1414) to work on /home/airflow/.local/lib/python3.8/site-packages/airflow/example_dags/example_task_group.py
[2024-03-31T06:12:34.010+0000] {processor.py:830} INFO - Processing file /home/airflow/.local/lib/python3.8/site-packages/airflow/example_dags/example_task_group.py for tasks to queue
[2024-03-31T06:12:34.012+0000] {logging_mixin.py:188} INFO - [2024-03-31T06:12:34.012+0000] {dagbag.py:540} INFO - Filling up the DagBag from /home/airflow/.local/lib/python3.8/site-packages/airflow/example_dags/example_task_group.py
[2024-03-31T06:12:34.029+0000] {processor.py:840} INFO - DAG(s) 'example_task_group' retrieved from /home/airflow/.local/lib/python3.8/site-packages/airflow/example_dags/example_task_group.py
[2024-03-31T06:12:34.087+0000] {logging_mixin.py:188} INFO - [2024-03-31T06:12:34.087+0000] {dag.py:3047} INFO - Sync 1 DAGs
[2024-03-31T06:12:34.149+0000] {logging_mixin.py:188} INFO - [2024-03-31T06:12:34.149+0000] {dag.py:3834} INFO - Setting next_dagrun for example_task_group to 2024-03-30 00:00:00+00:00, run_after=2024-03-31 00:00:00+00:00
[2024-03-31T06:12:34.213+0000] {processor.py:183} INFO - Processing /home/airflow/.local/lib/python3.8/site-packages/airflow/example_dags/example_task_group.py took 0.212 seconds
[2024-03-31T06:13:44.882+0000] {processor.py:161} INFO - Started process (PID=64) to work on /home/airflow/.local/lib/python3.8/site-packages/airflow/example_dags/example_task_group.py
[2024-03-31T06:13:44.889+0000] {processor.py:830} INFO - Processing file /home/airflow/.local/lib/python3.8/site-packages/airflow/example_dags/example_task_group.py for tasks to queue
[2024-03-31T06:13:44.891+0000] {logging_mixin.py:188} INFO - [2024-03-31T06:13:44.890+0000] {dagbag.py:540} INFO - Filling up the DagBag from /home/airflow/.local/lib/python3.8/site-packages/airflow/example_dags/example_task_group.py
[2024-03-31T06:13:44.920+0000] {processor.py:840} INFO - DAG(s) 'example_task_group' retrieved from /home/airflow/.local/lib/python3.8/site-packages/airflow/example_dags/example_task_group.py
[2024-03-31T06:13:44.948+0000] {logging_mixin.py:188} INFO - [2024-03-31T06:13:44.948+0000] {dag.py:3047} INFO - Sync 1 DAGs
[2024-03-31T06:13:45.005+0000] {logging_mixin.py:188} INFO - [2024-03-31T06:13:45.004+0000] {dag.py:3834} INFO - Setting next_dagrun for example_task_group to 2024-03-30 00:00:00+00:00, run_after=2024-03-31 00:00:00+00:00
[2024-03-31T06:13:45.067+0000] {processor.py:183} INFO - Processing /home/airflow/.local/lib/python3.8/site-packages/airflow/example_dags/example_task_group.py took 0.190 seconds
