[2024-03-31T06:00:35.279+0000] {processor.py:161} INFO - Started process (PID=93) to work on /home/airflow/.local/lib/python3.8/site-packages/airflow/example_dags/example_external_task_marker_dag.py
[2024-03-31T06:00:35.282+0000] {processor.py:830} INFO - Processing file /home/airflow/.local/lib/python3.8/site-packages/airflow/example_dags/example_external_task_marker_dag.py for tasks to queue
[2024-03-31T06:00:35.288+0000] {logging_mixin.py:188} INFO - [2024-03-31T06:00:35.287+0000] {dagbag.py:540} INFO - Filling up the DagBag from /home/airflow/.local/lib/python3.8/site-packages/airflow/example_dags/example_external_task_marker_dag.py
[2024-03-31T06:00:35.308+0000] {processor.py:840} INFO - DAG(s) 'example_external_task_marker_parent', 'example_external_task_marker_child' retrieved from /home/airflow/.local/lib/python3.8/site-packages/airflow/example_dags/example_external_task_marker_dag.py
[2024-03-31T06:00:35.737+0000] {logging_mixin.py:188} INFO - [2024-03-31T06:00:35.736+0000] {dag.py:3047} INFO - Sync 2 DAGs
[2024-03-31T06:00:35.753+0000] {logging_mixin.py:188} INFO - [2024-03-31T06:00:35.753+0000] {dag.py:3834} INFO - Setting next_dagrun for example_external_task_marker_child to None, run_after=None
[2024-03-31T06:00:35.757+0000] {logging_mixin.py:188} INFO - [2024-03-31T06:00:35.757+0000] {dag.py:3834} INFO - Setting next_dagrun for example_external_task_marker_parent to None, run_after=None
[2024-03-31T06:00:35.785+0000] {processor.py:183} INFO - Processing /home/airflow/.local/lib/python3.8/site-packages/airflow/example_dags/example_external_task_marker_dag.py took 0.510 seconds
[2024-03-31T06:01:06.125+0000] {processor.py:161} INFO - Started process (PID=148) to work on /home/airflow/.local/lib/python3.8/site-packages/airflow/example_dags/example_external_task_marker_dag.py
[2024-03-31T06:01:06.125+0000] {processor.py:830} INFO - Processing file /home/airflow/.local/lib/python3.8/site-packages/airflow/example_dags/example_external_task_marker_dag.py for tasks to queue
[2024-03-31T06:01:06.133+0000] {logging_mixin.py:188} INFO - [2024-03-31T06:01:06.132+0000] {dagbag.py:540} INFO - Filling up the DagBag from /home/airflow/.local/lib/python3.8/site-packages/airflow/example_dags/example_external_task_marker_dag.py
[2024-03-31T06:01:06.159+0000] {processor.py:840} INFO - DAG(s) 'example_external_task_marker_parent', 'example_external_task_marker_child' retrieved from /home/airflow/.local/lib/python3.8/site-packages/airflow/example_dags/example_external_task_marker_dag.py
[2024-03-31T06:01:06.173+0000] {logging_mixin.py:188} INFO - [2024-03-31T06:01:06.172+0000] {dag.py:3047} INFO - Sync 2 DAGs
[2024-03-31T06:01:06.188+0000] {logging_mixin.py:188} INFO - [2024-03-31T06:01:06.187+0000] {dag.py:3834} INFO - Setting next_dagrun for example_external_task_marker_child to None, run_after=None
[2024-03-31T06:01:06.191+0000] {logging_mixin.py:188} INFO - [2024-03-31T06:01:06.191+0000] {dag.py:3834} INFO - Setting next_dagrun for example_external_task_marker_parent to None, run_after=None
[2024-03-31T06:01:06.209+0000] {processor.py:183} INFO - Processing /home/airflow/.local/lib/python3.8/site-packages/airflow/example_dags/example_external_task_marker_dag.py took 0.086 seconds
[2024-03-31T06:01:37.032+0000] {processor.py:161} INFO - Started process (PID=204) to work on /home/airflow/.local/lib/python3.8/site-packages/airflow/example_dags/example_external_task_marker_dag.py
[2024-03-31T06:01:37.033+0000] {processor.py:830} INFO - Processing file /home/airflow/.local/lib/python3.8/site-packages/airflow/example_dags/example_external_task_marker_dag.py for tasks to queue
[2024-03-31T06:01:37.036+0000] {logging_mixin.py:188} INFO - [2024-03-31T06:01:37.035+0000] {dagbag.py:540} INFO - Filling up the DagBag from /home/airflow/.local/lib/python3.8/site-packages/airflow/example_dags/example_external_task_marker_dag.py
[2024-03-31T06:01:37.042+0000] {processor.py:840} INFO - DAG(s) 'example_external_task_marker_child', 'example_external_task_marker_parent' retrieved from /home/airflow/.local/lib/python3.8/site-packages/airflow/example_dags/example_external_task_marker_dag.py
[2024-03-31T06:01:37.055+0000] {logging_mixin.py:188} INFO - [2024-03-31T06:01:37.055+0000] {dag.py:3047} INFO - Sync 2 DAGs
[2024-03-31T06:01:37.074+0000] {logging_mixin.py:188} INFO - [2024-03-31T06:01:37.074+0000] {dag.py:3834} INFO - Setting next_dagrun for example_external_task_marker_child to None, run_after=None
[2024-03-31T06:01:37.089+0000] {logging_mixin.py:188} INFO - [2024-03-31T06:01:37.088+0000] {dag.py:3834} INFO - Setting next_dagrun for example_external_task_marker_parent to None, run_after=None
[2024-03-31T06:01:37.139+0000] {processor.py:183} INFO - Processing /home/airflow/.local/lib/python3.8/site-packages/airflow/example_dags/example_external_task_marker_dag.py took 0.111 seconds
[2024-03-31T06:02:07.363+0000] {processor.py:161} INFO - Started process (PID=260) to work on /home/airflow/.local/lib/python3.8/site-packages/airflow/example_dags/example_external_task_marker_dag.py
[2024-03-31T06:02:07.368+0000] {processor.py:830} INFO - Processing file /home/airflow/.local/lib/python3.8/site-packages/airflow/example_dags/example_external_task_marker_dag.py for tasks to queue
[2024-03-31T06:02:07.372+0000] {logging_mixin.py:188} INFO - [2024-03-31T06:02:07.371+0000] {dagbag.py:540} INFO - Filling up the DagBag from /home/airflow/.local/lib/python3.8/site-packages/airflow/example_dags/example_external_task_marker_dag.py
[2024-03-31T06:02:07.394+0000] {processor.py:840} INFO - DAG(s) 'example_external_task_marker_child', 'example_external_task_marker_parent' retrieved from /home/airflow/.local/lib/python3.8/site-packages/airflow/example_dags/example_external_task_marker_dag.py
[2024-03-31T06:02:07.424+0000] {logging_mixin.py:188} INFO - [2024-03-31T06:02:07.423+0000] {dag.py:3047} INFO - Sync 2 DAGs
[2024-03-31T06:02:07.453+0000] {logging_mixin.py:188} INFO - [2024-03-31T06:02:07.453+0000] {dag.py:3834} INFO - Setting next_dagrun for example_external_task_marker_child to None, run_after=None
[2024-03-31T06:02:07.460+0000] {logging_mixin.py:188} INFO - [2024-03-31T06:02:07.460+0000] {dag.py:3834} INFO - Setting next_dagrun for example_external_task_marker_parent to None, run_after=None
[2024-03-31T06:02:07.509+0000] {processor.py:183} INFO - Processing /home/airflow/.local/lib/python3.8/site-packages/airflow/example_dags/example_external_task_marker_dag.py took 0.148 seconds
[2024-03-31T06:02:37.806+0000] {processor.py:161} INFO - Started process (PID=316) to work on /home/airflow/.local/lib/python3.8/site-packages/airflow/example_dags/example_external_task_marker_dag.py
[2024-03-31T06:02:37.806+0000] {processor.py:830} INFO - Processing file /home/airflow/.local/lib/python3.8/site-packages/airflow/example_dags/example_external_task_marker_dag.py for tasks to queue
[2024-03-31T06:02:37.808+0000] {logging_mixin.py:188} INFO - [2024-03-31T06:02:37.808+0000] {dagbag.py:540} INFO - Filling up the DagBag from /home/airflow/.local/lib/python3.8/site-packages/airflow/example_dags/example_external_task_marker_dag.py
[2024-03-31T06:02:37.814+0000] {processor.py:840} INFO - DAG(s) 'example_external_task_marker_child', 'example_external_task_marker_parent' retrieved from /home/airflow/.local/lib/python3.8/site-packages/airflow/example_dags/example_external_task_marker_dag.py
[2024-03-31T06:02:37.844+0000] {logging_mixin.py:188} INFO - [2024-03-31T06:02:37.843+0000] {dag.py:3047} INFO - Sync 2 DAGs
[2024-03-31T06:02:37.871+0000] {logging_mixin.py:188} INFO - [2024-03-31T06:02:37.871+0000] {dag.py:3834} INFO - Setting next_dagrun for example_external_task_marker_child to None, run_after=None
[2024-03-31T06:02:37.875+0000] {logging_mixin.py:188} INFO - [2024-03-31T06:02:37.875+0000] {dag.py:3834} INFO - Setting next_dagrun for example_external_task_marker_parent to None, run_after=None
[2024-03-31T06:02:37.894+0000] {processor.py:183} INFO - Processing /home/airflow/.local/lib/python3.8/site-packages/airflow/example_dags/example_external_task_marker_dag.py took 0.091 seconds
[2024-03-31T06:03:08.839+0000] {processor.py:161} INFO - Started process (PID=372) to work on /home/airflow/.local/lib/python3.8/site-packages/airflow/example_dags/example_external_task_marker_dag.py
[2024-03-31T06:03:08.840+0000] {processor.py:830} INFO - Processing file /home/airflow/.local/lib/python3.8/site-packages/airflow/example_dags/example_external_task_marker_dag.py for tasks to queue
[2024-03-31T06:03:08.841+0000] {logging_mixin.py:188} INFO - [2024-03-31T06:03:08.841+0000] {dagbag.py:540} INFO - Filling up the DagBag from /home/airflow/.local/lib/python3.8/site-packages/airflow/example_dags/example_external_task_marker_dag.py
[2024-03-31T06:03:08.855+0000] {processor.py:840} INFO - DAG(s) 'example_external_task_marker_parent', 'example_external_task_marker_child' retrieved from /home/airflow/.local/lib/python3.8/site-packages/airflow/example_dags/example_external_task_marker_dag.py
[2024-03-31T06:03:09.072+0000] {logging_mixin.py:188} INFO - [2024-03-31T06:03:09.071+0000] {dag.py:3047} INFO - Sync 2 DAGs
[2024-03-31T06:03:09.091+0000] {logging_mixin.py:188} INFO - [2024-03-31T06:03:09.090+0000] {dag.py:3834} INFO - Setting next_dagrun for example_external_task_marker_child to None, run_after=None
[2024-03-31T06:03:09.096+0000] {logging_mixin.py:188} INFO - [2024-03-31T06:03:09.096+0000] {dag.py:3834} INFO - Setting next_dagrun for example_external_task_marker_parent to None, run_after=None
[2024-03-31T06:03:09.117+0000] {processor.py:183} INFO - Processing /home/airflow/.local/lib/python3.8/site-packages/airflow/example_dags/example_external_task_marker_dag.py took 0.280 seconds
[2024-03-31T06:03:39.994+0000] {processor.py:161} INFO - Started process (PID=428) to work on /home/airflow/.local/lib/python3.8/site-packages/airflow/example_dags/example_external_task_marker_dag.py
[2024-03-31T06:03:39.997+0000] {processor.py:830} INFO - Processing file /home/airflow/.local/lib/python3.8/site-packages/airflow/example_dags/example_external_task_marker_dag.py for tasks to queue
[2024-03-31T06:03:39.999+0000] {logging_mixin.py:188} INFO - [2024-03-31T06:03:39.999+0000] {dagbag.py:540} INFO - Filling up the DagBag from /home/airflow/.local/lib/python3.8/site-packages/airflow/example_dags/example_external_task_marker_dag.py
[2024-03-31T06:03:40.006+0000] {processor.py:840} INFO - DAG(s) 'example_external_task_marker_parent', 'example_external_task_marker_child' retrieved from /home/airflow/.local/lib/python3.8/site-packages/airflow/example_dags/example_external_task_marker_dag.py
[2024-03-31T06:03:40.043+0000] {logging_mixin.py:188} INFO - [2024-03-31T06:03:40.041+0000] {dag.py:3047} INFO - Sync 2 DAGs
[2024-03-31T06:03:40.058+0000] {logging_mixin.py:188} INFO - [2024-03-31T06:03:40.058+0000] {dag.py:3834} INFO - Setting next_dagrun for example_external_task_marker_child to None, run_after=None
[2024-03-31T06:03:40.066+0000] {logging_mixin.py:188} INFO - [2024-03-31T06:03:40.065+0000] {dag.py:3834} INFO - Setting next_dagrun for example_external_task_marker_parent to None, run_after=None
[2024-03-31T06:03:40.092+0000] {processor.py:183} INFO - Processing /home/airflow/.local/lib/python3.8/site-packages/airflow/example_dags/example_external_task_marker_dag.py took 0.099 seconds
[2024-03-31T06:04:10.204+0000] {processor.py:161} INFO - Started process (PID=484) to work on /home/airflow/.local/lib/python3.8/site-packages/airflow/example_dags/example_external_task_marker_dag.py
[2024-03-31T06:04:10.205+0000] {processor.py:830} INFO - Processing file /home/airflow/.local/lib/python3.8/site-packages/airflow/example_dags/example_external_task_marker_dag.py for tasks to queue
[2024-03-31T06:04:10.206+0000] {logging_mixin.py:188} INFO - [2024-03-31T06:04:10.206+0000] {dagbag.py:540} INFO - Filling up the DagBag from /home/airflow/.local/lib/python3.8/site-packages/airflow/example_dags/example_external_task_marker_dag.py
[2024-03-31T06:04:10.212+0000] {processor.py:840} INFO - DAG(s) 'example_external_task_marker_child', 'example_external_task_marker_parent' retrieved from /home/airflow/.local/lib/python3.8/site-packages/airflow/example_dags/example_external_task_marker_dag.py
[2024-03-31T06:04:10.239+0000] {logging_mixin.py:188} INFO - [2024-03-31T06:04:10.238+0000] {dag.py:3047} INFO - Sync 2 DAGs
[2024-03-31T06:04:10.254+0000] {logging_mixin.py:188} INFO - [2024-03-31T06:04:10.254+0000] {dag.py:3834} INFO - Setting next_dagrun for example_external_task_marker_child to None, run_after=None
[2024-03-31T06:04:10.259+0000] {logging_mixin.py:188} INFO - [2024-03-31T06:04:10.259+0000] {dag.py:3834} INFO - Setting next_dagrun for example_external_task_marker_parent to None, run_after=None
[2024-03-31T06:04:10.288+0000] {processor.py:183} INFO - Processing /home/airflow/.local/lib/python3.8/site-packages/airflow/example_dags/example_external_task_marker_dag.py took 0.086 seconds
[2024-03-31T06:04:40.601+0000] {processor.py:161} INFO - Started process (PID=540) to work on /home/airflow/.local/lib/python3.8/site-packages/airflow/example_dags/example_external_task_marker_dag.py
[2024-03-31T06:04:40.602+0000] {processor.py:830} INFO - Processing file /home/airflow/.local/lib/python3.8/site-packages/airflow/example_dags/example_external_task_marker_dag.py for tasks to queue
[2024-03-31T06:04:40.605+0000] {logging_mixin.py:188} INFO - [2024-03-31T06:04:40.604+0000] {dagbag.py:540} INFO - Filling up the DagBag from /home/airflow/.local/lib/python3.8/site-packages/airflow/example_dags/example_external_task_marker_dag.py
[2024-03-31T06:04:40.610+0000] {processor.py:840} INFO - DAG(s) 'example_external_task_marker_parent', 'example_external_task_marker_child' retrieved from /home/airflow/.local/lib/python3.8/site-packages/airflow/example_dags/example_external_task_marker_dag.py
[2024-03-31T06:04:40.635+0000] {logging_mixin.py:188} INFO - [2024-03-31T06:04:40.634+0000] {dag.py:3047} INFO - Sync 2 DAGs
[2024-03-31T06:04:40.648+0000] {logging_mixin.py:188} INFO - [2024-03-31T06:04:40.647+0000] {dag.py:3834} INFO - Setting next_dagrun for example_external_task_marker_child to None, run_after=None
[2024-03-31T06:04:40.652+0000] {logging_mixin.py:188} INFO - [2024-03-31T06:04:40.652+0000] {dag.py:3834} INFO - Setting next_dagrun for example_external_task_marker_parent to None, run_after=None
[2024-03-31T06:04:40.676+0000] {processor.py:183} INFO - Processing /home/airflow/.local/lib/python3.8/site-packages/airflow/example_dags/example_external_task_marker_dag.py took 0.077 seconds
[2024-03-31T06:05:11.032+0000] {processor.py:161} INFO - Started process (PID=602) to work on /home/airflow/.local/lib/python3.8/site-packages/airflow/example_dags/example_external_task_marker_dag.py
[2024-03-31T06:05:11.033+0000] {processor.py:830} INFO - Processing file /home/airflow/.local/lib/python3.8/site-packages/airflow/example_dags/example_external_task_marker_dag.py for tasks to queue
[2024-03-31T06:05:11.035+0000] {logging_mixin.py:188} INFO - [2024-03-31T06:05:11.034+0000] {dagbag.py:540} INFO - Filling up the DagBag from /home/airflow/.local/lib/python3.8/site-packages/airflow/example_dags/example_external_task_marker_dag.py
[2024-03-31T06:05:11.045+0000] {processor.py:840} INFO - DAG(s) 'example_external_task_marker_parent', 'example_external_task_marker_child' retrieved from /home/airflow/.local/lib/python3.8/site-packages/airflow/example_dags/example_external_task_marker_dag.py
[2024-03-31T06:05:11.069+0000] {logging_mixin.py:188} INFO - [2024-03-31T06:05:11.069+0000] {dag.py:3047} INFO - Sync 2 DAGs
[2024-03-31T06:05:11.083+0000] {logging_mixin.py:188} INFO - [2024-03-31T06:05:11.082+0000] {dag.py:3834} INFO - Setting next_dagrun for example_external_task_marker_child to None, run_after=None
[2024-03-31T06:05:11.089+0000] {logging_mixin.py:188} INFO - [2024-03-31T06:05:11.088+0000] {dag.py:3834} INFO - Setting next_dagrun for example_external_task_marker_parent to None, run_after=None
[2024-03-31T06:05:11.120+0000] {processor.py:183} INFO - Processing /home/airflow/.local/lib/python3.8/site-packages/airflow/example_dags/example_external_task_marker_dag.py took 0.091 seconds
[2024-03-31T06:05:42.073+0000] {processor.py:161} INFO - Started process (PID=658) to work on /home/airflow/.local/lib/python3.8/site-packages/airflow/example_dags/example_external_task_marker_dag.py
[2024-03-31T06:05:42.075+0000] {processor.py:830} INFO - Processing file /home/airflow/.local/lib/python3.8/site-packages/airflow/example_dags/example_external_task_marker_dag.py for tasks to queue
[2024-03-31T06:05:42.078+0000] {logging_mixin.py:188} INFO - [2024-03-31T06:05:42.078+0000] {dagbag.py:540} INFO - Filling up the DagBag from /home/airflow/.local/lib/python3.8/site-packages/airflow/example_dags/example_external_task_marker_dag.py
[2024-03-31T06:05:42.103+0000] {processor.py:840} INFO - DAG(s) 'example_external_task_marker_parent', 'example_external_task_marker_child' retrieved from /home/airflow/.local/lib/python3.8/site-packages/airflow/example_dags/example_external_task_marker_dag.py
[2024-03-31T06:05:42.153+0000] {logging_mixin.py:188} INFO - [2024-03-31T06:05:42.150+0000] {dag.py:3047} INFO - Sync 2 DAGs
[2024-03-31T06:05:42.170+0000] {logging_mixin.py:188} INFO - [2024-03-31T06:05:42.170+0000] {dag.py:3834} INFO - Setting next_dagrun for example_external_task_marker_child to None, run_after=None
[2024-03-31T06:05:42.174+0000] {logging_mixin.py:188} INFO - [2024-03-31T06:05:42.174+0000] {dag.py:3834} INFO - Setting next_dagrun for example_external_task_marker_parent to None, run_after=None
[2024-03-31T06:05:42.213+0000] {processor.py:183} INFO - Processing /home/airflow/.local/lib/python3.8/site-packages/airflow/example_dags/example_external_task_marker_dag.py took 0.146 seconds
[2024-03-31T06:06:12.633+0000] {processor.py:161} INFO - Started process (PID=714) to work on /home/airflow/.local/lib/python3.8/site-packages/airflow/example_dags/example_external_task_marker_dag.py
[2024-03-31T06:06:12.634+0000] {processor.py:830} INFO - Processing file /home/airflow/.local/lib/python3.8/site-packages/airflow/example_dags/example_external_task_marker_dag.py for tasks to queue
[2024-03-31T06:06:12.635+0000] {logging_mixin.py:188} INFO - [2024-03-31T06:06:12.635+0000] {dagbag.py:540} INFO - Filling up the DagBag from /home/airflow/.local/lib/python3.8/site-packages/airflow/example_dags/example_external_task_marker_dag.py
[2024-03-31T06:06:12.641+0000] {processor.py:840} INFO - DAG(s) 'example_external_task_marker_parent', 'example_external_task_marker_child' retrieved from /home/airflow/.local/lib/python3.8/site-packages/airflow/example_dags/example_external_task_marker_dag.py
[2024-03-31T06:06:12.671+0000] {logging_mixin.py:188} INFO - [2024-03-31T06:06:12.671+0000] {dag.py:3047} INFO - Sync 2 DAGs
[2024-03-31T06:06:12.684+0000] {logging_mixin.py:188} INFO - [2024-03-31T06:06:12.684+0000] {dag.py:3834} INFO - Setting next_dagrun for example_external_task_marker_child to None, run_after=None
[2024-03-31T06:06:12.688+0000] {logging_mixin.py:188} INFO - [2024-03-31T06:06:12.688+0000] {dag.py:3834} INFO - Setting next_dagrun for example_external_task_marker_parent to None, run_after=None
[2024-03-31T06:06:12.706+0000] {processor.py:183} INFO - Processing /home/airflow/.local/lib/python3.8/site-packages/airflow/example_dags/example_external_task_marker_dag.py took 0.075 seconds
[2024-03-31T06:06:43.100+0000] {processor.py:161} INFO - Started process (PID=770) to work on /home/airflow/.local/lib/python3.8/site-packages/airflow/example_dags/example_external_task_marker_dag.py
[2024-03-31T06:06:43.101+0000] {processor.py:830} INFO - Processing file /home/airflow/.local/lib/python3.8/site-packages/airflow/example_dags/example_external_task_marker_dag.py for tasks to queue
[2024-03-31T06:06:43.103+0000] {logging_mixin.py:188} INFO - [2024-03-31T06:06:43.103+0000] {dagbag.py:540} INFO - Filling up the DagBag from /home/airflow/.local/lib/python3.8/site-packages/airflow/example_dags/example_external_task_marker_dag.py
[2024-03-31T06:06:43.110+0000] {processor.py:840} INFO - DAG(s) 'example_external_task_marker_parent', 'example_external_task_marker_child' retrieved from /home/airflow/.local/lib/python3.8/site-packages/airflow/example_dags/example_external_task_marker_dag.py
[2024-03-31T06:06:43.158+0000] {logging_mixin.py:188} INFO - [2024-03-31T06:06:43.157+0000] {dag.py:3047} INFO - Sync 2 DAGs
[2024-03-31T06:06:43.179+0000] {logging_mixin.py:188} INFO - [2024-03-31T06:06:43.178+0000] {dag.py:3834} INFO - Setting next_dagrun for example_external_task_marker_child to None, run_after=None
[2024-03-31T06:06:43.186+0000] {logging_mixin.py:188} INFO - [2024-03-31T06:06:43.185+0000] {dag.py:3834} INFO - Setting next_dagrun for example_external_task_marker_parent to None, run_after=None
[2024-03-31T06:06:43.220+0000] {processor.py:183} INFO - Processing /home/airflow/.local/lib/python3.8/site-packages/airflow/example_dags/example_external_task_marker_dag.py took 0.123 seconds
[2024-03-31T06:07:13.953+0000] {processor.py:161} INFO - Started process (PID=827) to work on /home/airflow/.local/lib/python3.8/site-packages/airflow/example_dags/example_external_task_marker_dag.py
[2024-03-31T06:07:13.954+0000] {processor.py:830} INFO - Processing file /home/airflow/.local/lib/python3.8/site-packages/airflow/example_dags/example_external_task_marker_dag.py for tasks to queue
[2024-03-31T06:07:13.956+0000] {logging_mixin.py:188} INFO - [2024-03-31T06:07:13.955+0000] {dagbag.py:540} INFO - Filling up the DagBag from /home/airflow/.local/lib/python3.8/site-packages/airflow/example_dags/example_external_task_marker_dag.py
[2024-03-31T06:07:13.967+0000] {processor.py:840} INFO - DAG(s) 'example_external_task_marker_child', 'example_external_task_marker_parent' retrieved from /home/airflow/.local/lib/python3.8/site-packages/airflow/example_dags/example_external_task_marker_dag.py
[2024-03-31T06:07:13.999+0000] {logging_mixin.py:188} INFO - [2024-03-31T06:07:13.998+0000] {dag.py:3047} INFO - Sync 2 DAGs
[2024-03-31T06:07:14.018+0000] {logging_mixin.py:188} INFO - [2024-03-31T06:07:14.018+0000] {dag.py:3834} INFO - Setting next_dagrun for example_external_task_marker_child to None, run_after=None
[2024-03-31T06:07:14.022+0000] {logging_mixin.py:188} INFO - [2024-03-31T06:07:14.022+0000] {dag.py:3834} INFO - Setting next_dagrun for example_external_task_marker_parent to None, run_after=None
[2024-03-31T06:07:14.045+0000] {processor.py:183} INFO - Processing /home/airflow/.local/lib/python3.8/site-packages/airflow/example_dags/example_external_task_marker_dag.py took 0.094 seconds
[2024-03-31T06:07:44.136+0000] {processor.py:161} INFO - Started process (PID=883) to work on /home/airflow/.local/lib/python3.8/site-packages/airflow/example_dags/example_external_task_marker_dag.py
[2024-03-31T06:07:44.137+0000] {processor.py:830} INFO - Processing file /home/airflow/.local/lib/python3.8/site-packages/airflow/example_dags/example_external_task_marker_dag.py for tasks to queue
[2024-03-31T06:07:44.138+0000] {logging_mixin.py:188} INFO - [2024-03-31T06:07:44.138+0000] {dagbag.py:540} INFO - Filling up the DagBag from /home/airflow/.local/lib/python3.8/site-packages/airflow/example_dags/example_external_task_marker_dag.py
[2024-03-31T06:07:44.146+0000] {processor.py:840} INFO - DAG(s) 'example_external_task_marker_parent', 'example_external_task_marker_child' retrieved from /home/airflow/.local/lib/python3.8/site-packages/airflow/example_dags/example_external_task_marker_dag.py
[2024-03-31T06:07:44.166+0000] {logging_mixin.py:188} INFO - [2024-03-31T06:07:44.166+0000] {dag.py:3047} INFO - Sync 2 DAGs
[2024-03-31T06:07:44.179+0000] {logging_mixin.py:188} INFO - [2024-03-31T06:07:44.178+0000] {dag.py:3834} INFO - Setting next_dagrun for example_external_task_marker_child to None, run_after=None
[2024-03-31T06:07:44.182+0000] {logging_mixin.py:188} INFO - [2024-03-31T06:07:44.182+0000] {dag.py:3834} INFO - Setting next_dagrun for example_external_task_marker_parent to None, run_after=None
[2024-03-31T06:07:44.216+0000] {processor.py:183} INFO - Processing /home/airflow/.local/lib/python3.8/site-packages/airflow/example_dags/example_external_task_marker_dag.py took 0.082 seconds
[2024-03-31T06:08:14.541+0000] {processor.py:161} INFO - Started process (PID=939) to work on /home/airflow/.local/lib/python3.8/site-packages/airflow/example_dags/example_external_task_marker_dag.py
[2024-03-31T06:08:14.548+0000] {processor.py:830} INFO - Processing file /home/airflow/.local/lib/python3.8/site-packages/airflow/example_dags/example_external_task_marker_dag.py for tasks to queue
[2024-03-31T06:08:14.561+0000] {logging_mixin.py:188} INFO - [2024-03-31T06:08:14.553+0000] {dagbag.py:540} INFO - Filling up the DagBag from /home/airflow/.local/lib/python3.8/site-packages/airflow/example_dags/example_external_task_marker_dag.py
[2024-03-31T06:08:14.568+0000] {processor.py:840} INFO - DAG(s) 'example_external_task_marker_child', 'example_external_task_marker_parent' retrieved from /home/airflow/.local/lib/python3.8/site-packages/airflow/example_dags/example_external_task_marker_dag.py
[2024-03-31T06:08:14.604+0000] {logging_mixin.py:188} INFO - [2024-03-31T06:08:14.603+0000] {dag.py:3047} INFO - Sync 2 DAGs
[2024-03-31T06:08:14.620+0000] {logging_mixin.py:188} INFO - [2024-03-31T06:08:14.620+0000] {dag.py:3834} INFO - Setting next_dagrun for example_external_task_marker_child to None, run_after=None
[2024-03-31T06:08:14.624+0000] {logging_mixin.py:188} INFO - [2024-03-31T06:08:14.623+0000] {dag.py:3834} INFO - Setting next_dagrun for example_external_task_marker_parent to None, run_after=None
[2024-03-31T06:08:14.654+0000] {processor.py:183} INFO - Processing /home/airflow/.local/lib/python3.8/site-packages/airflow/example_dags/example_external_task_marker_dag.py took 0.120 seconds
[2024-03-31T06:08:44.821+0000] {processor.py:161} INFO - Started process (PID=995) to work on /home/airflow/.local/lib/python3.8/site-packages/airflow/example_dags/example_external_task_marker_dag.py
[2024-03-31T06:08:44.822+0000] {processor.py:830} INFO - Processing file /home/airflow/.local/lib/python3.8/site-packages/airflow/example_dags/example_external_task_marker_dag.py for tasks to queue
[2024-03-31T06:08:44.823+0000] {logging_mixin.py:188} INFO - [2024-03-31T06:08:44.823+0000] {dagbag.py:540} INFO - Filling up the DagBag from /home/airflow/.local/lib/python3.8/site-packages/airflow/example_dags/example_external_task_marker_dag.py
[2024-03-31T06:08:44.830+0000] {processor.py:840} INFO - DAG(s) 'example_external_task_marker_child', 'example_external_task_marker_parent' retrieved from /home/airflow/.local/lib/python3.8/site-packages/airflow/example_dags/example_external_task_marker_dag.py
[2024-03-31T06:08:44.867+0000] {logging_mixin.py:188} INFO - [2024-03-31T06:08:44.866+0000] {dag.py:3047} INFO - Sync 2 DAGs
[2024-03-31T06:08:44.880+0000] {logging_mixin.py:188} INFO - [2024-03-31T06:08:44.880+0000] {dag.py:3834} INFO - Setting next_dagrun for example_external_task_marker_child to None, run_after=None
[2024-03-31T06:08:44.884+0000] {logging_mixin.py:188} INFO - [2024-03-31T06:08:44.883+0000] {dag.py:3834} INFO - Setting next_dagrun for example_external_task_marker_parent to None, run_after=None
[2024-03-31T06:08:44.901+0000] {processor.py:183} INFO - Processing /home/airflow/.local/lib/python3.8/site-packages/airflow/example_dags/example_external_task_marker_dag.py took 0.084 seconds
[2024-03-31T06:09:14.937+0000] {processor.py:161} INFO - Started process (PID=1051) to work on /home/airflow/.local/lib/python3.8/site-packages/airflow/example_dags/example_external_task_marker_dag.py
[2024-03-31T06:09:14.938+0000] {processor.py:830} INFO - Processing file /home/airflow/.local/lib/python3.8/site-packages/airflow/example_dags/example_external_task_marker_dag.py for tasks to queue
[2024-03-31T06:09:14.939+0000] {logging_mixin.py:188} INFO - [2024-03-31T06:09:14.939+0000] {dagbag.py:540} INFO - Filling up the DagBag from /home/airflow/.local/lib/python3.8/site-packages/airflow/example_dags/example_external_task_marker_dag.py
[2024-03-31T06:09:14.963+0000] {processor.py:840} INFO - DAG(s) 'example_external_task_marker_child', 'example_external_task_marker_parent' retrieved from /home/airflow/.local/lib/python3.8/site-packages/airflow/example_dags/example_external_task_marker_dag.py
[2024-03-31T06:09:15.007+0000] {logging_mixin.py:188} INFO - [2024-03-31T06:09:15.007+0000] {dag.py:3047} INFO - Sync 2 DAGs
[2024-03-31T06:09:15.022+0000] {logging_mixin.py:188} INFO - [2024-03-31T06:09:15.022+0000] {dag.py:3834} INFO - Setting next_dagrun for example_external_task_marker_child to None, run_after=None
[2024-03-31T06:09:15.029+0000] {logging_mixin.py:188} INFO - [2024-03-31T06:09:15.029+0000] {dag.py:3834} INFO - Setting next_dagrun for example_external_task_marker_parent to None, run_after=None
[2024-03-31T06:09:15.048+0000] {processor.py:183} INFO - Processing /home/airflow/.local/lib/python3.8/site-packages/airflow/example_dags/example_external_task_marker_dag.py took 0.114 seconds
[2024-03-31T06:09:45.281+0000] {processor.py:161} INFO - Started process (PID=1108) to work on /home/airflow/.local/lib/python3.8/site-packages/airflow/example_dags/example_external_task_marker_dag.py
[2024-03-31T06:09:45.282+0000] {processor.py:830} INFO - Processing file /home/airflow/.local/lib/python3.8/site-packages/airflow/example_dags/example_external_task_marker_dag.py for tasks to queue
[2024-03-31T06:09:45.283+0000] {logging_mixin.py:188} INFO - [2024-03-31T06:09:45.283+0000] {dagbag.py:540} INFO - Filling up the DagBag from /home/airflow/.local/lib/python3.8/site-packages/airflow/example_dags/example_external_task_marker_dag.py
[2024-03-31T06:09:45.288+0000] {processor.py:840} INFO - DAG(s) 'example_external_task_marker_parent', 'example_external_task_marker_child' retrieved from /home/airflow/.local/lib/python3.8/site-packages/airflow/example_dags/example_external_task_marker_dag.py
[2024-03-31T06:09:45.317+0000] {logging_mixin.py:188} INFO - [2024-03-31T06:09:45.317+0000] {dag.py:3047} INFO - Sync 2 DAGs
[2024-03-31T06:09:45.332+0000] {logging_mixin.py:188} INFO - [2024-03-31T06:09:45.331+0000] {dag.py:3834} INFO - Setting next_dagrun for example_external_task_marker_child to None, run_after=None
[2024-03-31T06:09:45.335+0000] {logging_mixin.py:188} INFO - [2024-03-31T06:09:45.335+0000] {dag.py:3834} INFO - Setting next_dagrun for example_external_task_marker_parent to None, run_after=None
[2024-03-31T06:09:45.360+0000] {processor.py:183} INFO - Processing /home/airflow/.local/lib/python3.8/site-packages/airflow/example_dags/example_external_task_marker_dag.py took 0.082 seconds
[2024-03-31T06:10:15.771+0000] {processor.py:161} INFO - Started process (PID=1164) to work on /home/airflow/.local/lib/python3.8/site-packages/airflow/example_dags/example_external_task_marker_dag.py
[2024-03-31T06:10:15.771+0000] {processor.py:830} INFO - Processing file /home/airflow/.local/lib/python3.8/site-packages/airflow/example_dags/example_external_task_marker_dag.py for tasks to queue
[2024-03-31T06:10:15.773+0000] {logging_mixin.py:188} INFO - [2024-03-31T06:10:15.773+0000] {dagbag.py:540} INFO - Filling up the DagBag from /home/airflow/.local/lib/python3.8/site-packages/airflow/example_dags/example_external_task_marker_dag.py
[2024-03-31T06:10:15.781+0000] {processor.py:840} INFO - DAG(s) 'example_external_task_marker_parent', 'example_external_task_marker_child' retrieved from /home/airflow/.local/lib/python3.8/site-packages/airflow/example_dags/example_external_task_marker_dag.py
[2024-03-31T06:10:15.804+0000] {logging_mixin.py:188} INFO - [2024-03-31T06:10:15.803+0000] {dag.py:3047} INFO - Sync 2 DAGs
[2024-03-31T06:10:15.817+0000] {logging_mixin.py:188} INFO - [2024-03-31T06:10:15.817+0000] {dag.py:3834} INFO - Setting next_dagrun for example_external_task_marker_child to None, run_after=None
[2024-03-31T06:10:15.820+0000] {logging_mixin.py:188} INFO - [2024-03-31T06:10:15.820+0000] {dag.py:3834} INFO - Setting next_dagrun for example_external_task_marker_parent to None, run_after=None
[2024-03-31T06:10:15.849+0000] {processor.py:183} INFO - Processing /home/airflow/.local/lib/python3.8/site-packages/airflow/example_dags/example_external_task_marker_dag.py took 0.080 seconds
[2024-03-31T06:10:46.193+0000] {processor.py:161} INFO - Started process (PID=1220) to work on /home/airflow/.local/lib/python3.8/site-packages/airflow/example_dags/example_external_task_marker_dag.py
[2024-03-31T06:10:46.194+0000] {processor.py:830} INFO - Processing file /home/airflow/.local/lib/python3.8/site-packages/airflow/example_dags/example_external_task_marker_dag.py for tasks to queue
[2024-03-31T06:10:46.197+0000] {logging_mixin.py:188} INFO - [2024-03-31T06:10:46.197+0000] {dagbag.py:540} INFO - Filling up the DagBag from /home/airflow/.local/lib/python3.8/site-packages/airflow/example_dags/example_external_task_marker_dag.py
[2024-03-31T06:10:46.203+0000] {processor.py:840} INFO - DAG(s) 'example_external_task_marker_child', 'example_external_task_marker_parent' retrieved from /home/airflow/.local/lib/python3.8/site-packages/airflow/example_dags/example_external_task_marker_dag.py
[2024-03-31T06:10:46.227+0000] {logging_mixin.py:188} INFO - [2024-03-31T06:10:46.226+0000] {dag.py:3047} INFO - Sync 2 DAGs
[2024-03-31T06:10:46.240+0000] {logging_mixin.py:188} INFO - [2024-03-31T06:10:46.239+0000] {dag.py:3834} INFO - Setting next_dagrun for example_external_task_marker_child to None, run_after=None
[2024-03-31T06:10:46.245+0000] {logging_mixin.py:188} INFO - [2024-03-31T06:10:46.244+0000] {dag.py:3834} INFO - Setting next_dagrun for example_external_task_marker_parent to None, run_after=None
[2024-03-31T06:10:46.263+0000] {processor.py:183} INFO - Processing /home/airflow/.local/lib/python3.8/site-packages/airflow/example_dags/example_external_task_marker_dag.py took 0.076 seconds
[2024-03-31T06:11:16.765+0000] {processor.py:161} INFO - Started process (PID=1276) to work on /home/airflow/.local/lib/python3.8/site-packages/airflow/example_dags/example_external_task_marker_dag.py
[2024-03-31T06:11:16.767+0000] {processor.py:830} INFO - Processing file /home/airflow/.local/lib/python3.8/site-packages/airflow/example_dags/example_external_task_marker_dag.py for tasks to queue
[2024-03-31T06:11:16.768+0000] {logging_mixin.py:188} INFO - [2024-03-31T06:11:16.768+0000] {dagbag.py:540} INFO - Filling up the DagBag from /home/airflow/.local/lib/python3.8/site-packages/airflow/example_dags/example_external_task_marker_dag.py
[2024-03-31T06:11:16.775+0000] {processor.py:840} INFO - DAG(s) 'example_external_task_marker_child', 'example_external_task_marker_parent' retrieved from /home/airflow/.local/lib/python3.8/site-packages/airflow/example_dags/example_external_task_marker_dag.py
[2024-03-31T06:11:16.808+0000] {logging_mixin.py:188} INFO - [2024-03-31T06:11:16.806+0000] {dag.py:3047} INFO - Sync 2 DAGs
[2024-03-31T06:11:16.836+0000] {logging_mixin.py:188} INFO - [2024-03-31T06:11:16.836+0000] {dag.py:3834} INFO - Setting next_dagrun for example_external_task_marker_child to None, run_after=None
[2024-03-31T06:11:16.852+0000] {logging_mixin.py:188} INFO - [2024-03-31T06:11:16.851+0000] {dag.py:3834} INFO - Setting next_dagrun for example_external_task_marker_parent to None, run_after=None
[2024-03-31T06:11:16.913+0000] {processor.py:183} INFO - Processing /home/airflow/.local/lib/python3.8/site-packages/airflow/example_dags/example_external_task_marker_dag.py took 0.150 seconds
[2024-03-31T06:11:47.519+0000] {processor.py:161} INFO - Started process (PID=1332) to work on /home/airflow/.local/lib/python3.8/site-packages/airflow/example_dags/example_external_task_marker_dag.py
[2024-03-31T06:11:47.520+0000] {processor.py:830} INFO - Processing file /home/airflow/.local/lib/python3.8/site-packages/airflow/example_dags/example_external_task_marker_dag.py for tasks to queue
[2024-03-31T06:11:47.523+0000] {logging_mixin.py:188} INFO - [2024-03-31T06:11:47.522+0000] {dagbag.py:540} INFO - Filling up the DagBag from /home/airflow/.local/lib/python3.8/site-packages/airflow/example_dags/example_external_task_marker_dag.py
[2024-03-31T06:11:47.532+0000] {processor.py:840} INFO - DAG(s) 'example_external_task_marker_parent', 'example_external_task_marker_child' retrieved from /home/airflow/.local/lib/python3.8/site-packages/airflow/example_dags/example_external_task_marker_dag.py
[2024-03-31T06:11:47.560+0000] {logging_mixin.py:188} INFO - [2024-03-31T06:11:47.560+0000] {dag.py:3047} INFO - Sync 2 DAGs
[2024-03-31T06:11:47.572+0000] {logging_mixin.py:188} INFO - [2024-03-31T06:11:47.572+0000] {dag.py:3834} INFO - Setting next_dagrun for example_external_task_marker_child to None, run_after=None
[2024-03-31T06:11:47.579+0000] {logging_mixin.py:188} INFO - [2024-03-31T06:11:47.579+0000] {dag.py:3834} INFO - Setting next_dagrun for example_external_task_marker_parent to None, run_after=None
[2024-03-31T06:11:47.602+0000] {processor.py:183} INFO - Processing /home/airflow/.local/lib/python3.8/site-packages/airflow/example_dags/example_external_task_marker_dag.py took 0.085 seconds
[2024-03-31T06:12:18.248+0000] {processor.py:161} INFO - Started process (PID=1388) to work on /home/airflow/.local/lib/python3.8/site-packages/airflow/example_dags/example_external_task_marker_dag.py
[2024-03-31T06:12:18.254+0000] {processor.py:830} INFO - Processing file /home/airflow/.local/lib/python3.8/site-packages/airflow/example_dags/example_external_task_marker_dag.py for tasks to queue
[2024-03-31T06:12:18.278+0000] {logging_mixin.py:188} INFO - [2024-03-31T06:12:18.277+0000] {dagbag.py:540} INFO - Filling up the DagBag from /home/airflow/.local/lib/python3.8/site-packages/airflow/example_dags/example_external_task_marker_dag.py
[2024-03-31T06:12:18.294+0000] {processor.py:840} INFO - DAG(s) 'example_external_task_marker_parent', 'example_external_task_marker_child' retrieved from /home/airflow/.local/lib/python3.8/site-packages/airflow/example_dags/example_external_task_marker_dag.py
[2024-03-31T06:12:18.338+0000] {logging_mixin.py:188} INFO - [2024-03-31T06:12:18.335+0000] {dag.py:3047} INFO - Sync 2 DAGs
[2024-03-31T06:12:18.383+0000] {logging_mixin.py:188} INFO - [2024-03-31T06:12:18.382+0000] {dag.py:3834} INFO - Setting next_dagrun for example_external_task_marker_child to None, run_after=None
[2024-03-31T06:12:18.399+0000] {logging_mixin.py:188} INFO - [2024-03-31T06:12:18.398+0000] {dag.py:3834} INFO - Setting next_dagrun for example_external_task_marker_parent to None, run_after=None
[2024-03-31T06:12:18.477+0000] {processor.py:183} INFO - Processing /home/airflow/.local/lib/python3.8/site-packages/airflow/example_dags/example_external_task_marker_dag.py took 0.240 seconds
[2024-03-31T06:13:49.304+0000] {processor.py:161} INFO - Started process (PID=89) to work on /home/airflow/.local/lib/python3.8/site-packages/airflow/example_dags/example_external_task_marker_dag.py
[2024-03-31T06:13:49.318+0000] {processor.py:830} INFO - Processing file /home/airflow/.local/lib/python3.8/site-packages/airflow/example_dags/example_external_task_marker_dag.py for tasks to queue
[2024-03-31T06:13:49.322+0000] {logging_mixin.py:188} INFO - [2024-03-31T06:13:49.322+0000] {dagbag.py:540} INFO - Filling up the DagBag from /home/airflow/.local/lib/python3.8/site-packages/airflow/example_dags/example_external_task_marker_dag.py
[2024-03-31T06:13:49.336+0000] {processor.py:840} INFO - DAG(s) 'example_external_task_marker_parent', 'example_external_task_marker_child' retrieved from /home/airflow/.local/lib/python3.8/site-packages/airflow/example_dags/example_external_task_marker_dag.py
[2024-03-31T06:13:49.398+0000] {logging_mixin.py:188} INFO - [2024-03-31T06:13:49.397+0000] {dag.py:3047} INFO - Sync 2 DAGs
[2024-03-31T06:13:49.454+0000] {logging_mixin.py:188} INFO - [2024-03-31T06:13:49.454+0000] {dag.py:3834} INFO - Setting next_dagrun for example_external_task_marker_child to None, run_after=None
[2024-03-31T06:13:49.472+0000] {logging_mixin.py:188} INFO - [2024-03-31T06:13:49.472+0000] {dag.py:3834} INFO - Setting next_dagrun for example_external_task_marker_parent to None, run_after=None
[2024-03-31T06:13:49.566+0000] {processor.py:183} INFO - Processing /home/airflow/.local/lib/python3.8/site-packages/airflow/example_dags/example_external_task_marker_dag.py took 0.276 seconds
