[2024-03-31T06:00:20.317+0000] {processor.py:161} INFO - Started process (PID=67) to work on /home/airflow/.local/lib/python3.8/site-packages/airflow/example_dags/example_branch_operator.py
[2024-03-31T06:00:20.322+0000] {processor.py:830} INFO - Processing file /home/airflow/.local/lib/python3.8/site-packages/airflow/example_dags/example_branch_operator.py for tasks to queue
[2024-03-31T06:00:20.328+0000] {logging_mixin.py:188} INFO - [2024-03-31T06:00:20.328+0000] {dagbag.py:540} INFO - Filling up the DagBag from /home/airflow/.local/lib/python3.8/site-packages/airflow/example_dags/example_branch_operator.py
[2024-03-31T06:00:20.357+0000] {processor.py:840} INFO - DAG(s) 'example_branch_operator' retrieved from /home/airflow/.local/lib/python3.8/site-packages/airflow/example_dags/example_branch_operator.py
[2024-03-31T06:00:20.538+0000] {logging_mixin.py:188} INFO - [2024-03-31T06:00:20.537+0000] {dag.py:3047} INFO - Sync 1 DAGs
[2024-03-31T06:00:20.629+0000] {logging_mixin.py:188} INFO - [2024-03-31T06:00:20.629+0000] {dag.py:3834} INFO - Setting next_dagrun for example_branch_operator to 2024-03-30 00:00:00+00:00, run_after=2024-03-31 00:00:00+00:00
[2024-03-31T06:00:20.672+0000] {processor.py:183} INFO - Processing /home/airflow/.local/lib/python3.8/site-packages/airflow/example_dags/example_branch_operator.py took 0.358 seconds
[2024-03-31T06:00:51.623+0000] {processor.py:161} INFO - Started process (PID=122) to work on /home/airflow/.local/lib/python3.8/site-packages/airflow/example_dags/example_branch_operator.py
[2024-03-31T06:00:51.623+0000] {processor.py:830} INFO - Processing file /home/airflow/.local/lib/python3.8/site-packages/airflow/example_dags/example_branch_operator.py for tasks to queue
[2024-03-31T06:00:51.631+0000] {logging_mixin.py:188} INFO - [2024-03-31T06:00:51.628+0000] {dagbag.py:540} INFO - Filling up the DagBag from /home/airflow/.local/lib/python3.8/site-packages/airflow/example_dags/example_branch_operator.py
[2024-03-31T06:00:51.683+0000] {processor.py:840} INFO - DAG(s) 'example_branch_operator' retrieved from /home/airflow/.local/lib/python3.8/site-packages/airflow/example_dags/example_branch_operator.py
[2024-03-31T06:00:51.718+0000] {logging_mixin.py:188} INFO - [2024-03-31T06:00:51.717+0000] {dag.py:3047} INFO - Sync 1 DAGs
[2024-03-31T06:00:51.749+0000] {logging_mixin.py:188} INFO - [2024-03-31T06:00:51.749+0000] {dag.py:3834} INFO - Setting next_dagrun for example_branch_operator to 2024-03-30 00:00:00+00:00, run_after=2024-03-31 00:00:00+00:00
[2024-03-31T06:00:51.780+0000] {processor.py:183} INFO - Processing /home/airflow/.local/lib/python3.8/site-packages/airflow/example_dags/example_branch_operator.py took 0.160 seconds
[2024-03-31T06:01:22.058+0000] {processor.py:161} INFO - Started process (PID=178) to work on /home/airflow/.local/lib/python3.8/site-packages/airflow/example_dags/example_branch_operator.py
[2024-03-31T06:01:22.058+0000] {processor.py:830} INFO - Processing file /home/airflow/.local/lib/python3.8/site-packages/airflow/example_dags/example_branch_operator.py for tasks to queue
[2024-03-31T06:01:22.060+0000] {logging_mixin.py:188} INFO - [2024-03-31T06:01:22.060+0000] {dagbag.py:540} INFO - Filling up the DagBag from /home/airflow/.local/lib/python3.8/site-packages/airflow/example_dags/example_branch_operator.py
[2024-03-31T06:01:22.105+0000] {processor.py:840} INFO - DAG(s) 'example_branch_operator' retrieved from /home/airflow/.local/lib/python3.8/site-packages/airflow/example_dags/example_branch_operator.py
[2024-03-31T06:01:22.132+0000] {logging_mixin.py:188} INFO - [2024-03-31T06:01:22.130+0000] {dag.py:3047} INFO - Sync 1 DAGs
[2024-03-31T06:01:22.174+0000] {logging_mixin.py:188} INFO - [2024-03-31T06:01:22.174+0000] {dag.py:3834} INFO - Setting next_dagrun for example_branch_operator to 2024-03-30 00:00:00+00:00, run_after=2024-03-31 00:00:00+00:00
[2024-03-31T06:01:22.214+0000] {processor.py:183} INFO - Processing /home/airflow/.local/lib/python3.8/site-packages/airflow/example_dags/example_branch_operator.py took 0.159 seconds
[2024-03-31T06:01:53.036+0000] {processor.py:161} INFO - Started process (PID=234) to work on /home/airflow/.local/lib/python3.8/site-packages/airflow/example_dags/example_branch_operator.py
[2024-03-31T06:01:53.037+0000] {processor.py:830} INFO - Processing file /home/airflow/.local/lib/python3.8/site-packages/airflow/example_dags/example_branch_operator.py for tasks to queue
[2024-03-31T06:01:53.039+0000] {logging_mixin.py:188} INFO - [2024-03-31T06:01:53.039+0000] {dagbag.py:540} INFO - Filling up the DagBag from /home/airflow/.local/lib/python3.8/site-packages/airflow/example_dags/example_branch_operator.py
[2024-03-31T06:01:53.061+0000] {processor.py:840} INFO - DAG(s) 'example_branch_operator' retrieved from /home/airflow/.local/lib/python3.8/site-packages/airflow/example_dags/example_branch_operator.py
[2024-03-31T06:01:53.108+0000] {logging_mixin.py:188} INFO - [2024-03-31T06:01:53.106+0000] {dag.py:3047} INFO - Sync 1 DAGs
[2024-03-31T06:01:53.213+0000] {logging_mixin.py:188} INFO - [2024-03-31T06:01:53.212+0000] {dag.py:3834} INFO - Setting next_dagrun for example_branch_operator to 2024-03-30 00:00:00+00:00, run_after=2024-03-31 00:00:00+00:00
[2024-03-31T06:01:53.282+0000] {processor.py:183} INFO - Processing /home/airflow/.local/lib/python3.8/site-packages/airflow/example_dags/example_branch_operator.py took 0.249 seconds
[2024-03-31T06:02:23.468+0000] {processor.py:161} INFO - Started process (PID=290) to work on /home/airflow/.local/lib/python3.8/site-packages/airflow/example_dags/example_branch_operator.py
[2024-03-31T06:02:23.469+0000] {processor.py:830} INFO - Processing file /home/airflow/.local/lib/python3.8/site-packages/airflow/example_dags/example_branch_operator.py for tasks to queue
[2024-03-31T06:02:23.471+0000] {logging_mixin.py:188} INFO - [2024-03-31T06:02:23.471+0000] {dagbag.py:540} INFO - Filling up the DagBag from /home/airflow/.local/lib/python3.8/site-packages/airflow/example_dags/example_branch_operator.py
[2024-03-31T06:02:23.512+0000] {processor.py:840} INFO - DAG(s) 'example_branch_operator' retrieved from /home/airflow/.local/lib/python3.8/site-packages/airflow/example_dags/example_branch_operator.py
[2024-03-31T06:02:23.537+0000] {logging_mixin.py:188} INFO - [2024-03-31T06:02:23.536+0000] {dag.py:3047} INFO - Sync 1 DAGs
[2024-03-31T06:02:23.591+0000] {logging_mixin.py:188} INFO - [2024-03-31T06:02:23.591+0000] {dag.py:3834} INFO - Setting next_dagrun for example_branch_operator to 2024-03-30 00:00:00+00:00, run_after=2024-03-31 00:00:00+00:00
[2024-03-31T06:02:23.614+0000] {processor.py:183} INFO - Processing /home/airflow/.local/lib/python3.8/site-packages/airflow/example_dags/example_branch_operator.py took 0.150 seconds
[2024-03-31T06:02:54.010+0000] {processor.py:161} INFO - Started process (PID=346) to work on /home/airflow/.local/lib/python3.8/site-packages/airflow/example_dags/example_branch_operator.py
[2024-03-31T06:02:54.011+0000] {processor.py:830} INFO - Processing file /home/airflow/.local/lib/python3.8/site-packages/airflow/example_dags/example_branch_operator.py for tasks to queue
[2024-03-31T06:02:54.014+0000] {logging_mixin.py:188} INFO - [2024-03-31T06:02:54.013+0000] {dagbag.py:540} INFO - Filling up the DagBag from /home/airflow/.local/lib/python3.8/site-packages/airflow/example_dags/example_branch_operator.py
[2024-03-31T06:02:54.054+0000] {processor.py:840} INFO - DAG(s) 'example_branch_operator' retrieved from /home/airflow/.local/lib/python3.8/site-packages/airflow/example_dags/example_branch_operator.py
[2024-03-31T06:02:54.215+0000] {logging_mixin.py:188} INFO - [2024-03-31T06:02:54.214+0000] {dag.py:3047} INFO - Sync 1 DAGs
[2024-03-31T06:02:54.239+0000] {logging_mixin.py:188} INFO - [2024-03-31T06:02:54.239+0000] {dag.py:3834} INFO - Setting next_dagrun for example_branch_operator to 2024-03-30 00:00:00+00:00, run_after=2024-03-31 00:00:00+00:00
[2024-03-31T06:02:54.260+0000] {processor.py:183} INFO - Processing /home/airflow/.local/lib/python3.8/site-packages/airflow/example_dags/example_branch_operator.py took 0.252 seconds
[2024-03-31T06:03:24.631+0000] {processor.py:161} INFO - Started process (PID=402) to work on /home/airflow/.local/lib/python3.8/site-packages/airflow/example_dags/example_branch_operator.py
[2024-03-31T06:03:24.632+0000] {processor.py:830} INFO - Processing file /home/airflow/.local/lib/python3.8/site-packages/airflow/example_dags/example_branch_operator.py for tasks to queue
[2024-03-31T06:03:24.635+0000] {logging_mixin.py:188} INFO - [2024-03-31T06:03:24.634+0000] {dagbag.py:540} INFO - Filling up the DagBag from /home/airflow/.local/lib/python3.8/site-packages/airflow/example_dags/example_branch_operator.py
[2024-03-31T06:03:24.654+0000] {processor.py:840} INFO - DAG(s) 'example_branch_operator' retrieved from /home/airflow/.local/lib/python3.8/site-packages/airflow/example_dags/example_branch_operator.py
[2024-03-31T06:03:24.684+0000] {logging_mixin.py:188} INFO - [2024-03-31T06:03:24.684+0000] {dag.py:3047} INFO - Sync 1 DAGs
[2024-03-31T06:03:24.709+0000] {logging_mixin.py:188} INFO - [2024-03-31T06:03:24.709+0000] {dag.py:3834} INFO - Setting next_dagrun for example_branch_operator to 2024-03-30 00:00:00+00:00, run_after=2024-03-31 00:00:00+00:00
[2024-03-31T06:03:24.738+0000] {processor.py:183} INFO - Processing /home/airflow/.local/lib/python3.8/site-packages/airflow/example_dags/example_branch_operator.py took 0.111 seconds
[2024-03-31T06:03:55.669+0000] {processor.py:161} INFO - Started process (PID=458) to work on /home/airflow/.local/lib/python3.8/site-packages/airflow/example_dags/example_branch_operator.py
[2024-03-31T06:03:55.670+0000] {processor.py:830} INFO - Processing file /home/airflow/.local/lib/python3.8/site-packages/airflow/example_dags/example_branch_operator.py for tasks to queue
[2024-03-31T06:03:55.672+0000] {logging_mixin.py:188} INFO - [2024-03-31T06:03:55.671+0000] {dagbag.py:540} INFO - Filling up the DagBag from /home/airflow/.local/lib/python3.8/site-packages/airflow/example_dags/example_branch_operator.py
[2024-03-31T06:03:55.690+0000] {processor.py:840} INFO - DAG(s) 'example_branch_operator' retrieved from /home/airflow/.local/lib/python3.8/site-packages/airflow/example_dags/example_branch_operator.py
[2024-03-31T06:03:55.758+0000] {logging_mixin.py:188} INFO - [2024-03-31T06:03:55.758+0000] {dag.py:3047} INFO - Sync 1 DAGs
[2024-03-31T06:03:55.802+0000] {logging_mixin.py:188} INFO - [2024-03-31T06:03:55.802+0000] {dag.py:3834} INFO - Setting next_dagrun for example_branch_operator to 2024-03-30 00:00:00+00:00, run_after=2024-03-31 00:00:00+00:00
[2024-03-31T06:03:55.835+0000] {processor.py:183} INFO - Processing /home/airflow/.local/lib/python3.8/site-packages/airflow/example_dags/example_branch_operator.py took 0.169 seconds
[2024-03-31T06:04:25.957+0000] {processor.py:161} INFO - Started process (PID=514) to work on /home/airflow/.local/lib/python3.8/site-packages/airflow/example_dags/example_branch_operator.py
[2024-03-31T06:04:25.958+0000] {processor.py:830} INFO - Processing file /home/airflow/.local/lib/python3.8/site-packages/airflow/example_dags/example_branch_operator.py for tasks to queue
[2024-03-31T06:04:25.960+0000] {logging_mixin.py:188} INFO - [2024-03-31T06:04:25.959+0000] {dagbag.py:540} INFO - Filling up the DagBag from /home/airflow/.local/lib/python3.8/site-packages/airflow/example_dags/example_branch_operator.py
[2024-03-31T06:04:25.981+0000] {processor.py:840} INFO - DAG(s) 'example_branch_operator' retrieved from /home/airflow/.local/lib/python3.8/site-packages/airflow/example_dags/example_branch_operator.py
[2024-03-31T06:04:26.006+0000] {logging_mixin.py:188} INFO - [2024-03-31T06:04:26.006+0000] {dag.py:3047} INFO - Sync 1 DAGs
[2024-03-31T06:04:26.032+0000] {logging_mixin.py:188} INFO - [2024-03-31T06:04:26.032+0000] {dag.py:3834} INFO - Setting next_dagrun for example_branch_operator to 2024-03-30 00:00:00+00:00, run_after=2024-03-31 00:00:00+00:00
[2024-03-31T06:04:26.060+0000] {processor.py:183} INFO - Processing /home/airflow/.local/lib/python3.8/site-packages/airflow/example_dags/example_branch_operator.py took 0.105 seconds
[2024-03-31T06:04:56.644+0000] {processor.py:161} INFO - Started process (PID=570) to work on /home/airflow/.local/lib/python3.8/site-packages/airflow/example_dags/example_branch_operator.py
[2024-03-31T06:04:56.645+0000] {processor.py:830} INFO - Processing file /home/airflow/.local/lib/python3.8/site-packages/airflow/example_dags/example_branch_operator.py for tasks to queue
[2024-03-31T06:04:56.649+0000] {logging_mixin.py:188} INFO - [2024-03-31T06:04:56.648+0000] {dagbag.py:540} INFO - Filling up the DagBag from /home/airflow/.local/lib/python3.8/site-packages/airflow/example_dags/example_branch_operator.py
[2024-03-31T06:04:56.679+0000] {processor.py:840} INFO - DAG(s) 'example_branch_operator' retrieved from /home/airflow/.local/lib/python3.8/site-packages/airflow/example_dags/example_branch_operator.py
[2024-03-31T06:04:56.710+0000] {logging_mixin.py:188} INFO - [2024-03-31T06:04:56.710+0000] {dag.py:3047} INFO - Sync 1 DAGs
[2024-03-31T06:04:56.741+0000] {logging_mixin.py:188} INFO - [2024-03-31T06:04:56.741+0000] {dag.py:3834} INFO - Setting next_dagrun for example_branch_operator to 2024-03-30 00:00:00+00:00, run_after=2024-03-31 00:00:00+00:00
[2024-03-31T06:04:56.763+0000] {processor.py:183} INFO - Processing /home/airflow/.local/lib/python3.8/site-packages/airflow/example_dags/example_branch_operator.py took 0.123 seconds
[2024-03-31T06:05:27.114+0000] {processor.py:161} INFO - Started process (PID=626) to work on /home/airflow/.local/lib/python3.8/site-packages/airflow/example_dags/example_branch_operator.py
[2024-03-31T06:05:27.115+0000] {processor.py:830} INFO - Processing file /home/airflow/.local/lib/python3.8/site-packages/airflow/example_dags/example_branch_operator.py for tasks to queue
[2024-03-31T06:05:27.117+0000] {logging_mixin.py:188} INFO - [2024-03-31T06:05:27.117+0000] {dagbag.py:540} INFO - Filling up the DagBag from /home/airflow/.local/lib/python3.8/site-packages/airflow/example_dags/example_branch_operator.py
[2024-03-31T06:05:27.138+0000] {processor.py:840} INFO - DAG(s) 'example_branch_operator' retrieved from /home/airflow/.local/lib/python3.8/site-packages/airflow/example_dags/example_branch_operator.py
[2024-03-31T06:05:27.167+0000] {logging_mixin.py:188} INFO - [2024-03-31T06:05:27.167+0000] {dag.py:3047} INFO - Sync 1 DAGs
[2024-03-31T06:05:27.190+0000] {logging_mixin.py:188} INFO - [2024-03-31T06:05:27.190+0000] {dag.py:3834} INFO - Setting next_dagrun for example_branch_operator to 2024-03-30 00:00:00+00:00, run_after=2024-03-31 00:00:00+00:00
[2024-03-31T06:05:27.222+0000] {processor.py:183} INFO - Processing /home/airflow/.local/lib/python3.8/site-packages/airflow/example_dags/example_branch_operator.py took 0.112 seconds
[2024-03-31T06:05:57.994+0000] {processor.py:161} INFO - Started process (PID=682) to work on /home/airflow/.local/lib/python3.8/site-packages/airflow/example_dags/example_branch_operator.py
[2024-03-31T06:05:57.996+0000] {processor.py:830} INFO - Processing file /home/airflow/.local/lib/python3.8/site-packages/airflow/example_dags/example_branch_operator.py for tasks to queue
[2024-03-31T06:05:57.998+0000] {logging_mixin.py:188} INFO - [2024-03-31T06:05:57.998+0000] {dagbag.py:540} INFO - Filling up the DagBag from /home/airflow/.local/lib/python3.8/site-packages/airflow/example_dags/example_branch_operator.py
[2024-03-31T06:05:58.018+0000] {processor.py:840} INFO - DAG(s) 'example_branch_operator' retrieved from /home/airflow/.local/lib/python3.8/site-packages/airflow/example_dags/example_branch_operator.py
[2024-03-31T06:05:58.047+0000] {logging_mixin.py:188} INFO - [2024-03-31T06:05:58.047+0000] {dag.py:3047} INFO - Sync 1 DAGs
[2024-03-31T06:05:58.074+0000] {logging_mixin.py:188} INFO - [2024-03-31T06:05:58.074+0000] {dag.py:3834} INFO - Setting next_dagrun for example_branch_operator to 2024-03-30 00:00:00+00:00, run_after=2024-03-31 00:00:00+00:00
[2024-03-31T06:05:58.098+0000] {processor.py:183} INFO - Processing /home/airflow/.local/lib/python3.8/site-packages/airflow/example_dags/example_branch_operator.py took 0.107 seconds
[2024-03-31T06:06:28.236+0000] {processor.py:161} INFO - Started process (PID=738) to work on /home/airflow/.local/lib/python3.8/site-packages/airflow/example_dags/example_branch_operator.py
[2024-03-31T06:06:28.237+0000] {processor.py:830} INFO - Processing file /home/airflow/.local/lib/python3.8/site-packages/airflow/example_dags/example_branch_operator.py for tasks to queue
[2024-03-31T06:06:28.239+0000] {logging_mixin.py:188} INFO - [2024-03-31T06:06:28.238+0000] {dagbag.py:540} INFO - Filling up the DagBag from /home/airflow/.local/lib/python3.8/site-packages/airflow/example_dags/example_branch_operator.py
[2024-03-31T06:06:28.265+0000] {processor.py:840} INFO - DAG(s) 'example_branch_operator' retrieved from /home/airflow/.local/lib/python3.8/site-packages/airflow/example_dags/example_branch_operator.py
[2024-03-31T06:06:28.298+0000] {logging_mixin.py:188} INFO - [2024-03-31T06:06:28.298+0000] {dag.py:3047} INFO - Sync 1 DAGs
[2024-03-31T06:06:28.324+0000] {logging_mixin.py:188} INFO - [2024-03-31T06:06:28.323+0000] {dag.py:3834} INFO - Setting next_dagrun for example_branch_operator to 2024-03-30 00:00:00+00:00, run_after=2024-03-31 00:00:00+00:00
[2024-03-31T06:06:28.358+0000] {processor.py:183} INFO - Processing /home/airflow/.local/lib/python3.8/site-packages/airflow/example_dags/example_branch_operator.py took 0.125 seconds
[2024-03-31T06:06:59.214+0000] {processor.py:161} INFO - Started process (PID=794) to work on /home/airflow/.local/lib/python3.8/site-packages/airflow/example_dags/example_branch_operator.py
[2024-03-31T06:06:59.215+0000] {processor.py:830} INFO - Processing file /home/airflow/.local/lib/python3.8/site-packages/airflow/example_dags/example_branch_operator.py for tasks to queue
[2024-03-31T06:06:59.217+0000] {logging_mixin.py:188} INFO - [2024-03-31T06:06:59.217+0000] {dagbag.py:540} INFO - Filling up the DagBag from /home/airflow/.local/lib/python3.8/site-packages/airflow/example_dags/example_branch_operator.py
[2024-03-31T06:06:59.241+0000] {processor.py:840} INFO - DAG(s) 'example_branch_operator' retrieved from /home/airflow/.local/lib/python3.8/site-packages/airflow/example_dags/example_branch_operator.py
[2024-03-31T06:06:59.283+0000] {logging_mixin.py:188} INFO - [2024-03-31T06:06:59.282+0000] {dag.py:3047} INFO - Sync 1 DAGs
[2024-03-31T06:06:59.309+0000] {logging_mixin.py:188} INFO - [2024-03-31T06:06:59.309+0000] {dag.py:3834} INFO - Setting next_dagrun for example_branch_operator to 2024-03-30 00:00:00+00:00, run_after=2024-03-31 00:00:00+00:00
[2024-03-31T06:06:59.353+0000] {processor.py:183} INFO - Processing /home/airflow/.local/lib/python3.8/site-packages/airflow/example_dags/example_branch_operator.py took 0.148 seconds
[2024-03-31T06:07:29.624+0000] {processor.py:161} INFO - Started process (PID=851) to work on /home/airflow/.local/lib/python3.8/site-packages/airflow/example_dags/example_branch_operator.py
[2024-03-31T06:07:29.625+0000] {processor.py:830} INFO - Processing file /home/airflow/.local/lib/python3.8/site-packages/airflow/example_dags/example_branch_operator.py for tasks to queue
[2024-03-31T06:07:29.629+0000] {logging_mixin.py:188} INFO - [2024-03-31T06:07:29.629+0000] {dagbag.py:540} INFO - Filling up the DagBag from /home/airflow/.local/lib/python3.8/site-packages/airflow/example_dags/example_branch_operator.py
[2024-03-31T06:07:29.648+0000] {processor.py:840} INFO - DAG(s) 'example_branch_operator' retrieved from /home/airflow/.local/lib/python3.8/site-packages/airflow/example_dags/example_branch_operator.py
[2024-03-31T06:07:29.674+0000] {logging_mixin.py:188} INFO - [2024-03-31T06:07:29.674+0000] {dag.py:3047} INFO - Sync 1 DAGs
[2024-03-31T06:07:29.701+0000] {logging_mixin.py:188} INFO - [2024-03-31T06:07:29.701+0000] {dag.py:3834} INFO - Setting next_dagrun for example_branch_operator to 2024-03-30 00:00:00+00:00, run_after=2024-03-31 00:00:00+00:00
[2024-03-31T06:07:29.722+0000] {processor.py:183} INFO - Processing /home/airflow/.local/lib/python3.8/site-packages/airflow/example_dags/example_branch_operator.py took 0.101 seconds
[2024-03-31T06:07:59.820+0000] {processor.py:161} INFO - Started process (PID=907) to work on /home/airflow/.local/lib/python3.8/site-packages/airflow/example_dags/example_branch_operator.py
[2024-03-31T06:07:59.821+0000] {processor.py:830} INFO - Processing file /home/airflow/.local/lib/python3.8/site-packages/airflow/example_dags/example_branch_operator.py for tasks to queue
[2024-03-31T06:07:59.823+0000] {logging_mixin.py:188} INFO - [2024-03-31T06:07:59.823+0000] {dagbag.py:540} INFO - Filling up the DagBag from /home/airflow/.local/lib/python3.8/site-packages/airflow/example_dags/example_branch_operator.py
[2024-03-31T06:07:59.845+0000] {processor.py:840} INFO - DAG(s) 'example_branch_operator' retrieved from /home/airflow/.local/lib/python3.8/site-packages/airflow/example_dags/example_branch_operator.py
[2024-03-31T06:07:59.874+0000] {logging_mixin.py:188} INFO - [2024-03-31T06:07:59.873+0000] {dag.py:3047} INFO - Sync 1 DAGs
[2024-03-31T06:07:59.900+0000] {logging_mixin.py:188} INFO - [2024-03-31T06:07:59.900+0000] {dag.py:3834} INFO - Setting next_dagrun for example_branch_operator to 2024-03-30 00:00:00+00:00, run_after=2024-03-31 00:00:00+00:00
[2024-03-31T06:07:59.925+0000] {processor.py:183} INFO - Processing /home/airflow/.local/lib/python3.8/site-packages/airflow/example_dags/example_branch_operator.py took 0.107 seconds
[2024-03-31T06:08:29.998+0000] {processor.py:161} INFO - Started process (PID=963) to work on /home/airflow/.local/lib/python3.8/site-packages/airflow/example_dags/example_branch_operator.py
[2024-03-31T06:08:29.999+0000] {processor.py:830} INFO - Processing file /home/airflow/.local/lib/python3.8/site-packages/airflow/example_dags/example_branch_operator.py for tasks to queue
[2024-03-31T06:08:30.000+0000] {logging_mixin.py:188} INFO - [2024-03-31T06:08:30.000+0000] {dagbag.py:540} INFO - Filling up the DagBag from /home/airflow/.local/lib/python3.8/site-packages/airflow/example_dags/example_branch_operator.py
[2024-03-31T06:08:30.020+0000] {processor.py:840} INFO - DAG(s) 'example_branch_operator' retrieved from /home/airflow/.local/lib/python3.8/site-packages/airflow/example_dags/example_branch_operator.py
[2024-03-31T06:08:30.059+0000] {logging_mixin.py:188} INFO - [2024-03-31T06:08:30.058+0000] {dag.py:3047} INFO - Sync 1 DAGs
[2024-03-31T06:08:30.087+0000] {logging_mixin.py:188} INFO - [2024-03-31T06:08:30.087+0000] {dag.py:3834} INFO - Setting next_dagrun for example_branch_operator to 2024-03-30 00:00:00+00:00, run_after=2024-03-31 00:00:00+00:00
[2024-03-31T06:08:30.113+0000] {processor.py:183} INFO - Processing /home/airflow/.local/lib/python3.8/site-packages/airflow/example_dags/example_branch_operator.py took 0.121 seconds
[2024-03-31T06:09:00.264+0000] {processor.py:161} INFO - Started process (PID=1019) to work on /home/airflow/.local/lib/python3.8/site-packages/airflow/example_dags/example_branch_operator.py
[2024-03-31T06:09:00.265+0000] {processor.py:830} INFO - Processing file /home/airflow/.local/lib/python3.8/site-packages/airflow/example_dags/example_branch_operator.py for tasks to queue
[2024-03-31T06:09:00.266+0000] {logging_mixin.py:188} INFO - [2024-03-31T06:09:00.266+0000] {dagbag.py:540} INFO - Filling up the DagBag from /home/airflow/.local/lib/python3.8/site-packages/airflow/example_dags/example_branch_operator.py
[2024-03-31T06:09:00.288+0000] {processor.py:840} INFO - DAG(s) 'example_branch_operator' retrieved from /home/airflow/.local/lib/python3.8/site-packages/airflow/example_dags/example_branch_operator.py
[2024-03-31T06:09:00.317+0000] {logging_mixin.py:188} INFO - [2024-03-31T06:09:00.316+0000] {dag.py:3047} INFO - Sync 1 DAGs
[2024-03-31T06:09:00.345+0000] {logging_mixin.py:188} INFO - [2024-03-31T06:09:00.345+0000] {dag.py:3834} INFO - Setting next_dagrun for example_branch_operator to 2024-03-30 00:00:00+00:00, run_after=2024-03-31 00:00:00+00:00
[2024-03-31T06:09:00.385+0000] {processor.py:183} INFO - Processing /home/airflow/.local/lib/python3.8/site-packages/airflow/example_dags/example_branch_operator.py took 0.123 seconds
[2024-03-31T06:09:30.758+0000] {processor.py:161} INFO - Started process (PID=1076) to work on /home/airflow/.local/lib/python3.8/site-packages/airflow/example_dags/example_branch_operator.py
[2024-03-31T06:09:30.761+0000] {processor.py:830} INFO - Processing file /home/airflow/.local/lib/python3.8/site-packages/airflow/example_dags/example_branch_operator.py for tasks to queue
[2024-03-31T06:09:30.763+0000] {logging_mixin.py:188} INFO - [2024-03-31T06:09:30.762+0000] {dagbag.py:540} INFO - Filling up the DagBag from /home/airflow/.local/lib/python3.8/site-packages/airflow/example_dags/example_branch_operator.py
[2024-03-31T06:09:30.788+0000] {processor.py:840} INFO - DAG(s) 'example_branch_operator' retrieved from /home/airflow/.local/lib/python3.8/site-packages/airflow/example_dags/example_branch_operator.py
[2024-03-31T06:09:30.835+0000] {logging_mixin.py:188} INFO - [2024-03-31T06:09:30.834+0000] {dag.py:3047} INFO - Sync 1 DAGs
[2024-03-31T06:09:30.862+0000] {logging_mixin.py:188} INFO - [2024-03-31T06:09:30.861+0000] {dag.py:3834} INFO - Setting next_dagrun for example_branch_operator to 2024-03-30 00:00:00+00:00, run_after=2024-03-31 00:00:00+00:00
[2024-03-31T06:09:30.887+0000] {processor.py:183} INFO - Processing /home/airflow/.local/lib/python3.8/site-packages/airflow/example_dags/example_branch_operator.py took 0.131 seconds
[2024-03-31T06:10:01.257+0000] {processor.py:161} INFO - Started process (PID=1133) to work on /home/airflow/.local/lib/python3.8/site-packages/airflow/example_dags/example_branch_operator.py
[2024-03-31T06:10:01.258+0000] {processor.py:830} INFO - Processing file /home/airflow/.local/lib/python3.8/site-packages/airflow/example_dags/example_branch_operator.py for tasks to queue
[2024-03-31T06:10:01.261+0000] {logging_mixin.py:188} INFO - [2024-03-31T06:10:01.261+0000] {dagbag.py:540} INFO - Filling up the DagBag from /home/airflow/.local/lib/python3.8/site-packages/airflow/example_dags/example_branch_operator.py
[2024-03-31T06:10:01.279+0000] {processor.py:840} INFO - DAG(s) 'example_branch_operator' retrieved from /home/airflow/.local/lib/python3.8/site-packages/airflow/example_dags/example_branch_operator.py
[2024-03-31T06:10:01.310+0000] {logging_mixin.py:188} INFO - [2024-03-31T06:10:01.310+0000] {dag.py:3047} INFO - Sync 1 DAGs
[2024-03-31T06:10:01.335+0000] {logging_mixin.py:188} INFO - [2024-03-31T06:10:01.334+0000] {dag.py:3834} INFO - Setting next_dagrun for example_branch_operator to 2024-03-30 00:00:00+00:00, run_after=2024-03-31 00:00:00+00:00
[2024-03-31T06:10:01.360+0000] {processor.py:183} INFO - Processing /home/airflow/.local/lib/python3.8/site-packages/airflow/example_dags/example_branch_operator.py took 0.106 seconds
[2024-03-31T06:10:31.689+0000] {processor.py:161} INFO - Started process (PID=1189) to work on /home/airflow/.local/lib/python3.8/site-packages/airflow/example_dags/example_branch_operator.py
[2024-03-31T06:10:31.689+0000] {processor.py:830} INFO - Processing file /home/airflow/.local/lib/python3.8/site-packages/airflow/example_dags/example_branch_operator.py for tasks to queue
[2024-03-31T06:10:31.693+0000] {logging_mixin.py:188} INFO - [2024-03-31T06:10:31.693+0000] {dagbag.py:540} INFO - Filling up the DagBag from /home/airflow/.local/lib/python3.8/site-packages/airflow/example_dags/example_branch_operator.py
[2024-03-31T06:10:31.711+0000] {processor.py:840} INFO - DAG(s) 'example_branch_operator' retrieved from /home/airflow/.local/lib/python3.8/site-packages/airflow/example_dags/example_branch_operator.py
[2024-03-31T06:10:31.751+0000] {logging_mixin.py:188} INFO - [2024-03-31T06:10:31.749+0000] {dag.py:3047} INFO - Sync 1 DAGs
[2024-03-31T06:10:31.775+0000] {logging_mixin.py:188} INFO - [2024-03-31T06:10:31.774+0000] {dag.py:3834} INFO - Setting next_dagrun for example_branch_operator to 2024-03-30 00:00:00+00:00, run_after=2024-03-31 00:00:00+00:00
[2024-03-31T06:10:31.801+0000] {processor.py:183} INFO - Processing /home/airflow/.local/lib/python3.8/site-packages/airflow/example_dags/example_branch_operator.py took 0.115 seconds
[2024-03-31T06:11:02.117+0000] {processor.py:161} INFO - Started process (PID=1245) to work on /home/airflow/.local/lib/python3.8/site-packages/airflow/example_dags/example_branch_operator.py
[2024-03-31T06:11:02.118+0000] {processor.py:830} INFO - Processing file /home/airflow/.local/lib/python3.8/site-packages/airflow/example_dags/example_branch_operator.py for tasks to queue
[2024-03-31T06:11:02.119+0000] {logging_mixin.py:188} INFO - [2024-03-31T06:11:02.119+0000] {dagbag.py:540} INFO - Filling up the DagBag from /home/airflow/.local/lib/python3.8/site-packages/airflow/example_dags/example_branch_operator.py
[2024-03-31T06:11:02.137+0000] {processor.py:840} INFO - DAG(s) 'example_branch_operator' retrieved from /home/airflow/.local/lib/python3.8/site-packages/airflow/example_dags/example_branch_operator.py
[2024-03-31T06:11:02.164+0000] {logging_mixin.py:188} INFO - [2024-03-31T06:11:02.163+0000] {dag.py:3047} INFO - Sync 1 DAGs
[2024-03-31T06:11:02.190+0000] {logging_mixin.py:188} INFO - [2024-03-31T06:11:02.190+0000] {dag.py:3834} INFO - Setting next_dagrun for example_branch_operator to 2024-03-30 00:00:00+00:00, run_after=2024-03-31 00:00:00+00:00
[2024-03-31T06:11:02.215+0000] {processor.py:183} INFO - Processing /home/airflow/.local/lib/python3.8/site-packages/airflow/example_dags/example_branch_operator.py took 0.101 seconds
[2024-03-31T06:11:32.467+0000] {processor.py:161} INFO - Started process (PID=1301) to work on /home/airflow/.local/lib/python3.8/site-packages/airflow/example_dags/example_branch_operator.py
[2024-03-31T06:11:32.468+0000] {processor.py:830} INFO - Processing file /home/airflow/.local/lib/python3.8/site-packages/airflow/example_dags/example_branch_operator.py for tasks to queue
[2024-03-31T06:11:32.469+0000] {logging_mixin.py:188} INFO - [2024-03-31T06:11:32.469+0000] {dagbag.py:540} INFO - Filling up the DagBag from /home/airflow/.local/lib/python3.8/site-packages/airflow/example_dags/example_branch_operator.py
[2024-03-31T06:11:32.491+0000] {processor.py:840} INFO - DAG(s) 'example_branch_operator' retrieved from /home/airflow/.local/lib/python3.8/site-packages/airflow/example_dags/example_branch_operator.py
[2024-03-31T06:11:32.544+0000] {logging_mixin.py:188} INFO - [2024-03-31T06:11:32.543+0000] {dag.py:3047} INFO - Sync 1 DAGs
[2024-03-31T06:11:32.573+0000] {logging_mixin.py:188} INFO - [2024-03-31T06:11:32.573+0000] {dag.py:3834} INFO - Setting next_dagrun for example_branch_operator to 2024-03-30 00:00:00+00:00, run_after=2024-03-31 00:00:00+00:00
[2024-03-31T06:11:32.605+0000] {processor.py:183} INFO - Processing /home/airflow/.local/lib/python3.8/site-packages/airflow/example_dags/example_branch_operator.py took 0.140 seconds
[2024-03-31T06:12:02.910+0000] {processor.py:161} INFO - Started process (PID=1357) to work on /home/airflow/.local/lib/python3.8/site-packages/airflow/example_dags/example_branch_operator.py
[2024-03-31T06:12:02.911+0000] {processor.py:830} INFO - Processing file /home/airflow/.local/lib/python3.8/site-packages/airflow/example_dags/example_branch_operator.py for tasks to queue
[2024-03-31T06:12:02.914+0000] {logging_mixin.py:188} INFO - [2024-03-31T06:12:02.914+0000] {dagbag.py:540} INFO - Filling up the DagBag from /home/airflow/.local/lib/python3.8/site-packages/airflow/example_dags/example_branch_operator.py
[2024-03-31T06:12:02.937+0000] {processor.py:840} INFO - DAG(s) 'example_branch_operator' retrieved from /home/airflow/.local/lib/python3.8/site-packages/airflow/example_dags/example_branch_operator.py
[2024-03-31T06:12:02.968+0000] {logging_mixin.py:188} INFO - [2024-03-31T06:12:02.967+0000] {dag.py:3047} INFO - Sync 1 DAGs
[2024-03-31T06:12:02.999+0000] {logging_mixin.py:188} INFO - [2024-03-31T06:12:02.999+0000] {dag.py:3834} INFO - Setting next_dagrun for example_branch_operator to 2024-03-30 00:00:00+00:00, run_after=2024-03-31 00:00:00+00:00
[2024-03-31T06:12:03.021+0000] {processor.py:183} INFO - Processing /home/airflow/.local/lib/python3.8/site-packages/airflow/example_dags/example_branch_operator.py took 0.116 seconds
[2024-03-31T06:12:34.003+0000] {processor.py:161} INFO - Started process (PID=1413) to work on /home/airflow/.local/lib/python3.8/site-packages/airflow/example_dags/example_branch_operator.py
[2024-03-31T06:12:34.004+0000] {processor.py:830} INFO - Processing file /home/airflow/.local/lib/python3.8/site-packages/airflow/example_dags/example_branch_operator.py for tasks to queue
[2024-03-31T06:12:34.007+0000] {logging_mixin.py:188} INFO - [2024-03-31T06:12:34.007+0000] {dagbag.py:540} INFO - Filling up the DagBag from /home/airflow/.local/lib/python3.8/site-packages/airflow/example_dags/example_branch_operator.py
[2024-03-31T06:12:34.048+0000] {processor.py:840} INFO - DAG(s) 'example_branch_operator' retrieved from /home/airflow/.local/lib/python3.8/site-packages/airflow/example_dags/example_branch_operator.py
[2024-03-31T06:12:34.114+0000] {logging_mixin.py:188} INFO - [2024-03-31T06:12:34.113+0000] {dag.py:3047} INFO - Sync 1 DAGs
[2024-03-31T06:12:34.147+0000] {logging_mixin.py:188} INFO - [2024-03-31T06:12:34.147+0000] {dag.py:3834} INFO - Setting next_dagrun for example_branch_operator to 2024-03-30 00:00:00+00:00, run_after=2024-03-31 00:00:00+00:00
[2024-03-31T06:12:34.213+0000] {processor.py:183} INFO - Processing /home/airflow/.local/lib/python3.8/site-packages/airflow/example_dags/example_branch_operator.py took 0.213 seconds
[2024-03-31T06:13:44.554+0000] {processor.py:161} INFO - Started process (PID=63) to work on /home/airflow/.local/lib/python3.8/site-packages/airflow/example_dags/example_branch_operator.py
[2024-03-31T06:13:44.556+0000] {processor.py:830} INFO - Processing file /home/airflow/.local/lib/python3.8/site-packages/airflow/example_dags/example_branch_operator.py for tasks to queue
[2024-03-31T06:13:44.564+0000] {logging_mixin.py:188} INFO - [2024-03-31T06:13:44.563+0000] {dagbag.py:540} INFO - Filling up the DagBag from /home/airflow/.local/lib/python3.8/site-packages/airflow/example_dags/example_branch_operator.py
[2024-03-31T06:13:44.676+0000] {processor.py:840} INFO - DAG(s) 'example_branch_operator' retrieved from /home/airflow/.local/lib/python3.8/site-packages/airflow/example_dags/example_branch_operator.py
[2024-03-31T06:13:44.734+0000] {logging_mixin.py:188} INFO - [2024-03-31T06:13:44.733+0000] {dag.py:3047} INFO - Sync 1 DAGs
[2024-03-31T06:13:44.864+0000] {logging_mixin.py:188} INFO - [2024-03-31T06:13:44.864+0000] {dag.py:3834} INFO - Setting next_dagrun for example_branch_operator to 2024-03-30 00:00:00+00:00, run_after=2024-03-31 00:00:00+00:00
[2024-03-31T06:13:44.930+0000] {processor.py:183} INFO - Processing /home/airflow/.local/lib/python3.8/site-packages/airflow/example_dags/example_branch_operator.py took 0.393 seconds
