[2024-03-31T06:00:18.598+0000] {processor.py:161} INFO - Started process (PID=62) to work on /home/airflow/.local/lib/python3.8/site-packages/airflow/example_dags/example_bash_operator.py
[2024-03-31T06:00:18.609+0000] {processor.py:830} INFO - Processing file /home/airflow/.local/lib/python3.8/site-packages/airflow/example_dags/example_bash_operator.py for tasks to queue
[2024-03-31T06:00:18.611+0000] {logging_mixin.py:188} INFO - [2024-03-31T06:00:18.611+0000] {dagbag.py:540} INFO - Filling up the DagBag from /home/airflow/.local/lib/python3.8/site-packages/airflow/example_dags/example_bash_operator.py
[2024-03-31T06:00:18.684+0000] {processor.py:840} INFO - DAG(s) 'example_bash_operator' retrieved from /home/airflow/.local/lib/python3.8/site-packages/airflow/example_dags/example_bash_operator.py
[2024-03-31T06:00:18.897+0000] {logging_mixin.py:188} INFO - [2024-03-31T06:00:18.897+0000] {dag.py:3047} INFO - Sync 1 DAGs
[2024-03-31T06:00:18.956+0000] {logging_mixin.py:188} INFO - [2024-03-31T06:00:18.956+0000] {dag.py:3834} INFO - Setting next_dagrun for example_bash_operator to 2024-03-30 00:00:00+00:00, run_after=2024-03-31 00:00:00+00:00
[2024-03-31T06:00:19.048+0000] {processor.py:183} INFO - Processing /home/airflow/.local/lib/python3.8/site-packages/airflow/example_dags/example_bash_operator.py took 0.454 seconds
[2024-03-31T06:00:49.808+0000] {processor.py:161} INFO - Started process (PID=117) to work on /home/airflow/.local/lib/python3.8/site-packages/airflow/example_dags/example_bash_operator.py
[2024-03-31T06:00:49.811+0000] {processor.py:830} INFO - Processing file /home/airflow/.local/lib/python3.8/site-packages/airflow/example_dags/example_bash_operator.py for tasks to queue
[2024-03-31T06:00:49.818+0000] {logging_mixin.py:188} INFO - [2024-03-31T06:00:49.818+0000] {dagbag.py:540} INFO - Filling up the DagBag from /home/airflow/.local/lib/python3.8/site-packages/airflow/example_dags/example_bash_operator.py
[2024-03-31T06:00:49.851+0000] {processor.py:840} INFO - DAG(s) 'example_bash_operator' retrieved from /home/airflow/.local/lib/python3.8/site-packages/airflow/example_dags/example_bash_operator.py
[2024-03-31T06:00:49.885+0000] {logging_mixin.py:188} INFO - [2024-03-31T06:00:49.885+0000] {dag.py:3047} INFO - Sync 1 DAGs
[2024-03-31T06:00:49.915+0000] {logging_mixin.py:188} INFO - [2024-03-31T06:00:49.915+0000] {dag.py:3834} INFO - Setting next_dagrun for example_bash_operator to 2024-03-30 00:00:00+00:00, run_after=2024-03-31 00:00:00+00:00
[2024-03-31T06:00:49.937+0000] {processor.py:183} INFO - Processing /home/airflow/.local/lib/python3.8/site-packages/airflow/example_dags/example_bash_operator.py took 0.135 seconds
[2024-03-31T06:01:20.476+0000] {processor.py:161} INFO - Started process (PID=173) to work on /home/airflow/.local/lib/python3.8/site-packages/airflow/example_dags/example_bash_operator.py
[2024-03-31T06:01:20.478+0000] {processor.py:830} INFO - Processing file /home/airflow/.local/lib/python3.8/site-packages/airflow/example_dags/example_bash_operator.py for tasks to queue
[2024-03-31T06:01:20.483+0000] {logging_mixin.py:188} INFO - [2024-03-31T06:01:20.483+0000] {dagbag.py:540} INFO - Filling up the DagBag from /home/airflow/.local/lib/python3.8/site-packages/airflow/example_dags/example_bash_operator.py
[2024-03-31T06:01:20.510+0000] {processor.py:840} INFO - DAG(s) 'example_bash_operator' retrieved from /home/airflow/.local/lib/python3.8/site-packages/airflow/example_dags/example_bash_operator.py
[2024-03-31T06:01:20.536+0000] {logging_mixin.py:188} INFO - [2024-03-31T06:01:20.536+0000] {dag.py:3047} INFO - Sync 1 DAGs
[2024-03-31T06:01:20.621+0000] {logging_mixin.py:188} INFO - [2024-03-31T06:01:20.621+0000] {dag.py:3834} INFO - Setting next_dagrun for example_bash_operator to 2024-03-30 00:00:00+00:00, run_after=2024-03-31 00:00:00+00:00
[2024-03-31T06:01:20.671+0000] {processor.py:183} INFO - Processing /home/airflow/.local/lib/python3.8/site-packages/airflow/example_dags/example_bash_operator.py took 0.198 seconds
[2024-03-31T06:01:51.590+0000] {processor.py:161} INFO - Started process (PID=229) to work on /home/airflow/.local/lib/python3.8/site-packages/airflow/example_dags/example_bash_operator.py
[2024-03-31T06:01:51.591+0000] {processor.py:830} INFO - Processing file /home/airflow/.local/lib/python3.8/site-packages/airflow/example_dags/example_bash_operator.py for tasks to queue
[2024-03-31T06:01:51.597+0000] {logging_mixin.py:188} INFO - [2024-03-31T06:01:51.597+0000] {dagbag.py:540} INFO - Filling up the DagBag from /home/airflow/.local/lib/python3.8/site-packages/airflow/example_dags/example_bash_operator.py
[2024-03-31T06:01:51.632+0000] {processor.py:840} INFO - DAG(s) 'example_bash_operator' retrieved from /home/airflow/.local/lib/python3.8/site-packages/airflow/example_dags/example_bash_operator.py
[2024-03-31T06:01:51.654+0000] {logging_mixin.py:188} INFO - [2024-03-31T06:01:51.653+0000] {dag.py:3047} INFO - Sync 1 DAGs
[2024-03-31T06:01:51.704+0000] {logging_mixin.py:188} INFO - [2024-03-31T06:01:51.703+0000] {dag.py:3834} INFO - Setting next_dagrun for example_bash_operator to 2024-03-30 00:00:00+00:00, run_after=2024-03-31 00:00:00+00:00
[2024-03-31T06:01:51.746+0000] {processor.py:183} INFO - Processing /home/airflow/.local/lib/python3.8/site-packages/airflow/example_dags/example_bash_operator.py took 0.158 seconds
[2024-03-31T06:02:21.885+0000] {processor.py:161} INFO - Started process (PID=285) to work on /home/airflow/.local/lib/python3.8/site-packages/airflow/example_dags/example_bash_operator.py
[2024-03-31T06:02:21.887+0000] {processor.py:830} INFO - Processing file /home/airflow/.local/lib/python3.8/site-packages/airflow/example_dags/example_bash_operator.py for tasks to queue
[2024-03-31T06:02:21.888+0000] {logging_mixin.py:188} INFO - [2024-03-31T06:02:21.888+0000] {dagbag.py:540} INFO - Filling up the DagBag from /home/airflow/.local/lib/python3.8/site-packages/airflow/example_dags/example_bash_operator.py
[2024-03-31T06:02:21.912+0000] {processor.py:840} INFO - DAG(s) 'example_bash_operator' retrieved from /home/airflow/.local/lib/python3.8/site-packages/airflow/example_dags/example_bash_operator.py
[2024-03-31T06:02:21.934+0000] {logging_mixin.py:188} INFO - [2024-03-31T06:02:21.934+0000] {dag.py:3047} INFO - Sync 1 DAGs
[2024-03-31T06:02:21.992+0000] {logging_mixin.py:188} INFO - [2024-03-31T06:02:21.992+0000] {dag.py:3834} INFO - Setting next_dagrun for example_bash_operator to 2024-03-30 00:00:00+00:00, run_after=2024-03-31 00:00:00+00:00
[2024-03-31T06:02:22.061+0000] {processor.py:183} INFO - Processing /home/airflow/.local/lib/python3.8/site-packages/airflow/example_dags/example_bash_operator.py took 0.178 seconds
[2024-03-31T06:02:52.331+0000] {processor.py:161} INFO - Started process (PID=341) to work on /home/airflow/.local/lib/python3.8/site-packages/airflow/example_dags/example_bash_operator.py
[2024-03-31T06:02:52.333+0000] {processor.py:830} INFO - Processing file /home/airflow/.local/lib/python3.8/site-packages/airflow/example_dags/example_bash_operator.py for tasks to queue
[2024-03-31T06:02:52.335+0000] {logging_mixin.py:188} INFO - [2024-03-31T06:02:52.335+0000] {dagbag.py:540} INFO - Filling up the DagBag from /home/airflow/.local/lib/python3.8/site-packages/airflow/example_dags/example_bash_operator.py
[2024-03-31T06:02:52.348+0000] {processor.py:840} INFO - DAG(s) 'example_bash_operator' retrieved from /home/airflow/.local/lib/python3.8/site-packages/airflow/example_dags/example_bash_operator.py
[2024-03-31T06:02:52.486+0000] {logging_mixin.py:188} INFO - [2024-03-31T06:02:52.485+0000] {dag.py:3047} INFO - Sync 1 DAGs
[2024-03-31T06:02:52.509+0000] {logging_mixin.py:188} INFO - [2024-03-31T06:02:52.509+0000] {dag.py:3834} INFO - Setting next_dagrun for example_bash_operator to 2024-03-30 00:00:00+00:00, run_after=2024-03-31 00:00:00+00:00
[2024-03-31T06:02:52.534+0000] {processor.py:183} INFO - Processing /home/airflow/.local/lib/python3.8/site-packages/airflow/example_dags/example_bash_operator.py took 0.206 seconds
[2024-03-31T06:03:23.253+0000] {processor.py:161} INFO - Started process (PID=397) to work on /home/airflow/.local/lib/python3.8/site-packages/airflow/example_dags/example_bash_operator.py
[2024-03-31T06:03:23.254+0000] {processor.py:830} INFO - Processing file /home/airflow/.local/lib/python3.8/site-packages/airflow/example_dags/example_bash_operator.py for tasks to queue
[2024-03-31T06:03:23.255+0000] {logging_mixin.py:188} INFO - [2024-03-31T06:03:23.255+0000] {dagbag.py:540} INFO - Filling up the DagBag from /home/airflow/.local/lib/python3.8/site-packages/airflow/example_dags/example_bash_operator.py
[2024-03-31T06:03:23.272+0000] {processor.py:840} INFO - DAG(s) 'example_bash_operator' retrieved from /home/airflow/.local/lib/python3.8/site-packages/airflow/example_dags/example_bash_operator.py
[2024-03-31T06:03:23.307+0000] {logging_mixin.py:188} INFO - [2024-03-31T06:03:23.307+0000] {dag.py:3047} INFO - Sync 1 DAGs
[2024-03-31T06:03:23.337+0000] {logging_mixin.py:188} INFO - [2024-03-31T06:03:23.337+0000] {dag.py:3834} INFO - Setting next_dagrun for example_bash_operator to 2024-03-30 00:00:00+00:00, run_after=2024-03-31 00:00:00+00:00
[2024-03-31T06:03:23.367+0000] {processor.py:183} INFO - Processing /home/airflow/.local/lib/python3.8/site-packages/airflow/example_dags/example_bash_operator.py took 0.116 seconds
[2024-03-31T06:03:54.233+0000] {processor.py:161} INFO - Started process (PID=453) to work on /home/airflow/.local/lib/python3.8/site-packages/airflow/example_dags/example_bash_operator.py
[2024-03-31T06:03:54.234+0000] {processor.py:830} INFO - Processing file /home/airflow/.local/lib/python3.8/site-packages/airflow/example_dags/example_bash_operator.py for tasks to queue
[2024-03-31T06:03:54.235+0000] {logging_mixin.py:188} INFO - [2024-03-31T06:03:54.235+0000] {dagbag.py:540} INFO - Filling up the DagBag from /home/airflow/.local/lib/python3.8/site-packages/airflow/example_dags/example_bash_operator.py
[2024-03-31T06:03:54.250+0000] {processor.py:840} INFO - DAG(s) 'example_bash_operator' retrieved from /home/airflow/.local/lib/python3.8/site-packages/airflow/example_dags/example_bash_operator.py
[2024-03-31T06:03:54.284+0000] {logging_mixin.py:188} INFO - [2024-03-31T06:03:54.284+0000] {dag.py:3047} INFO - Sync 1 DAGs
[2024-03-31T06:03:54.328+0000] {logging_mixin.py:188} INFO - [2024-03-31T06:03:54.328+0000] {dag.py:3834} INFO - Setting next_dagrun for example_bash_operator to 2024-03-30 00:00:00+00:00, run_after=2024-03-31 00:00:00+00:00
[2024-03-31T06:03:54.382+0000] {processor.py:183} INFO - Processing /home/airflow/.local/lib/python3.8/site-packages/airflow/example_dags/example_bash_operator.py took 0.153 seconds
[2024-03-31T06:04:24.601+0000] {processor.py:161} INFO - Started process (PID=509) to work on /home/airflow/.local/lib/python3.8/site-packages/airflow/example_dags/example_bash_operator.py
[2024-03-31T06:04:24.602+0000] {processor.py:830} INFO - Processing file /home/airflow/.local/lib/python3.8/site-packages/airflow/example_dags/example_bash_operator.py for tasks to queue
[2024-03-31T06:04:24.604+0000] {logging_mixin.py:188} INFO - [2024-03-31T06:04:24.604+0000] {dagbag.py:540} INFO - Filling up the DagBag from /home/airflow/.local/lib/python3.8/site-packages/airflow/example_dags/example_bash_operator.py
[2024-03-31T06:04:24.617+0000] {processor.py:840} INFO - DAG(s) 'example_bash_operator' retrieved from /home/airflow/.local/lib/python3.8/site-packages/airflow/example_dags/example_bash_operator.py
[2024-03-31T06:04:24.656+0000] {logging_mixin.py:188} INFO - [2024-03-31T06:04:24.656+0000] {dag.py:3047} INFO - Sync 1 DAGs
[2024-03-31T06:04:24.683+0000] {logging_mixin.py:188} INFO - [2024-03-31T06:04:24.683+0000] {dag.py:3834} INFO - Setting next_dagrun for example_bash_operator to 2024-03-30 00:00:00+00:00, run_after=2024-03-31 00:00:00+00:00
[2024-03-31T06:04:24.705+0000] {processor.py:183} INFO - Processing /home/airflow/.local/lib/python3.8/site-packages/airflow/example_dags/example_bash_operator.py took 0.107 seconds
[2024-03-31T06:04:55.238+0000] {processor.py:161} INFO - Started process (PID=565) to work on /home/airflow/.local/lib/python3.8/site-packages/airflow/example_dags/example_bash_operator.py
[2024-03-31T06:04:55.239+0000] {processor.py:830} INFO - Processing file /home/airflow/.local/lib/python3.8/site-packages/airflow/example_dags/example_bash_operator.py for tasks to queue
[2024-03-31T06:04:55.240+0000] {logging_mixin.py:188} INFO - [2024-03-31T06:04:55.240+0000] {dagbag.py:540} INFO - Filling up the DagBag from /home/airflow/.local/lib/python3.8/site-packages/airflow/example_dags/example_bash_operator.py
[2024-03-31T06:04:55.255+0000] {processor.py:840} INFO - DAG(s) 'example_bash_operator' retrieved from /home/airflow/.local/lib/python3.8/site-packages/airflow/example_dags/example_bash_operator.py
[2024-03-31T06:04:55.309+0000] {logging_mixin.py:188} INFO - [2024-03-31T06:04:55.308+0000] {dag.py:3047} INFO - Sync 1 DAGs
[2024-03-31T06:04:55.358+0000] {logging_mixin.py:188} INFO - [2024-03-31T06:04:55.358+0000] {dag.py:3834} INFO - Setting next_dagrun for example_bash_operator to 2024-03-30 00:00:00+00:00, run_after=2024-03-31 00:00:00+00:00
[2024-03-31T06:04:55.387+0000] {processor.py:183} INFO - Processing /home/airflow/.local/lib/python3.8/site-packages/airflow/example_dags/example_bash_operator.py took 0.152 seconds
[2024-03-31T06:05:25.738+0000] {processor.py:161} INFO - Started process (PID=621) to work on /home/airflow/.local/lib/python3.8/site-packages/airflow/example_dags/example_bash_operator.py
[2024-03-31T06:05:25.739+0000] {processor.py:830} INFO - Processing file /home/airflow/.local/lib/python3.8/site-packages/airflow/example_dags/example_bash_operator.py for tasks to queue
[2024-03-31T06:05:25.740+0000] {logging_mixin.py:188} INFO - [2024-03-31T06:05:25.740+0000] {dagbag.py:540} INFO - Filling up the DagBag from /home/airflow/.local/lib/python3.8/site-packages/airflow/example_dags/example_bash_operator.py
[2024-03-31T06:05:25.755+0000] {processor.py:840} INFO - DAG(s) 'example_bash_operator' retrieved from /home/airflow/.local/lib/python3.8/site-packages/airflow/example_dags/example_bash_operator.py
[2024-03-31T06:05:25.787+0000] {logging_mixin.py:188} INFO - [2024-03-31T06:05:25.787+0000] {dag.py:3047} INFO - Sync 1 DAGs
[2024-03-31T06:05:25.815+0000] {logging_mixin.py:188} INFO - [2024-03-31T06:05:25.815+0000] {dag.py:3834} INFO - Setting next_dagrun for example_bash_operator to 2024-03-30 00:00:00+00:00, run_after=2024-03-31 00:00:00+00:00
[2024-03-31T06:05:25.839+0000] {processor.py:183} INFO - Processing /home/airflow/.local/lib/python3.8/site-packages/airflow/example_dags/example_bash_operator.py took 0.103 seconds
[2024-03-31T06:05:56.551+0000] {processor.py:161} INFO - Started process (PID=677) to work on /home/airflow/.local/lib/python3.8/site-packages/airflow/example_dags/example_bash_operator.py
[2024-03-31T06:05:56.552+0000] {processor.py:830} INFO - Processing file /home/airflow/.local/lib/python3.8/site-packages/airflow/example_dags/example_bash_operator.py for tasks to queue
[2024-03-31T06:05:56.553+0000] {logging_mixin.py:188} INFO - [2024-03-31T06:05:56.553+0000] {dagbag.py:540} INFO - Filling up the DagBag from /home/airflow/.local/lib/python3.8/site-packages/airflow/example_dags/example_bash_operator.py
[2024-03-31T06:05:56.569+0000] {processor.py:840} INFO - DAG(s) 'example_bash_operator' retrieved from /home/airflow/.local/lib/python3.8/site-packages/airflow/example_dags/example_bash_operator.py
[2024-03-31T06:05:56.616+0000] {logging_mixin.py:188} INFO - [2024-03-31T06:05:56.615+0000] {dag.py:3047} INFO - Sync 1 DAGs
[2024-03-31T06:05:56.649+0000] {logging_mixin.py:188} INFO - [2024-03-31T06:05:56.649+0000] {dag.py:3834} INFO - Setting next_dagrun for example_bash_operator to 2024-03-30 00:00:00+00:00, run_after=2024-03-31 00:00:00+00:00
[2024-03-31T06:05:56.694+0000] {processor.py:183} INFO - Processing /home/airflow/.local/lib/python3.8/site-packages/airflow/example_dags/example_bash_operator.py took 0.146 seconds
[2024-03-31T06:06:26.830+0000] {processor.py:161} INFO - Started process (PID=733) to work on /home/airflow/.local/lib/python3.8/site-packages/airflow/example_dags/example_bash_operator.py
[2024-03-31T06:06:26.831+0000] {processor.py:830} INFO - Processing file /home/airflow/.local/lib/python3.8/site-packages/airflow/example_dags/example_bash_operator.py for tasks to queue
[2024-03-31T06:06:26.834+0000] {logging_mixin.py:188} INFO - [2024-03-31T06:06:26.833+0000] {dagbag.py:540} INFO - Filling up the DagBag from /home/airflow/.local/lib/python3.8/site-packages/airflow/example_dags/example_bash_operator.py
[2024-03-31T06:06:26.849+0000] {processor.py:840} INFO - DAG(s) 'example_bash_operator' retrieved from /home/airflow/.local/lib/python3.8/site-packages/airflow/example_dags/example_bash_operator.py
[2024-03-31T06:06:26.896+0000] {logging_mixin.py:188} INFO - [2024-03-31T06:06:26.895+0000] {dag.py:3047} INFO - Sync 1 DAGs
[2024-03-31T06:06:26.936+0000] {logging_mixin.py:188} INFO - [2024-03-31T06:06:26.936+0000] {dag.py:3834} INFO - Setting next_dagrun for example_bash_operator to 2024-03-30 00:00:00+00:00, run_after=2024-03-31 00:00:00+00:00
[2024-03-31T06:06:26.960+0000] {processor.py:183} INFO - Processing /home/airflow/.local/lib/python3.8/site-packages/airflow/example_dags/example_bash_operator.py took 0.133 seconds
[2024-03-31T06:06:57.792+0000] {processor.py:161} INFO - Started process (PID=789) to work on /home/airflow/.local/lib/python3.8/site-packages/airflow/example_dags/example_bash_operator.py
[2024-03-31T06:06:57.793+0000] {processor.py:830} INFO - Processing file /home/airflow/.local/lib/python3.8/site-packages/airflow/example_dags/example_bash_operator.py for tasks to queue
[2024-03-31T06:06:57.797+0000] {logging_mixin.py:188} INFO - [2024-03-31T06:06:57.796+0000] {dagbag.py:540} INFO - Filling up the DagBag from /home/airflow/.local/lib/python3.8/site-packages/airflow/example_dags/example_bash_operator.py
[2024-03-31T06:06:57.809+0000] {processor.py:840} INFO - DAG(s) 'example_bash_operator' retrieved from /home/airflow/.local/lib/python3.8/site-packages/airflow/example_dags/example_bash_operator.py
[2024-03-31T06:06:57.843+0000] {logging_mixin.py:188} INFO - [2024-03-31T06:06:57.842+0000] {dag.py:3047} INFO - Sync 1 DAGs
[2024-03-31T06:06:57.870+0000] {logging_mixin.py:188} INFO - [2024-03-31T06:06:57.870+0000] {dag.py:3834} INFO - Setting next_dagrun for example_bash_operator to 2024-03-30 00:00:00+00:00, run_after=2024-03-31 00:00:00+00:00
[2024-03-31T06:06:57.889+0000] {processor.py:183} INFO - Processing /home/airflow/.local/lib/python3.8/site-packages/airflow/example_dags/example_bash_operator.py took 0.099 seconds
[2024-03-31T06:07:28.205+0000] {processor.py:161} INFO - Started process (PID=846) to work on /home/airflow/.local/lib/python3.8/site-packages/airflow/example_dags/example_bash_operator.py
[2024-03-31T06:07:28.206+0000] {processor.py:830} INFO - Processing file /home/airflow/.local/lib/python3.8/site-packages/airflow/example_dags/example_bash_operator.py for tasks to queue
[2024-03-31T06:07:28.208+0000] {logging_mixin.py:188} INFO - [2024-03-31T06:07:28.207+0000] {dagbag.py:540} INFO - Filling up the DagBag from /home/airflow/.local/lib/python3.8/site-packages/airflow/example_dags/example_bash_operator.py
[2024-03-31T06:07:28.229+0000] {processor.py:840} INFO - DAG(s) 'example_bash_operator' retrieved from /home/airflow/.local/lib/python3.8/site-packages/airflow/example_dags/example_bash_operator.py
[2024-03-31T06:07:28.283+0000] {logging_mixin.py:188} INFO - [2024-03-31T06:07:28.282+0000] {dag.py:3047} INFO - Sync 1 DAGs
[2024-03-31T06:07:28.326+0000] {logging_mixin.py:188} INFO - [2024-03-31T06:07:28.326+0000] {dag.py:3834} INFO - Setting next_dagrun for example_bash_operator to 2024-03-30 00:00:00+00:00, run_after=2024-03-31 00:00:00+00:00
[2024-03-31T06:07:28.370+0000] {processor.py:183} INFO - Processing /home/airflow/.local/lib/python3.8/site-packages/airflow/example_dags/example_bash_operator.py took 0.168 seconds
[2024-03-31T06:07:58.443+0000] {processor.py:161} INFO - Started process (PID=902) to work on /home/airflow/.local/lib/python3.8/site-packages/airflow/example_dags/example_bash_operator.py
[2024-03-31T06:07:58.445+0000] {processor.py:830} INFO - Processing file /home/airflow/.local/lib/python3.8/site-packages/airflow/example_dags/example_bash_operator.py for tasks to queue
[2024-03-31T06:07:58.447+0000] {logging_mixin.py:188} INFO - [2024-03-31T06:07:58.446+0000] {dagbag.py:540} INFO - Filling up the DagBag from /home/airflow/.local/lib/python3.8/site-packages/airflow/example_dags/example_bash_operator.py
[2024-03-31T06:07:58.458+0000] {processor.py:840} INFO - DAG(s) 'example_bash_operator' retrieved from /home/airflow/.local/lib/python3.8/site-packages/airflow/example_dags/example_bash_operator.py
[2024-03-31T06:07:58.496+0000] {logging_mixin.py:188} INFO - [2024-03-31T06:07:58.496+0000] {dag.py:3047} INFO - Sync 1 DAGs
[2024-03-31T06:07:58.525+0000] {logging_mixin.py:188} INFO - [2024-03-31T06:07:58.525+0000] {dag.py:3834} INFO - Setting next_dagrun for example_bash_operator to 2024-03-30 00:00:00+00:00, run_after=2024-03-31 00:00:00+00:00
[2024-03-31T06:07:58.552+0000] {processor.py:183} INFO - Processing /home/airflow/.local/lib/python3.8/site-packages/airflow/example_dags/example_bash_operator.py took 0.113 seconds
[2024-03-31T06:08:28.628+0000] {processor.py:161} INFO - Started process (PID=958) to work on /home/airflow/.local/lib/python3.8/site-packages/airflow/example_dags/example_bash_operator.py
[2024-03-31T06:08:28.629+0000] {processor.py:830} INFO - Processing file /home/airflow/.local/lib/python3.8/site-packages/airflow/example_dags/example_bash_operator.py for tasks to queue
[2024-03-31T06:08:28.631+0000] {logging_mixin.py:188} INFO - [2024-03-31T06:08:28.630+0000] {dagbag.py:540} INFO - Filling up the DagBag from /home/airflow/.local/lib/python3.8/site-packages/airflow/example_dags/example_bash_operator.py
[2024-03-31T06:08:28.644+0000] {processor.py:840} INFO - DAG(s) 'example_bash_operator' retrieved from /home/airflow/.local/lib/python3.8/site-packages/airflow/example_dags/example_bash_operator.py
[2024-03-31T06:08:28.677+0000] {logging_mixin.py:188} INFO - [2024-03-31T06:08:28.676+0000] {dag.py:3047} INFO - Sync 1 DAGs
[2024-03-31T06:08:28.704+0000] {logging_mixin.py:188} INFO - [2024-03-31T06:08:28.704+0000] {dag.py:3834} INFO - Setting next_dagrun for example_bash_operator to 2024-03-30 00:00:00+00:00, run_after=2024-03-31 00:00:00+00:00
[2024-03-31T06:08:28.727+0000] {processor.py:183} INFO - Processing /home/airflow/.local/lib/python3.8/site-packages/airflow/example_dags/example_bash_operator.py took 0.103 seconds
[2024-03-31T06:08:58.982+0000] {processor.py:161} INFO - Started process (PID=1014) to work on /home/airflow/.local/lib/python3.8/site-packages/airflow/example_dags/example_bash_operator.py
[2024-03-31T06:08:58.982+0000] {processor.py:830} INFO - Processing file /home/airflow/.local/lib/python3.8/site-packages/airflow/example_dags/example_bash_operator.py for tasks to queue
[2024-03-31T06:08:58.984+0000] {logging_mixin.py:188} INFO - [2024-03-31T06:08:58.983+0000] {dagbag.py:540} INFO - Filling up the DagBag from /home/airflow/.local/lib/python3.8/site-packages/airflow/example_dags/example_bash_operator.py
[2024-03-31T06:08:58.996+0000] {processor.py:840} INFO - DAG(s) 'example_bash_operator' retrieved from /home/airflow/.local/lib/python3.8/site-packages/airflow/example_dags/example_bash_operator.py
[2024-03-31T06:08:59.037+0000] {logging_mixin.py:188} INFO - [2024-03-31T06:08:59.037+0000] {dag.py:3047} INFO - Sync 1 DAGs
[2024-03-31T06:08:59.067+0000] {logging_mixin.py:188} INFO - [2024-03-31T06:08:59.067+0000] {dag.py:3834} INFO - Setting next_dagrun for example_bash_operator to 2024-03-30 00:00:00+00:00, run_after=2024-03-31 00:00:00+00:00
[2024-03-31T06:08:59.098+0000] {processor.py:183} INFO - Processing /home/airflow/.local/lib/python3.8/site-packages/airflow/example_dags/example_bash_operator.py took 0.119 seconds
[2024-03-31T06:09:29.383+0000] {processor.py:161} INFO - Started process (PID=1071) to work on /home/airflow/.local/lib/python3.8/site-packages/airflow/example_dags/example_bash_operator.py
[2024-03-31T06:09:29.384+0000] {processor.py:830} INFO - Processing file /home/airflow/.local/lib/python3.8/site-packages/airflow/example_dags/example_bash_operator.py for tasks to queue
[2024-03-31T06:09:29.385+0000] {logging_mixin.py:188} INFO - [2024-03-31T06:09:29.385+0000] {dagbag.py:540} INFO - Filling up the DagBag from /home/airflow/.local/lib/python3.8/site-packages/airflow/example_dags/example_bash_operator.py
[2024-03-31T06:09:29.398+0000] {processor.py:840} INFO - DAG(s) 'example_bash_operator' retrieved from /home/airflow/.local/lib/python3.8/site-packages/airflow/example_dags/example_bash_operator.py
[2024-03-31T06:09:29.434+0000] {logging_mixin.py:188} INFO - [2024-03-31T06:09:29.434+0000] {dag.py:3047} INFO - Sync 1 DAGs
[2024-03-31T06:09:29.461+0000] {logging_mixin.py:188} INFO - [2024-03-31T06:09:29.461+0000] {dag.py:3834} INFO - Setting next_dagrun for example_bash_operator to 2024-03-30 00:00:00+00:00, run_after=2024-03-31 00:00:00+00:00
[2024-03-31T06:09:29.481+0000] {processor.py:183} INFO - Processing /home/airflow/.local/lib/python3.8/site-packages/airflow/example_dags/example_bash_operator.py took 0.100 seconds
[2024-03-31T06:09:59.977+0000] {processor.py:161} INFO - Started process (PID=1128) to work on /home/airflow/.local/lib/python3.8/site-packages/airflow/example_dags/example_bash_operator.py
[2024-03-31T06:09:59.978+0000] {processor.py:830} INFO - Processing file /home/airflow/.local/lib/python3.8/site-packages/airflow/example_dags/example_bash_operator.py for tasks to queue
[2024-03-31T06:09:59.980+0000] {logging_mixin.py:188} INFO - [2024-03-31T06:09:59.980+0000] {dagbag.py:540} INFO - Filling up the DagBag from /home/airflow/.local/lib/python3.8/site-packages/airflow/example_dags/example_bash_operator.py
[2024-03-31T06:09:59.991+0000] {processor.py:840} INFO - DAG(s) 'example_bash_operator' retrieved from /home/airflow/.local/lib/python3.8/site-packages/airflow/example_dags/example_bash_operator.py
[2024-03-31T06:10:00.024+0000] {logging_mixin.py:188} INFO - [2024-03-31T06:10:00.023+0000] {dag.py:3047} INFO - Sync 1 DAGs
[2024-03-31T06:10:00.047+0000] {logging_mixin.py:188} INFO - [2024-03-31T06:10:00.047+0000] {dag.py:3834} INFO - Setting next_dagrun for example_bash_operator to 2024-03-30 00:00:00+00:00, run_after=2024-03-31 00:00:00+00:00
[2024-03-31T06:10:00.077+0000] {processor.py:183} INFO - Processing /home/airflow/.local/lib/python3.8/site-packages/airflow/example_dags/example_bash_operator.py took 0.103 seconds
[2024-03-31T06:10:30.316+0000] {processor.py:161} INFO - Started process (PID=1184) to work on /home/airflow/.local/lib/python3.8/site-packages/airflow/example_dags/example_bash_operator.py
[2024-03-31T06:10:30.317+0000] {processor.py:830} INFO - Processing file /home/airflow/.local/lib/python3.8/site-packages/airflow/example_dags/example_bash_operator.py for tasks to queue
[2024-03-31T06:10:30.319+0000] {logging_mixin.py:188} INFO - [2024-03-31T06:10:30.319+0000] {dagbag.py:540} INFO - Filling up the DagBag from /home/airflow/.local/lib/python3.8/site-packages/airflow/example_dags/example_bash_operator.py
[2024-03-31T06:10:30.336+0000] {processor.py:840} INFO - DAG(s) 'example_bash_operator' retrieved from /home/airflow/.local/lib/python3.8/site-packages/airflow/example_dags/example_bash_operator.py
[2024-03-31T06:10:30.370+0000] {logging_mixin.py:188} INFO - [2024-03-31T06:10:30.370+0000] {dag.py:3047} INFO - Sync 1 DAGs
[2024-03-31T06:10:30.398+0000] {logging_mixin.py:188} INFO - [2024-03-31T06:10:30.398+0000] {dag.py:3834} INFO - Setting next_dagrun for example_bash_operator to 2024-03-30 00:00:00+00:00, run_after=2024-03-31 00:00:00+00:00
[2024-03-31T06:10:30.421+0000] {processor.py:183} INFO - Processing /home/airflow/.local/lib/python3.8/site-packages/airflow/example_dags/example_bash_operator.py took 0.108 seconds
[2024-03-31T06:11:00.766+0000] {processor.py:161} INFO - Started process (PID=1240) to work on /home/airflow/.local/lib/python3.8/site-packages/airflow/example_dags/example_bash_operator.py
[2024-03-31T06:11:00.768+0000] {processor.py:830} INFO - Processing file /home/airflow/.local/lib/python3.8/site-packages/airflow/example_dags/example_bash_operator.py for tasks to queue
[2024-03-31T06:11:00.770+0000] {logging_mixin.py:188} INFO - [2024-03-31T06:11:00.769+0000] {dagbag.py:540} INFO - Filling up the DagBag from /home/airflow/.local/lib/python3.8/site-packages/airflow/example_dags/example_bash_operator.py
[2024-03-31T06:11:00.787+0000] {processor.py:840} INFO - DAG(s) 'example_bash_operator' retrieved from /home/airflow/.local/lib/python3.8/site-packages/airflow/example_dags/example_bash_operator.py
[2024-03-31T06:11:00.832+0000] {logging_mixin.py:188} INFO - [2024-03-31T06:11:00.832+0000] {dag.py:3047} INFO - Sync 1 DAGs
[2024-03-31T06:11:00.855+0000] {logging_mixin.py:188} INFO - [2024-03-31T06:11:00.855+0000] {dag.py:3834} INFO - Setting next_dagrun for example_bash_operator to 2024-03-30 00:00:00+00:00, run_after=2024-03-31 00:00:00+00:00
[2024-03-31T06:11:00.879+0000] {processor.py:183} INFO - Processing /home/airflow/.local/lib/python3.8/site-packages/airflow/example_dags/example_bash_operator.py took 0.116 seconds
[2024-03-31T06:11:31.072+0000] {processor.py:161} INFO - Started process (PID=1296) to work on /home/airflow/.local/lib/python3.8/site-packages/airflow/example_dags/example_bash_operator.py
[2024-03-31T06:11:31.078+0000] {processor.py:830} INFO - Processing file /home/airflow/.local/lib/python3.8/site-packages/airflow/example_dags/example_bash_operator.py for tasks to queue
[2024-03-31T06:11:31.080+0000] {logging_mixin.py:188} INFO - [2024-03-31T06:11:31.080+0000] {dagbag.py:540} INFO - Filling up the DagBag from /home/airflow/.local/lib/python3.8/site-packages/airflow/example_dags/example_bash_operator.py
[2024-03-31T06:11:31.102+0000] {processor.py:840} INFO - DAG(s) 'example_bash_operator' retrieved from /home/airflow/.local/lib/python3.8/site-packages/airflow/example_dags/example_bash_operator.py
[2024-03-31T06:11:31.156+0000] {logging_mixin.py:188} INFO - [2024-03-31T06:11:31.155+0000] {dag.py:3047} INFO - Sync 1 DAGs
[2024-03-31T06:11:31.192+0000] {logging_mixin.py:188} INFO - [2024-03-31T06:11:31.192+0000] {dag.py:3834} INFO - Setting next_dagrun for example_bash_operator to 2024-03-30 00:00:00+00:00, run_after=2024-03-31 00:00:00+00:00
[2024-03-31T06:11:31.214+0000] {processor.py:183} INFO - Processing /home/airflow/.local/lib/python3.8/site-packages/airflow/example_dags/example_bash_operator.py took 0.145 seconds
[2024-03-31T06:12:02.141+0000] {processor.py:161} INFO - Started process (PID=1352) to work on /home/airflow/.local/lib/python3.8/site-packages/airflow/example_dags/example_bash_operator.py
[2024-03-31T06:12:02.143+0000] {processor.py:830} INFO - Processing file /home/airflow/.local/lib/python3.8/site-packages/airflow/example_dags/example_bash_operator.py for tasks to queue
[2024-03-31T06:12:02.146+0000] {logging_mixin.py:188} INFO - [2024-03-31T06:12:02.146+0000] {dagbag.py:540} INFO - Filling up the DagBag from /home/airflow/.local/lib/python3.8/site-packages/airflow/example_dags/example_bash_operator.py
[2024-03-31T06:12:02.173+0000] {processor.py:840} INFO - DAG(s) 'example_bash_operator' retrieved from /home/airflow/.local/lib/python3.8/site-packages/airflow/example_dags/example_bash_operator.py
[2024-03-31T06:12:02.254+0000] {logging_mixin.py:188} INFO - [2024-03-31T06:12:02.247+0000] {dag.py:3047} INFO - Sync 1 DAGs
[2024-03-31T06:12:02.313+0000] {logging_mixin.py:188} INFO - [2024-03-31T06:12:02.313+0000] {dag.py:3834} INFO - Setting next_dagrun for example_bash_operator to 2024-03-30 00:00:00+00:00, run_after=2024-03-31 00:00:00+00:00
[2024-03-31T06:12:02.353+0000] {processor.py:183} INFO - Processing /home/airflow/.local/lib/python3.8/site-packages/airflow/example_dags/example_bash_operator.py took 0.216 seconds
[2024-03-31T06:12:32.966+0000] {processor.py:161} INFO - Started process (PID=1408) to work on /home/airflow/.local/lib/python3.8/site-packages/airflow/example_dags/example_bash_operator.py
[2024-03-31T06:12:32.969+0000] {processor.py:830} INFO - Processing file /home/airflow/.local/lib/python3.8/site-packages/airflow/example_dags/example_bash_operator.py for tasks to queue
[2024-03-31T06:12:32.975+0000] {logging_mixin.py:188} INFO - [2024-03-31T06:12:32.974+0000] {dagbag.py:540} INFO - Filling up the DagBag from /home/airflow/.local/lib/python3.8/site-packages/airflow/example_dags/example_bash_operator.py
[2024-03-31T06:12:33.027+0000] {processor.py:840} INFO - DAG(s) 'example_bash_operator' retrieved from /home/airflow/.local/lib/python3.8/site-packages/airflow/example_dags/example_bash_operator.py
[2024-03-31T06:12:33.132+0000] {logging_mixin.py:188} INFO - [2024-03-31T06:12:33.132+0000] {dag.py:3047} INFO - Sync 1 DAGs
[2024-03-31T06:12:33.233+0000] {logging_mixin.py:188} INFO - [2024-03-31T06:12:33.233+0000] {dag.py:3834} INFO - Setting next_dagrun for example_bash_operator to 2024-03-30 00:00:00+00:00, run_after=2024-03-31 00:00:00+00:00
[2024-03-31T06:12:33.290+0000] {processor.py:183} INFO - Processing /home/airflow/.local/lib/python3.8/site-packages/airflow/example_dags/example_bash_operator.py took 0.329 seconds
[2024-03-31T06:13:43.727+0000] {processor.py:161} INFO - Started process (PID=58) to work on /home/airflow/.local/lib/python3.8/site-packages/airflow/example_dags/example_bash_operator.py
[2024-03-31T06:13:43.732+0000] {processor.py:830} INFO - Processing file /home/airflow/.local/lib/python3.8/site-packages/airflow/example_dags/example_bash_operator.py for tasks to queue
[2024-03-31T06:13:43.747+0000] {logging_mixin.py:188} INFO - [2024-03-31T06:13:43.747+0000] {dagbag.py:540} INFO - Filling up the DagBag from /home/airflow/.local/lib/python3.8/site-packages/airflow/example_dags/example_bash_operator.py
[2024-03-31T06:13:43.799+0000] {processor.py:840} INFO - DAG(s) 'example_bash_operator' retrieved from /home/airflow/.local/lib/python3.8/site-packages/airflow/example_dags/example_bash_operator.py
[2024-03-31T06:13:43.828+0000] {logging_mixin.py:188} INFO - [2024-03-31T06:13:43.827+0000] {dag.py:3047} INFO - Sync 1 DAGs
[2024-03-31T06:13:43.949+0000] {logging_mixin.py:188} INFO - [2024-03-31T06:13:43.948+0000] {dag.py:3834} INFO - Setting next_dagrun for example_bash_operator to 2024-03-30 00:00:00+00:00, run_after=2024-03-31 00:00:00+00:00
[2024-03-31T06:13:44.032+0000] {processor.py:183} INFO - Processing /home/airflow/.local/lib/python3.8/site-packages/airflow/example_dags/example_bash_operator.py took 0.322 seconds
