[2024-03-31T06:00:22.706+0000] {processor.py:161} INFO - Started process (PID=75) to work on /home/airflow/.local/lib/python3.8/site-packages/airflow/example_dags/example_latest_only_with_trigger.py
[2024-03-31T06:00:22.708+0000] {processor.py:830} INFO - Processing file /home/airflow/.local/lib/python3.8/site-packages/airflow/example_dags/example_latest_only_with_trigger.py for tasks to queue
[2024-03-31T06:00:22.714+0000] {logging_mixin.py:188} INFO - [2024-03-31T06:00:22.714+0000] {dagbag.py:540} INFO - Filling up the DagBag from /home/airflow/.local/lib/python3.8/site-packages/airflow/example_dags/example_latest_only_with_trigger.py
[2024-03-31T06:00:22.733+0000] {processor.py:840} INFO - DAG(s) 'latest_only_with_trigger' retrieved from /home/airflow/.local/lib/python3.8/site-packages/airflow/example_dags/example_latest_only_with_trigger.py
[2024-03-31T06:00:23.203+0000] {logging_mixin.py:188} INFO - [2024-03-31T06:00:23.202+0000] {dag.py:3047} INFO - Sync 1 DAGs
[2024-03-31T06:00:23.285+0000] {logging_mixin.py:188} INFO - [2024-03-31T06:00:23.285+0000] {dag.py:3834} INFO - Setting next_dagrun for latest_only_with_trigger to 2024-03-31 00:00:00+00:00, run_after=2024-03-31 04:00:00+00:00
[2024-03-31T06:00:23.435+0000] {processor.py:183} INFO - Processing /home/airflow/.local/lib/python3.8/site-packages/airflow/example_dags/example_latest_only_with_trigger.py took 0.733 seconds
[2024-03-31T06:00:53.591+0000] {processor.py:161} INFO - Started process (PID=130) to work on /home/airflow/.local/lib/python3.8/site-packages/airflow/example_dags/example_latest_only_with_trigger.py
[2024-03-31T06:00:53.594+0000] {processor.py:830} INFO - Processing file /home/airflow/.local/lib/python3.8/site-packages/airflow/example_dags/example_latest_only_with_trigger.py for tasks to queue
[2024-03-31T06:00:53.596+0000] {logging_mixin.py:188} INFO - [2024-03-31T06:00:53.596+0000] {dagbag.py:540} INFO - Filling up the DagBag from /home/airflow/.local/lib/python3.8/site-packages/airflow/example_dags/example_latest_only_with_trigger.py
[2024-03-31T06:00:53.601+0000] {processor.py:840} INFO - DAG(s) 'latest_only_with_trigger' retrieved from /home/airflow/.local/lib/python3.8/site-packages/airflow/example_dags/example_latest_only_with_trigger.py
[2024-03-31T06:00:53.624+0000] {logging_mixin.py:188} INFO - [2024-03-31T06:00:53.622+0000] {dag.py:3047} INFO - Sync 1 DAGs
[2024-03-31T06:00:53.653+0000] {logging_mixin.py:188} INFO - [2024-03-31T06:00:53.653+0000] {dag.py:3834} INFO - Setting next_dagrun for latest_only_with_trigger to 2024-03-31 00:00:00+00:00, run_after=2024-03-31 04:00:00+00:00
[2024-03-31T06:00:53.678+0000] {processor.py:183} INFO - Processing /home/airflow/.local/lib/python3.8/site-packages/airflow/example_dags/example_latest_only_with_trigger.py took 0.092 seconds
[2024-03-31T06:01:23.761+0000] {processor.py:161} INFO - Started process (PID=185) to work on /home/airflow/.local/lib/python3.8/site-packages/airflow/example_dags/example_latest_only_with_trigger.py
[2024-03-31T06:01:23.762+0000] {processor.py:830} INFO - Processing file /home/airflow/.local/lib/python3.8/site-packages/airflow/example_dags/example_latest_only_with_trigger.py for tasks to queue
[2024-03-31T06:01:23.767+0000] {logging_mixin.py:188} INFO - [2024-03-31T06:01:23.766+0000] {dagbag.py:540} INFO - Filling up the DagBag from /home/airflow/.local/lib/python3.8/site-packages/airflow/example_dags/example_latest_only_with_trigger.py
[2024-03-31T06:01:23.773+0000] {processor.py:840} INFO - DAG(s) 'latest_only_with_trigger' retrieved from /home/airflow/.local/lib/python3.8/site-packages/airflow/example_dags/example_latest_only_with_trigger.py
[2024-03-31T06:01:23.794+0000] {logging_mixin.py:188} INFO - [2024-03-31T06:01:23.793+0000] {dag.py:3047} INFO - Sync 1 DAGs
[2024-03-31T06:01:23.849+0000] {logging_mixin.py:188} INFO - [2024-03-31T06:01:23.849+0000] {dag.py:3834} INFO - Setting next_dagrun for latest_only_with_trigger to 2024-03-31 00:00:00+00:00, run_after=2024-03-31 04:00:00+00:00
[2024-03-31T06:01:23.870+0000] {processor.py:183} INFO - Processing /home/airflow/.local/lib/python3.8/site-packages/airflow/example_dags/example_latest_only_with_trigger.py took 0.111 seconds
[2024-03-31T06:01:53.909+0000] {processor.py:161} INFO - Started process (PID=241) to work on /home/airflow/.local/lib/python3.8/site-packages/airflow/example_dags/example_latest_only_with_trigger.py
[2024-03-31T06:01:53.910+0000] {processor.py:830} INFO - Processing file /home/airflow/.local/lib/python3.8/site-packages/airflow/example_dags/example_latest_only_with_trigger.py for tasks to queue
[2024-03-31T06:01:53.911+0000] {logging_mixin.py:188} INFO - [2024-03-31T06:01:53.911+0000] {dagbag.py:540} INFO - Filling up the DagBag from /home/airflow/.local/lib/python3.8/site-packages/airflow/example_dags/example_latest_only_with_trigger.py
[2024-03-31T06:01:53.918+0000] {processor.py:840} INFO - DAG(s) 'latest_only_with_trigger' retrieved from /home/airflow/.local/lib/python3.8/site-packages/airflow/example_dags/example_latest_only_with_trigger.py
[2024-03-31T06:01:53.929+0000] {logging_mixin.py:188} INFO - [2024-03-31T06:01:53.928+0000] {dag.py:3047} INFO - Sync 1 DAGs
[2024-03-31T06:01:53.958+0000] {logging_mixin.py:188} INFO - [2024-03-31T06:01:53.958+0000] {dag.py:3834} INFO - Setting next_dagrun for latest_only_with_trigger to 2024-03-31 00:00:00+00:00, run_after=2024-03-31 04:00:00+00:00
[2024-03-31T06:01:53.980+0000] {processor.py:183} INFO - Processing /home/airflow/.local/lib/python3.8/site-packages/airflow/example_dags/example_latest_only_with_trigger.py took 0.074 seconds
[2024-03-31T06:02:24.159+0000] {processor.py:161} INFO - Started process (PID=297) to work on /home/airflow/.local/lib/python3.8/site-packages/airflow/example_dags/example_latest_only_with_trigger.py
[2024-03-31T06:02:24.159+0000] {processor.py:830} INFO - Processing file /home/airflow/.local/lib/python3.8/site-packages/airflow/example_dags/example_latest_only_with_trigger.py for tasks to queue
[2024-03-31T06:02:24.161+0000] {logging_mixin.py:188} INFO - [2024-03-31T06:02:24.161+0000] {dagbag.py:540} INFO - Filling up the DagBag from /home/airflow/.local/lib/python3.8/site-packages/airflow/example_dags/example_latest_only_with_trigger.py
[2024-03-31T06:02:24.167+0000] {processor.py:840} INFO - DAG(s) 'latest_only_with_trigger' retrieved from /home/airflow/.local/lib/python3.8/site-packages/airflow/example_dags/example_latest_only_with_trigger.py
[2024-03-31T06:02:24.177+0000] {logging_mixin.py:188} INFO - [2024-03-31T06:02:24.177+0000] {dag.py:3047} INFO - Sync 1 DAGs
[2024-03-31T06:02:24.203+0000] {logging_mixin.py:188} INFO - [2024-03-31T06:02:24.203+0000] {dag.py:3834} INFO - Setting next_dagrun for latest_only_with_trigger to 2024-03-31 00:00:00+00:00, run_after=2024-03-31 04:00:00+00:00
[2024-03-31T06:02:24.226+0000] {processor.py:183} INFO - Processing /home/airflow/.local/lib/python3.8/site-packages/airflow/example_dags/example_latest_only_with_trigger.py took 0.070 seconds
[2024-03-31T06:02:54.758+0000] {processor.py:161} INFO - Started process (PID=353) to work on /home/airflow/.local/lib/python3.8/site-packages/airflow/example_dags/example_latest_only_with_trigger.py
[2024-03-31T06:02:54.758+0000] {processor.py:830} INFO - Processing file /home/airflow/.local/lib/python3.8/site-packages/airflow/example_dags/example_latest_only_with_trigger.py for tasks to queue
[2024-03-31T06:02:54.760+0000] {logging_mixin.py:188} INFO - [2024-03-31T06:02:54.760+0000] {dagbag.py:540} INFO - Filling up the DagBag from /home/airflow/.local/lib/python3.8/site-packages/airflow/example_dags/example_latest_only_with_trigger.py
[2024-03-31T06:02:54.765+0000] {processor.py:840} INFO - DAG(s) 'latest_only_with_trigger' retrieved from /home/airflow/.local/lib/python3.8/site-packages/airflow/example_dags/example_latest_only_with_trigger.py
[2024-03-31T06:02:54.905+0000] {logging_mixin.py:188} INFO - [2024-03-31T06:02:54.904+0000] {dag.py:3047} INFO - Sync 1 DAGs
[2024-03-31T06:02:54.937+0000] {logging_mixin.py:188} INFO - [2024-03-31T06:02:54.937+0000] {dag.py:3834} INFO - Setting next_dagrun for latest_only_with_trigger to 2024-03-31 00:00:00+00:00, run_after=2024-03-31 04:00:00+00:00
[2024-03-31T06:02:54.966+0000] {processor.py:183} INFO - Processing /home/airflow/.local/lib/python3.8/site-packages/airflow/example_dags/example_latest_only_with_trigger.py took 0.211 seconds
[2024-03-31T06:03:25.275+0000] {processor.py:161} INFO - Started process (PID=409) to work on /home/airflow/.local/lib/python3.8/site-packages/airflow/example_dags/example_latest_only_with_trigger.py
[2024-03-31T06:03:25.275+0000] {processor.py:830} INFO - Processing file /home/airflow/.local/lib/python3.8/site-packages/airflow/example_dags/example_latest_only_with_trigger.py for tasks to queue
[2024-03-31T06:03:25.277+0000] {logging_mixin.py:188} INFO - [2024-03-31T06:03:25.277+0000] {dagbag.py:540} INFO - Filling up the DagBag from /home/airflow/.local/lib/python3.8/site-packages/airflow/example_dags/example_latest_only_with_trigger.py
[2024-03-31T06:03:25.283+0000] {processor.py:840} INFO - DAG(s) 'latest_only_with_trigger' retrieved from /home/airflow/.local/lib/python3.8/site-packages/airflow/example_dags/example_latest_only_with_trigger.py
[2024-03-31T06:03:25.302+0000] {logging_mixin.py:188} INFO - [2024-03-31T06:03:25.301+0000] {dag.py:3047} INFO - Sync 1 DAGs
[2024-03-31T06:03:25.322+0000] {logging_mixin.py:188} INFO - [2024-03-31T06:03:25.322+0000] {dag.py:3834} INFO - Setting next_dagrun for latest_only_with_trigger to 2024-03-31 00:00:00+00:00, run_after=2024-03-31 04:00:00+00:00
[2024-03-31T06:03:25.341+0000] {processor.py:183} INFO - Processing /home/airflow/.local/lib/python3.8/site-packages/airflow/example_dags/example_latest_only_with_trigger.py took 0.068 seconds
[2024-03-31T06:03:56.136+0000] {processor.py:161} INFO - Started process (PID=465) to work on /home/airflow/.local/lib/python3.8/site-packages/airflow/example_dags/example_latest_only_with_trigger.py
[2024-03-31T06:03:56.137+0000] {processor.py:830} INFO - Processing file /home/airflow/.local/lib/python3.8/site-packages/airflow/example_dags/example_latest_only_with_trigger.py for tasks to queue
[2024-03-31T06:03:56.139+0000] {logging_mixin.py:188} INFO - [2024-03-31T06:03:56.138+0000] {dagbag.py:540} INFO - Filling up the DagBag from /home/airflow/.local/lib/python3.8/site-packages/airflow/example_dags/example_latest_only_with_trigger.py
[2024-03-31T06:03:56.144+0000] {processor.py:840} INFO - DAG(s) 'latest_only_with_trigger' retrieved from /home/airflow/.local/lib/python3.8/site-packages/airflow/example_dags/example_latest_only_with_trigger.py
[2024-03-31T06:03:56.165+0000] {logging_mixin.py:188} INFO - [2024-03-31T06:03:56.165+0000] {dag.py:3047} INFO - Sync 1 DAGs
[2024-03-31T06:03:56.187+0000] {logging_mixin.py:188} INFO - [2024-03-31T06:03:56.187+0000] {dag.py:3834} INFO - Setting next_dagrun for latest_only_with_trigger to 2024-03-31 00:00:00+00:00, run_after=2024-03-31 04:00:00+00:00
[2024-03-31T06:03:56.219+0000] {processor.py:183} INFO - Processing /home/airflow/.local/lib/python3.8/site-packages/airflow/example_dags/example_latest_only_with_trigger.py took 0.085 seconds
[2024-03-31T06:04:26.354+0000] {processor.py:161} INFO - Started process (PID=521) to work on /home/airflow/.local/lib/python3.8/site-packages/airflow/example_dags/example_latest_only_with_trigger.py
[2024-03-31T06:04:26.355+0000] {processor.py:830} INFO - Processing file /home/airflow/.local/lib/python3.8/site-packages/airflow/example_dags/example_latest_only_with_trigger.py for tasks to queue
[2024-03-31T06:04:26.357+0000] {logging_mixin.py:188} INFO - [2024-03-31T06:04:26.356+0000] {dagbag.py:540} INFO - Filling up the DagBag from /home/airflow/.local/lib/python3.8/site-packages/airflow/example_dags/example_latest_only_with_trigger.py
[2024-03-31T06:04:26.361+0000] {processor.py:840} INFO - DAG(s) 'latest_only_with_trigger' retrieved from /home/airflow/.local/lib/python3.8/site-packages/airflow/example_dags/example_latest_only_with_trigger.py
[2024-03-31T06:04:26.385+0000] {logging_mixin.py:188} INFO - [2024-03-31T06:04:26.384+0000] {dag.py:3047} INFO - Sync 1 DAGs
[2024-03-31T06:04:26.406+0000] {logging_mixin.py:188} INFO - [2024-03-31T06:04:26.406+0000] {dag.py:3834} INFO - Setting next_dagrun for latest_only_with_trigger to 2024-03-31 00:00:00+00:00, run_after=2024-03-31 04:00:00+00:00
[2024-03-31T06:04:26.424+0000] {processor.py:183} INFO - Processing /home/airflow/.local/lib/python3.8/site-packages/airflow/example_dags/example_latest_only_with_trigger.py took 0.073 seconds
[2024-03-31T06:04:57.407+0000] {processor.py:161} INFO - Started process (PID=577) to work on /home/airflow/.local/lib/python3.8/site-packages/airflow/example_dags/example_latest_only_with_trigger.py
[2024-03-31T06:04:57.408+0000] {processor.py:830} INFO - Processing file /home/airflow/.local/lib/python3.8/site-packages/airflow/example_dags/example_latest_only_with_trigger.py for tasks to queue
[2024-03-31T06:04:57.409+0000] {logging_mixin.py:188} INFO - [2024-03-31T06:04:57.409+0000] {dagbag.py:540} INFO - Filling up the DagBag from /home/airflow/.local/lib/python3.8/site-packages/airflow/example_dags/example_latest_only_with_trigger.py
[2024-03-31T06:04:57.417+0000] {processor.py:840} INFO - DAG(s) 'latest_only_with_trigger' retrieved from /home/airflow/.local/lib/python3.8/site-packages/airflow/example_dags/example_latest_only_with_trigger.py
[2024-03-31T06:04:57.457+0000] {logging_mixin.py:188} INFO - [2024-03-31T06:04:57.456+0000] {dag.py:3047} INFO - Sync 1 DAGs
[2024-03-31T06:04:57.494+0000] {logging_mixin.py:188} INFO - [2024-03-31T06:04:57.494+0000] {dag.py:3834} INFO - Setting next_dagrun for latest_only_with_trigger to 2024-03-31 00:00:00+00:00, run_after=2024-03-31 04:00:00+00:00
[2024-03-31T06:04:57.526+0000] {processor.py:183} INFO - Processing /home/airflow/.local/lib/python3.8/site-packages/airflow/example_dags/example_latest_only_with_trigger.py took 0.123 seconds
[2024-03-31T06:05:27.673+0000] {processor.py:161} INFO - Started process (PID=633) to work on /home/airflow/.local/lib/python3.8/site-packages/airflow/example_dags/example_latest_only_with_trigger.py
[2024-03-31T06:05:27.675+0000] {processor.py:830} INFO - Processing file /home/airflow/.local/lib/python3.8/site-packages/airflow/example_dags/example_latest_only_with_trigger.py for tasks to queue
[2024-03-31T06:05:27.677+0000] {logging_mixin.py:188} INFO - [2024-03-31T06:05:27.676+0000] {dagbag.py:540} INFO - Filling up the DagBag from /home/airflow/.local/lib/python3.8/site-packages/airflow/example_dags/example_latest_only_with_trigger.py
[2024-03-31T06:05:27.686+0000] {processor.py:840} INFO - DAG(s) 'latest_only_with_trigger' retrieved from /home/airflow/.local/lib/python3.8/site-packages/airflow/example_dags/example_latest_only_with_trigger.py
[2024-03-31T06:05:27.704+0000] {logging_mixin.py:188} INFO - [2024-03-31T06:05:27.704+0000] {dag.py:3047} INFO - Sync 1 DAGs
[2024-03-31T06:05:27.724+0000] {logging_mixin.py:188} INFO - [2024-03-31T06:05:27.724+0000] {dag.py:3834} INFO - Setting next_dagrun for latest_only_with_trigger to 2024-03-31 00:00:00+00:00, run_after=2024-03-31 04:00:00+00:00
[2024-03-31T06:05:27.743+0000] {processor.py:183} INFO - Processing /home/airflow/.local/lib/python3.8/site-packages/airflow/example_dags/example_latest_only_with_trigger.py took 0.073 seconds
[2024-03-31T06:05:58.454+0000] {processor.py:161} INFO - Started process (PID=689) to work on /home/airflow/.local/lib/python3.8/site-packages/airflow/example_dags/example_latest_only_with_trigger.py
[2024-03-31T06:05:58.454+0000] {processor.py:830} INFO - Processing file /home/airflow/.local/lib/python3.8/site-packages/airflow/example_dags/example_latest_only_with_trigger.py for tasks to queue
[2024-03-31T06:05:58.456+0000] {logging_mixin.py:188} INFO - [2024-03-31T06:05:58.456+0000] {dagbag.py:540} INFO - Filling up the DagBag from /home/airflow/.local/lib/python3.8/site-packages/airflow/example_dags/example_latest_only_with_trigger.py
[2024-03-31T06:05:58.460+0000] {processor.py:840} INFO - DAG(s) 'latest_only_with_trigger' retrieved from /home/airflow/.local/lib/python3.8/site-packages/airflow/example_dags/example_latest_only_with_trigger.py
[2024-03-31T06:05:58.484+0000] {logging_mixin.py:188} INFO - [2024-03-31T06:05:58.483+0000] {dag.py:3047} INFO - Sync 1 DAGs
[2024-03-31T06:05:58.508+0000] {logging_mixin.py:188} INFO - [2024-03-31T06:05:58.508+0000] {dag.py:3834} INFO - Setting next_dagrun for latest_only_with_trigger to 2024-03-31 00:00:00+00:00, run_after=2024-03-31 04:00:00+00:00
[2024-03-31T06:05:58.535+0000] {processor.py:183} INFO - Processing /home/airflow/.local/lib/python3.8/site-packages/airflow/example_dags/example_latest_only_with_trigger.py took 0.083 seconds
[2024-03-31T06:06:28.814+0000] {processor.py:161} INFO - Started process (PID=745) to work on /home/airflow/.local/lib/python3.8/site-packages/airflow/example_dags/example_latest_only_with_trigger.py
[2024-03-31T06:06:28.815+0000] {processor.py:830} INFO - Processing file /home/airflow/.local/lib/python3.8/site-packages/airflow/example_dags/example_latest_only_with_trigger.py for tasks to queue
[2024-03-31T06:06:28.816+0000] {logging_mixin.py:188} INFO - [2024-03-31T06:06:28.816+0000] {dagbag.py:540} INFO - Filling up the DagBag from /home/airflow/.local/lib/python3.8/site-packages/airflow/example_dags/example_latest_only_with_trigger.py
[2024-03-31T06:06:28.821+0000] {processor.py:840} INFO - DAG(s) 'latest_only_with_trigger' retrieved from /home/airflow/.local/lib/python3.8/site-packages/airflow/example_dags/example_latest_only_with_trigger.py
[2024-03-31T06:06:28.855+0000] {logging_mixin.py:188} INFO - [2024-03-31T06:06:28.854+0000] {dag.py:3047} INFO - Sync 1 DAGs
[2024-03-31T06:06:28.883+0000] {logging_mixin.py:188} INFO - [2024-03-31T06:06:28.882+0000] {dag.py:3834} INFO - Setting next_dagrun for latest_only_with_trigger to 2024-03-31 00:00:00+00:00, run_after=2024-03-31 04:00:00+00:00
[2024-03-31T06:06:28.903+0000] {processor.py:183} INFO - Processing /home/airflow/.local/lib/python3.8/site-packages/airflow/example_dags/example_latest_only_with_trigger.py took 0.092 seconds
[2024-03-31T06:06:59.765+0000] {processor.py:161} INFO - Started process (PID=801) to work on /home/airflow/.local/lib/python3.8/site-packages/airflow/example_dags/example_latest_only_with_trigger.py
[2024-03-31T06:06:59.766+0000] {processor.py:830} INFO - Processing file /home/airflow/.local/lib/python3.8/site-packages/airflow/example_dags/example_latest_only_with_trigger.py for tasks to queue
[2024-03-31T06:06:59.767+0000] {logging_mixin.py:188} INFO - [2024-03-31T06:06:59.767+0000] {dagbag.py:540} INFO - Filling up the DagBag from /home/airflow/.local/lib/python3.8/site-packages/airflow/example_dags/example_latest_only_with_trigger.py
[2024-03-31T06:06:59.774+0000] {processor.py:840} INFO - DAG(s) 'latest_only_with_trigger' retrieved from /home/airflow/.local/lib/python3.8/site-packages/airflow/example_dags/example_latest_only_with_trigger.py
[2024-03-31T06:06:59.809+0000] {logging_mixin.py:188} INFO - [2024-03-31T06:06:59.808+0000] {dag.py:3047} INFO - Sync 1 DAGs
[2024-03-31T06:06:59.838+0000] {logging_mixin.py:188} INFO - [2024-03-31T06:06:59.837+0000] {dag.py:3834} INFO - Setting next_dagrun for latest_only_with_trigger to 2024-03-31 00:00:00+00:00, run_after=2024-03-31 04:00:00+00:00
[2024-03-31T06:06:59.856+0000] {processor.py:183} INFO - Processing /home/airflow/.local/lib/python3.8/site-packages/airflow/example_dags/example_latest_only_with_trigger.py took 0.094 seconds
[2024-03-31T06:07:30.108+0000] {processor.py:161} INFO - Started process (PID=858) to work on /home/airflow/.local/lib/python3.8/site-packages/airflow/example_dags/example_latest_only_with_trigger.py
[2024-03-31T06:07:30.110+0000] {processor.py:830} INFO - Processing file /home/airflow/.local/lib/python3.8/site-packages/airflow/example_dags/example_latest_only_with_trigger.py for tasks to queue
[2024-03-31T06:07:30.114+0000] {logging_mixin.py:188} INFO - [2024-03-31T06:07:30.113+0000] {dagbag.py:540} INFO - Filling up the DagBag from /home/airflow/.local/lib/python3.8/site-packages/airflow/example_dags/example_latest_only_with_trigger.py
[2024-03-31T06:07:30.119+0000] {processor.py:840} INFO - DAG(s) 'latest_only_with_trigger' retrieved from /home/airflow/.local/lib/python3.8/site-packages/airflow/example_dags/example_latest_only_with_trigger.py
[2024-03-31T06:07:30.140+0000] {logging_mixin.py:188} INFO - [2024-03-31T06:07:30.140+0000] {dag.py:3047} INFO - Sync 1 DAGs
[2024-03-31T06:07:30.167+0000] {logging_mixin.py:188} INFO - [2024-03-31T06:07:30.167+0000] {dag.py:3834} INFO - Setting next_dagrun for latest_only_with_trigger to 2024-03-31 00:00:00+00:00, run_after=2024-03-31 04:00:00+00:00
[2024-03-31T06:07:30.193+0000] {processor.py:183} INFO - Processing /home/airflow/.local/lib/python3.8/site-packages/airflow/example_dags/example_latest_only_with_trigger.py took 0.088 seconds
[2024-03-31T06:08:00.278+0000] {processor.py:161} INFO - Started process (PID=914) to work on /home/airflow/.local/lib/python3.8/site-packages/airflow/example_dags/example_latest_only_with_trigger.py
[2024-03-31T06:08:00.280+0000] {processor.py:830} INFO - Processing file /home/airflow/.local/lib/python3.8/site-packages/airflow/example_dags/example_latest_only_with_trigger.py for tasks to queue
[2024-03-31T06:08:00.281+0000] {logging_mixin.py:188} INFO - [2024-03-31T06:08:00.281+0000] {dagbag.py:540} INFO - Filling up the DagBag from /home/airflow/.local/lib/python3.8/site-packages/airflow/example_dags/example_latest_only_with_trigger.py
[2024-03-31T06:08:00.288+0000] {processor.py:840} INFO - DAG(s) 'latest_only_with_trigger' retrieved from /home/airflow/.local/lib/python3.8/site-packages/airflow/example_dags/example_latest_only_with_trigger.py
[2024-03-31T06:08:00.319+0000] {logging_mixin.py:188} INFO - [2024-03-31T06:08:00.318+0000] {dag.py:3047} INFO - Sync 1 DAGs
[2024-03-31T06:08:00.347+0000] {logging_mixin.py:188} INFO - [2024-03-31T06:08:00.346+0000] {dag.py:3834} INFO - Setting next_dagrun for latest_only_with_trigger to 2024-03-31 00:00:00+00:00, run_after=2024-03-31 04:00:00+00:00
[2024-03-31T06:08:00.375+0000] {processor.py:183} INFO - Processing /home/airflow/.local/lib/python3.8/site-packages/airflow/example_dags/example_latest_only_with_trigger.py took 0.101 seconds
[2024-03-31T06:08:30.432+0000] {processor.py:161} INFO - Started process (PID=969) to work on /home/airflow/.local/lib/python3.8/site-packages/airflow/example_dags/example_latest_only_with_trigger.py
[2024-03-31T06:08:30.433+0000] {processor.py:830} INFO - Processing file /home/airflow/.local/lib/python3.8/site-packages/airflow/example_dags/example_latest_only_with_trigger.py for tasks to queue
[2024-03-31T06:08:30.435+0000] {logging_mixin.py:188} INFO - [2024-03-31T06:08:30.434+0000] {dagbag.py:540} INFO - Filling up the DagBag from /home/airflow/.local/lib/python3.8/site-packages/airflow/example_dags/example_latest_only_with_trigger.py
[2024-03-31T06:08:30.440+0000] {processor.py:840} INFO - DAG(s) 'latest_only_with_trigger' retrieved from /home/airflow/.local/lib/python3.8/site-packages/airflow/example_dags/example_latest_only_with_trigger.py
[2024-03-31T06:08:30.471+0000] {logging_mixin.py:188} INFO - [2024-03-31T06:08:30.470+0000] {dag.py:3047} INFO - Sync 1 DAGs
[2024-03-31T06:08:30.514+0000] {logging_mixin.py:188} INFO - [2024-03-31T06:08:30.514+0000] {dag.py:3834} INFO - Setting next_dagrun for latest_only_with_trigger to 2024-03-31 00:00:00+00:00, run_after=2024-03-31 04:00:00+00:00
[2024-03-31T06:08:30.552+0000] {processor.py:183} INFO - Processing /home/airflow/.local/lib/python3.8/site-packages/airflow/example_dags/example_latest_only_with_trigger.py took 0.123 seconds
[2024-03-31T06:09:00.682+0000] {processor.py:161} INFO - Started process (PID=1024) to work on /home/airflow/.local/lib/python3.8/site-packages/airflow/example_dags/example_latest_only_with_trigger.py
[2024-03-31T06:09:00.686+0000] {processor.py:830} INFO - Processing file /home/airflow/.local/lib/python3.8/site-packages/airflow/example_dags/example_latest_only_with_trigger.py for tasks to queue
[2024-03-31T06:09:00.693+0000] {logging_mixin.py:188} INFO - [2024-03-31T06:09:00.691+0000] {dagbag.py:540} INFO - Filling up the DagBag from /home/airflow/.local/lib/python3.8/site-packages/airflow/example_dags/example_latest_only_with_trigger.py
[2024-03-31T06:09:00.704+0000] {processor.py:840} INFO - DAG(s) 'latest_only_with_trigger' retrieved from /home/airflow/.local/lib/python3.8/site-packages/airflow/example_dags/example_latest_only_with_trigger.py
[2024-03-31T06:09:00.743+0000] {logging_mixin.py:188} INFO - [2024-03-31T06:09:00.742+0000] {dag.py:3047} INFO - Sync 1 DAGs
[2024-03-31T06:09:00.779+0000] {logging_mixin.py:188} INFO - [2024-03-31T06:09:00.779+0000] {dag.py:3834} INFO - Setting next_dagrun for latest_only_with_trigger to 2024-03-31 00:00:00+00:00, run_after=2024-03-31 04:00:00+00:00
[2024-03-31T06:09:00.805+0000] {processor.py:183} INFO - Processing /home/airflow/.local/lib/python3.8/site-packages/airflow/example_dags/example_latest_only_with_trigger.py took 0.126 seconds
[2024-03-31T06:09:31.400+0000] {processor.py:161} INFO - Started process (PID=1083) to work on /home/airflow/.local/lib/python3.8/site-packages/airflow/example_dags/example_latest_only_with_trigger.py
[2024-03-31T06:09:31.401+0000] {processor.py:830} INFO - Processing file /home/airflow/.local/lib/python3.8/site-packages/airflow/example_dags/example_latest_only_with_trigger.py for tasks to queue
[2024-03-31T06:09:31.404+0000] {logging_mixin.py:188} INFO - [2024-03-31T06:09:31.404+0000] {dagbag.py:540} INFO - Filling up the DagBag from /home/airflow/.local/lib/python3.8/site-packages/airflow/example_dags/example_latest_only_with_trigger.py
[2024-03-31T06:09:31.412+0000] {processor.py:840} INFO - DAG(s) 'latest_only_with_trigger' retrieved from /home/airflow/.local/lib/python3.8/site-packages/airflow/example_dags/example_latest_only_with_trigger.py
[2024-03-31T06:09:31.431+0000] {logging_mixin.py:188} INFO - [2024-03-31T06:09:31.431+0000] {dag.py:3047} INFO - Sync 1 DAGs
[2024-03-31T06:09:31.452+0000] {logging_mixin.py:188} INFO - [2024-03-31T06:09:31.452+0000] {dag.py:3834} INFO - Setting next_dagrun for latest_only_with_trigger to 2024-03-31 00:00:00+00:00, run_after=2024-03-31 04:00:00+00:00
[2024-03-31T06:09:31.469+0000] {processor.py:183} INFO - Processing /home/airflow/.local/lib/python3.8/site-packages/airflow/example_dags/example_latest_only_with_trigger.py took 0.072 seconds
[2024-03-31T06:10:01.803+0000] {processor.py:161} INFO - Started process (PID=1140) to work on /home/airflow/.local/lib/python3.8/site-packages/airflow/example_dags/example_latest_only_with_trigger.py
[2024-03-31T06:10:01.804+0000] {processor.py:830} INFO - Processing file /home/airflow/.local/lib/python3.8/site-packages/airflow/example_dags/example_latest_only_with_trigger.py for tasks to queue
[2024-03-31T06:10:01.806+0000] {logging_mixin.py:188} INFO - [2024-03-31T06:10:01.805+0000] {dagbag.py:540} INFO - Filling up the DagBag from /home/airflow/.local/lib/python3.8/site-packages/airflow/example_dags/example_latest_only_with_trigger.py
[2024-03-31T06:10:01.812+0000] {processor.py:840} INFO - DAG(s) 'latest_only_with_trigger' retrieved from /home/airflow/.local/lib/python3.8/site-packages/airflow/example_dags/example_latest_only_with_trigger.py
[2024-03-31T06:10:01.831+0000] {logging_mixin.py:188} INFO - [2024-03-31T06:10:01.830+0000] {dag.py:3047} INFO - Sync 1 DAGs
[2024-03-31T06:10:01.851+0000] {logging_mixin.py:188} INFO - [2024-03-31T06:10:01.851+0000] {dag.py:3834} INFO - Setting next_dagrun for latest_only_with_trigger to 2024-03-31 00:00:00+00:00, run_after=2024-03-31 04:00:00+00:00
[2024-03-31T06:10:01.871+0000] {processor.py:183} INFO - Processing /home/airflow/.local/lib/python3.8/site-packages/airflow/example_dags/example_latest_only_with_trigger.py took 0.071 seconds
[2024-03-31T06:10:32.259+0000] {processor.py:161} INFO - Started process (PID=1196) to work on /home/airflow/.local/lib/python3.8/site-packages/airflow/example_dags/example_latest_only_with_trigger.py
[2024-03-31T06:10:32.260+0000] {processor.py:830} INFO - Processing file /home/airflow/.local/lib/python3.8/site-packages/airflow/example_dags/example_latest_only_with_trigger.py for tasks to queue
[2024-03-31T06:10:32.262+0000] {logging_mixin.py:188} INFO - [2024-03-31T06:10:32.262+0000] {dagbag.py:540} INFO - Filling up the DagBag from /home/airflow/.local/lib/python3.8/site-packages/airflow/example_dags/example_latest_only_with_trigger.py
[2024-03-31T06:10:32.267+0000] {processor.py:840} INFO - DAG(s) 'latest_only_with_trigger' retrieved from /home/airflow/.local/lib/python3.8/site-packages/airflow/example_dags/example_latest_only_with_trigger.py
[2024-03-31T06:10:32.286+0000] {logging_mixin.py:188} INFO - [2024-03-31T06:10:32.286+0000] {dag.py:3047} INFO - Sync 1 DAGs
[2024-03-31T06:10:32.307+0000] {logging_mixin.py:188} INFO - [2024-03-31T06:10:32.307+0000] {dag.py:3834} INFO - Setting next_dagrun for latest_only_with_trigger to 2024-03-31 00:00:00+00:00, run_after=2024-03-31 04:00:00+00:00
[2024-03-31T06:10:32.334+0000] {processor.py:183} INFO - Processing /home/airflow/.local/lib/python3.8/site-packages/airflow/example_dags/example_latest_only_with_trigger.py took 0.078 seconds
[2024-03-31T06:11:02.566+0000] {processor.py:161} INFO - Started process (PID=1252) to work on /home/airflow/.local/lib/python3.8/site-packages/airflow/example_dags/example_latest_only_with_trigger.py
[2024-03-31T06:11:02.567+0000] {processor.py:830} INFO - Processing file /home/airflow/.local/lib/python3.8/site-packages/airflow/example_dags/example_latest_only_with_trigger.py for tasks to queue
[2024-03-31T06:11:02.568+0000] {logging_mixin.py:188} INFO - [2024-03-31T06:11:02.568+0000] {dagbag.py:540} INFO - Filling up the DagBag from /home/airflow/.local/lib/python3.8/site-packages/airflow/example_dags/example_latest_only_with_trigger.py
[2024-03-31T06:11:02.575+0000] {processor.py:840} INFO - DAG(s) 'latest_only_with_trigger' retrieved from /home/airflow/.local/lib/python3.8/site-packages/airflow/example_dags/example_latest_only_with_trigger.py
[2024-03-31T06:11:02.595+0000] {logging_mixin.py:188} INFO - [2024-03-31T06:11:02.595+0000] {dag.py:3047} INFO - Sync 1 DAGs
[2024-03-31T06:11:02.617+0000] {logging_mixin.py:188} INFO - [2024-03-31T06:11:02.617+0000] {dag.py:3834} INFO - Setting next_dagrun for latest_only_with_trigger to 2024-03-31 00:00:00+00:00, run_after=2024-03-31 04:00:00+00:00
[2024-03-31T06:11:02.635+0000] {processor.py:183} INFO - Processing /home/airflow/.local/lib/python3.8/site-packages/airflow/example_dags/example_latest_only_with_trigger.py took 0.071 seconds
[2024-03-31T06:11:33.260+0000] {processor.py:161} INFO - Started process (PID=1308) to work on /home/airflow/.local/lib/python3.8/site-packages/airflow/example_dags/example_latest_only_with_trigger.py
[2024-03-31T06:11:33.262+0000] {processor.py:830} INFO - Processing file /home/airflow/.local/lib/python3.8/site-packages/airflow/example_dags/example_latest_only_with_trigger.py for tasks to queue
[2024-03-31T06:11:33.265+0000] {logging_mixin.py:188} INFO - [2024-03-31T06:11:33.264+0000] {dagbag.py:540} INFO - Filling up the DagBag from /home/airflow/.local/lib/python3.8/site-packages/airflow/example_dags/example_latest_only_with_trigger.py
[2024-03-31T06:11:33.277+0000] {processor.py:840} INFO - DAG(s) 'latest_only_with_trigger' retrieved from /home/airflow/.local/lib/python3.8/site-packages/airflow/example_dags/example_latest_only_with_trigger.py
[2024-03-31T06:11:33.332+0000] {logging_mixin.py:188} INFO - [2024-03-31T06:11:33.331+0000] {dag.py:3047} INFO - Sync 1 DAGs
[2024-03-31T06:11:33.393+0000] {logging_mixin.py:188} INFO - [2024-03-31T06:11:33.393+0000] {dag.py:3834} INFO - Setting next_dagrun for latest_only_with_trigger to 2024-03-31 00:00:00+00:00, run_after=2024-03-31 04:00:00+00:00
[2024-03-31T06:11:33.445+0000] {processor.py:183} INFO - Processing /home/airflow/.local/lib/python3.8/site-packages/airflow/example_dags/example_latest_only_with_trigger.py took 0.191 seconds
[2024-03-31T06:12:03.576+0000] {processor.py:161} INFO - Started process (PID=1364) to work on /home/airflow/.local/lib/python3.8/site-packages/airflow/example_dags/example_latest_only_with_trigger.py
[2024-03-31T06:12:03.578+0000] {processor.py:830} INFO - Processing file /home/airflow/.local/lib/python3.8/site-packages/airflow/example_dags/example_latest_only_with_trigger.py for tasks to queue
[2024-03-31T06:12:03.580+0000] {logging_mixin.py:188} INFO - [2024-03-31T06:12:03.580+0000] {dagbag.py:540} INFO - Filling up the DagBag from /home/airflow/.local/lib/python3.8/site-packages/airflow/example_dags/example_latest_only_with_trigger.py
[2024-03-31T06:12:03.586+0000] {processor.py:840} INFO - DAG(s) 'latest_only_with_trigger' retrieved from /home/airflow/.local/lib/python3.8/site-packages/airflow/example_dags/example_latest_only_with_trigger.py
[2024-03-31T06:12:03.623+0000] {logging_mixin.py:188} INFO - [2024-03-31T06:12:03.622+0000] {dag.py:3047} INFO - Sync 1 DAGs
[2024-03-31T06:12:03.658+0000] {logging_mixin.py:188} INFO - [2024-03-31T06:12:03.658+0000] {dag.py:3834} INFO - Setting next_dagrun for latest_only_with_trigger to 2024-03-31 00:00:00+00:00, run_after=2024-03-31 04:00:00+00:00
[2024-03-31T06:12:03.687+0000] {processor.py:183} INFO - Processing /home/airflow/.local/lib/python3.8/site-packages/airflow/example_dags/example_latest_only_with_trigger.py took 0.117 seconds
[2024-03-31T06:12:35.033+0000] {processor.py:161} INFO - Started process (PID=1420) to work on /home/airflow/.local/lib/python3.8/site-packages/airflow/example_dags/example_latest_only_with_trigger.py
[2024-03-31T06:12:35.034+0000] {processor.py:830} INFO - Processing file /home/airflow/.local/lib/python3.8/site-packages/airflow/example_dags/example_latest_only_with_trigger.py for tasks to queue
[2024-03-31T06:12:35.038+0000] {logging_mixin.py:188} INFO - [2024-03-31T06:12:35.038+0000] {dagbag.py:540} INFO - Filling up the DagBag from /home/airflow/.local/lib/python3.8/site-packages/airflow/example_dags/example_latest_only_with_trigger.py
[2024-03-31T06:12:35.058+0000] {processor.py:840} INFO - DAG(s) 'latest_only_with_trigger' retrieved from /home/airflow/.local/lib/python3.8/site-packages/airflow/example_dags/example_latest_only_with_trigger.py
[2024-03-31T06:12:35.107+0000] {logging_mixin.py:188} INFO - [2024-03-31T06:12:35.103+0000] {dag.py:3047} INFO - Sync 1 DAGs
[2024-03-31T06:12:35.168+0000] {logging_mixin.py:188} INFO - [2024-03-31T06:12:35.167+0000] {dag.py:3834} INFO - Setting next_dagrun for latest_only_with_trigger to 2024-03-31 00:00:00+00:00, run_after=2024-03-31 04:00:00+00:00
[2024-03-31T06:12:35.227+0000] {processor.py:183} INFO - Processing /home/airflow/.local/lib/python3.8/site-packages/airflow/example_dags/example_latest_only_with_trigger.py took 0.197 seconds
[2024-03-31T06:13:46.273+0000] {processor.py:161} INFO - Started process (PID=71) to work on /home/airflow/.local/lib/python3.8/site-packages/airflow/example_dags/example_latest_only_with_trigger.py
[2024-03-31T06:13:46.277+0000] {processor.py:830} INFO - Processing file /home/airflow/.local/lib/python3.8/site-packages/airflow/example_dags/example_latest_only_with_trigger.py for tasks to queue
[2024-03-31T06:13:46.287+0000] {logging_mixin.py:188} INFO - [2024-03-31T06:13:46.287+0000] {dagbag.py:540} INFO - Filling up the DagBag from /home/airflow/.local/lib/python3.8/site-packages/airflow/example_dags/example_latest_only_with_trigger.py
[2024-03-31T06:13:46.301+0000] {processor.py:840} INFO - DAG(s) 'latest_only_with_trigger' retrieved from /home/airflow/.local/lib/python3.8/site-packages/airflow/example_dags/example_latest_only_with_trigger.py
[2024-03-31T06:13:46.352+0000] {logging_mixin.py:188} INFO - [2024-03-31T06:13:46.351+0000] {dag.py:3047} INFO - Sync 1 DAGs
[2024-03-31T06:13:46.533+0000] {logging_mixin.py:188} INFO - [2024-03-31T06:13:46.533+0000] {dag.py:3834} INFO - Setting next_dagrun for latest_only_with_trigger to 2024-03-31 00:00:00+00:00, run_after=2024-03-31 04:00:00+00:00
[2024-03-31T06:13:46.659+0000] {processor.py:183} INFO - Processing /home/airflow/.local/lib/python3.8/site-packages/airflow/example_dags/example_latest_only_with_trigger.py took 0.395 seconds
