[2024-03-31T06:00:34.785+0000] {processor.py:161} INFO - Started process (PID=90) to work on /home/airflow/.local/lib/python3.8/site-packages/airflow/example_dags/tutorial_dag.py
[2024-03-31T06:00:34.787+0000] {processor.py:830} INFO - Processing file /home/airflow/.local/lib/python3.8/site-packages/airflow/example_dags/tutorial_dag.py for tasks to queue
[2024-03-31T06:00:34.791+0000] {logging_mixin.py:188} INFO - [2024-03-31T06:00:34.791+0000] {dagbag.py:540} INFO - Filling up the DagBag from /home/airflow/.local/lib/python3.8/site-packages/airflow/example_dags/tutorial_dag.py
[2024-03-31T06:00:34.806+0000] {processor.py:840} INFO - DAG(s) 'tutorial_dag' retrieved from /home/airflow/.local/lib/python3.8/site-packages/airflow/example_dags/tutorial_dag.py
[2024-03-31T06:00:35.087+0000] {logging_mixin.py:188} INFO - [2024-03-31T06:00:35.087+0000] {dag.py:3047} INFO - Sync 1 DAGs
[2024-03-31T06:00:35.115+0000] {logging_mixin.py:188} INFO - [2024-03-31T06:00:35.115+0000] {dag.py:3834} INFO - Setting next_dagrun for tutorial_dag to None, run_after=None
[2024-03-31T06:00:35.175+0000] {processor.py:183} INFO - Processing /home/airflow/.local/lib/python3.8/site-packages/airflow/example_dags/tutorial_dag.py took 0.396 seconds
[2024-03-31T06:01:05.930+0000] {processor.py:161} INFO - Started process (PID=145) to work on /home/airflow/.local/lib/python3.8/site-packages/airflow/example_dags/tutorial_dag.py
[2024-03-31T06:01:05.932+0000] {processor.py:830} INFO - Processing file /home/airflow/.local/lib/python3.8/site-packages/airflow/example_dags/tutorial_dag.py for tasks to queue
[2024-03-31T06:01:05.938+0000] {logging_mixin.py:188} INFO - [2024-03-31T06:01:05.938+0000] {dagbag.py:540} INFO - Filling up the DagBag from /home/airflow/.local/lib/python3.8/site-packages/airflow/example_dags/tutorial_dag.py
[2024-03-31T06:01:05.951+0000] {processor.py:840} INFO - DAG(s) 'tutorial_dag' retrieved from /home/airflow/.local/lib/python3.8/site-packages/airflow/example_dags/tutorial_dag.py
[2024-03-31T06:01:05.973+0000] {logging_mixin.py:188} INFO - [2024-03-31T06:01:05.972+0000] {dag.py:3047} INFO - Sync 1 DAGs
[2024-03-31T06:01:06.003+0000] {logging_mixin.py:188} INFO - [2024-03-31T06:01:06.003+0000] {dag.py:3834} INFO - Setting next_dagrun for tutorial_dag to None, run_after=None
[2024-03-31T06:01:06.041+0000] {processor.py:183} INFO - Processing /home/airflow/.local/lib/python3.8/site-packages/airflow/example_dags/tutorial_dag.py took 0.113 seconds
[2024-03-31T06:01:36.635+0000] {processor.py:161} INFO - Started process (PID=201) to work on /home/airflow/.local/lib/python3.8/site-packages/airflow/example_dags/tutorial_dag.py
[2024-03-31T06:01:36.637+0000] {processor.py:830} INFO - Processing file /home/airflow/.local/lib/python3.8/site-packages/airflow/example_dags/tutorial_dag.py for tasks to queue
[2024-03-31T06:01:36.641+0000] {logging_mixin.py:188} INFO - [2024-03-31T06:01:36.638+0000] {dagbag.py:540} INFO - Filling up the DagBag from /home/airflow/.local/lib/python3.8/site-packages/airflow/example_dags/tutorial_dag.py
[2024-03-31T06:01:36.666+0000] {processor.py:840} INFO - DAG(s) 'tutorial_dag' retrieved from /home/airflow/.local/lib/python3.8/site-packages/airflow/example_dags/tutorial_dag.py
[2024-03-31T06:01:36.701+0000] {logging_mixin.py:188} INFO - [2024-03-31T06:01:36.700+0000] {dag.py:3047} INFO - Sync 1 DAGs
[2024-03-31T06:01:36.718+0000] {logging_mixin.py:188} INFO - [2024-03-31T06:01:36.718+0000] {dag.py:3834} INFO - Setting next_dagrun for tutorial_dag to None, run_after=None
[2024-03-31T06:01:36.761+0000] {processor.py:183} INFO - Processing /home/airflow/.local/lib/python3.8/site-packages/airflow/example_dags/tutorial_dag.py took 0.129 seconds
[2024-03-31T06:02:07.206+0000] {processor.py:161} INFO - Started process (PID=257) to work on /home/airflow/.local/lib/python3.8/site-packages/airflow/example_dags/tutorial_dag.py
[2024-03-31T06:02:07.207+0000] {processor.py:830} INFO - Processing file /home/airflow/.local/lib/python3.8/site-packages/airflow/example_dags/tutorial_dag.py for tasks to queue
[2024-03-31T06:02:07.208+0000] {logging_mixin.py:188} INFO - [2024-03-31T06:02:07.208+0000] {dagbag.py:540} INFO - Filling up the DagBag from /home/airflow/.local/lib/python3.8/site-packages/airflow/example_dags/tutorial_dag.py
[2024-03-31T06:02:07.218+0000] {processor.py:840} INFO - DAG(s) 'tutorial_dag' retrieved from /home/airflow/.local/lib/python3.8/site-packages/airflow/example_dags/tutorial_dag.py
[2024-03-31T06:02:07.238+0000] {logging_mixin.py:188} INFO - [2024-03-31T06:02:07.238+0000] {dag.py:3047} INFO - Sync 1 DAGs
[2024-03-31T06:02:07.264+0000] {logging_mixin.py:188} INFO - [2024-03-31T06:02:07.259+0000] {dag.py:3834} INFO - Setting next_dagrun for tutorial_dag to None, run_after=None
[2024-03-31T06:02:07.304+0000] {processor.py:183} INFO - Processing /home/airflow/.local/lib/python3.8/site-packages/airflow/example_dags/tutorial_dag.py took 0.100 seconds
[2024-03-31T06:02:37.707+0000] {processor.py:161} INFO - Started process (PID=313) to work on /home/airflow/.local/lib/python3.8/site-packages/airflow/example_dags/tutorial_dag.py
[2024-03-31T06:02:37.708+0000] {processor.py:830} INFO - Processing file /home/airflow/.local/lib/python3.8/site-packages/airflow/example_dags/tutorial_dag.py for tasks to queue
[2024-03-31T06:02:37.709+0000] {logging_mixin.py:188} INFO - [2024-03-31T06:02:37.709+0000] {dagbag.py:540} INFO - Filling up the DagBag from /home/airflow/.local/lib/python3.8/site-packages/airflow/example_dags/tutorial_dag.py
[2024-03-31T06:02:37.715+0000] {processor.py:840} INFO - DAG(s) 'tutorial_dag' retrieved from /home/airflow/.local/lib/python3.8/site-packages/airflow/example_dags/tutorial_dag.py
[2024-03-31T06:02:37.725+0000] {logging_mixin.py:188} INFO - [2024-03-31T06:02:37.724+0000] {dag.py:3047} INFO - Sync 1 DAGs
[2024-03-31T06:02:37.738+0000] {logging_mixin.py:188} INFO - [2024-03-31T06:02:37.737+0000] {dag.py:3834} INFO - Setting next_dagrun for tutorial_dag to None, run_after=None
[2024-03-31T06:02:37.759+0000] {processor.py:183} INFO - Processing /home/airflow/.local/lib/python3.8/site-packages/airflow/example_dags/tutorial_dag.py took 0.055 seconds
[2024-03-31T06:03:08.643+0000] {processor.py:161} INFO - Started process (PID=369) to work on /home/airflow/.local/lib/python3.8/site-packages/airflow/example_dags/tutorial_dag.py
[2024-03-31T06:03:08.644+0000] {processor.py:830} INFO - Processing file /home/airflow/.local/lib/python3.8/site-packages/airflow/example_dags/tutorial_dag.py for tasks to queue
[2024-03-31T06:03:08.645+0000] {logging_mixin.py:188} INFO - [2024-03-31T06:03:08.645+0000] {dagbag.py:540} INFO - Filling up the DagBag from /home/airflow/.local/lib/python3.8/site-packages/airflow/example_dags/tutorial_dag.py
[2024-03-31T06:03:08.652+0000] {processor.py:840} INFO - DAG(s) 'tutorial_dag' retrieved from /home/airflow/.local/lib/python3.8/site-packages/airflow/example_dags/tutorial_dag.py
[2024-03-31T06:03:08.765+0000] {logging_mixin.py:188} INFO - [2024-03-31T06:03:08.764+0000] {dag.py:3047} INFO - Sync 1 DAGs
[2024-03-31T06:03:08.776+0000] {logging_mixin.py:188} INFO - [2024-03-31T06:03:08.775+0000] {dag.py:3834} INFO - Setting next_dagrun for tutorial_dag to None, run_after=None
[2024-03-31T06:03:08.799+0000] {processor.py:183} INFO - Processing /home/airflow/.local/lib/python3.8/site-packages/airflow/example_dags/tutorial_dag.py took 0.159 seconds
[2024-03-31T06:03:38.841+0000] {processor.py:161} INFO - Started process (PID=425) to work on /home/airflow/.local/lib/python3.8/site-packages/airflow/example_dags/tutorial_dag.py
[2024-03-31T06:03:38.842+0000] {processor.py:830} INFO - Processing file /home/airflow/.local/lib/python3.8/site-packages/airflow/example_dags/tutorial_dag.py for tasks to queue
[2024-03-31T06:03:38.843+0000] {logging_mixin.py:188} INFO - [2024-03-31T06:03:38.843+0000] {dagbag.py:540} INFO - Filling up the DagBag from /home/airflow/.local/lib/python3.8/site-packages/airflow/example_dags/tutorial_dag.py
[2024-03-31T06:03:38.851+0000] {processor.py:840} INFO - DAG(s) 'tutorial_dag' retrieved from /home/airflow/.local/lib/python3.8/site-packages/airflow/example_dags/tutorial_dag.py
[2024-03-31T06:03:38.883+0000] {logging_mixin.py:188} INFO - [2024-03-31T06:03:38.882+0000] {dag.py:3047} INFO - Sync 1 DAGs
[2024-03-31T06:03:38.905+0000] {logging_mixin.py:188} INFO - [2024-03-31T06:03:38.904+0000] {dag.py:3834} INFO - Setting next_dagrun for tutorial_dag to None, run_after=None
[2024-03-31T06:03:38.939+0000] {processor.py:183} INFO - Processing /home/airflow/.local/lib/python3.8/site-packages/airflow/example_dags/tutorial_dag.py took 0.100 seconds
[2024-03-31T06:04:09.094+0000] {processor.py:161} INFO - Started process (PID=481) to work on /home/airflow/.local/lib/python3.8/site-packages/airflow/example_dags/tutorial_dag.py
[2024-03-31T06:04:09.095+0000] {processor.py:830} INFO - Processing file /home/airflow/.local/lib/python3.8/site-packages/airflow/example_dags/tutorial_dag.py for tasks to queue
[2024-03-31T06:04:09.099+0000] {logging_mixin.py:188} INFO - [2024-03-31T06:04:09.098+0000] {dagbag.py:540} INFO - Filling up the DagBag from /home/airflow/.local/lib/python3.8/site-packages/airflow/example_dags/tutorial_dag.py
[2024-03-31T06:04:09.103+0000] {processor.py:840} INFO - DAG(s) 'tutorial_dag' retrieved from /home/airflow/.local/lib/python3.8/site-packages/airflow/example_dags/tutorial_dag.py
[2024-03-31T06:04:09.121+0000] {logging_mixin.py:188} INFO - [2024-03-31T06:04:09.121+0000] {dag.py:3047} INFO - Sync 1 DAGs
[2024-03-31T06:04:09.133+0000] {logging_mixin.py:188} INFO - [2024-03-31T06:04:09.133+0000] {dag.py:3834} INFO - Setting next_dagrun for tutorial_dag to None, run_after=None
[2024-03-31T06:04:09.157+0000] {processor.py:183} INFO - Processing /home/airflow/.local/lib/python3.8/site-packages/airflow/example_dags/tutorial_dag.py took 0.066 seconds
[2024-03-31T06:04:39.490+0000] {processor.py:161} INFO - Started process (PID=537) to work on /home/airflow/.local/lib/python3.8/site-packages/airflow/example_dags/tutorial_dag.py
[2024-03-31T06:04:39.491+0000] {processor.py:830} INFO - Processing file /home/airflow/.local/lib/python3.8/site-packages/airflow/example_dags/tutorial_dag.py for tasks to queue
[2024-03-31T06:04:39.492+0000] {logging_mixin.py:188} INFO - [2024-03-31T06:04:39.492+0000] {dagbag.py:540} INFO - Filling up the DagBag from /home/airflow/.local/lib/python3.8/site-packages/airflow/example_dags/tutorial_dag.py
[2024-03-31T06:04:39.499+0000] {processor.py:840} INFO - DAG(s) 'tutorial_dag' retrieved from /home/airflow/.local/lib/python3.8/site-packages/airflow/example_dags/tutorial_dag.py
[2024-03-31T06:04:39.518+0000] {logging_mixin.py:188} INFO - [2024-03-31T06:04:39.518+0000] {dag.py:3047} INFO - Sync 1 DAGs
[2024-03-31T06:04:39.531+0000] {logging_mixin.py:188} INFO - [2024-03-31T06:04:39.530+0000] {dag.py:3834} INFO - Setting next_dagrun for tutorial_dag to None, run_after=None
[2024-03-31T06:04:39.553+0000] {processor.py:183} INFO - Processing /home/airflow/.local/lib/python3.8/site-packages/airflow/example_dags/tutorial_dag.py took 0.066 seconds
[2024-03-31T06:05:09.901+0000] {processor.py:161} INFO - Started process (PID=593) to work on /home/airflow/.local/lib/python3.8/site-packages/airflow/example_dags/tutorial_dag.py
[2024-03-31T06:05:09.902+0000] {processor.py:830} INFO - Processing file /home/airflow/.local/lib/python3.8/site-packages/airflow/example_dags/tutorial_dag.py for tasks to queue
[2024-03-31T06:05:09.904+0000] {logging_mixin.py:188} INFO - [2024-03-31T06:05:09.903+0000] {dagbag.py:540} INFO - Filling up the DagBag from /home/airflow/.local/lib/python3.8/site-packages/airflow/example_dags/tutorial_dag.py
[2024-03-31T06:05:09.910+0000] {processor.py:840} INFO - DAG(s) 'tutorial_dag' retrieved from /home/airflow/.local/lib/python3.8/site-packages/airflow/example_dags/tutorial_dag.py
[2024-03-31T06:05:09.941+0000] {logging_mixin.py:188} INFO - [2024-03-31T06:05:09.941+0000] {dag.py:3047} INFO - Sync 1 DAGs
[2024-03-31T06:05:09.953+0000] {logging_mixin.py:188} INFO - [2024-03-31T06:05:09.953+0000] {dag.py:3834} INFO - Setting next_dagrun for tutorial_dag to None, run_after=None
[2024-03-31T06:05:09.978+0000] {processor.py:183} INFO - Processing /home/airflow/.local/lib/python3.8/site-packages/airflow/example_dags/tutorial_dag.py took 0.080 seconds
[2024-03-31T06:05:40.923+0000] {processor.py:161} INFO - Started process (PID=649) to work on /home/airflow/.local/lib/python3.8/site-packages/airflow/example_dags/tutorial_dag.py
[2024-03-31T06:05:40.924+0000] {processor.py:830} INFO - Processing file /home/airflow/.local/lib/python3.8/site-packages/airflow/example_dags/tutorial_dag.py for tasks to queue
[2024-03-31T06:05:40.925+0000] {logging_mixin.py:188} INFO - [2024-03-31T06:05:40.925+0000] {dagbag.py:540} INFO - Filling up the DagBag from /home/airflow/.local/lib/python3.8/site-packages/airflow/example_dags/tutorial_dag.py
[2024-03-31T06:05:40.931+0000] {processor.py:840} INFO - DAG(s) 'tutorial_dag' retrieved from /home/airflow/.local/lib/python3.8/site-packages/airflow/example_dags/tutorial_dag.py
[2024-03-31T06:05:40.952+0000] {logging_mixin.py:188} INFO - [2024-03-31T06:05:40.952+0000] {dag.py:3047} INFO - Sync 1 DAGs
[2024-03-31T06:05:40.965+0000] {logging_mixin.py:188} INFO - [2024-03-31T06:05:40.965+0000] {dag.py:3834} INFO - Setting next_dagrun for tutorial_dag to None, run_after=None
[2024-03-31T06:05:41.005+0000] {processor.py:183} INFO - Processing /home/airflow/.local/lib/python3.8/site-packages/airflow/example_dags/tutorial_dag.py took 0.085 seconds
[2024-03-31T06:06:11.555+0000] {processor.py:161} INFO - Started process (PID=711) to work on /home/airflow/.local/lib/python3.8/site-packages/airflow/example_dags/tutorial_dag.py
[2024-03-31T06:06:11.556+0000] {processor.py:830} INFO - Processing file /home/airflow/.local/lib/python3.8/site-packages/airflow/example_dags/tutorial_dag.py for tasks to queue
[2024-03-31T06:06:11.557+0000] {logging_mixin.py:188} INFO - [2024-03-31T06:06:11.557+0000] {dagbag.py:540} INFO - Filling up the DagBag from /home/airflow/.local/lib/python3.8/site-packages/airflow/example_dags/tutorial_dag.py
[2024-03-31T06:06:11.564+0000] {processor.py:840} INFO - DAG(s) 'tutorial_dag' retrieved from /home/airflow/.local/lib/python3.8/site-packages/airflow/example_dags/tutorial_dag.py
[2024-03-31T06:06:11.593+0000] {logging_mixin.py:188} INFO - [2024-03-31T06:06:11.592+0000] {dag.py:3047} INFO - Sync 1 DAGs
[2024-03-31T06:06:11.622+0000] {logging_mixin.py:188} INFO - [2024-03-31T06:06:11.622+0000] {dag.py:3834} INFO - Setting next_dagrun for tutorial_dag to None, run_after=None
[2024-03-31T06:06:11.647+0000] {processor.py:183} INFO - Processing /home/airflow/.local/lib/python3.8/site-packages/airflow/example_dags/tutorial_dag.py took 0.104 seconds
[2024-03-31T06:06:41.962+0000] {processor.py:161} INFO - Started process (PID=767) to work on /home/airflow/.local/lib/python3.8/site-packages/airflow/example_dags/tutorial_dag.py
[2024-03-31T06:06:41.964+0000] {processor.py:830} INFO - Processing file /home/airflow/.local/lib/python3.8/site-packages/airflow/example_dags/tutorial_dag.py for tasks to queue
[2024-03-31T06:06:41.966+0000] {logging_mixin.py:188} INFO - [2024-03-31T06:06:41.965+0000] {dagbag.py:540} INFO - Filling up the DagBag from /home/airflow/.local/lib/python3.8/site-packages/airflow/example_dags/tutorial_dag.py
[2024-03-31T06:06:41.970+0000] {processor.py:840} INFO - DAG(s) 'tutorial_dag' retrieved from /home/airflow/.local/lib/python3.8/site-packages/airflow/example_dags/tutorial_dag.py
[2024-03-31T06:06:41.993+0000] {logging_mixin.py:188} INFO - [2024-03-31T06:06:41.992+0000] {dag.py:3047} INFO - Sync 1 DAGs
[2024-03-31T06:06:42.012+0000] {logging_mixin.py:188} INFO - [2024-03-31T06:06:42.011+0000] {dag.py:3834} INFO - Setting next_dagrun for tutorial_dag to None, run_after=None
[2024-03-31T06:06:42.032+0000] {processor.py:183} INFO - Processing /home/airflow/.local/lib/python3.8/site-packages/airflow/example_dags/tutorial_dag.py took 0.074 seconds
[2024-03-31T06:07:12.774+0000] {processor.py:161} INFO - Started process (PID=824) to work on /home/airflow/.local/lib/python3.8/site-packages/airflow/example_dags/tutorial_dag.py
[2024-03-31T06:07:12.775+0000] {processor.py:830} INFO - Processing file /home/airflow/.local/lib/python3.8/site-packages/airflow/example_dags/tutorial_dag.py for tasks to queue
[2024-03-31T06:07:12.781+0000] {logging_mixin.py:188} INFO - [2024-03-31T06:07:12.781+0000] {dagbag.py:540} INFO - Filling up the DagBag from /home/airflow/.local/lib/python3.8/site-packages/airflow/example_dags/tutorial_dag.py
[2024-03-31T06:07:12.786+0000] {processor.py:840} INFO - DAG(s) 'tutorial_dag' retrieved from /home/airflow/.local/lib/python3.8/site-packages/airflow/example_dags/tutorial_dag.py
[2024-03-31T06:07:12.805+0000] {logging_mixin.py:188} INFO - [2024-03-31T06:07:12.805+0000] {dag.py:3047} INFO - Sync 1 DAGs
[2024-03-31T06:07:12.821+0000] {logging_mixin.py:188} INFO - [2024-03-31T06:07:12.820+0000] {dag.py:3834} INFO - Setting next_dagrun for tutorial_dag to None, run_after=None
[2024-03-31T06:07:12.851+0000] {processor.py:183} INFO - Processing /home/airflow/.local/lib/python3.8/site-packages/airflow/example_dags/tutorial_dag.py took 0.081 seconds
[2024-03-31T06:07:43.031+0000] {processor.py:161} INFO - Started process (PID=880) to work on /home/airflow/.local/lib/python3.8/site-packages/airflow/example_dags/tutorial_dag.py
[2024-03-31T06:07:43.032+0000] {processor.py:830} INFO - Processing file /home/airflow/.local/lib/python3.8/site-packages/airflow/example_dags/tutorial_dag.py for tasks to queue
[2024-03-31T06:07:43.034+0000] {logging_mixin.py:188} INFO - [2024-03-31T06:07:43.034+0000] {dagbag.py:540} INFO - Filling up the DagBag from /home/airflow/.local/lib/python3.8/site-packages/airflow/example_dags/tutorial_dag.py
[2024-03-31T06:07:43.038+0000] {processor.py:840} INFO - DAG(s) 'tutorial_dag' retrieved from /home/airflow/.local/lib/python3.8/site-packages/airflow/example_dags/tutorial_dag.py
[2024-03-31T06:07:43.062+0000] {logging_mixin.py:188} INFO - [2024-03-31T06:07:43.062+0000] {dag.py:3047} INFO - Sync 1 DAGs
[2024-03-31T06:07:43.073+0000] {logging_mixin.py:188} INFO - [2024-03-31T06:07:43.073+0000] {dag.py:3834} INFO - Setting next_dagrun for tutorial_dag to None, run_after=None
[2024-03-31T06:07:43.097+0000] {processor.py:183} INFO - Processing /home/airflow/.local/lib/python3.8/site-packages/airflow/example_dags/tutorial_dag.py took 0.073 seconds
[2024-03-31T06:08:13.296+0000] {processor.py:161} INFO - Started process (PID=936) to work on /home/airflow/.local/lib/python3.8/site-packages/airflow/example_dags/tutorial_dag.py
[2024-03-31T06:08:13.297+0000] {processor.py:830} INFO - Processing file /home/airflow/.local/lib/python3.8/site-packages/airflow/example_dags/tutorial_dag.py for tasks to queue
[2024-03-31T06:08:13.300+0000] {logging_mixin.py:188} INFO - [2024-03-31T06:08:13.299+0000] {dagbag.py:540} INFO - Filling up the DagBag from /home/airflow/.local/lib/python3.8/site-packages/airflow/example_dags/tutorial_dag.py
[2024-03-31T06:08:13.306+0000] {processor.py:840} INFO - DAG(s) 'tutorial_dag' retrieved from /home/airflow/.local/lib/python3.8/site-packages/airflow/example_dags/tutorial_dag.py
[2024-03-31T06:08:13.345+0000] {logging_mixin.py:188} INFO - [2024-03-31T06:08:13.344+0000] {dag.py:3047} INFO - Sync 1 DAGs
[2024-03-31T06:08:13.360+0000] {logging_mixin.py:188} INFO - [2024-03-31T06:08:13.360+0000] {dag.py:3834} INFO - Setting next_dagrun for tutorial_dag to None, run_after=None
[2024-03-31T06:08:13.386+0000] {processor.py:183} INFO - Processing /home/airflow/.local/lib/python3.8/site-packages/airflow/example_dags/tutorial_dag.py took 0.093 seconds
[2024-03-31T06:08:43.605+0000] {processor.py:161} INFO - Started process (PID=991) to work on /home/airflow/.local/lib/python3.8/site-packages/airflow/example_dags/tutorial_dag.py
[2024-03-31T06:08:43.606+0000] {processor.py:830} INFO - Processing file /home/airflow/.local/lib/python3.8/site-packages/airflow/example_dags/tutorial_dag.py for tasks to queue
[2024-03-31T06:08:43.608+0000] {logging_mixin.py:188} INFO - [2024-03-31T06:08:43.608+0000] {dagbag.py:540} INFO - Filling up the DagBag from /home/airflow/.local/lib/python3.8/site-packages/airflow/example_dags/tutorial_dag.py
[2024-03-31T06:08:43.614+0000] {processor.py:840} INFO - DAG(s) 'tutorial_dag' retrieved from /home/airflow/.local/lib/python3.8/site-packages/airflow/example_dags/tutorial_dag.py
[2024-03-31T06:08:43.633+0000] {logging_mixin.py:188} INFO - [2024-03-31T06:08:43.632+0000] {dag.py:3047} INFO - Sync 1 DAGs
[2024-03-31T06:08:43.646+0000] {logging_mixin.py:188} INFO - [2024-03-31T06:08:43.645+0000] {dag.py:3834} INFO - Setting next_dagrun for tutorial_dag to None, run_after=None
[2024-03-31T06:08:43.677+0000] {processor.py:183} INFO - Processing /home/airflow/.local/lib/python3.8/site-packages/airflow/example_dags/tutorial_dag.py took 0.074 seconds
[2024-03-31T06:09:13.814+0000] {processor.py:161} INFO - Started process (PID=1048) to work on /home/airflow/.local/lib/python3.8/site-packages/airflow/example_dags/tutorial_dag.py
[2024-03-31T06:09:13.815+0000] {processor.py:830} INFO - Processing file /home/airflow/.local/lib/python3.8/site-packages/airflow/example_dags/tutorial_dag.py for tasks to queue
[2024-03-31T06:09:13.816+0000] {logging_mixin.py:188} INFO - [2024-03-31T06:09:13.816+0000] {dagbag.py:540} INFO - Filling up the DagBag from /home/airflow/.local/lib/python3.8/site-packages/airflow/example_dags/tutorial_dag.py
[2024-03-31T06:09:13.820+0000] {processor.py:840} INFO - DAG(s) 'tutorial_dag' retrieved from /home/airflow/.local/lib/python3.8/site-packages/airflow/example_dags/tutorial_dag.py
[2024-03-31T06:09:13.843+0000] {logging_mixin.py:188} INFO - [2024-03-31T06:09:13.843+0000] {dag.py:3047} INFO - Sync 1 DAGs
[2024-03-31T06:09:13.860+0000] {logging_mixin.py:188} INFO - [2024-03-31T06:09:13.859+0000] {dag.py:3834} INFO - Setting next_dagrun for tutorial_dag to None, run_after=None
[2024-03-31T06:09:13.884+0000] {processor.py:183} INFO - Processing /home/airflow/.local/lib/python3.8/site-packages/airflow/example_dags/tutorial_dag.py took 0.073 seconds
[2024-03-31T06:09:44.166+0000] {processor.py:161} INFO - Started process (PID=1105) to work on /home/airflow/.local/lib/python3.8/site-packages/airflow/example_dags/tutorial_dag.py
[2024-03-31T06:09:44.167+0000] {processor.py:830} INFO - Processing file /home/airflow/.local/lib/python3.8/site-packages/airflow/example_dags/tutorial_dag.py for tasks to queue
[2024-03-31T06:09:44.168+0000] {logging_mixin.py:188} INFO - [2024-03-31T06:09:44.168+0000] {dagbag.py:540} INFO - Filling up the DagBag from /home/airflow/.local/lib/python3.8/site-packages/airflow/example_dags/tutorial_dag.py
[2024-03-31T06:09:44.172+0000] {processor.py:840} INFO - DAG(s) 'tutorial_dag' retrieved from /home/airflow/.local/lib/python3.8/site-packages/airflow/example_dags/tutorial_dag.py
[2024-03-31T06:09:44.201+0000] {logging_mixin.py:188} INFO - [2024-03-31T06:09:44.200+0000] {dag.py:3047} INFO - Sync 1 DAGs
[2024-03-31T06:09:44.214+0000] {logging_mixin.py:188} INFO - [2024-03-31T06:09:44.214+0000] {dag.py:3834} INFO - Setting next_dagrun for tutorial_dag to None, run_after=None
[2024-03-31T06:09:44.237+0000] {processor.py:183} INFO - Processing /home/airflow/.local/lib/python3.8/site-packages/airflow/example_dags/tutorial_dag.py took 0.074 seconds
[2024-03-31T06:10:14.664+0000] {processor.py:161} INFO - Started process (PID=1161) to work on /home/airflow/.local/lib/python3.8/site-packages/airflow/example_dags/tutorial_dag.py
[2024-03-31T06:10:14.664+0000] {processor.py:830} INFO - Processing file /home/airflow/.local/lib/python3.8/site-packages/airflow/example_dags/tutorial_dag.py for tasks to queue
[2024-03-31T06:10:14.666+0000] {logging_mixin.py:188} INFO - [2024-03-31T06:10:14.666+0000] {dagbag.py:540} INFO - Filling up the DagBag from /home/airflow/.local/lib/python3.8/site-packages/airflow/example_dags/tutorial_dag.py
[2024-03-31T06:10:14.671+0000] {processor.py:840} INFO - DAG(s) 'tutorial_dag' retrieved from /home/airflow/.local/lib/python3.8/site-packages/airflow/example_dags/tutorial_dag.py
[2024-03-31T06:10:14.695+0000] {logging_mixin.py:188} INFO - [2024-03-31T06:10:14.694+0000] {dag.py:3047} INFO - Sync 1 DAGs
[2024-03-31T06:10:14.707+0000] {logging_mixin.py:188} INFO - [2024-03-31T06:10:14.707+0000] {dag.py:3834} INFO - Setting next_dagrun for tutorial_dag to None, run_after=None
[2024-03-31T06:10:14.728+0000] {processor.py:183} INFO - Processing /home/airflow/.local/lib/python3.8/site-packages/airflow/example_dags/tutorial_dag.py took 0.067 seconds
[2024-03-31T06:10:45.071+0000] {processor.py:161} INFO - Started process (PID=1217) to work on /home/airflow/.local/lib/python3.8/site-packages/airflow/example_dags/tutorial_dag.py
[2024-03-31T06:10:45.072+0000] {processor.py:830} INFO - Processing file /home/airflow/.local/lib/python3.8/site-packages/airflow/example_dags/tutorial_dag.py for tasks to queue
[2024-03-31T06:10:45.073+0000] {logging_mixin.py:188} INFO - [2024-03-31T06:10:45.073+0000] {dagbag.py:540} INFO - Filling up the DagBag from /home/airflow/.local/lib/python3.8/site-packages/airflow/example_dags/tutorial_dag.py
[2024-03-31T06:10:45.079+0000] {processor.py:840} INFO - DAG(s) 'tutorial_dag' retrieved from /home/airflow/.local/lib/python3.8/site-packages/airflow/example_dags/tutorial_dag.py
[2024-03-31T06:10:45.098+0000] {logging_mixin.py:188} INFO - [2024-03-31T06:10:45.097+0000] {dag.py:3047} INFO - Sync 1 DAGs
[2024-03-31T06:10:45.114+0000] {logging_mixin.py:188} INFO - [2024-03-31T06:10:45.113+0000] {dag.py:3834} INFO - Setting next_dagrun for tutorial_dag to None, run_after=None
[2024-03-31T06:10:45.139+0000] {processor.py:183} INFO - Processing /home/airflow/.local/lib/python3.8/site-packages/airflow/example_dags/tutorial_dag.py took 0.071 seconds
[2024-03-31T06:11:15.611+0000] {processor.py:161} INFO - Started process (PID=1273) to work on /home/airflow/.local/lib/python3.8/site-packages/airflow/example_dags/tutorial_dag.py
[2024-03-31T06:11:15.612+0000] {processor.py:830} INFO - Processing file /home/airflow/.local/lib/python3.8/site-packages/airflow/example_dags/tutorial_dag.py for tasks to queue
[2024-03-31T06:11:15.614+0000] {logging_mixin.py:188} INFO - [2024-03-31T06:11:15.614+0000] {dagbag.py:540} INFO - Filling up the DagBag from /home/airflow/.local/lib/python3.8/site-packages/airflow/example_dags/tutorial_dag.py
[2024-03-31T06:11:15.619+0000] {processor.py:840} INFO - DAG(s) 'tutorial_dag' retrieved from /home/airflow/.local/lib/python3.8/site-packages/airflow/example_dags/tutorial_dag.py
[2024-03-31T06:11:15.649+0000] {logging_mixin.py:188} INFO - [2024-03-31T06:11:15.649+0000] {dag.py:3047} INFO - Sync 1 DAGs
[2024-03-31T06:11:15.666+0000] {logging_mixin.py:188} INFO - [2024-03-31T06:11:15.666+0000] {dag.py:3834} INFO - Setting next_dagrun for tutorial_dag to None, run_after=None
[2024-03-31T06:11:15.706+0000] {processor.py:183} INFO - Processing /home/airflow/.local/lib/python3.8/site-packages/airflow/example_dags/tutorial_dag.py took 0.101 seconds
[2024-03-31T06:11:46.383+0000] {processor.py:161} INFO - Started process (PID=1329) to work on /home/airflow/.local/lib/python3.8/site-packages/airflow/example_dags/tutorial_dag.py
[2024-03-31T06:11:46.385+0000] {processor.py:830} INFO - Processing file /home/airflow/.local/lib/python3.8/site-packages/airflow/example_dags/tutorial_dag.py for tasks to queue
[2024-03-31T06:11:46.387+0000] {logging_mixin.py:188} INFO - [2024-03-31T06:11:46.386+0000] {dagbag.py:540} INFO - Filling up the DagBag from /home/airflow/.local/lib/python3.8/site-packages/airflow/example_dags/tutorial_dag.py
[2024-03-31T06:11:46.394+0000] {processor.py:840} INFO - DAG(s) 'tutorial_dag' retrieved from /home/airflow/.local/lib/python3.8/site-packages/airflow/example_dags/tutorial_dag.py
[2024-03-31T06:11:46.417+0000] {logging_mixin.py:188} INFO - [2024-03-31T06:11:46.416+0000] {dag.py:3047} INFO - Sync 1 DAGs
[2024-03-31T06:11:46.433+0000] {logging_mixin.py:188} INFO - [2024-03-31T06:11:46.433+0000] {dag.py:3834} INFO - Setting next_dagrun for tutorial_dag to None, run_after=None
[2024-03-31T06:11:46.466+0000] {processor.py:183} INFO - Processing /home/airflow/.local/lib/python3.8/site-packages/airflow/example_dags/tutorial_dag.py took 0.086 seconds
[2024-03-31T06:12:16.913+0000] {processor.py:161} INFO - Started process (PID=1385) to work on /home/airflow/.local/lib/python3.8/site-packages/airflow/example_dags/tutorial_dag.py
[2024-03-31T06:12:16.922+0000] {processor.py:830} INFO - Processing file /home/airflow/.local/lib/python3.8/site-packages/airflow/example_dags/tutorial_dag.py for tasks to queue
[2024-03-31T06:12:16.926+0000] {logging_mixin.py:188} INFO - [2024-03-31T06:12:16.926+0000] {dagbag.py:540} INFO - Filling up the DagBag from /home/airflow/.local/lib/python3.8/site-packages/airflow/example_dags/tutorial_dag.py
[2024-03-31T06:12:16.937+0000] {processor.py:840} INFO - DAG(s) 'tutorial_dag' retrieved from /home/airflow/.local/lib/python3.8/site-packages/airflow/example_dags/tutorial_dag.py
[2024-03-31T06:12:16.978+0000] {logging_mixin.py:188} INFO - [2024-03-31T06:12:16.978+0000] {dag.py:3047} INFO - Sync 1 DAGs
[2024-03-31T06:12:17.027+0000] {logging_mixin.py:188} INFO - [2024-03-31T06:12:17.026+0000] {dag.py:3834} INFO - Setting next_dagrun for tutorial_dag to None, run_after=None
[2024-03-31T06:12:17.115+0000] {processor.py:183} INFO - Processing /home/airflow/.local/lib/python3.8/site-packages/airflow/example_dags/tutorial_dag.py took 0.212 seconds
[2024-03-31T06:13:48.935+0000] {processor.py:161} INFO - Started process (PID=86) to work on /home/airflow/.local/lib/python3.8/site-packages/airflow/example_dags/tutorial_dag.py
[2024-03-31T06:13:48.937+0000] {processor.py:830} INFO - Processing file /home/airflow/.local/lib/python3.8/site-packages/airflow/example_dags/tutorial_dag.py for tasks to queue
[2024-03-31T06:13:48.945+0000] {logging_mixin.py:188} INFO - [2024-03-31T06:13:48.944+0000] {dagbag.py:540} INFO - Filling up the DagBag from /home/airflow/.local/lib/python3.8/site-packages/airflow/example_dags/tutorial_dag.py
[2024-03-31T06:13:48.954+0000] {processor.py:840} INFO - DAG(s) 'tutorial_dag' retrieved from /home/airflow/.local/lib/python3.8/site-packages/airflow/example_dags/tutorial_dag.py
[2024-03-31T06:13:48.977+0000] {logging_mixin.py:188} INFO - [2024-03-31T06:13:48.976+0000] {dag.py:3047} INFO - Sync 1 DAGs
[2024-03-31T06:13:49.001+0000] {logging_mixin.py:188} INFO - [2024-03-31T06:13:49.000+0000] {dag.py:3834} INFO - Setting next_dagrun for tutorial_dag to None, run_after=None
[2024-03-31T06:13:49.047+0000] {processor.py:183} INFO - Processing /home/airflow/.local/lib/python3.8/site-packages/airflow/example_dags/tutorial_dag.py took 0.114 seconds
