[2024-03-31T06:00:25.815+0000] {processor.py:161} INFO - Started process (PID=81) to work on /home/airflow/.local/lib/python3.8/site-packages/airflow/example_dags/tutorial.py
[2024-03-31T06:00:25.822+0000] {processor.py:830} INFO - Processing file /home/airflow/.local/lib/python3.8/site-packages/airflow/example_dags/tutorial.py for tasks to queue
[2024-03-31T06:00:25.829+0000] {logging_mixin.py:188} INFO - [2024-03-31T06:00:25.828+0000] {dagbag.py:540} INFO - Filling up the DagBag from /home/airflow/.local/lib/python3.8/site-packages/airflow/example_dags/tutorial.py
[2024-03-31T06:00:25.851+0000] {processor.py:840} INFO - DAG(s) 'tutorial' retrieved from /home/airflow/.local/lib/python3.8/site-packages/airflow/example_dags/tutorial.py
[2024-03-31T06:00:26.278+0000] {logging_mixin.py:188} INFO - [2024-03-31T06:00:26.277+0000] {dag.py:3047} INFO - Sync 1 DAGs
[2024-03-31T06:00:26.357+0000] {logging_mixin.py:188} INFO - [2024-03-31T06:00:26.356+0000] {dag.py:3834} INFO - Setting next_dagrun for tutorial to 2024-03-30 00:00:00+00:00, run_after=2024-03-31 00:00:00+00:00
[2024-03-31T06:00:32.297+0000] {processor.py:183} INFO - Processing /home/airflow/.local/lib/python3.8/site-packages/airflow/example_dags/tutorial.py took 6.490 seconds
[2024-03-31T06:01:03.215+0000] {processor.py:161} INFO - Started process (PID=136) to work on /home/airflow/.local/lib/python3.8/site-packages/airflow/example_dags/tutorial.py
[2024-03-31T06:01:03.216+0000] {processor.py:830} INFO - Processing file /home/airflow/.local/lib/python3.8/site-packages/airflow/example_dags/tutorial.py for tasks to queue
[2024-03-31T06:01:03.222+0000] {logging_mixin.py:188} INFO - [2024-03-31T06:01:03.222+0000] {dagbag.py:540} INFO - Filling up the DagBag from /home/airflow/.local/lib/python3.8/site-packages/airflow/example_dags/tutorial.py
[2024-03-31T06:01:03.233+0000] {processor.py:840} INFO - DAG(s) 'tutorial' retrieved from /home/airflow/.local/lib/python3.8/site-packages/airflow/example_dags/tutorial.py
[2024-03-31T06:01:03.251+0000] {logging_mixin.py:188} INFO - [2024-03-31T06:01:03.251+0000] {dag.py:3047} INFO - Sync 1 DAGs
[2024-03-31T06:01:03.307+0000] {logging_mixin.py:188} INFO - [2024-03-31T06:01:03.307+0000] {dag.py:3834} INFO - Setting next_dagrun for tutorial to 2024-03-30 00:00:00+00:00, run_after=2024-03-31 00:00:00+00:00
[2024-03-31T06:01:03.346+0000] {processor.py:183} INFO - Processing /home/airflow/.local/lib/python3.8/site-packages/airflow/example_dags/tutorial.py took 0.134 seconds
[2024-03-31T06:01:33.471+0000] {processor.py:161} INFO - Started process (PID=192) to work on /home/airflow/.local/lib/python3.8/site-packages/airflow/example_dags/tutorial.py
[2024-03-31T06:01:33.473+0000] {processor.py:830} INFO - Processing file /home/airflow/.local/lib/python3.8/site-packages/airflow/example_dags/tutorial.py for tasks to queue
[2024-03-31T06:01:33.475+0000] {logging_mixin.py:188} INFO - [2024-03-31T06:01:33.474+0000] {dagbag.py:540} INFO - Filling up the DagBag from /home/airflow/.local/lib/python3.8/site-packages/airflow/example_dags/tutorial.py
[2024-03-31T06:01:33.498+0000] {processor.py:840} INFO - DAG(s) 'tutorial' retrieved from /home/airflow/.local/lib/python3.8/site-packages/airflow/example_dags/tutorial.py
[2024-03-31T06:01:33.521+0000] {logging_mixin.py:188} INFO - [2024-03-31T06:01:33.521+0000] {dag.py:3047} INFO - Sync 1 DAGs
[2024-03-31T06:01:33.590+0000] {logging_mixin.py:188} INFO - [2024-03-31T06:01:33.589+0000] {dag.py:3834} INFO - Setting next_dagrun for tutorial to 2024-03-30 00:00:00+00:00, run_after=2024-03-31 00:00:00+00:00
[2024-03-31T06:01:33.696+0000] {processor.py:183} INFO - Processing /home/airflow/.local/lib/python3.8/site-packages/airflow/example_dags/tutorial.py took 0.239 seconds
[2024-03-31T06:02:04.391+0000] {processor.py:161} INFO - Started process (PID=248) to work on /home/airflow/.local/lib/python3.8/site-packages/airflow/example_dags/tutorial.py
[2024-03-31T06:02:04.392+0000] {processor.py:830} INFO - Processing file /home/airflow/.local/lib/python3.8/site-packages/airflow/example_dags/tutorial.py for tasks to queue
[2024-03-31T06:02:04.395+0000] {logging_mixin.py:188} INFO - [2024-03-31T06:02:04.395+0000] {dagbag.py:540} INFO - Filling up the DagBag from /home/airflow/.local/lib/python3.8/site-packages/airflow/example_dags/tutorial.py
[2024-03-31T06:02:04.409+0000] {processor.py:840} INFO - DAG(s) 'tutorial' retrieved from /home/airflow/.local/lib/python3.8/site-packages/airflow/example_dags/tutorial.py
[2024-03-31T06:02:04.453+0000] {logging_mixin.py:188} INFO - [2024-03-31T06:02:04.452+0000] {dag.py:3047} INFO - Sync 1 DAGs
[2024-03-31T06:02:04.534+0000] {logging_mixin.py:188} INFO - [2024-03-31T06:02:04.534+0000] {dag.py:3834} INFO - Setting next_dagrun for tutorial to 2024-03-30 00:00:00+00:00, run_after=2024-03-31 00:00:00+00:00
[2024-03-31T06:02:04.592+0000] {processor.py:183} INFO - Processing /home/airflow/.local/lib/python3.8/site-packages/airflow/example_dags/tutorial.py took 0.207 seconds
[2024-03-31T06:02:34.835+0000] {processor.py:161} INFO - Started process (PID=304) to work on /home/airflow/.local/lib/python3.8/site-packages/airflow/example_dags/tutorial.py
[2024-03-31T06:02:34.838+0000] {processor.py:830} INFO - Processing file /home/airflow/.local/lib/python3.8/site-packages/airflow/example_dags/tutorial.py for tasks to queue
[2024-03-31T06:02:34.841+0000] {logging_mixin.py:188} INFO - [2024-03-31T06:02:34.841+0000] {dagbag.py:540} INFO - Filling up the DagBag from /home/airflow/.local/lib/python3.8/site-packages/airflow/example_dags/tutorial.py
[2024-03-31T06:02:34.853+0000] {processor.py:840} INFO - DAG(s) 'tutorial' retrieved from /home/airflow/.local/lib/python3.8/site-packages/airflow/example_dags/tutorial.py
[2024-03-31T06:02:34.874+0000] {logging_mixin.py:188} INFO - [2024-03-31T06:02:34.874+0000] {dag.py:3047} INFO - Sync 1 DAGs
[2024-03-31T06:02:34.904+0000] {logging_mixin.py:188} INFO - [2024-03-31T06:02:34.904+0000] {dag.py:3834} INFO - Setting next_dagrun for tutorial to 2024-03-30 00:00:00+00:00, run_after=2024-03-31 00:00:00+00:00
[2024-03-31T06:02:34.926+0000] {processor.py:183} INFO - Processing /home/airflow/.local/lib/python3.8/site-packages/airflow/example_dags/tutorial.py took 0.099 seconds
[2024-03-31T06:03:05.642+0000] {processor.py:161} INFO - Started process (PID=360) to work on /home/airflow/.local/lib/python3.8/site-packages/airflow/example_dags/tutorial.py
[2024-03-31T06:03:05.643+0000] {processor.py:830} INFO - Processing file /home/airflow/.local/lib/python3.8/site-packages/airflow/example_dags/tutorial.py for tasks to queue
[2024-03-31T06:03:05.645+0000] {logging_mixin.py:188} INFO - [2024-03-31T06:03:05.645+0000] {dagbag.py:540} INFO - Filling up the DagBag from /home/airflow/.local/lib/python3.8/site-packages/airflow/example_dags/tutorial.py
[2024-03-31T06:03:05.653+0000] {processor.py:840} INFO - DAG(s) 'tutorial' retrieved from /home/airflow/.local/lib/python3.8/site-packages/airflow/example_dags/tutorial.py
[2024-03-31T06:03:05.842+0000] {logging_mixin.py:188} INFO - [2024-03-31T06:03:05.842+0000] {dag.py:3047} INFO - Sync 1 DAGs
[2024-03-31T06:03:05.866+0000] {logging_mixin.py:188} INFO - [2024-03-31T06:03:05.866+0000] {dag.py:3834} INFO - Setting next_dagrun for tutorial to 2024-03-30 00:00:00+00:00, run_after=2024-03-31 00:00:00+00:00
[2024-03-31T06:03:05.886+0000] {processor.py:183} INFO - Processing /home/airflow/.local/lib/python3.8/site-packages/airflow/example_dags/tutorial.py took 0.248 seconds
[2024-03-31T06:03:35.956+0000] {processor.py:161} INFO - Started process (PID=416) to work on /home/airflow/.local/lib/python3.8/site-packages/airflow/example_dags/tutorial.py
[2024-03-31T06:03:35.957+0000] {processor.py:830} INFO - Processing file /home/airflow/.local/lib/python3.8/site-packages/airflow/example_dags/tutorial.py for tasks to queue
[2024-03-31T06:03:35.959+0000] {logging_mixin.py:188} INFO - [2024-03-31T06:03:35.958+0000] {dagbag.py:540} INFO - Filling up the DagBag from /home/airflow/.local/lib/python3.8/site-packages/airflow/example_dags/tutorial.py
[2024-03-31T06:03:35.963+0000] {processor.py:840} INFO - DAG(s) 'tutorial' retrieved from /home/airflow/.local/lib/python3.8/site-packages/airflow/example_dags/tutorial.py
[2024-03-31T06:03:35.985+0000] {logging_mixin.py:188} INFO - [2024-03-31T06:03:35.985+0000] {dag.py:3047} INFO - Sync 1 DAGs
[2024-03-31T06:03:36.006+0000] {logging_mixin.py:188} INFO - [2024-03-31T06:03:36.006+0000] {dag.py:3834} INFO - Setting next_dagrun for tutorial to 2024-03-30 00:00:00+00:00, run_after=2024-03-31 00:00:00+00:00
[2024-03-31T06:03:36.027+0000] {processor.py:183} INFO - Processing /home/airflow/.local/lib/python3.8/site-packages/airflow/example_dags/tutorial.py took 0.074 seconds
[2024-03-31T06:04:06.605+0000] {processor.py:161} INFO - Started process (PID=472) to work on /home/airflow/.local/lib/python3.8/site-packages/airflow/example_dags/tutorial.py
[2024-03-31T06:04:06.606+0000] {processor.py:830} INFO - Processing file /home/airflow/.local/lib/python3.8/site-packages/airflow/example_dags/tutorial.py for tasks to queue
[2024-03-31T06:04:06.608+0000] {logging_mixin.py:188} INFO - [2024-03-31T06:04:06.607+0000] {dagbag.py:540} INFO - Filling up the DagBag from /home/airflow/.local/lib/python3.8/site-packages/airflow/example_dags/tutorial.py
[2024-03-31T06:04:06.613+0000] {processor.py:840} INFO - DAG(s) 'tutorial' retrieved from /home/airflow/.local/lib/python3.8/site-packages/airflow/example_dags/tutorial.py
[2024-03-31T06:04:06.633+0000] {logging_mixin.py:188} INFO - [2024-03-31T06:04:06.633+0000] {dag.py:3047} INFO - Sync 1 DAGs
[2024-03-31T06:04:06.656+0000] {logging_mixin.py:188} INFO - [2024-03-31T06:04:06.656+0000] {dag.py:3834} INFO - Setting next_dagrun for tutorial to 2024-03-30 00:00:00+00:00, run_after=2024-03-31 00:00:00+00:00
[2024-03-31T06:04:06.674+0000] {processor.py:183} INFO - Processing /home/airflow/.local/lib/python3.8/site-packages/airflow/example_dags/tutorial.py took 0.071 seconds
[2024-03-31T06:04:36.944+0000] {processor.py:161} INFO - Started process (PID=528) to work on /home/airflow/.local/lib/python3.8/site-packages/airflow/example_dags/tutorial.py
[2024-03-31T06:04:36.945+0000] {processor.py:830} INFO - Processing file /home/airflow/.local/lib/python3.8/site-packages/airflow/example_dags/tutorial.py for tasks to queue
[2024-03-31T06:04:36.950+0000] {logging_mixin.py:188} INFO - [2024-03-31T06:04:36.949+0000] {dagbag.py:540} INFO - Filling up the DagBag from /home/airflow/.local/lib/python3.8/site-packages/airflow/example_dags/tutorial.py
[2024-03-31T06:04:36.955+0000] {processor.py:840} INFO - DAG(s) 'tutorial' retrieved from /home/airflow/.local/lib/python3.8/site-packages/airflow/example_dags/tutorial.py
[2024-03-31T06:04:36.976+0000] {logging_mixin.py:188} INFO - [2024-03-31T06:04:36.976+0000] {dag.py:3047} INFO - Sync 1 DAGs
[2024-03-31T06:04:37.001+0000] {logging_mixin.py:188} INFO - [2024-03-31T06:04:37.001+0000] {dag.py:3834} INFO - Setting next_dagrun for tutorial to 2024-03-30 00:00:00+00:00, run_after=2024-03-31 00:00:00+00:00
[2024-03-31T06:04:37.024+0000] {processor.py:183} INFO - Processing /home/airflow/.local/lib/python3.8/site-packages/airflow/example_dags/tutorial.py took 0.083 seconds
[2024-03-31T06:05:07.119+0000] {processor.py:161} INFO - Started process (PID=584) to work on /home/airflow/.local/lib/python3.8/site-packages/airflow/example_dags/tutorial.py
[2024-03-31T06:05:07.120+0000] {processor.py:830} INFO - Processing file /home/airflow/.local/lib/python3.8/site-packages/airflow/example_dags/tutorial.py for tasks to queue
[2024-03-31T06:05:07.124+0000] {logging_mixin.py:188} INFO - [2024-03-31T06:05:07.123+0000] {dagbag.py:540} INFO - Filling up the DagBag from /home/airflow/.local/lib/python3.8/site-packages/airflow/example_dags/tutorial.py
[2024-03-31T06:05:07.132+0000] {processor.py:840} INFO - DAG(s) 'tutorial' retrieved from /home/airflow/.local/lib/python3.8/site-packages/airflow/example_dags/tutorial.py
[2024-03-31T06:05:07.152+0000] {logging_mixin.py:188} INFO - [2024-03-31T06:05:07.152+0000] {dag.py:3047} INFO - Sync 1 DAGs
[2024-03-31T06:05:07.175+0000] {logging_mixin.py:188} INFO - [2024-03-31T06:05:07.175+0000] {dag.py:3834} INFO - Setting next_dagrun for tutorial to 2024-03-30 00:00:00+00:00, run_after=2024-03-31 00:00:00+00:00
[2024-03-31T06:05:07.194+0000] {processor.py:183} INFO - Processing /home/airflow/.local/lib/python3.8/site-packages/airflow/example_dags/tutorial.py took 0.083 seconds
[2024-03-31T06:05:37.233+0000] {processor.py:161} INFO - Started process (PID=640) to work on /home/airflow/.local/lib/python3.8/site-packages/airflow/example_dags/tutorial.py
[2024-03-31T06:05:37.234+0000] {processor.py:830} INFO - Processing file /home/airflow/.local/lib/python3.8/site-packages/airflow/example_dags/tutorial.py for tasks to queue
[2024-03-31T06:05:37.236+0000] {logging_mixin.py:188} INFO - [2024-03-31T06:05:37.235+0000] {dagbag.py:540} INFO - Filling up the DagBag from /home/airflow/.local/lib/python3.8/site-packages/airflow/example_dags/tutorial.py
[2024-03-31T06:05:37.240+0000] {processor.py:840} INFO - DAG(s) 'tutorial' retrieved from /home/airflow/.local/lib/python3.8/site-packages/airflow/example_dags/tutorial.py
[2024-03-31T06:05:37.259+0000] {logging_mixin.py:188} INFO - [2024-03-31T06:05:37.259+0000] {dag.py:3047} INFO - Sync 1 DAGs
[2024-03-31T06:05:37.283+0000] {logging_mixin.py:188} INFO - [2024-03-31T06:05:37.283+0000] {dag.py:3834} INFO - Setting next_dagrun for tutorial to 2024-03-30 00:00:00+00:00, run_after=2024-03-31 00:00:00+00:00
[2024-03-31T06:05:37.302+0000] {processor.py:183} INFO - Processing /home/airflow/.local/lib/python3.8/site-packages/airflow/example_dags/tutorial.py took 0.070 seconds
[2024-03-31T06:06:07.990+0000] {processor.py:161} INFO - Started process (PID=696) to work on /home/airflow/.local/lib/python3.8/site-packages/airflow/example_dags/tutorial.py
[2024-03-31T06:06:07.991+0000] {processor.py:830} INFO - Processing file /home/airflow/.local/lib/python3.8/site-packages/airflow/example_dags/tutorial.py for tasks to queue
[2024-03-31T06:06:07.992+0000] {logging_mixin.py:188} INFO - [2024-03-31T06:06:07.992+0000] {dagbag.py:540} INFO - Filling up the DagBag from /home/airflow/.local/lib/python3.8/site-packages/airflow/example_dags/tutorial.py
[2024-03-31T06:06:08.000+0000] {processor.py:840} INFO - DAG(s) 'tutorial' retrieved from /home/airflow/.local/lib/python3.8/site-packages/airflow/example_dags/tutorial.py
[2024-03-31T06:06:08.018+0000] {logging_mixin.py:188} INFO - [2024-03-31T06:06:08.018+0000] {dag.py:3047} INFO - Sync 1 DAGs
[2024-03-31T06:06:08.043+0000] {logging_mixin.py:188} INFO - [2024-03-31T06:06:08.043+0000] {dag.py:3834} INFO - Setting next_dagrun for tutorial to 2024-03-30 00:00:00+00:00, run_after=2024-03-31 00:00:00+00:00
[2024-03-31T06:06:08.062+0000] {processor.py:183} INFO - Processing /home/airflow/.local/lib/python3.8/site-packages/airflow/example_dags/tutorial.py took 0.075 seconds
[2024-03-31T06:06:38.334+0000] {processor.py:161} INFO - Started process (PID=752) to work on /home/airflow/.local/lib/python3.8/site-packages/airflow/example_dags/tutorial.py
[2024-03-31T06:06:38.334+0000] {processor.py:830} INFO - Processing file /home/airflow/.local/lib/python3.8/site-packages/airflow/example_dags/tutorial.py for tasks to queue
[2024-03-31T06:06:38.336+0000] {logging_mixin.py:188} INFO - [2024-03-31T06:06:38.336+0000] {dagbag.py:540} INFO - Filling up the DagBag from /home/airflow/.local/lib/python3.8/site-packages/airflow/example_dags/tutorial.py
[2024-03-31T06:06:38.341+0000] {processor.py:840} INFO - DAG(s) 'tutorial' retrieved from /home/airflow/.local/lib/python3.8/site-packages/airflow/example_dags/tutorial.py
[2024-03-31T06:06:38.362+0000] {logging_mixin.py:188} INFO - [2024-03-31T06:06:38.362+0000] {dag.py:3047} INFO - Sync 1 DAGs
[2024-03-31T06:06:38.387+0000] {logging_mixin.py:188} INFO - [2024-03-31T06:06:38.387+0000] {dag.py:3834} INFO - Setting next_dagrun for tutorial to 2024-03-30 00:00:00+00:00, run_after=2024-03-31 00:00:00+00:00
[2024-03-31T06:06:38.406+0000] {processor.py:183} INFO - Processing /home/airflow/.local/lib/python3.8/site-packages/airflow/example_dags/tutorial.py took 0.076 seconds
[2024-03-31T06:07:09.109+0000] {processor.py:161} INFO - Started process (PID=808) to work on /home/airflow/.local/lib/python3.8/site-packages/airflow/example_dags/tutorial.py
[2024-03-31T06:07:09.110+0000] {processor.py:830} INFO - Processing file /home/airflow/.local/lib/python3.8/site-packages/airflow/example_dags/tutorial.py for tasks to queue
[2024-03-31T06:07:09.113+0000] {logging_mixin.py:188} INFO - [2024-03-31T06:07:09.112+0000] {dagbag.py:540} INFO - Filling up the DagBag from /home/airflow/.local/lib/python3.8/site-packages/airflow/example_dags/tutorial.py
[2024-03-31T06:07:09.118+0000] {processor.py:840} INFO - DAG(s) 'tutorial' retrieved from /home/airflow/.local/lib/python3.8/site-packages/airflow/example_dags/tutorial.py
[2024-03-31T06:07:09.139+0000] {logging_mixin.py:188} INFO - [2024-03-31T06:07:09.138+0000] {dag.py:3047} INFO - Sync 1 DAGs
[2024-03-31T06:07:09.165+0000] {logging_mixin.py:188} INFO - [2024-03-31T06:07:09.165+0000] {dag.py:3834} INFO - Setting next_dagrun for tutorial to 2024-03-30 00:00:00+00:00, run_after=2024-03-31 00:00:00+00:00
[2024-03-31T06:07:09.187+0000] {processor.py:183} INFO - Processing /home/airflow/.local/lib/python3.8/site-packages/airflow/example_dags/tutorial.py took 0.081 seconds
[2024-03-31T06:07:39.597+0000] {processor.py:161} INFO - Started process (PID=865) to work on /home/airflow/.local/lib/python3.8/site-packages/airflow/example_dags/tutorial.py
[2024-03-31T06:07:39.598+0000] {processor.py:830} INFO - Processing file /home/airflow/.local/lib/python3.8/site-packages/airflow/example_dags/tutorial.py for tasks to queue
[2024-03-31T06:07:39.600+0000] {logging_mixin.py:188} INFO - [2024-03-31T06:07:39.600+0000] {dagbag.py:540} INFO - Filling up the DagBag from /home/airflow/.local/lib/python3.8/site-packages/airflow/example_dags/tutorial.py
[2024-03-31T06:07:39.605+0000] {processor.py:840} INFO - DAG(s) 'tutorial' retrieved from /home/airflow/.local/lib/python3.8/site-packages/airflow/example_dags/tutorial.py
[2024-03-31T06:07:39.629+0000] {logging_mixin.py:188} INFO - [2024-03-31T06:07:39.628+0000] {dag.py:3047} INFO - Sync 1 DAGs
[2024-03-31T06:07:39.650+0000] {logging_mixin.py:188} INFO - [2024-03-31T06:07:39.650+0000] {dag.py:3834} INFO - Setting next_dagrun for tutorial to 2024-03-30 00:00:00+00:00, run_after=2024-03-31 00:00:00+00:00
[2024-03-31T06:07:39.670+0000] {processor.py:183} INFO - Processing /home/airflow/.local/lib/python3.8/site-packages/airflow/example_dags/tutorial.py took 0.077 seconds
[2024-03-31T06:08:09.805+0000] {processor.py:161} INFO - Started process (PID=921) to work on /home/airflow/.local/lib/python3.8/site-packages/airflow/example_dags/tutorial.py
[2024-03-31T06:08:09.806+0000] {processor.py:830} INFO - Processing file /home/airflow/.local/lib/python3.8/site-packages/airflow/example_dags/tutorial.py for tasks to queue
[2024-03-31T06:08:09.807+0000] {logging_mixin.py:188} INFO - [2024-03-31T06:08:09.807+0000] {dagbag.py:540} INFO - Filling up the DagBag from /home/airflow/.local/lib/python3.8/site-packages/airflow/example_dags/tutorial.py
[2024-03-31T06:08:09.815+0000] {processor.py:840} INFO - DAG(s) 'tutorial' retrieved from /home/airflow/.local/lib/python3.8/site-packages/airflow/example_dags/tutorial.py
[2024-03-31T06:08:09.835+0000] {logging_mixin.py:188} INFO - [2024-03-31T06:08:09.835+0000] {dag.py:3047} INFO - Sync 1 DAGs
[2024-03-31T06:08:09.894+0000] {logging_mixin.py:188} INFO - [2024-03-31T06:08:09.893+0000] {dag.py:3834} INFO - Setting next_dagrun for tutorial to 2024-03-30 00:00:00+00:00, run_after=2024-03-31 00:00:00+00:00
[2024-03-31T06:08:09.952+0000] {processor.py:183} INFO - Processing /home/airflow/.local/lib/python3.8/site-packages/airflow/example_dags/tutorial.py took 0.150 seconds
[2024-03-31T06:08:40.090+0000] {processor.py:161} INFO - Started process (PID=977) to work on /home/airflow/.local/lib/python3.8/site-packages/airflow/example_dags/tutorial.py
[2024-03-31T06:08:40.091+0000] {processor.py:830} INFO - Processing file /home/airflow/.local/lib/python3.8/site-packages/airflow/example_dags/tutorial.py for tasks to queue
[2024-03-31T06:08:40.094+0000] {logging_mixin.py:188} INFO - [2024-03-31T06:08:40.094+0000] {dagbag.py:540} INFO - Filling up the DagBag from /home/airflow/.local/lib/python3.8/site-packages/airflow/example_dags/tutorial.py
[2024-03-31T06:08:40.100+0000] {processor.py:840} INFO - DAG(s) 'tutorial' retrieved from /home/airflow/.local/lib/python3.8/site-packages/airflow/example_dags/tutorial.py
[2024-03-31T06:08:40.121+0000] {logging_mixin.py:188} INFO - [2024-03-31T06:08:40.120+0000] {dag.py:3047} INFO - Sync 1 DAGs
[2024-03-31T06:08:40.145+0000] {logging_mixin.py:188} INFO - [2024-03-31T06:08:40.144+0000] {dag.py:3834} INFO - Setting next_dagrun for tutorial to 2024-03-30 00:00:00+00:00, run_after=2024-03-31 00:00:00+00:00
[2024-03-31T06:08:40.166+0000] {processor.py:183} INFO - Processing /home/airflow/.local/lib/python3.8/site-packages/airflow/example_dags/tutorial.py took 0.080 seconds
[2024-03-31T06:09:10.355+0000] {processor.py:161} INFO - Started process (PID=1033) to work on /home/airflow/.local/lib/python3.8/site-packages/airflow/example_dags/tutorial.py
[2024-03-31T06:09:10.356+0000] {processor.py:830} INFO - Processing file /home/airflow/.local/lib/python3.8/site-packages/airflow/example_dags/tutorial.py for tasks to queue
[2024-03-31T06:09:10.358+0000] {logging_mixin.py:188} INFO - [2024-03-31T06:09:10.357+0000] {dagbag.py:540} INFO - Filling up the DagBag from /home/airflow/.local/lib/python3.8/site-packages/airflow/example_dags/tutorial.py
[2024-03-31T06:09:10.366+0000] {processor.py:840} INFO - DAG(s) 'tutorial' retrieved from /home/airflow/.local/lib/python3.8/site-packages/airflow/example_dags/tutorial.py
[2024-03-31T06:09:10.399+0000] {logging_mixin.py:188} INFO - [2024-03-31T06:09:10.398+0000] {dag.py:3047} INFO - Sync 1 DAGs
[2024-03-31T06:09:10.424+0000] {logging_mixin.py:188} INFO - [2024-03-31T06:09:10.424+0000] {dag.py:3834} INFO - Setting next_dagrun for tutorial to 2024-03-30 00:00:00+00:00, run_after=2024-03-31 00:00:00+00:00
[2024-03-31T06:09:10.454+0000] {processor.py:183} INFO - Processing /home/airflow/.local/lib/python3.8/site-packages/airflow/example_dags/tutorial.py took 0.102 seconds
[2024-03-31T06:09:40.884+0000] {processor.py:161} INFO - Started process (PID=1090) to work on /home/airflow/.local/lib/python3.8/site-packages/airflow/example_dags/tutorial.py
[2024-03-31T06:09:40.885+0000] {processor.py:830} INFO - Processing file /home/airflow/.local/lib/python3.8/site-packages/airflow/example_dags/tutorial.py for tasks to queue
[2024-03-31T06:09:40.886+0000] {logging_mixin.py:188} INFO - [2024-03-31T06:09:40.886+0000] {dagbag.py:540} INFO - Filling up the DagBag from /home/airflow/.local/lib/python3.8/site-packages/airflow/example_dags/tutorial.py
[2024-03-31T06:09:40.896+0000] {processor.py:840} INFO - DAG(s) 'tutorial' retrieved from /home/airflow/.local/lib/python3.8/site-packages/airflow/example_dags/tutorial.py
[2024-03-31T06:09:40.918+0000] {logging_mixin.py:188} INFO - [2024-03-31T06:09:40.917+0000] {dag.py:3047} INFO - Sync 1 DAGs
[2024-03-31T06:09:40.940+0000] {logging_mixin.py:188} INFO - [2024-03-31T06:09:40.940+0000] {dag.py:3834} INFO - Setting next_dagrun for tutorial to 2024-03-30 00:00:00+00:00, run_after=2024-03-31 00:00:00+00:00
[2024-03-31T06:09:40.962+0000] {processor.py:183} INFO - Processing /home/airflow/.local/lib/python3.8/site-packages/airflow/example_dags/tutorial.py took 0.081 seconds
[2024-03-31T06:10:11.235+0000] {processor.py:161} INFO - Started process (PID=1147) to work on /home/airflow/.local/lib/python3.8/site-packages/airflow/example_dags/tutorial.py
[2024-03-31T06:10:11.236+0000] {processor.py:830} INFO - Processing file /home/airflow/.local/lib/python3.8/site-packages/airflow/example_dags/tutorial.py for tasks to queue
[2024-03-31T06:10:11.238+0000] {logging_mixin.py:188} INFO - [2024-03-31T06:10:11.237+0000] {dagbag.py:540} INFO - Filling up the DagBag from /home/airflow/.local/lib/python3.8/site-packages/airflow/example_dags/tutorial.py
[2024-03-31T06:10:11.245+0000] {processor.py:840} INFO - DAG(s) 'tutorial' retrieved from /home/airflow/.local/lib/python3.8/site-packages/airflow/example_dags/tutorial.py
[2024-03-31T06:10:11.267+0000] {logging_mixin.py:188} INFO - [2024-03-31T06:10:11.266+0000] {dag.py:3047} INFO - Sync 1 DAGs
[2024-03-31T06:10:11.291+0000] {logging_mixin.py:188} INFO - [2024-03-31T06:10:11.291+0000] {dag.py:3834} INFO - Setting next_dagrun for tutorial to 2024-03-30 00:00:00+00:00, run_after=2024-03-31 00:00:00+00:00
[2024-03-31T06:10:11.329+0000] {processor.py:183} INFO - Processing /home/airflow/.local/lib/python3.8/site-packages/airflow/example_dags/tutorial.py took 0.098 seconds
[2024-03-31T06:10:41.620+0000] {processor.py:161} INFO - Started process (PID=1209) to work on /home/airflow/.local/lib/python3.8/site-packages/airflow/example_dags/tutorial.py
[2024-03-31T06:10:41.621+0000] {processor.py:830} INFO - Processing file /home/airflow/.local/lib/python3.8/site-packages/airflow/example_dags/tutorial.py for tasks to queue
[2024-03-31T06:10:41.624+0000] {logging_mixin.py:188} INFO - [2024-03-31T06:10:41.623+0000] {dagbag.py:540} INFO - Filling up the DagBag from /home/airflow/.local/lib/python3.8/site-packages/airflow/example_dags/tutorial.py
[2024-03-31T06:10:41.630+0000] {processor.py:840} INFO - DAG(s) 'tutorial' retrieved from /home/airflow/.local/lib/python3.8/site-packages/airflow/example_dags/tutorial.py
[2024-03-31T06:10:41.653+0000] {logging_mixin.py:188} INFO - [2024-03-31T06:10:41.652+0000] {dag.py:3047} INFO - Sync 1 DAGs
[2024-03-31T06:10:41.679+0000] {logging_mixin.py:188} INFO - [2024-03-31T06:10:41.679+0000] {dag.py:3834} INFO - Setting next_dagrun for tutorial to 2024-03-30 00:00:00+00:00, run_after=2024-03-31 00:00:00+00:00
[2024-03-31T06:10:41.699+0000] {processor.py:183} INFO - Processing /home/airflow/.local/lib/python3.8/site-packages/airflow/example_dags/tutorial.py took 0.081 seconds
[2024-03-31T06:11:12.138+0000] {processor.py:161} INFO - Started process (PID=1265) to work on /home/airflow/.local/lib/python3.8/site-packages/airflow/example_dags/tutorial.py
[2024-03-31T06:11:12.139+0000] {processor.py:830} INFO - Processing file /home/airflow/.local/lib/python3.8/site-packages/airflow/example_dags/tutorial.py for tasks to queue
[2024-03-31T06:11:12.146+0000] {logging_mixin.py:188} INFO - [2024-03-31T06:11:12.145+0000] {dagbag.py:540} INFO - Filling up the DagBag from /home/airflow/.local/lib/python3.8/site-packages/airflow/example_dags/tutorial.py
[2024-03-31T06:11:12.152+0000] {processor.py:840} INFO - DAG(s) 'tutorial' retrieved from /home/airflow/.local/lib/python3.8/site-packages/airflow/example_dags/tutorial.py
[2024-03-31T06:11:12.175+0000] {logging_mixin.py:188} INFO - [2024-03-31T06:11:12.174+0000] {dag.py:3047} INFO - Sync 1 DAGs
[2024-03-31T06:11:12.214+0000] {logging_mixin.py:188} INFO - [2024-03-31T06:11:12.214+0000] {dag.py:3834} INFO - Setting next_dagrun for tutorial to 2024-03-30 00:00:00+00:00, run_after=2024-03-31 00:00:00+00:00
[2024-03-31T06:11:12.238+0000] {processor.py:183} INFO - Processing /home/airflow/.local/lib/python3.8/site-packages/airflow/example_dags/tutorial.py took 0.104 seconds
[2024-03-31T06:11:42.937+0000] {processor.py:161} INFO - Started process (PID=1321) to work on /home/airflow/.local/lib/python3.8/site-packages/airflow/example_dags/tutorial.py
[2024-03-31T06:11:42.938+0000] {processor.py:830} INFO - Processing file /home/airflow/.local/lib/python3.8/site-packages/airflow/example_dags/tutorial.py for tasks to queue
[2024-03-31T06:11:42.942+0000] {logging_mixin.py:188} INFO - [2024-03-31T06:11:42.941+0000] {dagbag.py:540} INFO - Filling up the DagBag from /home/airflow/.local/lib/python3.8/site-packages/airflow/example_dags/tutorial.py
[2024-03-31T06:11:42.947+0000] {processor.py:840} INFO - DAG(s) 'tutorial' retrieved from /home/airflow/.local/lib/python3.8/site-packages/airflow/example_dags/tutorial.py
[2024-03-31T06:11:42.967+0000] {logging_mixin.py:188} INFO - [2024-03-31T06:11:42.967+0000] {dag.py:3047} INFO - Sync 1 DAGs
[2024-03-31T06:11:42.992+0000] {logging_mixin.py:188} INFO - [2024-03-31T06:11:42.992+0000] {dag.py:3834} INFO - Setting next_dagrun for tutorial to 2024-03-30 00:00:00+00:00, run_after=2024-03-31 00:00:00+00:00
[2024-03-31T06:11:43.011+0000] {processor.py:183} INFO - Processing /home/airflow/.local/lib/python3.8/site-packages/airflow/example_dags/tutorial.py took 0.077 seconds
[2024-03-31T06:12:13.174+0000] {processor.py:161} INFO - Started process (PID=1377) to work on /home/airflow/.local/lib/python3.8/site-packages/airflow/example_dags/tutorial.py
[2024-03-31T06:12:13.179+0000] {processor.py:830} INFO - Processing file /home/airflow/.local/lib/python3.8/site-packages/airflow/example_dags/tutorial.py for tasks to queue
[2024-03-31T06:12:13.186+0000] {logging_mixin.py:188} INFO - [2024-03-31T06:12:13.185+0000] {dagbag.py:540} INFO - Filling up the DagBag from /home/airflow/.local/lib/python3.8/site-packages/airflow/example_dags/tutorial.py
[2024-03-31T06:12:13.216+0000] {processor.py:840} INFO - DAG(s) 'tutorial' retrieved from /home/airflow/.local/lib/python3.8/site-packages/airflow/example_dags/tutorial.py
[2024-03-31T06:12:13.317+0000] {logging_mixin.py:188} INFO - [2024-03-31T06:12:13.317+0000] {dag.py:3047} INFO - Sync 1 DAGs
[2024-03-31T06:12:13.495+0000] {logging_mixin.py:188} INFO - [2024-03-31T06:12:13.495+0000] {dag.py:3834} INFO - Setting next_dagrun for tutorial to 2024-03-30 00:00:00+00:00, run_after=2024-03-31 00:00:00+00:00
[2024-03-31T06:12:13.614+0000] {processor.py:183} INFO - Processing /home/airflow/.local/lib/python3.8/site-packages/airflow/example_dags/tutorial.py took 0.448 seconds
[2024-03-31T06:12:44.350+0000] {processor.py:161} INFO - Started process (PID=1427) to work on /home/airflow/.local/lib/python3.8/site-packages/airflow/example_dags/tutorial.py
[2024-03-31T06:12:44.351+0000] {processor.py:830} INFO - Processing file /home/airflow/.local/lib/python3.8/site-packages/airflow/example_dags/tutorial.py for tasks to queue
[2024-03-31T06:12:44.354+0000] {logging_mixin.py:188} INFO - [2024-03-31T06:12:44.353+0000] {dagbag.py:540} INFO - Filling up the DagBag from /home/airflow/.local/lib/python3.8/site-packages/airflow/example_dags/tutorial.py
[2024-03-31T06:12:44.584+0000] {processor.py:840} INFO - DAG(s) 'tutorial' retrieved from /home/airflow/.local/lib/python3.8/site-packages/airflow/example_dags/tutorial.py
[2024-03-31T06:12:50.591+0000] {logging_mixin.py:188} INFO - [2024-03-31T06:12:50.591+0000] {dag.py:3047} INFO - Sync 1 DAGs
[2024-03-31T06:12:50.743+0000] {logging_mixin.py:188} INFO - [2024-03-31T06:12:50.743+0000] {dag.py:3834} INFO - Setting next_dagrun for tutorial to 2024-03-30 00:00:00+00:00, run_after=2024-03-31 00:00:00+00:00
[2024-03-31T06:12:50.916+0000] {processor.py:183} INFO - Processing /home/airflow/.local/lib/python3.8/site-packages/airflow/example_dags/tutorial.py took 6.293 seconds
[2024-03-31T06:13:47.537+0000] {processor.py:161} INFO - Started process (PID=77) to work on /home/airflow/.local/lib/python3.8/site-packages/airflow/example_dags/tutorial.py
[2024-03-31T06:13:47.545+0000] {processor.py:830} INFO - Processing file /home/airflow/.local/lib/python3.8/site-packages/airflow/example_dags/tutorial.py for tasks to queue
[2024-03-31T06:13:47.547+0000] {logging_mixin.py:188} INFO - [2024-03-31T06:13:47.547+0000] {dagbag.py:540} INFO - Filling up the DagBag from /home/airflow/.local/lib/python3.8/site-packages/airflow/example_dags/tutorial.py
[2024-03-31T06:13:47.566+0000] {processor.py:840} INFO - DAG(s) 'tutorial' retrieved from /home/airflow/.local/lib/python3.8/site-packages/airflow/example_dags/tutorial.py
[2024-03-31T06:13:47.586+0000] {logging_mixin.py:188} INFO - [2024-03-31T06:13:47.586+0000] {dag.py:3047} INFO - Sync 1 DAGs
[2024-03-31T06:13:47.646+0000] {logging_mixin.py:188} INFO - [2024-03-31T06:13:47.646+0000] {dag.py:3834} INFO - Setting next_dagrun for tutorial to 2024-03-30 00:00:00+00:00, run_after=2024-03-31 00:00:00+00:00
[2024-03-31T06:13:47.697+0000] {processor.py:183} INFO - Processing /home/airflow/.local/lib/python3.8/site-packages/airflow/example_dags/tutorial.py took 0.163 seconds
