[2024-03-31T06:00:32.437+0000] {processor.py:161} INFO - Started process (PID=83) to work on /home/airflow/.local/lib/python3.8/site-packages/airflow/example_dags/tutorial_objectstorage.py
[2024-03-31T06:00:32.442+0000] {processor.py:830} INFO - Processing file /home/airflow/.local/lib/python3.8/site-packages/airflow/example_dags/tutorial_objectstorage.py for tasks to queue
[2024-03-31T06:00:32.447+0000] {logging_mixin.py:188} INFO - [2024-03-31T06:00:32.446+0000] {dagbag.py:540} INFO - Filling up the DagBag from /home/airflow/.local/lib/python3.8/site-packages/airflow/example_dags/tutorial_objectstorage.py
[2024-03-31T06:00:32.465+0000] {processor.py:840} INFO - DAG(s) 'tutorial_objectstorage' retrieved from /home/airflow/.local/lib/python3.8/site-packages/airflow/example_dags/tutorial_objectstorage.py
[2024-03-31T06:00:32.766+0000] {logging_mixin.py:188} INFO - [2024-03-31T06:00:32.765+0000] {dag.py:3047} INFO - Sync 1 DAGs
[2024-03-31T06:00:32.803+0000] {logging_mixin.py:188} INFO - [2024-03-31T06:00:32.802+0000] {dag.py:3834} INFO - Setting next_dagrun for tutorial_objectstorage to None, run_after=None
[2024-03-31T06:00:32.888+0000] {processor.py:183} INFO - Processing /home/airflow/.local/lib/python3.8/site-packages/airflow/example_dags/tutorial_objectstorage.py took 0.454 seconds
[2024-03-31T06:01:03.385+0000] {processor.py:161} INFO - Started process (PID=138) to work on /home/airflow/.local/lib/python3.8/site-packages/airflow/example_dags/tutorial_objectstorage.py
[2024-03-31T06:01:03.386+0000] {processor.py:830} INFO - Processing file /home/airflow/.local/lib/python3.8/site-packages/airflow/example_dags/tutorial_objectstorage.py for tasks to queue
[2024-03-31T06:01:03.387+0000] {logging_mixin.py:188} INFO - [2024-03-31T06:01:03.387+0000] {dagbag.py:540} INFO - Filling up the DagBag from /home/airflow/.local/lib/python3.8/site-packages/airflow/example_dags/tutorial_objectstorage.py
[2024-03-31T06:01:03.393+0000] {processor.py:840} INFO - DAG(s) 'tutorial_objectstorage' retrieved from /home/airflow/.local/lib/python3.8/site-packages/airflow/example_dags/tutorial_objectstorage.py
[2024-03-31T06:01:03.406+0000] {logging_mixin.py:188} INFO - [2024-03-31T06:01:03.406+0000] {dag.py:3047} INFO - Sync 1 DAGs
[2024-03-31T06:01:03.420+0000] {logging_mixin.py:188} INFO - [2024-03-31T06:01:03.420+0000] {dag.py:3834} INFO - Setting next_dagrun for tutorial_objectstorage to None, run_after=None
[2024-03-31T06:01:03.440+0000] {processor.py:183} INFO - Processing /home/airflow/.local/lib/python3.8/site-packages/airflow/example_dags/tutorial_objectstorage.py took 0.058 seconds
[2024-03-31T06:01:33.796+0000] {processor.py:161} INFO - Started process (PID=194) to work on /home/airflow/.local/lib/python3.8/site-packages/airflow/example_dags/tutorial_objectstorage.py
[2024-03-31T06:01:33.797+0000] {processor.py:830} INFO - Processing file /home/airflow/.local/lib/python3.8/site-packages/airflow/example_dags/tutorial_objectstorage.py for tasks to queue
[2024-03-31T06:01:33.821+0000] {logging_mixin.py:188} INFO - [2024-03-31T06:01:33.817+0000] {dagbag.py:540} INFO - Filling up the DagBag from /home/airflow/.local/lib/python3.8/site-packages/airflow/example_dags/tutorial_objectstorage.py
[2024-03-31T06:01:33.850+0000] {processor.py:840} INFO - DAG(s) 'tutorial_objectstorage' retrieved from /home/airflow/.local/lib/python3.8/site-packages/airflow/example_dags/tutorial_objectstorage.py
[2024-03-31T06:01:33.869+0000] {logging_mixin.py:188} INFO - [2024-03-31T06:01:33.866+0000] {dag.py:3047} INFO - Sync 1 DAGs
[2024-03-31T06:01:33.888+0000] {logging_mixin.py:188} INFO - [2024-03-31T06:01:33.887+0000] {dag.py:3834} INFO - Setting next_dagrun for tutorial_objectstorage to None, run_after=None
[2024-03-31T06:01:33.916+0000] {processor.py:183} INFO - Processing /home/airflow/.local/lib/python3.8/site-packages/airflow/example_dags/tutorial_objectstorage.py took 0.127 seconds
[2024-03-31T06:02:04.591+0000] {processor.py:161} INFO - Started process (PID=250) to work on /home/airflow/.local/lib/python3.8/site-packages/airflow/example_dags/tutorial_objectstorage.py
[2024-03-31T06:02:04.593+0000] {processor.py:830} INFO - Processing file /home/airflow/.local/lib/python3.8/site-packages/airflow/example_dags/tutorial_objectstorage.py for tasks to queue
[2024-03-31T06:02:04.598+0000] {logging_mixin.py:188} INFO - [2024-03-31T06:02:04.598+0000] {dagbag.py:540} INFO - Filling up the DagBag from /home/airflow/.local/lib/python3.8/site-packages/airflow/example_dags/tutorial_objectstorage.py
[2024-03-31T06:02:04.613+0000] {processor.py:840} INFO - DAG(s) 'tutorial_objectstorage' retrieved from /home/airflow/.local/lib/python3.8/site-packages/airflow/example_dags/tutorial_objectstorage.py
[2024-03-31T06:02:04.624+0000] {logging_mixin.py:188} INFO - [2024-03-31T06:02:04.624+0000] {dag.py:3047} INFO - Sync 1 DAGs
[2024-03-31T06:02:04.641+0000] {logging_mixin.py:188} INFO - [2024-03-31T06:02:04.640+0000] {dag.py:3834} INFO - Setting next_dagrun for tutorial_objectstorage to None, run_after=None
[2024-03-31T06:02:04.662+0000] {processor.py:183} INFO - Processing /home/airflow/.local/lib/python3.8/site-packages/airflow/example_dags/tutorial_objectstorage.py took 0.074 seconds
[2024-03-31T06:02:34.966+0000] {processor.py:161} INFO - Started process (PID=306) to work on /home/airflow/.local/lib/python3.8/site-packages/airflow/example_dags/tutorial_objectstorage.py
[2024-03-31T06:02:34.967+0000] {processor.py:830} INFO - Processing file /home/airflow/.local/lib/python3.8/site-packages/airflow/example_dags/tutorial_objectstorage.py for tasks to queue
[2024-03-31T06:02:34.969+0000] {logging_mixin.py:188} INFO - [2024-03-31T06:02:34.969+0000] {dagbag.py:540} INFO - Filling up the DagBag from /home/airflow/.local/lib/python3.8/site-packages/airflow/example_dags/tutorial_objectstorage.py
[2024-03-31T06:02:34.975+0000] {processor.py:840} INFO - DAG(s) 'tutorial_objectstorage' retrieved from /home/airflow/.local/lib/python3.8/site-packages/airflow/example_dags/tutorial_objectstorage.py
[2024-03-31T06:02:34.988+0000] {logging_mixin.py:188} INFO - [2024-03-31T06:02:34.987+0000] {dag.py:3047} INFO - Sync 1 DAGs
[2024-03-31T06:02:35.005+0000] {logging_mixin.py:188} INFO - [2024-03-31T06:02:35.005+0000] {dag.py:3834} INFO - Setting next_dagrun for tutorial_objectstorage to None, run_after=None
[2024-03-31T06:02:35.042+0000] {processor.py:183} INFO - Processing /home/airflow/.local/lib/python3.8/site-packages/airflow/example_dags/tutorial_objectstorage.py took 0.080 seconds
[2024-03-31T06:03:05.934+0000] {processor.py:161} INFO - Started process (PID=362) to work on /home/airflow/.local/lib/python3.8/site-packages/airflow/example_dags/tutorial_objectstorage.py
[2024-03-31T06:03:05.936+0000] {processor.py:830} INFO - Processing file /home/airflow/.local/lib/python3.8/site-packages/airflow/example_dags/tutorial_objectstorage.py for tasks to queue
[2024-03-31T06:03:05.940+0000] {logging_mixin.py:188} INFO - [2024-03-31T06:03:05.939+0000] {dagbag.py:540} INFO - Filling up the DagBag from /home/airflow/.local/lib/python3.8/site-packages/airflow/example_dags/tutorial_objectstorage.py
[2024-03-31T06:03:05.958+0000] {processor.py:840} INFO - DAG(s) 'tutorial_objectstorage' retrieved from /home/airflow/.local/lib/python3.8/site-packages/airflow/example_dags/tutorial_objectstorage.py
[2024-03-31T06:03:06.068+0000] {logging_mixin.py:188} INFO - [2024-03-31T06:03:06.068+0000] {dag.py:3047} INFO - Sync 1 DAGs
[2024-03-31T06:03:06.078+0000] {logging_mixin.py:188} INFO - [2024-03-31T06:03:06.077+0000] {dag.py:3834} INFO - Setting next_dagrun for tutorial_objectstorage to None, run_after=None
[2024-03-31T06:03:06.098+0000] {processor.py:183} INFO - Processing /home/airflow/.local/lib/python3.8/site-packages/airflow/example_dags/tutorial_objectstorage.py took 0.174 seconds
[2024-03-31T06:03:36.159+0000] {processor.py:161} INFO - Started process (PID=418) to work on /home/airflow/.local/lib/python3.8/site-packages/airflow/example_dags/tutorial_objectstorage.py
[2024-03-31T06:03:36.159+0000] {processor.py:830} INFO - Processing file /home/airflow/.local/lib/python3.8/site-packages/airflow/example_dags/tutorial_objectstorage.py for tasks to queue
[2024-03-31T06:03:36.161+0000] {logging_mixin.py:188} INFO - [2024-03-31T06:03:36.161+0000] {dagbag.py:540} INFO - Filling up the DagBag from /home/airflow/.local/lib/python3.8/site-packages/airflow/example_dags/tutorial_objectstorage.py
[2024-03-31T06:03:36.169+0000] {processor.py:840} INFO - DAG(s) 'tutorial_objectstorage' retrieved from /home/airflow/.local/lib/python3.8/site-packages/airflow/example_dags/tutorial_objectstorage.py
[2024-03-31T06:03:36.186+0000] {logging_mixin.py:188} INFO - [2024-03-31T06:03:36.186+0000] {dag.py:3047} INFO - Sync 1 DAGs
[2024-03-31T06:03:36.198+0000] {logging_mixin.py:188} INFO - [2024-03-31T06:03:36.197+0000] {dag.py:3834} INFO - Setting next_dagrun for tutorial_objectstorage to None, run_after=None
[2024-03-31T06:03:36.217+0000] {processor.py:183} INFO - Processing /home/airflow/.local/lib/python3.8/site-packages/airflow/example_dags/tutorial_objectstorage.py took 0.060 seconds
[2024-03-31T06:04:06.707+0000] {processor.py:161} INFO - Started process (PID=474) to work on /home/airflow/.local/lib/python3.8/site-packages/airflow/example_dags/tutorial_objectstorage.py
[2024-03-31T06:04:06.708+0000] {processor.py:830} INFO - Processing file /home/airflow/.local/lib/python3.8/site-packages/airflow/example_dags/tutorial_objectstorage.py for tasks to queue
[2024-03-31T06:04:06.709+0000] {logging_mixin.py:188} INFO - [2024-03-31T06:04:06.709+0000] {dagbag.py:540} INFO - Filling up the DagBag from /home/airflow/.local/lib/python3.8/site-packages/airflow/example_dags/tutorial_objectstorage.py
[2024-03-31T06:04:06.716+0000] {processor.py:840} INFO - DAG(s) 'tutorial_objectstorage' retrieved from /home/airflow/.local/lib/python3.8/site-packages/airflow/example_dags/tutorial_objectstorage.py
[2024-03-31T06:04:06.734+0000] {logging_mixin.py:188} INFO - [2024-03-31T06:04:06.734+0000] {dag.py:3047} INFO - Sync 1 DAGs
[2024-03-31T06:04:06.745+0000] {logging_mixin.py:188} INFO - [2024-03-31T06:04:06.745+0000] {dag.py:3834} INFO - Setting next_dagrun for tutorial_objectstorage to None, run_after=None
[2024-03-31T06:04:06.766+0000] {processor.py:183} INFO - Processing /home/airflow/.local/lib/python3.8/site-packages/airflow/example_dags/tutorial_objectstorage.py took 0.061 seconds
[2024-03-31T06:04:37.058+0000] {processor.py:161} INFO - Started process (PID=530) to work on /home/airflow/.local/lib/python3.8/site-packages/airflow/example_dags/tutorial_objectstorage.py
[2024-03-31T06:04:37.059+0000] {processor.py:830} INFO - Processing file /home/airflow/.local/lib/python3.8/site-packages/airflow/example_dags/tutorial_objectstorage.py for tasks to queue
[2024-03-31T06:04:37.060+0000] {logging_mixin.py:188} INFO - [2024-03-31T06:04:37.060+0000] {dagbag.py:540} INFO - Filling up the DagBag from /home/airflow/.local/lib/python3.8/site-packages/airflow/example_dags/tutorial_objectstorage.py
[2024-03-31T06:04:37.067+0000] {processor.py:840} INFO - DAG(s) 'tutorial_objectstorage' retrieved from /home/airflow/.local/lib/python3.8/site-packages/airflow/example_dags/tutorial_objectstorage.py
[2024-03-31T06:04:37.087+0000] {logging_mixin.py:188} INFO - [2024-03-31T06:04:37.086+0000] {dag.py:3047} INFO - Sync 1 DAGs
[2024-03-31T06:04:37.101+0000] {logging_mixin.py:188} INFO - [2024-03-31T06:04:37.101+0000] {dag.py:3834} INFO - Setting next_dagrun for tutorial_objectstorage to None, run_after=None
[2024-03-31T06:04:37.121+0000] {processor.py:183} INFO - Processing /home/airflow/.local/lib/python3.8/site-packages/airflow/example_dags/tutorial_objectstorage.py took 0.065 seconds
[2024-03-31T06:05:07.231+0000] {processor.py:161} INFO - Started process (PID=586) to work on /home/airflow/.local/lib/python3.8/site-packages/airflow/example_dags/tutorial_objectstorage.py
[2024-03-31T06:05:07.232+0000] {processor.py:830} INFO - Processing file /home/airflow/.local/lib/python3.8/site-packages/airflow/example_dags/tutorial_objectstorage.py for tasks to queue
[2024-03-31T06:05:07.233+0000] {logging_mixin.py:188} INFO - [2024-03-31T06:05:07.233+0000] {dagbag.py:540} INFO - Filling up the DagBag from /home/airflow/.local/lib/python3.8/site-packages/airflow/example_dags/tutorial_objectstorage.py
[2024-03-31T06:05:07.238+0000] {processor.py:840} INFO - DAG(s) 'tutorial_objectstorage' retrieved from /home/airflow/.local/lib/python3.8/site-packages/airflow/example_dags/tutorial_objectstorage.py
[2024-03-31T06:05:07.258+0000] {logging_mixin.py:188} INFO - [2024-03-31T06:05:07.257+0000] {dag.py:3047} INFO - Sync 1 DAGs
[2024-03-31T06:05:07.272+0000] {logging_mixin.py:188} INFO - [2024-03-31T06:05:07.272+0000] {dag.py:3834} INFO - Setting next_dagrun for tutorial_objectstorage to None, run_after=None
[2024-03-31T06:05:07.292+0000] {processor.py:183} INFO - Processing /home/airflow/.local/lib/python3.8/site-packages/airflow/example_dags/tutorial_objectstorage.py took 0.064 seconds
[2024-03-31T06:05:37.341+0000] {processor.py:161} INFO - Started process (PID=642) to work on /home/airflow/.local/lib/python3.8/site-packages/airflow/example_dags/tutorial_objectstorage.py
[2024-03-31T06:05:37.342+0000] {processor.py:830} INFO - Processing file /home/airflow/.local/lib/python3.8/site-packages/airflow/example_dags/tutorial_objectstorage.py for tasks to queue
[2024-03-31T06:05:37.345+0000] {logging_mixin.py:188} INFO - [2024-03-31T06:05:37.344+0000] {dagbag.py:540} INFO - Filling up the DagBag from /home/airflow/.local/lib/python3.8/site-packages/airflow/example_dags/tutorial_objectstorage.py
[2024-03-31T06:05:37.352+0000] {processor.py:840} INFO - DAG(s) 'tutorial_objectstorage' retrieved from /home/airflow/.local/lib/python3.8/site-packages/airflow/example_dags/tutorial_objectstorage.py
[2024-03-31T06:05:37.372+0000] {logging_mixin.py:188} INFO - [2024-03-31T06:05:37.372+0000] {dag.py:3047} INFO - Sync 1 DAGs
[2024-03-31T06:05:37.385+0000] {logging_mixin.py:188} INFO - [2024-03-31T06:05:37.385+0000] {dag.py:3834} INFO - Setting next_dagrun for tutorial_objectstorage to None, run_after=None
[2024-03-31T06:05:37.413+0000] {processor.py:183} INFO - Processing /home/airflow/.local/lib/python3.8/site-packages/airflow/example_dags/tutorial_objectstorage.py took 0.075 seconds
[2024-03-31T06:06:08.099+0000] {processor.py:161} INFO - Started process (PID=698) to work on /home/airflow/.local/lib/python3.8/site-packages/airflow/example_dags/tutorial_objectstorage.py
[2024-03-31T06:06:08.100+0000] {processor.py:830} INFO - Processing file /home/airflow/.local/lib/python3.8/site-packages/airflow/example_dags/tutorial_objectstorage.py for tasks to queue
[2024-03-31T06:06:08.101+0000] {logging_mixin.py:188} INFO - [2024-03-31T06:06:08.101+0000] {dagbag.py:540} INFO - Filling up the DagBag from /home/airflow/.local/lib/python3.8/site-packages/airflow/example_dags/tutorial_objectstorage.py
[2024-03-31T06:06:08.106+0000] {processor.py:840} INFO - DAG(s) 'tutorial_objectstorage' retrieved from /home/airflow/.local/lib/python3.8/site-packages/airflow/example_dags/tutorial_objectstorage.py
[2024-03-31T06:06:08.124+0000] {logging_mixin.py:188} INFO - [2024-03-31T06:06:08.123+0000] {dag.py:3047} INFO - Sync 1 DAGs
[2024-03-31T06:06:08.136+0000] {logging_mixin.py:188} INFO - [2024-03-31T06:06:08.135+0000] {dag.py:3834} INFO - Setting next_dagrun for tutorial_objectstorage to None, run_after=None
[2024-03-31T06:06:08.154+0000] {processor.py:183} INFO - Processing /home/airflow/.local/lib/python3.8/site-packages/airflow/example_dags/tutorial_objectstorage.py took 0.057 seconds
[2024-03-31T06:06:38.434+0000] {processor.py:161} INFO - Started process (PID=754) to work on /home/airflow/.local/lib/python3.8/site-packages/airflow/example_dags/tutorial_objectstorage.py
[2024-03-31T06:06:38.435+0000] {processor.py:830} INFO - Processing file /home/airflow/.local/lib/python3.8/site-packages/airflow/example_dags/tutorial_objectstorage.py for tasks to queue
[2024-03-31T06:06:38.436+0000] {logging_mixin.py:188} INFO - [2024-03-31T06:06:38.436+0000] {dagbag.py:540} INFO - Filling up the DagBag from /home/airflow/.local/lib/python3.8/site-packages/airflow/example_dags/tutorial_objectstorage.py
[2024-03-31T06:06:38.442+0000] {processor.py:840} INFO - DAG(s) 'tutorial_objectstorage' retrieved from /home/airflow/.local/lib/python3.8/site-packages/airflow/example_dags/tutorial_objectstorage.py
[2024-03-31T06:06:38.461+0000] {logging_mixin.py:188} INFO - [2024-03-31T06:06:38.460+0000] {dag.py:3047} INFO - Sync 1 DAGs
[2024-03-31T06:06:38.473+0000] {logging_mixin.py:188} INFO - [2024-03-31T06:06:38.473+0000] {dag.py:3834} INFO - Setting next_dagrun for tutorial_objectstorage to None, run_after=None
[2024-03-31T06:06:38.491+0000] {processor.py:183} INFO - Processing /home/airflow/.local/lib/python3.8/site-packages/airflow/example_dags/tutorial_objectstorage.py took 0.060 seconds
[2024-03-31T06:07:09.220+0000] {processor.py:161} INFO - Started process (PID=810) to work on /home/airflow/.local/lib/python3.8/site-packages/airflow/example_dags/tutorial_objectstorage.py
[2024-03-31T06:07:09.221+0000] {processor.py:830} INFO - Processing file /home/airflow/.local/lib/python3.8/site-packages/airflow/example_dags/tutorial_objectstorage.py for tasks to queue
[2024-03-31T06:07:09.222+0000] {logging_mixin.py:188} INFO - [2024-03-31T06:07:09.222+0000] {dagbag.py:540} INFO - Filling up the DagBag from /home/airflow/.local/lib/python3.8/site-packages/airflow/example_dags/tutorial_objectstorage.py
[2024-03-31T06:07:09.229+0000] {processor.py:840} INFO - DAG(s) 'tutorial_objectstorage' retrieved from /home/airflow/.local/lib/python3.8/site-packages/airflow/example_dags/tutorial_objectstorage.py
[2024-03-31T06:07:09.248+0000] {logging_mixin.py:188} INFO - [2024-03-31T06:07:09.247+0000] {dag.py:3047} INFO - Sync 1 DAGs
[2024-03-31T06:07:09.258+0000] {logging_mixin.py:188} INFO - [2024-03-31T06:07:09.258+0000] {dag.py:3834} INFO - Setting next_dagrun for tutorial_objectstorage to None, run_after=None
[2024-03-31T06:07:09.282+0000] {processor.py:183} INFO - Processing /home/airflow/.local/lib/python3.8/site-packages/airflow/example_dags/tutorial_objectstorage.py took 0.065 seconds
[2024-03-31T06:07:39.704+0000] {processor.py:161} INFO - Started process (PID=867) to work on /home/airflow/.local/lib/python3.8/site-packages/airflow/example_dags/tutorial_objectstorage.py
[2024-03-31T06:07:39.705+0000] {processor.py:830} INFO - Processing file /home/airflow/.local/lib/python3.8/site-packages/airflow/example_dags/tutorial_objectstorage.py for tasks to queue
[2024-03-31T06:07:39.706+0000] {logging_mixin.py:188} INFO - [2024-03-31T06:07:39.706+0000] {dagbag.py:540} INFO - Filling up the DagBag from /home/airflow/.local/lib/python3.8/site-packages/airflow/example_dags/tutorial_objectstorage.py
[2024-03-31T06:07:39.713+0000] {processor.py:840} INFO - DAG(s) 'tutorial_objectstorage' retrieved from /home/airflow/.local/lib/python3.8/site-packages/airflow/example_dags/tutorial_objectstorage.py
[2024-03-31T06:07:39.731+0000] {logging_mixin.py:188} INFO - [2024-03-31T06:07:39.730+0000] {dag.py:3047} INFO - Sync 1 DAGs
[2024-03-31T06:07:39.741+0000] {logging_mixin.py:188} INFO - [2024-03-31T06:07:39.741+0000] {dag.py:3834} INFO - Setting next_dagrun for tutorial_objectstorage to None, run_after=None
[2024-03-31T06:07:39.759+0000] {processor.py:183} INFO - Processing /home/airflow/.local/lib/python3.8/site-packages/airflow/example_dags/tutorial_objectstorage.py took 0.057 seconds
[2024-03-31T06:08:09.986+0000] {processor.py:161} INFO - Started process (PID=923) to work on /home/airflow/.local/lib/python3.8/site-packages/airflow/example_dags/tutorial_objectstorage.py
[2024-03-31T06:08:09.987+0000] {processor.py:830} INFO - Processing file /home/airflow/.local/lib/python3.8/site-packages/airflow/example_dags/tutorial_objectstorage.py for tasks to queue
[2024-03-31T06:08:09.988+0000] {logging_mixin.py:188} INFO - [2024-03-31T06:08:09.988+0000] {dagbag.py:540} INFO - Filling up the DagBag from /home/airflow/.local/lib/python3.8/site-packages/airflow/example_dags/tutorial_objectstorage.py
[2024-03-31T06:08:09.995+0000] {processor.py:840} INFO - DAG(s) 'tutorial_objectstorage' retrieved from /home/airflow/.local/lib/python3.8/site-packages/airflow/example_dags/tutorial_objectstorage.py
[2024-03-31T06:08:10.014+0000] {logging_mixin.py:188} INFO - [2024-03-31T06:08:10.014+0000] {dag.py:3047} INFO - Sync 1 DAGs
[2024-03-31T06:08:10.024+0000] {logging_mixin.py:188} INFO - [2024-03-31T06:08:10.024+0000] {dag.py:3834} INFO - Setting next_dagrun for tutorial_objectstorage to None, run_after=None
[2024-03-31T06:08:10.045+0000] {processor.py:183} INFO - Processing /home/airflow/.local/lib/python3.8/site-packages/airflow/example_dags/tutorial_objectstorage.py took 0.062 seconds
[2024-03-31T06:08:40.195+0000] {processor.py:161} INFO - Started process (PID=979) to work on /home/airflow/.local/lib/python3.8/site-packages/airflow/example_dags/tutorial_objectstorage.py
[2024-03-31T06:08:40.196+0000] {processor.py:830} INFO - Processing file /home/airflow/.local/lib/python3.8/site-packages/airflow/example_dags/tutorial_objectstorage.py for tasks to queue
[2024-03-31T06:08:40.197+0000] {logging_mixin.py:188} INFO - [2024-03-31T06:08:40.197+0000] {dagbag.py:540} INFO - Filling up the DagBag from /home/airflow/.local/lib/python3.8/site-packages/airflow/example_dags/tutorial_objectstorage.py
[2024-03-31T06:08:40.202+0000] {processor.py:840} INFO - DAG(s) 'tutorial_objectstorage' retrieved from /home/airflow/.local/lib/python3.8/site-packages/airflow/example_dags/tutorial_objectstorage.py
[2024-03-31T06:08:40.221+0000] {logging_mixin.py:188} INFO - [2024-03-31T06:08:40.221+0000] {dag.py:3047} INFO - Sync 1 DAGs
[2024-03-31T06:08:40.234+0000] {logging_mixin.py:188} INFO - [2024-03-31T06:08:40.234+0000] {dag.py:3834} INFO - Setting next_dagrun for tutorial_objectstorage to None, run_after=None
[2024-03-31T06:08:40.252+0000] {processor.py:183} INFO - Processing /home/airflow/.local/lib/python3.8/site-packages/airflow/example_dags/tutorial_objectstorage.py took 0.061 seconds
[2024-03-31T06:09:10.488+0000] {processor.py:161} INFO - Started process (PID=1035) to work on /home/airflow/.local/lib/python3.8/site-packages/airflow/example_dags/tutorial_objectstorage.py
[2024-03-31T06:09:10.490+0000] {processor.py:830} INFO - Processing file /home/airflow/.local/lib/python3.8/site-packages/airflow/example_dags/tutorial_objectstorage.py for tasks to queue
[2024-03-31T06:09:10.495+0000] {logging_mixin.py:188} INFO - [2024-03-31T06:09:10.495+0000] {dagbag.py:540} INFO - Filling up the DagBag from /home/airflow/.local/lib/python3.8/site-packages/airflow/example_dags/tutorial_objectstorage.py
[2024-03-31T06:09:10.502+0000] {processor.py:840} INFO - DAG(s) 'tutorial_objectstorage' retrieved from /home/airflow/.local/lib/python3.8/site-packages/airflow/example_dags/tutorial_objectstorage.py
[2024-03-31T06:09:10.533+0000] {logging_mixin.py:188} INFO - [2024-03-31T06:09:10.532+0000] {dag.py:3047} INFO - Sync 1 DAGs
[2024-03-31T06:09:10.556+0000] {logging_mixin.py:188} INFO - [2024-03-31T06:09:10.556+0000] {dag.py:3834} INFO - Setting next_dagrun for tutorial_objectstorage to None, run_after=None
[2024-03-31T06:09:10.591+0000] {processor.py:183} INFO - Processing /home/airflow/.local/lib/python3.8/site-packages/airflow/example_dags/tutorial_objectstorage.py took 0.105 seconds
[2024-03-31T06:09:41.055+0000] {processor.py:161} INFO - Started process (PID=1092) to work on /home/airflow/.local/lib/python3.8/site-packages/airflow/example_dags/tutorial_objectstorage.py
[2024-03-31T06:09:41.056+0000] {processor.py:830} INFO - Processing file /home/airflow/.local/lib/python3.8/site-packages/airflow/example_dags/tutorial_objectstorage.py for tasks to queue
[2024-03-31T06:09:41.058+0000] {logging_mixin.py:188} INFO - [2024-03-31T06:09:41.058+0000] {dagbag.py:540} INFO - Filling up the DagBag from /home/airflow/.local/lib/python3.8/site-packages/airflow/example_dags/tutorial_objectstorage.py
[2024-03-31T06:09:41.066+0000] {processor.py:840} INFO - DAG(s) 'tutorial_objectstorage' retrieved from /home/airflow/.local/lib/python3.8/site-packages/airflow/example_dags/tutorial_objectstorage.py
[2024-03-31T06:09:41.086+0000] {logging_mixin.py:188} INFO - [2024-03-31T06:09:41.086+0000] {dag.py:3047} INFO - Sync 1 DAGs
[2024-03-31T06:09:41.101+0000] {logging_mixin.py:188} INFO - [2024-03-31T06:09:41.100+0000] {dag.py:3834} INFO - Setting next_dagrun for tutorial_objectstorage to None, run_after=None
[2024-03-31T06:09:41.126+0000] {processor.py:183} INFO - Processing /home/airflow/.local/lib/python3.8/site-packages/airflow/example_dags/tutorial_objectstorage.py took 0.074 seconds
[2024-03-31T06:10:11.378+0000] {processor.py:161} INFO - Started process (PID=1155) to work on /home/airflow/.local/lib/python3.8/site-packages/airflow/example_dags/tutorial_objectstorage.py
[2024-03-31T06:10:11.379+0000] {processor.py:830} INFO - Processing file /home/airflow/.local/lib/python3.8/site-packages/airflow/example_dags/tutorial_objectstorage.py for tasks to queue
[2024-03-31T06:10:11.381+0000] {logging_mixin.py:188} INFO - [2024-03-31T06:10:11.380+0000] {dagbag.py:540} INFO - Filling up the DagBag from /home/airflow/.local/lib/python3.8/site-packages/airflow/example_dags/tutorial_objectstorage.py
[2024-03-31T06:10:11.385+0000] {processor.py:840} INFO - DAG(s) 'tutorial_objectstorage' retrieved from /home/airflow/.local/lib/python3.8/site-packages/airflow/example_dags/tutorial_objectstorage.py
[2024-03-31T06:10:11.404+0000] {logging_mixin.py:188} INFO - [2024-03-31T06:10:11.403+0000] {dag.py:3047} INFO - Sync 1 DAGs
[2024-03-31T06:10:11.417+0000] {logging_mixin.py:188} INFO - [2024-03-31T06:10:11.417+0000] {dag.py:3834} INFO - Setting next_dagrun for tutorial_objectstorage to None, run_after=None
[2024-03-31T06:10:11.436+0000] {processor.py:183} INFO - Processing /home/airflow/.local/lib/python3.8/site-packages/airflow/example_dags/tutorial_objectstorage.py took 0.062 seconds
[2024-03-31T06:10:41.729+0000] {processor.py:161} INFO - Started process (PID=1211) to work on /home/airflow/.local/lib/python3.8/site-packages/airflow/example_dags/tutorial_objectstorage.py
[2024-03-31T06:10:41.730+0000] {processor.py:830} INFO - Processing file /home/airflow/.local/lib/python3.8/site-packages/airflow/example_dags/tutorial_objectstorage.py for tasks to queue
[2024-03-31T06:10:41.732+0000] {logging_mixin.py:188} INFO - [2024-03-31T06:10:41.732+0000] {dagbag.py:540} INFO - Filling up the DagBag from /home/airflow/.local/lib/python3.8/site-packages/airflow/example_dags/tutorial_objectstorage.py
[2024-03-31T06:10:41.737+0000] {processor.py:840} INFO - DAG(s) 'tutorial_objectstorage' retrieved from /home/airflow/.local/lib/python3.8/site-packages/airflow/example_dags/tutorial_objectstorage.py
[2024-03-31T06:10:41.755+0000] {logging_mixin.py:188} INFO - [2024-03-31T06:10:41.754+0000] {dag.py:3047} INFO - Sync 1 DAGs
[2024-03-31T06:10:41.777+0000] {logging_mixin.py:188} INFO - [2024-03-31T06:10:41.777+0000] {dag.py:3834} INFO - Setting next_dagrun for tutorial_objectstorage to None, run_after=None
[2024-03-31T06:10:41.797+0000] {processor.py:183} INFO - Processing /home/airflow/.local/lib/python3.8/site-packages/airflow/example_dags/tutorial_objectstorage.py took 0.070 seconds
[2024-03-31T06:11:12.270+0000] {processor.py:161} INFO - Started process (PID=1267) to work on /home/airflow/.local/lib/python3.8/site-packages/airflow/example_dags/tutorial_objectstorage.py
[2024-03-31T06:11:12.272+0000] {processor.py:830} INFO - Processing file /home/airflow/.local/lib/python3.8/site-packages/airflow/example_dags/tutorial_objectstorage.py for tasks to queue
[2024-03-31T06:11:12.273+0000] {logging_mixin.py:188} INFO - [2024-03-31T06:11:12.273+0000] {dagbag.py:540} INFO - Filling up the DagBag from /home/airflow/.local/lib/python3.8/site-packages/airflow/example_dags/tutorial_objectstorage.py
[2024-03-31T06:11:12.281+0000] {processor.py:840} INFO - DAG(s) 'tutorial_objectstorage' retrieved from /home/airflow/.local/lib/python3.8/site-packages/airflow/example_dags/tutorial_objectstorage.py
[2024-03-31T06:11:12.300+0000] {logging_mixin.py:188} INFO - [2024-03-31T06:11:12.299+0000] {dag.py:3047} INFO - Sync 1 DAGs
[2024-03-31T06:11:12.312+0000] {logging_mixin.py:188} INFO - [2024-03-31T06:11:12.312+0000] {dag.py:3834} INFO - Setting next_dagrun for tutorial_objectstorage to None, run_after=None
[2024-03-31T06:11:12.332+0000] {processor.py:183} INFO - Processing /home/airflow/.local/lib/python3.8/site-packages/airflow/example_dags/tutorial_objectstorage.py took 0.068 seconds
[2024-03-31T06:11:43.042+0000] {processor.py:161} INFO - Started process (PID=1323) to work on /home/airflow/.local/lib/python3.8/site-packages/airflow/example_dags/tutorial_objectstorage.py
[2024-03-31T06:11:43.043+0000] {processor.py:830} INFO - Processing file /home/airflow/.local/lib/python3.8/site-packages/airflow/example_dags/tutorial_objectstorage.py for tasks to queue
[2024-03-31T06:11:43.044+0000] {logging_mixin.py:188} INFO - [2024-03-31T06:11:43.044+0000] {dagbag.py:540} INFO - Filling up the DagBag from /home/airflow/.local/lib/python3.8/site-packages/airflow/example_dags/tutorial_objectstorage.py
[2024-03-31T06:11:43.049+0000] {processor.py:840} INFO - DAG(s) 'tutorial_objectstorage' retrieved from /home/airflow/.local/lib/python3.8/site-packages/airflow/example_dags/tutorial_objectstorage.py
[2024-03-31T06:11:43.071+0000] {logging_mixin.py:188} INFO - [2024-03-31T06:11:43.071+0000] {dag.py:3047} INFO - Sync 1 DAGs
[2024-03-31T06:11:43.087+0000] {logging_mixin.py:188} INFO - [2024-03-31T06:11:43.086+0000] {dag.py:3834} INFO - Setting next_dagrun for tutorial_objectstorage to None, run_after=None
[2024-03-31T06:11:43.116+0000] {processor.py:183} INFO - Processing /home/airflow/.local/lib/python3.8/site-packages/airflow/example_dags/tutorial_objectstorage.py took 0.079 seconds
[2024-03-31T06:12:13.712+0000] {processor.py:161} INFO - Started process (PID=1379) to work on /home/airflow/.local/lib/python3.8/site-packages/airflow/example_dags/tutorial_objectstorage.py
[2024-03-31T06:12:13.717+0000] {processor.py:830} INFO - Processing file /home/airflow/.local/lib/python3.8/site-packages/airflow/example_dags/tutorial_objectstorage.py for tasks to queue
[2024-03-31T06:12:13.737+0000] {logging_mixin.py:188} INFO - [2024-03-31T06:12:13.737+0000] {dagbag.py:540} INFO - Filling up the DagBag from /home/airflow/.local/lib/python3.8/site-packages/airflow/example_dags/tutorial_objectstorage.py
[2024-03-31T06:12:13.745+0000] {processor.py:840} INFO - DAG(s) 'tutorial_objectstorage' retrieved from /home/airflow/.local/lib/python3.8/site-packages/airflow/example_dags/tutorial_objectstorage.py
[2024-03-31T06:12:13.786+0000] {logging_mixin.py:188} INFO - [2024-03-31T06:12:13.785+0000] {dag.py:3047} INFO - Sync 1 DAGs
[2024-03-31T06:12:13.815+0000] {logging_mixin.py:188} INFO - [2024-03-31T06:12:13.815+0000] {dag.py:3834} INFO - Setting next_dagrun for tutorial_objectstorage to None, run_after=None
[2024-03-31T06:12:13.851+0000] {processor.py:183} INFO - Processing /home/airflow/.local/lib/python3.8/site-packages/airflow/example_dags/tutorial_objectstorage.py took 0.149 seconds
[2024-03-31T06:12:51.043+0000] {processor.py:161} INFO - Started process (PID=1429) to work on /home/airflow/.local/lib/python3.8/site-packages/airflow/example_dags/tutorial_objectstorage.py
[2024-03-31T06:12:51.045+0000] {processor.py:830} INFO - Processing file /home/airflow/.local/lib/python3.8/site-packages/airflow/example_dags/tutorial_objectstorage.py for tasks to queue
[2024-03-31T06:12:51.049+0000] {logging_mixin.py:188} INFO - [2024-03-31T06:12:51.048+0000] {dagbag.py:540} INFO - Filling up the DagBag from /home/airflow/.local/lib/python3.8/site-packages/airflow/example_dags/tutorial_objectstorage.py
[2024-03-31T06:12:51.165+0000] {processor.py:840} INFO - DAG(s) 'tutorial_objectstorage' retrieved from /home/airflow/.local/lib/python3.8/site-packages/airflow/example_dags/tutorial_objectstorage.py
[2024-03-31T06:12:54.631+0000] {logging_mixin.py:188} INFO - [2024-03-31T06:12:54.630+0000] {dag.py:3047} INFO - Sync 1 DAGs
[2024-03-31T06:12:54.664+0000] {logging_mixin.py:188} INFO - [2024-03-31T06:12:54.664+0000] {dag.py:3834} INFO - Setting next_dagrun for tutorial_objectstorage to None, run_after=None
[2024-03-31T06:12:54.755+0000] {processor.py:183} INFO - Processing /home/airflow/.local/lib/python3.8/site-packages/airflow/example_dags/tutorial_objectstorage.py took 3.729 seconds
[2024-03-31T06:13:47.871+0000] {processor.py:161} INFO - Started process (PID=79) to work on /home/airflow/.local/lib/python3.8/site-packages/airflow/example_dags/tutorial_objectstorage.py
[2024-03-31T06:13:47.875+0000] {processor.py:830} INFO - Processing file /home/airflow/.local/lib/python3.8/site-packages/airflow/example_dags/tutorial_objectstorage.py for tasks to queue
[2024-03-31T06:13:47.881+0000] {logging_mixin.py:188} INFO - [2024-03-31T06:13:47.880+0000] {dagbag.py:540} INFO - Filling up the DagBag from /home/airflow/.local/lib/python3.8/site-packages/airflow/example_dags/tutorial_objectstorage.py
[2024-03-31T06:13:47.900+0000] {processor.py:840} INFO - DAG(s) 'tutorial_objectstorage' retrieved from /home/airflow/.local/lib/python3.8/site-packages/airflow/example_dags/tutorial_objectstorage.py
[2024-03-31T06:13:47.928+0000] {logging_mixin.py:188} INFO - [2024-03-31T06:13:47.926+0000] {dag.py:3047} INFO - Sync 1 DAGs
[2024-03-31T06:13:47.947+0000] {logging_mixin.py:188} INFO - [2024-03-31T06:13:47.947+0000] {dag.py:3834} INFO - Setting next_dagrun for tutorial_objectstorage to None, run_after=None
[2024-03-31T06:13:47.993+0000] {processor.py:183} INFO - Processing /home/airflow/.local/lib/python3.8/site-packages/airflow/example_dags/tutorial_objectstorage.py took 0.125 seconds
