[2024-03-14T11:13:17.196+0000] {taskinstance.py:1979} INFO - Dependencies all met for dep_context=non-requeueable deps ti=<TaskInstance: two_separate_groups.delete_dataset_files_2_task scheduled__2024-03-13T00:00:00+00:00 [queued]>
[2024-03-14T11:13:17.243+0000] {taskinstance.py:1979} INFO - Dependencies all met for dep_context=requeueable deps ti=<TaskInstance: two_separate_groups.delete_dataset_files_2_task scheduled__2024-03-13T00:00:00+00:00 [queued]>
[2024-03-14T11:13:17.246+0000] {taskinstance.py:2193} INFO - Starting attempt 1 of 1
[2024-03-14T11:13:17.351+0000] {taskinstance.py:2214} INFO - Executing <Task(BashOperator): delete_dataset_files_2_task> on 2024-03-13 00:00:00+00:00
[2024-03-14T11:13:17.386+0000] {standard_task_runner.py:60} INFO - Started process 737 to run task
[2024-03-14T11:13:17.426+0000] {standard_task_runner.py:87} INFO - Running: ['***', 'tasks', 'run', 'two_separate_groups', 'delete_dataset_files_2_task', 'scheduled__2024-03-13T00:00:00+00:00', '--job-id', '150', '--raw', '--subdir', 'DAGS_FOLDER/create_dag.py', '--cfg-path', '/tmp/tmpwzstyh0o']
[2024-03-14T11:13:17.434+0000] {standard_task_runner.py:88} INFO - Job 150: Subtask delete_dataset_files_2_task
[2024-03-14T11:13:17.729+0000] {task_command.py:423} INFO - Running <TaskInstance: two_separate_groups.delete_dataset_files_2_task scheduled__2024-03-13T00:00:00+00:00 [running]> on host 9958f290dc4a
[2024-03-14T11:13:18.975+0000] {taskinstance.py:2510} INFO - Exporting env vars: AIRFLOW_CTX_DAG_OWNER='***' AIRFLOW_CTX_DAG_ID='two_separate_groups' AIRFLOW_CTX_TASK_ID='delete_dataset_files_2_task' AIRFLOW_CTX_EXECUTION_DATE='2024-03-13T00:00:00+00:00' AIRFLOW_CTX_TRY_NUMBER='1' AIRFLOW_CTX_DAG_RUN_ID='scheduled__2024-03-13T00:00:00+00:00'
[2024-03-14T11:13:19.008+0000] {subprocess.py:63} INFO - Tmp dir root location: /tmp
[2024-03-14T11:13:19.047+0000] {subprocess.py:75} INFO - Running command: ['/usr/bin/bash', '-c', 'rm -O /opt/***/chicago_crime_data_2.csv.gz             rm -O /opt/***/chicago_crime_data_2.parquet']
[2024-03-14T11:13:19.253+0000] {subprocess.py:86} INFO - Output:
[2024-03-14T11:13:19.267+0000] {subprocess.py:93} INFO - rm: invalid option -- 'O'
[2024-03-14T11:13:19.276+0000] {subprocess.py:93} INFO - Try 'rm --help' for more information.
[2024-03-14T11:13:19.277+0000] {subprocess.py:97} INFO - Command exited with return code 1
[2024-03-14T11:13:19.348+0000] {taskinstance.py:2728} ERROR - Task failed with exception
Traceback (most recent call last):
  File "/home/airflow/.local/lib/python3.8/site-packages/airflow/models/taskinstance.py", line 444, in _execute_task
    result = _execute_callable(context=context, **execute_callable_kwargs)
  File "/home/airflow/.local/lib/python3.8/site-packages/airflow/models/taskinstance.py", line 414, in _execute_callable
    return execute_callable(context=context, **execute_callable_kwargs)
  File "/home/airflow/.local/lib/python3.8/site-packages/airflow/operators/bash.py", line 212, in execute
    raise AirflowException(
airflow.exceptions.AirflowException: Bash command failed. The command returned a non-zero exit code 1.
[2024-03-14T11:13:19.458+0000] {taskinstance.py:1149} INFO - Marking task as FAILED. dag_id=two_separate_groups, task_id=delete_dataset_files_2_task, execution_date=20240313T000000, start_date=20240314T111317, end_date=20240314T111319
[2024-03-14T11:13:19.663+0000] {standard_task_runner.py:107} ERROR - Failed to execute job 150 for task delete_dataset_files_2_task (Bash command failed. The command returned a non-zero exit code 1.; 737)
[2024-03-14T11:13:19.718+0000] {local_task_job_runner.py:234} INFO - Task exited with return code 1
[2024-03-14T11:13:19.969+0000] {taskinstance.py:3309} INFO - 0 downstream tasks scheduled from follow-on schedule check
