[2024-03-12T07:54:59.345+0000] {processor.py:161} INFO - Started process (PID=47) to work on /opt/airflow/dags/create_dag.py
[2024-03-12T07:54:59.346+0000] {processor.py:830} INFO - Processing file /opt/airflow/dags/create_dag.py for tasks to queue
[2024-03-12T07:54:59.352+0000] {logging_mixin.py:188} INFO - [2024-03-12T07:54:59.350+0000] {dagbag.py:540} INFO - Filling up the DagBag from /opt/airflow/dags/create_dag.py
[2024-03-12T07:54:59.379+0000] {processor.py:840} INFO - DAG(s) 'create_simple_table' retrieved from /opt/airflow/dags/create_dag.py
[2024-03-12T07:54:59.421+0000] {logging_mixin.py:188} INFO - [2024-03-12T07:54:59.419+0000] {dag.py:3047} INFO - Sync 1 DAGs
[2024-03-12T07:54:59.494+0000] {logging_mixin.py:188} INFO - [2024-03-12T07:54:59.494+0000] {dag.py:3834} INFO - Setting next_dagrun for create_simple_table to None, run_after=None
[2024-03-12T07:54:59.547+0000] {processor.py:183} INFO - Processing /opt/airflow/dags/create_dag.py took 0.205 seconds
[2024-03-12T07:55:29.580+0000] {processor.py:161} INFO - Started process (PID=102) to work on /opt/airflow/dags/create_dag.py
[2024-03-12T07:55:29.581+0000] {processor.py:830} INFO - Processing file /opt/airflow/dags/create_dag.py for tasks to queue
[2024-03-12T07:55:29.583+0000] {logging_mixin.py:188} INFO - [2024-03-12T07:55:29.582+0000] {dagbag.py:540} INFO - Filling up the DagBag from /opt/airflow/dags/create_dag.py
[2024-03-12T07:55:29.596+0000] {processor.py:840} INFO - DAG(s) 'create_simple_table' retrieved from /opt/airflow/dags/create_dag.py
[2024-03-12T07:55:29.685+0000] {logging_mixin.py:188} INFO - [2024-03-12T07:55:29.684+0000] {dag.py:3047} INFO - Sync 1 DAGs
[2024-03-12T07:55:29.695+0000] {logging_mixin.py:188} INFO - [2024-03-12T07:55:29.695+0000] {dag.py:3834} INFO - Setting next_dagrun for create_simple_table to None, run_after=None
[2024-03-12T07:55:29.714+0000] {processor.py:183} INFO - Processing /opt/airflow/dags/create_dag.py took 0.136 seconds
[2024-03-12T07:56:00.350+0000] {processor.py:161} INFO - Started process (PID=157) to work on /opt/airflow/dags/create_dag.py
[2024-03-12T07:56:00.351+0000] {processor.py:830} INFO - Processing file /opt/airflow/dags/create_dag.py for tasks to queue
[2024-03-12T07:56:00.354+0000] {logging_mixin.py:188} INFO - [2024-03-12T07:56:00.353+0000] {dagbag.py:540} INFO - Filling up the DagBag from /opt/airflow/dags/create_dag.py
[2024-03-12T07:56:00.377+0000] {processor.py:840} INFO - DAG(s) 'create_simple_table' retrieved from /opt/airflow/dags/create_dag.py
[2024-03-12T07:56:00.398+0000] {logging_mixin.py:188} INFO - [2024-03-12T07:56:00.398+0000] {dag.py:3047} INFO - Sync 1 DAGs
[2024-03-12T07:56:00.414+0000] {logging_mixin.py:188} INFO - [2024-03-12T07:56:00.413+0000] {dag.py:3834} INFO - Setting next_dagrun for create_simple_table to None, run_after=None
[2024-03-12T07:56:00.532+0000] {processor.py:183} INFO - Processing /opt/airflow/dags/create_dag.py took 0.185 seconds
[2024-03-12T07:56:31.346+0000] {processor.py:161} INFO - Started process (PID=212) to work on /opt/airflow/dags/create_dag.py
[2024-03-12T07:56:31.348+0000] {processor.py:830} INFO - Processing file /opt/airflow/dags/create_dag.py for tasks to queue
[2024-03-12T07:56:31.351+0000] {logging_mixin.py:188} INFO - [2024-03-12T07:56:31.350+0000] {dagbag.py:540} INFO - Filling up the DagBag from /opt/airflow/dags/create_dag.py
[2024-03-12T07:56:31.380+0000] {processor.py:840} INFO - DAG(s) 'create_simple_table' retrieved from /opt/airflow/dags/create_dag.py
[2024-03-12T07:56:31.418+0000] {logging_mixin.py:188} INFO - [2024-03-12T07:56:31.417+0000] {dag.py:3047} INFO - Sync 1 DAGs
[2024-03-12T07:56:31.449+0000] {logging_mixin.py:188} INFO - [2024-03-12T07:56:31.449+0000] {dag.py:3834} INFO - Setting next_dagrun for create_simple_table to None, run_after=None
[2024-03-12T07:56:31.474+0000] {processor.py:183} INFO - Processing /opt/airflow/dags/create_dag.py took 0.131 seconds
[2024-03-12T07:57:02.000+0000] {processor.py:161} INFO - Started process (PID=267) to work on /opt/airflow/dags/create_dag.py
[2024-03-12T07:57:02.001+0000] {processor.py:830} INFO - Processing file /opt/airflow/dags/create_dag.py for tasks to queue
[2024-03-12T07:57:02.004+0000] {logging_mixin.py:188} INFO - [2024-03-12T07:57:02.003+0000] {dagbag.py:540} INFO - Filling up the DagBag from /opt/airflow/dags/create_dag.py
[2024-03-12T07:57:02.022+0000] {processor.py:840} INFO - DAG(s) 'create_simple_table' retrieved from /opt/airflow/dags/create_dag.py
[2024-03-12T07:57:02.040+0000] {logging_mixin.py:188} INFO - [2024-03-12T07:57:02.039+0000] {dag.py:3047} INFO - Sync 1 DAGs
[2024-03-12T07:57:02.054+0000] {logging_mixin.py:188} INFO - [2024-03-12T07:57:02.054+0000] {dag.py:3834} INFO - Setting next_dagrun for create_simple_table to None, run_after=None
[2024-03-12T07:57:02.076+0000] {processor.py:183} INFO - Processing /opt/airflow/dags/create_dag.py took 0.078 seconds
[2024-03-12T07:57:32.233+0000] {processor.py:161} INFO - Started process (PID=322) to work on /opt/airflow/dags/create_dag.py
[2024-03-12T07:57:32.235+0000] {processor.py:830} INFO - Processing file /opt/airflow/dags/create_dag.py for tasks to queue
[2024-03-12T07:57:32.249+0000] {logging_mixin.py:188} INFO - [2024-03-12T07:57:32.248+0000] {dagbag.py:540} INFO - Filling up the DagBag from /opt/airflow/dags/create_dag.py
[2024-03-12T07:57:32.274+0000] {processor.py:840} INFO - DAG(s) 'create_simple_table' retrieved from /opt/airflow/dags/create_dag.py
[2024-03-12T07:57:32.298+0000] {logging_mixin.py:188} INFO - [2024-03-12T07:57:32.297+0000] {dag.py:3047} INFO - Sync 1 DAGs
[2024-03-12T07:57:32.322+0000] {logging_mixin.py:188} INFO - [2024-03-12T07:57:32.321+0000] {dag.py:3834} INFO - Setting next_dagrun for create_simple_table to None, run_after=None
[2024-03-12T07:57:32.374+0000] {processor.py:183} INFO - Processing /opt/airflow/dags/create_dag.py took 0.145 seconds
[2024-03-12T07:58:02.650+0000] {processor.py:161} INFO - Started process (PID=377) to work on /opt/airflow/dags/create_dag.py
[2024-03-12T07:58:02.654+0000] {processor.py:830} INFO - Processing file /opt/airflow/dags/create_dag.py for tasks to queue
[2024-03-12T07:58:02.668+0000] {logging_mixin.py:188} INFO - [2024-03-12T07:58:02.667+0000] {dagbag.py:540} INFO - Filling up the DagBag from /opt/airflow/dags/create_dag.py
[2024-03-12T07:58:02.687+0000] {processor.py:840} INFO - DAG(s) 'create_simple_table' retrieved from /opt/airflow/dags/create_dag.py
[2024-03-12T07:58:02.730+0000] {logging_mixin.py:188} INFO - [2024-03-12T07:58:02.729+0000] {dag.py:3047} INFO - Sync 1 DAGs
[2024-03-12T07:58:02.743+0000] {logging_mixin.py:188} INFO - [2024-03-12T07:58:02.743+0000] {dag.py:3834} INFO - Setting next_dagrun for create_simple_table to None, run_after=None
[2024-03-12T07:58:02.788+0000] {processor.py:183} INFO - Processing /opt/airflow/dags/create_dag.py took 0.140 seconds
[2024-03-12T07:58:33.032+0000] {processor.py:161} INFO - Started process (PID=432) to work on /opt/airflow/dags/create_dag.py
[2024-03-12T07:58:33.033+0000] {processor.py:830} INFO - Processing file /opt/airflow/dags/create_dag.py for tasks to queue
[2024-03-12T07:58:33.036+0000] {logging_mixin.py:188} INFO - [2024-03-12T07:58:33.035+0000] {dagbag.py:540} INFO - Filling up the DagBag from /opt/airflow/dags/create_dag.py
[2024-03-12T07:58:33.051+0000] {processor.py:840} INFO - DAG(s) 'create_simple_table' retrieved from /opt/airflow/dags/create_dag.py
[2024-03-12T07:58:33.072+0000] {logging_mixin.py:188} INFO - [2024-03-12T07:58:33.071+0000] {dag.py:3047} INFO - Sync 1 DAGs
[2024-03-12T07:58:33.087+0000] {logging_mixin.py:188} INFO - [2024-03-12T07:58:33.086+0000] {dag.py:3834} INFO - Setting next_dagrun for create_simple_table to None, run_after=None
[2024-03-12T07:58:33.112+0000] {processor.py:183} INFO - Processing /opt/airflow/dags/create_dag.py took 0.082 seconds
