[2024-03-12T07:55:04.651+0000] {processor.py:161} INFO - Started process (PID=84) to work on /home/airflow/.local/lib/python3.8/site-packages/airflow/example_dags/example_python_decorator.py
[2024-03-12T07:55:04.653+0000] {processor.py:830} INFO - Processing file /home/airflow/.local/lib/python3.8/site-packages/airflow/example_dags/example_python_decorator.py for tasks to queue
[2024-03-12T07:55:04.656+0000] {logging_mixin.py:188} INFO - [2024-03-12T07:55:04.656+0000] {dagbag.py:540} INFO - Filling up the DagBag from /home/airflow/.local/lib/python3.8/site-packages/airflow/example_dags/example_python_decorator.py
[2024-03-12T07:55:04.676+0000] {processor.py:840} INFO - DAG(s) 'example_python_decorator' retrieved from /home/airflow/.local/lib/python3.8/site-packages/airflow/example_dags/example_python_decorator.py
[2024-03-12T07:55:04.694+0000] {logging_mixin.py:188} INFO - [2024-03-12T07:55:04.693+0000] {dag.py:3047} INFO - Sync 1 DAGs
[2024-03-12T07:55:04.718+0000] {logging_mixin.py:188} INFO - [2024-03-12T07:55:04.717+0000] {dag.py:3834} INFO - Setting next_dagrun for example_python_decorator to None, run_after=None
[2024-03-12T07:55:04.746+0000] {processor.py:183} INFO - Processing /home/airflow/.local/lib/python3.8/site-packages/airflow/example_dags/example_python_decorator.py took 0.098 seconds
[2024-03-12T07:55:35.724+0000] {processor.py:161} INFO - Started process (PID=139) to work on /home/airflow/.local/lib/python3.8/site-packages/airflow/example_dags/example_python_decorator.py
[2024-03-12T07:55:35.725+0000] {processor.py:830} INFO - Processing file /home/airflow/.local/lib/python3.8/site-packages/airflow/example_dags/example_python_decorator.py for tasks to queue
[2024-03-12T07:55:35.727+0000] {logging_mixin.py:188} INFO - [2024-03-12T07:55:35.726+0000] {dagbag.py:540} INFO - Filling up the DagBag from /home/airflow/.local/lib/python3.8/site-packages/airflow/example_dags/example_python_decorator.py
[2024-03-12T07:55:35.743+0000] {processor.py:840} INFO - DAG(s) 'example_python_decorator' retrieved from /home/airflow/.local/lib/python3.8/site-packages/airflow/example_dags/example_python_decorator.py
[2024-03-12T07:55:35.764+0000] {logging_mixin.py:188} INFO - [2024-03-12T07:55:35.763+0000] {dag.py:3047} INFO - Sync 1 DAGs
[2024-03-12T07:55:35.782+0000] {logging_mixin.py:188} INFO - [2024-03-12T07:55:35.782+0000] {dag.py:3834} INFO - Setting next_dagrun for example_python_decorator to None, run_after=None
[2024-03-12T07:55:35.817+0000] {processor.py:183} INFO - Processing /home/airflow/.local/lib/python3.8/site-packages/airflow/example_dags/example_python_decorator.py took 0.095 seconds
[2024-03-12T07:56:06.316+0000] {processor.py:161} INFO - Started process (PID=194) to work on /home/airflow/.local/lib/python3.8/site-packages/airflow/example_dags/example_python_decorator.py
[2024-03-12T07:56:06.316+0000] {processor.py:830} INFO - Processing file /home/airflow/.local/lib/python3.8/site-packages/airflow/example_dags/example_python_decorator.py for tasks to queue
[2024-03-12T07:56:06.318+0000] {logging_mixin.py:188} INFO - [2024-03-12T07:56:06.318+0000] {dagbag.py:540} INFO - Filling up the DagBag from /home/airflow/.local/lib/python3.8/site-packages/airflow/example_dags/example_python_decorator.py
[2024-03-12T07:56:06.329+0000] {processor.py:840} INFO - DAG(s) 'example_python_decorator' retrieved from /home/airflow/.local/lib/python3.8/site-packages/airflow/example_dags/example_python_decorator.py
[2024-03-12T07:56:06.440+0000] {logging_mixin.py:188} INFO - [2024-03-12T07:56:06.439+0000] {dag.py:3047} INFO - Sync 1 DAGs
[2024-03-12T07:56:06.455+0000] {logging_mixin.py:188} INFO - [2024-03-12T07:56:06.455+0000] {dag.py:3834} INFO - Setting next_dagrun for example_python_decorator to None, run_after=None
[2024-03-12T07:56:06.473+0000] {processor.py:183} INFO - Processing /home/airflow/.local/lib/python3.8/site-packages/airflow/example_dags/example_python_decorator.py took 0.160 seconds
[2024-03-12T07:56:37.131+0000] {processor.py:161} INFO - Started process (PID=249) to work on /home/airflow/.local/lib/python3.8/site-packages/airflow/example_dags/example_python_decorator.py
[2024-03-12T07:56:37.133+0000] {processor.py:830} INFO - Processing file /home/airflow/.local/lib/python3.8/site-packages/airflow/example_dags/example_python_decorator.py for tasks to queue
[2024-03-12T07:56:37.148+0000] {logging_mixin.py:188} INFO - [2024-03-12T07:56:37.145+0000] {dagbag.py:540} INFO - Filling up the DagBag from /home/airflow/.local/lib/python3.8/site-packages/airflow/example_dags/example_python_decorator.py
[2024-03-12T07:56:37.167+0000] {processor.py:840} INFO - DAG(s) 'example_python_decorator' retrieved from /home/airflow/.local/lib/python3.8/site-packages/airflow/example_dags/example_python_decorator.py
[2024-03-12T07:56:37.203+0000] {logging_mixin.py:188} INFO - [2024-03-12T07:56:37.201+0000] {dag.py:3047} INFO - Sync 1 DAGs
[2024-03-12T07:56:37.221+0000] {logging_mixin.py:188} INFO - [2024-03-12T07:56:37.220+0000] {dag.py:3834} INFO - Setting next_dagrun for example_python_decorator to None, run_after=None
[2024-03-12T07:56:37.251+0000] {processor.py:183} INFO - Processing /home/airflow/.local/lib/python3.8/site-packages/airflow/example_dags/example_python_decorator.py took 0.123 seconds
[2024-03-12T07:57:07.478+0000] {processor.py:161} INFO - Started process (PID=304) to work on /home/airflow/.local/lib/python3.8/site-packages/airflow/example_dags/example_python_decorator.py
[2024-03-12T07:57:07.479+0000] {processor.py:830} INFO - Processing file /home/airflow/.local/lib/python3.8/site-packages/airflow/example_dags/example_python_decorator.py for tasks to queue
[2024-03-12T07:57:07.480+0000] {logging_mixin.py:188} INFO - [2024-03-12T07:57:07.480+0000] {dagbag.py:540} INFO - Filling up the DagBag from /home/airflow/.local/lib/python3.8/site-packages/airflow/example_dags/example_python_decorator.py
[2024-03-12T07:57:07.493+0000] {processor.py:840} INFO - DAG(s) 'example_python_decorator' retrieved from /home/airflow/.local/lib/python3.8/site-packages/airflow/example_dags/example_python_decorator.py
[2024-03-12T07:57:07.515+0000] {logging_mixin.py:188} INFO - [2024-03-12T07:57:07.514+0000] {dag.py:3047} INFO - Sync 1 DAGs
[2024-03-12T07:57:07.528+0000] {logging_mixin.py:188} INFO - [2024-03-12T07:57:07.527+0000] {dag.py:3834} INFO - Setting next_dagrun for example_python_decorator to None, run_after=None
[2024-03-12T07:57:07.548+0000] {processor.py:183} INFO - Processing /home/airflow/.local/lib/python3.8/site-packages/airflow/example_dags/example_python_decorator.py took 0.072 seconds
[2024-03-12T07:57:37.851+0000] {processor.py:161} INFO - Started process (PID=359) to work on /home/airflow/.local/lib/python3.8/site-packages/airflow/example_dags/example_python_decorator.py
[2024-03-12T07:57:37.852+0000] {processor.py:830} INFO - Processing file /home/airflow/.local/lib/python3.8/site-packages/airflow/example_dags/example_python_decorator.py for tasks to queue
[2024-03-12T07:57:37.855+0000] {logging_mixin.py:188} INFO - [2024-03-12T07:57:37.854+0000] {dagbag.py:540} INFO - Filling up the DagBag from /home/airflow/.local/lib/python3.8/site-packages/airflow/example_dags/example_python_decorator.py
[2024-03-12T07:57:37.869+0000] {processor.py:840} INFO - DAG(s) 'example_python_decorator' retrieved from /home/airflow/.local/lib/python3.8/site-packages/airflow/example_dags/example_python_decorator.py
[2024-03-12T07:57:37.908+0000] {logging_mixin.py:188} INFO - [2024-03-12T07:57:37.907+0000] {dag.py:3047} INFO - Sync 1 DAGs
[2024-03-12T07:57:37.921+0000] {logging_mixin.py:188} INFO - [2024-03-12T07:57:37.921+0000] {dag.py:3834} INFO - Setting next_dagrun for example_python_decorator to None, run_after=None
[2024-03-12T07:57:37.946+0000] {processor.py:183} INFO - Processing /home/airflow/.local/lib/python3.8/site-packages/airflow/example_dags/example_python_decorator.py took 0.097 seconds
[2024-03-12T07:58:08.254+0000] {processor.py:161} INFO - Started process (PID=414) to work on /home/airflow/.local/lib/python3.8/site-packages/airflow/example_dags/example_python_decorator.py
[2024-03-12T07:58:08.255+0000] {processor.py:830} INFO - Processing file /home/airflow/.local/lib/python3.8/site-packages/airflow/example_dags/example_python_decorator.py for tasks to queue
[2024-03-12T07:58:08.257+0000] {logging_mixin.py:188} INFO - [2024-03-12T07:58:08.256+0000] {dagbag.py:540} INFO - Filling up the DagBag from /home/airflow/.local/lib/python3.8/site-packages/airflow/example_dags/example_python_decorator.py
[2024-03-12T07:58:08.271+0000] {processor.py:840} INFO - DAG(s) 'example_python_decorator' retrieved from /home/airflow/.local/lib/python3.8/site-packages/airflow/example_dags/example_python_decorator.py
[2024-03-12T07:58:08.300+0000] {logging_mixin.py:188} INFO - [2024-03-12T07:58:08.297+0000] {dag.py:3047} INFO - Sync 1 DAGs
[2024-03-12T07:58:08.322+0000] {logging_mixin.py:188} INFO - [2024-03-12T07:58:08.322+0000] {dag.py:3834} INFO - Setting next_dagrun for example_python_decorator to None, run_after=None
[2024-03-12T07:58:08.347+0000] {processor.py:183} INFO - Processing /home/airflow/.local/lib/python3.8/site-packages/airflow/example_dags/example_python_decorator.py took 0.096 seconds
[2024-03-12T07:58:38.590+0000] {processor.py:161} INFO - Started process (PID=469) to work on /home/airflow/.local/lib/python3.8/site-packages/airflow/example_dags/example_python_decorator.py
[2024-03-12T07:58:38.591+0000] {processor.py:830} INFO - Processing file /home/airflow/.local/lib/python3.8/site-packages/airflow/example_dags/example_python_decorator.py for tasks to queue
[2024-03-12T07:58:38.593+0000] {logging_mixin.py:188} INFO - [2024-03-12T07:58:38.592+0000] {dagbag.py:540} INFO - Filling up the DagBag from /home/airflow/.local/lib/python3.8/site-packages/airflow/example_dags/example_python_decorator.py
[2024-03-12T07:58:38.606+0000] {processor.py:840} INFO - DAG(s) 'example_python_decorator' retrieved from /home/airflow/.local/lib/python3.8/site-packages/airflow/example_dags/example_python_decorator.py
[2024-03-12T07:58:38.627+0000] {logging_mixin.py:188} INFO - [2024-03-12T07:58:38.626+0000] {dag.py:3047} INFO - Sync 1 DAGs
[2024-03-12T07:58:38.642+0000] {logging_mixin.py:188} INFO - [2024-03-12T07:58:38.642+0000] {dag.py:3834} INFO - Setting next_dagrun for example_python_decorator to None, run_after=None
[2024-03-12T07:58:38.667+0000] {processor.py:183} INFO - Processing /home/airflow/.local/lib/python3.8/site-packages/airflow/example_dags/example_python_decorator.py took 0.080 seconds
