[2024-03-12T07:55:04.069+0000] {processor.py:161} INFO - Started process (PID=79) to work on /home/airflow/.local/lib/python3.8/site-packages/airflow/example_dags/example_dag_decorator.py
[2024-03-12T07:55:04.070+0000] {processor.py:830} INFO - Processing file /home/airflow/.local/lib/python3.8/site-packages/airflow/example_dags/example_dag_decorator.py for tasks to queue
[2024-03-12T07:55:04.073+0000] {logging_mixin.py:188} INFO - [2024-03-12T07:55:04.073+0000] {dagbag.py:540} INFO - Filling up the DagBag from /home/airflow/.local/lib/python3.8/site-packages/airflow/example_dags/example_dag_decorator.py
[2024-03-12T07:55:04.283+0000] {processor.py:840} INFO - DAG(s) 'example_dag_decorator' retrieved from /home/airflow/.local/lib/python3.8/site-packages/airflow/example_dags/example_dag_decorator.py
[2024-03-12T07:55:04.306+0000] {logging_mixin.py:188} INFO - [2024-03-12T07:55:04.305+0000] {dag.py:3047} INFO - Sync 1 DAGs
[2024-03-12T07:55:04.347+0000] {logging_mixin.py:188} INFO - [2024-03-12T07:55:04.347+0000] {dag.py:3834} INFO - Setting next_dagrun for example_dag_decorator to None, run_after=None
[2024-03-12T07:55:04.398+0000] {processor.py:183} INFO - Processing /home/airflow/.local/lib/python3.8/site-packages/airflow/example_dags/example_dag_decorator.py took 0.332 seconds
[2024-03-12T07:55:34.495+0000] {processor.py:161} INFO - Started process (PID=135) to work on /home/airflow/.local/lib/python3.8/site-packages/airflow/example_dags/example_dag_decorator.py
[2024-03-12T07:55:34.496+0000] {processor.py:830} INFO - Processing file /home/airflow/.local/lib/python3.8/site-packages/airflow/example_dags/example_dag_decorator.py for tasks to queue
[2024-03-12T07:55:34.498+0000] {logging_mixin.py:188} INFO - [2024-03-12T07:55:34.497+0000] {dagbag.py:540} INFO - Filling up the DagBag from /home/airflow/.local/lib/python3.8/site-packages/airflow/example_dags/example_dag_decorator.py
[2024-03-12T07:55:34.591+0000] {processor.py:840} INFO - DAG(s) 'example_dag_decorator' retrieved from /home/airflow/.local/lib/python3.8/site-packages/airflow/example_dags/example_dag_decorator.py
[2024-03-12T07:55:34.601+0000] {logging_mixin.py:188} INFO - [2024-03-12T07:55:34.601+0000] {dag.py:3047} INFO - Sync 1 DAGs
[2024-03-12T07:55:34.615+0000] {logging_mixin.py:188} INFO - [2024-03-12T07:55:34.615+0000] {dag.py:3834} INFO - Setting next_dagrun for example_dag_decorator to None, run_after=None
[2024-03-12T07:55:34.638+0000] {processor.py:183} INFO - Processing /home/airflow/.local/lib/python3.8/site-packages/airflow/example_dags/example_dag_decorator.py took 0.146 seconds
[2024-03-12T07:56:05.861+0000] {processor.py:161} INFO - Started process (PID=189) to work on /home/airflow/.local/lib/python3.8/site-packages/airflow/example_dags/example_dag_decorator.py
[2024-03-12T07:56:05.862+0000] {processor.py:830} INFO - Processing file /home/airflow/.local/lib/python3.8/site-packages/airflow/example_dags/example_dag_decorator.py for tasks to queue
[2024-03-12T07:56:05.865+0000] {logging_mixin.py:188} INFO - [2024-03-12T07:56:05.864+0000] {dagbag.py:540} INFO - Filling up the DagBag from /home/airflow/.local/lib/python3.8/site-packages/airflow/example_dags/example_dag_decorator.py
[2024-03-12T07:56:05.961+0000] {processor.py:840} INFO - DAG(s) 'example_dag_decorator' retrieved from /home/airflow/.local/lib/python3.8/site-packages/airflow/example_dags/example_dag_decorator.py
[2024-03-12T07:56:06.066+0000] {logging_mixin.py:188} INFO - [2024-03-12T07:56:06.066+0000] {dag.py:3047} INFO - Sync 1 DAGs
[2024-03-12T07:56:06.077+0000] {logging_mixin.py:188} INFO - [2024-03-12T07:56:06.077+0000] {dag.py:3834} INFO - Setting next_dagrun for example_dag_decorator to None, run_after=None
[2024-03-12T07:56:06.097+0000] {processor.py:183} INFO - Processing /home/airflow/.local/lib/python3.8/site-packages/airflow/example_dags/example_dag_decorator.py took 0.238 seconds
[2024-03-12T07:56:36.694+0000] {processor.py:161} INFO - Started process (PID=244) to work on /home/airflow/.local/lib/python3.8/site-packages/airflow/example_dags/example_dag_decorator.py
[2024-03-12T07:56:36.694+0000] {processor.py:830} INFO - Processing file /home/airflow/.local/lib/python3.8/site-packages/airflow/example_dags/example_dag_decorator.py for tasks to queue
[2024-03-12T07:56:36.696+0000] {logging_mixin.py:188} INFO - [2024-03-12T07:56:36.696+0000] {dagbag.py:540} INFO - Filling up the DagBag from /home/airflow/.local/lib/python3.8/site-packages/airflow/example_dags/example_dag_decorator.py
[2024-03-12T07:56:36.806+0000] {processor.py:840} INFO - DAG(s) 'example_dag_decorator' retrieved from /home/airflow/.local/lib/python3.8/site-packages/airflow/example_dags/example_dag_decorator.py
[2024-03-12T07:56:36.927+0000] {logging_mixin.py:188} INFO - [2024-03-12T07:56:36.926+0000] {dag.py:3047} INFO - Sync 1 DAGs
[2024-03-12T07:56:36.942+0000] {logging_mixin.py:188} INFO - [2024-03-12T07:56:36.942+0000] {dag.py:3834} INFO - Setting next_dagrun for example_dag_decorator to None, run_after=None
[2024-03-12T07:56:36.963+0000] {processor.py:183} INFO - Processing /home/airflow/.local/lib/python3.8/site-packages/airflow/example_dags/example_dag_decorator.py took 0.272 seconds
[2024-03-12T07:57:07.091+0000] {processor.py:161} INFO - Started process (PID=299) to work on /home/airflow/.local/lib/python3.8/site-packages/airflow/example_dags/example_dag_decorator.py
[2024-03-12T07:57:07.092+0000] {processor.py:830} INFO - Processing file /home/airflow/.local/lib/python3.8/site-packages/airflow/example_dags/example_dag_decorator.py for tasks to queue
[2024-03-12T07:57:07.094+0000] {logging_mixin.py:188} INFO - [2024-03-12T07:57:07.094+0000] {dagbag.py:540} INFO - Filling up the DagBag from /home/airflow/.local/lib/python3.8/site-packages/airflow/example_dags/example_dag_decorator.py
[2024-03-12T07:57:07.187+0000] {processor.py:840} INFO - DAG(s) 'example_dag_decorator' retrieved from /home/airflow/.local/lib/python3.8/site-packages/airflow/example_dags/example_dag_decorator.py
[2024-03-12T07:57:07.317+0000] {logging_mixin.py:188} INFO - [2024-03-12T07:57:07.317+0000] {dag.py:3047} INFO - Sync 1 DAGs
[2024-03-12T07:57:07.330+0000] {logging_mixin.py:188} INFO - [2024-03-12T07:57:07.330+0000] {dag.py:3834} INFO - Setting next_dagrun for example_dag_decorator to None, run_after=None
[2024-03-12T07:57:07.352+0000] {processor.py:183} INFO - Processing /home/airflow/.local/lib/python3.8/site-packages/airflow/example_dags/example_dag_decorator.py took 0.264 seconds
[2024-03-12T07:57:37.463+0000] {processor.py:161} INFO - Started process (PID=355) to work on /home/airflow/.local/lib/python3.8/site-packages/airflow/example_dags/example_dag_decorator.py
[2024-03-12T07:57:37.464+0000] {processor.py:830} INFO - Processing file /home/airflow/.local/lib/python3.8/site-packages/airflow/example_dags/example_dag_decorator.py for tasks to queue
[2024-03-12T07:57:37.466+0000] {logging_mixin.py:188} INFO - [2024-03-12T07:57:37.466+0000] {dagbag.py:540} INFO - Filling up the DagBag from /home/airflow/.local/lib/python3.8/site-packages/airflow/example_dags/example_dag_decorator.py
[2024-03-12T07:57:37.600+0000] {processor.py:840} INFO - DAG(s) 'example_dag_decorator' retrieved from /home/airflow/.local/lib/python3.8/site-packages/airflow/example_dags/example_dag_decorator.py
[2024-03-12T07:57:37.713+0000] {logging_mixin.py:188} INFO - [2024-03-12T07:57:37.712+0000] {dag.py:3047} INFO - Sync 1 DAGs
[2024-03-12T07:57:37.724+0000] {logging_mixin.py:188} INFO - [2024-03-12T07:57:37.724+0000] {dag.py:3834} INFO - Setting next_dagrun for example_dag_decorator to None, run_after=None
[2024-03-12T07:57:37.746+0000] {processor.py:183} INFO - Processing /home/airflow/.local/lib/python3.8/site-packages/airflow/example_dags/example_dag_decorator.py took 0.287 seconds
[2024-03-12T07:58:07.810+0000] {processor.py:161} INFO - Started process (PID=409) to work on /home/airflow/.local/lib/python3.8/site-packages/airflow/example_dags/example_dag_decorator.py
[2024-03-12T07:58:07.811+0000] {processor.py:830} INFO - Processing file /home/airflow/.local/lib/python3.8/site-packages/airflow/example_dags/example_dag_decorator.py for tasks to queue
[2024-03-12T07:58:07.812+0000] {logging_mixin.py:188} INFO - [2024-03-12T07:58:07.812+0000] {dagbag.py:540} INFO - Filling up the DagBag from /home/airflow/.local/lib/python3.8/site-packages/airflow/example_dags/example_dag_decorator.py
[2024-03-12T07:58:07.919+0000] {processor.py:840} INFO - DAG(s) 'example_dag_decorator' retrieved from /home/airflow/.local/lib/python3.8/site-packages/airflow/example_dags/example_dag_decorator.py
[2024-03-12T07:58:08.059+0000] {logging_mixin.py:188} INFO - [2024-03-12T07:58:08.056+0000] {dag.py:3047} INFO - Sync 1 DAGs
[2024-03-12T07:58:08.077+0000] {logging_mixin.py:188} INFO - [2024-03-12T07:58:08.077+0000] {dag.py:3834} INFO - Setting next_dagrun for example_dag_decorator to None, run_after=None
[2024-03-12T07:58:08.102+0000] {processor.py:183} INFO - Processing /home/airflow/.local/lib/python3.8/site-packages/airflow/example_dags/example_dag_decorator.py took 0.295 seconds
[2024-03-12T07:58:38.290+0000] {processor.py:161} INFO - Started process (PID=465) to work on /home/airflow/.local/lib/python3.8/site-packages/airflow/example_dags/example_dag_decorator.py
[2024-03-12T07:58:38.292+0000] {processor.py:830} INFO - Processing file /home/airflow/.local/lib/python3.8/site-packages/airflow/example_dags/example_dag_decorator.py for tasks to queue
[2024-03-12T07:58:38.295+0000] {logging_mixin.py:188} INFO - [2024-03-12T07:58:38.294+0000] {dagbag.py:540} INFO - Filling up the DagBag from /home/airflow/.local/lib/python3.8/site-packages/airflow/example_dags/example_dag_decorator.py
[2024-03-12T07:58:38.392+0000] {processor.py:840} INFO - DAG(s) 'example_dag_decorator' retrieved from /home/airflow/.local/lib/python3.8/site-packages/airflow/example_dags/example_dag_decorator.py
[2024-03-12T07:58:38.493+0000] {logging_mixin.py:188} INFO - [2024-03-12T07:58:38.493+0000] {dag.py:3047} INFO - Sync 1 DAGs
[2024-03-12T07:58:38.504+0000] {logging_mixin.py:188} INFO - [2024-03-12T07:58:38.504+0000] {dag.py:3834} INFO - Setting next_dagrun for example_dag_decorator to None, run_after=None
[2024-03-12T07:58:38.523+0000] {processor.py:183} INFO - Processing /home/airflow/.local/lib/python3.8/site-packages/airflow/example_dags/example_dag_decorator.py took 0.235 seconds
