[2024-03-12T07:55:04.449+0000] {processor.py:161} INFO - Started process (PID=82) to work on /home/airflow/.local/lib/python3.8/site-packages/airflow/example_dags/example_task_group_decorator.py
[2024-03-12T07:55:04.453+0000] {processor.py:830} INFO - Processing file /home/airflow/.local/lib/python3.8/site-packages/airflow/example_dags/example_task_group_decorator.py for tasks to queue
[2024-03-12T07:55:04.461+0000] {logging_mixin.py:188} INFO - [2024-03-12T07:55:04.461+0000] {dagbag.py:540} INFO - Filling up the DagBag from /home/airflow/.local/lib/python3.8/site-packages/airflow/example_dags/example_task_group_decorator.py
[2024-03-12T07:55:04.481+0000] {processor.py:840} INFO - DAG(s) 'example_task_group_decorator' retrieved from /home/airflow/.local/lib/python3.8/site-packages/airflow/example_dags/example_task_group_decorator.py
[2024-03-12T07:55:04.494+0000] {logging_mixin.py:188} INFO - [2024-03-12T07:55:04.493+0000] {dag.py:3047} INFO - Sync 1 DAGs
[2024-03-12T07:55:04.535+0000] {logging_mixin.py:188} INFO - [2024-03-12T07:55:04.535+0000] {dag.py:3834} INFO - Setting next_dagrun for example_task_group_decorator to 2024-03-11 00:00:00+00:00, run_after=2024-03-12 00:00:00+00:00
[2024-03-12T07:55:04.557+0000] {processor.py:183} INFO - Processing /home/airflow/.local/lib/python3.8/site-packages/airflow/example_dags/example_task_group_decorator.py took 0.110 seconds
[2024-03-12T07:55:34.602+0000] {processor.py:161} INFO - Started process (PID=137) to work on /home/airflow/.local/lib/python3.8/site-packages/airflow/example_dags/example_task_group_decorator.py
[2024-03-12T07:55:34.603+0000] {processor.py:830} INFO - Processing file /home/airflow/.local/lib/python3.8/site-packages/airflow/example_dags/example_task_group_decorator.py for tasks to queue
[2024-03-12T07:55:34.605+0000] {logging_mixin.py:188} INFO - [2024-03-12T07:55:34.605+0000] {dagbag.py:540} INFO - Filling up the DagBag from /home/airflow/.local/lib/python3.8/site-packages/airflow/example_dags/example_task_group_decorator.py
[2024-03-12T07:55:34.620+0000] {processor.py:840} INFO - DAG(s) 'example_task_group_decorator' retrieved from /home/airflow/.local/lib/python3.8/site-packages/airflow/example_dags/example_task_group_decorator.py
[2024-03-12T07:55:34.631+0000] {logging_mixin.py:188} INFO - [2024-03-12T07:55:34.631+0000] {dag.py:3047} INFO - Sync 1 DAGs
[2024-03-12T07:55:34.665+0000] {logging_mixin.py:188} INFO - [2024-03-12T07:55:34.664+0000] {dag.py:3834} INFO - Setting next_dagrun for example_task_group_decorator to 2024-03-11 00:00:00+00:00, run_after=2024-03-12 00:00:00+00:00
[2024-03-12T07:55:34.684+0000] {processor.py:183} INFO - Processing /home/airflow/.local/lib/python3.8/site-packages/airflow/example_dags/example_task_group_decorator.py took 0.085 seconds
[2024-03-12T07:56:06.123+0000] {processor.py:161} INFO - Started process (PID=192) to work on /home/airflow/.local/lib/python3.8/site-packages/airflow/example_dags/example_task_group_decorator.py
[2024-03-12T07:56:06.124+0000] {processor.py:830} INFO - Processing file /home/airflow/.local/lib/python3.8/site-packages/airflow/example_dags/example_task_group_decorator.py for tasks to queue
[2024-03-12T07:56:06.126+0000] {logging_mixin.py:188} INFO - [2024-03-12T07:56:06.125+0000] {dagbag.py:540} INFO - Filling up the DagBag from /home/airflow/.local/lib/python3.8/site-packages/airflow/example_dags/example_task_group_decorator.py
[2024-03-12T07:56:06.140+0000] {processor.py:840} INFO - DAG(s) 'example_task_group_decorator' retrieved from /home/airflow/.local/lib/python3.8/site-packages/airflow/example_dags/example_task_group_decorator.py
[2024-03-12T07:56:06.235+0000] {logging_mixin.py:188} INFO - [2024-03-12T07:56:06.234+0000] {dag.py:3047} INFO - Sync 1 DAGs
[2024-03-12T07:56:06.259+0000] {logging_mixin.py:188} INFO - [2024-03-12T07:56:06.259+0000] {dag.py:3834} INFO - Setting next_dagrun for example_task_group_decorator to 2024-03-11 00:00:00+00:00, run_after=2024-03-12 00:00:00+00:00
[2024-03-12T07:56:06.289+0000] {processor.py:183} INFO - Processing /home/airflow/.local/lib/python3.8/site-packages/airflow/example_dags/example_task_group_decorator.py took 0.168 seconds
[2024-03-12T07:56:36.991+0000] {processor.py:161} INFO - Started process (PID=247) to work on /home/airflow/.local/lib/python3.8/site-packages/airflow/example_dags/example_task_group_decorator.py
[2024-03-12T07:56:36.992+0000] {processor.py:830} INFO - Processing file /home/airflow/.local/lib/python3.8/site-packages/airflow/example_dags/example_task_group_decorator.py for tasks to queue
[2024-03-12T07:56:36.993+0000] {logging_mixin.py:188} INFO - [2024-03-12T07:56:36.993+0000] {dagbag.py:540} INFO - Filling up the DagBag from /home/airflow/.local/lib/python3.8/site-packages/airflow/example_dags/example_task_group_decorator.py
[2024-03-12T07:56:37.007+0000] {processor.py:840} INFO - DAG(s) 'example_task_group_decorator' retrieved from /home/airflow/.local/lib/python3.8/site-packages/airflow/example_dags/example_task_group_decorator.py
[2024-03-12T07:56:37.029+0000] {logging_mixin.py:188} INFO - [2024-03-12T07:56:37.029+0000] {dag.py:3047} INFO - Sync 1 DAGs
[2024-03-12T07:56:37.050+0000] {logging_mixin.py:188} INFO - [2024-03-12T07:56:37.050+0000] {dag.py:3834} INFO - Setting next_dagrun for example_task_group_decorator to 2024-03-11 00:00:00+00:00, run_after=2024-03-12 00:00:00+00:00
[2024-03-12T07:56:37.071+0000] {processor.py:183} INFO - Processing /home/airflow/.local/lib/python3.8/site-packages/airflow/example_dags/example_task_group_decorator.py took 0.082 seconds
[2024-03-12T07:57:07.327+0000] {processor.py:161} INFO - Started process (PID=302) to work on /home/airflow/.local/lib/python3.8/site-packages/airflow/example_dags/example_task_group_decorator.py
[2024-03-12T07:57:07.327+0000] {processor.py:830} INFO - Processing file /home/airflow/.local/lib/python3.8/site-packages/airflow/example_dags/example_task_group_decorator.py for tasks to queue
[2024-03-12T07:57:07.331+0000] {logging_mixin.py:188} INFO - [2024-03-12T07:57:07.330+0000] {dagbag.py:540} INFO - Filling up the DagBag from /home/airflow/.local/lib/python3.8/site-packages/airflow/example_dags/example_task_group_decorator.py
[2024-03-12T07:57:07.347+0000] {processor.py:840} INFO - DAG(s) 'example_task_group_decorator' retrieved from /home/airflow/.local/lib/python3.8/site-packages/airflow/example_dags/example_task_group_decorator.py
[2024-03-12T07:57:07.371+0000] {logging_mixin.py:188} INFO - [2024-03-12T07:57:07.371+0000] {dag.py:3047} INFO - Sync 1 DAGs
[2024-03-12T07:57:07.396+0000] {logging_mixin.py:188} INFO - [2024-03-12T07:57:07.395+0000] {dag.py:3834} INFO - Setting next_dagrun for example_task_group_decorator to 2024-03-11 00:00:00+00:00, run_after=2024-03-12 00:00:00+00:00
[2024-03-12T07:57:07.435+0000] {processor.py:183} INFO - Processing /home/airflow/.local/lib/python3.8/site-packages/airflow/example_dags/example_task_group_decorator.py took 0.110 seconds
[2024-03-12T07:57:37.699+0000] {processor.py:161} INFO - Started process (PID=357) to work on /home/airflow/.local/lib/python3.8/site-packages/airflow/example_dags/example_task_group_decorator.py
[2024-03-12T07:57:37.700+0000] {processor.py:830} INFO - Processing file /home/airflow/.local/lib/python3.8/site-packages/airflow/example_dags/example_task_group_decorator.py for tasks to queue
[2024-03-12T07:57:37.701+0000] {logging_mixin.py:188} INFO - [2024-03-12T07:57:37.701+0000] {dagbag.py:540} INFO - Filling up the DagBag from /home/airflow/.local/lib/python3.8/site-packages/airflow/example_dags/example_task_group_decorator.py
[2024-03-12T07:57:37.728+0000] {processor.py:840} INFO - DAG(s) 'example_task_group_decorator' retrieved from /home/airflow/.local/lib/python3.8/site-packages/airflow/example_dags/example_task_group_decorator.py
[2024-03-12T07:57:37.769+0000] {logging_mixin.py:188} INFO - [2024-03-12T07:57:37.769+0000] {dag.py:3047} INFO - Sync 1 DAGs
[2024-03-12T07:57:37.791+0000] {logging_mixin.py:188} INFO - [2024-03-12T07:57:37.791+0000] {dag.py:3834} INFO - Setting next_dagrun for example_task_group_decorator to 2024-03-11 00:00:00+00:00, run_after=2024-03-12 00:00:00+00:00
[2024-03-12T07:57:37.819+0000] {processor.py:183} INFO - Processing /home/airflow/.local/lib/python3.8/site-packages/airflow/example_dags/example_task_group_decorator.py took 0.123 seconds
[2024-03-12T07:58:08.138+0000] {processor.py:161} INFO - Started process (PID=412) to work on /home/airflow/.local/lib/python3.8/site-packages/airflow/example_dags/example_task_group_decorator.py
[2024-03-12T07:58:08.139+0000] {processor.py:830} INFO - Processing file /home/airflow/.local/lib/python3.8/site-packages/airflow/example_dags/example_task_group_decorator.py for tasks to queue
[2024-03-12T07:58:08.141+0000] {logging_mixin.py:188} INFO - [2024-03-12T07:58:08.140+0000] {dagbag.py:540} INFO - Filling up the DagBag from /home/airflow/.local/lib/python3.8/site-packages/airflow/example_dags/example_task_group_decorator.py
[2024-03-12T07:58:08.155+0000] {processor.py:840} INFO - DAG(s) 'example_task_group_decorator' retrieved from /home/airflow/.local/lib/python3.8/site-packages/airflow/example_dags/example_task_group_decorator.py
[2024-03-12T07:58:08.179+0000] {logging_mixin.py:188} INFO - [2024-03-12T07:58:08.179+0000] {dag.py:3047} INFO - Sync 1 DAGs
[2024-03-12T07:58:08.201+0000] {logging_mixin.py:188} INFO - [2024-03-12T07:58:08.201+0000] {dag.py:3834} INFO - Setting next_dagrun for example_task_group_decorator to 2024-03-11 00:00:00+00:00, run_after=2024-03-12 00:00:00+00:00
[2024-03-12T07:58:08.220+0000] {processor.py:183} INFO - Processing /home/airflow/.local/lib/python3.8/site-packages/airflow/example_dags/example_task_group_decorator.py took 0.085 seconds
[2024-03-12T07:58:38.474+0000] {processor.py:161} INFO - Started process (PID=467) to work on /home/airflow/.local/lib/python3.8/site-packages/airflow/example_dags/example_task_group_decorator.py
[2024-03-12T07:58:38.474+0000] {processor.py:830} INFO - Processing file /home/airflow/.local/lib/python3.8/site-packages/airflow/example_dags/example_task_group_decorator.py for tasks to queue
[2024-03-12T07:58:38.476+0000] {logging_mixin.py:188} INFO - [2024-03-12T07:58:38.476+0000] {dagbag.py:540} INFO - Filling up the DagBag from /home/airflow/.local/lib/python3.8/site-packages/airflow/example_dags/example_task_group_decorator.py
[2024-03-12T07:58:38.489+0000] {processor.py:840} INFO - DAG(s) 'example_task_group_decorator' retrieved from /home/airflow/.local/lib/python3.8/site-packages/airflow/example_dags/example_task_group_decorator.py
[2024-03-12T07:58:38.512+0000] {logging_mixin.py:188} INFO - [2024-03-12T07:58:38.511+0000] {dag.py:3047} INFO - Sync 1 DAGs
[2024-03-12T07:58:38.538+0000] {logging_mixin.py:188} INFO - [2024-03-12T07:58:38.537+0000] {dag.py:3834} INFO - Setting next_dagrun for example_task_group_decorator to 2024-03-11 00:00:00+00:00, run_after=2024-03-12 00:00:00+00:00
[2024-03-12T07:58:38.560+0000] {processor.py:183} INFO - Processing /home/airflow/.local/lib/python3.8/site-packages/airflow/example_dags/example_task_group_decorator.py took 0.089 seconds
