[2024-03-12T07:55:02.758+0000] {processor.py:161} INFO - Started process (PID=69) to work on /home/airflow/.local/lib/python3.8/site-packages/airflow/example_dags/example_sla_dag.py
[2024-03-12T07:55:02.761+0000] {processor.py:830} INFO - Processing file /home/airflow/.local/lib/python3.8/site-packages/airflow/example_dags/example_sla_dag.py for tasks to queue
[2024-03-12T07:55:02.767+0000] {logging_mixin.py:188} INFO - [2024-03-12T07:55:02.767+0000] {dagbag.py:540} INFO - Filling up the DagBag from /home/airflow/.local/lib/python3.8/site-packages/airflow/example_dags/example_sla_dag.py
[2024-03-12T07:55:02.785+0000] {processor.py:840} INFO - DAG(s) 'example_sla_dag' retrieved from /home/airflow/.local/lib/python3.8/site-packages/airflow/example_dags/example_sla_dag.py
[2024-03-12T07:55:02.806+0000] {logging_mixin.py:188} INFO - [2024-03-12T07:55:02.804+0000] {dag.py:3047} INFO - Sync 1 DAGs
[2024-03-12T07:55:02.853+0000] {logging_mixin.py:188} INFO - [2024-03-12T07:55:02.852+0000] {dag.py:3834} INFO - Setting next_dagrun for example_sla_dag to 2024-03-12 07:52:00+00:00, run_after=2024-03-12 07:54:00+00:00
[2024-03-12T07:55:02.936+0000] {processor.py:183} INFO - Processing /home/airflow/.local/lib/python3.8/site-packages/airflow/example_dags/example_sla_dag.py took 0.186 seconds
[2024-03-12T07:55:33.805+0000] {processor.py:161} INFO - Started process (PID=124) to work on /home/airflow/.local/lib/python3.8/site-packages/airflow/example_dags/example_sla_dag.py
[2024-03-12T07:55:33.806+0000] {processor.py:830} INFO - Processing file /home/airflow/.local/lib/python3.8/site-packages/airflow/example_dags/example_sla_dag.py for tasks to queue
[2024-03-12T07:55:33.807+0000] {logging_mixin.py:188} INFO - [2024-03-12T07:55:33.807+0000] {dagbag.py:540} INFO - Filling up the DagBag from /home/airflow/.local/lib/python3.8/site-packages/airflow/example_dags/example_sla_dag.py
[2024-03-12T07:55:33.814+0000] {processor.py:840} INFO - DAG(s) 'example_sla_dag' retrieved from /home/airflow/.local/lib/python3.8/site-packages/airflow/example_dags/example_sla_dag.py
[2024-03-12T07:55:33.826+0000] {logging_mixin.py:188} INFO - [2024-03-12T07:55:33.825+0000] {dag.py:3047} INFO - Sync 1 DAGs
[2024-03-12T07:55:33.856+0000] {logging_mixin.py:188} INFO - [2024-03-12T07:55:33.855+0000] {dag.py:3834} INFO - Setting next_dagrun for example_sla_dag to 2024-03-12 07:52:00+00:00, run_after=2024-03-12 07:54:00+00:00
[2024-03-12T07:55:33.876+0000] {processor.py:183} INFO - Processing /home/airflow/.local/lib/python3.8/site-packages/airflow/example_dags/example_sla_dag.py took 0.075 seconds
[2024-03-12T07:56:04.773+0000] {processor.py:161} INFO - Started process (PID=179) to work on /home/airflow/.local/lib/python3.8/site-packages/airflow/example_dags/example_sla_dag.py
[2024-03-12T07:56:04.775+0000] {processor.py:830} INFO - Processing file /home/airflow/.local/lib/python3.8/site-packages/airflow/example_dags/example_sla_dag.py for tasks to queue
[2024-03-12T07:56:04.776+0000] {logging_mixin.py:188} INFO - [2024-03-12T07:56:04.776+0000] {dagbag.py:540} INFO - Filling up the DagBag from /home/airflow/.local/lib/python3.8/site-packages/airflow/example_dags/example_sla_dag.py
[2024-03-12T07:56:04.783+0000] {processor.py:840} INFO - DAG(s) 'example_sla_dag' retrieved from /home/airflow/.local/lib/python3.8/site-packages/airflow/example_dags/example_sla_dag.py
[2024-03-12T07:56:04.893+0000] {logging_mixin.py:188} INFO - [2024-03-12T07:56:04.892+0000] {dag.py:3047} INFO - Sync 1 DAGs
[2024-03-12T07:56:04.918+0000] {logging_mixin.py:188} INFO - [2024-03-12T07:56:04.918+0000] {dag.py:3834} INFO - Setting next_dagrun for example_sla_dag to 2024-03-12 07:54:00+00:00, run_after=2024-03-12 07:56:00+00:00
[2024-03-12T07:56:04.941+0000] {processor.py:183} INFO - Processing /home/airflow/.local/lib/python3.8/site-packages/airflow/example_dags/example_sla_dag.py took 0.172 seconds
[2024-03-12T07:56:34.992+0000] {processor.py:161} INFO - Started process (PID=233) to work on /home/airflow/.local/lib/python3.8/site-packages/airflow/example_dags/example_sla_dag.py
[2024-03-12T07:56:34.993+0000] {processor.py:830} INFO - Processing file /home/airflow/.local/lib/python3.8/site-packages/airflow/example_dags/example_sla_dag.py for tasks to queue
[2024-03-12T07:56:34.995+0000] {logging_mixin.py:188} INFO - [2024-03-12T07:56:34.995+0000] {dagbag.py:540} INFO - Filling up the DagBag from /home/airflow/.local/lib/python3.8/site-packages/airflow/example_dags/example_sla_dag.py
[2024-03-12T07:56:35.002+0000] {processor.py:840} INFO - DAG(s) 'example_sla_dag' retrieved from /home/airflow/.local/lib/python3.8/site-packages/airflow/example_dags/example_sla_dag.py
[2024-03-12T07:56:35.024+0000] {logging_mixin.py:188} INFO - [2024-03-12T07:56:35.023+0000] {dag.py:3047} INFO - Sync 1 DAGs
[2024-03-12T07:56:35.050+0000] {logging_mixin.py:188} INFO - [2024-03-12T07:56:35.050+0000] {dag.py:3834} INFO - Setting next_dagrun for example_sla_dag to 2024-03-12 07:54:00+00:00, run_after=2024-03-12 07:56:00+00:00
[2024-03-12T07:56:35.072+0000] {processor.py:183} INFO - Processing /home/airflow/.local/lib/python3.8/site-packages/airflow/example_dags/example_sla_dag.py took 0.082 seconds
[2024-03-12T07:57:05.451+0000] {processor.py:161} INFO - Started process (PID=288) to work on /home/airflow/.local/lib/python3.8/site-packages/airflow/example_dags/example_sla_dag.py
[2024-03-12T07:57:05.452+0000] {processor.py:830} INFO - Processing file /home/airflow/.local/lib/python3.8/site-packages/airflow/example_dags/example_sla_dag.py for tasks to queue
[2024-03-12T07:57:05.456+0000] {logging_mixin.py:188} INFO - [2024-03-12T07:57:05.453+0000] {dagbag.py:540} INFO - Filling up the DagBag from /home/airflow/.local/lib/python3.8/site-packages/airflow/example_dags/example_sla_dag.py
[2024-03-12T07:57:05.466+0000] {processor.py:840} INFO - DAG(s) 'example_sla_dag' retrieved from /home/airflow/.local/lib/python3.8/site-packages/airflow/example_dags/example_sla_dag.py
[2024-03-12T07:57:05.484+0000] {logging_mixin.py:188} INFO - [2024-03-12T07:57:05.484+0000] {dag.py:3047} INFO - Sync 1 DAGs
[2024-03-12T07:57:05.513+0000] {logging_mixin.py:188} INFO - [2024-03-12T07:57:05.513+0000] {dag.py:3834} INFO - Setting next_dagrun for example_sla_dag to 2024-03-12 07:54:00+00:00, run_after=2024-03-12 07:56:00+00:00
[2024-03-12T07:57:05.538+0000] {processor.py:183} INFO - Processing /home/airflow/.local/lib/python3.8/site-packages/airflow/example_dags/example_sla_dag.py took 0.089 seconds
[2024-03-12T07:57:35.794+0000] {processor.py:161} INFO - Started process (PID=344) to work on /home/airflow/.local/lib/python3.8/site-packages/airflow/example_dags/example_sla_dag.py
[2024-03-12T07:57:35.795+0000] {processor.py:830} INFO - Processing file /home/airflow/.local/lib/python3.8/site-packages/airflow/example_dags/example_sla_dag.py for tasks to queue
[2024-03-12T07:57:35.797+0000] {logging_mixin.py:188} INFO - [2024-03-12T07:57:35.797+0000] {dagbag.py:540} INFO - Filling up the DagBag from /home/airflow/.local/lib/python3.8/site-packages/airflow/example_dags/example_sla_dag.py
[2024-03-12T07:57:35.805+0000] {processor.py:840} INFO - DAG(s) 'example_sla_dag' retrieved from /home/airflow/.local/lib/python3.8/site-packages/airflow/example_dags/example_sla_dag.py
[2024-03-12T07:57:35.827+0000] {logging_mixin.py:188} INFO - [2024-03-12T07:57:35.826+0000] {dag.py:3047} INFO - Sync 1 DAGs
[2024-03-12T07:57:35.857+0000] {logging_mixin.py:188} INFO - [2024-03-12T07:57:35.857+0000] {dag.py:3834} INFO - Setting next_dagrun for example_sla_dag to 2024-03-12 07:54:00+00:00, run_after=2024-03-12 07:56:00+00:00
[2024-03-12T07:57:35.877+0000] {processor.py:183} INFO - Processing /home/airflow/.local/lib/python3.8/site-packages/airflow/example_dags/example_sla_dag.py took 0.085 seconds
[2024-03-12T07:58:06.226+0000] {processor.py:161} INFO - Started process (PID=399) to work on /home/airflow/.local/lib/python3.8/site-packages/airflow/example_dags/example_sla_dag.py
[2024-03-12T07:58:06.227+0000] {processor.py:830} INFO - Processing file /home/airflow/.local/lib/python3.8/site-packages/airflow/example_dags/example_sla_dag.py for tasks to queue
[2024-03-12T07:58:06.229+0000] {logging_mixin.py:188} INFO - [2024-03-12T07:58:06.229+0000] {dagbag.py:540} INFO - Filling up the DagBag from /home/airflow/.local/lib/python3.8/site-packages/airflow/example_dags/example_sla_dag.py
[2024-03-12T07:58:06.237+0000] {processor.py:840} INFO - DAG(s) 'example_sla_dag' retrieved from /home/airflow/.local/lib/python3.8/site-packages/airflow/example_dags/example_sla_dag.py
[2024-03-12T07:58:06.258+0000] {logging_mixin.py:188} INFO - [2024-03-12T07:58:06.258+0000] {dag.py:3047} INFO - Sync 1 DAGs
[2024-03-12T07:58:06.298+0000] {logging_mixin.py:188} INFO - [2024-03-12T07:58:06.298+0000] {dag.py:3834} INFO - Setting next_dagrun for example_sla_dag to 2024-03-12 07:56:00+00:00, run_after=2024-03-12 07:58:00+00:00
[2024-03-12T07:58:06.322+0000] {processor.py:183} INFO - Processing /home/airflow/.local/lib/python3.8/site-packages/airflow/example_dags/example_sla_dag.py took 0.100 seconds
[2024-03-12T07:58:36.506+0000] {processor.py:161} INFO - Started process (PID=454) to work on /home/airflow/.local/lib/python3.8/site-packages/airflow/example_dags/example_sla_dag.py
[2024-03-12T07:58:36.507+0000] {processor.py:830} INFO - Processing file /home/airflow/.local/lib/python3.8/site-packages/airflow/example_dags/example_sla_dag.py for tasks to queue
[2024-03-12T07:58:36.509+0000] {logging_mixin.py:188} INFO - [2024-03-12T07:58:36.509+0000] {dagbag.py:540} INFO - Filling up the DagBag from /home/airflow/.local/lib/python3.8/site-packages/airflow/example_dags/example_sla_dag.py
[2024-03-12T07:58:36.517+0000] {processor.py:840} INFO - DAG(s) 'example_sla_dag' retrieved from /home/airflow/.local/lib/python3.8/site-packages/airflow/example_dags/example_sla_dag.py
[2024-03-12T07:58:36.548+0000] {logging_mixin.py:188} INFO - [2024-03-12T07:58:36.548+0000] {dag.py:3047} INFO - Sync 1 DAGs
[2024-03-12T07:58:36.574+0000] {logging_mixin.py:188} INFO - [2024-03-12T07:58:36.573+0000] {dag.py:3834} INFO - Setting next_dagrun for example_sla_dag to 2024-03-12 07:56:00+00:00, run_after=2024-03-12 07:58:00+00:00
[2024-03-12T07:58:36.593+0000] {processor.py:183} INFO - Processing /home/airflow/.local/lib/python3.8/site-packages/airflow/example_dags/example_sla_dag.py took 0.090 seconds
