[2024-03-12T07:55:03.107+0000] {processor.py:161} INFO - Started process (PID=72) to work on /home/airflow/.local/lib/python3.8/site-packages/airflow/example_dags/example_xcomargs.py
[2024-03-12T07:55:03.108+0000] {processor.py:830} INFO - Processing file /home/airflow/.local/lib/python3.8/site-packages/airflow/example_dags/example_xcomargs.py for tasks to queue
[2024-03-12T07:55:03.111+0000] {logging_mixin.py:188} INFO - [2024-03-12T07:55:03.111+0000] {dagbag.py:540} INFO - Filling up the DagBag from /home/airflow/.local/lib/python3.8/site-packages/airflow/example_dags/example_xcomargs.py
[2024-03-12T07:55:03.131+0000] {processor.py:840} INFO - DAG(s) 'example_xcom_args', 'example_xcom_args_with_operators' retrieved from /home/airflow/.local/lib/python3.8/site-packages/airflow/example_dags/example_xcomargs.py
[2024-03-12T07:55:03.160+0000] {logging_mixin.py:188} INFO - [2024-03-12T07:55:03.160+0000] {dag.py:3047} INFO - Sync 2 DAGs
[2024-03-12T07:55:03.186+0000] {logging_mixin.py:188} INFO - [2024-03-12T07:55:03.185+0000] {dag.py:3834} INFO - Setting next_dagrun for example_xcom_args to None, run_after=None
[2024-03-12T07:55:03.191+0000] {logging_mixin.py:188} INFO - [2024-03-12T07:55:03.191+0000] {dag.py:3834} INFO - Setting next_dagrun for example_xcom_args_with_operators to None, run_after=None
[2024-03-12T07:55:03.229+0000] {processor.py:183} INFO - Processing /home/airflow/.local/lib/python3.8/site-packages/airflow/example_dags/example_xcomargs.py took 0.126 seconds
[2024-03-12T07:55:34.018+0000] {processor.py:161} INFO - Started process (PID=127) to work on /home/airflow/.local/lib/python3.8/site-packages/airflow/example_dags/example_xcomargs.py
[2024-03-12T07:55:34.019+0000] {processor.py:830} INFO - Processing file /home/airflow/.local/lib/python3.8/site-packages/airflow/example_dags/example_xcomargs.py for tasks to queue
[2024-03-12T07:55:34.021+0000] {logging_mixin.py:188} INFO - [2024-03-12T07:55:34.021+0000] {dagbag.py:540} INFO - Filling up the DagBag from /home/airflow/.local/lib/python3.8/site-packages/airflow/example_dags/example_xcomargs.py
[2024-03-12T07:55:34.031+0000] {processor.py:840} INFO - DAG(s) 'example_xcom_args_with_operators', 'example_xcom_args' retrieved from /home/airflow/.local/lib/python3.8/site-packages/airflow/example_dags/example_xcomargs.py
[2024-03-12T07:55:34.059+0000] {logging_mixin.py:188} INFO - [2024-03-12T07:55:34.058+0000] {dag.py:3047} INFO - Sync 2 DAGs
[2024-03-12T07:55:34.076+0000] {logging_mixin.py:188} INFO - [2024-03-12T07:55:34.075+0000] {dag.py:3834} INFO - Setting next_dagrun for example_xcom_args to None, run_after=None
[2024-03-12T07:55:34.081+0000] {logging_mixin.py:188} INFO - [2024-03-12T07:55:34.081+0000] {dag.py:3834} INFO - Setting next_dagrun for example_xcom_args_with_operators to None, run_after=None
[2024-03-12T07:55:34.106+0000] {processor.py:183} INFO - Processing /home/airflow/.local/lib/python3.8/site-packages/airflow/example_dags/example_xcomargs.py took 0.091 seconds
[2024-03-12T07:56:05.143+0000] {processor.py:161} INFO - Started process (PID=182) to work on /home/airflow/.local/lib/python3.8/site-packages/airflow/example_dags/example_xcomargs.py
[2024-03-12T07:56:05.144+0000] {processor.py:830} INFO - Processing file /home/airflow/.local/lib/python3.8/site-packages/airflow/example_dags/example_xcomargs.py for tasks to queue
[2024-03-12T07:56:05.145+0000] {logging_mixin.py:188} INFO - [2024-03-12T07:56:05.145+0000] {dagbag.py:540} INFO - Filling up the DagBag from /home/airflow/.local/lib/python3.8/site-packages/airflow/example_dags/example_xcomargs.py
[2024-03-12T07:56:05.153+0000] {processor.py:840} INFO - DAG(s) 'example_xcom_args', 'example_xcom_args_with_operators' retrieved from /home/airflow/.local/lib/python3.8/site-packages/airflow/example_dags/example_xcomargs.py
[2024-03-12T07:56:05.279+0000] {logging_mixin.py:188} INFO - [2024-03-12T07:56:05.279+0000] {dag.py:3047} INFO - Sync 2 DAGs
[2024-03-12T07:56:05.296+0000] {logging_mixin.py:188} INFO - [2024-03-12T07:56:05.295+0000] {dag.py:3834} INFO - Setting next_dagrun for example_xcom_args to None, run_after=None
[2024-03-12T07:56:05.300+0000] {logging_mixin.py:188} INFO - [2024-03-12T07:56:05.299+0000] {dag.py:3834} INFO - Setting next_dagrun for example_xcom_args_with_operators to None, run_after=None
[2024-03-12T07:56:05.321+0000] {processor.py:183} INFO - Processing /home/airflow/.local/lib/python3.8/site-packages/airflow/example_dags/example_xcomargs.py took 0.180 seconds
[2024-03-12T07:56:35.355+0000] {processor.py:161} INFO - Started process (PID=237) to work on /home/airflow/.local/lib/python3.8/site-packages/airflow/example_dags/example_xcomargs.py
[2024-03-12T07:56:35.356+0000] {processor.py:830} INFO - Processing file /home/airflow/.local/lib/python3.8/site-packages/airflow/example_dags/example_xcomargs.py for tasks to queue
[2024-03-12T07:56:35.357+0000] {logging_mixin.py:188} INFO - [2024-03-12T07:56:35.357+0000] {dagbag.py:540} INFO - Filling up the DagBag from /home/airflow/.local/lib/python3.8/site-packages/airflow/example_dags/example_xcomargs.py
[2024-03-12T07:56:35.363+0000] {processor.py:840} INFO - DAG(s) 'example_xcom_args', 'example_xcom_args_with_operators' retrieved from /home/airflow/.local/lib/python3.8/site-packages/airflow/example_dags/example_xcomargs.py
[2024-03-12T07:56:35.384+0000] {logging_mixin.py:188} INFO - [2024-03-12T07:56:35.384+0000] {dag.py:3047} INFO - Sync 2 DAGs
[2024-03-12T07:56:35.396+0000] {logging_mixin.py:188} INFO - [2024-03-12T07:56:35.396+0000] {dag.py:3834} INFO - Setting next_dagrun for example_xcom_args to None, run_after=None
[2024-03-12T07:56:35.400+0000] {logging_mixin.py:188} INFO - [2024-03-12T07:56:35.399+0000] {dag.py:3834} INFO - Setting next_dagrun for example_xcom_args_with_operators to None, run_after=None
[2024-03-12T07:56:35.416+0000] {processor.py:183} INFO - Processing /home/airflow/.local/lib/python3.8/site-packages/airflow/example_dags/example_xcomargs.py took 0.065 seconds
[2024-03-12T07:57:05.690+0000] {processor.py:161} INFO - Started process (PID=292) to work on /home/airflow/.local/lib/python3.8/site-packages/airflow/example_dags/example_xcomargs.py
[2024-03-12T07:57:05.691+0000] {processor.py:830} INFO - Processing file /home/airflow/.local/lib/python3.8/site-packages/airflow/example_dags/example_xcomargs.py for tasks to queue
[2024-03-12T07:57:05.694+0000] {logging_mixin.py:188} INFO - [2024-03-12T07:57:05.693+0000] {dagbag.py:540} INFO - Filling up the DagBag from /home/airflow/.local/lib/python3.8/site-packages/airflow/example_dags/example_xcomargs.py
[2024-03-12T07:57:05.701+0000] {processor.py:840} INFO - DAG(s) 'example_xcom_args_with_operators', 'example_xcom_args' retrieved from /home/airflow/.local/lib/python3.8/site-packages/airflow/example_dags/example_xcomargs.py
[2024-03-12T07:57:05.732+0000] {logging_mixin.py:188} INFO - [2024-03-12T07:57:05.732+0000] {dag.py:3047} INFO - Sync 2 DAGs
[2024-03-12T07:57:05.748+0000] {logging_mixin.py:188} INFO - [2024-03-12T07:57:05.748+0000] {dag.py:3834} INFO - Setting next_dagrun for example_xcom_args to None, run_after=None
[2024-03-12T07:57:05.753+0000] {logging_mixin.py:188} INFO - [2024-03-12T07:57:05.753+0000] {dag.py:3834} INFO - Setting next_dagrun for example_xcom_args_with_operators to None, run_after=None
[2024-03-12T07:57:05.768+0000] {processor.py:183} INFO - Processing /home/airflow/.local/lib/python3.8/site-packages/airflow/example_dags/example_xcomargs.py took 0.080 seconds
[2024-03-12T07:57:35.976+0000] {processor.py:161} INFO - Started process (PID=347) to work on /home/airflow/.local/lib/python3.8/site-packages/airflow/example_dags/example_xcomargs.py
[2024-03-12T07:57:35.977+0000] {processor.py:830} INFO - Processing file /home/airflow/.local/lib/python3.8/site-packages/airflow/example_dags/example_xcomargs.py for tasks to queue
[2024-03-12T07:57:35.979+0000] {logging_mixin.py:188} INFO - [2024-03-12T07:57:35.979+0000] {dagbag.py:540} INFO - Filling up the DagBag from /home/airflow/.local/lib/python3.8/site-packages/airflow/example_dags/example_xcomargs.py
[2024-03-12T07:57:35.990+0000] {processor.py:840} INFO - DAG(s) 'example_xcom_args', 'example_xcom_args_with_operators' retrieved from /home/airflow/.local/lib/python3.8/site-packages/airflow/example_dags/example_xcomargs.py
[2024-03-12T07:57:36.023+0000] {logging_mixin.py:188} INFO - [2024-03-12T07:57:36.023+0000] {dag.py:3047} INFO - Sync 2 DAGs
[2024-03-12T07:57:36.040+0000] {logging_mixin.py:188} INFO - [2024-03-12T07:57:36.040+0000] {dag.py:3834} INFO - Setting next_dagrun for example_xcom_args to None, run_after=None
[2024-03-12T07:57:36.045+0000] {logging_mixin.py:188} INFO - [2024-03-12T07:57:36.044+0000] {dag.py:3834} INFO - Setting next_dagrun for example_xcom_args_with_operators to None, run_after=None
[2024-03-12T07:57:36.067+0000] {processor.py:183} INFO - Processing /home/airflow/.local/lib/python3.8/site-packages/airflow/example_dags/example_xcomargs.py took 0.094 seconds
[2024-03-12T07:58:06.447+0000] {processor.py:161} INFO - Started process (PID=402) to work on /home/airflow/.local/lib/python3.8/site-packages/airflow/example_dags/example_xcomargs.py
[2024-03-12T07:58:06.448+0000] {processor.py:830} INFO - Processing file /home/airflow/.local/lib/python3.8/site-packages/airflow/example_dags/example_xcomargs.py for tasks to queue
[2024-03-12T07:58:06.454+0000] {logging_mixin.py:188} INFO - [2024-03-12T07:58:06.453+0000] {dagbag.py:540} INFO - Filling up the DagBag from /home/airflow/.local/lib/python3.8/site-packages/airflow/example_dags/example_xcomargs.py
[2024-03-12T07:58:06.461+0000] {processor.py:840} INFO - DAG(s) 'example_xcom_args_with_operators', 'example_xcom_args' retrieved from /home/airflow/.local/lib/python3.8/site-packages/airflow/example_dags/example_xcomargs.py
[2024-03-12T07:58:06.482+0000] {logging_mixin.py:188} INFO - [2024-03-12T07:58:06.482+0000] {dag.py:3047} INFO - Sync 2 DAGs
[2024-03-12T07:58:06.496+0000] {logging_mixin.py:188} INFO - [2024-03-12T07:58:06.495+0000] {dag.py:3834} INFO - Setting next_dagrun for example_xcom_args to None, run_after=None
[2024-03-12T07:58:06.499+0000] {logging_mixin.py:188} INFO - [2024-03-12T07:58:06.499+0000] {dag.py:3834} INFO - Setting next_dagrun for example_xcom_args_with_operators to None, run_after=None
[2024-03-12T07:58:06.516+0000] {processor.py:183} INFO - Processing /home/airflow/.local/lib/python3.8/site-packages/airflow/example_dags/example_xcomargs.py took 0.078 seconds
[2024-03-12T07:58:36.679+0000] {processor.py:161} INFO - Started process (PID=457) to work on /home/airflow/.local/lib/python3.8/site-packages/airflow/example_dags/example_xcomargs.py
[2024-03-12T07:58:36.680+0000] {processor.py:830} INFO - Processing file /home/airflow/.local/lib/python3.8/site-packages/airflow/example_dags/example_xcomargs.py for tasks to queue
[2024-03-12T07:58:36.682+0000] {logging_mixin.py:188} INFO - [2024-03-12T07:58:36.681+0000] {dagbag.py:540} INFO - Filling up the DagBag from /home/airflow/.local/lib/python3.8/site-packages/airflow/example_dags/example_xcomargs.py
[2024-03-12T07:58:36.693+0000] {processor.py:840} INFO - DAG(s) 'example_xcom_args_with_operators', 'example_xcom_args' retrieved from /home/airflow/.local/lib/python3.8/site-packages/airflow/example_dags/example_xcomargs.py
[2024-03-12T07:58:36.747+0000] {logging_mixin.py:188} INFO - [2024-03-12T07:58:36.746+0000] {dag.py:3047} INFO - Sync 2 DAGs
[2024-03-12T07:58:36.761+0000] {logging_mixin.py:188} INFO - [2024-03-12T07:58:36.761+0000] {dag.py:3834} INFO - Setting next_dagrun for example_xcom_args to None, run_after=None
[2024-03-12T07:58:36.765+0000] {logging_mixin.py:188} INFO - [2024-03-12T07:58:36.764+0000] {dag.py:3834} INFO - Setting next_dagrun for example_xcom_args_with_operators to None, run_after=None
[2024-03-12T07:58:36.784+0000] {processor.py:183} INFO - Processing /home/airflow/.local/lib/python3.8/site-packages/airflow/example_dags/example_xcomargs.py took 0.109 seconds
