[2024-03-12T07:54:59.887+0000] {processor.py:161} INFO - Started process (PID=51) to work on /home/airflow/.local/lib/python3.8/site-packages/airflow/example_dags/example_sensors.py
[2024-03-12T07:54:59.894+0000] {processor.py:830} INFO - Processing file /home/airflow/.local/lib/python3.8/site-packages/airflow/example_dags/example_sensors.py for tasks to queue
[2024-03-12T07:54:59.899+0000] {logging_mixin.py:188} INFO - [2024-03-12T07:54:59.898+0000] {dagbag.py:540} INFO - Filling up the DagBag from /home/airflow/.local/lib/python3.8/site-packages/airflow/example_dags/example_sensors.py
[2024-03-12T07:54:59.928+0000] {processor.py:840} INFO - DAG(s) 'example_sensors' retrieved from /home/airflow/.local/lib/python3.8/site-packages/airflow/example_dags/example_sensors.py
[2024-03-12T07:54:59.949+0000] {logging_mixin.py:188} INFO - [2024-03-12T07:54:59.949+0000] {dag.py:3047} INFO - Sync 1 DAGs
[2024-03-12T07:54:59.965+0000] {logging_mixin.py:188} INFO - [2024-03-12T07:54:59.964+0000] {dag.py:3834} INFO - Setting next_dagrun for example_sensors to None, run_after=None
[2024-03-12T07:55:00.067+0000] {processor.py:183} INFO - Processing /home/airflow/.local/lib/python3.8/site-packages/airflow/example_dags/example_sensors.py took 0.187 seconds
[2024-03-12T07:55:30.854+0000] {processor.py:161} INFO - Started process (PID=106) to work on /home/airflow/.local/lib/python3.8/site-packages/airflow/example_dags/example_sensors.py
[2024-03-12T07:55:30.855+0000] {processor.py:830} INFO - Processing file /home/airflow/.local/lib/python3.8/site-packages/airflow/example_dags/example_sensors.py for tasks to queue
[2024-03-12T07:55:30.857+0000] {logging_mixin.py:188} INFO - [2024-03-12T07:55:30.857+0000] {dagbag.py:540} INFO - Filling up the DagBag from /home/airflow/.local/lib/python3.8/site-packages/airflow/example_dags/example_sensors.py
[2024-03-12T07:55:30.867+0000] {processor.py:840} INFO - DAG(s) 'example_sensors' retrieved from /home/airflow/.local/lib/python3.8/site-packages/airflow/example_dags/example_sensors.py
[2024-03-12T07:55:30.877+0000] {logging_mixin.py:188} INFO - [2024-03-12T07:55:30.876+0000] {dag.py:3047} INFO - Sync 1 DAGs
[2024-03-12T07:55:30.890+0000] {logging_mixin.py:188} INFO - [2024-03-12T07:55:30.889+0000] {dag.py:3834} INFO - Setting next_dagrun for example_sensors to None, run_after=None
[2024-03-12T07:55:30.906+0000] {processor.py:183} INFO - Processing /home/airflow/.local/lib/python3.8/site-packages/airflow/example_dags/example_sensors.py took 0.056 seconds
[2024-03-12T07:56:01.703+0000] {processor.py:161} INFO - Started process (PID=161) to work on /home/airflow/.local/lib/python3.8/site-packages/airflow/example_dags/example_sensors.py
[2024-03-12T07:56:01.704+0000] {processor.py:830} INFO - Processing file /home/airflow/.local/lib/python3.8/site-packages/airflow/example_dags/example_sensors.py for tasks to queue
[2024-03-12T07:56:01.706+0000] {logging_mixin.py:188} INFO - [2024-03-12T07:56:01.706+0000] {dagbag.py:540} INFO - Filling up the DagBag from /home/airflow/.local/lib/python3.8/site-packages/airflow/example_dags/example_sensors.py
[2024-03-12T07:56:01.721+0000] {processor.py:840} INFO - DAG(s) 'example_sensors' retrieved from /home/airflow/.local/lib/python3.8/site-packages/airflow/example_dags/example_sensors.py
[2024-03-12T07:56:01.833+0000] {logging_mixin.py:188} INFO - [2024-03-12T07:56:01.832+0000] {dag.py:3047} INFO - Sync 1 DAGs
[2024-03-12T07:56:01.845+0000] {logging_mixin.py:188} INFO - [2024-03-12T07:56:01.845+0000] {dag.py:3834} INFO - Setting next_dagrun for example_sensors to None, run_after=None
[2024-03-12T07:56:01.869+0000] {processor.py:183} INFO - Processing /home/airflow/.local/lib/python3.8/site-packages/airflow/example_dags/example_sensors.py took 0.169 seconds
[2024-03-12T07:56:32.591+0000] {processor.py:161} INFO - Started process (PID=216) to work on /home/airflow/.local/lib/python3.8/site-packages/airflow/example_dags/example_sensors.py
[2024-03-12T07:56:32.592+0000] {processor.py:830} INFO - Processing file /home/airflow/.local/lib/python3.8/site-packages/airflow/example_dags/example_sensors.py for tasks to queue
[2024-03-12T07:56:32.594+0000] {logging_mixin.py:188} INFO - [2024-03-12T07:56:32.594+0000] {dagbag.py:540} INFO - Filling up the DagBag from /home/airflow/.local/lib/python3.8/site-packages/airflow/example_dags/example_sensors.py
[2024-03-12T07:56:32.609+0000] {processor.py:840} INFO - DAG(s) 'example_sensors' retrieved from /home/airflow/.local/lib/python3.8/site-packages/airflow/example_dags/example_sensors.py
[2024-03-12T07:56:32.638+0000] {logging_mixin.py:188} INFO - [2024-03-12T07:56:32.637+0000] {dag.py:3047} INFO - Sync 1 DAGs
[2024-03-12T07:56:32.655+0000] {logging_mixin.py:188} INFO - [2024-03-12T07:56:32.655+0000] {dag.py:3834} INFO - Setting next_dagrun for example_sensors to None, run_after=None
[2024-03-12T07:56:32.684+0000] {processor.py:183} INFO - Processing /home/airflow/.local/lib/python3.8/site-packages/airflow/example_dags/example_sensors.py took 0.096 seconds
[2024-03-12T07:57:03.167+0000] {processor.py:161} INFO - Started process (PID=271) to work on /home/airflow/.local/lib/python3.8/site-packages/airflow/example_dags/example_sensors.py
[2024-03-12T07:57:03.168+0000] {processor.py:830} INFO - Processing file /home/airflow/.local/lib/python3.8/site-packages/airflow/example_dags/example_sensors.py for tasks to queue
[2024-03-12T07:57:03.171+0000] {logging_mixin.py:188} INFO - [2024-03-12T07:57:03.170+0000] {dagbag.py:540} INFO - Filling up the DagBag from /home/airflow/.local/lib/python3.8/site-packages/airflow/example_dags/example_sensors.py
[2024-03-12T07:57:03.178+0000] {processor.py:840} INFO - DAG(s) 'example_sensors' retrieved from /home/airflow/.local/lib/python3.8/site-packages/airflow/example_dags/example_sensors.py
[2024-03-12T07:57:03.203+0000] {logging_mixin.py:188} INFO - [2024-03-12T07:57:03.201+0000] {dag.py:3047} INFO - Sync 1 DAGs
[2024-03-12T07:57:03.216+0000] {logging_mixin.py:188} INFO - [2024-03-12T07:57:03.215+0000] {dag.py:3834} INFO - Setting next_dagrun for example_sensors to None, run_after=None
[2024-03-12T07:57:03.235+0000] {processor.py:183} INFO - Processing /home/airflow/.local/lib/python3.8/site-packages/airflow/example_dags/example_sensors.py took 0.070 seconds
[2024-03-12T07:57:33.521+0000] {processor.py:161} INFO - Started process (PID=326) to work on /home/airflow/.local/lib/python3.8/site-packages/airflow/example_dags/example_sensors.py
[2024-03-12T07:57:33.523+0000] {processor.py:830} INFO - Processing file /home/airflow/.local/lib/python3.8/site-packages/airflow/example_dags/example_sensors.py for tasks to queue
[2024-03-12T07:57:33.525+0000] {logging_mixin.py:188} INFO - [2024-03-12T07:57:33.525+0000] {dagbag.py:540} INFO - Filling up the DagBag from /home/airflow/.local/lib/python3.8/site-packages/airflow/example_dags/example_sensors.py
[2024-03-12T07:57:33.539+0000] {processor.py:840} INFO - DAG(s) 'example_sensors' retrieved from /home/airflow/.local/lib/python3.8/site-packages/airflow/example_dags/example_sensors.py
[2024-03-12T07:57:33.571+0000] {logging_mixin.py:188} INFO - [2024-03-12T07:57:33.570+0000] {dag.py:3047} INFO - Sync 1 DAGs
[2024-03-12T07:57:33.588+0000] {logging_mixin.py:188} INFO - [2024-03-12T07:57:33.588+0000] {dag.py:3834} INFO - Setting next_dagrun for example_sensors to None, run_after=None
[2024-03-12T07:57:33.617+0000] {processor.py:183} INFO - Processing /home/airflow/.local/lib/python3.8/site-packages/airflow/example_dags/example_sensors.py took 0.100 seconds
[2024-03-12T07:58:03.841+0000] {processor.py:161} INFO - Started process (PID=381) to work on /home/airflow/.local/lib/python3.8/site-packages/airflow/example_dags/example_sensors.py
[2024-03-12T07:58:03.842+0000] {processor.py:830} INFO - Processing file /home/airflow/.local/lib/python3.8/site-packages/airflow/example_dags/example_sensors.py for tasks to queue
[2024-03-12T07:58:03.843+0000] {logging_mixin.py:188} INFO - [2024-03-12T07:58:03.843+0000] {dagbag.py:540} INFO - Filling up the DagBag from /home/airflow/.local/lib/python3.8/site-packages/airflow/example_dags/example_sensors.py
[2024-03-12T07:58:03.851+0000] {processor.py:840} INFO - DAG(s) 'example_sensors' retrieved from /home/airflow/.local/lib/python3.8/site-packages/airflow/example_dags/example_sensors.py
[2024-03-12T07:58:03.876+0000] {logging_mixin.py:188} INFO - [2024-03-12T07:58:03.876+0000] {dag.py:3047} INFO - Sync 1 DAGs
[2024-03-12T07:58:03.890+0000] {logging_mixin.py:188} INFO - [2024-03-12T07:58:03.890+0000] {dag.py:3834} INFO - Setting next_dagrun for example_sensors to None, run_after=None
[2024-03-12T07:58:03.921+0000] {processor.py:183} INFO - Processing /home/airflow/.local/lib/python3.8/site-packages/airflow/example_dags/example_sensors.py took 0.082 seconds
[2024-03-12T07:58:34.271+0000] {processor.py:161} INFO - Started process (PID=436) to work on /home/airflow/.local/lib/python3.8/site-packages/airflow/example_dags/example_sensors.py
[2024-03-12T07:58:34.272+0000] {processor.py:830} INFO - Processing file /home/airflow/.local/lib/python3.8/site-packages/airflow/example_dags/example_sensors.py for tasks to queue
[2024-03-12T07:58:34.274+0000] {logging_mixin.py:188} INFO - [2024-03-12T07:58:34.274+0000] {dagbag.py:540} INFO - Filling up the DagBag from /home/airflow/.local/lib/python3.8/site-packages/airflow/example_dags/example_sensors.py
[2024-03-12T07:58:34.285+0000] {processor.py:840} INFO - DAG(s) 'example_sensors' retrieved from /home/airflow/.local/lib/python3.8/site-packages/airflow/example_dags/example_sensors.py
[2024-03-12T07:58:34.309+0000] {logging_mixin.py:188} INFO - [2024-03-12T07:58:34.308+0000] {dag.py:3047} INFO - Sync 1 DAGs
[2024-03-12T07:58:34.321+0000] {logging_mixin.py:188} INFO - [2024-03-12T07:58:34.320+0000] {dag.py:3834} INFO - Setting next_dagrun for example_sensors to None, run_after=None
[2024-03-12T07:58:34.340+0000] {processor.py:183} INFO - Processing /home/airflow/.local/lib/python3.8/site-packages/airflow/example_dags/example_sensors.py took 0.070 seconds
