[2024-03-12T07:55:02.829+0000] {processor.py:161} INFO - Started process (PID=70) to work on /home/airflow/.local/lib/python3.8/site-packages/airflow/example_dags/example_latest_only_with_trigger.py
[2024-03-12T07:55:02.831+0000] {processor.py:830} INFO - Processing file /home/airflow/.local/lib/python3.8/site-packages/airflow/example_dags/example_latest_only_with_trigger.py for tasks to queue
[2024-03-12T07:55:02.833+0000] {logging_mixin.py:188} INFO - [2024-03-12T07:55:02.833+0000] {dagbag.py:540} INFO - Filling up the DagBag from /home/airflow/.local/lib/python3.8/site-packages/airflow/example_dags/example_latest_only_with_trigger.py
[2024-03-12T07:55:02.850+0000] {processor.py:840} INFO - DAG(s) 'latest_only_with_trigger' retrieved from /home/airflow/.local/lib/python3.8/site-packages/airflow/example_dags/example_latest_only_with_trigger.py
[2024-03-12T07:55:02.899+0000] {logging_mixin.py:188} INFO - [2024-03-12T07:55:02.899+0000] {dag.py:3047} INFO - Sync 1 DAGs
[2024-03-12T07:55:02.982+0000] {logging_mixin.py:188} INFO - [2024-03-12T07:55:02.982+0000] {dag.py:3834} INFO - Setting next_dagrun for latest_only_with_trigger to 2024-03-12 00:00:00+00:00, run_after=2024-03-12 04:00:00+00:00
[2024-03-12T07:55:03.023+0000] {processor.py:183} INFO - Processing /home/airflow/.local/lib/python3.8/site-packages/airflow/example_dags/example_latest_only_with_trigger.py took 0.208 seconds
[2024-03-12T07:55:33.807+0000] {processor.py:161} INFO - Started process (PID=125) to work on /home/airflow/.local/lib/python3.8/site-packages/airflow/example_dags/example_latest_only_with_trigger.py
[2024-03-12T07:55:33.808+0000] {processor.py:830} INFO - Processing file /home/airflow/.local/lib/python3.8/site-packages/airflow/example_dags/example_latest_only_with_trigger.py for tasks to queue
[2024-03-12T07:55:33.810+0000] {logging_mixin.py:188} INFO - [2024-03-12T07:55:33.809+0000] {dagbag.py:540} INFO - Filling up the DagBag from /home/airflow/.local/lib/python3.8/site-packages/airflow/example_dags/example_latest_only_with_trigger.py
[2024-03-12T07:55:33.814+0000] {processor.py:840} INFO - DAG(s) 'latest_only_with_trigger' retrieved from /home/airflow/.local/lib/python3.8/site-packages/airflow/example_dags/example_latest_only_with_trigger.py
[2024-03-12T07:55:33.827+0000] {logging_mixin.py:188} INFO - [2024-03-12T07:55:33.826+0000] {dag.py:3047} INFO - Sync 1 DAGs
[2024-03-12T07:55:33.851+0000] {logging_mixin.py:188} INFO - [2024-03-12T07:55:33.851+0000] {dag.py:3834} INFO - Setting next_dagrun for latest_only_with_trigger to 2024-03-12 00:00:00+00:00, run_after=2024-03-12 04:00:00+00:00
[2024-03-12T07:55:33.878+0000] {processor.py:183} INFO - Processing /home/airflow/.local/lib/python3.8/site-packages/airflow/example_dags/example_latest_only_with_trigger.py took 0.073 seconds
[2024-03-12T07:56:04.966+0000] {processor.py:161} INFO - Started process (PID=180) to work on /home/airflow/.local/lib/python3.8/site-packages/airflow/example_dags/example_latest_only_with_trigger.py
[2024-03-12T07:56:04.967+0000] {processor.py:830} INFO - Processing file /home/airflow/.local/lib/python3.8/site-packages/airflow/example_dags/example_latest_only_with_trigger.py for tasks to queue
[2024-03-12T07:56:04.970+0000] {logging_mixin.py:188} INFO - [2024-03-12T07:56:04.969+0000] {dagbag.py:540} INFO - Filling up the DagBag from /home/airflow/.local/lib/python3.8/site-packages/airflow/example_dags/example_latest_only_with_trigger.py
[2024-03-12T07:56:04.976+0000] {processor.py:840} INFO - DAG(s) 'latest_only_with_trigger' retrieved from /home/airflow/.local/lib/python3.8/site-packages/airflow/example_dags/example_latest_only_with_trigger.py
[2024-03-12T07:56:05.078+0000] {logging_mixin.py:188} INFO - [2024-03-12T07:56:05.077+0000] {dag.py:3047} INFO - Sync 1 DAGs
[2024-03-12T07:56:05.098+0000] {logging_mixin.py:188} INFO - [2024-03-12T07:56:05.098+0000] {dag.py:3834} INFO - Setting next_dagrun for latest_only_with_trigger to 2024-03-12 00:00:00+00:00, run_after=2024-03-12 04:00:00+00:00
[2024-03-12T07:56:05.117+0000] {processor.py:183} INFO - Processing /home/airflow/.local/lib/python3.8/site-packages/airflow/example_dags/example_latest_only_with_trigger.py took 0.153 seconds
[2024-03-12T07:56:35.248+0000] {processor.py:161} INFO - Started process (PID=235) to work on /home/airflow/.local/lib/python3.8/site-packages/airflow/example_dags/example_latest_only_with_trigger.py
[2024-03-12T07:56:35.249+0000] {processor.py:830} INFO - Processing file /home/airflow/.local/lib/python3.8/site-packages/airflow/example_dags/example_latest_only_with_trigger.py for tasks to queue
[2024-03-12T07:56:35.250+0000] {logging_mixin.py:188} INFO - [2024-03-12T07:56:35.250+0000] {dagbag.py:540} INFO - Filling up the DagBag from /home/airflow/.local/lib/python3.8/site-packages/airflow/example_dags/example_latest_only_with_trigger.py
[2024-03-12T07:56:35.256+0000] {processor.py:840} INFO - DAG(s) 'latest_only_with_trigger' retrieved from /home/airflow/.local/lib/python3.8/site-packages/airflow/example_dags/example_latest_only_with_trigger.py
[2024-03-12T07:56:35.274+0000] {logging_mixin.py:188} INFO - [2024-03-12T07:56:35.273+0000] {dag.py:3047} INFO - Sync 1 DAGs
[2024-03-12T07:56:35.298+0000] {logging_mixin.py:188} INFO - [2024-03-12T07:56:35.298+0000] {dag.py:3834} INFO - Setting next_dagrun for latest_only_with_trigger to 2024-03-12 00:00:00+00:00, run_after=2024-03-12 04:00:00+00:00
[2024-03-12T07:56:35.318+0000] {processor.py:183} INFO - Processing /home/airflow/.local/lib/python3.8/site-packages/airflow/example_dags/example_latest_only_with_trigger.py took 0.073 seconds
[2024-03-12T07:57:05.568+0000] {processor.py:161} INFO - Started process (PID=290) to work on /home/airflow/.local/lib/python3.8/site-packages/airflow/example_dags/example_latest_only_with_trigger.py
[2024-03-12T07:57:05.569+0000] {processor.py:830} INFO - Processing file /home/airflow/.local/lib/python3.8/site-packages/airflow/example_dags/example_latest_only_with_trigger.py for tasks to queue
[2024-03-12T07:57:05.572+0000] {logging_mixin.py:188} INFO - [2024-03-12T07:57:05.571+0000] {dagbag.py:540} INFO - Filling up the DagBag from /home/airflow/.local/lib/python3.8/site-packages/airflow/example_dags/example_latest_only_with_trigger.py
[2024-03-12T07:57:05.577+0000] {processor.py:840} INFO - DAG(s) 'latest_only_with_trigger' retrieved from /home/airflow/.local/lib/python3.8/site-packages/airflow/example_dags/example_latest_only_with_trigger.py
[2024-03-12T07:57:05.599+0000] {logging_mixin.py:188} INFO - [2024-03-12T07:57:05.599+0000] {dag.py:3047} INFO - Sync 1 DAGs
[2024-03-12T07:57:05.626+0000] {logging_mixin.py:188} INFO - [2024-03-12T07:57:05.626+0000] {dag.py:3834} INFO - Setting next_dagrun for latest_only_with_trigger to 2024-03-12 00:00:00+00:00, run_after=2024-03-12 04:00:00+00:00
[2024-03-12T07:57:05.659+0000] {processor.py:183} INFO - Processing /home/airflow/.local/lib/python3.8/site-packages/airflow/example_dags/example_latest_only_with_trigger.py took 0.094 seconds
[2024-03-12T07:57:35.861+0000] {processor.py:161} INFO - Started process (PID=345) to work on /home/airflow/.local/lib/python3.8/site-packages/airflow/example_dags/example_latest_only_with_trigger.py
[2024-03-12T07:57:35.862+0000] {processor.py:830} INFO - Processing file /home/airflow/.local/lib/python3.8/site-packages/airflow/example_dags/example_latest_only_with_trigger.py for tasks to queue
[2024-03-12T07:57:35.864+0000] {logging_mixin.py:188} INFO - [2024-03-12T07:57:35.864+0000] {dagbag.py:540} INFO - Filling up the DagBag from /home/airflow/.local/lib/python3.8/site-packages/airflow/example_dags/example_latest_only_with_trigger.py
[2024-03-12T07:57:35.870+0000] {processor.py:840} INFO - DAG(s) 'latest_only_with_trigger' retrieved from /home/airflow/.local/lib/python3.8/site-packages/airflow/example_dags/example_latest_only_with_trigger.py
[2024-03-12T07:57:35.897+0000] {logging_mixin.py:188} INFO - [2024-03-12T07:57:35.897+0000] {dag.py:3047} INFO - Sync 1 DAGs
[2024-03-12T07:57:35.922+0000] {logging_mixin.py:188} INFO - [2024-03-12T07:57:35.922+0000] {dag.py:3834} INFO - Setting next_dagrun for latest_only_with_trigger to 2024-03-12 00:00:00+00:00, run_after=2024-03-12 04:00:00+00:00
[2024-03-12T07:57:35.943+0000] {processor.py:183} INFO - Processing /home/airflow/.local/lib/python3.8/site-packages/airflow/example_dags/example_latest_only_with_trigger.py took 0.090 seconds
[2024-03-12T07:58:06.311+0000] {processor.py:161} INFO - Started process (PID=400) to work on /home/airflow/.local/lib/python3.8/site-packages/airflow/example_dags/example_latest_only_with_trigger.py
[2024-03-12T07:58:06.313+0000] {processor.py:830} INFO - Processing file /home/airflow/.local/lib/python3.8/site-packages/airflow/example_dags/example_latest_only_with_trigger.py for tasks to queue
[2024-03-12T07:58:06.316+0000] {logging_mixin.py:188} INFO - [2024-03-12T07:58:06.316+0000] {dagbag.py:540} INFO - Filling up the DagBag from /home/airflow/.local/lib/python3.8/site-packages/airflow/example_dags/example_latest_only_with_trigger.py
[2024-03-12T07:58:06.323+0000] {processor.py:840} INFO - DAG(s) 'latest_only_with_trigger' retrieved from /home/airflow/.local/lib/python3.8/site-packages/airflow/example_dags/example_latest_only_with_trigger.py
[2024-03-12T07:58:06.352+0000] {logging_mixin.py:188} INFO - [2024-03-12T07:58:06.351+0000] {dag.py:3047} INFO - Sync 1 DAGs
[2024-03-12T07:58:06.389+0000] {logging_mixin.py:188} INFO - [2024-03-12T07:58:06.389+0000] {dag.py:3834} INFO - Setting next_dagrun for latest_only_with_trigger to 2024-03-12 00:00:00+00:00, run_after=2024-03-12 04:00:00+00:00
[2024-03-12T07:58:06.412+0000] {processor.py:183} INFO - Processing /home/airflow/.local/lib/python3.8/site-packages/airflow/example_dags/example_latest_only_with_trigger.py took 0.104 seconds
[2024-03-12T07:58:36.549+0000] {processor.py:161} INFO - Started process (PID=455) to work on /home/airflow/.local/lib/python3.8/site-packages/airflow/example_dags/example_latest_only_with_trigger.py
[2024-03-12T07:58:36.550+0000] {processor.py:830} INFO - Processing file /home/airflow/.local/lib/python3.8/site-packages/airflow/example_dags/example_latest_only_with_trigger.py for tasks to queue
[2024-03-12T07:58:36.553+0000] {logging_mixin.py:188} INFO - [2024-03-12T07:58:36.552+0000] {dagbag.py:540} INFO - Filling up the DagBag from /home/airflow/.local/lib/python3.8/site-packages/airflow/example_dags/example_latest_only_with_trigger.py
[2024-03-12T07:58:36.559+0000] {processor.py:840} INFO - DAG(s) 'latest_only_with_trigger' retrieved from /home/airflow/.local/lib/python3.8/site-packages/airflow/example_dags/example_latest_only_with_trigger.py
[2024-03-12T07:58:36.578+0000] {logging_mixin.py:188} INFO - [2024-03-12T07:58:36.578+0000] {dag.py:3047} INFO - Sync 1 DAGs
[2024-03-12T07:58:36.606+0000] {logging_mixin.py:188} INFO - [2024-03-12T07:58:36.605+0000] {dag.py:3834} INFO - Setting next_dagrun for latest_only_with_trigger to 2024-03-12 00:00:00+00:00, run_after=2024-03-12 04:00:00+00:00
[2024-03-12T07:58:36.638+0000] {processor.py:183} INFO - Processing /home/airflow/.local/lib/python3.8/site-packages/airflow/example_dags/example_latest_only_with_trigger.py took 0.091 seconds
