[2024-03-12T07:55:05.019+0000] {processor.py:161} INFO - Started process (PID=89) to work on /home/airflow/.local/lib/python3.8/site-packages/airflow/example_dags/example_skip_dag.py
[2024-03-12T07:55:05.023+0000] {processor.py:830} INFO - Processing file /home/airflow/.local/lib/python3.8/site-packages/airflow/example_dags/example_skip_dag.py for tasks to queue
[2024-03-12T07:55:05.027+0000] {logging_mixin.py:188} INFO - [2024-03-12T07:55:05.026+0000] {dagbag.py:540} INFO - Filling up the DagBag from /home/airflow/.local/lib/python3.8/site-packages/airflow/example_dags/example_skip_dag.py
[2024-03-12T07:55:05.038+0000] {processor.py:840} INFO - DAG(s) 'example_skip_dag' retrieved from /home/airflow/.local/lib/python3.8/site-packages/airflow/example_dags/example_skip_dag.py
[2024-03-12T07:55:05.058+0000] {logging_mixin.py:188} INFO - [2024-03-12T07:55:05.057+0000] {dag.py:3047} INFO - Sync 1 DAGs
[2024-03-12T07:55:05.093+0000] {logging_mixin.py:188} INFO - [2024-03-12T07:55:05.093+0000] {dag.py:3834} INFO - Setting next_dagrun for example_skip_dag to 2024-03-11 00:00:00+00:00, run_after=2024-03-12 00:00:00+00:00
[2024-03-12T07:55:05.121+0000] {processor.py:183} INFO - Processing /home/airflow/.local/lib/python3.8/site-packages/airflow/example_dags/example_skip_dag.py took 0.106 seconds
[2024-03-12T07:55:35.930+0000] {processor.py:161} INFO - Started process (PID=144) to work on /home/airflow/.local/lib/python3.8/site-packages/airflow/example_dags/example_skip_dag.py
[2024-03-12T07:55:35.931+0000] {processor.py:830} INFO - Processing file /home/airflow/.local/lib/python3.8/site-packages/airflow/example_dags/example_skip_dag.py for tasks to queue
[2024-03-12T07:55:35.933+0000] {logging_mixin.py:188} INFO - [2024-03-12T07:55:35.933+0000] {dagbag.py:540} INFO - Filling up the DagBag from /home/airflow/.local/lib/python3.8/site-packages/airflow/example_dags/example_skip_dag.py
[2024-03-12T07:55:35.939+0000] {processor.py:840} INFO - DAG(s) 'example_skip_dag' retrieved from /home/airflow/.local/lib/python3.8/site-packages/airflow/example_dags/example_skip_dag.py
[2024-03-12T07:55:35.950+0000] {logging_mixin.py:188} INFO - [2024-03-12T07:55:35.949+0000] {dag.py:3047} INFO - Sync 1 DAGs
[2024-03-12T07:55:35.973+0000] {logging_mixin.py:188} INFO - [2024-03-12T07:55:35.972+0000] {dag.py:3834} INFO - Setting next_dagrun for example_skip_dag to 2024-03-11 00:00:00+00:00, run_after=2024-03-12 00:00:00+00:00
[2024-03-12T07:55:35.998+0000] {processor.py:183} INFO - Processing /home/airflow/.local/lib/python3.8/site-packages/airflow/example_dags/example_skip_dag.py took 0.071 seconds
[2024-03-12T07:56:06.785+0000] {processor.py:161} INFO - Started process (PID=199) to work on /home/airflow/.local/lib/python3.8/site-packages/airflow/example_dags/example_skip_dag.py
[2024-03-12T07:56:06.787+0000] {processor.py:830} INFO - Processing file /home/airflow/.local/lib/python3.8/site-packages/airflow/example_dags/example_skip_dag.py for tasks to queue
[2024-03-12T07:56:06.788+0000] {logging_mixin.py:188} INFO - [2024-03-12T07:56:06.788+0000] {dagbag.py:540} INFO - Filling up the DagBag from /home/airflow/.local/lib/python3.8/site-packages/airflow/example_dags/example_skip_dag.py
[2024-03-12T07:56:06.796+0000] {processor.py:840} INFO - DAG(s) 'example_skip_dag' retrieved from /home/airflow/.local/lib/python3.8/site-packages/airflow/example_dags/example_skip_dag.py
[2024-03-12T07:56:06.898+0000] {logging_mixin.py:188} INFO - [2024-03-12T07:56:06.897+0000] {dag.py:3047} INFO - Sync 1 DAGs
[2024-03-12T07:56:06.922+0000] {logging_mixin.py:188} INFO - [2024-03-12T07:56:06.922+0000] {dag.py:3834} INFO - Setting next_dagrun for example_skip_dag to 2024-03-11 00:00:00+00:00, run_after=2024-03-12 00:00:00+00:00
[2024-03-12T07:56:06.944+0000] {processor.py:183} INFO - Processing /home/airflow/.local/lib/python3.8/site-packages/airflow/example_dags/example_skip_dag.py took 0.161 seconds
[2024-03-12T07:56:37.498+0000] {processor.py:161} INFO - Started process (PID=254) to work on /home/airflow/.local/lib/python3.8/site-packages/airflow/example_dags/example_skip_dag.py
[2024-03-12T07:56:37.499+0000] {processor.py:830} INFO - Processing file /home/airflow/.local/lib/python3.8/site-packages/airflow/example_dags/example_skip_dag.py for tasks to queue
[2024-03-12T07:56:37.500+0000] {logging_mixin.py:188} INFO - [2024-03-12T07:56:37.500+0000] {dagbag.py:540} INFO - Filling up the DagBag from /home/airflow/.local/lib/python3.8/site-packages/airflow/example_dags/example_skip_dag.py
[2024-03-12T07:56:37.507+0000] {processor.py:840} INFO - DAG(s) 'example_skip_dag' retrieved from /home/airflow/.local/lib/python3.8/site-packages/airflow/example_dags/example_skip_dag.py
[2024-03-12T07:56:37.530+0000] {logging_mixin.py:188} INFO - [2024-03-12T07:56:37.529+0000] {dag.py:3047} INFO - Sync 1 DAGs
[2024-03-12T07:56:37.553+0000] {logging_mixin.py:188} INFO - [2024-03-12T07:56:37.553+0000] {dag.py:3834} INFO - Setting next_dagrun for example_skip_dag to 2024-03-11 00:00:00+00:00, run_after=2024-03-12 00:00:00+00:00
[2024-03-12T07:56:37.579+0000] {processor.py:183} INFO - Processing /home/airflow/.local/lib/python3.8/site-packages/airflow/example_dags/example_skip_dag.py took 0.083 seconds
[2024-03-12T07:57:07.771+0000] {processor.py:161} INFO - Started process (PID=309) to work on /home/airflow/.local/lib/python3.8/site-packages/airflow/example_dags/example_skip_dag.py
[2024-03-12T07:57:07.772+0000] {processor.py:830} INFO - Processing file /home/airflow/.local/lib/python3.8/site-packages/airflow/example_dags/example_skip_dag.py for tasks to queue
[2024-03-12T07:57:07.774+0000] {logging_mixin.py:188} INFO - [2024-03-12T07:57:07.774+0000] {dagbag.py:540} INFO - Filling up the DagBag from /home/airflow/.local/lib/python3.8/site-packages/airflow/example_dags/example_skip_dag.py
[2024-03-12T07:57:07.789+0000] {processor.py:840} INFO - DAG(s) 'example_skip_dag' retrieved from /home/airflow/.local/lib/python3.8/site-packages/airflow/example_dags/example_skip_dag.py
[2024-03-12T07:57:07.814+0000] {logging_mixin.py:188} INFO - [2024-03-12T07:57:07.813+0000] {dag.py:3047} INFO - Sync 1 DAGs
[2024-03-12T07:57:07.850+0000] {logging_mixin.py:188} INFO - [2024-03-12T07:57:07.850+0000] {dag.py:3834} INFO - Setting next_dagrun for example_skip_dag to 2024-03-11 00:00:00+00:00, run_after=2024-03-12 00:00:00+00:00
[2024-03-12T07:57:07.877+0000] {processor.py:183} INFO - Processing /home/airflow/.local/lib/python3.8/site-packages/airflow/example_dags/example_skip_dag.py took 0.111 seconds
[2024-03-12T07:57:38.207+0000] {processor.py:161} INFO - Started process (PID=364) to work on /home/airflow/.local/lib/python3.8/site-packages/airflow/example_dags/example_skip_dag.py
[2024-03-12T07:57:38.208+0000] {processor.py:830} INFO - Processing file /home/airflow/.local/lib/python3.8/site-packages/airflow/example_dags/example_skip_dag.py for tasks to queue
[2024-03-12T07:57:38.209+0000] {logging_mixin.py:188} INFO - [2024-03-12T07:57:38.209+0000] {dagbag.py:540} INFO - Filling up the DagBag from /home/airflow/.local/lib/python3.8/site-packages/airflow/example_dags/example_skip_dag.py
[2024-03-12T07:57:38.215+0000] {processor.py:840} INFO - DAG(s) 'example_skip_dag' retrieved from /home/airflow/.local/lib/python3.8/site-packages/airflow/example_dags/example_skip_dag.py
[2024-03-12T07:57:38.242+0000] {logging_mixin.py:188} INFO - [2024-03-12T07:57:38.241+0000] {dag.py:3047} INFO - Sync 1 DAGs
[2024-03-12T07:57:38.266+0000] {logging_mixin.py:188} INFO - [2024-03-12T07:57:38.266+0000] {dag.py:3834} INFO - Setting next_dagrun for example_skip_dag to 2024-03-11 00:00:00+00:00, run_after=2024-03-12 00:00:00+00:00
[2024-03-12T07:57:38.301+0000] {processor.py:183} INFO - Processing /home/airflow/.local/lib/python3.8/site-packages/airflow/example_dags/example_skip_dag.py took 0.097 seconds
[2024-03-12T07:58:08.569+0000] {processor.py:161} INFO - Started process (PID=419) to work on /home/airflow/.local/lib/python3.8/site-packages/airflow/example_dags/example_skip_dag.py
[2024-03-12T07:58:08.570+0000] {processor.py:830} INFO - Processing file /home/airflow/.local/lib/python3.8/site-packages/airflow/example_dags/example_skip_dag.py for tasks to queue
[2024-03-12T07:58:08.573+0000] {logging_mixin.py:188} INFO - [2024-03-12T07:58:08.572+0000] {dagbag.py:540} INFO - Filling up the DagBag from /home/airflow/.local/lib/python3.8/site-packages/airflow/example_dags/example_skip_dag.py
[2024-03-12T07:58:08.578+0000] {processor.py:840} INFO - DAG(s) 'example_skip_dag' retrieved from /home/airflow/.local/lib/python3.8/site-packages/airflow/example_dags/example_skip_dag.py
[2024-03-12T07:58:08.613+0000] {logging_mixin.py:188} INFO - [2024-03-12T07:58:08.613+0000] {dag.py:3047} INFO - Sync 1 DAGs
[2024-03-12T07:58:08.642+0000] {logging_mixin.py:188} INFO - [2024-03-12T07:58:08.642+0000] {dag.py:3834} INFO - Setting next_dagrun for example_skip_dag to 2024-03-11 00:00:00+00:00, run_after=2024-03-12 00:00:00+00:00
[2024-03-12T07:58:08.665+0000] {processor.py:183} INFO - Processing /home/airflow/.local/lib/python3.8/site-packages/airflow/example_dags/example_skip_dag.py took 0.100 seconds
[2024-03-12T07:58:38.860+0000] {processor.py:161} INFO - Started process (PID=474) to work on /home/airflow/.local/lib/python3.8/site-packages/airflow/example_dags/example_skip_dag.py
[2024-03-12T07:58:38.861+0000] {processor.py:830} INFO - Processing file /home/airflow/.local/lib/python3.8/site-packages/airflow/example_dags/example_skip_dag.py for tasks to queue
[2024-03-12T07:58:38.864+0000] {logging_mixin.py:188} INFO - [2024-03-12T07:58:38.864+0000] {dagbag.py:540} INFO - Filling up the DagBag from /home/airflow/.local/lib/python3.8/site-packages/airflow/example_dags/example_skip_dag.py
[2024-03-12T07:58:38.872+0000] {processor.py:840} INFO - DAG(s) 'example_skip_dag' retrieved from /home/airflow/.local/lib/python3.8/site-packages/airflow/example_dags/example_skip_dag.py
[2024-03-12T07:58:38.900+0000] {logging_mixin.py:188} INFO - [2024-03-12T07:58:38.899+0000] {dag.py:3047} INFO - Sync 1 DAGs
[2024-03-12T07:58:38.946+0000] {logging_mixin.py:188} INFO - [2024-03-12T07:58:38.946+0000] {dag.py:3834} INFO - Setting next_dagrun for example_skip_dag to 2024-03-11 00:00:00+00:00, run_after=2024-03-12 00:00:00+00:00
[2024-03-12T07:58:38.985+0000] {processor.py:183} INFO - Processing /home/airflow/.local/lib/python3.8/site-packages/airflow/example_dags/example_skip_dag.py took 0.128 seconds
