[2024-03-12T07:55:00.001+0000] {processor.py:161} INFO - Started process (PID=52) to work on /home/airflow/.local/lib/python3.8/site-packages/airflow/example_dags/example_complex.py
[2024-03-12T07:55:00.002+0000] {processor.py:830} INFO - Processing file /home/airflow/.local/lib/python3.8/site-packages/airflow/example_dags/example_complex.py for tasks to queue
[2024-03-12T07:55:00.003+0000] {logging_mixin.py:188} INFO - [2024-03-12T07:55:00.003+0000] {dagbag.py:540} INFO - Filling up the DagBag from /home/airflow/.local/lib/python3.8/site-packages/airflow/example_dags/example_complex.py
[2024-03-12T07:55:00.021+0000] {processor.py:840} INFO - DAG(s) 'example_complex' retrieved from /home/airflow/.local/lib/python3.8/site-packages/airflow/example_dags/example_complex.py
[2024-03-12T07:55:00.035+0000] {logging_mixin.py:188} INFO - [2024-03-12T07:55:00.035+0000] {dag.py:3047} INFO - Sync 1 DAGs
[2024-03-12T07:55:00.050+0000] {logging_mixin.py:188} INFO - [2024-03-12T07:55:00.050+0000] {dag.py:3834} INFO - Setting next_dagrun for example_complex to None, run_after=None
[2024-03-12T07:55:00.079+0000] {processor.py:183} INFO - Processing /home/airflow/.local/lib/python3.8/site-packages/airflow/example_dags/example_complex.py took 0.081 seconds
[2024-03-12T07:55:31.870+0000] {processor.py:161} INFO - Started process (PID=107) to work on /home/airflow/.local/lib/python3.8/site-packages/airflow/example_dags/example_complex.py
[2024-03-12T07:55:31.871+0000] {processor.py:830} INFO - Processing file /home/airflow/.local/lib/python3.8/site-packages/airflow/example_dags/example_complex.py for tasks to queue
[2024-03-12T07:55:31.873+0000] {logging_mixin.py:188} INFO - [2024-03-12T07:55:31.873+0000] {dagbag.py:540} INFO - Filling up the DagBag from /home/airflow/.local/lib/python3.8/site-packages/airflow/example_dags/example_complex.py
[2024-03-12T07:55:31.886+0000] {processor.py:840} INFO - DAG(s) 'example_complex' retrieved from /home/airflow/.local/lib/python3.8/site-packages/airflow/example_dags/example_complex.py
[2024-03-12T07:55:31.900+0000] {logging_mixin.py:188} INFO - [2024-03-12T07:55:31.899+0000] {dag.py:3047} INFO - Sync 1 DAGs
[2024-03-12T07:55:31.913+0000] {logging_mixin.py:188} INFO - [2024-03-12T07:55:31.913+0000] {dag.py:3834} INFO - Setting next_dagrun for example_complex to None, run_after=None
[2024-03-12T07:55:31.946+0000] {processor.py:183} INFO - Processing /home/airflow/.local/lib/python3.8/site-packages/airflow/example_dags/example_complex.py took 0.079 seconds
[2024-03-12T07:56:02.906+0000] {processor.py:161} INFO - Started process (PID=162) to work on /home/airflow/.local/lib/python3.8/site-packages/airflow/example_dags/example_complex.py
[2024-03-12T07:56:02.907+0000] {processor.py:830} INFO - Processing file /home/airflow/.local/lib/python3.8/site-packages/airflow/example_dags/example_complex.py for tasks to queue
[2024-03-12T07:56:02.909+0000] {logging_mixin.py:188} INFO - [2024-03-12T07:56:02.909+0000] {dagbag.py:540} INFO - Filling up the DagBag from /home/airflow/.local/lib/python3.8/site-packages/airflow/example_dags/example_complex.py
[2024-03-12T07:56:02.921+0000] {processor.py:840} INFO - DAG(s) 'example_complex' retrieved from /home/airflow/.local/lib/python3.8/site-packages/airflow/example_dags/example_complex.py
[2024-03-12T07:56:03.043+0000] {logging_mixin.py:188} INFO - [2024-03-12T07:56:03.043+0000] {dag.py:3047} INFO - Sync 1 DAGs
[2024-03-12T07:56:03.055+0000] {logging_mixin.py:188} INFO - [2024-03-12T07:56:03.055+0000] {dag.py:3834} INFO - Setting next_dagrun for example_complex to None, run_after=None
[2024-03-12T07:56:03.084+0000] {processor.py:183} INFO - Processing /home/airflow/.local/lib/python3.8/site-packages/airflow/example_dags/example_complex.py took 0.181 seconds
[2024-03-12T07:56:33.747+0000] {processor.py:161} INFO - Started process (PID=217) to work on /home/airflow/.local/lib/python3.8/site-packages/airflow/example_dags/example_complex.py
[2024-03-12T07:56:33.749+0000] {processor.py:830} INFO - Processing file /home/airflow/.local/lib/python3.8/site-packages/airflow/example_dags/example_complex.py for tasks to queue
[2024-03-12T07:56:33.756+0000] {logging_mixin.py:188} INFO - [2024-03-12T07:56:33.756+0000] {dagbag.py:540} INFO - Filling up the DagBag from /home/airflow/.local/lib/python3.8/site-packages/airflow/example_dags/example_complex.py
[2024-03-12T07:56:33.783+0000] {processor.py:840} INFO - DAG(s) 'example_complex' retrieved from /home/airflow/.local/lib/python3.8/site-packages/airflow/example_dags/example_complex.py
[2024-03-12T07:56:33.835+0000] {logging_mixin.py:188} INFO - [2024-03-12T07:56:33.835+0000] {dag.py:3047} INFO - Sync 1 DAGs
[2024-03-12T07:56:33.862+0000] {logging_mixin.py:188} INFO - [2024-03-12T07:56:33.862+0000] {dag.py:3834} INFO - Setting next_dagrun for example_complex to None, run_after=None
[2024-03-12T07:56:33.902+0000] {processor.py:183} INFO - Processing /home/airflow/.local/lib/python3.8/site-packages/airflow/example_dags/example_complex.py took 0.158 seconds
[2024-03-12T07:57:04.327+0000] {processor.py:161} INFO - Started process (PID=272) to work on /home/airflow/.local/lib/python3.8/site-packages/airflow/example_dags/example_complex.py
[2024-03-12T07:57:04.328+0000] {processor.py:830} INFO - Processing file /home/airflow/.local/lib/python3.8/site-packages/airflow/example_dags/example_complex.py for tasks to queue
[2024-03-12T07:57:04.345+0000] {logging_mixin.py:188} INFO - [2024-03-12T07:57:04.344+0000] {dagbag.py:540} INFO - Filling up the DagBag from /home/airflow/.local/lib/python3.8/site-packages/airflow/example_dags/example_complex.py
[2024-03-12T07:57:04.366+0000] {processor.py:840} INFO - DAG(s) 'example_complex' retrieved from /home/airflow/.local/lib/python3.8/site-packages/airflow/example_dags/example_complex.py
[2024-03-12T07:57:04.416+0000] {logging_mixin.py:188} INFO - [2024-03-12T07:57:04.416+0000] {dag.py:3047} INFO - Sync 1 DAGs
[2024-03-12T07:57:04.443+0000] {logging_mixin.py:188} INFO - [2024-03-12T07:57:04.442+0000] {dag.py:3834} INFO - Setting next_dagrun for example_complex to None, run_after=None
[2024-03-12T07:57:04.479+0000] {processor.py:183} INFO - Processing /home/airflow/.local/lib/python3.8/site-packages/airflow/example_dags/example_complex.py took 0.155 seconds
[2024-03-12T07:57:34.659+0000] {processor.py:161} INFO - Started process (PID=327) to work on /home/airflow/.local/lib/python3.8/site-packages/airflow/example_dags/example_complex.py
[2024-03-12T07:57:34.660+0000] {processor.py:830} INFO - Processing file /home/airflow/.local/lib/python3.8/site-packages/airflow/example_dags/example_complex.py for tasks to queue
[2024-03-12T07:57:34.662+0000] {logging_mixin.py:188} INFO - [2024-03-12T07:57:34.662+0000] {dagbag.py:540} INFO - Filling up the DagBag from /home/airflow/.local/lib/python3.8/site-packages/airflow/example_dags/example_complex.py
[2024-03-12T07:57:34.680+0000] {processor.py:840} INFO - DAG(s) 'example_complex' retrieved from /home/airflow/.local/lib/python3.8/site-packages/airflow/example_dags/example_complex.py
[2024-03-12T07:57:34.722+0000] {logging_mixin.py:188} INFO - [2024-03-12T07:57:34.722+0000] {dag.py:3047} INFO - Sync 1 DAGs
[2024-03-12T07:57:34.733+0000] {logging_mixin.py:188} INFO - [2024-03-12T07:57:34.733+0000] {dag.py:3834} INFO - Setting next_dagrun for example_complex to None, run_after=None
[2024-03-12T07:57:34.760+0000] {processor.py:183} INFO - Processing /home/airflow/.local/lib/python3.8/site-packages/airflow/example_dags/example_complex.py took 0.103 seconds
[2024-03-12T07:58:04.977+0000] {processor.py:161} INFO - Started process (PID=382) to work on /home/airflow/.local/lib/python3.8/site-packages/airflow/example_dags/example_complex.py
[2024-03-12T07:58:04.978+0000] {processor.py:830} INFO - Processing file /home/airflow/.local/lib/python3.8/site-packages/airflow/example_dags/example_complex.py for tasks to queue
[2024-03-12T07:58:04.979+0000] {logging_mixin.py:188} INFO - [2024-03-12T07:58:04.979+0000] {dagbag.py:540} INFO - Filling up the DagBag from /home/airflow/.local/lib/python3.8/site-packages/airflow/example_dags/example_complex.py
[2024-03-12T07:58:04.990+0000] {processor.py:840} INFO - DAG(s) 'example_complex' retrieved from /home/airflow/.local/lib/python3.8/site-packages/airflow/example_dags/example_complex.py
[2024-03-12T07:58:05.024+0000] {logging_mixin.py:188} INFO - [2024-03-12T07:58:05.024+0000] {dag.py:3047} INFO - Sync 1 DAGs
[2024-03-12T07:58:05.035+0000] {logging_mixin.py:188} INFO - [2024-03-12T07:58:05.035+0000] {dag.py:3834} INFO - Setting next_dagrun for example_complex to None, run_after=None
[2024-03-12T07:58:05.054+0000] {processor.py:183} INFO - Processing /home/airflow/.local/lib/python3.8/site-packages/airflow/example_dags/example_complex.py took 0.079 seconds
[2024-03-12T07:58:35.378+0000] {processor.py:161} INFO - Started process (PID=437) to work on /home/airflow/.local/lib/python3.8/site-packages/airflow/example_dags/example_complex.py
[2024-03-12T07:58:35.379+0000] {processor.py:830} INFO - Processing file /home/airflow/.local/lib/python3.8/site-packages/airflow/example_dags/example_complex.py for tasks to queue
[2024-03-12T07:58:35.381+0000] {logging_mixin.py:188} INFO - [2024-03-12T07:58:35.380+0000] {dagbag.py:540} INFO - Filling up the DagBag from /home/airflow/.local/lib/python3.8/site-packages/airflow/example_dags/example_complex.py
[2024-03-12T07:58:35.395+0000] {processor.py:840} INFO - DAG(s) 'example_complex' retrieved from /home/airflow/.local/lib/python3.8/site-packages/airflow/example_dags/example_complex.py
[2024-03-12T07:58:35.431+0000] {logging_mixin.py:188} INFO - [2024-03-12T07:58:35.430+0000] {dag.py:3047} INFO - Sync 1 DAGs
[2024-03-12T07:58:35.445+0000] {logging_mixin.py:188} INFO - [2024-03-12T07:58:35.445+0000] {dag.py:3834} INFO - Setting next_dagrun for example_complex to None, run_after=None
[2024-03-12T07:58:35.470+0000] {processor.py:183} INFO - Processing /home/airflow/.local/lib/python3.8/site-packages/airflow/example_dags/example_complex.py took 0.096 seconds
