[2024-03-12T07:55:03.216+0000] {processor.py:161} INFO - Started process (PID=73) to work on /home/airflow/.local/lib/python3.8/site-packages/airflow/example_dags/example_datasets.py
[2024-03-12T07:55:03.219+0000] {processor.py:830} INFO - Processing file /home/airflow/.local/lib/python3.8/site-packages/airflow/example_dags/example_datasets.py for tasks to queue
[2024-03-12T07:55:03.223+0000] {logging_mixin.py:188} INFO - [2024-03-12T07:55:03.223+0000] {dagbag.py:540} INFO - Filling up the DagBag from /home/airflow/.local/lib/python3.8/site-packages/airflow/example_dags/example_datasets.py
[2024-03-12T07:55:03.255+0000] {processor.py:840} INFO - DAG(s) 'dataset_produces_2', 'dataset_consumes_1', 'dataset_produces_1', 'dataset_consumes_unknown_never_scheduled', 'dataset_consumes_1_and_2', 'dataset_consumes_1_never_scheduled' retrieved from /home/airflow/.local/lib/python3.8/site-packages/airflow/example_dags/example_datasets.py
[2024-03-12T07:55:03.300+0000] {logging_mixin.py:188} INFO - [2024-03-12T07:55:03.290+0000] {dag.py:3047} INFO - Sync 6 DAGs
[2024-03-12T07:55:03.368+0000] {logging_mixin.py:188} INFO - [2024-03-12T07:55:03.367+0000] {dag.py:3834} INFO - Setting next_dagrun for dataset_consumes_1 to None, run_after=None
[2024-03-12T07:55:03.372+0000] {logging_mixin.py:188} INFO - [2024-03-12T07:55:03.372+0000] {dag.py:3834} INFO - Setting next_dagrun for dataset_consumes_1_and_2 to None, run_after=None
[2024-03-12T07:55:03.375+0000] {logging_mixin.py:188} INFO - [2024-03-12T07:55:03.375+0000] {dag.py:3834} INFO - Setting next_dagrun for dataset_consumes_1_never_scheduled to None, run_after=None
[2024-03-12T07:55:03.380+0000] {logging_mixin.py:188} INFO - [2024-03-12T07:55:03.380+0000] {dag.py:3834} INFO - Setting next_dagrun for dataset_consumes_unknown_never_scheduled to None, run_after=None
[2024-03-12T07:55:03.386+0000] {logging_mixin.py:188} INFO - [2024-03-12T07:55:03.386+0000] {dag.py:3834} INFO - Setting next_dagrun for dataset_produces_1 to 2024-03-11 00:00:00+00:00, run_after=2024-03-12 00:00:00+00:00
[2024-03-12T07:55:03.398+0000] {logging_mixin.py:188} INFO - [2024-03-12T07:55:03.395+0000] {dag.py:3834} INFO - Setting next_dagrun for dataset_produces_2 to None, run_after=None
[2024-03-12T07:55:03.537+0000] {processor.py:183} INFO - Processing /home/airflow/.local/lib/python3.8/site-packages/airflow/example_dags/example_datasets.py took 0.333 seconds
[2024-03-12T07:55:34.018+0000] {processor.py:161} INFO - Started process (PID=128) to work on /home/airflow/.local/lib/python3.8/site-packages/airflow/example_dags/example_datasets.py
[2024-03-12T07:55:34.020+0000] {processor.py:830} INFO - Processing file /home/airflow/.local/lib/python3.8/site-packages/airflow/example_dags/example_datasets.py for tasks to queue
[2024-03-12T07:55:34.022+0000] {logging_mixin.py:188} INFO - [2024-03-12T07:55:34.021+0000] {dagbag.py:540} INFO - Filling up the DagBag from /home/airflow/.local/lib/python3.8/site-packages/airflow/example_dags/example_datasets.py
[2024-03-12T07:55:34.041+0000] {processor.py:840} INFO - DAG(s) 'dataset_consumes_1_and_2', 'dataset_consumes_1', 'dataset_consumes_1_never_scheduled', 'dataset_consumes_unknown_never_scheduled', 'dataset_produces_1', 'dataset_produces_2' retrieved from /home/airflow/.local/lib/python3.8/site-packages/airflow/example_dags/example_datasets.py
[2024-03-12T07:55:34.067+0000] {logging_mixin.py:188} INFO - [2024-03-12T07:55:34.067+0000] {dag.py:3047} INFO - Sync 6 DAGs
[2024-03-12T07:55:34.098+0000] {logging_mixin.py:188} INFO - [2024-03-12T07:55:34.098+0000] {dag.py:3834} INFO - Setting next_dagrun for dataset_consumes_1 to None, run_after=None
[2024-03-12T07:55:34.103+0000] {logging_mixin.py:188} INFO - [2024-03-12T07:55:34.102+0000] {dag.py:3834} INFO - Setting next_dagrun for dataset_consumes_1_and_2 to None, run_after=None
[2024-03-12T07:55:34.105+0000] {logging_mixin.py:188} INFO - [2024-03-12T07:55:34.105+0000] {dag.py:3834} INFO - Setting next_dagrun for dataset_consumes_1_never_scheduled to None, run_after=None
[2024-03-12T07:55:34.109+0000] {logging_mixin.py:188} INFO - [2024-03-12T07:55:34.109+0000] {dag.py:3834} INFO - Setting next_dagrun for dataset_consumes_unknown_never_scheduled to None, run_after=None
[2024-03-12T07:55:34.113+0000] {logging_mixin.py:188} INFO - [2024-03-12T07:55:34.113+0000] {dag.py:3834} INFO - Setting next_dagrun for dataset_produces_1 to 2024-03-11 00:00:00+00:00, run_after=2024-03-12 00:00:00+00:00
[2024-03-12T07:55:34.115+0000] {logging_mixin.py:188} INFO - [2024-03-12T07:55:34.115+0000] {dag.py:3834} INFO - Setting next_dagrun for dataset_produces_2 to None, run_after=None
[2024-03-12T07:55:34.163+0000] {processor.py:183} INFO - Processing /home/airflow/.local/lib/python3.8/site-packages/airflow/example_dags/example_datasets.py took 0.147 seconds
[2024-03-12T07:56:05.178+0000] {processor.py:161} INFO - Started process (PID=183) to work on /home/airflow/.local/lib/python3.8/site-packages/airflow/example_dags/example_datasets.py
[2024-03-12T07:56:05.178+0000] {processor.py:830} INFO - Processing file /home/airflow/.local/lib/python3.8/site-packages/airflow/example_dags/example_datasets.py for tasks to queue
[2024-03-12T07:56:05.180+0000] {logging_mixin.py:188} INFO - [2024-03-12T07:56:05.180+0000] {dagbag.py:540} INFO - Filling up the DagBag from /home/airflow/.local/lib/python3.8/site-packages/airflow/example_dags/example_datasets.py
[2024-03-12T07:56:05.190+0000] {processor.py:840} INFO - DAG(s) 'dataset_consumes_unknown_never_scheduled', 'dataset_produces_2', 'dataset_consumes_1_and_2', 'dataset_produces_1', 'dataset_consumes_1_never_scheduled', 'dataset_consumes_1' retrieved from /home/airflow/.local/lib/python3.8/site-packages/airflow/example_dags/example_datasets.py
[2024-03-12T07:56:05.392+0000] {logging_mixin.py:188} INFO - [2024-03-12T07:56:05.392+0000] {dag.py:3047} INFO - Sync 6 DAGs
[2024-03-12T07:56:05.415+0000] {logging_mixin.py:188} INFO - [2024-03-12T07:56:05.415+0000] {dag.py:3834} INFO - Setting next_dagrun for dataset_consumes_1 to None, run_after=None
[2024-03-12T07:56:05.418+0000] {logging_mixin.py:188} INFO - [2024-03-12T07:56:05.418+0000] {dag.py:3834} INFO - Setting next_dagrun for dataset_consumes_1_and_2 to None, run_after=None
[2024-03-12T07:56:05.420+0000] {logging_mixin.py:188} INFO - [2024-03-12T07:56:05.420+0000] {dag.py:3834} INFO - Setting next_dagrun for dataset_consumes_1_never_scheduled to None, run_after=None
[2024-03-12T07:56:05.422+0000] {logging_mixin.py:188} INFO - [2024-03-12T07:56:05.422+0000] {dag.py:3834} INFO - Setting next_dagrun for dataset_consumes_unknown_never_scheduled to None, run_after=None
[2024-03-12T07:56:05.425+0000] {logging_mixin.py:188} INFO - [2024-03-12T07:56:05.425+0000] {dag.py:3834} INFO - Setting next_dagrun for dataset_produces_1 to 2024-03-11 00:00:00+00:00, run_after=2024-03-12 00:00:00+00:00
[2024-03-12T07:56:05.427+0000] {logging_mixin.py:188} INFO - [2024-03-12T07:56:05.427+0000] {dag.py:3834} INFO - Setting next_dagrun for dataset_produces_2 to None, run_after=None
[2024-03-12T07:56:05.460+0000] {processor.py:183} INFO - Processing /home/airflow/.local/lib/python3.8/site-packages/airflow/example_dags/example_datasets.py took 0.284 seconds
[2024-03-12T07:56:36.366+0000] {processor.py:161} INFO - Started process (PID=238) to work on /home/airflow/.local/lib/python3.8/site-packages/airflow/example_dags/example_datasets.py
[2024-03-12T07:56:36.367+0000] {processor.py:830} INFO - Processing file /home/airflow/.local/lib/python3.8/site-packages/airflow/example_dags/example_datasets.py for tasks to queue
[2024-03-12T07:56:36.369+0000] {logging_mixin.py:188} INFO - [2024-03-12T07:56:36.369+0000] {dagbag.py:540} INFO - Filling up the DagBag from /home/airflow/.local/lib/python3.8/site-packages/airflow/example_dags/example_datasets.py
[2024-03-12T07:56:36.380+0000] {processor.py:840} INFO - DAG(s) 'dataset_consumes_1_and_2', 'dataset_produces_1', 'dataset_produces_2', 'dataset_consumes_1_never_scheduled', 'dataset_consumes_unknown_never_scheduled', 'dataset_consumes_1' retrieved from /home/airflow/.local/lib/python3.8/site-packages/airflow/example_dags/example_datasets.py
[2024-03-12T07:56:36.428+0000] {logging_mixin.py:188} INFO - [2024-03-12T07:56:36.426+0000] {dag.py:3047} INFO - Sync 6 DAGs
[2024-03-12T07:56:36.460+0000] {logging_mixin.py:188} INFO - [2024-03-12T07:56:36.460+0000] {dag.py:3834} INFO - Setting next_dagrun for dataset_consumes_1 to None, run_after=None
[2024-03-12T07:56:36.466+0000] {logging_mixin.py:188} INFO - [2024-03-12T07:56:36.465+0000] {dag.py:3834} INFO - Setting next_dagrun for dataset_consumes_1_and_2 to None, run_after=None
[2024-03-12T07:56:36.468+0000] {logging_mixin.py:188} INFO - [2024-03-12T07:56:36.468+0000] {dag.py:3834} INFO - Setting next_dagrun for dataset_consumes_1_never_scheduled to None, run_after=None
[2024-03-12T07:56:36.471+0000] {logging_mixin.py:188} INFO - [2024-03-12T07:56:36.471+0000] {dag.py:3834} INFO - Setting next_dagrun for dataset_consumes_unknown_never_scheduled to None, run_after=None
[2024-03-12T07:56:36.478+0000] {logging_mixin.py:188} INFO - [2024-03-12T07:56:36.478+0000] {dag.py:3834} INFO - Setting next_dagrun for dataset_produces_1 to 2024-03-11 00:00:00+00:00, run_after=2024-03-12 00:00:00+00:00
[2024-03-12T07:56:36.480+0000] {logging_mixin.py:188} INFO - [2024-03-12T07:56:36.480+0000] {dag.py:3834} INFO - Setting next_dagrun for dataset_produces_2 to None, run_after=None
[2024-03-12T07:56:36.522+0000] {processor.py:183} INFO - Processing /home/airflow/.local/lib/python3.8/site-packages/airflow/example_dags/example_datasets.py took 0.158 seconds
[2024-03-12T07:57:06.781+0000] {processor.py:161} INFO - Started process (PID=293) to work on /home/airflow/.local/lib/python3.8/site-packages/airflow/example_dags/example_datasets.py
[2024-03-12T07:57:06.782+0000] {processor.py:830} INFO - Processing file /home/airflow/.local/lib/python3.8/site-packages/airflow/example_dags/example_datasets.py for tasks to queue
[2024-03-12T07:57:06.783+0000] {logging_mixin.py:188} INFO - [2024-03-12T07:57:06.783+0000] {dagbag.py:540} INFO - Filling up the DagBag from /home/airflow/.local/lib/python3.8/site-packages/airflow/example_dags/example_datasets.py
[2024-03-12T07:57:06.794+0000] {processor.py:840} INFO - DAG(s) 'dataset_consumes_unknown_never_scheduled', 'dataset_produces_2', 'dataset_consumes_1', 'dataset_consumes_1_never_scheduled', 'dataset_consumes_1_and_2', 'dataset_produces_1' retrieved from /home/airflow/.local/lib/python3.8/site-packages/airflow/example_dags/example_datasets.py
[2024-03-12T07:57:06.828+0000] {logging_mixin.py:188} INFO - [2024-03-12T07:57:06.827+0000] {dag.py:3047} INFO - Sync 6 DAGs
[2024-03-12T07:57:06.851+0000] {logging_mixin.py:188} INFO - [2024-03-12T07:57:06.851+0000] {dag.py:3834} INFO - Setting next_dagrun for dataset_consumes_1 to None, run_after=None
[2024-03-12T07:57:06.856+0000] {logging_mixin.py:188} INFO - [2024-03-12T07:57:06.855+0000] {dag.py:3834} INFO - Setting next_dagrun for dataset_consumes_1_and_2 to None, run_after=None
[2024-03-12T07:57:06.858+0000] {logging_mixin.py:188} INFO - [2024-03-12T07:57:06.857+0000] {dag.py:3834} INFO - Setting next_dagrun for dataset_consumes_1_never_scheduled to None, run_after=None
[2024-03-12T07:57:06.859+0000] {logging_mixin.py:188} INFO - [2024-03-12T07:57:06.859+0000] {dag.py:3834} INFO - Setting next_dagrun for dataset_consumes_unknown_never_scheduled to None, run_after=None
[2024-03-12T07:57:06.863+0000] {logging_mixin.py:188} INFO - [2024-03-12T07:57:06.863+0000] {dag.py:3834} INFO - Setting next_dagrun for dataset_produces_1 to 2024-03-11 00:00:00+00:00, run_after=2024-03-12 00:00:00+00:00
[2024-03-12T07:57:06.865+0000] {logging_mixin.py:188} INFO - [2024-03-12T07:57:06.865+0000] {dag.py:3834} INFO - Setting next_dagrun for dataset_produces_2 to None, run_after=None
[2024-03-12T07:57:06.897+0000] {processor.py:183} INFO - Processing /home/airflow/.local/lib/python3.8/site-packages/airflow/example_dags/example_datasets.py took 0.119 seconds
[2024-03-12T07:57:37.043+0000] {processor.py:161} INFO - Started process (PID=348) to work on /home/airflow/.local/lib/python3.8/site-packages/airflow/example_dags/example_datasets.py
[2024-03-12T07:57:37.044+0000] {processor.py:830} INFO - Processing file /home/airflow/.local/lib/python3.8/site-packages/airflow/example_dags/example_datasets.py for tasks to queue
[2024-03-12T07:57:37.046+0000] {logging_mixin.py:188} INFO - [2024-03-12T07:57:37.046+0000] {dagbag.py:540} INFO - Filling up the DagBag from /home/airflow/.local/lib/python3.8/site-packages/airflow/example_dags/example_datasets.py
[2024-03-12T07:57:37.055+0000] {processor.py:840} INFO - DAG(s) 'dataset_produces_2', 'dataset_consumes_unknown_never_scheduled', 'dataset_consumes_1', 'dataset_consumes_1_never_scheduled', 'dataset_consumes_1_and_2', 'dataset_produces_1' retrieved from /home/airflow/.local/lib/python3.8/site-packages/airflow/example_dags/example_datasets.py
[2024-03-12T07:57:37.097+0000] {logging_mixin.py:188} INFO - [2024-03-12T07:57:37.096+0000] {dag.py:3047} INFO - Sync 6 DAGs
[2024-03-12T07:57:37.120+0000] {logging_mixin.py:188} INFO - [2024-03-12T07:57:37.120+0000] {dag.py:3834} INFO - Setting next_dagrun for dataset_consumes_1 to None, run_after=None
[2024-03-12T07:57:37.125+0000] {logging_mixin.py:188} INFO - [2024-03-12T07:57:37.125+0000] {dag.py:3834} INFO - Setting next_dagrun for dataset_consumes_1_and_2 to None, run_after=None
[2024-03-12T07:57:37.127+0000] {logging_mixin.py:188} INFO - [2024-03-12T07:57:37.127+0000] {dag.py:3834} INFO - Setting next_dagrun for dataset_consumes_1_never_scheduled to None, run_after=None
[2024-03-12T07:57:37.129+0000] {logging_mixin.py:188} INFO - [2024-03-12T07:57:37.128+0000] {dag.py:3834} INFO - Setting next_dagrun for dataset_consumes_unknown_never_scheduled to None, run_after=None
[2024-03-12T07:57:37.132+0000] {logging_mixin.py:188} INFO - [2024-03-12T07:57:37.132+0000] {dag.py:3834} INFO - Setting next_dagrun for dataset_produces_1 to 2024-03-11 00:00:00+00:00, run_after=2024-03-12 00:00:00+00:00
[2024-03-12T07:57:37.133+0000] {logging_mixin.py:188} INFO - [2024-03-12T07:57:37.133+0000] {dag.py:3834} INFO - Setting next_dagrun for dataset_produces_2 to None, run_after=None
[2024-03-12T07:57:37.180+0000] {processor.py:183} INFO - Processing /home/airflow/.local/lib/python3.8/site-packages/airflow/example_dags/example_datasets.py took 0.139 seconds
[2024-03-12T07:58:07.480+0000] {processor.py:161} INFO - Started process (PID=403) to work on /home/airflow/.local/lib/python3.8/site-packages/airflow/example_dags/example_datasets.py
[2024-03-12T07:58:07.481+0000] {processor.py:830} INFO - Processing file /home/airflow/.local/lib/python3.8/site-packages/airflow/example_dags/example_datasets.py for tasks to queue
[2024-03-12T07:58:07.483+0000] {logging_mixin.py:188} INFO - [2024-03-12T07:58:07.483+0000] {dagbag.py:540} INFO - Filling up the DagBag from /home/airflow/.local/lib/python3.8/site-packages/airflow/example_dags/example_datasets.py
[2024-03-12T07:58:07.493+0000] {processor.py:840} INFO - DAG(s) 'dataset_consumes_1_and_2', 'dataset_consumes_1', 'dataset_consumes_unknown_never_scheduled', 'dataset_consumes_1_never_scheduled', 'dataset_produces_1', 'dataset_produces_2' retrieved from /home/airflow/.local/lib/python3.8/site-packages/airflow/example_dags/example_datasets.py
[2024-03-12T07:58:07.536+0000] {logging_mixin.py:188} INFO - [2024-03-12T07:58:07.535+0000] {dag.py:3047} INFO - Sync 6 DAGs
[2024-03-12T07:58:07.559+0000] {logging_mixin.py:188} INFO - [2024-03-12T07:58:07.559+0000] {dag.py:3834} INFO - Setting next_dagrun for dataset_consumes_1 to None, run_after=None
[2024-03-12T07:58:07.563+0000] {logging_mixin.py:188} INFO - [2024-03-12T07:58:07.563+0000] {dag.py:3834} INFO - Setting next_dagrun for dataset_consumes_1_and_2 to None, run_after=None
[2024-03-12T07:58:07.565+0000] {logging_mixin.py:188} INFO - [2024-03-12T07:58:07.565+0000] {dag.py:3834} INFO - Setting next_dagrun for dataset_consumes_1_never_scheduled to None, run_after=None
[2024-03-12T07:58:07.567+0000] {logging_mixin.py:188} INFO - [2024-03-12T07:58:07.567+0000] {dag.py:3834} INFO - Setting next_dagrun for dataset_consumes_unknown_never_scheduled to None, run_after=None
[2024-03-12T07:58:07.574+0000] {logging_mixin.py:188} INFO - [2024-03-12T07:58:07.574+0000] {dag.py:3834} INFO - Setting next_dagrun for dataset_produces_1 to 2024-03-11 00:00:00+00:00, run_after=2024-03-12 00:00:00+00:00
[2024-03-12T07:58:07.576+0000] {logging_mixin.py:188} INFO - [2024-03-12T07:58:07.576+0000] {dag.py:3834} INFO - Setting next_dagrun for dataset_produces_2 to None, run_after=None
[2024-03-12T07:58:07.619+0000] {processor.py:183} INFO - Processing /home/airflow/.local/lib/python3.8/site-packages/airflow/example_dags/example_datasets.py took 0.141 seconds
[2024-03-12T07:58:37.777+0000] {processor.py:161} INFO - Started process (PID=458) to work on /home/airflow/.local/lib/python3.8/site-packages/airflow/example_dags/example_datasets.py
[2024-03-12T07:58:37.778+0000] {processor.py:830} INFO - Processing file /home/airflow/.local/lib/python3.8/site-packages/airflow/example_dags/example_datasets.py for tasks to queue
[2024-03-12T07:58:37.780+0000] {logging_mixin.py:188} INFO - [2024-03-12T07:58:37.779+0000] {dagbag.py:540} INFO - Filling up the DagBag from /home/airflow/.local/lib/python3.8/site-packages/airflow/example_dags/example_datasets.py
[2024-03-12T07:58:37.791+0000] {processor.py:840} INFO - DAG(s) 'dataset_consumes_unknown_never_scheduled', 'dataset_produces_1', 'dataset_consumes_1_never_scheduled', 'dataset_consumes_1_and_2', 'dataset_consumes_1', 'dataset_produces_2' retrieved from /home/airflow/.local/lib/python3.8/site-packages/airflow/example_dags/example_datasets.py
[2024-03-12T07:58:37.863+0000] {logging_mixin.py:188} INFO - [2024-03-12T07:58:37.863+0000] {dag.py:3047} INFO - Sync 6 DAGs
[2024-03-12T07:58:37.900+0000] {logging_mixin.py:188} INFO - [2024-03-12T07:58:37.900+0000] {dag.py:3834} INFO - Setting next_dagrun for dataset_consumes_1 to None, run_after=None
[2024-03-12T07:58:37.913+0000] {logging_mixin.py:188} INFO - [2024-03-12T07:58:37.913+0000] {dag.py:3834} INFO - Setting next_dagrun for dataset_consumes_1_and_2 to None, run_after=None
[2024-03-12T07:58:37.916+0000] {logging_mixin.py:188} INFO - [2024-03-12T07:58:37.915+0000] {dag.py:3834} INFO - Setting next_dagrun for dataset_consumes_1_never_scheduled to None, run_after=None
[2024-03-12T07:58:37.918+0000] {logging_mixin.py:188} INFO - [2024-03-12T07:58:37.918+0000] {dag.py:3834} INFO - Setting next_dagrun for dataset_consumes_unknown_never_scheduled to None, run_after=None
[2024-03-12T07:58:37.924+0000] {logging_mixin.py:188} INFO - [2024-03-12T07:58:37.924+0000] {dag.py:3834} INFO - Setting next_dagrun for dataset_produces_1 to 2024-03-11 00:00:00+00:00, run_after=2024-03-12 00:00:00+00:00
[2024-03-12T07:58:37.927+0000] {logging_mixin.py:188} INFO - [2024-03-12T07:58:37.927+0000] {dag.py:3834} INFO - Setting next_dagrun for dataset_produces_2 to None, run_after=None
[2024-03-12T07:58:37.991+0000] {processor.py:183} INFO - Processing /home/airflow/.local/lib/python3.8/site-packages/airflow/example_dags/example_datasets.py took 0.217 seconds
