[2024-03-12T07:55:01.762+0000] {processor.py:161} INFO - Started process (PID=64) to work on /home/airflow/.local/lib/python3.8/site-packages/airflow/example_dags/example_latest_only.py
[2024-03-12T07:55:01.765+0000] {processor.py:830} INFO - Processing file /home/airflow/.local/lib/python3.8/site-packages/airflow/example_dags/example_latest_only.py for tasks to queue
[2024-03-12T07:55:01.773+0000] {logging_mixin.py:188} INFO - [2024-03-12T07:55:01.773+0000] {dagbag.py:540} INFO - Filling up the DagBag from /home/airflow/.local/lib/python3.8/site-packages/airflow/example_dags/example_latest_only.py
[2024-03-12T07:55:01.797+0000] {processor.py:840} INFO - DAG(s) 'latest_only' retrieved from /home/airflow/.local/lib/python3.8/site-packages/airflow/example_dags/example_latest_only.py
[2024-03-12T07:55:01.831+0000] {logging_mixin.py:188} INFO - [2024-03-12T07:55:01.830+0000] {dag.py:3047} INFO - Sync 1 DAGs
[2024-03-12T07:55:01.914+0000] {logging_mixin.py:188} INFO - [2024-03-12T07:55:01.914+0000] {dag.py:3834} INFO - Setting next_dagrun for latest_only to 2024-03-12 00:00:00+00:00, run_after=2024-03-12 04:00:00+00:00
[2024-03-12T07:55:02.120+0000] {processor.py:183} INFO - Processing /home/airflow/.local/lib/python3.8/site-packages/airflow/example_dags/example_latest_only.py took 0.361 seconds
[2024-03-12T07:55:32.498+0000] {processor.py:161} INFO - Started process (PID=119) to work on /home/airflow/.local/lib/python3.8/site-packages/airflow/example_dags/example_latest_only.py
[2024-03-12T07:55:32.499+0000] {processor.py:830} INFO - Processing file /home/airflow/.local/lib/python3.8/site-packages/airflow/example_dags/example_latest_only.py for tasks to queue
[2024-03-12T07:55:32.500+0000] {logging_mixin.py:188} INFO - [2024-03-12T07:55:32.500+0000] {dagbag.py:540} INFO - Filling up the DagBag from /home/airflow/.local/lib/python3.8/site-packages/airflow/example_dags/example_latest_only.py
[2024-03-12T07:55:32.506+0000] {processor.py:840} INFO - DAG(s) 'latest_only' retrieved from /home/airflow/.local/lib/python3.8/site-packages/airflow/example_dags/example_latest_only.py
[2024-03-12T07:55:32.517+0000] {logging_mixin.py:188} INFO - [2024-03-12T07:55:32.517+0000] {dag.py:3047} INFO - Sync 1 DAGs
[2024-03-12T07:55:32.554+0000] {logging_mixin.py:188} INFO - [2024-03-12T07:55:32.554+0000] {dag.py:3834} INFO - Setting next_dagrun for latest_only to 2024-03-12 00:00:00+00:00, run_after=2024-03-12 04:00:00+00:00
[2024-03-12T07:55:32.579+0000] {processor.py:183} INFO - Processing /home/airflow/.local/lib/python3.8/site-packages/airflow/example_dags/example_latest_only.py took 0.083 seconds
[2024-03-12T07:56:04.312+0000] {processor.py:161} INFO - Started process (PID=174) to work on /home/airflow/.local/lib/python3.8/site-packages/airflow/example_dags/example_latest_only.py
[2024-03-12T07:56:04.313+0000] {processor.py:830} INFO - Processing file /home/airflow/.local/lib/python3.8/site-packages/airflow/example_dags/example_latest_only.py for tasks to queue
[2024-03-12T07:56:04.316+0000] {logging_mixin.py:188} INFO - [2024-03-12T07:56:04.315+0000] {dagbag.py:540} INFO - Filling up the DagBag from /home/airflow/.local/lib/python3.8/site-packages/airflow/example_dags/example_latest_only.py
[2024-03-12T07:56:04.322+0000] {processor.py:840} INFO - DAG(s) 'latest_only' retrieved from /home/airflow/.local/lib/python3.8/site-packages/airflow/example_dags/example_latest_only.py
[2024-03-12T07:56:04.446+0000] {logging_mixin.py:188} INFO - [2024-03-12T07:56:04.446+0000] {dag.py:3047} INFO - Sync 1 DAGs
[2024-03-12T07:56:04.467+0000] {logging_mixin.py:188} INFO - [2024-03-12T07:56:04.467+0000] {dag.py:3834} INFO - Setting next_dagrun for latest_only to 2024-03-12 00:00:00+00:00, run_after=2024-03-12 04:00:00+00:00
[2024-03-12T07:56:04.495+0000] {processor.py:183} INFO - Processing /home/airflow/.local/lib/python3.8/site-packages/airflow/example_dags/example_latest_only.py took 0.186 seconds
[2024-03-12T07:56:34.716+0000] {processor.py:161} INFO - Started process (PID=229) to work on /home/airflow/.local/lib/python3.8/site-packages/airflow/example_dags/example_latest_only.py
[2024-03-12T07:56:34.717+0000] {processor.py:830} INFO - Processing file /home/airflow/.local/lib/python3.8/site-packages/airflow/example_dags/example_latest_only.py for tasks to queue
[2024-03-12T07:56:34.718+0000] {logging_mixin.py:188} INFO - [2024-03-12T07:56:34.718+0000] {dagbag.py:540} INFO - Filling up the DagBag from /home/airflow/.local/lib/python3.8/site-packages/airflow/example_dags/example_latest_only.py
[2024-03-12T07:56:34.723+0000] {processor.py:840} INFO - DAG(s) 'latest_only' retrieved from /home/airflow/.local/lib/python3.8/site-packages/airflow/example_dags/example_latest_only.py
[2024-03-12T07:56:34.742+0000] {logging_mixin.py:188} INFO - [2024-03-12T07:56:34.741+0000] {dag.py:3047} INFO - Sync 1 DAGs
[2024-03-12T07:56:34.765+0000] {logging_mixin.py:188} INFO - [2024-03-12T07:56:34.765+0000] {dag.py:3834} INFO - Setting next_dagrun for latest_only to 2024-03-12 00:00:00+00:00, run_after=2024-03-12 04:00:00+00:00
[2024-03-12T07:56:34.784+0000] {processor.py:183} INFO - Processing /home/airflow/.local/lib/python3.8/site-packages/airflow/example_dags/example_latest_only.py took 0.070 seconds
[2024-03-12T07:57:05.186+0000] {processor.py:161} INFO - Started process (PID=284) to work on /home/airflow/.local/lib/python3.8/site-packages/airflow/example_dags/example_latest_only.py
[2024-03-12T07:57:05.186+0000] {processor.py:830} INFO - Processing file /home/airflow/.local/lib/python3.8/site-packages/airflow/example_dags/example_latest_only.py for tasks to queue
[2024-03-12T07:57:05.188+0000] {logging_mixin.py:188} INFO - [2024-03-12T07:57:05.188+0000] {dagbag.py:540} INFO - Filling up the DagBag from /home/airflow/.local/lib/python3.8/site-packages/airflow/example_dags/example_latest_only.py
[2024-03-12T07:57:05.194+0000] {processor.py:840} INFO - DAG(s) 'latest_only' retrieved from /home/airflow/.local/lib/python3.8/site-packages/airflow/example_dags/example_latest_only.py
[2024-03-12T07:57:05.221+0000] {logging_mixin.py:188} INFO - [2024-03-12T07:57:05.220+0000] {dag.py:3047} INFO - Sync 1 DAGs
[2024-03-12T07:57:05.248+0000] {logging_mixin.py:188} INFO - [2024-03-12T07:57:05.248+0000] {dag.py:3834} INFO - Setting next_dagrun for latest_only to 2024-03-12 00:00:00+00:00, run_after=2024-03-12 04:00:00+00:00
[2024-03-12T07:57:05.280+0000] {processor.py:183} INFO - Processing /home/airflow/.local/lib/python3.8/site-packages/airflow/example_dags/example_latest_only.py took 0.098 seconds
[2024-03-12T07:57:35.462+0000] {processor.py:161} INFO - Started process (PID=339) to work on /home/airflow/.local/lib/python3.8/site-packages/airflow/example_dags/example_latest_only.py
[2024-03-12T07:57:35.463+0000] {processor.py:830} INFO - Processing file /home/airflow/.local/lib/python3.8/site-packages/airflow/example_dags/example_latest_only.py for tasks to queue
[2024-03-12T07:57:35.465+0000] {logging_mixin.py:188} INFO - [2024-03-12T07:57:35.464+0000] {dagbag.py:540} INFO - Filling up the DagBag from /home/airflow/.local/lib/python3.8/site-packages/airflow/example_dags/example_latest_only.py
[2024-03-12T07:57:35.468+0000] {processor.py:840} INFO - DAG(s) 'latest_only' retrieved from /home/airflow/.local/lib/python3.8/site-packages/airflow/example_dags/example_latest_only.py
[2024-03-12T07:57:35.490+0000] {logging_mixin.py:188} INFO - [2024-03-12T07:57:35.489+0000] {dag.py:3047} INFO - Sync 1 DAGs
[2024-03-12T07:57:35.513+0000] {logging_mixin.py:188} INFO - [2024-03-12T07:57:35.512+0000] {dag.py:3834} INFO - Setting next_dagrun for latest_only to 2024-03-12 00:00:00+00:00, run_after=2024-03-12 04:00:00+00:00
[2024-03-12T07:57:35.543+0000] {processor.py:183} INFO - Processing /home/airflow/.local/lib/python3.8/site-packages/airflow/example_dags/example_latest_only.py took 0.084 seconds
[2024-03-12T07:58:05.873+0000] {processor.py:161} INFO - Started process (PID=394) to work on /home/airflow/.local/lib/python3.8/site-packages/airflow/example_dags/example_latest_only.py
[2024-03-12T07:58:05.874+0000] {processor.py:830} INFO - Processing file /home/airflow/.local/lib/python3.8/site-packages/airflow/example_dags/example_latest_only.py for tasks to queue
[2024-03-12T07:58:05.875+0000] {logging_mixin.py:188} INFO - [2024-03-12T07:58:05.875+0000] {dagbag.py:540} INFO - Filling up the DagBag from /home/airflow/.local/lib/python3.8/site-packages/airflow/example_dags/example_latest_only.py
[2024-03-12T07:58:05.881+0000] {processor.py:840} INFO - DAG(s) 'latest_only' retrieved from /home/airflow/.local/lib/python3.8/site-packages/airflow/example_dags/example_latest_only.py
[2024-03-12T07:58:05.903+0000] {logging_mixin.py:188} INFO - [2024-03-12T07:58:05.902+0000] {dag.py:3047} INFO - Sync 1 DAGs
[2024-03-12T07:58:05.927+0000] {logging_mixin.py:188} INFO - [2024-03-12T07:58:05.927+0000] {dag.py:3834} INFO - Setting next_dagrun for latest_only to 2024-03-12 00:00:00+00:00, run_after=2024-03-12 04:00:00+00:00
[2024-03-12T07:58:05.951+0000] {processor.py:183} INFO - Processing /home/airflow/.local/lib/python3.8/site-packages/airflow/example_dags/example_latest_only.py took 0.084 seconds
[2024-03-12T07:58:36.149+0000] {processor.py:161} INFO - Started process (PID=449) to work on /home/airflow/.local/lib/python3.8/site-packages/airflow/example_dags/example_latest_only.py
[2024-03-12T07:58:36.149+0000] {processor.py:830} INFO - Processing file /home/airflow/.local/lib/python3.8/site-packages/airflow/example_dags/example_latest_only.py for tasks to queue
[2024-03-12T07:58:36.151+0000] {logging_mixin.py:188} INFO - [2024-03-12T07:58:36.151+0000] {dagbag.py:540} INFO - Filling up the DagBag from /home/airflow/.local/lib/python3.8/site-packages/airflow/example_dags/example_latest_only.py
[2024-03-12T07:58:36.159+0000] {processor.py:840} INFO - DAG(s) 'latest_only' retrieved from /home/airflow/.local/lib/python3.8/site-packages/airflow/example_dags/example_latest_only.py
[2024-03-12T07:58:36.179+0000] {logging_mixin.py:188} INFO - [2024-03-12T07:58:36.179+0000] {dag.py:3047} INFO - Sync 1 DAGs
[2024-03-12T07:58:36.200+0000] {logging_mixin.py:188} INFO - [2024-03-12T07:58:36.200+0000] {dag.py:3834} INFO - Setting next_dagrun for latest_only to 2024-03-12 00:00:00+00:00, run_after=2024-03-12 04:00:00+00:00
[2024-03-12T07:58:36.223+0000] {processor.py:183} INFO - Processing /home/airflow/.local/lib/python3.8/site-packages/airflow/example_dags/example_latest_only.py took 0.077 seconds
