[2024-03-12T07:55:00.381+0000] {processor.py:161} INFO - Started process (PID=55) to work on /home/airflow/.local/lib/python3.8/site-packages/airflow/example_dags/example_setup_teardown.py
[2024-03-12T07:55:00.383+0000] {processor.py:830} INFO - Processing file /home/airflow/.local/lib/python3.8/site-packages/airflow/example_dags/example_setup_teardown.py for tasks to queue
[2024-03-12T07:55:00.384+0000] {logging_mixin.py:188} INFO - [2024-03-12T07:55:00.384+0000] {dagbag.py:540} INFO - Filling up the DagBag from /home/airflow/.local/lib/python3.8/site-packages/airflow/example_dags/example_setup_teardown.py
[2024-03-12T07:55:00.429+0000] {processor.py:840} INFO - DAG(s) 'example_setup_teardown' retrieved from /home/airflow/.local/lib/python3.8/site-packages/airflow/example_dags/example_setup_teardown.py
[2024-03-12T07:55:00.473+0000] {logging_mixin.py:188} INFO - [2024-03-12T07:55:00.472+0000] {dag.py:3047} INFO - Sync 1 DAGs
[2024-03-12T07:55:00.549+0000] {logging_mixin.py:188} INFO - [2024-03-12T07:55:00.549+0000] {dag.py:3834} INFO - Setting next_dagrun for example_setup_teardown to 2024-03-11 00:00:00+00:00, run_after=2024-03-12 00:00:00+00:00
[2024-03-12T07:55:00.610+0000] {processor.py:183} INFO - Processing /home/airflow/.local/lib/python3.8/site-packages/airflow/example_dags/example_setup_teardown.py took 0.235 seconds
[2024-03-12T07:55:32.012+0000] {processor.py:161} INFO - Started process (PID=110) to work on /home/airflow/.local/lib/python3.8/site-packages/airflow/example_dags/example_setup_teardown.py
[2024-03-12T07:55:32.017+0000] {processor.py:830} INFO - Processing file /home/airflow/.local/lib/python3.8/site-packages/airflow/example_dags/example_setup_teardown.py for tasks to queue
[2024-03-12T07:55:32.019+0000] {logging_mixin.py:188} INFO - [2024-03-12T07:55:32.019+0000] {dagbag.py:540} INFO - Filling up the DagBag from /home/airflow/.local/lib/python3.8/site-packages/airflow/example_dags/example_setup_teardown.py
[2024-03-12T07:55:32.026+0000] {processor.py:840} INFO - DAG(s) 'example_setup_teardown' retrieved from /home/airflow/.local/lib/python3.8/site-packages/airflow/example_dags/example_setup_teardown.py
[2024-03-12T07:55:32.039+0000] {logging_mixin.py:188} INFO - [2024-03-12T07:55:32.038+0000] {dag.py:3047} INFO - Sync 1 DAGs
[2024-03-12T07:55:32.066+0000] {logging_mixin.py:188} INFO - [2024-03-12T07:55:32.065+0000] {dag.py:3834} INFO - Setting next_dagrun for example_setup_teardown to 2024-03-11 00:00:00+00:00, run_after=2024-03-12 00:00:00+00:00
[2024-03-12T07:55:32.091+0000] {processor.py:183} INFO - Processing /home/airflow/.local/lib/python3.8/site-packages/airflow/example_dags/example_setup_teardown.py took 0.083 seconds
[2024-03-12T07:56:03.277+0000] {processor.py:161} INFO - Started process (PID=165) to work on /home/airflow/.local/lib/python3.8/site-packages/airflow/example_dags/example_setup_teardown.py
[2024-03-12T07:56:03.278+0000] {processor.py:830} INFO - Processing file /home/airflow/.local/lib/python3.8/site-packages/airflow/example_dags/example_setup_teardown.py for tasks to queue
[2024-03-12T07:56:03.280+0000] {logging_mixin.py:188} INFO - [2024-03-12T07:56:03.280+0000] {dagbag.py:540} INFO - Filling up the DagBag from /home/airflow/.local/lib/python3.8/site-packages/airflow/example_dags/example_setup_teardown.py
[2024-03-12T07:56:03.289+0000] {processor.py:840} INFO - DAG(s) 'example_setup_teardown' retrieved from /home/airflow/.local/lib/python3.8/site-packages/airflow/example_dags/example_setup_teardown.py
[2024-03-12T07:56:03.429+0000] {logging_mixin.py:188} INFO - [2024-03-12T07:56:03.429+0000] {dag.py:3047} INFO - Sync 1 DAGs
[2024-03-12T07:56:03.452+0000] {logging_mixin.py:188} INFO - [2024-03-12T07:56:03.452+0000] {dag.py:3834} INFO - Setting next_dagrun for example_setup_teardown to 2024-03-11 00:00:00+00:00, run_after=2024-03-12 00:00:00+00:00
[2024-03-12T07:56:03.488+0000] {processor.py:183} INFO - Processing /home/airflow/.local/lib/python3.8/site-packages/airflow/example_dags/example_setup_teardown.py took 0.213 seconds
[2024-03-12T07:56:34.083+0000] {processor.py:161} INFO - Started process (PID=220) to work on /home/airflow/.local/lib/python3.8/site-packages/airflow/example_dags/example_setup_teardown.py
[2024-03-12T07:56:34.084+0000] {processor.py:830} INFO - Processing file /home/airflow/.local/lib/python3.8/site-packages/airflow/example_dags/example_setup_teardown.py for tasks to queue
[2024-03-12T07:56:34.087+0000] {logging_mixin.py:188} INFO - [2024-03-12T07:56:34.086+0000] {dagbag.py:540} INFO - Filling up the DagBag from /home/airflow/.local/lib/python3.8/site-packages/airflow/example_dags/example_setup_teardown.py
[2024-03-12T07:56:34.097+0000] {processor.py:840} INFO - DAG(s) 'example_setup_teardown' retrieved from /home/airflow/.local/lib/python3.8/site-packages/airflow/example_dags/example_setup_teardown.py
[2024-03-12T07:56:34.131+0000] {logging_mixin.py:188} INFO - [2024-03-12T07:56:34.131+0000] {dag.py:3047} INFO - Sync 1 DAGs
[2024-03-12T07:56:34.177+0000] {logging_mixin.py:188} INFO - [2024-03-12T07:56:34.177+0000] {dag.py:3834} INFO - Setting next_dagrun for example_setup_teardown to 2024-03-11 00:00:00+00:00, run_after=2024-03-12 00:00:00+00:00
[2024-03-12T07:56:34.224+0000] {processor.py:183} INFO - Processing /home/airflow/.local/lib/python3.8/site-packages/airflow/example_dags/example_setup_teardown.py took 0.145 seconds
[2024-03-12T07:57:04.600+0000] {processor.py:161} INFO - Started process (PID=275) to work on /home/airflow/.local/lib/python3.8/site-packages/airflow/example_dags/example_setup_teardown.py
[2024-03-12T07:57:04.602+0000] {processor.py:830} INFO - Processing file /home/airflow/.local/lib/python3.8/site-packages/airflow/example_dags/example_setup_teardown.py for tasks to queue
[2024-03-12T07:57:04.610+0000] {logging_mixin.py:188} INFO - [2024-03-12T07:57:04.606+0000] {dagbag.py:540} INFO - Filling up the DagBag from /home/airflow/.local/lib/python3.8/site-packages/airflow/example_dags/example_setup_teardown.py
[2024-03-12T07:57:04.629+0000] {processor.py:840} INFO - DAG(s) 'example_setup_teardown' retrieved from /home/airflow/.local/lib/python3.8/site-packages/airflow/example_dags/example_setup_teardown.py
[2024-03-12T07:57:04.663+0000] {logging_mixin.py:188} INFO - [2024-03-12T07:57:04.662+0000] {dag.py:3047} INFO - Sync 1 DAGs
[2024-03-12T07:57:04.700+0000] {logging_mixin.py:188} INFO - [2024-03-12T07:57:04.699+0000] {dag.py:3834} INFO - Setting next_dagrun for example_setup_teardown to 2024-03-11 00:00:00+00:00, run_after=2024-03-12 00:00:00+00:00
[2024-03-12T07:57:04.727+0000] {processor.py:183} INFO - Processing /home/airflow/.local/lib/python3.8/site-packages/airflow/example_dags/example_setup_teardown.py took 0.131 seconds
[2024-03-12T07:57:34.878+0000] {processor.py:161} INFO - Started process (PID=330) to work on /home/airflow/.local/lib/python3.8/site-packages/airflow/example_dags/example_setup_teardown.py
[2024-03-12T07:57:34.879+0000] {processor.py:830} INFO - Processing file /home/airflow/.local/lib/python3.8/site-packages/airflow/example_dags/example_setup_teardown.py for tasks to queue
[2024-03-12T07:57:34.880+0000] {logging_mixin.py:188} INFO - [2024-03-12T07:57:34.880+0000] {dagbag.py:540} INFO - Filling up the DagBag from /home/airflow/.local/lib/python3.8/site-packages/airflow/example_dags/example_setup_teardown.py
[2024-03-12T07:57:34.885+0000] {processor.py:840} INFO - DAG(s) 'example_setup_teardown' retrieved from /home/airflow/.local/lib/python3.8/site-packages/airflow/example_dags/example_setup_teardown.py
[2024-03-12T07:57:34.905+0000] {logging_mixin.py:188} INFO - [2024-03-12T07:57:34.905+0000] {dag.py:3047} INFO - Sync 1 DAGs
[2024-03-12T07:57:34.927+0000] {logging_mixin.py:188} INFO - [2024-03-12T07:57:34.926+0000] {dag.py:3834} INFO - Setting next_dagrun for example_setup_teardown to 2024-03-11 00:00:00+00:00, run_after=2024-03-12 00:00:00+00:00
[2024-03-12T07:57:34.948+0000] {processor.py:183} INFO - Processing /home/airflow/.local/lib/python3.8/site-packages/airflow/example_dags/example_setup_teardown.py took 0.073 seconds
[2024-03-12T07:58:05.177+0000] {processor.py:161} INFO - Started process (PID=385) to work on /home/airflow/.local/lib/python3.8/site-packages/airflow/example_dags/example_setup_teardown.py
[2024-03-12T07:58:05.177+0000] {processor.py:830} INFO - Processing file /home/airflow/.local/lib/python3.8/site-packages/airflow/example_dags/example_setup_teardown.py for tasks to queue
[2024-03-12T07:58:05.179+0000] {logging_mixin.py:188} INFO - [2024-03-12T07:58:05.179+0000] {dagbag.py:540} INFO - Filling up the DagBag from /home/airflow/.local/lib/python3.8/site-packages/airflow/example_dags/example_setup_teardown.py
[2024-03-12T07:58:05.184+0000] {processor.py:840} INFO - DAG(s) 'example_setup_teardown' retrieved from /home/airflow/.local/lib/python3.8/site-packages/airflow/example_dags/example_setup_teardown.py
[2024-03-12T07:58:05.205+0000] {logging_mixin.py:188} INFO - [2024-03-12T07:58:05.205+0000] {dag.py:3047} INFO - Sync 1 DAGs
[2024-03-12T07:58:05.227+0000] {logging_mixin.py:188} INFO - [2024-03-12T07:58:05.226+0000] {dag.py:3834} INFO - Setting next_dagrun for example_setup_teardown to 2024-03-11 00:00:00+00:00, run_after=2024-03-12 00:00:00+00:00
[2024-03-12T07:58:05.246+0000] {processor.py:183} INFO - Processing /home/airflow/.local/lib/python3.8/site-packages/airflow/example_dags/example_setup_teardown.py took 0.071 seconds
[2024-03-12T07:58:35.511+0000] {processor.py:161} INFO - Started process (PID=440) to work on /home/airflow/.local/lib/python3.8/site-packages/airflow/example_dags/example_setup_teardown.py
[2024-03-12T07:58:35.512+0000] {processor.py:830} INFO - Processing file /home/airflow/.local/lib/python3.8/site-packages/airflow/example_dags/example_setup_teardown.py for tasks to queue
[2024-03-12T07:58:35.514+0000] {logging_mixin.py:188} INFO - [2024-03-12T07:58:35.513+0000] {dagbag.py:540} INFO - Filling up the DagBag from /home/airflow/.local/lib/python3.8/site-packages/airflow/example_dags/example_setup_teardown.py
[2024-03-12T07:58:35.527+0000] {processor.py:840} INFO - DAG(s) 'example_setup_teardown' retrieved from /home/airflow/.local/lib/python3.8/site-packages/airflow/example_dags/example_setup_teardown.py
[2024-03-12T07:58:35.552+0000] {logging_mixin.py:188} INFO - [2024-03-12T07:58:35.552+0000] {dag.py:3047} INFO - Sync 1 DAGs
[2024-03-12T07:58:35.580+0000] {logging_mixin.py:188} INFO - [2024-03-12T07:58:35.579+0000] {dag.py:3834} INFO - Setting next_dagrun for example_setup_teardown to 2024-03-11 00:00:00+00:00, run_after=2024-03-12 00:00:00+00:00
[2024-03-12T07:58:35.607+0000] {processor.py:183} INFO - Processing /home/airflow/.local/lib/python3.8/site-packages/airflow/example_dags/example_setup_teardown.py took 0.099 seconds
