[2024-03-12T07:55:01.606+0000] {processor.py:161} INFO - Started process (PID=63) to work on /home/airflow/.local/lib/python3.8/site-packages/airflow/example_dags/example_task_group.py
[2024-03-12T07:55:01.615+0000] {processor.py:830} INFO - Processing file /home/airflow/.local/lib/python3.8/site-packages/airflow/example_dags/example_task_group.py for tasks to queue
[2024-03-12T07:55:01.623+0000] {logging_mixin.py:188} INFO - [2024-03-12T07:55:01.623+0000] {dagbag.py:540} INFO - Filling up the DagBag from /home/airflow/.local/lib/python3.8/site-packages/airflow/example_dags/example_task_group.py
[2024-03-12T07:55:01.650+0000] {processor.py:840} INFO - DAG(s) 'example_task_group' retrieved from /home/airflow/.local/lib/python3.8/site-packages/airflow/example_dags/example_task_group.py
[2024-03-12T07:55:01.673+0000] {logging_mixin.py:188} INFO - [2024-03-12T07:55:01.672+0000] {dag.py:3047} INFO - Sync 1 DAGs
[2024-03-12T07:55:01.742+0000] {logging_mixin.py:188} INFO - [2024-03-12T07:55:01.742+0000] {dag.py:3834} INFO - Setting next_dagrun for example_task_group to 2024-03-11 00:00:00+00:00, run_after=2024-03-12 00:00:00+00:00
[2024-03-12T07:55:01.813+0000] {processor.py:183} INFO - Processing /home/airflow/.local/lib/python3.8/site-packages/airflow/example_dags/example_task_group.py took 0.211 seconds
[2024-03-12T07:55:32.437+0000] {processor.py:161} INFO - Started process (PID=118) to work on /home/airflow/.local/lib/python3.8/site-packages/airflow/example_dags/example_task_group.py
[2024-03-12T07:55:32.438+0000] {processor.py:830} INFO - Processing file /home/airflow/.local/lib/python3.8/site-packages/airflow/example_dags/example_task_group.py for tasks to queue
[2024-03-12T07:55:32.440+0000] {logging_mixin.py:188} INFO - [2024-03-12T07:55:32.440+0000] {dagbag.py:540} INFO - Filling up the DagBag from /home/airflow/.local/lib/python3.8/site-packages/airflow/example_dags/example_task_group.py
[2024-03-12T07:55:32.447+0000] {processor.py:840} INFO - DAG(s) 'example_task_group' retrieved from /home/airflow/.local/lib/python3.8/site-packages/airflow/example_dags/example_task_group.py
[2024-03-12T07:55:32.457+0000] {logging_mixin.py:188} INFO - [2024-03-12T07:55:32.457+0000] {dag.py:3047} INFO - Sync 1 DAGs
[2024-03-12T07:55:32.480+0000] {logging_mixin.py:188} INFO - [2024-03-12T07:55:32.480+0000] {dag.py:3834} INFO - Setting next_dagrun for example_task_group to 2024-03-11 00:00:00+00:00, run_after=2024-03-12 00:00:00+00:00
[2024-03-12T07:55:32.520+0000] {processor.py:183} INFO - Processing /home/airflow/.local/lib/python3.8/site-packages/airflow/example_dags/example_task_group.py took 0.085 seconds
[2024-03-12T07:56:04.125+0000] {processor.py:161} INFO - Started process (PID=173) to work on /home/airflow/.local/lib/python3.8/site-packages/airflow/example_dags/example_task_group.py
[2024-03-12T07:56:04.126+0000] {processor.py:830} INFO - Processing file /home/airflow/.local/lib/python3.8/site-packages/airflow/example_dags/example_task_group.py for tasks to queue
[2024-03-12T07:56:04.128+0000] {logging_mixin.py:188} INFO - [2024-03-12T07:56:04.128+0000] {dagbag.py:540} INFO - Filling up the DagBag from /home/airflow/.local/lib/python3.8/site-packages/airflow/example_dags/example_task_group.py
[2024-03-12T07:56:04.136+0000] {processor.py:840} INFO - DAG(s) 'example_task_group' retrieved from /home/airflow/.local/lib/python3.8/site-packages/airflow/example_dags/example_task_group.py
[2024-03-12T07:56:04.238+0000] {logging_mixin.py:188} INFO - [2024-03-12T07:56:04.238+0000] {dag.py:3047} INFO - Sync 1 DAGs
[2024-03-12T07:56:04.260+0000] {logging_mixin.py:188} INFO - [2024-03-12T07:56:04.260+0000] {dag.py:3834} INFO - Setting next_dagrun for example_task_group to 2024-03-11 00:00:00+00:00, run_after=2024-03-12 00:00:00+00:00
[2024-03-12T07:56:04.284+0000] {processor.py:183} INFO - Processing /home/airflow/.local/lib/python3.8/site-packages/airflow/example_dags/example_task_group.py took 0.162 seconds
[2024-03-12T07:56:34.643+0000] {processor.py:161} INFO - Started process (PID=228) to work on /home/airflow/.local/lib/python3.8/site-packages/airflow/example_dags/example_task_group.py
[2024-03-12T07:56:34.644+0000] {processor.py:830} INFO - Processing file /home/airflow/.local/lib/python3.8/site-packages/airflow/example_dags/example_task_group.py for tasks to queue
[2024-03-12T07:56:34.645+0000] {logging_mixin.py:188} INFO - [2024-03-12T07:56:34.645+0000] {dagbag.py:540} INFO - Filling up the DagBag from /home/airflow/.local/lib/python3.8/site-packages/airflow/example_dags/example_task_group.py
[2024-03-12T07:56:34.654+0000] {processor.py:840} INFO - DAG(s) 'example_task_group' retrieved from /home/airflow/.local/lib/python3.8/site-packages/airflow/example_dags/example_task_group.py
[2024-03-12T07:56:34.675+0000] {logging_mixin.py:188} INFO - [2024-03-12T07:56:34.675+0000] {dag.py:3047} INFO - Sync 1 DAGs
[2024-03-12T07:56:34.701+0000] {logging_mixin.py:188} INFO - [2024-03-12T07:56:34.701+0000] {dag.py:3834} INFO - Setting next_dagrun for example_task_group to 2024-03-11 00:00:00+00:00, run_after=2024-03-12 00:00:00+00:00
[2024-03-12T07:56:34.723+0000] {processor.py:183} INFO - Processing /home/airflow/.local/lib/python3.8/site-packages/airflow/example_dags/example_task_group.py took 0.083 seconds
[2024-03-12T07:57:05.129+0000] {processor.py:161} INFO - Started process (PID=283) to work on /home/airflow/.local/lib/python3.8/site-packages/airflow/example_dags/example_task_group.py
[2024-03-12T07:57:05.130+0000] {processor.py:830} INFO - Processing file /home/airflow/.local/lib/python3.8/site-packages/airflow/example_dags/example_task_group.py for tasks to queue
[2024-03-12T07:57:05.131+0000] {logging_mixin.py:188} INFO - [2024-03-12T07:57:05.131+0000] {dagbag.py:540} INFO - Filling up the DagBag from /home/airflow/.local/lib/python3.8/site-packages/airflow/example_dags/example_task_group.py
[2024-03-12T07:57:05.141+0000] {processor.py:840} INFO - DAG(s) 'example_task_group' retrieved from /home/airflow/.local/lib/python3.8/site-packages/airflow/example_dags/example_task_group.py
[2024-03-12T07:57:05.162+0000] {logging_mixin.py:188} INFO - [2024-03-12T07:57:05.162+0000] {dag.py:3047} INFO - Sync 1 DAGs
[2024-03-12T07:57:05.185+0000] {logging_mixin.py:188} INFO - [2024-03-12T07:57:05.185+0000] {dag.py:3834} INFO - Setting next_dagrun for example_task_group to 2024-03-11 00:00:00+00:00, run_after=2024-03-12 00:00:00+00:00
[2024-03-12T07:57:05.211+0000] {processor.py:183} INFO - Processing /home/airflow/.local/lib/python3.8/site-packages/airflow/example_dags/example_task_group.py took 0.085 seconds
[2024-03-12T07:57:35.444+0000] {processor.py:161} INFO - Started process (PID=338) to work on /home/airflow/.local/lib/python3.8/site-packages/airflow/example_dags/example_task_group.py
[2024-03-12T07:57:35.445+0000] {processor.py:830} INFO - Processing file /home/airflow/.local/lib/python3.8/site-packages/airflow/example_dags/example_task_group.py for tasks to queue
[2024-03-12T07:57:35.446+0000] {logging_mixin.py:188} INFO - [2024-03-12T07:57:35.446+0000] {dagbag.py:540} INFO - Filling up the DagBag from /home/airflow/.local/lib/python3.8/site-packages/airflow/example_dags/example_task_group.py
[2024-03-12T07:57:35.452+0000] {processor.py:840} INFO - DAG(s) 'example_task_group' retrieved from /home/airflow/.local/lib/python3.8/site-packages/airflow/example_dags/example_task_group.py
[2024-03-12T07:57:35.475+0000] {logging_mixin.py:188} INFO - [2024-03-12T07:57:35.475+0000] {dag.py:3047} INFO - Sync 1 DAGs
[2024-03-12T07:57:35.498+0000] {logging_mixin.py:188} INFO - [2024-03-12T07:57:35.498+0000] {dag.py:3834} INFO - Setting next_dagrun for example_task_group to 2024-03-11 00:00:00+00:00, run_after=2024-03-12 00:00:00+00:00
[2024-03-12T07:57:35.520+0000] {processor.py:183} INFO - Processing /home/airflow/.local/lib/python3.8/site-packages/airflow/example_dags/example_task_group.py took 0.078 seconds
[2024-03-12T07:58:05.864+0000] {processor.py:161} INFO - Started process (PID=393) to work on /home/airflow/.local/lib/python3.8/site-packages/airflow/example_dags/example_task_group.py
[2024-03-12T07:58:05.864+0000] {processor.py:830} INFO - Processing file /home/airflow/.local/lib/python3.8/site-packages/airflow/example_dags/example_task_group.py for tasks to queue
[2024-03-12T07:58:05.866+0000] {logging_mixin.py:188} INFO - [2024-03-12T07:58:05.866+0000] {dagbag.py:540} INFO - Filling up the DagBag from /home/airflow/.local/lib/python3.8/site-packages/airflow/example_dags/example_task_group.py
[2024-03-12T07:58:05.877+0000] {processor.py:840} INFO - DAG(s) 'example_task_group' retrieved from /home/airflow/.local/lib/python3.8/site-packages/airflow/example_dags/example_task_group.py
[2024-03-12T07:58:05.907+0000] {logging_mixin.py:188} INFO - [2024-03-12T07:58:05.907+0000] {dag.py:3047} INFO - Sync 1 DAGs
[2024-03-12T07:58:05.934+0000] {logging_mixin.py:188} INFO - [2024-03-12T07:58:05.933+0000] {dag.py:3834} INFO - Setting next_dagrun for example_task_group to 2024-03-11 00:00:00+00:00, run_after=2024-03-12 00:00:00+00:00
[2024-03-12T07:58:05.961+0000] {processor.py:183} INFO - Processing /home/airflow/.local/lib/python3.8/site-packages/airflow/example_dags/example_task_group.py took 0.101 seconds
[2024-03-12T07:58:36.023+0000] {processor.py:161} INFO - Started process (PID=448) to work on /home/airflow/.local/lib/python3.8/site-packages/airflow/example_dags/example_task_group.py
[2024-03-12T07:58:36.024+0000] {processor.py:830} INFO - Processing file /home/airflow/.local/lib/python3.8/site-packages/airflow/example_dags/example_task_group.py for tasks to queue
[2024-03-12T07:58:36.026+0000] {logging_mixin.py:188} INFO - [2024-03-12T07:58:36.026+0000] {dagbag.py:540} INFO - Filling up the DagBag from /home/airflow/.local/lib/python3.8/site-packages/airflow/example_dags/example_task_group.py
[2024-03-12T07:58:36.034+0000] {processor.py:840} INFO - DAG(s) 'example_task_group' retrieved from /home/airflow/.local/lib/python3.8/site-packages/airflow/example_dags/example_task_group.py
[2024-03-12T07:58:36.058+0000] {logging_mixin.py:188} INFO - [2024-03-12T07:58:36.058+0000] {dag.py:3047} INFO - Sync 1 DAGs
[2024-03-12T07:58:36.084+0000] {logging_mixin.py:188} INFO - [2024-03-12T07:58:36.084+0000] {dag.py:3834} INFO - Setting next_dagrun for example_task_group to 2024-03-11 00:00:00+00:00, run_after=2024-03-12 00:00:00+00:00
[2024-03-12T07:58:36.106+0000] {processor.py:183} INFO - Processing /home/airflow/.local/lib/python3.8/site-packages/airflow/example_dags/example_task_group.py took 0.086 seconds
