[2024-03-12T07:55:05.082+0000] {processor.py:161} INFO - Started process (PID=90) to work on /home/airflow/.local/lib/python3.8/site-packages/airflow/example_dags/example_short_circuit_decorator.py
[2024-03-12T07:55:05.083+0000] {processor.py:830} INFO - Processing file /home/airflow/.local/lib/python3.8/site-packages/airflow/example_dags/example_short_circuit_decorator.py for tasks to queue
[2024-03-12T07:55:05.086+0000] {logging_mixin.py:188} INFO - [2024-03-12T07:55:05.086+0000] {dagbag.py:540} INFO - Filling up the DagBag from /home/airflow/.local/lib/python3.8/site-packages/airflow/example_dags/example_short_circuit_decorator.py
[2024-03-12T07:55:05.098+0000] {processor.py:840} INFO - DAG(s) 'example_short_circuit_decorator' retrieved from /home/airflow/.local/lib/python3.8/site-packages/airflow/example_dags/example_short_circuit_decorator.py
[2024-03-12T07:55:05.118+0000] {logging_mixin.py:188} INFO - [2024-03-12T07:55:05.118+0000] {dag.py:3047} INFO - Sync 1 DAGs
[2024-03-12T07:55:05.165+0000] {logging_mixin.py:188} INFO - [2024-03-12T07:55:05.165+0000] {dag.py:3834} INFO - Setting next_dagrun for example_short_circuit_decorator to 2024-03-11 00:00:00+00:00, run_after=2024-03-12 00:00:00+00:00
[2024-03-12T07:55:05.201+0000] {processor.py:183} INFO - Processing /home/airflow/.local/lib/python3.8/site-packages/airflow/example_dags/example_short_circuit_decorator.py took 0.126 seconds
[2024-03-12T07:55:35.991+0000] {processor.py:161} INFO - Started process (PID=145) to work on /home/airflow/.local/lib/python3.8/site-packages/airflow/example_dags/example_short_circuit_decorator.py
[2024-03-12T07:55:35.993+0000] {processor.py:830} INFO - Processing file /home/airflow/.local/lib/python3.8/site-packages/airflow/example_dags/example_short_circuit_decorator.py for tasks to queue
[2024-03-12T07:55:35.996+0000] {logging_mixin.py:188} INFO - [2024-03-12T07:55:35.995+0000] {dagbag.py:540} INFO - Filling up the DagBag from /home/airflow/.local/lib/python3.8/site-packages/airflow/example_dags/example_short_circuit_decorator.py
[2024-03-12T07:55:36.005+0000] {processor.py:840} INFO - DAG(s) 'example_short_circuit_decorator' retrieved from /home/airflow/.local/lib/python3.8/site-packages/airflow/example_dags/example_short_circuit_decorator.py
[2024-03-12T07:55:36.015+0000] {logging_mixin.py:188} INFO - [2024-03-12T07:55:36.015+0000] {dag.py:3047} INFO - Sync 1 DAGs
[2024-03-12T07:55:36.039+0000] {logging_mixin.py:188} INFO - [2024-03-12T07:55:36.038+0000] {dag.py:3834} INFO - Setting next_dagrun for example_short_circuit_decorator to 2024-03-11 00:00:00+00:00, run_after=2024-03-12 00:00:00+00:00
[2024-03-12T07:55:36.063+0000] {processor.py:183} INFO - Processing /home/airflow/.local/lib/python3.8/site-packages/airflow/example_dags/example_short_circuit_decorator.py took 0.073 seconds
[2024-03-12T07:56:06.896+0000] {processor.py:161} INFO - Started process (PID=200) to work on /home/airflow/.local/lib/python3.8/site-packages/airflow/example_dags/example_short_circuit_decorator.py
[2024-03-12T07:56:06.898+0000] {processor.py:830} INFO - Processing file /home/airflow/.local/lib/python3.8/site-packages/airflow/example_dags/example_short_circuit_decorator.py for tasks to queue
[2024-03-12T07:56:06.899+0000] {logging_mixin.py:188} INFO - [2024-03-12T07:56:06.899+0000] {dagbag.py:540} INFO - Filling up the DagBag from /home/airflow/.local/lib/python3.8/site-packages/airflow/example_dags/example_short_circuit_decorator.py
[2024-03-12T07:56:06.911+0000] {processor.py:840} INFO - DAG(s) 'example_short_circuit_decorator' retrieved from /home/airflow/.local/lib/python3.8/site-packages/airflow/example_dags/example_short_circuit_decorator.py
[2024-03-12T07:56:07.023+0000] {logging_mixin.py:188} INFO - [2024-03-12T07:56:07.022+0000] {dag.py:3047} INFO - Sync 1 DAGs
[2024-03-12T07:56:07.044+0000] {logging_mixin.py:188} INFO - [2024-03-12T07:56:07.044+0000] {dag.py:3834} INFO - Setting next_dagrun for example_short_circuit_decorator to 2024-03-11 00:00:00+00:00, run_after=2024-03-12 00:00:00+00:00
[2024-03-12T07:56:07.063+0000] {processor.py:183} INFO - Processing /home/airflow/.local/lib/python3.8/site-packages/airflow/example_dags/example_short_circuit_decorator.py took 0.170 seconds
[2024-03-12T07:56:37.607+0000] {processor.py:161} INFO - Started process (PID=255) to work on /home/airflow/.local/lib/python3.8/site-packages/airflow/example_dags/example_short_circuit_decorator.py
[2024-03-12T07:56:37.608+0000] {processor.py:830} INFO - Processing file /home/airflow/.local/lib/python3.8/site-packages/airflow/example_dags/example_short_circuit_decorator.py for tasks to queue
[2024-03-12T07:56:37.609+0000] {logging_mixin.py:188} INFO - [2024-03-12T07:56:37.609+0000] {dagbag.py:540} INFO - Filling up the DagBag from /home/airflow/.local/lib/python3.8/site-packages/airflow/example_dags/example_short_circuit_decorator.py
[2024-03-12T07:56:37.621+0000] {processor.py:840} INFO - DAG(s) 'example_short_circuit_decorator' retrieved from /home/airflow/.local/lib/python3.8/site-packages/airflow/example_dags/example_short_circuit_decorator.py
[2024-03-12T07:56:37.651+0000] {logging_mixin.py:188} INFO - [2024-03-12T07:56:37.650+0000] {dag.py:3047} INFO - Sync 1 DAGs
[2024-03-12T07:56:37.686+0000] {logging_mixin.py:188} INFO - [2024-03-12T07:56:37.686+0000] {dag.py:3834} INFO - Setting next_dagrun for example_short_circuit_decorator to 2024-03-11 00:00:00+00:00, run_after=2024-03-12 00:00:00+00:00
[2024-03-12T07:56:37.717+0000] {processor.py:183} INFO - Processing /home/airflow/.local/lib/python3.8/site-packages/airflow/example_dags/example_short_circuit_decorator.py took 0.113 seconds
[2024-03-12T07:57:07.801+0000] {processor.py:161} INFO - Started process (PID=310) to work on /home/airflow/.local/lib/python3.8/site-packages/airflow/example_dags/example_short_circuit_decorator.py
[2024-03-12T07:57:07.803+0000] {processor.py:830} INFO - Processing file /home/airflow/.local/lib/python3.8/site-packages/airflow/example_dags/example_short_circuit_decorator.py for tasks to queue
[2024-03-12T07:57:07.806+0000] {logging_mixin.py:188} INFO - [2024-03-12T07:57:07.805+0000] {dagbag.py:540} INFO - Filling up the DagBag from /home/airflow/.local/lib/python3.8/site-packages/airflow/example_dags/example_short_circuit_decorator.py
[2024-03-12T07:57:07.815+0000] {processor.py:840} INFO - DAG(s) 'example_short_circuit_decorator' retrieved from /home/airflow/.local/lib/python3.8/site-packages/airflow/example_dags/example_short_circuit_decorator.py
[2024-03-12T07:57:07.849+0000] {logging_mixin.py:188} INFO - [2024-03-12T07:57:07.849+0000] {dag.py:3047} INFO - Sync 1 DAGs
[2024-03-12T07:57:07.876+0000] {logging_mixin.py:188} INFO - [2024-03-12T07:57:07.876+0000] {dag.py:3834} INFO - Setting next_dagrun for example_short_circuit_decorator to 2024-03-11 00:00:00+00:00, run_after=2024-03-12 00:00:00+00:00
[2024-03-12T07:57:07.899+0000] {processor.py:183} INFO - Processing /home/airflow/.local/lib/python3.8/site-packages/airflow/example_dags/example_short_circuit_decorator.py took 0.102 seconds
[2024-03-12T07:57:38.208+0000] {processor.py:161} INFO - Started process (PID=365) to work on /home/airflow/.local/lib/python3.8/site-packages/airflow/example_dags/example_short_circuit_decorator.py
[2024-03-12T07:57:38.209+0000] {processor.py:830} INFO - Processing file /home/airflow/.local/lib/python3.8/site-packages/airflow/example_dags/example_short_circuit_decorator.py for tasks to queue
[2024-03-12T07:57:38.210+0000] {logging_mixin.py:188} INFO - [2024-03-12T07:57:38.210+0000] {dagbag.py:540} INFO - Filling up the DagBag from /home/airflow/.local/lib/python3.8/site-packages/airflow/example_dags/example_short_circuit_decorator.py
[2024-03-12T07:57:38.224+0000] {processor.py:840} INFO - DAG(s) 'example_short_circuit_decorator' retrieved from /home/airflow/.local/lib/python3.8/site-packages/airflow/example_dags/example_short_circuit_decorator.py
[2024-03-12T07:57:38.255+0000] {logging_mixin.py:188} INFO - [2024-03-12T07:57:38.254+0000] {dag.py:3047} INFO - Sync 1 DAGs
[2024-03-12T07:57:38.281+0000] {logging_mixin.py:188} INFO - [2024-03-12T07:57:38.281+0000] {dag.py:3834} INFO - Setting next_dagrun for example_short_circuit_decorator to 2024-03-11 00:00:00+00:00, run_after=2024-03-12 00:00:00+00:00
[2024-03-12T07:57:38.332+0000] {processor.py:183} INFO - Processing /home/airflow/.local/lib/python3.8/site-packages/airflow/example_dags/example_short_circuit_decorator.py took 0.126 seconds
[2024-03-12T07:58:08.609+0000] {processor.py:161} INFO - Started process (PID=420) to work on /home/airflow/.local/lib/python3.8/site-packages/airflow/example_dags/example_short_circuit_decorator.py
[2024-03-12T07:58:08.610+0000] {processor.py:830} INFO - Processing file /home/airflow/.local/lib/python3.8/site-packages/airflow/example_dags/example_short_circuit_decorator.py for tasks to queue
[2024-03-12T07:58:08.611+0000] {logging_mixin.py:188} INFO - [2024-03-12T07:58:08.611+0000] {dagbag.py:540} INFO - Filling up the DagBag from /home/airflow/.local/lib/python3.8/site-packages/airflow/example_dags/example_short_circuit_decorator.py
[2024-03-12T07:58:08.619+0000] {processor.py:840} INFO - DAG(s) 'example_short_circuit_decorator' retrieved from /home/airflow/.local/lib/python3.8/site-packages/airflow/example_dags/example_short_circuit_decorator.py
[2024-03-12T07:58:08.647+0000] {logging_mixin.py:188} INFO - [2024-03-12T07:58:08.647+0000] {dag.py:3047} INFO - Sync 1 DAGs
[2024-03-12T07:58:08.673+0000] {logging_mixin.py:188} INFO - [2024-03-12T07:58:08.673+0000] {dag.py:3834} INFO - Setting next_dagrun for example_short_circuit_decorator to 2024-03-11 00:00:00+00:00, run_after=2024-03-12 00:00:00+00:00
[2024-03-12T07:58:08.699+0000] {processor.py:183} INFO - Processing /home/airflow/.local/lib/python3.8/site-packages/airflow/example_dags/example_short_circuit_decorator.py took 0.092 seconds
[2024-03-12T07:58:38.900+0000] {processor.py:161} INFO - Started process (PID=475) to work on /home/airflow/.local/lib/python3.8/site-packages/airflow/example_dags/example_short_circuit_decorator.py
[2024-03-12T07:58:38.902+0000] {processor.py:830} INFO - Processing file /home/airflow/.local/lib/python3.8/site-packages/airflow/example_dags/example_short_circuit_decorator.py for tasks to queue
[2024-03-12T07:58:38.904+0000] {logging_mixin.py:188} INFO - [2024-03-12T07:58:38.904+0000] {dagbag.py:540} INFO - Filling up the DagBag from /home/airflow/.local/lib/python3.8/site-packages/airflow/example_dags/example_short_circuit_decorator.py
[2024-03-12T07:58:38.921+0000] {processor.py:840} INFO - DAG(s) 'example_short_circuit_decorator' retrieved from /home/airflow/.local/lib/python3.8/site-packages/airflow/example_dags/example_short_circuit_decorator.py
[2024-03-12T07:58:38.946+0000] {logging_mixin.py:188} INFO - [2024-03-12T07:58:38.946+0000] {dag.py:3047} INFO - Sync 1 DAGs
[2024-03-12T07:58:38.973+0000] {logging_mixin.py:188} INFO - [2024-03-12T07:58:38.973+0000] {dag.py:3834} INFO - Setting next_dagrun for example_short_circuit_decorator to 2024-03-11 00:00:00+00:00, run_after=2024-03-12 00:00:00+00:00
[2024-03-12T07:58:38.999+0000] {processor.py:183} INFO - Processing /home/airflow/.local/lib/python3.8/site-packages/airflow/example_dags/example_short_circuit_decorator.py took 0.103 seconds
