[2024-03-12T07:55:05.171+0000] {processor.py:161} INFO - Started process (PID=91) to work on /home/airflow/.local/lib/python3.8/site-packages/airflow/example_dags/example_branch_labels.py
[2024-03-12T07:55:05.174+0000] {processor.py:830} INFO - Processing file /home/airflow/.local/lib/python3.8/site-packages/airflow/example_dags/example_branch_labels.py for tasks to queue
[2024-03-12T07:55:05.181+0000] {logging_mixin.py:188} INFO - [2024-03-12T07:55:05.181+0000] {dagbag.py:540} INFO - Filling up the DagBag from /home/airflow/.local/lib/python3.8/site-packages/airflow/example_dags/example_branch_labels.py
[2024-03-12T07:55:05.190+0000] {processor.py:840} INFO - DAG(s) 'example_branch_labels' retrieved from /home/airflow/.local/lib/python3.8/site-packages/airflow/example_dags/example_branch_labels.py
[2024-03-12T07:55:05.210+0000] {logging_mixin.py:188} INFO - [2024-03-12T07:55:05.209+0000] {dag.py:3047} INFO - Sync 1 DAGs
[2024-03-12T07:55:05.245+0000] {logging_mixin.py:188} INFO - [2024-03-12T07:55:05.245+0000] {dag.py:3834} INFO - Setting next_dagrun for example_branch_labels to 2024-03-11 00:00:00+00:00, run_after=2024-03-12 00:00:00+00:00
[2024-03-12T07:55:05.307+0000] {processor.py:183} INFO - Processing /home/airflow/.local/lib/python3.8/site-packages/airflow/example_dags/example_branch_labels.py took 0.145 seconds
[2024-03-12T07:55:36.028+0000] {processor.py:161} INFO - Started process (PID=146) to work on /home/airflow/.local/lib/python3.8/site-packages/airflow/example_dags/example_branch_labels.py
[2024-03-12T07:55:36.029+0000] {processor.py:830} INFO - Processing file /home/airflow/.local/lib/python3.8/site-packages/airflow/example_dags/example_branch_labels.py for tasks to queue
[2024-03-12T07:55:36.031+0000] {logging_mixin.py:188} INFO - [2024-03-12T07:55:36.030+0000] {dagbag.py:540} INFO - Filling up the DagBag from /home/airflow/.local/lib/python3.8/site-packages/airflow/example_dags/example_branch_labels.py
[2024-03-12T07:55:36.040+0000] {processor.py:840} INFO - DAG(s) 'example_branch_labels' retrieved from /home/airflow/.local/lib/python3.8/site-packages/airflow/example_dags/example_branch_labels.py
[2024-03-12T07:55:36.050+0000] {logging_mixin.py:188} INFO - [2024-03-12T07:55:36.050+0000] {dag.py:3047} INFO - Sync 1 DAGs
[2024-03-12T07:55:36.090+0000] {logging_mixin.py:188} INFO - [2024-03-12T07:55:36.089+0000] {dag.py:3834} INFO - Setting next_dagrun for example_branch_labels to 2024-03-11 00:00:00+00:00, run_after=2024-03-12 00:00:00+00:00
[2024-03-12T07:55:36.108+0000] {processor.py:183} INFO - Processing /home/airflow/.local/lib/python3.8/site-packages/airflow/example_dags/example_branch_labels.py took 0.081 seconds
[2024-03-12T07:56:06.971+0000] {processor.py:161} INFO - Started process (PID=201) to work on /home/airflow/.local/lib/python3.8/site-packages/airflow/example_dags/example_branch_labels.py
[2024-03-12T07:56:06.972+0000] {processor.py:830} INFO - Processing file /home/airflow/.local/lib/python3.8/site-packages/airflow/example_dags/example_branch_labels.py for tasks to queue
[2024-03-12T07:56:06.974+0000] {logging_mixin.py:188} INFO - [2024-03-12T07:56:06.974+0000] {dagbag.py:540} INFO - Filling up the DagBag from /home/airflow/.local/lib/python3.8/site-packages/airflow/example_dags/example_branch_labels.py
[2024-03-12T07:56:06.980+0000] {processor.py:840} INFO - DAG(s) 'example_branch_labels' retrieved from /home/airflow/.local/lib/python3.8/site-packages/airflow/example_dags/example_branch_labels.py
[2024-03-12T07:56:07.077+0000] {logging_mixin.py:188} INFO - [2024-03-12T07:56:07.077+0000] {dag.py:3047} INFO - Sync 1 DAGs
[2024-03-12T07:56:07.108+0000] {logging_mixin.py:188} INFO - [2024-03-12T07:56:07.108+0000] {dag.py:3834} INFO - Setting next_dagrun for example_branch_labels to 2024-03-11 00:00:00+00:00, run_after=2024-03-12 00:00:00+00:00
[2024-03-12T07:56:07.127+0000] {processor.py:183} INFO - Processing /home/airflow/.local/lib/python3.8/site-packages/airflow/example_dags/example_branch_labels.py took 0.159 seconds
[2024-03-12T07:56:37.617+0000] {processor.py:161} INFO - Started process (PID=256) to work on /home/airflow/.local/lib/python3.8/site-packages/airflow/example_dags/example_branch_labels.py
[2024-03-12T07:56:37.618+0000] {processor.py:830} INFO - Processing file /home/airflow/.local/lib/python3.8/site-packages/airflow/example_dags/example_branch_labels.py for tasks to queue
[2024-03-12T07:56:37.620+0000] {logging_mixin.py:188} INFO - [2024-03-12T07:56:37.619+0000] {dagbag.py:540} INFO - Filling up the DagBag from /home/airflow/.local/lib/python3.8/site-packages/airflow/example_dags/example_branch_labels.py
[2024-03-12T07:56:37.634+0000] {processor.py:840} INFO - DAG(s) 'example_branch_labels' retrieved from /home/airflow/.local/lib/python3.8/site-packages/airflow/example_dags/example_branch_labels.py
[2024-03-12T07:56:37.658+0000] {logging_mixin.py:188} INFO - [2024-03-12T07:56:37.657+0000] {dag.py:3047} INFO - Sync 1 DAGs
[2024-03-12T07:56:37.693+0000] {logging_mixin.py:188} INFO - [2024-03-12T07:56:37.692+0000] {dag.py:3834} INFO - Setting next_dagrun for example_branch_labels to 2024-03-11 00:00:00+00:00, run_after=2024-03-12 00:00:00+00:00
[2024-03-12T07:56:37.730+0000] {processor.py:183} INFO - Processing /home/airflow/.local/lib/python3.8/site-packages/airflow/example_dags/example_branch_labels.py took 0.117 seconds
[2024-03-12T07:57:07.912+0000] {processor.py:161} INFO - Started process (PID=311) to work on /home/airflow/.local/lib/python3.8/site-packages/airflow/example_dags/example_branch_labels.py
[2024-03-12T07:57:07.913+0000] {processor.py:830} INFO - Processing file /home/airflow/.local/lib/python3.8/site-packages/airflow/example_dags/example_branch_labels.py for tasks to queue
[2024-03-12T07:57:07.915+0000] {logging_mixin.py:188} INFO - [2024-03-12T07:57:07.915+0000] {dagbag.py:540} INFO - Filling up the DagBag from /home/airflow/.local/lib/python3.8/site-packages/airflow/example_dags/example_branch_labels.py
[2024-03-12T07:57:07.924+0000] {processor.py:840} INFO - DAG(s) 'example_branch_labels' retrieved from /home/airflow/.local/lib/python3.8/site-packages/airflow/example_dags/example_branch_labels.py
[2024-03-12T07:57:07.947+0000] {logging_mixin.py:188} INFO - [2024-03-12T07:57:07.946+0000] {dag.py:3047} INFO - Sync 1 DAGs
[2024-03-12T07:57:07.971+0000] {logging_mixin.py:188} INFO - [2024-03-12T07:57:07.971+0000] {dag.py:3834} INFO - Setting next_dagrun for example_branch_labels to 2024-03-11 00:00:00+00:00, run_after=2024-03-12 00:00:00+00:00
[2024-03-12T07:57:07.998+0000] {processor.py:183} INFO - Processing /home/airflow/.local/lib/python3.8/site-packages/airflow/example_dags/example_branch_labels.py took 0.088 seconds
[2024-03-12T07:57:38.365+0000] {processor.py:161} INFO - Started process (PID=367) to work on /home/airflow/.local/lib/python3.8/site-packages/airflow/example_dags/example_branch_labels.py
[2024-03-12T07:57:38.372+0000] {processor.py:830} INFO - Processing file /home/airflow/.local/lib/python3.8/site-packages/airflow/example_dags/example_branch_labels.py for tasks to queue
[2024-03-12T07:57:38.374+0000] {logging_mixin.py:188} INFO - [2024-03-12T07:57:38.374+0000] {dagbag.py:540} INFO - Filling up the DagBag from /home/airflow/.local/lib/python3.8/site-packages/airflow/example_dags/example_branch_labels.py
[2024-03-12T07:57:38.383+0000] {processor.py:840} INFO - DAG(s) 'example_branch_labels' retrieved from /home/airflow/.local/lib/python3.8/site-packages/airflow/example_dags/example_branch_labels.py
[2024-03-12T07:57:38.409+0000] {logging_mixin.py:188} INFO - [2024-03-12T07:57:38.408+0000] {dag.py:3047} INFO - Sync 1 DAGs
[2024-03-12T07:57:38.446+0000] {logging_mixin.py:188} INFO - [2024-03-12T07:57:38.446+0000] {dag.py:3834} INFO - Setting next_dagrun for example_branch_labels to 2024-03-11 00:00:00+00:00, run_after=2024-03-12 00:00:00+00:00
[2024-03-12T07:57:38.482+0000] {processor.py:183} INFO - Processing /home/airflow/.local/lib/python3.8/site-packages/airflow/example_dags/example_branch_labels.py took 0.119 seconds
[2024-03-12T07:58:08.766+0000] {processor.py:161} INFO - Started process (PID=423) to work on /home/airflow/.local/lib/python3.8/site-packages/airflow/example_dags/example_branch_labels.py
[2024-03-12T07:58:08.768+0000] {processor.py:830} INFO - Processing file /home/airflow/.local/lib/python3.8/site-packages/airflow/example_dags/example_branch_labels.py for tasks to queue
[2024-03-12T07:58:08.770+0000] {logging_mixin.py:188} INFO - [2024-03-12T07:58:08.770+0000] {dagbag.py:540} INFO - Filling up the DagBag from /home/airflow/.local/lib/python3.8/site-packages/airflow/example_dags/example_branch_labels.py
[2024-03-12T07:58:08.778+0000] {processor.py:840} INFO - DAG(s) 'example_branch_labels' retrieved from /home/airflow/.local/lib/python3.8/site-packages/airflow/example_dags/example_branch_labels.py
[2024-03-12T07:58:08.815+0000] {logging_mixin.py:188} INFO - [2024-03-12T07:58:08.815+0000] {dag.py:3047} INFO - Sync 1 DAGs
[2024-03-12T07:58:08.864+0000] {logging_mixin.py:188} INFO - [2024-03-12T07:58:08.864+0000] {dag.py:3834} INFO - Setting next_dagrun for example_branch_labels to 2024-03-11 00:00:00+00:00, run_after=2024-03-12 00:00:00+00:00
[2024-03-12T07:58:08.882+0000] {processor.py:183} INFO - Processing /home/airflow/.local/lib/python3.8/site-packages/airflow/example_dags/example_branch_labels.py took 0.118 seconds
[2024-03-12T07:58:39.025+0000] {processor.py:161} INFO - Started process (PID=477) to work on /home/airflow/.local/lib/python3.8/site-packages/airflow/example_dags/example_branch_labels.py
[2024-03-12T07:58:39.026+0000] {processor.py:830} INFO - Processing file /home/airflow/.local/lib/python3.8/site-packages/airflow/example_dags/example_branch_labels.py for tasks to queue
[2024-03-12T07:58:39.028+0000] {logging_mixin.py:188} INFO - [2024-03-12T07:58:39.027+0000] {dagbag.py:540} INFO - Filling up the DagBag from /home/airflow/.local/lib/python3.8/site-packages/airflow/example_dags/example_branch_labels.py
[2024-03-12T07:58:39.034+0000] {processor.py:840} INFO - DAG(s) 'example_branch_labels' retrieved from /home/airflow/.local/lib/python3.8/site-packages/airflow/example_dags/example_branch_labels.py
[2024-03-12T07:58:39.060+0000] {logging_mixin.py:188} INFO - [2024-03-12T07:58:39.059+0000] {dag.py:3047} INFO - Sync 1 DAGs
[2024-03-12T07:58:39.085+0000] {logging_mixin.py:188} INFO - [2024-03-12T07:58:39.084+0000] {dag.py:3834} INFO - Setting next_dagrun for example_branch_labels to 2024-03-11 00:00:00+00:00, run_after=2024-03-12 00:00:00+00:00
[2024-03-12T07:58:39.103+0000] {processor.py:183} INFO - Processing /home/airflow/.local/lib/python3.8/site-packages/airflow/example_dags/example_branch_labels.py took 0.080 seconds
