[2024-03-12T07:55:01.350+0000] {processor.py:161} INFO - Started process (PID=62) to work on /home/airflow/.local/lib/python3.8/site-packages/airflow/example_dags/example_branch_operator.py
[2024-03-12T07:55:01.361+0000] {processor.py:830} INFO - Processing file /home/airflow/.local/lib/python3.8/site-packages/airflow/example_dags/example_branch_operator.py for tasks to queue
[2024-03-12T07:55:01.363+0000] {logging_mixin.py:188} INFO - [2024-03-12T07:55:01.363+0000] {dagbag.py:540} INFO - Filling up the DagBag from /home/airflow/.local/lib/python3.8/site-packages/airflow/example_dags/example_branch_operator.py
[2024-03-12T07:55:01.472+0000] {processor.py:840} INFO - DAG(s) 'example_branch_operator' retrieved from /home/airflow/.local/lib/python3.8/site-packages/airflow/example_dags/example_branch_operator.py
[2024-03-12T07:55:01.512+0000] {logging_mixin.py:188} INFO - [2024-03-12T07:55:01.509+0000] {dag.py:3047} INFO - Sync 1 DAGs
[2024-03-12T07:55:01.592+0000] {logging_mixin.py:188} INFO - [2024-03-12T07:55:01.591+0000] {dag.py:3834} INFO - Setting next_dagrun for example_branch_operator to 2024-03-11 00:00:00+00:00, run_after=2024-03-12 00:00:00+00:00
[2024-03-12T07:55:01.701+0000] {processor.py:183} INFO - Processing /home/airflow/.local/lib/python3.8/site-packages/airflow/example_dags/example_branch_operator.py took 0.354 seconds
[2024-03-12T07:55:32.397+0000] {processor.py:161} INFO - Started process (PID=117) to work on /home/airflow/.local/lib/python3.8/site-packages/airflow/example_dags/example_branch_operator.py
[2024-03-12T07:55:32.398+0000] {processor.py:830} INFO - Processing file /home/airflow/.local/lib/python3.8/site-packages/airflow/example_dags/example_branch_operator.py for tasks to queue
[2024-03-12T07:55:32.400+0000] {logging_mixin.py:188} INFO - [2024-03-12T07:55:32.400+0000] {dagbag.py:540} INFO - Filling up the DagBag from /home/airflow/.local/lib/python3.8/site-packages/airflow/example_dags/example_branch_operator.py
[2024-03-12T07:55:32.417+0000] {processor.py:840} INFO - DAG(s) 'example_branch_operator' retrieved from /home/airflow/.local/lib/python3.8/site-packages/airflow/example_dags/example_branch_operator.py
[2024-03-12T07:55:32.427+0000] {logging_mixin.py:188} INFO - [2024-03-12T07:55:32.427+0000] {dag.py:3047} INFO - Sync 1 DAGs
[2024-03-12T07:55:32.450+0000] {logging_mixin.py:188} INFO - [2024-03-12T07:55:32.450+0000] {dag.py:3834} INFO - Setting next_dagrun for example_branch_operator to 2024-03-11 00:00:00+00:00, run_after=2024-03-12 00:00:00+00:00
[2024-03-12T07:55:32.469+0000] {processor.py:183} INFO - Processing /home/airflow/.local/lib/python3.8/site-packages/airflow/example_dags/example_branch_operator.py took 0.075 seconds
[2024-03-12T07:56:04.118+0000] {processor.py:161} INFO - Started process (PID=172) to work on /home/airflow/.local/lib/python3.8/site-packages/airflow/example_dags/example_branch_operator.py
[2024-03-12T07:56:04.120+0000] {processor.py:830} INFO - Processing file /home/airflow/.local/lib/python3.8/site-packages/airflow/example_dags/example_branch_operator.py for tasks to queue
[2024-03-12T07:56:04.122+0000] {logging_mixin.py:188} INFO - [2024-03-12T07:56:04.121+0000] {dagbag.py:540} INFO - Filling up the DagBag from /home/airflow/.local/lib/python3.8/site-packages/airflow/example_dags/example_branch_operator.py
[2024-03-12T07:56:04.141+0000] {processor.py:840} INFO - DAG(s) 'example_branch_operator' retrieved from /home/airflow/.local/lib/python3.8/site-packages/airflow/example_dags/example_branch_operator.py
[2024-03-12T07:56:04.248+0000] {logging_mixin.py:188} INFO - [2024-03-12T07:56:04.248+0000] {dag.py:3047} INFO - Sync 1 DAGs
[2024-03-12T07:56:04.270+0000] {logging_mixin.py:188} INFO - [2024-03-12T07:56:04.269+0000] {dag.py:3834} INFO - Setting next_dagrun for example_branch_operator to 2024-03-11 00:00:00+00:00, run_after=2024-03-12 00:00:00+00:00
[2024-03-12T07:56:04.304+0000] {processor.py:183} INFO - Processing /home/airflow/.local/lib/python3.8/site-packages/airflow/example_dags/example_branch_operator.py took 0.188 seconds
[2024-03-12T07:56:34.598+0000] {processor.py:161} INFO - Started process (PID=227) to work on /home/airflow/.local/lib/python3.8/site-packages/airflow/example_dags/example_branch_operator.py
[2024-03-12T07:56:34.598+0000] {processor.py:830} INFO - Processing file /home/airflow/.local/lib/python3.8/site-packages/airflow/example_dags/example_branch_operator.py for tasks to queue
[2024-03-12T07:56:34.600+0000] {logging_mixin.py:188} INFO - [2024-03-12T07:56:34.600+0000] {dagbag.py:540} INFO - Filling up the DagBag from /home/airflow/.local/lib/python3.8/site-packages/airflow/example_dags/example_branch_operator.py
[2024-03-12T07:56:34.617+0000] {processor.py:840} INFO - DAG(s) 'example_branch_operator' retrieved from /home/airflow/.local/lib/python3.8/site-packages/airflow/example_dags/example_branch_operator.py
[2024-03-12T07:56:34.645+0000] {logging_mixin.py:188} INFO - [2024-03-12T07:56:34.645+0000] {dag.py:3047} INFO - Sync 1 DAGs
[2024-03-12T07:56:34.671+0000] {logging_mixin.py:188} INFO - [2024-03-12T07:56:34.671+0000] {dag.py:3834} INFO - Setting next_dagrun for example_branch_operator to 2024-03-11 00:00:00+00:00, run_after=2024-03-12 00:00:00+00:00
[2024-03-12T07:56:34.692+0000] {processor.py:183} INFO - Processing /home/airflow/.local/lib/python3.8/site-packages/airflow/example_dags/example_branch_operator.py took 0.096 seconds
[2024-03-12T07:57:05.066+0000] {processor.py:161} INFO - Started process (PID=282) to work on /home/airflow/.local/lib/python3.8/site-packages/airflow/example_dags/example_branch_operator.py
[2024-03-12T07:57:05.067+0000] {processor.py:830} INFO - Processing file /home/airflow/.local/lib/python3.8/site-packages/airflow/example_dags/example_branch_operator.py for tasks to queue
[2024-03-12T07:57:05.069+0000] {logging_mixin.py:188} INFO - [2024-03-12T07:57:05.069+0000] {dagbag.py:540} INFO - Filling up the DagBag from /home/airflow/.local/lib/python3.8/site-packages/airflow/example_dags/example_branch_operator.py
[2024-03-12T07:57:05.084+0000] {processor.py:840} INFO - DAG(s) 'example_branch_operator' retrieved from /home/airflow/.local/lib/python3.8/site-packages/airflow/example_dags/example_branch_operator.py
[2024-03-12T07:57:05.113+0000] {logging_mixin.py:188} INFO - [2024-03-12T07:57:05.112+0000] {dag.py:3047} INFO - Sync 1 DAGs
[2024-03-12T07:57:05.140+0000] {logging_mixin.py:188} INFO - [2024-03-12T07:57:05.140+0000] {dag.py:3834} INFO - Setting next_dagrun for example_branch_operator to 2024-03-11 00:00:00+00:00, run_after=2024-03-12 00:00:00+00:00
[2024-03-12T07:57:05.159+0000] {processor.py:183} INFO - Processing /home/airflow/.local/lib/python3.8/site-packages/airflow/example_dags/example_branch_operator.py took 0.095 seconds
[2024-03-12T07:57:35.340+0000] {processor.py:161} INFO - Started process (PID=337) to work on /home/airflow/.local/lib/python3.8/site-packages/airflow/example_dags/example_branch_operator.py
[2024-03-12T07:57:35.342+0000] {processor.py:830} INFO - Processing file /home/airflow/.local/lib/python3.8/site-packages/airflow/example_dags/example_branch_operator.py for tasks to queue
[2024-03-12T07:57:35.344+0000] {logging_mixin.py:188} INFO - [2024-03-12T07:57:35.343+0000] {dagbag.py:540} INFO - Filling up the DagBag from /home/airflow/.local/lib/python3.8/site-packages/airflow/example_dags/example_branch_operator.py
[2024-03-12T07:57:35.363+0000] {processor.py:840} INFO - DAG(s) 'example_branch_operator' retrieved from /home/airflow/.local/lib/python3.8/site-packages/airflow/example_dags/example_branch_operator.py
[2024-03-12T07:57:35.391+0000] {logging_mixin.py:188} INFO - [2024-03-12T07:57:35.390+0000] {dag.py:3047} INFO - Sync 1 DAGs
[2024-03-12T07:57:35.413+0000] {logging_mixin.py:188} INFO - [2024-03-12T07:57:35.413+0000] {dag.py:3834} INFO - Setting next_dagrun for example_branch_operator to 2024-03-11 00:00:00+00:00, run_after=2024-03-12 00:00:00+00:00
[2024-03-12T07:57:35.433+0000] {processor.py:183} INFO - Processing /home/airflow/.local/lib/python3.8/site-packages/airflow/example_dags/example_branch_operator.py took 0.096 seconds
[2024-03-12T07:58:05.739+0000] {processor.py:161} INFO - Started process (PID=392) to work on /home/airflow/.local/lib/python3.8/site-packages/airflow/example_dags/example_branch_operator.py
[2024-03-12T07:58:05.740+0000] {processor.py:830} INFO - Processing file /home/airflow/.local/lib/python3.8/site-packages/airflow/example_dags/example_branch_operator.py for tasks to queue
[2024-03-12T07:58:05.741+0000] {logging_mixin.py:188} INFO - [2024-03-12T07:58:05.741+0000] {dagbag.py:540} INFO - Filling up the DagBag from /home/airflow/.local/lib/python3.8/site-packages/airflow/example_dags/example_branch_operator.py
[2024-03-12T07:58:05.759+0000] {processor.py:840} INFO - DAG(s) 'example_branch_operator' retrieved from /home/airflow/.local/lib/python3.8/site-packages/airflow/example_dags/example_branch_operator.py
[2024-03-12T07:58:05.786+0000] {logging_mixin.py:188} INFO - [2024-03-12T07:58:05.785+0000] {dag.py:3047} INFO - Sync 1 DAGs
[2024-03-12T07:58:05.809+0000] {logging_mixin.py:188} INFO - [2024-03-12T07:58:05.808+0000] {dag.py:3834} INFO - Setting next_dagrun for example_branch_operator to 2024-03-11 00:00:00+00:00, run_after=2024-03-12 00:00:00+00:00
[2024-03-12T07:58:05.829+0000] {processor.py:183} INFO - Processing /home/airflow/.local/lib/python3.8/site-packages/airflow/example_dags/example_branch_operator.py took 0.092 seconds
[2024-03-12T07:58:36.000+0000] {processor.py:161} INFO - Started process (PID=447) to work on /home/airflow/.local/lib/python3.8/site-packages/airflow/example_dags/example_branch_operator.py
[2024-03-12T07:58:36.001+0000] {processor.py:830} INFO - Processing file /home/airflow/.local/lib/python3.8/site-packages/airflow/example_dags/example_branch_operator.py for tasks to queue
[2024-03-12T07:58:36.005+0000] {logging_mixin.py:188} INFO - [2024-03-12T07:58:36.004+0000] {dagbag.py:540} INFO - Filling up the DagBag from /home/airflow/.local/lib/python3.8/site-packages/airflow/example_dags/example_branch_operator.py
[2024-03-12T07:58:36.025+0000] {processor.py:840} INFO - DAG(s) 'example_branch_operator' retrieved from /home/airflow/.local/lib/python3.8/site-packages/airflow/example_dags/example_branch_operator.py
[2024-03-12T07:58:36.057+0000] {logging_mixin.py:188} INFO - [2024-03-12T07:58:36.056+0000] {dag.py:3047} INFO - Sync 1 DAGs
[2024-03-12T07:58:36.085+0000] {logging_mixin.py:188} INFO - [2024-03-12T07:58:36.084+0000] {dag.py:3834} INFO - Setting next_dagrun for example_branch_operator to 2024-03-11 00:00:00+00:00, run_after=2024-03-12 00:00:00+00:00
[2024-03-12T07:58:36.112+0000] {processor.py:183} INFO - Processing /home/airflow/.local/lib/python3.8/site-packages/airflow/example_dags/example_branch_operator.py took 0.116 seconds
