[2024-03-12T07:55:03.600+0000] {processor.py:161} INFO - Started process (PID=76) to work on /home/airflow/.local/lib/python3.8/site-packages/airflow/example_dags/tutorial.py
[2024-03-12T07:55:03.606+0000] {processor.py:830} INFO - Processing file /home/airflow/.local/lib/python3.8/site-packages/airflow/example_dags/tutorial.py for tasks to queue
[2024-03-12T07:55:03.608+0000] {logging_mixin.py:188} INFO - [2024-03-12T07:55:03.608+0000] {dagbag.py:540} INFO - Filling up the DagBag from /home/airflow/.local/lib/python3.8/site-packages/airflow/example_dags/tutorial.py
[2024-03-12T07:55:03.629+0000] {processor.py:840} INFO - DAG(s) 'tutorial' retrieved from /home/airflow/.local/lib/python3.8/site-packages/airflow/example_dags/tutorial.py
[2024-03-12T07:55:03.657+0000] {logging_mixin.py:188} INFO - [2024-03-12T07:55:03.656+0000] {dag.py:3047} INFO - Sync 1 DAGs
[2024-03-12T07:55:03.701+0000] {logging_mixin.py:188} INFO - [2024-03-12T07:55:03.700+0000] {dag.py:3834} INFO - Setting next_dagrun for tutorial to 2024-03-11 00:00:00+00:00, run_after=2024-03-12 00:00:00+00:00
[2024-03-12T07:55:03.734+0000] {processor.py:183} INFO - Processing /home/airflow/.local/lib/python3.8/site-packages/airflow/example_dags/tutorial.py took 0.138 seconds
[2024-03-12T07:55:34.218+0000] {processor.py:161} INFO - Started process (PID=131) to work on /home/airflow/.local/lib/python3.8/site-packages/airflow/example_dags/tutorial.py
[2024-03-12T07:55:34.219+0000] {processor.py:830} INFO - Processing file /home/airflow/.local/lib/python3.8/site-packages/airflow/example_dags/tutorial.py for tasks to queue
[2024-03-12T07:55:34.221+0000] {logging_mixin.py:188} INFO - [2024-03-12T07:55:34.220+0000] {dagbag.py:540} INFO - Filling up the DagBag from /home/airflow/.local/lib/python3.8/site-packages/airflow/example_dags/tutorial.py
[2024-03-12T07:55:34.226+0000] {processor.py:840} INFO - DAG(s) 'tutorial' retrieved from /home/airflow/.local/lib/python3.8/site-packages/airflow/example_dags/tutorial.py
[2024-03-12T07:55:34.244+0000] {logging_mixin.py:188} INFO - [2024-03-12T07:55:34.244+0000] {dag.py:3047} INFO - Sync 1 DAGs
[2024-03-12T07:55:34.270+0000] {logging_mixin.py:188} INFO - [2024-03-12T07:55:34.270+0000] {dag.py:3834} INFO - Setting next_dagrun for tutorial to 2024-03-11 00:00:00+00:00, run_after=2024-03-12 00:00:00+00:00
[2024-03-12T07:55:34.291+0000] {processor.py:183} INFO - Processing /home/airflow/.local/lib/python3.8/site-packages/airflow/example_dags/tutorial.py took 0.076 seconds
[2024-03-12T07:56:05.507+0000] {processor.py:161} INFO - Started process (PID=186) to work on /home/airflow/.local/lib/python3.8/site-packages/airflow/example_dags/tutorial.py
[2024-03-12T07:56:05.508+0000] {processor.py:830} INFO - Processing file /home/airflow/.local/lib/python3.8/site-packages/airflow/example_dags/tutorial.py for tasks to queue
[2024-03-12T07:56:05.510+0000] {logging_mixin.py:188} INFO - [2024-03-12T07:56:05.509+0000] {dagbag.py:540} INFO - Filling up the DagBag from /home/airflow/.local/lib/python3.8/site-packages/airflow/example_dags/tutorial.py
[2024-03-12T07:56:05.514+0000] {processor.py:840} INFO - DAG(s) 'tutorial' retrieved from /home/airflow/.local/lib/python3.8/site-packages/airflow/example_dags/tutorial.py
[2024-03-12T07:56:05.617+0000] {logging_mixin.py:188} INFO - [2024-03-12T07:56:05.617+0000] {dag.py:3047} INFO - Sync 1 DAGs
[2024-03-12T07:56:05.640+0000] {logging_mixin.py:188} INFO - [2024-03-12T07:56:05.640+0000] {dag.py:3834} INFO - Setting next_dagrun for tutorial to 2024-03-11 00:00:00+00:00, run_after=2024-03-12 00:00:00+00:00
[2024-03-12T07:56:05.670+0000] {processor.py:183} INFO - Processing /home/airflow/.local/lib/python3.8/site-packages/airflow/example_dags/tutorial.py took 0.165 seconds
[2024-03-12T07:56:36.556+0000] {processor.py:161} INFO - Started process (PID=241) to work on /home/airflow/.local/lib/python3.8/site-packages/airflow/example_dags/tutorial.py
[2024-03-12T07:56:36.558+0000] {processor.py:830} INFO - Processing file /home/airflow/.local/lib/python3.8/site-packages/airflow/example_dags/tutorial.py for tasks to queue
[2024-03-12T07:56:36.561+0000] {logging_mixin.py:188} INFO - [2024-03-12T07:56:36.560+0000] {dagbag.py:540} INFO - Filling up the DagBag from /home/airflow/.local/lib/python3.8/site-packages/airflow/example_dags/tutorial.py
[2024-03-12T07:56:36.572+0000] {processor.py:840} INFO - DAG(s) 'tutorial' retrieved from /home/airflow/.local/lib/python3.8/site-packages/airflow/example_dags/tutorial.py
[2024-03-12T07:56:36.590+0000] {logging_mixin.py:188} INFO - [2024-03-12T07:56:36.590+0000] {dag.py:3047} INFO - Sync 1 DAGs
[2024-03-12T07:56:36.613+0000] {logging_mixin.py:188} INFO - [2024-03-12T07:56:36.613+0000] {dag.py:3834} INFO - Setting next_dagrun for tutorial to 2024-03-11 00:00:00+00:00, run_after=2024-03-12 00:00:00+00:00
[2024-03-12T07:56:36.632+0000] {processor.py:183} INFO - Processing /home/airflow/.local/lib/python3.8/site-packages/airflow/example_dags/tutorial.py took 0.080 seconds
[2024-03-12T07:57:06.920+0000] {processor.py:161} INFO - Started process (PID=296) to work on /home/airflow/.local/lib/python3.8/site-packages/airflow/example_dags/tutorial.py
[2024-03-12T07:57:06.921+0000] {processor.py:830} INFO - Processing file /home/airflow/.local/lib/python3.8/site-packages/airflow/example_dags/tutorial.py for tasks to queue
[2024-03-12T07:57:06.923+0000] {logging_mixin.py:188} INFO - [2024-03-12T07:57:06.923+0000] {dagbag.py:540} INFO - Filling up the DagBag from /home/airflow/.local/lib/python3.8/site-packages/airflow/example_dags/tutorial.py
[2024-03-12T07:57:06.928+0000] {processor.py:840} INFO - DAG(s) 'tutorial' retrieved from /home/airflow/.local/lib/python3.8/site-packages/airflow/example_dags/tutorial.py
[2024-03-12T07:57:06.951+0000] {logging_mixin.py:188} INFO - [2024-03-12T07:57:06.951+0000] {dag.py:3047} INFO - Sync 1 DAGs
[2024-03-12T07:57:06.978+0000] {logging_mixin.py:188} INFO - [2024-03-12T07:57:06.978+0000] {dag.py:3834} INFO - Setting next_dagrun for tutorial to 2024-03-11 00:00:00+00:00, run_after=2024-03-12 00:00:00+00:00
[2024-03-12T07:57:06.999+0000] {processor.py:183} INFO - Processing /home/airflow/.local/lib/python3.8/site-packages/airflow/example_dags/tutorial.py took 0.081 seconds
[2024-03-12T07:57:37.211+0000] {processor.py:161} INFO - Started process (PID=351) to work on /home/airflow/.local/lib/python3.8/site-packages/airflow/example_dags/tutorial.py
[2024-03-12T07:57:37.212+0000] {processor.py:830} INFO - Processing file /home/airflow/.local/lib/python3.8/site-packages/airflow/example_dags/tutorial.py for tasks to queue
[2024-03-12T07:57:37.214+0000] {logging_mixin.py:188} INFO - [2024-03-12T07:57:37.213+0000] {dagbag.py:540} INFO - Filling up the DagBag from /home/airflow/.local/lib/python3.8/site-packages/airflow/example_dags/tutorial.py
[2024-03-12T07:57:37.221+0000] {processor.py:840} INFO - DAG(s) 'tutorial' retrieved from /home/airflow/.local/lib/python3.8/site-packages/airflow/example_dags/tutorial.py
[2024-03-12T07:57:37.249+0000] {logging_mixin.py:188} INFO - [2024-03-12T07:57:37.249+0000] {dag.py:3047} INFO - Sync 1 DAGs
[2024-03-12T07:57:37.280+0000] {logging_mixin.py:188} INFO - [2024-03-12T07:57:37.279+0000] {dag.py:3834} INFO - Setting next_dagrun for tutorial to 2024-03-11 00:00:00+00:00, run_after=2024-03-12 00:00:00+00:00
[2024-03-12T07:57:37.311+0000] {processor.py:183} INFO - Processing /home/airflow/.local/lib/python3.8/site-packages/airflow/example_dags/tutorial.py took 0.104 seconds
[2024-03-12T07:58:07.645+0000] {processor.py:161} INFO - Started process (PID=406) to work on /home/airflow/.local/lib/python3.8/site-packages/airflow/example_dags/tutorial.py
[2024-03-12T07:58:07.646+0000] {processor.py:830} INFO - Processing file /home/airflow/.local/lib/python3.8/site-packages/airflow/example_dags/tutorial.py for tasks to queue
[2024-03-12T07:58:07.648+0000] {logging_mixin.py:188} INFO - [2024-03-12T07:58:07.648+0000] {dagbag.py:540} INFO - Filling up the DagBag from /home/airflow/.local/lib/python3.8/site-packages/airflow/example_dags/tutorial.py
[2024-03-12T07:58:07.654+0000] {processor.py:840} INFO - DAG(s) 'tutorial' retrieved from /home/airflow/.local/lib/python3.8/site-packages/airflow/example_dags/tutorial.py
[2024-03-12T07:58:07.681+0000] {logging_mixin.py:188} INFO - [2024-03-12T07:58:07.680+0000] {dag.py:3047} INFO - Sync 1 DAGs
[2024-03-12T07:58:07.714+0000] {logging_mixin.py:188} INFO - [2024-03-12T07:58:07.713+0000] {dag.py:3834} INFO - Setting next_dagrun for tutorial to 2024-03-11 00:00:00+00:00, run_after=2024-03-12 00:00:00+00:00
[2024-03-12T07:58:07.738+0000] {processor.py:183} INFO - Processing /home/airflow/.local/lib/python3.8/site-packages/airflow/example_dags/tutorial.py took 0.095 seconds
[2024-03-12T07:58:38.034+0000] {processor.py:161} INFO - Started process (PID=461) to work on /home/airflow/.local/lib/python3.8/site-packages/airflow/example_dags/tutorial.py
[2024-03-12T07:58:38.035+0000] {processor.py:830} INFO - Processing file /home/airflow/.local/lib/python3.8/site-packages/airflow/example_dags/tutorial.py for tasks to queue
[2024-03-12T07:58:38.038+0000] {logging_mixin.py:188} INFO - [2024-03-12T07:58:38.038+0000] {dagbag.py:540} INFO - Filling up the DagBag from /home/airflow/.local/lib/python3.8/site-packages/airflow/example_dags/tutorial.py
[2024-03-12T07:58:38.044+0000] {processor.py:840} INFO - DAG(s) 'tutorial' retrieved from /home/airflow/.local/lib/python3.8/site-packages/airflow/example_dags/tutorial.py
[2024-03-12T07:58:38.065+0000] {logging_mixin.py:188} INFO - [2024-03-12T07:58:38.064+0000] {dag.py:3047} INFO - Sync 1 DAGs
[2024-03-12T07:58:38.098+0000] {logging_mixin.py:188} INFO - [2024-03-12T07:58:38.098+0000] {dag.py:3834} INFO - Setting next_dagrun for tutorial to 2024-03-11 00:00:00+00:00, run_after=2024-03-12 00:00:00+00:00
[2024-03-12T07:58:38.130+0000] {processor.py:183} INFO - Processing /home/airflow/.local/lib/python3.8/site-packages/airflow/example_dags/tutorial.py took 0.099 seconds
