[2024-03-31T06:00:13.878+0000] {processor.py:161} INFO - Started process (PID=50) to work on /opt/airflow/dags/data_transformation.py
[2024-03-31T06:00:13.879+0000] {processor.py:830} INFO - Processing file /opt/airflow/dags/data_transformation.py for tasks to queue
[2024-03-31T06:00:13.881+0000] {logging_mixin.py:188} INFO - [2024-03-31T06:00:13.881+0000] {dagbag.py:540} INFO - Filling up the DagBag from /opt/airflow/dags/data_transformation.py
[2024-03-31T06:00:14.236+0000] {processor.py:840} INFO - DAG(s) 'data_crime_process_dag' retrieved from /opt/airflow/dags/data_transformation.py
[2024-03-31T06:00:14.587+0000] {logging_mixin.py:188} INFO - [2024-03-31T06:00:14.587+0000] {dag.py:3047} INFO - Sync 1 DAGs
[2024-03-31T06:00:14.658+0000] {logging_mixin.py:188} INFO - [2024-03-31T06:00:14.658+0000] {dag.py:3834} INFO - Setting next_dagrun for data_crime_process_dag to None, run_after=None
[2024-03-31T06:00:14.720+0000] {processor.py:183} INFO - Processing /opt/airflow/dags/data_transformation.py took 0.850 seconds
[2024-03-31T06:00:45.642+0000] {processor.py:161} INFO - Started process (PID=106) to work on /opt/airflow/dags/data_transformation.py
[2024-03-31T06:00:45.645+0000] {processor.py:830} INFO - Processing file /opt/airflow/dags/data_transformation.py for tasks to queue
[2024-03-31T06:00:45.649+0000] {logging_mixin.py:188} INFO - [2024-03-31T06:00:45.648+0000] {dagbag.py:540} INFO - Filling up the DagBag from /opt/airflow/dags/data_transformation.py
[2024-03-31T06:00:45.674+0000] {processor.py:840} INFO - DAG(s) 'data_crime_process_dag' retrieved from /opt/airflow/dags/data_transformation.py
[2024-03-31T06:00:45.890+0000] {logging_mixin.py:188} INFO - [2024-03-31T06:00:45.889+0000] {dag.py:3047} INFO - Sync 1 DAGs
[2024-03-31T06:00:45.924+0000] {logging_mixin.py:188} INFO - [2024-03-31T06:00:45.923+0000] {dag.py:3834} INFO - Setting next_dagrun for data_crime_process_dag to None, run_after=None
[2024-03-31T06:00:45.979+0000] {processor.py:183} INFO - Processing /opt/airflow/dags/data_transformation.py took 0.340 seconds
[2024-03-31T06:01:16.770+0000] {processor.py:161} INFO - Started process (PID=162) to work on /opt/airflow/dags/data_transformation.py
[2024-03-31T06:01:16.771+0000] {processor.py:830} INFO - Processing file /opt/airflow/dags/data_transformation.py for tasks to queue
[2024-03-31T06:01:16.776+0000] {logging_mixin.py:188} INFO - [2024-03-31T06:01:16.774+0000] {dagbag.py:540} INFO - Filling up the DagBag from /opt/airflow/dags/data_transformation.py
[2024-03-31T06:01:16.796+0000] {processor.py:840} INFO - DAG(s) 'data_crime_process_dag' retrieved from /opt/airflow/dags/data_transformation.py
[2024-03-31T06:01:16.811+0000] {logging_mixin.py:188} INFO - [2024-03-31T06:01:16.811+0000] {dag.py:3047} INFO - Sync 1 DAGs
[2024-03-31T06:01:16.843+0000] {logging_mixin.py:188} INFO - [2024-03-31T06:01:16.843+0000] {dag.py:3834} INFO - Setting next_dagrun for data_crime_process_dag to None, run_after=None
[2024-03-31T06:01:16.877+0000] {processor.py:183} INFO - Processing /opt/airflow/dags/data_transformation.py took 0.115 seconds
[2024-03-31T06:01:47.728+0000] {processor.py:161} INFO - Started process (PID=218) to work on /opt/airflow/dags/data_transformation.py
[2024-03-31T06:01:47.728+0000] {processor.py:830} INFO - Processing file /opt/airflow/dags/data_transformation.py for tasks to queue
[2024-03-31T06:01:47.731+0000] {logging_mixin.py:188} INFO - [2024-03-31T06:01:47.730+0000] {dagbag.py:540} INFO - Filling up the DagBag from /opt/airflow/dags/data_transformation.py
[2024-03-31T06:01:47.747+0000] {processor.py:840} INFO - DAG(s) 'data_crime_process_dag' retrieved from /opt/airflow/dags/data_transformation.py
[2024-03-31T06:01:47.775+0000] {logging_mixin.py:188} INFO - [2024-03-31T06:01:47.774+0000] {dag.py:3047} INFO - Sync 1 DAGs
[2024-03-31T06:01:47.817+0000] {logging_mixin.py:188} INFO - [2024-03-31T06:01:47.816+0000] {dag.py:3834} INFO - Setting next_dagrun for data_crime_process_dag to None, run_after=None
[2024-03-31T06:01:47.857+0000] {processor.py:183} INFO - Processing /opt/airflow/dags/data_transformation.py took 0.132 seconds
[2024-03-31T06:02:17.992+0000] {processor.py:161} INFO - Started process (PID=274) to work on /opt/airflow/dags/data_transformation.py
[2024-03-31T06:02:17.993+0000] {processor.py:830} INFO - Processing file /opt/airflow/dags/data_transformation.py for tasks to queue
[2024-03-31T06:02:17.995+0000] {logging_mixin.py:188} INFO - [2024-03-31T06:02:17.994+0000] {dagbag.py:540} INFO - Filling up the DagBag from /opt/airflow/dags/data_transformation.py
[2024-03-31T06:02:18.011+0000] {processor.py:840} INFO - DAG(s) 'data_crime_process_dag' retrieved from /opt/airflow/dags/data_transformation.py
[2024-03-31T06:02:18.025+0000] {logging_mixin.py:188} INFO - [2024-03-31T06:02:18.025+0000] {dag.py:3047} INFO - Sync 1 DAGs
[2024-03-31T06:02:18.080+0000] {logging_mixin.py:188} INFO - [2024-03-31T06:02:18.079+0000] {dag.py:3834} INFO - Setting next_dagrun for data_crime_process_dag to None, run_after=None
[2024-03-31T06:02:18.105+0000] {processor.py:183} INFO - Processing /opt/airflow/dags/data_transformation.py took 0.116 seconds
[2024-03-31T06:02:48.236+0000] {processor.py:161} INFO - Started process (PID=330) to work on /opt/airflow/dags/data_transformation.py
[2024-03-31T06:02:48.237+0000] {processor.py:830} INFO - Processing file /opt/airflow/dags/data_transformation.py for tasks to queue
[2024-03-31T06:02:48.238+0000] {logging_mixin.py:188} INFO - [2024-03-31T06:02:48.238+0000] {dagbag.py:540} INFO - Filling up the DagBag from /opt/airflow/dags/data_transformation.py
[2024-03-31T06:02:48.255+0000] {processor.py:840} INFO - DAG(s) 'data_crime_process_dag' retrieved from /opt/airflow/dags/data_transformation.py
[2024-03-31T06:02:48.267+0000] {logging_mixin.py:188} INFO - [2024-03-31T06:02:48.266+0000] {dag.py:3047} INFO - Sync 1 DAGs
[2024-03-31T06:02:48.292+0000] {logging_mixin.py:188} INFO - [2024-03-31T06:02:48.291+0000] {dag.py:3834} INFO - Setting next_dagrun for data_crime_process_dag to None, run_after=None
[2024-03-31T06:02:48.319+0000] {processor.py:183} INFO - Processing /opt/airflow/dags/data_transformation.py took 0.086 seconds
[2024-03-31T06:03:18.531+0000] {processor.py:161} INFO - Started process (PID=386) to work on /opt/airflow/dags/data_transformation.py
[2024-03-31T06:03:18.532+0000] {processor.py:830} INFO - Processing file /opt/airflow/dags/data_transformation.py for tasks to queue
[2024-03-31T06:03:18.535+0000] {logging_mixin.py:188} INFO - [2024-03-31T06:03:18.534+0000] {dagbag.py:540} INFO - Filling up the DagBag from /opt/airflow/dags/data_transformation.py
[2024-03-31T06:03:18.553+0000] {processor.py:840} INFO - DAG(s) 'data_crime_process_dag' retrieved from /opt/airflow/dags/data_transformation.py
[2024-03-31T06:03:18.684+0000] {logging_mixin.py:188} INFO - [2024-03-31T06:03:18.683+0000] {dag.py:3047} INFO - Sync 1 DAGs
[2024-03-31T06:03:18.702+0000] {logging_mixin.py:188} INFO - [2024-03-31T06:03:18.702+0000] {dag.py:3834} INFO - Setting next_dagrun for data_crime_process_dag to None, run_after=None
[2024-03-31T06:03:18.724+0000] {processor.py:183} INFO - Processing /opt/airflow/dags/data_transformation.py took 0.197 seconds
[2024-03-31T06:03:49.604+0000] {processor.py:161} INFO - Started process (PID=442) to work on /opt/airflow/dags/data_transformation.py
[2024-03-31T06:03:49.605+0000] {processor.py:830} INFO - Processing file /opt/airflow/dags/data_transformation.py for tasks to queue
[2024-03-31T06:03:49.607+0000] {logging_mixin.py:188} INFO - [2024-03-31T06:03:49.607+0000] {dagbag.py:540} INFO - Filling up the DagBag from /opt/airflow/dags/data_transformation.py
[2024-03-31T06:03:49.627+0000] {processor.py:840} INFO - DAG(s) 'data_crime_process_dag' retrieved from /opt/airflow/dags/data_transformation.py
[2024-03-31T06:03:49.747+0000] {logging_mixin.py:188} INFO - [2024-03-31T06:03:49.745+0000] {dag.py:3047} INFO - Sync 1 DAGs
[2024-03-31T06:03:49.776+0000] {logging_mixin.py:188} INFO - [2024-03-31T06:03:49.776+0000] {dag.py:3834} INFO - Setting next_dagrun for data_crime_process_dag to None, run_after=None
[2024-03-31T06:03:49.800+0000] {processor.py:183} INFO - Processing /opt/airflow/dags/data_transformation.py took 0.200 seconds
[2024-03-31T06:04:19.888+0000] {processor.py:161} INFO - Started process (PID=498) to work on /opt/airflow/dags/data_transformation.py
[2024-03-31T06:04:19.889+0000] {processor.py:830} INFO - Processing file /opt/airflow/dags/data_transformation.py for tasks to queue
[2024-03-31T06:04:19.892+0000] {logging_mixin.py:188} INFO - [2024-03-31T06:04:19.891+0000] {dagbag.py:540} INFO - Filling up the DagBag from /opt/airflow/dags/data_transformation.py
[2024-03-31T06:04:19.915+0000] {processor.py:840} INFO - DAG(s) 'data_crime_process_dag' retrieved from /opt/airflow/dags/data_transformation.py
[2024-03-31T06:04:20.029+0000] {logging_mixin.py:188} INFO - [2024-03-31T06:04:20.028+0000] {dag.py:3047} INFO - Sync 1 DAGs
[2024-03-31T06:04:20.056+0000] {logging_mixin.py:188} INFO - [2024-03-31T06:04:20.055+0000] {dag.py:3834} INFO - Setting next_dagrun for data_crime_process_dag to None, run_after=None
[2024-03-31T06:04:20.082+0000] {processor.py:183} INFO - Processing /opt/airflow/dags/data_transformation.py took 0.196 seconds
[2024-03-31T06:04:50.165+0000] {processor.py:161} INFO - Started process (PID=554) to work on /opt/airflow/dags/data_transformation.py
[2024-03-31T06:04:50.167+0000] {processor.py:830} INFO - Processing file /opt/airflow/dags/data_transformation.py for tasks to queue
[2024-03-31T06:04:50.169+0000] {logging_mixin.py:188} INFO - [2024-03-31T06:04:50.169+0000] {dagbag.py:540} INFO - Filling up the DagBag from /opt/airflow/dags/data_transformation.py
[2024-03-31T06:04:50.201+0000] {processor.py:840} INFO - DAG(s) 'data_crime_process_dag' retrieved from /opt/airflow/dags/data_transformation.py
[2024-03-31T06:04:50.359+0000] {logging_mixin.py:188} INFO - [2024-03-31T06:04:50.358+0000] {dag.py:3047} INFO - Sync 1 DAGs
[2024-03-31T06:04:50.403+0000] {logging_mixin.py:188} INFO - [2024-03-31T06:04:50.403+0000] {dag.py:3834} INFO - Setting next_dagrun for data_crime_process_dag to None, run_after=None
[2024-03-31T06:04:50.472+0000] {processor.py:183} INFO - Processing /opt/airflow/dags/data_transformation.py took 0.311 seconds
[2024-03-31T06:05:20.667+0000] {processor.py:161} INFO - Started process (PID=610) to work on /opt/airflow/dags/data_transformation.py
[2024-03-31T06:05:20.668+0000] {processor.py:830} INFO - Processing file /opt/airflow/dags/data_transformation.py for tasks to queue
[2024-03-31T06:05:20.670+0000] {logging_mixin.py:188} INFO - [2024-03-31T06:05:20.670+0000] {dagbag.py:540} INFO - Filling up the DagBag from /opt/airflow/dags/data_transformation.py
[2024-03-31T06:05:20.694+0000] {processor.py:840} INFO - DAG(s) 'data_crime_process_dag' retrieved from /opt/airflow/dags/data_transformation.py
[2024-03-31T06:05:20.924+0000] {logging_mixin.py:188} INFO - [2024-03-31T06:05:20.924+0000] {dag.py:3047} INFO - Sync 1 DAGs
[2024-03-31T06:05:20.954+0000] {logging_mixin.py:188} INFO - [2024-03-31T06:05:20.954+0000] {dag.py:3834} INFO - Setting next_dagrun for data_crime_process_dag to None, run_after=None
[2024-03-31T06:05:21.001+0000] {processor.py:183} INFO - Processing /opt/airflow/dags/data_transformation.py took 0.345 seconds
[2024-03-31T06:05:51.720+0000] {processor.py:161} INFO - Started process (PID=666) to work on /opt/airflow/dags/data_transformation.py
[2024-03-31T06:05:51.722+0000] {processor.py:830} INFO - Processing file /opt/airflow/dags/data_transformation.py for tasks to queue
[2024-03-31T06:05:51.725+0000] {logging_mixin.py:188} INFO - [2024-03-31T06:05:51.724+0000] {dagbag.py:540} INFO - Filling up the DagBag from /opt/airflow/dags/data_transformation.py
[2024-03-31T06:05:51.752+0000] {processor.py:840} INFO - DAG(s) 'data_crime_process_dag' retrieved from /opt/airflow/dags/data_transformation.py
[2024-03-31T06:05:51.935+0000] {logging_mixin.py:188} INFO - [2024-03-31T06:05:51.935+0000] {dag.py:3047} INFO - Sync 1 DAGs
[2024-03-31T06:05:51.958+0000] {logging_mixin.py:188} INFO - [2024-03-31T06:05:51.958+0000] {dag.py:3834} INFO - Setting next_dagrun for data_crime_process_dag to None, run_after=None
[2024-03-31T06:05:51.982+0000] {processor.py:183} INFO - Processing /opt/airflow/dags/data_transformation.py took 0.266 seconds
[2024-03-31T06:06:22.123+0000] {processor.py:161} INFO - Started process (PID=722) to work on /opt/airflow/dags/data_transformation.py
[2024-03-31T06:06:22.123+0000] {processor.py:830} INFO - Processing file /opt/airflow/dags/data_transformation.py for tasks to queue
[2024-03-31T06:06:22.125+0000] {logging_mixin.py:188} INFO - [2024-03-31T06:06:22.125+0000] {dagbag.py:540} INFO - Filling up the DagBag from /opt/airflow/dags/data_transformation.py
[2024-03-31T06:06:22.141+0000] {processor.py:840} INFO - DAG(s) 'data_crime_process_dag' retrieved from /opt/airflow/dags/data_transformation.py
[2024-03-31T06:06:22.269+0000] {logging_mixin.py:188} INFO - [2024-03-31T06:06:22.269+0000] {dag.py:3047} INFO - Sync 1 DAGs
[2024-03-31T06:06:22.312+0000] {logging_mixin.py:188} INFO - [2024-03-31T06:06:22.311+0000] {dag.py:3834} INFO - Setting next_dagrun for data_crime_process_dag to None, run_after=None
[2024-03-31T06:06:22.345+0000] {processor.py:183} INFO - Processing /opt/airflow/dags/data_transformation.py took 0.225 seconds
[2024-03-31T06:06:52.664+0000] {processor.py:161} INFO - Started process (PID=778) to work on /opt/airflow/dags/data_transformation.py
[2024-03-31T06:06:52.666+0000] {processor.py:830} INFO - Processing file /opt/airflow/dags/data_transformation.py for tasks to queue
[2024-03-31T06:06:52.669+0000] {logging_mixin.py:188} INFO - [2024-03-31T06:06:52.668+0000] {dagbag.py:540} INFO - Filling up the DagBag from /opt/airflow/dags/data_transformation.py
[2024-03-31T06:06:52.718+0000] {processor.py:840} INFO - DAG(s) 'data_crime_process_dag' retrieved from /opt/airflow/dags/data_transformation.py
[2024-03-31T06:06:53.049+0000] {logging_mixin.py:188} INFO - [2024-03-31T06:06:53.049+0000] {dag.py:3047} INFO - Sync 1 DAGs
[2024-03-31T06:06:53.084+0000] {logging_mixin.py:188} INFO - [2024-03-31T06:06:53.084+0000] {dag.py:3834} INFO - Setting next_dagrun for data_crime_process_dag to None, run_after=None
[2024-03-31T06:06:53.117+0000] {processor.py:183} INFO - Processing /opt/airflow/dags/data_transformation.py took 0.457 seconds
[2024-03-31T06:07:23.435+0000] {processor.py:161} INFO - Started process (PID=835) to work on /opt/airflow/dags/data_transformation.py
[2024-03-31T06:07:23.436+0000] {processor.py:830} INFO - Processing file /opt/airflow/dags/data_transformation.py for tasks to queue
[2024-03-31T06:07:23.437+0000] {logging_mixin.py:188} INFO - [2024-03-31T06:07:23.437+0000] {dagbag.py:540} INFO - Filling up the DagBag from /opt/airflow/dags/data_transformation.py
[2024-03-31T06:07:23.465+0000] {processor.py:840} INFO - DAG(s) 'data_crime_process_dag' retrieved from /opt/airflow/dags/data_transformation.py
[2024-03-31T06:07:23.578+0000] {logging_mixin.py:188} INFO - [2024-03-31T06:07:23.577+0000] {dag.py:3047} INFO - Sync 1 DAGs
[2024-03-31T06:07:23.603+0000] {logging_mixin.py:188} INFO - [2024-03-31T06:07:23.602+0000] {dag.py:3834} INFO - Setting next_dagrun for data_crime_process_dag to None, run_after=None
[2024-03-31T06:07:23.625+0000] {processor.py:183} INFO - Processing /opt/airflow/dags/data_transformation.py took 0.193 seconds
[2024-03-31T06:07:53.697+0000] {processor.py:161} INFO - Started process (PID=891) to work on /opt/airflow/dags/data_transformation.py
[2024-03-31T06:07:53.698+0000] {processor.py:830} INFO - Processing file /opt/airflow/dags/data_transformation.py for tasks to queue
[2024-03-31T06:07:53.701+0000] {logging_mixin.py:188} INFO - [2024-03-31T06:07:53.701+0000] {dagbag.py:540} INFO - Filling up the DagBag from /opt/airflow/dags/data_transformation.py
[2024-03-31T06:07:53.721+0000] {processor.py:840} INFO - DAG(s) 'data_crime_process_dag' retrieved from /opt/airflow/dags/data_transformation.py
[2024-03-31T06:07:53.833+0000] {logging_mixin.py:188} INFO - [2024-03-31T06:07:53.833+0000] {dag.py:3047} INFO - Sync 1 DAGs
[2024-03-31T06:07:53.858+0000] {logging_mixin.py:188} INFO - [2024-03-31T06:07:53.857+0000] {dag.py:3834} INFO - Setting next_dagrun for data_crime_process_dag to None, run_after=None
[2024-03-31T06:07:53.884+0000] {processor.py:183} INFO - Processing /opt/airflow/dags/data_transformation.py took 0.192 seconds
[2024-03-31T06:08:24.063+0000] {processor.py:161} INFO - Started process (PID=947) to work on /opt/airflow/dags/data_transformation.py
[2024-03-31T06:08:24.064+0000] {processor.py:830} INFO - Processing file /opt/airflow/dags/data_transformation.py for tasks to queue
[2024-03-31T06:08:24.066+0000] {logging_mixin.py:188} INFO - [2024-03-31T06:08:24.066+0000] {dagbag.py:540} INFO - Filling up the DagBag from /opt/airflow/dags/data_transformation.py
[2024-03-31T06:08:24.082+0000] {processor.py:840} INFO - DAG(s) 'data_crime_process_dag' retrieved from /opt/airflow/dags/data_transformation.py
[2024-03-31T06:08:24.195+0000] {logging_mixin.py:188} INFO - [2024-03-31T06:08:24.195+0000] {dag.py:3047} INFO - Sync 1 DAGs
[2024-03-31T06:08:24.223+0000] {logging_mixin.py:188} INFO - [2024-03-31T06:08:24.223+0000] {dag.py:3834} INFO - Setting next_dagrun for data_crime_process_dag to None, run_after=None
[2024-03-31T06:08:24.250+0000] {processor.py:183} INFO - Processing /opt/airflow/dags/data_transformation.py took 0.189 seconds
[2024-03-31T06:08:54.444+0000] {processor.py:161} INFO - Started process (PID=1003) to work on /opt/airflow/dags/data_transformation.py
[2024-03-31T06:08:54.445+0000] {processor.py:830} INFO - Processing file /opt/airflow/dags/data_transformation.py for tasks to queue
[2024-03-31T06:08:54.448+0000] {logging_mixin.py:188} INFO - [2024-03-31T06:08:54.447+0000] {dagbag.py:540} INFO - Filling up the DagBag from /opt/airflow/dags/data_transformation.py
[2024-03-31T06:08:54.468+0000] {processor.py:840} INFO - DAG(s) 'data_crime_process_dag' retrieved from /opt/airflow/dags/data_transformation.py
[2024-03-31T06:08:54.597+0000] {logging_mixin.py:188} INFO - [2024-03-31T06:08:54.597+0000] {dag.py:3047} INFO - Sync 1 DAGs
[2024-03-31T06:08:54.622+0000] {logging_mixin.py:188} INFO - [2024-03-31T06:08:54.622+0000] {dag.py:3834} INFO - Setting next_dagrun for data_crime_process_dag to None, run_after=None
[2024-03-31T06:08:54.647+0000] {processor.py:183} INFO - Processing /opt/airflow/dags/data_transformation.py took 0.209 seconds
[2024-03-31T06:09:24.695+0000] {processor.py:161} INFO - Started process (PID=1061) to work on /opt/airflow/dags/data_transformation.py
[2024-03-31T06:09:24.696+0000] {processor.py:830} INFO - Processing file /opt/airflow/dags/data_transformation.py for tasks to queue
[2024-03-31T06:09:24.698+0000] {logging_mixin.py:188} INFO - [2024-03-31T06:09:24.698+0000] {dagbag.py:540} INFO - Filling up the DagBag from /opt/airflow/dags/data_transformation.py
[2024-03-31T06:09:24.715+0000] {processor.py:840} INFO - DAG(s) 'data_crime_process_dag' retrieved from /opt/airflow/dags/data_transformation.py
[2024-03-31T06:09:24.828+0000] {logging_mixin.py:188} INFO - [2024-03-31T06:09:24.827+0000] {dag.py:3047} INFO - Sync 1 DAGs
[2024-03-31T06:09:24.855+0000] {logging_mixin.py:188} INFO - [2024-03-31T06:09:24.855+0000] {dag.py:3834} INFO - Setting next_dagrun for data_crime_process_dag to None, run_after=None
[2024-03-31T06:09:24.880+0000] {processor.py:183} INFO - Processing /opt/airflow/dags/data_transformation.py took 0.190 seconds
[2024-03-31T06:09:55.176+0000] {processor.py:161} INFO - Started process (PID=1117) to work on /opt/airflow/dags/data_transformation.py
[2024-03-31T06:09:55.177+0000] {processor.py:830} INFO - Processing file /opt/airflow/dags/data_transformation.py for tasks to queue
[2024-03-31T06:09:55.179+0000] {logging_mixin.py:188} INFO - [2024-03-31T06:09:55.179+0000] {dagbag.py:540} INFO - Filling up the DagBag from /opt/airflow/dags/data_transformation.py
[2024-03-31T06:09:55.195+0000] {processor.py:840} INFO - DAG(s) 'data_crime_process_dag' retrieved from /opt/airflow/dags/data_transformation.py
[2024-03-31T06:09:55.316+0000] {logging_mixin.py:188} INFO - [2024-03-31T06:09:55.316+0000] {dag.py:3047} INFO - Sync 1 DAGs
[2024-03-31T06:09:55.340+0000] {logging_mixin.py:188} INFO - [2024-03-31T06:09:55.340+0000] {dag.py:3834} INFO - Setting next_dagrun for data_crime_process_dag to None, run_after=None
[2024-03-31T06:09:55.551+0000] {processor.py:183} INFO - Processing /opt/airflow/dags/data_transformation.py took 0.378 seconds
[2024-03-31T06:10:25.610+0000] {processor.py:161} INFO - Started process (PID=1173) to work on /opt/airflow/dags/data_transformation.py
[2024-03-31T06:10:25.611+0000] {processor.py:830} INFO - Processing file /opt/airflow/dags/data_transformation.py for tasks to queue
[2024-03-31T06:10:25.613+0000] {logging_mixin.py:188} INFO - [2024-03-31T06:10:25.613+0000] {dagbag.py:540} INFO - Filling up the DagBag from /opt/airflow/dags/data_transformation.py
[2024-03-31T06:10:25.640+0000] {processor.py:840} INFO - DAG(s) 'data_crime_process_dag' retrieved from /opt/airflow/dags/data_transformation.py
[2024-03-31T06:10:25.771+0000] {logging_mixin.py:188} INFO - [2024-03-31T06:10:25.771+0000] {dag.py:3047} INFO - Sync 1 DAGs
[2024-03-31T06:10:25.805+0000] {logging_mixin.py:188} INFO - [2024-03-31T06:10:25.805+0000] {dag.py:3834} INFO - Setting next_dagrun for data_crime_process_dag to None, run_after=None
[2024-03-31T06:10:25.992+0000] {processor.py:183} INFO - Processing /opt/airflow/dags/data_transformation.py took 0.386 seconds
[2024-03-31T06:10:56.168+0000] {processor.py:161} INFO - Started process (PID=1231) to work on /opt/airflow/dags/data_transformation.py
[2024-03-31T06:10:56.169+0000] {processor.py:830} INFO - Processing file /opt/airflow/dags/data_transformation.py for tasks to queue
[2024-03-31T06:10:56.170+0000] {logging_mixin.py:188} INFO - [2024-03-31T06:10:56.170+0000] {dagbag.py:540} INFO - Filling up the DagBag from /opt/airflow/dags/data_transformation.py
[2024-03-31T06:10:56.184+0000] {processor.py:840} INFO - DAG(s) 'data_crime_process_dag' retrieved from /opt/airflow/dags/data_transformation.py
[2024-03-31T06:10:56.297+0000] {logging_mixin.py:188} INFO - [2024-03-31T06:10:56.297+0000] {dag.py:3047} INFO - Sync 1 DAGs
[2024-03-31T06:10:56.318+0000] {logging_mixin.py:188} INFO - [2024-03-31T06:10:56.318+0000] {dag.py:3834} INFO - Setting next_dagrun for data_crime_process_dag to None, run_after=None
[2024-03-31T06:10:56.351+0000] {processor.py:183} INFO - Processing /opt/airflow/dags/data_transformation.py took 0.185 seconds
[2024-03-31T06:11:26.472+0000] {processor.py:161} INFO - Started process (PID=1287) to work on /opt/airflow/dags/data_transformation.py
[2024-03-31T06:11:26.473+0000] {processor.py:830} INFO - Processing file /opt/airflow/dags/data_transformation.py for tasks to queue
[2024-03-31T06:11:26.475+0000] {logging_mixin.py:188} INFO - [2024-03-31T06:11:26.474+0000] {dagbag.py:540} INFO - Filling up the DagBag from /opt/airflow/dags/data_transformation.py
[2024-03-31T06:11:26.490+0000] {processor.py:840} INFO - DAG(s) 'data_crime_process_dag' retrieved from /opt/airflow/dags/data_transformation.py
[2024-03-31T06:11:26.592+0000] {logging_mixin.py:188} INFO - [2024-03-31T06:11:26.592+0000] {dag.py:3047} INFO - Sync 1 DAGs
[2024-03-31T06:11:26.612+0000] {logging_mixin.py:188} INFO - [2024-03-31T06:11:26.612+0000] {dag.py:3834} INFO - Setting next_dagrun for data_crime_process_dag to None, run_after=None
[2024-03-31T06:11:26.634+0000] {processor.py:183} INFO - Processing /opt/airflow/dags/data_transformation.py took 0.165 seconds
[2024-03-31T06:11:57.167+0000] {processor.py:161} INFO - Started process (PID=1341) to work on /opt/airflow/dags/data_transformation.py
[2024-03-31T06:11:57.168+0000] {processor.py:830} INFO - Processing file /opt/airflow/dags/data_transformation.py for tasks to queue
[2024-03-31T06:11:57.170+0000] {logging_mixin.py:188} INFO - [2024-03-31T06:11:57.170+0000] {dagbag.py:540} INFO - Filling up the DagBag from /opt/airflow/dags/data_transformation.py
[2024-03-31T06:11:57.192+0000] {processor.py:840} INFO - DAG(s) 'data_crime_process_dag' retrieved from /opt/airflow/dags/data_transformation.py
[2024-03-31T06:11:57.314+0000] {logging_mixin.py:188} INFO - [2024-03-31T06:11:57.314+0000] {dag.py:3047} INFO - Sync 1 DAGs
[2024-03-31T06:11:57.347+0000] {logging_mixin.py:188} INFO - [2024-03-31T06:11:57.347+0000] {dag.py:3834} INFO - Setting next_dagrun for data_crime_process_dag to None, run_after=None
[2024-03-31T06:11:57.367+0000] {processor.py:183} INFO - Processing /opt/airflow/dags/data_transformation.py took 0.203 seconds
[2024-03-31T06:12:28.301+0000] {processor.py:161} INFO - Started process (PID=1397) to work on /opt/airflow/dags/data_transformation.py
[2024-03-31T06:12:28.303+0000] {processor.py:830} INFO - Processing file /opt/airflow/dags/data_transformation.py for tasks to queue
[2024-03-31T06:12:28.310+0000] {logging_mixin.py:188} INFO - [2024-03-31T06:12:28.310+0000] {dagbag.py:540} INFO - Filling up the DagBag from /opt/airflow/dags/data_transformation.py
[2024-03-31T06:12:28.352+0000] {processor.py:840} INFO - DAG(s) 'data_crime_process_dag' retrieved from /opt/airflow/dags/data_transformation.py
[2024-03-31T06:12:29.165+0000] {logging_mixin.py:188} INFO - [2024-03-31T06:12:29.165+0000] {dag.py:3047} INFO - Sync 1 DAGs
[2024-03-31T06:12:29.218+0000] {logging_mixin.py:188} INFO - [2024-03-31T06:12:29.216+0000] {dag.py:3834} INFO - Setting next_dagrun for data_crime_process_dag to None, run_after=None
[2024-03-31T06:12:29.291+0000] {processor.py:183} INFO - Processing /opt/airflow/dags/data_transformation.py took 0.993 seconds
[2024-03-31T06:13:40.179+0000] {processor.py:161} INFO - Started process (PID=46) to work on /opt/airflow/dags/data_transformation.py
[2024-03-31T06:13:40.187+0000] {processor.py:830} INFO - Processing file /opt/airflow/dags/data_transformation.py for tasks to queue
[2024-03-31T06:13:40.191+0000] {logging_mixin.py:188} INFO - [2024-03-31T06:13:40.190+0000] {dagbag.py:540} INFO - Filling up the DagBag from /opt/airflow/dags/data_transformation.py
[2024-03-31T06:13:40.749+0000] {processor.py:840} INFO - DAG(s) 'data_crime_process_dag' retrieved from /opt/airflow/dags/data_transformation.py
[2024-03-31T06:13:40.798+0000] {logging_mixin.py:188} INFO - [2024-03-31T06:13:40.797+0000] {dag.py:3047} INFO - Sync 1 DAGs
[2024-03-31T06:13:40.989+0000] {logging_mixin.py:188} INFO - [2024-03-31T06:13:40.988+0000] {dag.py:3834} INFO - Setting next_dagrun for data_crime_process_dag to None, run_after=None
[2024-03-31T06:13:41.070+0000] {processor.py:183} INFO - Processing /opt/airflow/dags/data_transformation.py took 0.908 seconds
[2024-03-31T06:14:12.665+0000] {processor.py:161} INFO - Started process (PID=104) to work on /opt/airflow/dags/data_transformation.py
[2024-03-31T06:14:12.671+0000] {processor.py:830} INFO - Processing file /opt/airflow/dags/data_transformation.py for tasks to queue
[2024-03-31T06:14:12.709+0000] {logging_mixin.py:188} INFO - [2024-03-31T06:14:12.708+0000] {dagbag.py:540} INFO - Filling up the DagBag from /opt/airflow/dags/data_transformation.py
[2024-03-31T06:14:12.752+0000] {processor.py:840} INFO - DAG(s) 'data_crime_process_dag' retrieved from /opt/airflow/dags/data_transformation.py
[2024-03-31T06:14:13.306+0000] {logging_mixin.py:188} INFO - [2024-03-31T06:14:13.305+0000] {dag.py:3047} INFO - Sync 1 DAGs
[2024-03-31T06:14:13.470+0000] {logging_mixin.py:188} INFO - [2024-03-31T06:14:13.469+0000] {dag.py:3834} INFO - Setting next_dagrun for data_crime_process_dag to None, run_after=None
[2024-03-31T06:14:13.575+0000] {processor.py:183} INFO - Processing /opt/airflow/dags/data_transformation.py took 0.926 seconds
