[2024-03-11T10:58:58.564+0000] {processor.py:161} INFO - Started process (PID=69) to work on /home/airflow/.local/lib/python3.8/site-packages/airflow/example_dags/example_latest_only_with_trigger.py
[2024-03-11T10:58:58.567+0000] {processor.py:830} INFO - Processing file /home/airflow/.local/lib/python3.8/site-packages/airflow/example_dags/example_latest_only_with_trigger.py for tasks to queue
[2024-03-11T10:58:58.572+0000] {logging_mixin.py:188} INFO - [2024-03-11T10:58:58.570+0000] {dagbag.py:540} INFO - Filling up the DagBag from /home/airflow/.local/lib/python3.8/site-packages/airflow/example_dags/example_latest_only_with_trigger.py
[2024-03-11T10:58:58.582+0000] {processor.py:840} INFO - DAG(s) 'latest_only_with_trigger' retrieved from /home/airflow/.local/lib/python3.8/site-packages/airflow/example_dags/example_latest_only_with_trigger.py
[2024-03-11T10:58:58.795+0000] {logging_mixin.py:188} INFO - [2024-03-11T10:58:58.792+0000] {dag.py:3047} INFO - Sync 1 DAGs
[2024-03-11T10:58:58.880+0000] {logging_mixin.py:188} INFO - [2024-03-11T10:58:58.876+0000] {dag.py:3834} INFO - Setting next_dagrun for latest_only_with_trigger to 2024-03-11 04:00:00+00:00, run_after=2024-03-11 08:00:00+00:00
[2024-03-11T10:58:58.948+0000] {processor.py:183} INFO - Processing /home/airflow/.local/lib/python3.8/site-packages/airflow/example_dags/example_latest_only_with_trigger.py took 0.390 seconds
[2024-03-11T10:59:29.388+0000] {processor.py:161} INFO - Started process (PID=124) to work on /home/airflow/.local/lib/python3.8/site-packages/airflow/example_dags/example_latest_only_with_trigger.py
[2024-03-11T10:59:29.390+0000] {processor.py:830} INFO - Processing file /home/airflow/.local/lib/python3.8/site-packages/airflow/example_dags/example_latest_only_with_trigger.py for tasks to queue
[2024-03-11T10:59:29.393+0000] {logging_mixin.py:188} INFO - [2024-03-11T10:59:29.393+0000] {dagbag.py:540} INFO - Filling up the DagBag from /home/airflow/.local/lib/python3.8/site-packages/airflow/example_dags/example_latest_only_with_trigger.py
[2024-03-11T10:59:29.405+0000] {processor.py:840} INFO - DAG(s) 'latest_only_with_trigger' retrieved from /home/airflow/.local/lib/python3.8/site-packages/airflow/example_dags/example_latest_only_with_trigger.py
[2024-03-11T10:59:29.424+0000] {logging_mixin.py:188} INFO - [2024-03-11T10:59:29.424+0000] {dag.py:3047} INFO - Sync 1 DAGs
[2024-03-11T10:59:29.445+0000] {logging_mixin.py:188} INFO - [2024-03-11T10:59:29.445+0000] {dag.py:3834} INFO - Setting next_dagrun for latest_only_with_trigger to 2024-03-11 04:00:00+00:00, run_after=2024-03-11 08:00:00+00:00
[2024-03-11T10:59:29.463+0000] {processor.py:183} INFO - Processing /home/airflow/.local/lib/python3.8/site-packages/airflow/example_dags/example_latest_only_with_trigger.py took 0.077 seconds
[2024-03-11T11:00:00.490+0000] {processor.py:161} INFO - Started process (PID=179) to work on /home/airflow/.local/lib/python3.8/site-packages/airflow/example_dags/example_latest_only_with_trigger.py
[2024-03-11T11:00:00.492+0000] {processor.py:830} INFO - Processing file /home/airflow/.local/lib/python3.8/site-packages/airflow/example_dags/example_latest_only_with_trigger.py for tasks to queue
[2024-03-11T11:00:00.494+0000] {logging_mixin.py:188} INFO - [2024-03-11T11:00:00.493+0000] {dagbag.py:540} INFO - Filling up the DagBag from /home/airflow/.local/lib/python3.8/site-packages/airflow/example_dags/example_latest_only_with_trigger.py
[2024-03-11T11:00:00.509+0000] {processor.py:840} INFO - DAG(s) 'latest_only_with_trigger' retrieved from /home/airflow/.local/lib/python3.8/site-packages/airflow/example_dags/example_latest_only_with_trigger.py
[2024-03-11T11:00:00.534+0000] {logging_mixin.py:188} INFO - [2024-03-11T11:00:00.534+0000] {dag.py:3047} INFO - Sync 1 DAGs
[2024-03-11T11:00:00.558+0000] {logging_mixin.py:188} INFO - [2024-03-11T11:00:00.558+0000] {dag.py:3834} INFO - Setting next_dagrun for latest_only_with_trigger to 2024-03-11 04:00:00+00:00, run_after=2024-03-11 08:00:00+00:00
[2024-03-11T11:00:00.593+0000] {processor.py:183} INFO - Processing /home/airflow/.local/lib/python3.8/site-packages/airflow/example_dags/example_latest_only_with_trigger.py took 0.106 seconds
[2024-03-11T11:00:30.689+0000] {processor.py:161} INFO - Started process (PID=234) to work on /home/airflow/.local/lib/python3.8/site-packages/airflow/example_dags/example_latest_only_with_trigger.py
[2024-03-11T11:00:30.690+0000] {processor.py:830} INFO - Processing file /home/airflow/.local/lib/python3.8/site-packages/airflow/example_dags/example_latest_only_with_trigger.py for tasks to queue
[2024-03-11T11:00:30.694+0000] {logging_mixin.py:188} INFO - [2024-03-11T11:00:30.694+0000] {dagbag.py:540} INFO - Filling up the DagBag from /home/airflow/.local/lib/python3.8/site-packages/airflow/example_dags/example_latest_only_with_trigger.py
[2024-03-11T11:00:30.700+0000] {processor.py:840} INFO - DAG(s) 'latest_only_with_trigger' retrieved from /home/airflow/.local/lib/python3.8/site-packages/airflow/example_dags/example_latest_only_with_trigger.py
[2024-03-11T11:00:30.718+0000] {logging_mixin.py:188} INFO - [2024-03-11T11:00:30.717+0000] {dag.py:3047} INFO - Sync 1 DAGs
[2024-03-11T11:00:30.737+0000] {logging_mixin.py:188} INFO - [2024-03-11T11:00:30.737+0000] {dag.py:3834} INFO - Setting next_dagrun for latest_only_with_trigger to 2024-03-11 04:00:00+00:00, run_after=2024-03-11 08:00:00+00:00
[2024-03-11T11:00:30.755+0000] {processor.py:183} INFO - Processing /home/airflow/.local/lib/python3.8/site-packages/airflow/example_dags/example_latest_only_with_trigger.py took 0.069 seconds
[2024-03-11T11:01:01.625+0000] {processor.py:161} INFO - Started process (PID=289) to work on /home/airflow/.local/lib/python3.8/site-packages/airflow/example_dags/example_latest_only_with_trigger.py
[2024-03-11T11:01:01.626+0000] {processor.py:830} INFO - Processing file /home/airflow/.local/lib/python3.8/site-packages/airflow/example_dags/example_latest_only_with_trigger.py for tasks to queue
[2024-03-11T11:01:01.628+0000] {logging_mixin.py:188} INFO - [2024-03-11T11:01:01.627+0000] {dagbag.py:540} INFO - Filling up the DagBag from /home/airflow/.local/lib/python3.8/site-packages/airflow/example_dags/example_latest_only_with_trigger.py
[2024-03-11T11:01:01.633+0000] {processor.py:840} INFO - DAG(s) 'latest_only_with_trigger' retrieved from /home/airflow/.local/lib/python3.8/site-packages/airflow/example_dags/example_latest_only_with_trigger.py
[2024-03-11T11:01:01.656+0000] {logging_mixin.py:188} INFO - [2024-03-11T11:01:01.655+0000] {dag.py:3047} INFO - Sync 1 DAGs
[2024-03-11T11:01:01.678+0000] {logging_mixin.py:188} INFO - [2024-03-11T11:01:01.678+0000] {dag.py:3834} INFO - Setting next_dagrun for latest_only_with_trigger to 2024-03-11 04:00:00+00:00, run_after=2024-03-11 08:00:00+00:00
[2024-03-11T11:01:01.700+0000] {processor.py:183} INFO - Processing /home/airflow/.local/lib/python3.8/site-packages/airflow/example_dags/example_latest_only_with_trigger.py took 0.078 seconds
[2024-03-11T11:01:31.814+0000] {processor.py:161} INFO - Started process (PID=344) to work on /home/airflow/.local/lib/python3.8/site-packages/airflow/example_dags/example_latest_only_with_trigger.py
[2024-03-11T11:01:31.817+0000] {processor.py:830} INFO - Processing file /home/airflow/.local/lib/python3.8/site-packages/airflow/example_dags/example_latest_only_with_trigger.py for tasks to queue
[2024-03-11T11:01:31.818+0000] {logging_mixin.py:188} INFO - [2024-03-11T11:01:31.818+0000] {dagbag.py:540} INFO - Filling up the DagBag from /home/airflow/.local/lib/python3.8/site-packages/airflow/example_dags/example_latest_only_with_trigger.py
[2024-03-11T11:01:31.824+0000] {processor.py:840} INFO - DAG(s) 'latest_only_with_trigger' retrieved from /home/airflow/.local/lib/python3.8/site-packages/airflow/example_dags/example_latest_only_with_trigger.py
[2024-03-11T11:01:31.843+0000] {logging_mixin.py:188} INFO - [2024-03-11T11:01:31.842+0000] {dag.py:3047} INFO - Sync 1 DAGs
[2024-03-11T11:01:31.866+0000] {logging_mixin.py:188} INFO - [2024-03-11T11:01:31.866+0000] {dag.py:3834} INFO - Setting next_dagrun for latest_only_with_trigger to 2024-03-11 04:00:00+00:00, run_after=2024-03-11 08:00:00+00:00
[2024-03-11T11:01:31.889+0000] {processor.py:183} INFO - Processing /home/airflow/.local/lib/python3.8/site-packages/airflow/example_dags/example_latest_only_with_trigger.py took 0.077 seconds
[2024-03-11T11:02:02.115+0000] {processor.py:161} INFO - Started process (PID=399) to work on /home/airflow/.local/lib/python3.8/site-packages/airflow/example_dags/example_latest_only_with_trigger.py
[2024-03-11T11:02:02.116+0000] {processor.py:830} INFO - Processing file /home/airflow/.local/lib/python3.8/site-packages/airflow/example_dags/example_latest_only_with_trigger.py for tasks to queue
[2024-03-11T11:02:02.119+0000] {logging_mixin.py:188} INFO - [2024-03-11T11:02:02.119+0000] {dagbag.py:540} INFO - Filling up the DagBag from /home/airflow/.local/lib/python3.8/site-packages/airflow/example_dags/example_latest_only_with_trigger.py
[2024-03-11T11:02:02.125+0000] {processor.py:840} INFO - DAG(s) 'latest_only_with_trigger' retrieved from /home/airflow/.local/lib/python3.8/site-packages/airflow/example_dags/example_latest_only_with_trigger.py
[2024-03-11T11:02:02.148+0000] {logging_mixin.py:188} INFO - [2024-03-11T11:02:02.147+0000] {dag.py:3047} INFO - Sync 1 DAGs
[2024-03-11T11:02:02.173+0000] {logging_mixin.py:188} INFO - [2024-03-11T11:02:02.173+0000] {dag.py:3834} INFO - Setting next_dagrun for latest_only_with_trigger to 2024-03-11 04:00:00+00:00, run_after=2024-03-11 08:00:00+00:00
[2024-03-11T11:02:02.193+0000] {processor.py:183} INFO - Processing /home/airflow/.local/lib/python3.8/site-packages/airflow/example_dags/example_latest_only_with_trigger.py took 0.081 seconds
[2024-03-11T11:02:32.313+0000] {processor.py:161} INFO - Started process (PID=454) to work on /home/airflow/.local/lib/python3.8/site-packages/airflow/example_dags/example_latest_only_with_trigger.py
[2024-03-11T11:02:32.314+0000] {processor.py:830} INFO - Processing file /home/airflow/.local/lib/python3.8/site-packages/airflow/example_dags/example_latest_only_with_trigger.py for tasks to queue
[2024-03-11T11:02:32.316+0000] {logging_mixin.py:188} INFO - [2024-03-11T11:02:32.315+0000] {dagbag.py:540} INFO - Filling up the DagBag from /home/airflow/.local/lib/python3.8/site-packages/airflow/example_dags/example_latest_only_with_trigger.py
[2024-03-11T11:02:32.321+0000] {processor.py:840} INFO - DAG(s) 'latest_only_with_trigger' retrieved from /home/airflow/.local/lib/python3.8/site-packages/airflow/example_dags/example_latest_only_with_trigger.py
[2024-03-11T11:02:32.348+0000] {logging_mixin.py:188} INFO - [2024-03-11T11:02:32.348+0000] {dag.py:3047} INFO - Sync 1 DAGs
[2024-03-11T11:02:32.384+0000] {logging_mixin.py:188} INFO - [2024-03-11T11:02:32.383+0000] {dag.py:3834} INFO - Setting next_dagrun for latest_only_with_trigger to 2024-03-11 04:00:00+00:00, run_after=2024-03-11 08:00:00+00:00
[2024-03-11T11:02:32.403+0000] {processor.py:183} INFO - Processing /home/airflow/.local/lib/python3.8/site-packages/airflow/example_dags/example_latest_only_with_trigger.py took 0.093 seconds
[2024-03-11T13:02:41.169+0000] {processor.py:161} INFO - Started process (PID=71) to work on /home/airflow/.local/lib/python3.8/site-packages/airflow/example_dags/example_latest_only_with_trigger.py
[2024-03-11T13:02:41.172+0000] {processor.py:830} INFO - Processing file /home/airflow/.local/lib/python3.8/site-packages/airflow/example_dags/example_latest_only_with_trigger.py for tasks to queue
[2024-03-11T13:02:41.180+0000] {logging_mixin.py:188} INFO - [2024-03-11T13:02:41.179+0000] {dagbag.py:540} INFO - Filling up the DagBag from /home/airflow/.local/lib/python3.8/site-packages/airflow/example_dags/example_latest_only_with_trigger.py
[2024-03-11T13:02:41.204+0000] {processor.py:840} INFO - DAG(s) 'latest_only_with_trigger' retrieved from /home/airflow/.local/lib/python3.8/site-packages/airflow/example_dags/example_latest_only_with_trigger.py
[2024-03-11T13:02:41.429+0000] {logging_mixin.py:188} INFO - [2024-03-11T13:02:41.428+0000] {dag.py:3047} INFO - Sync 1 DAGs
[2024-03-11T13:02:41.460+0000] {logging_mixin.py:188} INFO - [2024-03-11T13:02:41.460+0000] {dag.py:3834} INFO - Setting next_dagrun for latest_only_with_trigger to 2024-03-11 08:00:00+00:00, run_after=2024-03-11 12:00:00+00:00
[2024-03-11T13:02:41.502+0000] {processor.py:183} INFO - Processing /home/airflow/.local/lib/python3.8/site-packages/airflow/example_dags/example_latest_only_with_trigger.py took 0.338 seconds
[2024-03-11T13:03:12.210+0000] {processor.py:161} INFO - Started process (PID=127) to work on /home/airflow/.local/lib/python3.8/site-packages/airflow/example_dags/example_latest_only_with_trigger.py
[2024-03-11T13:03:12.211+0000] {processor.py:830} INFO - Processing file /home/airflow/.local/lib/python3.8/site-packages/airflow/example_dags/example_latest_only_with_trigger.py for tasks to queue
[2024-03-11T13:03:12.213+0000] {logging_mixin.py:188} INFO - [2024-03-11T13:03:12.212+0000] {dagbag.py:540} INFO - Filling up the DagBag from /home/airflow/.local/lib/python3.8/site-packages/airflow/example_dags/example_latest_only_with_trigger.py
[2024-03-11T13:03:12.223+0000] {processor.py:840} INFO - DAG(s) 'latest_only_with_trigger' retrieved from /home/airflow/.local/lib/python3.8/site-packages/airflow/example_dags/example_latest_only_with_trigger.py
[2024-03-11T13:03:12.264+0000] {logging_mixin.py:188} INFO - [2024-03-11T13:03:12.263+0000] {dag.py:3047} INFO - Sync 1 DAGs
[2024-03-11T13:03:12.299+0000] {logging_mixin.py:188} INFO - [2024-03-11T13:03:12.299+0000] {dag.py:3834} INFO - Setting next_dagrun for latest_only_with_trigger to 2024-03-11 08:00:00+00:00, run_after=2024-03-11 12:00:00+00:00
[2024-03-11T13:03:12.321+0000] {processor.py:183} INFO - Processing /home/airflow/.local/lib/python3.8/site-packages/airflow/example_dags/example_latest_only_with_trigger.py took 0.115 seconds
[2024-03-11T13:03:42.678+0000] {processor.py:161} INFO - Started process (PID=182) to work on /home/airflow/.local/lib/python3.8/site-packages/airflow/example_dags/example_latest_only_with_trigger.py
[2024-03-11T13:03:42.679+0000] {processor.py:830} INFO - Processing file /home/airflow/.local/lib/python3.8/site-packages/airflow/example_dags/example_latest_only_with_trigger.py for tasks to queue
[2024-03-11T13:03:42.680+0000] {logging_mixin.py:188} INFO - [2024-03-11T13:03:42.680+0000] {dagbag.py:540} INFO - Filling up the DagBag from /home/airflow/.local/lib/python3.8/site-packages/airflow/example_dags/example_latest_only_with_trigger.py
[2024-03-11T13:03:42.686+0000] {processor.py:840} INFO - DAG(s) 'latest_only_with_trigger' retrieved from /home/airflow/.local/lib/python3.8/site-packages/airflow/example_dags/example_latest_only_with_trigger.py
[2024-03-11T13:03:42.714+0000] {logging_mixin.py:188} INFO - [2024-03-11T13:03:42.713+0000] {dag.py:3047} INFO - Sync 1 DAGs
[2024-03-11T13:03:42.736+0000] {logging_mixin.py:188} INFO - [2024-03-11T13:03:42.736+0000] {dag.py:3834} INFO - Setting next_dagrun for latest_only_with_trigger to 2024-03-11 08:00:00+00:00, run_after=2024-03-11 12:00:00+00:00
[2024-03-11T13:03:42.759+0000] {processor.py:183} INFO - Processing /home/airflow/.local/lib/python3.8/site-packages/airflow/example_dags/example_latest_only_with_trigger.py took 0.084 seconds
