[2024-03-11T10:59:02.055+0000] {processor.py:161} INFO - Started process (PID=85) to work on /home/airflow/.local/lib/python3.8/site-packages/airflow/example_dags/example_python_operator.py
[2024-03-11T10:59:02.057+0000] {processor.py:830} INFO - Processing file /home/airflow/.local/lib/python3.8/site-packages/airflow/example_dags/example_python_operator.py for tasks to queue
[2024-03-11T10:59:02.064+0000] {logging_mixin.py:188} INFO - [2024-03-11T10:59:02.064+0000] {dagbag.py:540} INFO - Filling up the DagBag from /home/airflow/.local/lib/python3.8/site-packages/airflow/example_dags/example_python_operator.py
[2024-03-11T10:59:02.096+0000] {processor.py:840} INFO - DAG(s) 'example_python_operator' retrieved from /home/airflow/.local/lib/python3.8/site-packages/airflow/example_dags/example_python_operator.py
[2024-03-11T10:59:02.367+0000] {logging_mixin.py:188} INFO - [2024-03-11T10:59:02.367+0000] {dag.py:3047} INFO - Sync 1 DAGs
[2024-03-11T10:59:02.393+0000] {logging_mixin.py:188} INFO - [2024-03-11T10:59:02.393+0000] {dag.py:3834} INFO - Setting next_dagrun for example_python_operator to None, run_after=None
[2024-03-11T10:59:02.438+0000] {processor.py:183} INFO - Processing /home/airflow/.local/lib/python3.8/site-packages/airflow/example_dags/example_python_operator.py took 0.388 seconds
[2024-03-11T10:59:33.275+0000] {processor.py:161} INFO - Started process (PID=140) to work on /home/airflow/.local/lib/python3.8/site-packages/airflow/example_dags/example_python_operator.py
[2024-03-11T10:59:33.277+0000] {processor.py:830} INFO - Processing file /home/airflow/.local/lib/python3.8/site-packages/airflow/example_dags/example_python_operator.py for tasks to queue
[2024-03-11T10:59:33.279+0000] {logging_mixin.py:188} INFO - [2024-03-11T10:59:33.278+0000] {dagbag.py:540} INFO - Filling up the DagBag from /home/airflow/.local/lib/python3.8/site-packages/airflow/example_dags/example_python_operator.py
[2024-03-11T10:59:33.289+0000] {processor.py:840} INFO - DAG(s) 'example_python_operator' retrieved from /home/airflow/.local/lib/python3.8/site-packages/airflow/example_dags/example_python_operator.py
[2024-03-11T10:59:33.311+0000] {logging_mixin.py:188} INFO - [2024-03-11T10:59:33.310+0000] {dag.py:3047} INFO - Sync 1 DAGs
[2024-03-11T10:59:33.328+0000] {logging_mixin.py:188} INFO - [2024-03-11T10:59:33.327+0000] {dag.py:3834} INFO - Setting next_dagrun for example_python_operator to None, run_after=None
[2024-03-11T10:59:33.350+0000] {processor.py:183} INFO - Processing /home/airflow/.local/lib/python3.8/site-packages/airflow/example_dags/example_python_operator.py took 0.078 seconds
[2024-03-11T11:00:03.557+0000] {processor.py:161} INFO - Started process (PID=195) to work on /home/airflow/.local/lib/python3.8/site-packages/airflow/example_dags/example_python_operator.py
[2024-03-11T11:00:03.561+0000] {processor.py:830} INFO - Processing file /home/airflow/.local/lib/python3.8/site-packages/airflow/example_dags/example_python_operator.py for tasks to queue
[2024-03-11T11:00:03.567+0000] {logging_mixin.py:188} INFO - [2024-03-11T11:00:03.567+0000] {dagbag.py:540} INFO - Filling up the DagBag from /home/airflow/.local/lib/python3.8/site-packages/airflow/example_dags/example_python_operator.py
[2024-03-11T11:00:03.581+0000] {processor.py:840} INFO - DAG(s) 'example_python_operator' retrieved from /home/airflow/.local/lib/python3.8/site-packages/airflow/example_dags/example_python_operator.py
[2024-03-11T11:00:03.607+0000] {logging_mixin.py:188} INFO - [2024-03-11T11:00:03.606+0000] {dag.py:3047} INFO - Sync 1 DAGs
[2024-03-11T11:00:03.619+0000] {logging_mixin.py:188} INFO - [2024-03-11T11:00:03.619+0000] {dag.py:3834} INFO - Setting next_dagrun for example_python_operator to None, run_after=None
[2024-03-11T11:00:03.647+0000] {processor.py:183} INFO - Processing /home/airflow/.local/lib/python3.8/site-packages/airflow/example_dags/example_python_operator.py took 0.092 seconds
[2024-03-11T11:00:33.762+0000] {processor.py:161} INFO - Started process (PID=250) to work on /home/airflow/.local/lib/python3.8/site-packages/airflow/example_dags/example_python_operator.py
[2024-03-11T11:00:33.763+0000] {processor.py:830} INFO - Processing file /home/airflow/.local/lib/python3.8/site-packages/airflow/example_dags/example_python_operator.py for tasks to queue
[2024-03-11T11:00:33.764+0000] {logging_mixin.py:188} INFO - [2024-03-11T11:00:33.764+0000] {dagbag.py:540} INFO - Filling up the DagBag from /home/airflow/.local/lib/python3.8/site-packages/airflow/example_dags/example_python_operator.py
[2024-03-11T11:00:33.775+0000] {processor.py:840} INFO - DAG(s) 'example_python_operator' retrieved from /home/airflow/.local/lib/python3.8/site-packages/airflow/example_dags/example_python_operator.py
[2024-03-11T11:00:33.795+0000] {logging_mixin.py:188} INFO - [2024-03-11T11:00:33.795+0000] {dag.py:3047} INFO - Sync 1 DAGs
[2024-03-11T11:00:33.809+0000] {logging_mixin.py:188} INFO - [2024-03-11T11:00:33.809+0000] {dag.py:3834} INFO - Setting next_dagrun for example_python_operator to None, run_after=None
[2024-03-11T11:00:33.833+0000] {processor.py:183} INFO - Processing /home/airflow/.local/lib/python3.8/site-packages/airflow/example_dags/example_python_operator.py took 0.078 seconds
[2024-03-11T11:01:04.678+0000] {processor.py:161} INFO - Started process (PID=305) to work on /home/airflow/.local/lib/python3.8/site-packages/airflow/example_dags/example_python_operator.py
[2024-03-11T11:01:04.678+0000] {processor.py:830} INFO - Processing file /home/airflow/.local/lib/python3.8/site-packages/airflow/example_dags/example_python_operator.py for tasks to queue
[2024-03-11T11:01:04.680+0000] {logging_mixin.py:188} INFO - [2024-03-11T11:01:04.680+0000] {dagbag.py:540} INFO - Filling up the DagBag from /home/airflow/.local/lib/python3.8/site-packages/airflow/example_dags/example_python_operator.py
[2024-03-11T11:01:04.690+0000] {processor.py:840} INFO - DAG(s) 'example_python_operator' retrieved from /home/airflow/.local/lib/python3.8/site-packages/airflow/example_dags/example_python_operator.py
[2024-03-11T11:01:04.714+0000] {logging_mixin.py:188} INFO - [2024-03-11T11:01:04.713+0000] {dag.py:3047} INFO - Sync 1 DAGs
[2024-03-11T11:01:04.725+0000] {logging_mixin.py:188} INFO - [2024-03-11T11:01:04.725+0000] {dag.py:3834} INFO - Setting next_dagrun for example_python_operator to None, run_after=None
[2024-03-11T11:01:04.746+0000] {processor.py:183} INFO - Processing /home/airflow/.local/lib/python3.8/site-packages/airflow/example_dags/example_python_operator.py took 0.071 seconds
[2024-03-11T11:01:35.005+0000] {processor.py:161} INFO - Started process (PID=361) to work on /home/airflow/.local/lib/python3.8/site-packages/airflow/example_dags/example_python_operator.py
[2024-03-11T11:01:35.006+0000] {processor.py:830} INFO - Processing file /home/airflow/.local/lib/python3.8/site-packages/airflow/example_dags/example_python_operator.py for tasks to queue
[2024-03-11T11:01:35.007+0000] {logging_mixin.py:188} INFO - [2024-03-11T11:01:35.007+0000] {dagbag.py:540} INFO - Filling up the DagBag from /home/airflow/.local/lib/python3.8/site-packages/airflow/example_dags/example_python_operator.py
[2024-03-11T11:01:35.018+0000] {processor.py:840} INFO - DAG(s) 'example_python_operator' retrieved from /home/airflow/.local/lib/python3.8/site-packages/airflow/example_dags/example_python_operator.py
[2024-03-11T11:01:35.045+0000] {logging_mixin.py:188} INFO - [2024-03-11T11:01:35.044+0000] {dag.py:3047} INFO - Sync 1 DAGs
[2024-03-11T11:01:35.057+0000] {logging_mixin.py:188} INFO - [2024-03-11T11:01:35.056+0000] {dag.py:3834} INFO - Setting next_dagrun for example_python_operator to None, run_after=None
[2024-03-11T11:01:35.079+0000] {processor.py:183} INFO - Processing /home/airflow/.local/lib/python3.8/site-packages/airflow/example_dags/example_python_operator.py took 0.077 seconds
[2024-03-11T11:02:05.407+0000] {processor.py:161} INFO - Started process (PID=415) to work on /home/airflow/.local/lib/python3.8/site-packages/airflow/example_dags/example_python_operator.py
[2024-03-11T11:02:05.409+0000] {processor.py:830} INFO - Processing file /home/airflow/.local/lib/python3.8/site-packages/airflow/example_dags/example_python_operator.py for tasks to queue
[2024-03-11T11:02:05.411+0000] {logging_mixin.py:188} INFO - [2024-03-11T11:02:05.411+0000] {dagbag.py:540} INFO - Filling up the DagBag from /home/airflow/.local/lib/python3.8/site-packages/airflow/example_dags/example_python_operator.py
[2024-03-11T11:02:05.422+0000] {processor.py:840} INFO - DAG(s) 'example_python_operator' retrieved from /home/airflow/.local/lib/python3.8/site-packages/airflow/example_dags/example_python_operator.py
[2024-03-11T11:02:05.442+0000] {logging_mixin.py:188} INFO - [2024-03-11T11:02:05.441+0000] {dag.py:3047} INFO - Sync 1 DAGs
[2024-03-11T11:02:05.453+0000] {logging_mixin.py:188} INFO - [2024-03-11T11:02:05.453+0000] {dag.py:3834} INFO - Setting next_dagrun for example_python_operator to None, run_after=None
[2024-03-11T11:02:05.471+0000] {processor.py:183} INFO - Processing /home/airflow/.local/lib/python3.8/site-packages/airflow/example_dags/example_python_operator.py took 0.066 seconds
[2024-03-11T13:02:44.375+0000] {processor.py:161} INFO - Started process (PID=87) to work on /home/airflow/.local/lib/python3.8/site-packages/airflow/example_dags/example_python_operator.py
[2024-03-11T13:02:44.376+0000] {processor.py:830} INFO - Processing file /home/airflow/.local/lib/python3.8/site-packages/airflow/example_dags/example_python_operator.py for tasks to queue
[2024-03-11T13:02:44.379+0000] {logging_mixin.py:188} INFO - [2024-03-11T13:02:44.379+0000] {dagbag.py:540} INFO - Filling up the DagBag from /home/airflow/.local/lib/python3.8/site-packages/airflow/example_dags/example_python_operator.py
[2024-03-11T13:02:44.393+0000] {processor.py:840} INFO - DAG(s) 'example_python_operator' retrieved from /home/airflow/.local/lib/python3.8/site-packages/airflow/example_dags/example_python_operator.py
[2024-03-11T13:02:44.538+0000] {logging_mixin.py:188} INFO - [2024-03-11T13:02:44.538+0000] {dag.py:3047} INFO - Sync 1 DAGs
[2024-03-11T13:02:44.556+0000] {logging_mixin.py:188} INFO - [2024-03-11T13:02:44.556+0000] {dag.py:3834} INFO - Setting next_dagrun for example_python_operator to None, run_after=None
[2024-03-11T13:02:44.606+0000] {processor.py:183} INFO - Processing /home/airflow/.local/lib/python3.8/site-packages/airflow/example_dags/example_python_operator.py took 0.237 seconds
[2024-03-11T13:03:15.446+0000] {processor.py:161} INFO - Started process (PID=143) to work on /home/airflow/.local/lib/python3.8/site-packages/airflow/example_dags/example_python_operator.py
[2024-03-11T13:03:15.447+0000] {processor.py:830} INFO - Processing file /home/airflow/.local/lib/python3.8/site-packages/airflow/example_dags/example_python_operator.py for tasks to queue
[2024-03-11T13:03:15.449+0000] {logging_mixin.py:188} INFO - [2024-03-11T13:03:15.449+0000] {dagbag.py:540} INFO - Filling up the DagBag from /home/airflow/.local/lib/python3.8/site-packages/airflow/example_dags/example_python_operator.py
[2024-03-11T13:03:15.459+0000] {processor.py:840} INFO - DAG(s) 'example_python_operator' retrieved from /home/airflow/.local/lib/python3.8/site-packages/airflow/example_dags/example_python_operator.py
[2024-03-11T13:03:15.479+0000] {logging_mixin.py:188} INFO - [2024-03-11T13:03:15.479+0000] {dag.py:3047} INFO - Sync 1 DAGs
[2024-03-11T13:03:15.493+0000] {logging_mixin.py:188} INFO - [2024-03-11T13:03:15.493+0000] {dag.py:3834} INFO - Setting next_dagrun for example_python_operator to None, run_after=None
[2024-03-11T13:03:15.517+0000] {processor.py:183} INFO - Processing /home/airflow/.local/lib/python3.8/site-packages/airflow/example_dags/example_python_operator.py took 0.073 seconds
[2024-03-11T13:03:45.681+0000] {processor.py:161} INFO - Started process (PID=198) to work on /home/airflow/.local/lib/python3.8/site-packages/airflow/example_dags/example_python_operator.py
[2024-03-11T13:03:45.682+0000] {processor.py:830} INFO - Processing file /home/airflow/.local/lib/python3.8/site-packages/airflow/example_dags/example_python_operator.py for tasks to queue
[2024-03-11T13:03:45.684+0000] {logging_mixin.py:188} INFO - [2024-03-11T13:03:45.683+0000] {dagbag.py:540} INFO - Filling up the DagBag from /home/airflow/.local/lib/python3.8/site-packages/airflow/example_dags/example_python_operator.py
[2024-03-11T13:03:45.696+0000] {processor.py:840} INFO - DAG(s) 'example_python_operator' retrieved from /home/airflow/.local/lib/python3.8/site-packages/airflow/example_dags/example_python_operator.py
[2024-03-11T13:03:45.717+0000] {logging_mixin.py:188} INFO - [2024-03-11T13:03:45.716+0000] {dag.py:3047} INFO - Sync 1 DAGs
[2024-03-11T13:03:45.728+0000] {logging_mixin.py:188} INFO - [2024-03-11T13:03:45.728+0000] {dag.py:3834} INFO - Setting next_dagrun for example_python_operator to None, run_after=None
[2024-03-11T13:03:45.751+0000] {processor.py:183} INFO - Processing /home/airflow/.local/lib/python3.8/site-packages/airflow/example_dags/example_python_operator.py took 0.072 seconds
