[2024-03-11T10:58:55.265+0000] {processor.py:161} INFO - Started process (PID=57) to work on /home/airflow/.local/lib/python3.8/site-packages/airflow/example_dags/example_setup_teardown_taskflow.py
[2024-03-11T10:58:55.270+0000] {processor.py:830} INFO - Processing file /home/airflow/.local/lib/python3.8/site-packages/airflow/example_dags/example_setup_teardown_taskflow.py for tasks to queue
[2024-03-11T10:58:55.275+0000] {logging_mixin.py:188} INFO - [2024-03-11T10:58:55.274+0000] {dagbag.py:540} INFO - Filling up the DagBag from /home/airflow/.local/lib/python3.8/site-packages/airflow/example_dags/example_setup_teardown_taskflow.py
[2024-03-11T10:58:55.318+0000] {processor.py:840} INFO - DAG(s) 'example_setup_teardown_taskflow' retrieved from /home/airflow/.local/lib/python3.8/site-packages/airflow/example_dags/example_setup_teardown_taskflow.py
[2024-03-11T10:58:55.350+0000] {logging_mixin.py:188} INFO - [2024-03-11T10:58:55.349+0000] {dag.py:3047} INFO - Sync 1 DAGs
[2024-03-11T10:58:55.443+0000] {logging_mixin.py:188} INFO - [2024-03-11T10:58:55.442+0000] {dag.py:3834} INFO - Setting next_dagrun for example_setup_teardown_taskflow to 2024-03-10 00:00:00+00:00, run_after=2024-03-11 00:00:00+00:00
[2024-03-11T10:58:55.534+0000] {processor.py:183} INFO - Processing /home/airflow/.local/lib/python3.8/site-packages/airflow/example_dags/example_setup_teardown_taskflow.py took 0.271 seconds
[2024-03-11T10:59:25.632+0000] {processor.py:161} INFO - Started process (PID=112) to work on /home/airflow/.local/lib/python3.8/site-packages/airflow/example_dags/example_setup_teardown_taskflow.py
[2024-03-11T10:59:25.633+0000] {processor.py:830} INFO - Processing file /home/airflow/.local/lib/python3.8/site-packages/airflow/example_dags/example_setup_teardown_taskflow.py for tasks to queue
[2024-03-11T10:59:25.635+0000] {logging_mixin.py:188} INFO - [2024-03-11T10:59:25.635+0000] {dagbag.py:540} INFO - Filling up the DagBag from /home/airflow/.local/lib/python3.8/site-packages/airflow/example_dags/example_setup_teardown_taskflow.py
[2024-03-11T10:59:25.644+0000] {processor.py:840} INFO - DAG(s) 'example_setup_teardown_taskflow' retrieved from /home/airflow/.local/lib/python3.8/site-packages/airflow/example_dags/example_setup_teardown_taskflow.py
[2024-03-11T10:59:25.742+0000] {logging_mixin.py:188} INFO - [2024-03-11T10:59:25.742+0000] {dag.py:3047} INFO - Sync 1 DAGs
[2024-03-11T10:59:25.761+0000] {logging_mixin.py:188} INFO - [2024-03-11T10:59:25.761+0000] {dag.py:3834} INFO - Setting next_dagrun for example_setup_teardown_taskflow to 2024-03-10 00:00:00+00:00, run_after=2024-03-11 00:00:00+00:00
[2024-03-11T10:59:25.779+0000] {processor.py:183} INFO - Processing /home/airflow/.local/lib/python3.8/site-packages/airflow/example_dags/example_setup_teardown_taskflow.py took 0.150 seconds
[2024-03-11T10:59:56.700+0000] {processor.py:161} INFO - Started process (PID=167) to work on /home/airflow/.local/lib/python3.8/site-packages/airflow/example_dags/example_setup_teardown_taskflow.py
[2024-03-11T10:59:56.701+0000] {processor.py:830} INFO - Processing file /home/airflow/.local/lib/python3.8/site-packages/airflow/example_dags/example_setup_teardown_taskflow.py for tasks to queue
[2024-03-11T10:59:56.702+0000] {logging_mixin.py:188} INFO - [2024-03-11T10:59:56.702+0000] {dagbag.py:540} INFO - Filling up the DagBag from /home/airflow/.local/lib/python3.8/site-packages/airflow/example_dags/example_setup_teardown_taskflow.py
[2024-03-11T10:59:56.710+0000] {processor.py:840} INFO - DAG(s) 'example_setup_teardown_taskflow' retrieved from /home/airflow/.local/lib/python3.8/site-packages/airflow/example_dags/example_setup_teardown_taskflow.py
[2024-03-11T10:59:56.731+0000] {logging_mixin.py:188} INFO - [2024-03-11T10:59:56.731+0000] {dag.py:3047} INFO - Sync 1 DAGs
[2024-03-11T10:59:56.751+0000] {logging_mixin.py:188} INFO - [2024-03-11T10:59:56.751+0000] {dag.py:3834} INFO - Setting next_dagrun for example_setup_teardown_taskflow to 2024-03-10 00:00:00+00:00, run_after=2024-03-11 00:00:00+00:00
[2024-03-11T10:59:56.769+0000] {processor.py:183} INFO - Processing /home/airflow/.local/lib/python3.8/site-packages/airflow/example_dags/example_setup_teardown_taskflow.py took 0.072 seconds
[2024-03-11T11:00:26.979+0000] {processor.py:161} INFO - Started process (PID=222) to work on /home/airflow/.local/lib/python3.8/site-packages/airflow/example_dags/example_setup_teardown_taskflow.py
[2024-03-11T11:00:26.980+0000] {processor.py:830} INFO - Processing file /home/airflow/.local/lib/python3.8/site-packages/airflow/example_dags/example_setup_teardown_taskflow.py for tasks to queue
[2024-03-11T11:00:26.982+0000] {logging_mixin.py:188} INFO - [2024-03-11T11:00:26.982+0000] {dagbag.py:540} INFO - Filling up the DagBag from /home/airflow/.local/lib/python3.8/site-packages/airflow/example_dags/example_setup_teardown_taskflow.py
[2024-03-11T11:00:26.990+0000] {processor.py:840} INFO - DAG(s) 'example_setup_teardown_taskflow' retrieved from /home/airflow/.local/lib/python3.8/site-packages/airflow/example_dags/example_setup_teardown_taskflow.py
[2024-03-11T11:00:27.009+0000] {logging_mixin.py:188} INFO - [2024-03-11T11:00:27.008+0000] {dag.py:3047} INFO - Sync 1 DAGs
[2024-03-11T11:00:27.030+0000] {logging_mixin.py:188} INFO - [2024-03-11T11:00:27.030+0000] {dag.py:3834} INFO - Setting next_dagrun for example_setup_teardown_taskflow to 2024-03-10 00:00:00+00:00, run_after=2024-03-11 00:00:00+00:00
[2024-03-11T11:00:27.047+0000] {processor.py:183} INFO - Processing /home/airflow/.local/lib/python3.8/site-packages/airflow/example_dags/example_setup_teardown_taskflow.py took 0.070 seconds
[2024-03-11T11:00:57.895+0000] {processor.py:161} INFO - Started process (PID=277) to work on /home/airflow/.local/lib/python3.8/site-packages/airflow/example_dags/example_setup_teardown_taskflow.py
[2024-03-11T11:00:57.896+0000] {processor.py:830} INFO - Processing file /home/airflow/.local/lib/python3.8/site-packages/airflow/example_dags/example_setup_teardown_taskflow.py for tasks to queue
[2024-03-11T11:00:57.898+0000] {logging_mixin.py:188} INFO - [2024-03-11T11:00:57.897+0000] {dagbag.py:540} INFO - Filling up the DagBag from /home/airflow/.local/lib/python3.8/site-packages/airflow/example_dags/example_setup_teardown_taskflow.py
[2024-03-11T11:00:57.906+0000] {processor.py:840} INFO - DAG(s) 'example_setup_teardown_taskflow' retrieved from /home/airflow/.local/lib/python3.8/site-packages/airflow/example_dags/example_setup_teardown_taskflow.py
[2024-03-11T11:00:57.927+0000] {logging_mixin.py:188} INFO - [2024-03-11T11:00:57.926+0000] {dag.py:3047} INFO - Sync 1 DAGs
[2024-03-11T11:00:57.947+0000] {logging_mixin.py:188} INFO - [2024-03-11T11:00:57.947+0000] {dag.py:3834} INFO - Setting next_dagrun for example_setup_teardown_taskflow to 2024-03-10 00:00:00+00:00, run_after=2024-03-11 00:00:00+00:00
[2024-03-11T11:00:57.963+0000] {processor.py:183} INFO - Processing /home/airflow/.local/lib/python3.8/site-packages/airflow/example_dags/example_setup_teardown_taskflow.py took 0.070 seconds
[2024-03-11T11:01:28.050+0000] {processor.py:161} INFO - Started process (PID=332) to work on /home/airflow/.local/lib/python3.8/site-packages/airflow/example_dags/example_setup_teardown_taskflow.py
[2024-03-11T11:01:28.051+0000] {processor.py:830} INFO - Processing file /home/airflow/.local/lib/python3.8/site-packages/airflow/example_dags/example_setup_teardown_taskflow.py for tasks to queue
[2024-03-11T11:01:28.053+0000] {logging_mixin.py:188} INFO - [2024-03-11T11:01:28.052+0000] {dagbag.py:540} INFO - Filling up the DagBag from /home/airflow/.local/lib/python3.8/site-packages/airflow/example_dags/example_setup_teardown_taskflow.py
[2024-03-11T11:01:28.060+0000] {processor.py:840} INFO - DAG(s) 'example_setup_teardown_taskflow' retrieved from /home/airflow/.local/lib/python3.8/site-packages/airflow/example_dags/example_setup_teardown_taskflow.py
[2024-03-11T11:01:28.080+0000] {logging_mixin.py:188} INFO - [2024-03-11T11:01:28.080+0000] {dag.py:3047} INFO - Sync 1 DAGs
[2024-03-11T11:01:28.100+0000] {logging_mixin.py:188} INFO - [2024-03-11T11:01:28.100+0000] {dag.py:3834} INFO - Setting next_dagrun for example_setup_teardown_taskflow to 2024-03-10 00:00:00+00:00, run_after=2024-03-11 00:00:00+00:00
[2024-03-11T11:01:28.116+0000] {processor.py:183} INFO - Processing /home/airflow/.local/lib/python3.8/site-packages/airflow/example_dags/example_setup_teardown_taskflow.py took 0.068 seconds
[2024-03-11T11:01:58.339+0000] {processor.py:161} INFO - Started process (PID=387) to work on /home/airflow/.local/lib/python3.8/site-packages/airflow/example_dags/example_setup_teardown_taskflow.py
[2024-03-11T11:01:58.340+0000] {processor.py:830} INFO - Processing file /home/airflow/.local/lib/python3.8/site-packages/airflow/example_dags/example_setup_teardown_taskflow.py for tasks to queue
[2024-03-11T11:01:58.342+0000] {logging_mixin.py:188} INFO - [2024-03-11T11:01:58.342+0000] {dagbag.py:540} INFO - Filling up the DagBag from /home/airflow/.local/lib/python3.8/site-packages/airflow/example_dags/example_setup_teardown_taskflow.py
[2024-03-11T11:01:58.354+0000] {processor.py:840} INFO - DAG(s) 'example_setup_teardown_taskflow' retrieved from /home/airflow/.local/lib/python3.8/site-packages/airflow/example_dags/example_setup_teardown_taskflow.py
[2024-03-11T11:01:58.380+0000] {logging_mixin.py:188} INFO - [2024-03-11T11:01:58.379+0000] {dag.py:3047} INFO - Sync 1 DAGs
[2024-03-11T11:01:58.409+0000] {logging_mixin.py:188} INFO - [2024-03-11T11:01:58.408+0000] {dag.py:3834} INFO - Setting next_dagrun for example_setup_teardown_taskflow to 2024-03-10 00:00:00+00:00, run_after=2024-03-11 00:00:00+00:00
[2024-03-11T11:01:58.441+0000] {processor.py:183} INFO - Processing /home/airflow/.local/lib/python3.8/site-packages/airflow/example_dags/example_setup_teardown_taskflow.py took 0.105 seconds
[2024-03-11T11:02:28.534+0000] {processor.py:161} INFO - Started process (PID=442) to work on /home/airflow/.local/lib/python3.8/site-packages/airflow/example_dags/example_setup_teardown_taskflow.py
[2024-03-11T11:02:28.535+0000] {processor.py:830} INFO - Processing file /home/airflow/.local/lib/python3.8/site-packages/airflow/example_dags/example_setup_teardown_taskflow.py for tasks to queue
[2024-03-11T11:02:28.537+0000] {logging_mixin.py:188} INFO - [2024-03-11T11:02:28.536+0000] {dagbag.py:540} INFO - Filling up the DagBag from /home/airflow/.local/lib/python3.8/site-packages/airflow/example_dags/example_setup_teardown_taskflow.py
[2024-03-11T11:02:28.550+0000] {processor.py:840} INFO - DAG(s) 'example_setup_teardown_taskflow' retrieved from /home/airflow/.local/lib/python3.8/site-packages/airflow/example_dags/example_setup_teardown_taskflow.py
[2024-03-11T11:02:28.579+0000] {logging_mixin.py:188} INFO - [2024-03-11T11:02:28.578+0000] {dag.py:3047} INFO - Sync 1 DAGs
[2024-03-11T11:02:28.619+0000] {logging_mixin.py:188} INFO - [2024-03-11T11:02:28.618+0000] {dag.py:3834} INFO - Setting next_dagrun for example_setup_teardown_taskflow to 2024-03-10 00:00:00+00:00, run_after=2024-03-11 00:00:00+00:00
[2024-03-11T11:02:28.660+0000] {processor.py:183} INFO - Processing /home/airflow/.local/lib/python3.8/site-packages/airflow/example_dags/example_setup_teardown_taskflow.py took 0.129 seconds
[2024-03-11T13:02:38.928+0000] {processor.py:161} INFO - Started process (PID=59) to work on /home/airflow/.local/lib/python3.8/site-packages/airflow/example_dags/example_setup_teardown_taskflow.py
[2024-03-11T13:02:38.930+0000] {processor.py:830} INFO - Processing file /home/airflow/.local/lib/python3.8/site-packages/airflow/example_dags/example_setup_teardown_taskflow.py for tasks to queue
[2024-03-11T13:02:38.932+0000] {logging_mixin.py:188} INFO - [2024-03-11T13:02:38.932+0000] {dagbag.py:540} INFO - Filling up the DagBag from /home/airflow/.local/lib/python3.8/site-packages/airflow/example_dags/example_setup_teardown_taskflow.py
[2024-03-11T13:02:38.960+0000] {processor.py:840} INFO - DAG(s) 'example_setup_teardown_taskflow' retrieved from /home/airflow/.local/lib/python3.8/site-packages/airflow/example_dags/example_setup_teardown_taskflow.py
[2024-03-11T13:02:39.157+0000] {logging_mixin.py:188} INFO - [2024-03-11T13:02:39.157+0000] {dag.py:3047} INFO - Sync 1 DAGs
[2024-03-11T13:02:39.205+0000] {logging_mixin.py:188} INFO - [2024-03-11T13:02:39.205+0000] {dag.py:3834} INFO - Setting next_dagrun for example_setup_teardown_taskflow to 2024-03-10 00:00:00+00:00, run_after=2024-03-11 00:00:00+00:00
[2024-03-11T13:02:39.246+0000] {processor.py:183} INFO - Processing /home/airflow/.local/lib/python3.8/site-packages/airflow/example_dags/example_setup_teardown_taskflow.py took 0.323 seconds
[2024-03-11T13:03:09.418+0000] {processor.py:161} INFO - Started process (PID=115) to work on /home/airflow/.local/lib/python3.8/site-packages/airflow/example_dags/example_setup_teardown_taskflow.py
[2024-03-11T13:03:09.419+0000] {processor.py:830} INFO - Processing file /home/airflow/.local/lib/python3.8/site-packages/airflow/example_dags/example_setup_teardown_taskflow.py for tasks to queue
[2024-03-11T13:03:09.421+0000] {logging_mixin.py:188} INFO - [2024-03-11T13:03:09.421+0000] {dagbag.py:540} INFO - Filling up the DagBag from /home/airflow/.local/lib/python3.8/site-packages/airflow/example_dags/example_setup_teardown_taskflow.py
[2024-03-11T13:03:09.431+0000] {processor.py:840} INFO - DAG(s) 'example_setup_teardown_taskflow' retrieved from /home/airflow/.local/lib/python3.8/site-packages/airflow/example_dags/example_setup_teardown_taskflow.py
[2024-03-11T13:03:09.453+0000] {logging_mixin.py:188} INFO - [2024-03-11T13:03:09.453+0000] {dag.py:3047} INFO - Sync 1 DAGs
[2024-03-11T13:03:09.478+0000] {logging_mixin.py:188} INFO - [2024-03-11T13:03:09.477+0000] {dag.py:3834} INFO - Setting next_dagrun for example_setup_teardown_taskflow to 2024-03-10 00:00:00+00:00, run_after=2024-03-11 00:00:00+00:00
[2024-03-11T13:03:09.498+0000] {processor.py:183} INFO - Processing /home/airflow/.local/lib/python3.8/site-packages/airflow/example_dags/example_setup_teardown_taskflow.py took 0.084 seconds
[2024-03-11T13:03:39.957+0000] {processor.py:161} INFO - Started process (PID=170) to work on /home/airflow/.local/lib/python3.8/site-packages/airflow/example_dags/example_setup_teardown_taskflow.py
[2024-03-11T13:03:39.958+0000] {processor.py:830} INFO - Processing file /home/airflow/.local/lib/python3.8/site-packages/airflow/example_dags/example_setup_teardown_taskflow.py for tasks to queue
[2024-03-11T13:03:39.960+0000] {logging_mixin.py:188} INFO - [2024-03-11T13:03:39.959+0000] {dagbag.py:540} INFO - Filling up the DagBag from /home/airflow/.local/lib/python3.8/site-packages/airflow/example_dags/example_setup_teardown_taskflow.py
[2024-03-11T13:03:39.971+0000] {processor.py:840} INFO - DAG(s) 'example_setup_teardown_taskflow' retrieved from /home/airflow/.local/lib/python3.8/site-packages/airflow/example_dags/example_setup_teardown_taskflow.py
[2024-03-11T13:03:39.997+0000] {logging_mixin.py:188} INFO - [2024-03-11T13:03:39.996+0000] {dag.py:3047} INFO - Sync 1 DAGs
[2024-03-11T13:03:40.025+0000] {logging_mixin.py:188} INFO - [2024-03-11T13:03:40.025+0000] {dag.py:3834} INFO - Setting next_dagrun for example_setup_teardown_taskflow to 2024-03-10 00:00:00+00:00, run_after=2024-03-11 00:00:00+00:00
[2024-03-11T13:03:40.048+0000] {processor.py:183} INFO - Processing /home/airflow/.local/lib/python3.8/site-packages/airflow/example_dags/example_setup_teardown_taskflow.py took 0.094 seconds
