[2024-03-11T10:58:59.203+0000] {processor.py:161} INFO - Started process (PID=72) to work on /home/airflow/.local/lib/python3.8/site-packages/airflow/example_dags/example_datasets.py
[2024-03-11T10:58:59.211+0000] {processor.py:830} INFO - Processing file /home/airflow/.local/lib/python3.8/site-packages/airflow/example_dags/example_datasets.py for tasks to queue
[2024-03-11T10:58:59.214+0000] {logging_mixin.py:188} INFO - [2024-03-11T10:58:59.213+0000] {dagbag.py:540} INFO - Filling up the DagBag from /home/airflow/.local/lib/python3.8/site-packages/airflow/example_dags/example_datasets.py
[2024-03-11T10:58:59.237+0000] {processor.py:840} INFO - DAG(s) 'dataset_consumes_1_and_2', 'dataset_consumes_1_never_scheduled', 'dataset_consumes_unknown_never_scheduled', 'dataset_consumes_1', 'dataset_produces_1', 'dataset_produces_2' retrieved from /home/airflow/.local/lib/python3.8/site-packages/airflow/example_dags/example_datasets.py
[2024-03-11T10:58:59.581+0000] {logging_mixin.py:188} INFO - [2024-03-11T10:58:59.580+0000] {dag.py:3047} INFO - Sync 6 DAGs
[2024-03-11T10:58:59.622+0000] {logging_mixin.py:188} INFO - [2024-03-11T10:58:59.621+0000] {dag.py:3834} INFO - Setting next_dagrun for dataset_consumes_1 to None, run_after=None
[2024-03-11T10:58:59.633+0000] {logging_mixin.py:188} INFO - [2024-03-11T10:58:59.633+0000] {dag.py:3834} INFO - Setting next_dagrun for dataset_consumes_1_and_2 to None, run_after=None
[2024-03-11T10:58:59.642+0000] {logging_mixin.py:188} INFO - [2024-03-11T10:58:59.642+0000] {dag.py:3834} INFO - Setting next_dagrun for dataset_consumes_1_never_scheduled to None, run_after=None
[2024-03-11T10:58:59.644+0000] {logging_mixin.py:188} INFO - [2024-03-11T10:58:59.643+0000] {dag.py:3834} INFO - Setting next_dagrun for dataset_consumes_unknown_never_scheduled to None, run_after=None
[2024-03-11T10:58:59.647+0000] {logging_mixin.py:188} INFO - [2024-03-11T10:58:59.647+0000] {dag.py:3834} INFO - Setting next_dagrun for dataset_produces_1 to 2024-03-10 00:00:00+00:00, run_after=2024-03-11 00:00:00+00:00
[2024-03-11T10:58:59.663+0000] {logging_mixin.py:188} INFO - [2024-03-11T10:58:59.662+0000] {dag.py:3834} INFO - Setting next_dagrun for dataset_produces_2 to None, run_after=None
[2024-03-11T10:58:59.725+0000] {processor.py:183} INFO - Processing /home/airflow/.local/lib/python3.8/site-packages/airflow/example_dags/example_datasets.py took 0.525 seconds
[2024-03-11T10:59:30.542+0000] {processor.py:161} INFO - Started process (PID=127) to work on /home/airflow/.local/lib/python3.8/site-packages/airflow/example_dags/example_datasets.py
[2024-03-11T10:59:30.543+0000] {processor.py:830} INFO - Processing file /home/airflow/.local/lib/python3.8/site-packages/airflow/example_dags/example_datasets.py for tasks to queue
[2024-03-11T10:59:30.545+0000] {logging_mixin.py:188} INFO - [2024-03-11T10:59:30.545+0000] {dagbag.py:540} INFO - Filling up the DagBag from /home/airflow/.local/lib/python3.8/site-packages/airflow/example_dags/example_datasets.py
[2024-03-11T10:59:30.555+0000] {processor.py:840} INFO - DAG(s) 'dataset_consumes_1_and_2', 'dataset_produces_1', 'dataset_produces_2', 'dataset_consumes_1_never_scheduled', 'dataset_consumes_unknown_never_scheduled', 'dataset_consumes_1' retrieved from /home/airflow/.local/lib/python3.8/site-packages/airflow/example_dags/example_datasets.py
[2024-03-11T10:59:30.608+0000] {logging_mixin.py:188} INFO - [2024-03-11T10:59:30.607+0000] {dag.py:3047} INFO - Sync 6 DAGs
[2024-03-11T10:59:30.634+0000] {logging_mixin.py:188} INFO - [2024-03-11T10:59:30.633+0000] {dag.py:3834} INFO - Setting next_dagrun for dataset_consumes_1 to None, run_after=None
[2024-03-11T10:59:30.637+0000] {logging_mixin.py:188} INFO - [2024-03-11T10:59:30.637+0000] {dag.py:3834} INFO - Setting next_dagrun for dataset_consumes_1_and_2 to None, run_after=None
[2024-03-11T10:59:30.639+0000] {logging_mixin.py:188} INFO - [2024-03-11T10:59:30.638+0000] {dag.py:3834} INFO - Setting next_dagrun for dataset_consumes_1_never_scheduled to None, run_after=None
[2024-03-11T10:59:30.640+0000] {logging_mixin.py:188} INFO - [2024-03-11T10:59:30.640+0000] {dag.py:3834} INFO - Setting next_dagrun for dataset_consumes_unknown_never_scheduled to None, run_after=None
[2024-03-11T10:59:30.647+0000] {logging_mixin.py:188} INFO - [2024-03-11T10:59:30.646+0000] {dag.py:3834} INFO - Setting next_dagrun for dataset_produces_1 to 2024-03-10 00:00:00+00:00, run_after=2024-03-11 00:00:00+00:00
[2024-03-11T10:59:30.649+0000] {logging_mixin.py:188} INFO - [2024-03-11T10:59:30.648+0000] {dag.py:3834} INFO - Setting next_dagrun for dataset_produces_2 to None, run_after=None
[2024-03-11T10:59:30.685+0000] {processor.py:183} INFO - Processing /home/airflow/.local/lib/python3.8/site-packages/airflow/example_dags/example_datasets.py took 0.147 seconds
[2024-03-11T11:00:00.790+0000] {processor.py:161} INFO - Started process (PID=182) to work on /home/airflow/.local/lib/python3.8/site-packages/airflow/example_dags/example_datasets.py
[2024-03-11T11:00:00.791+0000] {processor.py:830} INFO - Processing file /home/airflow/.local/lib/python3.8/site-packages/airflow/example_dags/example_datasets.py for tasks to queue
[2024-03-11T11:00:00.793+0000] {logging_mixin.py:188} INFO - [2024-03-11T11:00:00.792+0000] {dagbag.py:540} INFO - Filling up the DagBag from /home/airflow/.local/lib/python3.8/site-packages/airflow/example_dags/example_datasets.py
[2024-03-11T11:00:00.802+0000] {processor.py:840} INFO - DAG(s) 'dataset_produces_1', 'dataset_consumes_1_and_2', 'dataset_consumes_unknown_never_scheduled', 'dataset_consumes_1_never_scheduled', 'dataset_consumes_1', 'dataset_produces_2' retrieved from /home/airflow/.local/lib/python3.8/site-packages/airflow/example_dags/example_datasets.py
[2024-03-11T11:00:00.850+0000] {logging_mixin.py:188} INFO - [2024-03-11T11:00:00.849+0000] {dag.py:3047} INFO - Sync 6 DAGs
[2024-03-11T11:00:00.885+0000] {logging_mixin.py:188} INFO - [2024-03-11T11:00:00.885+0000] {dag.py:3834} INFO - Setting next_dagrun for dataset_consumes_1 to None, run_after=None
[2024-03-11T11:00:00.893+0000] {logging_mixin.py:188} INFO - [2024-03-11T11:00:00.892+0000] {dag.py:3834} INFO - Setting next_dagrun for dataset_consumes_1_and_2 to None, run_after=None
[2024-03-11T11:00:00.894+0000] {logging_mixin.py:188} INFO - [2024-03-11T11:00:00.894+0000] {dag.py:3834} INFO - Setting next_dagrun for dataset_consumes_1_never_scheduled to None, run_after=None
[2024-03-11T11:00:00.896+0000] {logging_mixin.py:188} INFO - [2024-03-11T11:00:00.896+0000] {dag.py:3834} INFO - Setting next_dagrun for dataset_consumes_unknown_never_scheduled to None, run_after=None
[2024-03-11T11:00:00.900+0000] {logging_mixin.py:188} INFO - [2024-03-11T11:00:00.900+0000] {dag.py:3834} INFO - Setting next_dagrun for dataset_produces_1 to 2024-03-10 00:00:00+00:00, run_after=2024-03-11 00:00:00+00:00
[2024-03-11T11:00:00.915+0000] {logging_mixin.py:188} INFO - [2024-03-11T11:00:00.915+0000] {dag.py:3834} INFO - Setting next_dagrun for dataset_produces_2 to None, run_after=None
[2024-03-11T11:00:00.957+0000] {processor.py:183} INFO - Processing /home/airflow/.local/lib/python3.8/site-packages/airflow/example_dags/example_datasets.py took 0.169 seconds
[2024-03-11T11:00:31.884+0000] {processor.py:161} INFO - Started process (PID=237) to work on /home/airflow/.local/lib/python3.8/site-packages/airflow/example_dags/example_datasets.py
[2024-03-11T11:00:31.884+0000] {processor.py:830} INFO - Processing file /home/airflow/.local/lib/python3.8/site-packages/airflow/example_dags/example_datasets.py for tasks to queue
[2024-03-11T11:00:31.886+0000] {logging_mixin.py:188} INFO - [2024-03-11T11:00:31.886+0000] {dagbag.py:540} INFO - Filling up the DagBag from /home/airflow/.local/lib/python3.8/site-packages/airflow/example_dags/example_datasets.py
[2024-03-11T11:00:31.895+0000] {processor.py:840} INFO - DAG(s) 'dataset_consumes_unknown_never_scheduled', 'dataset_produces_1', 'dataset_consumes_1_and_2', 'dataset_consumes_1', 'dataset_produces_2', 'dataset_consumes_1_never_scheduled' retrieved from /home/airflow/.local/lib/python3.8/site-packages/airflow/example_dags/example_datasets.py
[2024-03-11T11:00:31.940+0000] {logging_mixin.py:188} INFO - [2024-03-11T11:00:31.940+0000] {dag.py:3047} INFO - Sync 6 DAGs
[2024-03-11T11:00:31.965+0000] {logging_mixin.py:188} INFO - [2024-03-11T11:00:31.965+0000] {dag.py:3834} INFO - Setting next_dagrun for dataset_consumes_1 to None, run_after=None
[2024-03-11T11:00:31.969+0000] {logging_mixin.py:188} INFO - [2024-03-11T11:00:31.969+0000] {dag.py:3834} INFO - Setting next_dagrun for dataset_consumes_1_and_2 to None, run_after=None
[2024-03-11T11:00:31.971+0000] {logging_mixin.py:188} INFO - [2024-03-11T11:00:31.971+0000] {dag.py:3834} INFO - Setting next_dagrun for dataset_consumes_1_never_scheduled to None, run_after=None
[2024-03-11T11:00:31.973+0000] {logging_mixin.py:188} INFO - [2024-03-11T11:00:31.973+0000] {dag.py:3834} INFO - Setting next_dagrun for dataset_consumes_unknown_never_scheduled to None, run_after=None
[2024-03-11T11:00:31.976+0000] {logging_mixin.py:188} INFO - [2024-03-11T11:00:31.976+0000] {dag.py:3834} INFO - Setting next_dagrun for dataset_produces_1 to 2024-03-10 00:00:00+00:00, run_after=2024-03-11 00:00:00+00:00
[2024-03-11T11:00:31.978+0000] {logging_mixin.py:188} INFO - [2024-03-11T11:00:31.978+0000] {dag.py:3834} INFO - Setting next_dagrun for dataset_produces_2 to None, run_after=None
[2024-03-11T11:00:32.020+0000] {processor.py:183} INFO - Processing /home/airflow/.local/lib/python3.8/site-packages/airflow/example_dags/example_datasets.py took 0.139 seconds
[2024-03-11T11:01:02.786+0000] {processor.py:161} INFO - Started process (PID=292) to work on /home/airflow/.local/lib/python3.8/site-packages/airflow/example_dags/example_datasets.py
[2024-03-11T11:01:02.787+0000] {processor.py:830} INFO - Processing file /home/airflow/.local/lib/python3.8/site-packages/airflow/example_dags/example_datasets.py for tasks to queue
[2024-03-11T11:01:02.789+0000] {logging_mixin.py:188} INFO - [2024-03-11T11:01:02.789+0000] {dagbag.py:540} INFO - Filling up the DagBag from /home/airflow/.local/lib/python3.8/site-packages/airflow/example_dags/example_datasets.py
[2024-03-11T11:01:02.800+0000] {processor.py:840} INFO - DAG(s) 'dataset_consumes_unknown_never_scheduled', 'dataset_consumes_1_and_2', 'dataset_produces_2', 'dataset_consumes_1_never_scheduled', 'dataset_consumes_1', 'dataset_produces_1' retrieved from /home/airflow/.local/lib/python3.8/site-packages/airflow/example_dags/example_datasets.py
[2024-03-11T11:01:02.853+0000] {logging_mixin.py:188} INFO - [2024-03-11T11:01:02.853+0000] {dag.py:3047} INFO - Sync 6 DAGs
[2024-03-11T11:01:02.876+0000] {logging_mixin.py:188} INFO - [2024-03-11T11:01:02.875+0000] {dag.py:3834} INFO - Setting next_dagrun for dataset_consumes_1 to None, run_after=None
[2024-03-11T11:01:02.881+0000] {logging_mixin.py:188} INFO - [2024-03-11T11:01:02.881+0000] {dag.py:3834} INFO - Setting next_dagrun for dataset_consumes_1_and_2 to None, run_after=None
[2024-03-11T11:01:02.883+0000] {logging_mixin.py:188} INFO - [2024-03-11T11:01:02.882+0000] {dag.py:3834} INFO - Setting next_dagrun for dataset_consumes_1_never_scheduled to None, run_after=None
[2024-03-11T11:01:02.885+0000] {logging_mixin.py:188} INFO - [2024-03-11T11:01:02.885+0000] {dag.py:3834} INFO - Setting next_dagrun for dataset_consumes_unknown_never_scheduled to None, run_after=None
[2024-03-11T11:01:02.888+0000] {logging_mixin.py:188} INFO - [2024-03-11T11:01:02.888+0000] {dag.py:3834} INFO - Setting next_dagrun for dataset_produces_1 to 2024-03-10 00:00:00+00:00, run_after=2024-03-11 00:00:00+00:00
[2024-03-11T11:01:02.890+0000] {logging_mixin.py:188} INFO - [2024-03-11T11:01:02.890+0000] {dag.py:3834} INFO - Setting next_dagrun for dataset_produces_2 to None, run_after=None
[2024-03-11T11:01:02.931+0000] {processor.py:183} INFO - Processing /home/airflow/.local/lib/python3.8/site-packages/airflow/example_dags/example_datasets.py took 0.148 seconds
[2024-03-11T11:01:32.990+0000] {processor.py:161} INFO - Started process (PID=347) to work on /home/airflow/.local/lib/python3.8/site-packages/airflow/example_dags/example_datasets.py
[2024-03-11T11:01:32.991+0000] {processor.py:830} INFO - Processing file /home/airflow/.local/lib/python3.8/site-packages/airflow/example_dags/example_datasets.py for tasks to queue
[2024-03-11T11:01:32.992+0000] {logging_mixin.py:188} INFO - [2024-03-11T11:01:32.992+0000] {dagbag.py:540} INFO - Filling up the DagBag from /home/airflow/.local/lib/python3.8/site-packages/airflow/example_dags/example_datasets.py
[2024-03-11T11:01:33.001+0000] {processor.py:840} INFO - DAG(s) 'dataset_consumes_unknown_never_scheduled', 'dataset_produces_1', 'dataset_consumes_1', 'dataset_produces_2', 'dataset_consumes_1_and_2', 'dataset_consumes_1_never_scheduled' retrieved from /home/airflow/.local/lib/python3.8/site-packages/airflow/example_dags/example_datasets.py
[2024-03-11T11:01:33.041+0000] {logging_mixin.py:188} INFO - [2024-03-11T11:01:33.040+0000] {dag.py:3047} INFO - Sync 6 DAGs
[2024-03-11T11:01:33.065+0000] {logging_mixin.py:188} INFO - [2024-03-11T11:01:33.065+0000] {dag.py:3834} INFO - Setting next_dagrun for dataset_consumes_1 to None, run_after=None
[2024-03-11T11:01:33.069+0000] {logging_mixin.py:188} INFO - [2024-03-11T11:01:33.069+0000] {dag.py:3834} INFO - Setting next_dagrun for dataset_consumes_1_and_2 to None, run_after=None
[2024-03-11T11:01:33.071+0000] {logging_mixin.py:188} INFO - [2024-03-11T11:01:33.071+0000] {dag.py:3834} INFO - Setting next_dagrun for dataset_consumes_1_never_scheduled to None, run_after=None
[2024-03-11T11:01:33.073+0000] {logging_mixin.py:188} INFO - [2024-03-11T11:01:33.072+0000] {dag.py:3834} INFO - Setting next_dagrun for dataset_consumes_unknown_never_scheduled to None, run_after=None
[2024-03-11T11:01:33.076+0000] {logging_mixin.py:188} INFO - [2024-03-11T11:01:33.075+0000] {dag.py:3834} INFO - Setting next_dagrun for dataset_produces_1 to 2024-03-10 00:00:00+00:00, run_after=2024-03-11 00:00:00+00:00
[2024-03-11T11:01:33.078+0000] {logging_mixin.py:188} INFO - [2024-03-11T11:01:33.077+0000] {dag.py:3834} INFO - Setting next_dagrun for dataset_produces_2 to None, run_after=None
[2024-03-11T11:01:33.118+0000] {processor.py:183} INFO - Processing /home/airflow/.local/lib/python3.8/site-packages/airflow/example_dags/example_datasets.py took 0.131 seconds
[2024-03-11T11:02:03.298+0000] {processor.py:161} INFO - Started process (PID=402) to work on /home/airflow/.local/lib/python3.8/site-packages/airflow/example_dags/example_datasets.py
[2024-03-11T11:02:03.300+0000] {processor.py:830} INFO - Processing file /home/airflow/.local/lib/python3.8/site-packages/airflow/example_dags/example_datasets.py for tasks to queue
[2024-03-11T11:02:03.301+0000] {logging_mixin.py:188} INFO - [2024-03-11T11:02:03.301+0000] {dagbag.py:540} INFO - Filling up the DagBag from /home/airflow/.local/lib/python3.8/site-packages/airflow/example_dags/example_datasets.py
[2024-03-11T11:02:03.312+0000] {processor.py:840} INFO - DAG(s) 'dataset_consumes_unknown_never_scheduled', 'dataset_consumes_1_never_scheduled', 'dataset_consumes_1', 'dataset_produces_1', 'dataset_consumes_1_and_2', 'dataset_produces_2' retrieved from /home/airflow/.local/lib/python3.8/site-packages/airflow/example_dags/example_datasets.py
[2024-03-11T11:02:03.357+0000] {logging_mixin.py:188} INFO - [2024-03-11T11:02:03.357+0000] {dag.py:3047} INFO - Sync 6 DAGs
[2024-03-11T11:02:03.385+0000] {logging_mixin.py:188} INFO - [2024-03-11T11:02:03.384+0000] {dag.py:3834} INFO - Setting next_dagrun for dataset_consumes_1 to None, run_after=None
[2024-03-11T11:02:03.398+0000] {logging_mixin.py:188} INFO - [2024-03-11T11:02:03.398+0000] {dag.py:3834} INFO - Setting next_dagrun for dataset_consumes_1_and_2 to None, run_after=None
[2024-03-11T11:02:03.402+0000] {logging_mixin.py:188} INFO - [2024-03-11T11:02:03.402+0000] {dag.py:3834} INFO - Setting next_dagrun for dataset_consumes_1_never_scheduled to None, run_after=None
[2024-03-11T11:02:03.406+0000] {logging_mixin.py:188} INFO - [2024-03-11T11:02:03.405+0000] {dag.py:3834} INFO - Setting next_dagrun for dataset_consumes_unknown_never_scheduled to None, run_after=None
[2024-03-11T11:02:03.412+0000] {logging_mixin.py:188} INFO - [2024-03-11T11:02:03.411+0000] {dag.py:3834} INFO - Setting next_dagrun for dataset_produces_1 to 2024-03-10 00:00:00+00:00, run_after=2024-03-11 00:00:00+00:00
[2024-03-11T11:02:03.419+0000] {logging_mixin.py:188} INFO - [2024-03-11T11:02:03.418+0000] {dag.py:3834} INFO - Setting next_dagrun for dataset_produces_2 to None, run_after=None
[2024-03-11T11:02:03.467+0000] {processor.py:183} INFO - Processing /home/airflow/.local/lib/python3.8/site-packages/airflow/example_dags/example_datasets.py took 0.171 seconds
[2024-03-11T11:02:33.577+0000] {processor.py:161} INFO - Started process (PID=458) to work on /home/airflow/.local/lib/python3.8/site-packages/airflow/example_dags/example_datasets.py
[2024-03-11T11:02:33.578+0000] {processor.py:830} INFO - Processing file /home/airflow/.local/lib/python3.8/site-packages/airflow/example_dags/example_datasets.py for tasks to queue
[2024-03-11T11:02:33.585+0000] {logging_mixin.py:188} INFO - [2024-03-11T11:02:33.582+0000] {dagbag.py:540} INFO - Filling up the DagBag from /home/airflow/.local/lib/python3.8/site-packages/airflow/example_dags/example_datasets.py
[2024-03-11T11:02:35.025+0000] {logging_mixin.py:188} INFO - [2024-03-11T11:02:35.024+0000] {process_utils.py:262} INFO - Waiting up to 5 seconds for processes to exit...
[2024-03-11T13:02:41.582+0000] {processor.py:161} INFO - Started process (PID=74) to work on /home/airflow/.local/lib/python3.8/site-packages/airflow/example_dags/example_datasets.py
[2024-03-11T13:02:41.588+0000] {processor.py:830} INFO - Processing file /home/airflow/.local/lib/python3.8/site-packages/airflow/example_dags/example_datasets.py for tasks to queue
[2024-03-11T13:02:41.590+0000] {logging_mixin.py:188} INFO - [2024-03-11T13:02:41.590+0000] {dagbag.py:540} INFO - Filling up the DagBag from /home/airflow/.local/lib/python3.8/site-packages/airflow/example_dags/example_datasets.py
[2024-03-11T13:02:41.609+0000] {processor.py:840} INFO - DAG(s) 'dataset_consumes_1', 'dataset_consumes_unknown_never_scheduled', 'dataset_produces_2', 'dataset_consumes_1_and_2', 'dataset_consumes_1_never_scheduled', 'dataset_produces_1' retrieved from /home/airflow/.local/lib/python3.8/site-packages/airflow/example_dags/example_datasets.py
[2024-03-11T13:02:41.939+0000] {logging_mixin.py:188} INFO - [2024-03-11T13:02:41.939+0000] {dag.py:3047} INFO - Sync 6 DAGs
[2024-03-11T13:02:41.963+0000] {logging_mixin.py:188} INFO - [2024-03-11T13:02:41.962+0000] {dag.py:3834} INFO - Setting next_dagrun for dataset_consumes_1 to None, run_after=None
[2024-03-11T13:02:41.967+0000] {logging_mixin.py:188} INFO - [2024-03-11T13:02:41.967+0000] {dag.py:3834} INFO - Setting next_dagrun for dataset_consumes_1_and_2 to None, run_after=None
[2024-03-11T13:02:41.969+0000] {logging_mixin.py:188} INFO - [2024-03-11T13:02:41.968+0000] {dag.py:3834} INFO - Setting next_dagrun for dataset_consumes_1_never_scheduled to None, run_after=None
[2024-03-11T13:02:41.971+0000] {logging_mixin.py:188} INFO - [2024-03-11T13:02:41.970+0000] {dag.py:3834} INFO - Setting next_dagrun for dataset_consumes_unknown_never_scheduled to None, run_after=None
[2024-03-11T13:02:41.973+0000] {logging_mixin.py:188} INFO - [2024-03-11T13:02:41.973+0000] {dag.py:3834} INFO - Setting next_dagrun for dataset_produces_1 to 2024-03-10 00:00:00+00:00, run_after=2024-03-11 00:00:00+00:00
[2024-03-11T13:02:41.975+0000] {logging_mixin.py:188} INFO - [2024-03-11T13:02:41.975+0000] {dag.py:3834} INFO - Setting next_dagrun for dataset_produces_2 to None, run_after=None
[2024-03-11T13:02:42.008+0000] {processor.py:183} INFO - Processing /home/airflow/.local/lib/python3.8/site-packages/airflow/example_dags/example_datasets.py took 0.429 seconds
[2024-03-11T13:03:12.463+0000] {processor.py:161} INFO - Started process (PID=130) to work on /home/airflow/.local/lib/python3.8/site-packages/airflow/example_dags/example_datasets.py
[2024-03-11T13:03:12.465+0000] {processor.py:830} INFO - Processing file /home/airflow/.local/lib/python3.8/site-packages/airflow/example_dags/example_datasets.py for tasks to queue
[2024-03-11T13:03:12.467+0000] {logging_mixin.py:188} INFO - [2024-03-11T13:03:12.467+0000] {dagbag.py:540} INFO - Filling up the DagBag from /home/airflow/.local/lib/python3.8/site-packages/airflow/example_dags/example_datasets.py
[2024-03-11T13:03:12.478+0000] {processor.py:840} INFO - DAG(s) 'dataset_produces_1', 'dataset_consumes_1_never_scheduled', 'dataset_consumes_1', 'dataset_produces_2', 'dataset_consumes_unknown_never_scheduled', 'dataset_consumes_1_and_2' retrieved from /home/airflow/.local/lib/python3.8/site-packages/airflow/example_dags/example_datasets.py
[2024-03-11T13:03:12.522+0000] {logging_mixin.py:188} INFO - [2024-03-11T13:03:12.522+0000] {dag.py:3047} INFO - Sync 6 DAGs
[2024-03-11T13:03:12.549+0000] {logging_mixin.py:188} INFO - [2024-03-11T13:03:12.549+0000] {dag.py:3834} INFO - Setting next_dagrun for dataset_consumes_1 to None, run_after=None
[2024-03-11T13:03:12.553+0000] {logging_mixin.py:188} INFO - [2024-03-11T13:03:12.553+0000] {dag.py:3834} INFO - Setting next_dagrun for dataset_consumes_1_and_2 to None, run_after=None
[2024-03-11T13:03:12.556+0000] {logging_mixin.py:188} INFO - [2024-03-11T13:03:12.555+0000] {dag.py:3834} INFO - Setting next_dagrun for dataset_consumes_1_never_scheduled to None, run_after=None
[2024-03-11T13:03:12.557+0000] {logging_mixin.py:188} INFO - [2024-03-11T13:03:12.557+0000] {dag.py:3834} INFO - Setting next_dagrun for dataset_consumes_unknown_never_scheduled to None, run_after=None
[2024-03-11T13:03:12.561+0000] {logging_mixin.py:188} INFO - [2024-03-11T13:03:12.561+0000] {dag.py:3834} INFO - Setting next_dagrun for dataset_produces_1 to 2024-03-10 00:00:00+00:00, run_after=2024-03-11 00:00:00+00:00
[2024-03-11T13:03:12.563+0000] {logging_mixin.py:188} INFO - [2024-03-11T13:03:12.563+0000] {dag.py:3834} INFO - Setting next_dagrun for dataset_produces_2 to None, run_after=None
[2024-03-11T13:03:12.613+0000] {processor.py:183} INFO - Processing /home/airflow/.local/lib/python3.8/site-packages/airflow/example_dags/example_datasets.py took 0.153 seconds
[2024-03-11T13:03:42.796+0000] {processor.py:161} INFO - Started process (PID=185) to work on /home/airflow/.local/lib/python3.8/site-packages/airflow/example_dags/example_datasets.py
[2024-03-11T13:03:42.797+0000] {processor.py:830} INFO - Processing file /home/airflow/.local/lib/python3.8/site-packages/airflow/example_dags/example_datasets.py for tasks to queue
[2024-03-11T13:03:42.798+0000] {logging_mixin.py:188} INFO - [2024-03-11T13:03:42.798+0000] {dagbag.py:540} INFO - Filling up the DagBag from /home/airflow/.local/lib/python3.8/site-packages/airflow/example_dags/example_datasets.py
[2024-03-11T13:03:42.809+0000] {processor.py:840} INFO - DAG(s) 'dataset_consumes_1_never_scheduled', 'dataset_produces_2', 'dataset_consumes_1', 'dataset_consumes_1_and_2', 'dataset_consumes_unknown_never_scheduled', 'dataset_produces_1' retrieved from /home/airflow/.local/lib/python3.8/site-packages/airflow/example_dags/example_datasets.py
[2024-03-11T13:03:42.847+0000] {logging_mixin.py:188} INFO - [2024-03-11T13:03:42.846+0000] {dag.py:3047} INFO - Sync 6 DAGs
[2024-03-11T13:03:42.875+0000] {logging_mixin.py:188} INFO - [2024-03-11T13:03:42.875+0000] {dag.py:3834} INFO - Setting next_dagrun for dataset_consumes_1 to None, run_after=None
[2024-03-11T13:03:42.883+0000] {logging_mixin.py:188} INFO - [2024-03-11T13:03:42.883+0000] {dag.py:3834} INFO - Setting next_dagrun for dataset_consumes_1_and_2 to None, run_after=None
[2024-03-11T13:03:42.885+0000] {logging_mixin.py:188} INFO - [2024-03-11T13:03:42.885+0000] {dag.py:3834} INFO - Setting next_dagrun for dataset_consumes_1_never_scheduled to None, run_after=None
[2024-03-11T13:03:42.888+0000] {logging_mixin.py:188} INFO - [2024-03-11T13:03:42.888+0000] {dag.py:3834} INFO - Setting next_dagrun for dataset_consumes_unknown_never_scheduled to None, run_after=None
[2024-03-11T13:03:42.891+0000] {logging_mixin.py:188} INFO - [2024-03-11T13:03:42.890+0000] {dag.py:3834} INFO - Setting next_dagrun for dataset_produces_1 to 2024-03-10 00:00:00+00:00, run_after=2024-03-11 00:00:00+00:00
[2024-03-11T13:03:42.893+0000] {logging_mixin.py:188} INFO - [2024-03-11T13:03:42.892+0000] {dag.py:3834} INFO - Setting next_dagrun for dataset_produces_2 to None, run_after=None
[2024-03-11T13:03:42.935+0000] {processor.py:183} INFO - Processing /home/airflow/.local/lib/python3.8/site-packages/airflow/example_dags/example_datasets.py took 0.143 seconds
