[2024-03-11T10:58:56.414+0000] {processor.py:161} INFO - Started process (PID=62) to work on /home/airflow/.local/lib/python3.8/site-packages/airflow/example_dags/example_task_group.py
[2024-03-11T10:58:56.417+0000] {processor.py:830} INFO - Processing file /home/airflow/.local/lib/python3.8/site-packages/airflow/example_dags/example_task_group.py for tasks to queue
[2024-03-11T10:58:56.427+0000] {logging_mixin.py:188} INFO - [2024-03-11T10:58:56.426+0000] {dagbag.py:540} INFO - Filling up the DagBag from /home/airflow/.local/lib/python3.8/site-packages/airflow/example_dags/example_task_group.py
[2024-03-11T10:58:56.463+0000] {processor.py:840} INFO - DAG(s) 'example_task_group' retrieved from /home/airflow/.local/lib/python3.8/site-packages/airflow/example_dags/example_task_group.py
[2024-03-11T10:58:56.828+0000] {logging_mixin.py:188} INFO - [2024-03-11T10:58:56.828+0000] {dag.py:3047} INFO - Sync 1 DAGs
[2024-03-11T10:58:56.886+0000] {logging_mixin.py:188} INFO - [2024-03-11T10:58:56.886+0000] {dag.py:3834} INFO - Setting next_dagrun for example_task_group to 2024-03-10 00:00:00+00:00, run_after=2024-03-11 00:00:00+00:00
[2024-03-11T10:58:56.972+0000] {processor.py:183} INFO - Processing /home/airflow/.local/lib/python3.8/site-packages/airflow/example_dags/example_task_group.py took 0.568 seconds
[2024-03-11T10:59:27.042+0000] {processor.py:161} INFO - Started process (PID=117) to work on /home/airflow/.local/lib/python3.8/site-packages/airflow/example_dags/example_task_group.py
[2024-03-11T10:59:27.043+0000] {processor.py:830} INFO - Processing file /home/airflow/.local/lib/python3.8/site-packages/airflow/example_dags/example_task_group.py for tasks to queue
[2024-03-11T10:59:27.045+0000] {logging_mixin.py:188} INFO - [2024-03-11T10:59:27.045+0000] {dagbag.py:540} INFO - Filling up the DagBag from /home/airflow/.local/lib/python3.8/site-packages/airflow/example_dags/example_task_group.py
[2024-03-11T10:59:27.051+0000] {processor.py:840} INFO - DAG(s) 'example_task_group' retrieved from /home/airflow/.local/lib/python3.8/site-packages/airflow/example_dags/example_task_group.py
[2024-03-11T10:59:27.071+0000] {logging_mixin.py:188} INFO - [2024-03-11T10:59:27.070+0000] {dag.py:3047} INFO - Sync 1 DAGs
[2024-03-11T10:59:27.090+0000] {logging_mixin.py:188} INFO - [2024-03-11T10:59:27.090+0000] {dag.py:3834} INFO - Setting next_dagrun for example_task_group to 2024-03-10 00:00:00+00:00, run_after=2024-03-11 00:00:00+00:00
[2024-03-11T10:59:27.106+0000] {processor.py:183} INFO - Processing /home/airflow/.local/lib/python3.8/site-packages/airflow/example_dags/example_task_group.py took 0.066 seconds
[2024-03-11T10:59:58.038+0000] {processor.py:161} INFO - Started process (PID=172) to work on /home/airflow/.local/lib/python3.8/site-packages/airflow/example_dags/example_task_group.py
[2024-03-11T10:59:58.040+0000] {processor.py:830} INFO - Processing file /home/airflow/.local/lib/python3.8/site-packages/airflow/example_dags/example_task_group.py for tasks to queue
[2024-03-11T10:59:58.048+0000] {logging_mixin.py:188} INFO - [2024-03-11T10:59:58.047+0000] {dagbag.py:540} INFO - Filling up the DagBag from /home/airflow/.local/lib/python3.8/site-packages/airflow/example_dags/example_task_group.py
[2024-03-11T10:59:58.061+0000] {processor.py:840} INFO - DAG(s) 'example_task_group' retrieved from /home/airflow/.local/lib/python3.8/site-packages/airflow/example_dags/example_task_group.py
[2024-03-11T10:59:58.182+0000] {logging_mixin.py:188} INFO - [2024-03-11T10:59:58.182+0000] {dag.py:3047} INFO - Sync 1 DAGs
[2024-03-11T10:59:58.275+0000] {logging_mixin.py:188} INFO - [2024-03-11T10:59:58.274+0000] {dag.py:3834} INFO - Setting next_dagrun for example_task_group to 2024-03-10 00:00:00+00:00, run_after=2024-03-11 00:00:00+00:00
[2024-03-11T10:59:58.424+0000] {processor.py:183} INFO - Processing /home/airflow/.local/lib/python3.8/site-packages/airflow/example_dags/example_task_group.py took 0.390 seconds
[2024-03-11T11:00:29.179+0000] {processor.py:161} INFO - Started process (PID=227) to work on /home/airflow/.local/lib/python3.8/site-packages/airflow/example_dags/example_task_group.py
[2024-03-11T11:00:29.184+0000] {processor.py:830} INFO - Processing file /home/airflow/.local/lib/python3.8/site-packages/airflow/example_dags/example_task_group.py for tasks to queue
[2024-03-11T11:00:29.185+0000] {logging_mixin.py:188} INFO - [2024-03-11T11:00:29.185+0000] {dagbag.py:540} INFO - Filling up the DagBag from /home/airflow/.local/lib/python3.8/site-packages/airflow/example_dags/example_task_group.py
[2024-03-11T11:00:29.191+0000] {processor.py:840} INFO - DAG(s) 'example_task_group' retrieved from /home/airflow/.local/lib/python3.8/site-packages/airflow/example_dags/example_task_group.py
[2024-03-11T11:00:29.213+0000] {logging_mixin.py:188} INFO - [2024-03-11T11:00:29.213+0000] {dag.py:3047} INFO - Sync 1 DAGs
[2024-03-11T11:00:29.233+0000] {logging_mixin.py:188} INFO - [2024-03-11T11:00:29.233+0000] {dag.py:3834} INFO - Setting next_dagrun for example_task_group to 2024-03-10 00:00:00+00:00, run_after=2024-03-11 00:00:00+00:00
[2024-03-11T11:00:29.251+0000] {processor.py:183} INFO - Processing /home/airflow/.local/lib/python3.8/site-packages/airflow/example_dags/example_task_group.py took 0.074 seconds
[2024-03-11T11:01:00.109+0000] {processor.py:161} INFO - Started process (PID=282) to work on /home/airflow/.local/lib/python3.8/site-packages/airflow/example_dags/example_task_group.py
[2024-03-11T11:01:00.110+0000] {processor.py:830} INFO - Processing file /home/airflow/.local/lib/python3.8/site-packages/airflow/example_dags/example_task_group.py for tasks to queue
[2024-03-11T11:01:00.111+0000] {logging_mixin.py:188} INFO - [2024-03-11T11:01:00.111+0000] {dagbag.py:540} INFO - Filling up the DagBag from /home/airflow/.local/lib/python3.8/site-packages/airflow/example_dags/example_task_group.py
[2024-03-11T11:01:00.118+0000] {processor.py:840} INFO - DAG(s) 'example_task_group' retrieved from /home/airflow/.local/lib/python3.8/site-packages/airflow/example_dags/example_task_group.py
[2024-03-11T11:01:00.144+0000] {logging_mixin.py:188} INFO - [2024-03-11T11:01:00.144+0000] {dag.py:3047} INFO - Sync 1 DAGs
[2024-03-11T11:01:00.167+0000] {logging_mixin.py:188} INFO - [2024-03-11T11:01:00.167+0000] {dag.py:3834} INFO - Setting next_dagrun for example_task_group to 2024-03-10 00:00:00+00:00, run_after=2024-03-11 00:00:00+00:00
[2024-03-11T11:01:00.191+0000] {processor.py:183} INFO - Processing /home/airflow/.local/lib/python3.8/site-packages/airflow/example_dags/example_task_group.py took 0.085 seconds
[2024-03-11T11:01:30.257+0000] {processor.py:161} INFO - Started process (PID=337) to work on /home/airflow/.local/lib/python3.8/site-packages/airflow/example_dags/example_task_group.py
[2024-03-11T11:01:30.258+0000] {processor.py:830} INFO - Processing file /home/airflow/.local/lib/python3.8/site-packages/airflow/example_dags/example_task_group.py for tasks to queue
[2024-03-11T11:01:30.260+0000] {logging_mixin.py:188} INFO - [2024-03-11T11:01:30.259+0000] {dagbag.py:540} INFO - Filling up the DagBag from /home/airflow/.local/lib/python3.8/site-packages/airflow/example_dags/example_task_group.py
[2024-03-11T11:01:30.267+0000] {processor.py:840} INFO - DAG(s) 'example_task_group' retrieved from /home/airflow/.local/lib/python3.8/site-packages/airflow/example_dags/example_task_group.py
[2024-03-11T11:01:30.294+0000] {logging_mixin.py:188} INFO - [2024-03-11T11:01:30.294+0000] {dag.py:3047} INFO - Sync 1 DAGs
[2024-03-11T11:01:30.317+0000] {logging_mixin.py:188} INFO - [2024-03-11T11:01:30.317+0000] {dag.py:3834} INFO - Setting next_dagrun for example_task_group to 2024-03-10 00:00:00+00:00, run_after=2024-03-11 00:00:00+00:00
[2024-03-11T11:01:30.338+0000] {processor.py:183} INFO - Processing /home/airflow/.local/lib/python3.8/site-packages/airflow/example_dags/example_task_group.py took 0.083 seconds
[2024-03-11T11:02:00.607+0000] {processor.py:161} INFO - Started process (PID=392) to work on /home/airflow/.local/lib/python3.8/site-packages/airflow/example_dags/example_task_group.py
[2024-03-11T11:02:00.608+0000] {processor.py:830} INFO - Processing file /home/airflow/.local/lib/python3.8/site-packages/airflow/example_dags/example_task_group.py for tasks to queue
[2024-03-11T11:02:00.611+0000] {logging_mixin.py:188} INFO - [2024-03-11T11:02:00.610+0000] {dagbag.py:540} INFO - Filling up the DagBag from /home/airflow/.local/lib/python3.8/site-packages/airflow/example_dags/example_task_group.py
[2024-03-11T11:02:00.619+0000] {processor.py:840} INFO - DAG(s) 'example_task_group' retrieved from /home/airflow/.local/lib/python3.8/site-packages/airflow/example_dags/example_task_group.py
[2024-03-11T11:02:00.667+0000] {logging_mixin.py:188} INFO - [2024-03-11T11:02:00.667+0000] {dag.py:3047} INFO - Sync 1 DAGs
[2024-03-11T11:02:00.691+0000] {logging_mixin.py:188} INFO - [2024-03-11T11:02:00.691+0000] {dag.py:3834} INFO - Setting next_dagrun for example_task_group to 2024-03-10 00:00:00+00:00, run_after=2024-03-11 00:00:00+00:00
[2024-03-11T11:02:00.712+0000] {processor.py:183} INFO - Processing /home/airflow/.local/lib/python3.8/site-packages/airflow/example_dags/example_task_group.py took 0.108 seconds
[2024-03-11T11:02:30.819+0000] {processor.py:161} INFO - Started process (PID=447) to work on /home/airflow/.local/lib/python3.8/site-packages/airflow/example_dags/example_task_group.py
[2024-03-11T11:02:30.820+0000] {processor.py:830} INFO - Processing file /home/airflow/.local/lib/python3.8/site-packages/airflow/example_dags/example_task_group.py for tasks to queue
[2024-03-11T11:02:30.822+0000] {logging_mixin.py:188} INFO - [2024-03-11T11:02:30.821+0000] {dagbag.py:540} INFO - Filling up the DagBag from /home/airflow/.local/lib/python3.8/site-packages/airflow/example_dags/example_task_group.py
[2024-03-11T11:02:30.830+0000] {processor.py:840} INFO - DAG(s) 'example_task_group' retrieved from /home/airflow/.local/lib/python3.8/site-packages/airflow/example_dags/example_task_group.py
[2024-03-11T11:02:30.855+0000] {logging_mixin.py:188} INFO - [2024-03-11T11:02:30.855+0000] {dag.py:3047} INFO - Sync 1 DAGs
[2024-03-11T11:02:30.883+0000] {logging_mixin.py:188} INFO - [2024-03-11T11:02:30.883+0000] {dag.py:3834} INFO - Setting next_dagrun for example_task_group to 2024-03-10 00:00:00+00:00, run_after=2024-03-11 00:00:00+00:00
[2024-03-11T11:02:30.908+0000] {processor.py:183} INFO - Processing /home/airflow/.local/lib/python3.8/site-packages/airflow/example_dags/example_task_group.py took 0.093 seconds
[2024-03-11T13:02:39.735+0000] {processor.py:161} INFO - Started process (PID=64) to work on /home/airflow/.local/lib/python3.8/site-packages/airflow/example_dags/example_task_group.py
[2024-03-11T13:02:39.737+0000] {processor.py:830} INFO - Processing file /home/airflow/.local/lib/python3.8/site-packages/airflow/example_dags/example_task_group.py for tasks to queue
[2024-03-11T13:02:39.738+0000] {logging_mixin.py:188} INFO - [2024-03-11T13:02:39.738+0000] {dagbag.py:540} INFO - Filling up the DagBag from /home/airflow/.local/lib/python3.8/site-packages/airflow/example_dags/example_task_group.py
[2024-03-11T13:02:39.749+0000] {processor.py:840} INFO - DAG(s) 'example_task_group' retrieved from /home/airflow/.local/lib/python3.8/site-packages/airflow/example_dags/example_task_group.py
[2024-03-11T13:02:39.876+0000] {logging_mixin.py:188} INFO - [2024-03-11T13:02:39.876+0000] {dag.py:3047} INFO - Sync 1 DAGs
[2024-03-11T13:02:39.922+0000] {logging_mixin.py:188} INFO - [2024-03-11T13:02:39.922+0000] {dag.py:3834} INFO - Setting next_dagrun for example_task_group to 2024-03-10 00:00:00+00:00, run_after=2024-03-11 00:00:00+00:00
[2024-03-11T13:02:39.965+0000] {processor.py:183} INFO - Processing /home/airflow/.local/lib/python3.8/site-packages/airflow/example_dags/example_task_group.py took 0.233 seconds
[2024-03-11T13:03:10.667+0000] {processor.py:161} INFO - Started process (PID=120) to work on /home/airflow/.local/lib/python3.8/site-packages/airflow/example_dags/example_task_group.py
[2024-03-11T13:03:10.668+0000] {processor.py:830} INFO - Processing file /home/airflow/.local/lib/python3.8/site-packages/airflow/example_dags/example_task_group.py for tasks to queue
[2024-03-11T13:03:10.671+0000] {logging_mixin.py:188} INFO - [2024-03-11T13:03:10.671+0000] {dagbag.py:540} INFO - Filling up the DagBag from /home/airflow/.local/lib/python3.8/site-packages/airflow/example_dags/example_task_group.py
[2024-03-11T13:03:10.681+0000] {processor.py:840} INFO - DAG(s) 'example_task_group' retrieved from /home/airflow/.local/lib/python3.8/site-packages/airflow/example_dags/example_task_group.py
[2024-03-11T13:03:10.706+0000] {logging_mixin.py:188} INFO - [2024-03-11T13:03:10.706+0000] {dag.py:3047} INFO - Sync 1 DAGs
[2024-03-11T13:03:10.735+0000] {logging_mixin.py:188} INFO - [2024-03-11T13:03:10.735+0000] {dag.py:3834} INFO - Setting next_dagrun for example_task_group to 2024-03-10 00:00:00+00:00, run_after=2024-03-11 00:00:00+00:00
[2024-03-11T13:03:10.763+0000] {processor.py:183} INFO - Processing /home/airflow/.local/lib/python3.8/site-packages/airflow/example_dags/example_task_group.py took 0.098 seconds
[2024-03-11T13:03:41.253+0000] {processor.py:161} INFO - Started process (PID=175) to work on /home/airflow/.local/lib/python3.8/site-packages/airflow/example_dags/example_task_group.py
[2024-03-11T13:03:41.254+0000] {processor.py:830} INFO - Processing file /home/airflow/.local/lib/python3.8/site-packages/airflow/example_dags/example_task_group.py for tasks to queue
[2024-03-11T13:03:41.255+0000] {logging_mixin.py:188} INFO - [2024-03-11T13:03:41.255+0000] {dagbag.py:540} INFO - Filling up the DagBag from /home/airflow/.local/lib/python3.8/site-packages/airflow/example_dags/example_task_group.py
[2024-03-11T13:03:41.263+0000] {processor.py:840} INFO - DAG(s) 'example_task_group' retrieved from /home/airflow/.local/lib/python3.8/site-packages/airflow/example_dags/example_task_group.py
[2024-03-11T13:03:41.289+0000] {logging_mixin.py:188} INFO - [2024-03-11T13:03:41.289+0000] {dag.py:3047} INFO - Sync 1 DAGs
[2024-03-11T13:03:41.310+0000] {logging_mixin.py:188} INFO - [2024-03-11T13:03:41.310+0000] {dag.py:3834} INFO - Setting next_dagrun for example_task_group to 2024-03-10 00:00:00+00:00, run_after=2024-03-11 00:00:00+00:00
[2024-03-11T13:03:41.327+0000] {processor.py:183} INFO - Processing /home/airflow/.local/lib/python3.8/site-packages/airflow/example_dags/example_task_group.py took 0.078 seconds
