[2024-03-11T10:59:02.479+0000] {processor.py:161} INFO - Started process (PID=87) to work on /home/airflow/.local/lib/python3.8/site-packages/airflow/example_dags/example_external_task_marker_dag.py
[2024-03-11T10:59:02.484+0000] {processor.py:830} INFO - Processing file /home/airflow/.local/lib/python3.8/site-packages/airflow/example_dags/example_external_task_marker_dag.py for tasks to queue
[2024-03-11T10:59:02.486+0000] {logging_mixin.py:188} INFO - [2024-03-11T10:59:02.485+0000] {dagbag.py:540} INFO - Filling up the DagBag from /home/airflow/.local/lib/python3.8/site-packages/airflow/example_dags/example_external_task_marker_dag.py
[2024-03-11T10:59:02.509+0000] {processor.py:840} INFO - DAG(s) 'example_external_task_marker_child', 'example_external_task_marker_parent' retrieved from /home/airflow/.local/lib/python3.8/site-packages/airflow/example_dags/example_external_task_marker_dag.py
[2024-03-11T10:59:02.795+0000] {logging_mixin.py:188} INFO - [2024-03-11T10:59:02.794+0000] {dag.py:3047} INFO - Sync 2 DAGs
[2024-03-11T10:59:02.819+0000] {logging_mixin.py:188} INFO - [2024-03-11T10:59:02.819+0000] {dag.py:3834} INFO - Setting next_dagrun for example_external_task_marker_child to None, run_after=None
[2024-03-11T10:59:02.830+0000] {logging_mixin.py:188} INFO - [2024-03-11T10:59:02.828+0000] {dag.py:3834} INFO - Setting next_dagrun for example_external_task_marker_parent to None, run_after=None
[2024-03-11T10:59:02.872+0000] {processor.py:183} INFO - Processing /home/airflow/.local/lib/python3.8/site-packages/airflow/example_dags/example_external_task_marker_dag.py took 0.397 seconds
[2024-03-11T10:59:33.384+0000] {processor.py:161} INFO - Started process (PID=142) to work on /home/airflow/.local/lib/python3.8/site-packages/airflow/example_dags/example_external_task_marker_dag.py
[2024-03-11T10:59:33.385+0000] {processor.py:830} INFO - Processing file /home/airflow/.local/lib/python3.8/site-packages/airflow/example_dags/example_external_task_marker_dag.py for tasks to queue
[2024-03-11T10:59:33.387+0000] {logging_mixin.py:188} INFO - [2024-03-11T10:59:33.387+0000] {dagbag.py:540} INFO - Filling up the DagBag from /home/airflow/.local/lib/python3.8/site-packages/airflow/example_dags/example_external_task_marker_dag.py
[2024-03-11T10:59:33.392+0000] {processor.py:840} INFO - DAG(s) 'example_external_task_marker_child', 'example_external_task_marker_parent' retrieved from /home/airflow/.local/lib/python3.8/site-packages/airflow/example_dags/example_external_task_marker_dag.py
[2024-03-11T10:59:33.415+0000] {logging_mixin.py:188} INFO - [2024-03-11T10:59:33.415+0000] {dag.py:3047} INFO - Sync 2 DAGs
[2024-03-11T10:59:33.426+0000] {logging_mixin.py:188} INFO - [2024-03-11T10:59:33.426+0000] {dag.py:3834} INFO - Setting next_dagrun for example_external_task_marker_child to None, run_after=None
[2024-03-11T10:59:33.430+0000] {logging_mixin.py:188} INFO - [2024-03-11T10:59:33.430+0000] {dag.py:3834} INFO - Setting next_dagrun for example_external_task_marker_parent to None, run_after=None
[2024-03-11T10:59:33.445+0000] {processor.py:183} INFO - Processing /home/airflow/.local/lib/python3.8/site-packages/airflow/example_dags/example_external_task_marker_dag.py took 0.063 seconds
[2024-03-11T11:00:03.697+0000] {processor.py:161} INFO - Started process (PID=197) to work on /home/airflow/.local/lib/python3.8/site-packages/airflow/example_dags/example_external_task_marker_dag.py
[2024-03-11T11:00:03.699+0000] {processor.py:830} INFO - Processing file /home/airflow/.local/lib/python3.8/site-packages/airflow/example_dags/example_external_task_marker_dag.py for tasks to queue
[2024-03-11T11:00:03.702+0000] {logging_mixin.py:188} INFO - [2024-03-11T11:00:03.701+0000] {dagbag.py:540} INFO - Filling up the DagBag from /home/airflow/.local/lib/python3.8/site-packages/airflow/example_dags/example_external_task_marker_dag.py
[2024-03-11T11:00:03.709+0000] {processor.py:840} INFO - DAG(s) 'example_external_task_marker_child', 'example_external_task_marker_parent' retrieved from /home/airflow/.local/lib/python3.8/site-packages/airflow/example_dags/example_external_task_marker_dag.py
[2024-03-11T11:00:03.741+0000] {logging_mixin.py:188} INFO - [2024-03-11T11:00:03.741+0000] {dag.py:3047} INFO - Sync 2 DAGs
[2024-03-11T11:00:03.758+0000] {logging_mixin.py:188} INFO - [2024-03-11T11:00:03.758+0000] {dag.py:3834} INFO - Setting next_dagrun for example_external_task_marker_child to None, run_after=None
[2024-03-11T11:00:03.765+0000] {logging_mixin.py:188} INFO - [2024-03-11T11:00:03.764+0000] {dag.py:3834} INFO - Setting next_dagrun for example_external_task_marker_parent to None, run_after=None
[2024-03-11T11:00:03.793+0000] {processor.py:183} INFO - Processing /home/airflow/.local/lib/python3.8/site-packages/airflow/example_dags/example_external_task_marker_dag.py took 0.100 seconds
[2024-03-11T11:00:33.865+0000] {processor.py:161} INFO - Started process (PID=252) to work on /home/airflow/.local/lib/python3.8/site-packages/airflow/example_dags/example_external_task_marker_dag.py
[2024-03-11T11:00:33.866+0000] {processor.py:830} INFO - Processing file /home/airflow/.local/lib/python3.8/site-packages/airflow/example_dags/example_external_task_marker_dag.py for tasks to queue
[2024-03-11T11:00:33.867+0000] {logging_mixin.py:188} INFO - [2024-03-11T11:00:33.867+0000] {dagbag.py:540} INFO - Filling up the DagBag from /home/airflow/.local/lib/python3.8/site-packages/airflow/example_dags/example_external_task_marker_dag.py
[2024-03-11T11:00:33.872+0000] {processor.py:840} INFO - DAG(s) 'example_external_task_marker_child', 'example_external_task_marker_parent' retrieved from /home/airflow/.local/lib/python3.8/site-packages/airflow/example_dags/example_external_task_marker_dag.py
[2024-03-11T11:00:33.892+0000] {logging_mixin.py:188} INFO - [2024-03-11T11:00:33.892+0000] {dag.py:3047} INFO - Sync 2 DAGs
[2024-03-11T11:00:33.904+0000] {logging_mixin.py:188} INFO - [2024-03-11T11:00:33.904+0000] {dag.py:3834} INFO - Setting next_dagrun for example_external_task_marker_child to None, run_after=None
[2024-03-11T11:00:33.908+0000] {logging_mixin.py:188} INFO - [2024-03-11T11:00:33.908+0000] {dag.py:3834} INFO - Setting next_dagrun for example_external_task_marker_parent to None, run_after=None
[2024-03-11T11:00:33.923+0000] {processor.py:183} INFO - Processing /home/airflow/.local/lib/python3.8/site-packages/airflow/example_dags/example_external_task_marker_dag.py took 0.061 seconds
[2024-03-11T11:01:04.774+0000] {processor.py:161} INFO - Started process (PID=307) to work on /home/airflow/.local/lib/python3.8/site-packages/airflow/example_dags/example_external_task_marker_dag.py
[2024-03-11T11:01:04.774+0000] {processor.py:830} INFO - Processing file /home/airflow/.local/lib/python3.8/site-packages/airflow/example_dags/example_external_task_marker_dag.py for tasks to queue
[2024-03-11T11:01:04.776+0000] {logging_mixin.py:188} INFO - [2024-03-11T11:01:04.776+0000] {dagbag.py:540} INFO - Filling up the DagBag from /home/airflow/.local/lib/python3.8/site-packages/airflow/example_dags/example_external_task_marker_dag.py
[2024-03-11T11:01:04.781+0000] {processor.py:840} INFO - DAG(s) 'example_external_task_marker_child', 'example_external_task_marker_parent' retrieved from /home/airflow/.local/lib/python3.8/site-packages/airflow/example_dags/example_external_task_marker_dag.py
[2024-03-11T11:01:04.802+0000] {logging_mixin.py:188} INFO - [2024-03-11T11:01:04.802+0000] {dag.py:3047} INFO - Sync 2 DAGs
[2024-03-11T11:01:04.814+0000] {logging_mixin.py:188} INFO - [2024-03-11T11:01:04.813+0000] {dag.py:3834} INFO - Setting next_dagrun for example_external_task_marker_child to None, run_after=None
[2024-03-11T11:01:04.818+0000] {logging_mixin.py:188} INFO - [2024-03-11T11:01:04.817+0000] {dag.py:3834} INFO - Setting next_dagrun for example_external_task_marker_parent to None, run_after=None
[2024-03-11T11:01:04.833+0000] {processor.py:183} INFO - Processing /home/airflow/.local/lib/python3.8/site-packages/airflow/example_dags/example_external_task_marker_dag.py took 0.062 seconds
[2024-03-11T11:01:35.101+0000] {processor.py:161} INFO - Started process (PID=362) to work on /home/airflow/.local/lib/python3.8/site-packages/airflow/example_dags/example_external_task_marker_dag.py
[2024-03-11T11:01:35.106+0000] {processor.py:830} INFO - Processing file /home/airflow/.local/lib/python3.8/site-packages/airflow/example_dags/example_external_task_marker_dag.py for tasks to queue
[2024-03-11T11:01:35.111+0000] {logging_mixin.py:188} INFO - [2024-03-11T11:01:35.110+0000] {dagbag.py:540} INFO - Filling up the DagBag from /home/airflow/.local/lib/python3.8/site-packages/airflow/example_dags/example_external_task_marker_dag.py
[2024-03-11T11:01:35.123+0000] {processor.py:840} INFO - DAG(s) 'example_external_task_marker_parent', 'example_external_task_marker_child' retrieved from /home/airflow/.local/lib/python3.8/site-packages/airflow/example_dags/example_external_task_marker_dag.py
[2024-03-11T11:01:35.164+0000] {logging_mixin.py:188} INFO - [2024-03-11T11:01:35.164+0000] {dag.py:3047} INFO - Sync 2 DAGs
[2024-03-11T11:01:35.177+0000] {logging_mixin.py:188} INFO - [2024-03-11T11:01:35.176+0000] {dag.py:3834} INFO - Setting next_dagrun for example_external_task_marker_child to None, run_after=None
[2024-03-11T11:01:35.182+0000] {logging_mixin.py:188} INFO - [2024-03-11T11:01:35.181+0000] {dag.py:3834} INFO - Setting next_dagrun for example_external_task_marker_parent to None, run_after=None
[2024-03-11T11:01:35.201+0000] {processor.py:183} INFO - Processing /home/airflow/.local/lib/python3.8/site-packages/airflow/example_dags/example_external_task_marker_dag.py took 0.106 seconds
[2024-03-11T11:02:05.505+0000] {processor.py:161} INFO - Started process (PID=417) to work on /home/airflow/.local/lib/python3.8/site-packages/airflow/example_dags/example_external_task_marker_dag.py
[2024-03-11T11:02:05.506+0000] {processor.py:830} INFO - Processing file /home/airflow/.local/lib/python3.8/site-packages/airflow/example_dags/example_external_task_marker_dag.py for tasks to queue
[2024-03-11T11:02:05.508+0000] {logging_mixin.py:188} INFO - [2024-03-11T11:02:05.508+0000] {dagbag.py:540} INFO - Filling up the DagBag from /home/airflow/.local/lib/python3.8/site-packages/airflow/example_dags/example_external_task_marker_dag.py
[2024-03-11T11:02:05.514+0000] {processor.py:840} INFO - DAG(s) 'example_external_task_marker_parent', 'example_external_task_marker_child' retrieved from /home/airflow/.local/lib/python3.8/site-packages/airflow/example_dags/example_external_task_marker_dag.py
[2024-03-11T11:02:05.537+0000] {logging_mixin.py:188} INFO - [2024-03-11T11:02:05.536+0000] {dag.py:3047} INFO - Sync 2 DAGs
[2024-03-11T11:02:05.549+0000] {logging_mixin.py:188} INFO - [2024-03-11T11:02:05.548+0000] {dag.py:3834} INFO - Setting next_dagrun for example_external_task_marker_child to None, run_after=None
[2024-03-11T11:02:05.552+0000] {logging_mixin.py:188} INFO - [2024-03-11T11:02:05.552+0000] {dag.py:3834} INFO - Setting next_dagrun for example_external_task_marker_parent to None, run_after=None
[2024-03-11T11:02:05.569+0000] {processor.py:183} INFO - Processing /home/airflow/.local/lib/python3.8/site-packages/airflow/example_dags/example_external_task_marker_dag.py took 0.066 seconds
[2024-03-11T13:02:44.644+0000] {processor.py:161} INFO - Started process (PID=89) to work on /home/airflow/.local/lib/python3.8/site-packages/airflow/example_dags/example_external_task_marker_dag.py
[2024-03-11T13:02:44.648+0000] {processor.py:830} INFO - Processing file /home/airflow/.local/lib/python3.8/site-packages/airflow/example_dags/example_external_task_marker_dag.py for tasks to queue
[2024-03-11T13:02:44.654+0000] {logging_mixin.py:188} INFO - [2024-03-11T13:02:44.654+0000] {dagbag.py:540} INFO - Filling up the DagBag from /home/airflow/.local/lib/python3.8/site-packages/airflow/example_dags/example_external_task_marker_dag.py
[2024-03-11T13:02:44.686+0000] {processor.py:840} INFO - DAG(s) 'example_external_task_marker_parent', 'example_external_task_marker_child' retrieved from /home/airflow/.local/lib/python3.8/site-packages/airflow/example_dags/example_external_task_marker_dag.py
[2024-03-11T13:02:44.912+0000] {logging_mixin.py:188} INFO - [2024-03-11T13:02:44.912+0000] {dag.py:3047} INFO - Sync 2 DAGs
[2024-03-11T13:02:44.926+0000] {logging_mixin.py:188} INFO - [2024-03-11T13:02:44.925+0000] {dag.py:3834} INFO - Setting next_dagrun for example_external_task_marker_child to None, run_after=None
[2024-03-11T13:02:44.941+0000] {logging_mixin.py:188} INFO - [2024-03-11T13:02:44.940+0000] {dag.py:3834} INFO - Setting next_dagrun for example_external_task_marker_parent to None, run_after=None
[2024-03-11T13:02:45.039+0000] {processor.py:183} INFO - Processing /home/airflow/.local/lib/python3.8/site-packages/airflow/example_dags/example_external_task_marker_dag.py took 0.397 seconds
[2024-03-11T13:03:15.549+0000] {processor.py:161} INFO - Started process (PID=145) to work on /home/airflow/.local/lib/python3.8/site-packages/airflow/example_dags/example_external_task_marker_dag.py
[2024-03-11T13:03:15.550+0000] {processor.py:830} INFO - Processing file /home/airflow/.local/lib/python3.8/site-packages/airflow/example_dags/example_external_task_marker_dag.py for tasks to queue
[2024-03-11T13:03:15.552+0000] {logging_mixin.py:188} INFO - [2024-03-11T13:03:15.552+0000] {dagbag.py:540} INFO - Filling up the DagBag from /home/airflow/.local/lib/python3.8/site-packages/airflow/example_dags/example_external_task_marker_dag.py
[2024-03-11T13:03:15.559+0000] {processor.py:840} INFO - DAG(s) 'example_external_task_marker_child', 'example_external_task_marker_parent' retrieved from /home/airflow/.local/lib/python3.8/site-packages/airflow/example_dags/example_external_task_marker_dag.py
[2024-03-11T13:03:15.581+0000] {logging_mixin.py:188} INFO - [2024-03-11T13:03:15.581+0000] {dag.py:3047} INFO - Sync 2 DAGs
[2024-03-11T13:03:15.596+0000] {logging_mixin.py:188} INFO - [2024-03-11T13:03:15.596+0000] {dag.py:3834} INFO - Setting next_dagrun for example_external_task_marker_child to None, run_after=None
[2024-03-11T13:03:15.600+0000] {logging_mixin.py:188} INFO - [2024-03-11T13:03:15.600+0000] {dag.py:3834} INFO - Setting next_dagrun for example_external_task_marker_parent to None, run_after=None
[2024-03-11T13:03:15.625+0000] {processor.py:183} INFO - Processing /home/airflow/.local/lib/python3.8/site-packages/airflow/example_dags/example_external_task_marker_dag.py took 0.078 seconds
[2024-03-11T13:03:45.958+0000] {processor.py:161} INFO - Started process (PID=200) to work on /home/airflow/.local/lib/python3.8/site-packages/airflow/example_dags/example_external_task_marker_dag.py
[2024-03-11T13:03:45.959+0000] {processor.py:830} INFO - Processing file /home/airflow/.local/lib/python3.8/site-packages/airflow/example_dags/example_external_task_marker_dag.py for tasks to queue
[2024-03-11T13:03:45.961+0000] {logging_mixin.py:188} INFO - [2024-03-11T13:03:45.961+0000] {dagbag.py:540} INFO - Filling up the DagBag from /home/airflow/.local/lib/python3.8/site-packages/airflow/example_dags/example_external_task_marker_dag.py
[2024-03-11T13:03:45.967+0000] {processor.py:840} INFO - DAG(s) 'example_external_task_marker_parent', 'example_external_task_marker_child' retrieved from /home/airflow/.local/lib/python3.8/site-packages/airflow/example_dags/example_external_task_marker_dag.py
[2024-03-11T13:03:45.993+0000] {logging_mixin.py:188} INFO - [2024-03-11T13:03:45.992+0000] {dag.py:3047} INFO - Sync 2 DAGs
[2024-03-11T13:03:46.005+0000] {logging_mixin.py:188} INFO - [2024-03-11T13:03:46.004+0000] {dag.py:3834} INFO - Setting next_dagrun for example_external_task_marker_child to None, run_after=None
[2024-03-11T13:03:46.008+0000] {logging_mixin.py:188} INFO - [2024-03-11T13:03:46.008+0000] {dag.py:3834} INFO - Setting next_dagrun for example_external_task_marker_parent to None, run_after=None
[2024-03-11T13:03:46.025+0000] {processor.py:183} INFO - Processing /home/airflow/.local/lib/python3.8/site-packages/airflow/example_dags/example_external_task_marker_dag.py took 0.069 seconds
