[2024-03-11T10:58:58.149+0000] {processor.py:161} INFO - Started process (PID=68) to work on /home/airflow/.local/lib/python3.8/site-packages/airflow/example_dags/example_sla_dag.py
[2024-03-11T10:58:58.153+0000] {processor.py:830} INFO - Processing file /home/airflow/.local/lib/python3.8/site-packages/airflow/example_dags/example_sla_dag.py for tasks to queue
[2024-03-11T10:58:58.155+0000] {logging_mixin.py:188} INFO - [2024-03-11T10:58:58.155+0000] {dagbag.py:540} INFO - Filling up the DagBag from /home/airflow/.local/lib/python3.8/site-packages/airflow/example_dags/example_sla_dag.py
[2024-03-11T10:58:58.174+0000] {processor.py:840} INFO - DAG(s) 'example_sla_dag' retrieved from /home/airflow/.local/lib/python3.8/site-packages/airflow/example_dags/example_sla_dag.py
[2024-03-11T10:58:58.497+0000] {logging_mixin.py:188} INFO - [2024-03-11T10:58:58.494+0000] {dag.py:3047} INFO - Sync 1 DAGs
[2024-03-11T10:58:58.563+0000] {logging_mixin.py:188} INFO - [2024-03-11T10:58:58.563+0000] {dag.py:3834} INFO - Setting next_dagrun for example_sla_dag to 2024-03-11 10:56:00+00:00, run_after=2024-03-11 10:58:00+00:00
[2024-03-11T10:58:58.608+0000] {processor.py:183} INFO - Processing /home/airflow/.local/lib/python3.8/site-packages/airflow/example_dags/example_sla_dag.py took 0.461 seconds
[2024-03-11T10:59:29.294+0000] {processor.py:161} INFO - Started process (PID=123) to work on /home/airflow/.local/lib/python3.8/site-packages/airflow/example_dags/example_sla_dag.py
[2024-03-11T10:59:29.295+0000] {processor.py:830} INFO - Processing file /home/airflow/.local/lib/python3.8/site-packages/airflow/example_dags/example_sla_dag.py for tasks to queue
[2024-03-11T10:59:29.297+0000] {logging_mixin.py:188} INFO - [2024-03-11T10:59:29.297+0000] {dagbag.py:540} INFO - Filling up the DagBag from /home/airflow/.local/lib/python3.8/site-packages/airflow/example_dags/example_sla_dag.py
[2024-03-11T10:59:29.306+0000] {processor.py:840} INFO - DAG(s) 'example_sla_dag' retrieved from /home/airflow/.local/lib/python3.8/site-packages/airflow/example_dags/example_sla_dag.py
[2024-03-11T10:59:29.323+0000] {logging_mixin.py:188} INFO - [2024-03-11T10:59:29.322+0000] {dag.py:3047} INFO - Sync 1 DAGs
[2024-03-11T10:59:29.345+0000] {logging_mixin.py:188} INFO - [2024-03-11T10:59:29.345+0000] {dag.py:3834} INFO - Setting next_dagrun for example_sla_dag to 2024-03-11 10:56:00+00:00, run_after=2024-03-11 10:58:00+00:00
[2024-03-11T10:59:29.362+0000] {processor.py:183} INFO - Processing /home/airflow/.local/lib/python3.8/site-packages/airflow/example_dags/example_sla_dag.py took 0.070 seconds
[2024-03-11T11:00:00.298+0000] {processor.py:161} INFO - Started process (PID=178) to work on /home/airflow/.local/lib/python3.8/site-packages/airflow/example_dags/example_sla_dag.py
[2024-03-11T11:00:00.312+0000] {processor.py:830} INFO - Processing file /home/airflow/.local/lib/python3.8/site-packages/airflow/example_dags/example_sla_dag.py for tasks to queue
[2024-03-11T11:00:00.314+0000] {logging_mixin.py:188} INFO - [2024-03-11T11:00:00.314+0000] {dagbag.py:540} INFO - Filling up the DagBag from /home/airflow/.local/lib/python3.8/site-packages/airflow/example_dags/example_sla_dag.py
[2024-03-11T11:00:00.322+0000] {processor.py:840} INFO - DAG(s) 'example_sla_dag' retrieved from /home/airflow/.local/lib/python3.8/site-packages/airflow/example_dags/example_sla_dag.py
[2024-03-11T11:00:00.362+0000] {logging_mixin.py:188} INFO - [2024-03-11T11:00:00.361+0000] {dag.py:3047} INFO - Sync 1 DAGs
[2024-03-11T11:00:00.420+0000] {logging_mixin.py:188} INFO - [2024-03-11T11:00:00.420+0000] {dag.py:3834} INFO - Setting next_dagrun for example_sla_dag to 2024-03-11 10:58:00+00:00, run_after=2024-03-11 11:00:00+00:00
[2024-03-11T11:00:00.450+0000] {processor.py:183} INFO - Processing /home/airflow/.local/lib/python3.8/site-packages/airflow/example_dags/example_sla_dag.py took 0.154 seconds
[2024-03-11T11:00:30.567+0000] {processor.py:161} INFO - Started process (PID=233) to work on /home/airflow/.local/lib/python3.8/site-packages/airflow/example_dags/example_sla_dag.py
[2024-03-11T11:00:30.569+0000] {processor.py:830} INFO - Processing file /home/airflow/.local/lib/python3.8/site-packages/airflow/example_dags/example_sla_dag.py for tasks to queue
[2024-03-11T11:00:30.573+0000] {logging_mixin.py:188} INFO - [2024-03-11T11:00:30.573+0000] {dagbag.py:540} INFO - Filling up the DagBag from /home/airflow/.local/lib/python3.8/site-packages/airflow/example_dags/example_sla_dag.py
[2024-03-11T11:00:30.584+0000] {processor.py:840} INFO - DAG(s) 'example_sla_dag' retrieved from /home/airflow/.local/lib/python3.8/site-packages/airflow/example_dags/example_sla_dag.py
[2024-03-11T11:00:30.603+0000] {logging_mixin.py:188} INFO - [2024-03-11T11:00:30.602+0000] {dag.py:3047} INFO - Sync 1 DAGs
[2024-03-11T11:00:30.626+0000] {logging_mixin.py:188} INFO - [2024-03-11T11:00:30.626+0000] {dag.py:3834} INFO - Setting next_dagrun for example_sla_dag to 2024-03-11 10:58:00+00:00, run_after=2024-03-11 11:00:00+00:00
[2024-03-11T11:00:30.660+0000] {processor.py:183} INFO - Processing /home/airflow/.local/lib/python3.8/site-packages/airflow/example_dags/example_sla_dag.py took 0.097 seconds
[2024-03-11T11:01:01.524+0000] {processor.py:161} INFO - Started process (PID=288) to work on /home/airflow/.local/lib/python3.8/site-packages/airflow/example_dags/example_sla_dag.py
[2024-03-11T11:01:01.525+0000] {processor.py:830} INFO - Processing file /home/airflow/.local/lib/python3.8/site-packages/airflow/example_dags/example_sla_dag.py for tasks to queue
[2024-03-11T11:01:01.526+0000] {logging_mixin.py:188} INFO - [2024-03-11T11:01:01.526+0000] {dagbag.py:540} INFO - Filling up the DagBag from /home/airflow/.local/lib/python3.8/site-packages/airflow/example_dags/example_sla_dag.py
[2024-03-11T11:01:01.534+0000] {processor.py:840} INFO - DAG(s) 'example_sla_dag' retrieved from /home/airflow/.local/lib/python3.8/site-packages/airflow/example_dags/example_sla_dag.py
[2024-03-11T11:01:01.552+0000] {logging_mixin.py:188} INFO - [2024-03-11T11:01:01.552+0000] {dag.py:3047} INFO - Sync 1 DAGs
[2024-03-11T11:01:01.575+0000] {logging_mixin.py:188} INFO - [2024-03-11T11:01:01.575+0000] {dag.py:3834} INFO - Setting next_dagrun for example_sla_dag to 2024-03-11 10:58:00+00:00, run_after=2024-03-11 11:00:00+00:00
[2024-03-11T11:01:01.593+0000] {processor.py:183} INFO - Processing /home/airflow/.local/lib/python3.8/site-packages/airflow/example_dags/example_sla_dag.py took 0.073 seconds
[2024-03-11T11:01:31.702+0000] {processor.py:161} INFO - Started process (PID=343) to work on /home/airflow/.local/lib/python3.8/site-packages/airflow/example_dags/example_sla_dag.py
[2024-03-11T11:01:31.703+0000] {processor.py:830} INFO - Processing file /home/airflow/.local/lib/python3.8/site-packages/airflow/example_dags/example_sla_dag.py for tasks to queue
[2024-03-11T11:01:31.704+0000] {logging_mixin.py:188} INFO - [2024-03-11T11:01:31.704+0000] {dagbag.py:540} INFO - Filling up the DagBag from /home/airflow/.local/lib/python3.8/site-packages/airflow/example_dags/example_sla_dag.py
[2024-03-11T11:01:31.712+0000] {processor.py:840} INFO - DAG(s) 'example_sla_dag' retrieved from /home/airflow/.local/lib/python3.8/site-packages/airflow/example_dags/example_sla_dag.py
[2024-03-11T11:01:31.741+0000] {logging_mixin.py:188} INFO - [2024-03-11T11:01:31.740+0000] {dag.py:3047} INFO - Sync 1 DAGs
[2024-03-11T11:01:31.767+0000] {logging_mixin.py:188} INFO - [2024-03-11T11:01:31.767+0000] {dag.py:3834} INFO - Setting next_dagrun for example_sla_dag to 2024-03-11 10:58:00+00:00, run_after=2024-03-11 11:00:00+00:00
[2024-03-11T11:01:31.787+0000] {processor.py:183} INFO - Processing /home/airflow/.local/lib/python3.8/site-packages/airflow/example_dags/example_sla_dag.py took 0.092 seconds
[2024-03-11T11:02:01.994+0000] {processor.py:161} INFO - Started process (PID=398) to work on /home/airflow/.local/lib/python3.8/site-packages/airflow/example_dags/example_sla_dag.py
[2024-03-11T11:02:01.995+0000] {processor.py:830} INFO - Processing file /home/airflow/.local/lib/python3.8/site-packages/airflow/example_dags/example_sla_dag.py for tasks to queue
[2024-03-11T11:02:01.998+0000] {logging_mixin.py:188} INFO - [2024-03-11T11:02:01.997+0000] {dagbag.py:540} INFO - Filling up the DagBag from /home/airflow/.local/lib/python3.8/site-packages/airflow/example_dags/example_sla_dag.py
[2024-03-11T11:02:02.007+0000] {processor.py:840} INFO - DAG(s) 'example_sla_dag' retrieved from /home/airflow/.local/lib/python3.8/site-packages/airflow/example_dags/example_sla_dag.py
[2024-03-11T11:02:02.028+0000] {logging_mixin.py:188} INFO - [2024-03-11T11:02:02.028+0000] {dag.py:3047} INFO - Sync 1 DAGs
[2024-03-11T11:02:02.057+0000] {logging_mixin.py:188} INFO - [2024-03-11T11:02:02.057+0000] {dag.py:3834} INFO - Setting next_dagrun for example_sla_dag to 2024-03-11 11:00:00+00:00, run_after=2024-03-11 11:02:00+00:00
[2024-03-11T11:02:02.090+0000] {processor.py:183} INFO - Processing /home/airflow/.local/lib/python3.8/site-packages/airflow/example_dags/example_sla_dag.py took 0.100 seconds
[2024-03-11T11:02:32.187+0000] {processor.py:161} INFO - Started process (PID=453) to work on /home/airflow/.local/lib/python3.8/site-packages/airflow/example_dags/example_sla_dag.py
[2024-03-11T11:02:32.189+0000] {processor.py:830} INFO - Processing file /home/airflow/.local/lib/python3.8/site-packages/airflow/example_dags/example_sla_dag.py for tasks to queue
[2024-03-11T11:02:32.191+0000] {logging_mixin.py:188} INFO - [2024-03-11T11:02:32.191+0000] {dagbag.py:540} INFO - Filling up the DagBag from /home/airflow/.local/lib/python3.8/site-packages/airflow/example_dags/example_sla_dag.py
[2024-03-11T11:02:32.200+0000] {processor.py:840} INFO - DAG(s) 'example_sla_dag' retrieved from /home/airflow/.local/lib/python3.8/site-packages/airflow/example_dags/example_sla_dag.py
[2024-03-11T11:02:32.232+0000] {logging_mixin.py:188} INFO - [2024-03-11T11:02:32.232+0000] {dag.py:3047} INFO - Sync 1 DAGs
[2024-03-11T11:02:32.261+0000] {logging_mixin.py:188} INFO - [2024-03-11T11:02:32.261+0000] {dag.py:3834} INFO - Setting next_dagrun for example_sla_dag to 2024-03-11 11:00:00+00:00, run_after=2024-03-11 11:02:00+00:00
[2024-03-11T11:02:32.278+0000] {processor.py:183} INFO - Processing /home/airflow/.local/lib/python3.8/site-packages/airflow/example_dags/example_sla_dag.py took 0.098 seconds
[2024-03-11T13:02:40.926+0000] {processor.py:161} INFO - Started process (PID=70) to work on /home/airflow/.local/lib/python3.8/site-packages/airflow/example_dags/example_sla_dag.py
[2024-03-11T13:02:40.927+0000] {processor.py:830} INFO - Processing file /home/airflow/.local/lib/python3.8/site-packages/airflow/example_dags/example_sla_dag.py for tasks to queue
[2024-03-11T13:02:40.929+0000] {logging_mixin.py:188} INFO - [2024-03-11T13:02:40.929+0000] {dagbag.py:540} INFO - Filling up the DagBag from /home/airflow/.local/lib/python3.8/site-packages/airflow/example_dags/example_sla_dag.py
[2024-03-11T13:02:40.937+0000] {processor.py:840} INFO - DAG(s) 'example_sla_dag' retrieved from /home/airflow/.local/lib/python3.8/site-packages/airflow/example_dags/example_sla_dag.py
[2024-03-11T13:02:41.044+0000] {logging_mixin.py:188} INFO - [2024-03-11T13:02:41.043+0000] {dag.py:3047} INFO - Sync 1 DAGs
[2024-03-11T13:02:41.072+0000] {logging_mixin.py:188} INFO - [2024-03-11T13:02:41.072+0000] {dag.py:3834} INFO - Setting next_dagrun for example_sla_dag to 2024-03-11 13:00:00+00:00, run_after=2024-03-11 13:02:00+00:00
[2024-03-11T13:02:41.105+0000] {processor.py:183} INFO - Processing /home/airflow/.local/lib/python3.8/site-packages/airflow/example_dags/example_sla_dag.py took 0.182 seconds
[2024-03-11T13:03:11.192+0000] {processor.py:161} INFO - Started process (PID=126) to work on /home/airflow/.local/lib/python3.8/site-packages/airflow/example_dags/example_sla_dag.py
[2024-03-11T13:03:11.193+0000] {processor.py:830} INFO - Processing file /home/airflow/.local/lib/python3.8/site-packages/airflow/example_dags/example_sla_dag.py for tasks to queue
[2024-03-11T13:03:11.195+0000] {logging_mixin.py:188} INFO - [2024-03-11T13:03:11.194+0000] {dagbag.py:540} INFO - Filling up the DagBag from /home/airflow/.local/lib/python3.8/site-packages/airflow/example_dags/example_sla_dag.py
[2024-03-11T13:03:11.202+0000] {processor.py:840} INFO - DAG(s) 'example_sla_dag' retrieved from /home/airflow/.local/lib/python3.8/site-packages/airflow/example_dags/example_sla_dag.py
[2024-03-11T13:03:11.219+0000] {logging_mixin.py:188} INFO - [2024-03-11T13:03:11.218+0000] {dag.py:3047} INFO - Sync 1 DAGs
[2024-03-11T13:03:11.242+0000] {logging_mixin.py:188} INFO - [2024-03-11T13:03:11.242+0000] {dag.py:3834} INFO - Setting next_dagrun for example_sla_dag to 2024-03-11 13:00:00+00:00, run_after=2024-03-11 13:02:00+00:00
[2024-03-11T13:03:11.259+0000] {processor.py:183} INFO - Processing /home/airflow/.local/lib/python3.8/site-packages/airflow/example_dags/example_sla_dag.py took 0.070 seconds
[2024-03-11T13:03:41.592+0000] {processor.py:161} INFO - Started process (PID=181) to work on /home/airflow/.local/lib/python3.8/site-packages/airflow/example_dags/example_sla_dag.py
[2024-03-11T13:03:41.593+0000] {processor.py:830} INFO - Processing file /home/airflow/.local/lib/python3.8/site-packages/airflow/example_dags/example_sla_dag.py for tasks to queue
[2024-03-11T13:03:41.595+0000] {logging_mixin.py:188} INFO - [2024-03-11T13:03:41.595+0000] {dagbag.py:540} INFO - Filling up the DagBag from /home/airflow/.local/lib/python3.8/site-packages/airflow/example_dags/example_sla_dag.py
[2024-03-11T13:03:41.603+0000] {processor.py:840} INFO - DAG(s) 'example_sla_dag' retrieved from /home/airflow/.local/lib/python3.8/site-packages/airflow/example_dags/example_sla_dag.py
[2024-03-11T13:03:41.629+0000] {logging_mixin.py:188} INFO - [2024-03-11T13:03:41.629+0000] {dag.py:3047} INFO - Sync 1 DAGs
[2024-03-11T13:03:41.659+0000] {logging_mixin.py:188} INFO - [2024-03-11T13:03:41.659+0000] {dag.py:3834} INFO - Setting next_dagrun for example_sla_dag to 2024-03-11 13:00:00+00:00, run_after=2024-03-11 13:02:00+00:00
[2024-03-11T13:03:41.676+0000] {processor.py:183} INFO - Processing /home/airflow/.local/lib/python3.8/site-packages/airflow/example_dags/example_sla_dag.py took 0.087 seconds
