[2024-03-11T10:59:00.566+0000] {processor.py:161} INFO - Started process (PID=79) to work on /home/airflow/.local/lib/python3.8/site-packages/airflow/example_dags/example_branch_python_dop_operator_3.py
[2024-03-11T10:59:00.568+0000] {processor.py:830} INFO - Processing file /home/airflow/.local/lib/python3.8/site-packages/airflow/example_dags/example_branch_python_dop_operator_3.py for tasks to queue
[2024-03-11T10:59:00.573+0000] {logging_mixin.py:188} INFO - [2024-03-11T10:59:00.573+0000] {dagbag.py:540} INFO - Filling up the DagBag from /home/airflow/.local/lib/python3.8/site-packages/airflow/example_dags/example_branch_python_dop_operator_3.py
[2024-03-11T10:59:00.590+0000] {processor.py:840} INFO - DAG(s) 'example_branch_dop_operator_v3' retrieved from /home/airflow/.local/lib/python3.8/site-packages/airflow/example_dags/example_branch_python_dop_operator_3.py
[2024-03-11T10:59:00.852+0000] {logging_mixin.py:188} INFO - [2024-03-11T10:59:00.851+0000] {dag.py:3047} INFO - Sync 1 DAGs
[2024-03-11T10:59:00.904+0000] {logging_mixin.py:188} INFO - [2024-03-11T10:59:00.903+0000] {dag.py:3834} INFO - Setting next_dagrun for example_branch_dop_operator_v3 to 2024-03-11 10:58:00+00:00, run_after=2024-03-11 10:59:00+00:00
[2024-03-11T10:59:00.990+0000] {processor.py:183} INFO - Processing /home/airflow/.local/lib/python3.8/site-packages/airflow/example_dags/example_branch_python_dop_operator_3.py took 0.431 seconds
[2024-03-11T10:59:31.847+0000] {processor.py:161} INFO - Started process (PID=134) to work on /home/airflow/.local/lib/python3.8/site-packages/airflow/example_dags/example_branch_python_dop_operator_3.py
[2024-03-11T10:59:31.848+0000] {processor.py:830} INFO - Processing file /home/airflow/.local/lib/python3.8/site-packages/airflow/example_dags/example_branch_python_dop_operator_3.py for tasks to queue
[2024-03-11T10:59:31.849+0000] {logging_mixin.py:188} INFO - [2024-03-11T10:59:31.849+0000] {dagbag.py:540} INFO - Filling up the DagBag from /home/airflow/.local/lib/python3.8/site-packages/airflow/example_dags/example_branch_python_dop_operator_3.py
[2024-03-11T10:59:31.857+0000] {processor.py:840} INFO - DAG(s) 'example_branch_dop_operator_v3' retrieved from /home/airflow/.local/lib/python3.8/site-packages/airflow/example_dags/example_branch_python_dop_operator_3.py
[2024-03-11T10:59:31.875+0000] {logging_mixin.py:188} INFO - [2024-03-11T10:59:31.874+0000] {dag.py:3047} INFO - Sync 1 DAGs
[2024-03-11T10:59:31.901+0000] {logging_mixin.py:188} INFO - [2024-03-11T10:59:31.901+0000] {dag.py:3834} INFO - Setting next_dagrun for example_branch_dop_operator_v3 to 2024-03-11 10:58:00+00:00, run_after=2024-03-11 10:59:00+00:00
[2024-03-11T10:59:31.919+0000] {processor.py:183} INFO - Processing /home/airflow/.local/lib/python3.8/site-packages/airflow/example_dags/example_branch_python_dop_operator_3.py took 0.075 seconds
[2024-03-11T11:00:02.403+0000] {processor.py:161} INFO - Started process (PID=189) to work on /home/airflow/.local/lib/python3.8/site-packages/airflow/example_dags/example_branch_python_dop_operator_3.py
[2024-03-11T11:00:02.404+0000] {processor.py:830} INFO - Processing file /home/airflow/.local/lib/python3.8/site-packages/airflow/example_dags/example_branch_python_dop_operator_3.py for tasks to queue
[2024-03-11T11:00:02.409+0000] {logging_mixin.py:188} INFO - [2024-03-11T11:00:02.408+0000] {dagbag.py:540} INFO - Filling up the DagBag from /home/airflow/.local/lib/python3.8/site-packages/airflow/example_dags/example_branch_python_dop_operator_3.py
[2024-03-11T11:00:02.431+0000] {processor.py:840} INFO - DAG(s) 'example_branch_dop_operator_v3' retrieved from /home/airflow/.local/lib/python3.8/site-packages/airflow/example_dags/example_branch_python_dop_operator_3.py
[2024-03-11T11:00:02.479+0000] {logging_mixin.py:188} INFO - [2024-03-11T11:00:02.478+0000] {dag.py:3047} INFO - Sync 1 DAGs
[2024-03-11T11:00:02.567+0000] {logging_mixin.py:188} INFO - [2024-03-11T11:00:02.566+0000] {dag.py:3834} INFO - Setting next_dagrun for example_branch_dop_operator_v3 to 2024-03-11 10:59:00+00:00, run_after=2024-03-11 11:00:00+00:00
[2024-03-11T11:00:02.710+0000] {processor.py:183} INFO - Processing /home/airflow/.local/lib/python3.8/site-packages/airflow/example_dags/example_branch_python_dop_operator_3.py took 0.311 seconds
[2024-03-11T11:00:33.196+0000] {processor.py:161} INFO - Started process (PID=243) to work on /home/airflow/.local/lib/python3.8/site-packages/airflow/example_dags/example_branch_python_dop_operator_3.py
[2024-03-11T11:00:33.197+0000] {processor.py:830} INFO - Processing file /home/airflow/.local/lib/python3.8/site-packages/airflow/example_dags/example_branch_python_dop_operator_3.py for tasks to queue
[2024-03-11T11:00:33.199+0000] {logging_mixin.py:188} INFO - [2024-03-11T11:00:33.198+0000] {dagbag.py:540} INFO - Filling up the DagBag from /home/airflow/.local/lib/python3.8/site-packages/airflow/example_dags/example_branch_python_dop_operator_3.py
[2024-03-11T11:00:33.206+0000] {processor.py:840} INFO - DAG(s) 'example_branch_dop_operator_v3' retrieved from /home/airflow/.local/lib/python3.8/site-packages/airflow/example_dags/example_branch_python_dop_operator_3.py
[2024-03-11T11:00:33.230+0000] {logging_mixin.py:188} INFO - [2024-03-11T11:00:33.228+0000] {dag.py:3047} INFO - Sync 1 DAGs
[2024-03-11T11:00:33.255+0000] {logging_mixin.py:188} INFO - [2024-03-11T11:00:33.255+0000] {dag.py:3834} INFO - Setting next_dagrun for example_branch_dop_operator_v3 to 2024-03-11 10:59:00+00:00, run_after=2024-03-11 11:00:00+00:00
[2024-03-11T11:00:33.277+0000] {processor.py:183} INFO - Processing /home/airflow/.local/lib/python3.8/site-packages/airflow/example_dags/example_branch_python_dop_operator_3.py took 0.084 seconds
[2024-03-11T11:01:04.141+0000] {processor.py:161} INFO - Started process (PID=299) to work on /home/airflow/.local/lib/python3.8/site-packages/airflow/example_dags/example_branch_python_dop_operator_3.py
[2024-03-11T11:01:04.141+0000] {processor.py:830} INFO - Processing file /home/airflow/.local/lib/python3.8/site-packages/airflow/example_dags/example_branch_python_dop_operator_3.py for tasks to queue
[2024-03-11T11:01:04.143+0000] {logging_mixin.py:188} INFO - [2024-03-11T11:01:04.143+0000] {dagbag.py:540} INFO - Filling up the DagBag from /home/airflow/.local/lib/python3.8/site-packages/airflow/example_dags/example_branch_python_dop_operator_3.py
[2024-03-11T11:01:04.152+0000] {processor.py:840} INFO - DAG(s) 'example_branch_dop_operator_v3' retrieved from /home/airflow/.local/lib/python3.8/site-packages/airflow/example_dags/example_branch_python_dop_operator_3.py
[2024-03-11T11:01:04.171+0000] {logging_mixin.py:188} INFO - [2024-03-11T11:01:04.170+0000] {dag.py:3047} INFO - Sync 1 DAGs
[2024-03-11T11:01:04.197+0000] {logging_mixin.py:188} INFO - [2024-03-11T11:01:04.197+0000] {dag.py:3834} INFO - Setting next_dagrun for example_branch_dop_operator_v3 to 2024-03-11 11:00:00+00:00, run_after=2024-03-11 11:01:00+00:00
[2024-03-11T11:01:04.218+0000] {processor.py:183} INFO - Processing /home/airflow/.local/lib/python3.8/site-packages/airflow/example_dags/example_branch_python_dop_operator_3.py took 0.080 seconds
[2024-03-11T11:01:34.336+0000] {processor.py:161} INFO - Started process (PID=353) to work on /home/airflow/.local/lib/python3.8/site-packages/airflow/example_dags/example_branch_python_dop_operator_3.py
[2024-03-11T11:01:34.338+0000] {processor.py:830} INFO - Processing file /home/airflow/.local/lib/python3.8/site-packages/airflow/example_dags/example_branch_python_dop_operator_3.py for tasks to queue
[2024-03-11T11:01:34.340+0000] {logging_mixin.py:188} INFO - [2024-03-11T11:01:34.340+0000] {dagbag.py:540} INFO - Filling up the DagBag from /home/airflow/.local/lib/python3.8/site-packages/airflow/example_dags/example_branch_python_dop_operator_3.py
[2024-03-11T11:01:34.348+0000] {processor.py:840} INFO - DAG(s) 'example_branch_dop_operator_v3' retrieved from /home/airflow/.local/lib/python3.8/site-packages/airflow/example_dags/example_branch_python_dop_operator_3.py
[2024-03-11T11:01:34.366+0000] {logging_mixin.py:188} INFO - [2024-03-11T11:01:34.365+0000] {dag.py:3047} INFO - Sync 1 DAGs
[2024-03-11T11:01:34.391+0000] {logging_mixin.py:188} INFO - [2024-03-11T11:01:34.391+0000] {dag.py:3834} INFO - Setting next_dagrun for example_branch_dop_operator_v3 to 2024-03-11 11:00:00+00:00, run_after=2024-03-11 11:01:00+00:00
[2024-03-11T11:01:34.409+0000] {processor.py:183} INFO - Processing /home/airflow/.local/lib/python3.8/site-packages/airflow/example_dags/example_branch_python_dop_operator_3.py took 0.075 seconds
[2024-03-11T11:02:04.696+0000] {processor.py:161} INFO - Started process (PID=408) to work on /home/airflow/.local/lib/python3.8/site-packages/airflow/example_dags/example_branch_python_dop_operator_3.py
[2024-03-11T11:02:04.697+0000] {processor.py:830} INFO - Processing file /home/airflow/.local/lib/python3.8/site-packages/airflow/example_dags/example_branch_python_dop_operator_3.py for tasks to queue
[2024-03-11T11:02:04.698+0000] {logging_mixin.py:188} INFO - [2024-03-11T11:02:04.698+0000] {dagbag.py:540} INFO - Filling up the DagBag from /home/airflow/.local/lib/python3.8/site-packages/airflow/example_dags/example_branch_python_dop_operator_3.py
[2024-03-11T11:02:04.706+0000] {processor.py:840} INFO - DAG(s) 'example_branch_dop_operator_v3' retrieved from /home/airflow/.local/lib/python3.8/site-packages/airflow/example_dags/example_branch_python_dop_operator_3.py
[2024-03-11T11:02:04.728+0000] {logging_mixin.py:188} INFO - [2024-03-11T11:02:04.728+0000] {dag.py:3047} INFO - Sync 1 DAGs
[2024-03-11T11:02:04.756+0000] {logging_mixin.py:188} INFO - [2024-03-11T11:02:04.755+0000] {dag.py:3834} INFO - Setting next_dagrun for example_branch_dop_operator_v3 to 2024-03-11 11:01:00+00:00, run_after=2024-03-11 11:02:00+00:00
[2024-03-11T11:02:04.777+0000] {processor.py:183} INFO - Processing /home/airflow/.local/lib/python3.8/site-packages/airflow/example_dags/example_branch_python_dop_operator_3.py took 0.083 seconds
[2024-03-11T13:02:43.052+0000] {processor.py:161} INFO - Started process (PID=81) to work on /home/airflow/.local/lib/python3.8/site-packages/airflow/example_dags/example_branch_python_dop_operator_3.py
[2024-03-11T13:02:43.058+0000] {processor.py:830} INFO - Processing file /home/airflow/.local/lib/python3.8/site-packages/airflow/example_dags/example_branch_python_dop_operator_3.py for tasks to queue
[2024-03-11T13:02:43.060+0000] {logging_mixin.py:188} INFO - [2024-03-11T13:02:43.060+0000] {dagbag.py:540} INFO - Filling up the DagBag from /home/airflow/.local/lib/python3.8/site-packages/airflow/example_dags/example_branch_python_dop_operator_3.py
[2024-03-11T13:02:43.077+0000] {processor.py:840} INFO - DAG(s) 'example_branch_dop_operator_v3' retrieved from /home/airflow/.local/lib/python3.8/site-packages/airflow/example_dags/example_branch_python_dop_operator_3.py
[2024-03-11T13:02:43.191+0000] {logging_mixin.py:188} INFO - [2024-03-11T13:02:43.190+0000] {dag.py:3047} INFO - Sync 1 DAGs
[2024-03-11T13:02:43.241+0000] {logging_mixin.py:188} INFO - [2024-03-11T13:02:43.240+0000] {dag.py:3834} INFO - Setting next_dagrun for example_branch_dop_operator_v3 to 2024-03-11 13:01:00+00:00, run_after=2024-03-11 13:02:00+00:00
[2024-03-11T13:02:43.291+0000] {processor.py:183} INFO - Processing /home/airflow/.local/lib/python3.8/site-packages/airflow/example_dags/example_branch_python_dop_operator_3.py took 0.242 seconds
[2024-03-11T13:03:13.967+0000] {processor.py:161} INFO - Started process (PID=137) to work on /home/airflow/.local/lib/python3.8/site-packages/airflow/example_dags/example_branch_python_dop_operator_3.py
[2024-03-11T13:03:13.968+0000] {processor.py:830} INFO - Processing file /home/airflow/.local/lib/python3.8/site-packages/airflow/example_dags/example_branch_python_dop_operator_3.py for tasks to queue
[2024-03-11T13:03:13.969+0000] {logging_mixin.py:188} INFO - [2024-03-11T13:03:13.969+0000] {dagbag.py:540} INFO - Filling up the DagBag from /home/airflow/.local/lib/python3.8/site-packages/airflow/example_dags/example_branch_python_dop_operator_3.py
[2024-03-11T13:03:13.977+0000] {processor.py:840} INFO - DAG(s) 'example_branch_dop_operator_v3' retrieved from /home/airflow/.local/lib/python3.8/site-packages/airflow/example_dags/example_branch_python_dop_operator_3.py
[2024-03-11T13:03:13.995+0000] {logging_mixin.py:188} INFO - [2024-03-11T13:03:13.994+0000] {dag.py:3047} INFO - Sync 1 DAGs
[2024-03-11T13:03:14.019+0000] {logging_mixin.py:188} INFO - [2024-03-11T13:03:14.019+0000] {dag.py:3834} INFO - Setting next_dagrun for example_branch_dop_operator_v3 to 2024-03-11 13:02:00+00:00, run_after=2024-03-11 13:03:00+00:00
[2024-03-11T13:03:14.036+0000] {processor.py:183} INFO - Processing /home/airflow/.local/lib/python3.8/site-packages/airflow/example_dags/example_branch_python_dop_operator_3.py took 0.072 seconds
[2024-03-11T13:03:44.118+0000] {processor.py:161} INFO - Started process (PID=191) to work on /home/airflow/.local/lib/python3.8/site-packages/airflow/example_dags/example_branch_python_dop_operator_3.py
[2024-03-11T13:03:44.119+0000] {processor.py:830} INFO - Processing file /home/airflow/.local/lib/python3.8/site-packages/airflow/example_dags/example_branch_python_dop_operator_3.py for tasks to queue
[2024-03-11T13:03:44.122+0000] {logging_mixin.py:188} INFO - [2024-03-11T13:03:44.122+0000] {dagbag.py:540} INFO - Filling up the DagBag from /home/airflow/.local/lib/python3.8/site-packages/airflow/example_dags/example_branch_python_dop_operator_3.py
[2024-03-11T13:03:44.130+0000] {processor.py:840} INFO - DAG(s) 'example_branch_dop_operator_v3' retrieved from /home/airflow/.local/lib/python3.8/site-packages/airflow/example_dags/example_branch_python_dop_operator_3.py
[2024-03-11T13:03:44.159+0000] {logging_mixin.py:188} INFO - [2024-03-11T13:03:44.158+0000] {dag.py:3047} INFO - Sync 1 DAGs
[2024-03-11T13:03:44.187+0000] {logging_mixin.py:188} INFO - [2024-03-11T13:03:44.187+0000] {dag.py:3834} INFO - Setting next_dagrun for example_branch_dop_operator_v3 to 2024-03-11 13:02:00+00:00, run_after=2024-03-11 13:03:00+00:00
[2024-03-11T13:03:44.211+0000] {processor.py:183} INFO - Processing /home/airflow/.local/lib/python3.8/site-packages/airflow/example_dags/example_branch_python_dop_operator_3.py took 0.097 seconds
