[2024-03-11T10:58:56.781+0000] {processor.py:161} INFO - Started process (PID=63) to work on /home/airflow/.local/lib/python3.8/site-packages/airflow/example_dags/example_latest_only.py
[2024-03-11T10:58:56.784+0000] {processor.py:830} INFO - Processing file /home/airflow/.local/lib/python3.8/site-packages/airflow/example_dags/example_latest_only.py for tasks to queue
[2024-03-11T10:58:56.791+0000] {logging_mixin.py:188} INFO - [2024-03-11T10:58:56.791+0000] {dagbag.py:540} INFO - Filling up the DagBag from /home/airflow/.local/lib/python3.8/site-packages/airflow/example_dags/example_latest_only.py
[2024-03-11T10:58:56.813+0000] {processor.py:840} INFO - DAG(s) 'latest_only' retrieved from /home/airflow/.local/lib/python3.8/site-packages/airflow/example_dags/example_latest_only.py
[2024-03-11T10:58:57.215+0000] {logging_mixin.py:188} INFO - [2024-03-11T10:58:57.211+0000] {dag.py:3047} INFO - Sync 1 DAGs
[2024-03-11T10:58:57.298+0000] {logging_mixin.py:188} INFO - [2024-03-11T10:58:57.296+0000] {dag.py:3834} INFO - Setting next_dagrun for latest_only to 2024-03-11 04:00:00+00:00, run_after=2024-03-11 08:00:00+00:00
[2024-03-11T10:58:57.349+0000] {processor.py:183} INFO - Processing /home/airflow/.local/lib/python3.8/site-packages/airflow/example_dags/example_latest_only.py took 0.571 seconds
[2024-03-11T10:59:28.052+0000] {processor.py:161} INFO - Started process (PID=118) to work on /home/airflow/.local/lib/python3.8/site-packages/airflow/example_dags/example_latest_only.py
[2024-03-11T10:59:28.052+0000] {processor.py:830} INFO - Processing file /home/airflow/.local/lib/python3.8/site-packages/airflow/example_dags/example_latest_only.py for tasks to queue
[2024-03-11T10:59:28.054+0000] {logging_mixin.py:188} INFO - [2024-03-11T10:59:28.054+0000] {dagbag.py:540} INFO - Filling up the DagBag from /home/airflow/.local/lib/python3.8/site-packages/airflow/example_dags/example_latest_only.py
[2024-03-11T10:59:28.058+0000] {processor.py:840} INFO - DAG(s) 'latest_only' retrieved from /home/airflow/.local/lib/python3.8/site-packages/airflow/example_dags/example_latest_only.py
[2024-03-11T10:59:28.077+0000] {logging_mixin.py:188} INFO - [2024-03-11T10:59:28.076+0000] {dag.py:3047} INFO - Sync 1 DAGs
[2024-03-11T10:59:28.102+0000] {logging_mixin.py:188} INFO - [2024-03-11T10:59:28.102+0000] {dag.py:3834} INFO - Setting next_dagrun for latest_only to 2024-03-11 04:00:00+00:00, run_after=2024-03-11 08:00:00+00:00
[2024-03-11T10:59:28.120+0000] {processor.py:183} INFO - Processing /home/airflow/.local/lib/python3.8/site-packages/airflow/example_dags/example_latest_only.py took 0.071 seconds
[2024-03-11T10:59:58.436+0000] {processor.py:161} INFO - Started process (PID=173) to work on /home/airflow/.local/lib/python3.8/site-packages/airflow/example_dags/example_latest_only.py
[2024-03-11T10:59:58.439+0000] {processor.py:830} INFO - Processing file /home/airflow/.local/lib/python3.8/site-packages/airflow/example_dags/example_latest_only.py for tasks to queue
[2024-03-11T10:59:58.450+0000] {logging_mixin.py:188} INFO - [2024-03-11T10:59:58.449+0000] {dagbag.py:540} INFO - Filling up the DagBag from /home/airflow/.local/lib/python3.8/site-packages/airflow/example_dags/example_latest_only.py
[2024-03-11T10:59:58.464+0000] {processor.py:840} INFO - DAG(s) 'latest_only' retrieved from /home/airflow/.local/lib/python3.8/site-packages/airflow/example_dags/example_latest_only.py
[2024-03-11T10:59:58.524+0000] {logging_mixin.py:188} INFO - [2024-03-11T10:59:58.516+0000] {dag.py:3047} INFO - Sync 1 DAGs
[2024-03-11T10:59:58.683+0000] {logging_mixin.py:188} INFO - [2024-03-11T10:59:58.682+0000] {dag.py:3834} INFO - Setting next_dagrun for latest_only to 2024-03-11 04:00:00+00:00, run_after=2024-03-11 08:00:00+00:00
[2024-03-11T10:59:58.741+0000] {processor.py:183} INFO - Processing /home/airflow/.local/lib/python3.8/site-packages/airflow/example_dags/example_latest_only.py took 0.320 seconds
[2024-03-11T11:00:29.280+0000] {processor.py:161} INFO - Started process (PID=228) to work on /home/airflow/.local/lib/python3.8/site-packages/airflow/example_dags/example_latest_only.py
[2024-03-11T11:00:29.281+0000] {processor.py:830} INFO - Processing file /home/airflow/.local/lib/python3.8/site-packages/airflow/example_dags/example_latest_only.py for tasks to queue
[2024-03-11T11:00:29.282+0000] {logging_mixin.py:188} INFO - [2024-03-11T11:00:29.282+0000] {dagbag.py:540} INFO - Filling up the DagBag from /home/airflow/.local/lib/python3.8/site-packages/airflow/example_dags/example_latest_only.py
[2024-03-11T11:00:29.287+0000] {processor.py:840} INFO - DAG(s) 'latest_only' retrieved from /home/airflow/.local/lib/python3.8/site-packages/airflow/example_dags/example_latest_only.py
[2024-03-11T11:00:29.309+0000] {logging_mixin.py:188} INFO - [2024-03-11T11:00:29.308+0000] {dag.py:3047} INFO - Sync 1 DAGs
[2024-03-11T11:00:29.334+0000] {logging_mixin.py:188} INFO - [2024-03-11T11:00:29.334+0000] {dag.py:3834} INFO - Setting next_dagrun for latest_only to 2024-03-11 04:00:00+00:00, run_after=2024-03-11 08:00:00+00:00
[2024-03-11T11:00:29.364+0000] {processor.py:183} INFO - Processing /home/airflow/.local/lib/python3.8/site-packages/airflow/example_dags/example_latest_only.py took 0.087 seconds
[2024-03-11T11:01:00.222+0000] {processor.py:161} INFO - Started process (PID=283) to work on /home/airflow/.local/lib/python3.8/site-packages/airflow/example_dags/example_latest_only.py
[2024-03-11T11:01:00.223+0000] {processor.py:830} INFO - Processing file /home/airflow/.local/lib/python3.8/site-packages/airflow/example_dags/example_latest_only.py for tasks to queue
[2024-03-11T11:01:00.224+0000] {logging_mixin.py:188} INFO - [2024-03-11T11:01:00.224+0000] {dagbag.py:540} INFO - Filling up the DagBag from /home/airflow/.local/lib/python3.8/site-packages/airflow/example_dags/example_latest_only.py
[2024-03-11T11:01:00.230+0000] {processor.py:840} INFO - DAG(s) 'latest_only' retrieved from /home/airflow/.local/lib/python3.8/site-packages/airflow/example_dags/example_latest_only.py
[2024-03-11T11:01:00.250+0000] {logging_mixin.py:188} INFO - [2024-03-11T11:01:00.250+0000] {dag.py:3047} INFO - Sync 1 DAGs
[2024-03-11T11:01:00.274+0000] {logging_mixin.py:188} INFO - [2024-03-11T11:01:00.274+0000] {dag.py:3834} INFO - Setting next_dagrun for latest_only to 2024-03-11 04:00:00+00:00, run_after=2024-03-11 08:00:00+00:00
[2024-03-11T11:01:00.297+0000] {processor.py:183} INFO - Processing /home/airflow/.local/lib/python3.8/site-packages/airflow/example_dags/example_latest_only.py took 0.080 seconds
[2024-03-11T11:01:30.371+0000] {processor.py:161} INFO - Started process (PID=338) to work on /home/airflow/.local/lib/python3.8/site-packages/airflow/example_dags/example_latest_only.py
[2024-03-11T11:01:30.372+0000] {processor.py:830} INFO - Processing file /home/airflow/.local/lib/python3.8/site-packages/airflow/example_dags/example_latest_only.py for tasks to queue
[2024-03-11T11:01:30.380+0000] {logging_mixin.py:188} INFO - [2024-03-11T11:01:30.379+0000] {dagbag.py:540} INFO - Filling up the DagBag from /home/airflow/.local/lib/python3.8/site-packages/airflow/example_dags/example_latest_only.py
[2024-03-11T11:01:30.386+0000] {processor.py:840} INFO - DAG(s) 'latest_only' retrieved from /home/airflow/.local/lib/python3.8/site-packages/airflow/example_dags/example_latest_only.py
[2024-03-11T11:01:30.411+0000] {logging_mixin.py:188} INFO - [2024-03-11T11:01:30.410+0000] {dag.py:3047} INFO - Sync 1 DAGs
[2024-03-11T11:01:30.449+0000] {logging_mixin.py:188} INFO - [2024-03-11T11:01:30.449+0000] {dag.py:3834} INFO - Setting next_dagrun for latest_only to 2024-03-11 04:00:00+00:00, run_after=2024-03-11 08:00:00+00:00
[2024-03-11T11:01:30.490+0000] {processor.py:183} INFO - Processing /home/airflow/.local/lib/python3.8/site-packages/airflow/example_dags/example_latest_only.py took 0.123 seconds
[2024-03-11T11:02:00.738+0000] {processor.py:161} INFO - Started process (PID=393) to work on /home/airflow/.local/lib/python3.8/site-packages/airflow/example_dags/example_latest_only.py
[2024-03-11T11:02:00.742+0000] {processor.py:830} INFO - Processing file /home/airflow/.local/lib/python3.8/site-packages/airflow/example_dags/example_latest_only.py for tasks to queue
[2024-03-11T11:02:00.746+0000] {logging_mixin.py:188} INFO - [2024-03-11T11:02:00.746+0000] {dagbag.py:540} INFO - Filling up the DagBag from /home/airflow/.local/lib/python3.8/site-packages/airflow/example_dags/example_latest_only.py
[2024-03-11T11:02:00.750+0000] {processor.py:840} INFO - DAG(s) 'latest_only' retrieved from /home/airflow/.local/lib/python3.8/site-packages/airflow/example_dags/example_latest_only.py
[2024-03-11T11:02:00.771+0000] {logging_mixin.py:188} INFO - [2024-03-11T11:02:00.771+0000] {dag.py:3047} INFO - Sync 1 DAGs
[2024-03-11T11:02:00.796+0000] {logging_mixin.py:188} INFO - [2024-03-11T11:02:00.796+0000] {dag.py:3834} INFO - Setting next_dagrun for latest_only to 2024-03-11 04:00:00+00:00, run_after=2024-03-11 08:00:00+00:00
[2024-03-11T11:02:00.816+0000] {processor.py:183} INFO - Processing /home/airflow/.local/lib/python3.8/site-packages/airflow/example_dags/example_latest_only.py took 0.081 seconds
[2024-03-11T11:02:30.939+0000] {processor.py:161} INFO - Started process (PID=448) to work on /home/airflow/.local/lib/python3.8/site-packages/airflow/example_dags/example_latest_only.py
[2024-03-11T11:02:30.940+0000] {processor.py:830} INFO - Processing file /home/airflow/.local/lib/python3.8/site-packages/airflow/example_dags/example_latest_only.py for tasks to queue
[2024-03-11T11:02:30.941+0000] {logging_mixin.py:188} INFO - [2024-03-11T11:02:30.941+0000] {dagbag.py:540} INFO - Filling up the DagBag from /home/airflow/.local/lib/python3.8/site-packages/airflow/example_dags/example_latest_only.py
[2024-03-11T11:02:30.945+0000] {processor.py:840} INFO - DAG(s) 'latest_only' retrieved from /home/airflow/.local/lib/python3.8/site-packages/airflow/example_dags/example_latest_only.py
[2024-03-11T11:02:30.964+0000] {logging_mixin.py:188} INFO - [2024-03-11T11:02:30.963+0000] {dag.py:3047} INFO - Sync 1 DAGs
[2024-03-11T11:02:30.985+0000] {logging_mixin.py:188} INFO - [2024-03-11T11:02:30.985+0000] {dag.py:3834} INFO - Setting next_dagrun for latest_only to 2024-03-11 04:00:00+00:00, run_after=2024-03-11 08:00:00+00:00
[2024-03-11T11:02:31.009+0000] {processor.py:183} INFO - Processing /home/airflow/.local/lib/python3.8/site-packages/airflow/example_dags/example_latest_only.py took 0.073 seconds
[2024-03-11T13:02:39.876+0000] {processor.py:161} INFO - Started process (PID=65) to work on /home/airflow/.local/lib/python3.8/site-packages/airflow/example_dags/example_latest_only.py
[2024-03-11T13:02:39.877+0000] {processor.py:830} INFO - Processing file /home/airflow/.local/lib/python3.8/site-packages/airflow/example_dags/example_latest_only.py for tasks to queue
[2024-03-11T13:02:39.882+0000] {logging_mixin.py:188} INFO - [2024-03-11T13:02:39.881+0000] {dagbag.py:540} INFO - Filling up the DagBag from /home/airflow/.local/lib/python3.8/site-packages/airflow/example_dags/example_latest_only.py
[2024-03-11T13:02:39.887+0000] {processor.py:840} INFO - DAG(s) 'latest_only' retrieved from /home/airflow/.local/lib/python3.8/site-packages/airflow/example_dags/example_latest_only.py
[2024-03-11T13:02:40.093+0000] {logging_mixin.py:188} INFO - [2024-03-11T13:02:40.093+0000] {dag.py:3047} INFO - Sync 1 DAGs
[2024-03-11T13:02:40.157+0000] {logging_mixin.py:188} INFO - [2024-03-11T13:02:40.157+0000] {dag.py:3834} INFO - Setting next_dagrun for latest_only to 2024-03-11 08:00:00+00:00, run_after=2024-03-11 12:00:00+00:00
[2024-03-11T13:02:40.186+0000] {processor.py:183} INFO - Processing /home/airflow/.local/lib/python3.8/site-packages/airflow/example_dags/example_latest_only.py took 0.312 seconds
[2024-03-11T13:03:10.710+0000] {processor.py:161} INFO - Started process (PID=121) to work on /home/airflow/.local/lib/python3.8/site-packages/airflow/example_dags/example_latest_only.py
[2024-03-11T13:03:10.711+0000] {processor.py:830} INFO - Processing file /home/airflow/.local/lib/python3.8/site-packages/airflow/example_dags/example_latest_only.py for tasks to queue
[2024-03-11T13:03:10.713+0000] {logging_mixin.py:188} INFO - [2024-03-11T13:03:10.712+0000] {dagbag.py:540} INFO - Filling up the DagBag from /home/airflow/.local/lib/python3.8/site-packages/airflow/example_dags/example_latest_only.py
[2024-03-11T13:03:10.720+0000] {processor.py:840} INFO - DAG(s) 'latest_only' retrieved from /home/airflow/.local/lib/python3.8/site-packages/airflow/example_dags/example_latest_only.py
[2024-03-11T13:03:10.766+0000] {logging_mixin.py:188} INFO - [2024-03-11T13:03:10.765+0000] {dag.py:3047} INFO - Sync 1 DAGs
[2024-03-11T13:03:10.800+0000] {logging_mixin.py:188} INFO - [2024-03-11T13:03:10.799+0000] {dag.py:3834} INFO - Setting next_dagrun for latest_only to 2024-03-11 08:00:00+00:00, run_after=2024-03-11 12:00:00+00:00
[2024-03-11T13:03:10.821+0000] {processor.py:183} INFO - Processing /home/airflow/.local/lib/python3.8/site-packages/airflow/example_dags/example_latest_only.py took 0.114 seconds
[2024-03-11T13:03:41.293+0000] {processor.py:161} INFO - Started process (PID=176) to work on /home/airflow/.local/lib/python3.8/site-packages/airflow/example_dags/example_latest_only.py
[2024-03-11T13:03:41.294+0000] {processor.py:830} INFO - Processing file /home/airflow/.local/lib/python3.8/site-packages/airflow/example_dags/example_latest_only.py for tasks to queue
[2024-03-11T13:03:41.295+0000] {logging_mixin.py:188} INFO - [2024-03-11T13:03:41.295+0000] {dagbag.py:540} INFO - Filling up the DagBag from /home/airflow/.local/lib/python3.8/site-packages/airflow/example_dags/example_latest_only.py
[2024-03-11T13:03:41.300+0000] {processor.py:840} INFO - DAG(s) 'latest_only' retrieved from /home/airflow/.local/lib/python3.8/site-packages/airflow/example_dags/example_latest_only.py
[2024-03-11T13:03:41.318+0000] {logging_mixin.py:188} INFO - [2024-03-11T13:03:41.318+0000] {dag.py:3047} INFO - Sync 1 DAGs
[2024-03-11T13:03:41.341+0000] {logging_mixin.py:188} INFO - [2024-03-11T13:03:41.341+0000] {dag.py:3834} INFO - Setting next_dagrun for latest_only to 2024-03-11 08:00:00+00:00, run_after=2024-03-11 12:00:00+00:00
[2024-03-11T13:03:41.363+0000] {processor.py:183} INFO - Processing /home/airflow/.local/lib/python3.8/site-packages/airflow/example_dags/example_latest_only.py took 0.073 seconds
