[2024-03-11T10:59:01.650+0000] {processor.py:161} INFO - Started process (PID=83) to work on /home/airflow/.local/lib/python3.8/site-packages/airflow/example_dags/example_python_decorator.py
[2024-03-11T10:59:01.652+0000] {processor.py:830} INFO - Processing file /home/airflow/.local/lib/python3.8/site-packages/airflow/example_dags/example_python_decorator.py for tasks to queue
[2024-03-11T10:59:01.655+0000] {logging_mixin.py:188} INFO - [2024-03-11T10:59:01.654+0000] {dagbag.py:540} INFO - Filling up the DagBag from /home/airflow/.local/lib/python3.8/site-packages/airflow/example_dags/example_python_decorator.py
[2024-03-11T10:59:01.691+0000] {processor.py:840} INFO - DAG(s) 'example_python_decorator' retrieved from /home/airflow/.local/lib/python3.8/site-packages/airflow/example_dags/example_python_decorator.py
[2024-03-11T10:59:01.942+0000] {logging_mixin.py:188} INFO - [2024-03-11T10:59:01.942+0000] {dag.py:3047} INFO - Sync 1 DAGs
[2024-03-11T10:59:01.961+0000] {logging_mixin.py:188} INFO - [2024-03-11T10:59:01.961+0000] {dag.py:3834} INFO - Setting next_dagrun for example_python_decorator to None, run_after=None
[2024-03-11T10:59:02.010+0000] {processor.py:183} INFO - Processing /home/airflow/.local/lib/python3.8/site-packages/airflow/example_dags/example_python_decorator.py took 0.367 seconds
[2024-03-11T10:59:32.170+0000] {processor.py:161} INFO - Started process (PID=138) to work on /home/airflow/.local/lib/python3.8/site-packages/airflow/example_dags/example_python_decorator.py
[2024-03-11T10:59:32.171+0000] {processor.py:830} INFO - Processing file /home/airflow/.local/lib/python3.8/site-packages/airflow/example_dags/example_python_decorator.py for tasks to queue
[2024-03-11T10:59:32.173+0000] {logging_mixin.py:188} INFO - [2024-03-11T10:59:32.173+0000] {dagbag.py:540} INFO - Filling up the DagBag from /home/airflow/.local/lib/python3.8/site-packages/airflow/example_dags/example_python_decorator.py
[2024-03-11T10:59:32.185+0000] {processor.py:840} INFO - DAG(s) 'example_python_decorator' retrieved from /home/airflow/.local/lib/python3.8/site-packages/airflow/example_dags/example_python_decorator.py
[2024-03-11T10:59:32.204+0000] {logging_mixin.py:188} INFO - [2024-03-11T10:59:32.203+0000] {dag.py:3047} INFO - Sync 1 DAGs
[2024-03-11T10:59:32.215+0000] {logging_mixin.py:188} INFO - [2024-03-11T10:59:32.215+0000] {dag.py:3834} INFO - Setting next_dagrun for example_python_decorator to None, run_after=None
[2024-03-11T10:59:32.232+0000] {processor.py:183} INFO - Processing /home/airflow/.local/lib/python3.8/site-packages/airflow/example_dags/example_python_decorator.py took 0.069 seconds
[2024-03-11T11:00:03.423+0000] {processor.py:161} INFO - Started process (PID=193) to work on /home/airflow/.local/lib/python3.8/site-packages/airflow/example_dags/example_python_decorator.py
[2024-03-11T11:00:03.424+0000] {processor.py:830} INFO - Processing file /home/airflow/.local/lib/python3.8/site-packages/airflow/example_dags/example_python_decorator.py for tasks to queue
[2024-03-11T11:00:03.426+0000] {logging_mixin.py:188} INFO - [2024-03-11T11:00:03.426+0000] {dagbag.py:540} INFO - Filling up the DagBag from /home/airflow/.local/lib/python3.8/site-packages/airflow/example_dags/example_python_decorator.py
[2024-03-11T11:00:03.439+0000] {processor.py:840} INFO - DAG(s) 'example_python_decorator' retrieved from /home/airflow/.local/lib/python3.8/site-packages/airflow/example_dags/example_python_decorator.py
[2024-03-11T11:00:03.466+0000] {logging_mixin.py:188} INFO - [2024-03-11T11:00:03.466+0000] {dag.py:3047} INFO - Sync 1 DAGs
[2024-03-11T11:00:03.497+0000] {logging_mixin.py:188} INFO - [2024-03-11T11:00:03.496+0000] {dag.py:3834} INFO - Setting next_dagrun for example_python_decorator to None, run_after=None
[2024-03-11T11:00:03.518+0000] {processor.py:183} INFO - Processing /home/airflow/.local/lib/python3.8/site-packages/airflow/example_dags/example_python_decorator.py took 0.097 seconds
[2024-03-11T11:00:33.656+0000] {processor.py:161} INFO - Started process (PID=248) to work on /home/airflow/.local/lib/python3.8/site-packages/airflow/example_dags/example_python_decorator.py
[2024-03-11T11:00:33.660+0000] {processor.py:830} INFO - Processing file /home/airflow/.local/lib/python3.8/site-packages/airflow/example_dags/example_python_decorator.py for tasks to queue
[2024-03-11T11:00:33.662+0000] {logging_mixin.py:188} INFO - [2024-03-11T11:00:33.662+0000] {dagbag.py:540} INFO - Filling up the DagBag from /home/airflow/.local/lib/python3.8/site-packages/airflow/example_dags/example_python_decorator.py
[2024-03-11T11:00:33.675+0000] {processor.py:840} INFO - DAG(s) 'example_python_decorator' retrieved from /home/airflow/.local/lib/python3.8/site-packages/airflow/example_dags/example_python_decorator.py
[2024-03-11T11:00:33.697+0000] {logging_mixin.py:188} INFO - [2024-03-11T11:00:33.697+0000] {dag.py:3047} INFO - Sync 1 DAGs
[2024-03-11T11:00:33.711+0000] {logging_mixin.py:188} INFO - [2024-03-11T11:00:33.710+0000] {dag.py:3834} INFO - Setting next_dagrun for example_python_decorator to None, run_after=None
[2024-03-11T11:00:33.727+0000] {processor.py:183} INFO - Processing /home/airflow/.local/lib/python3.8/site-packages/airflow/example_dags/example_python_decorator.py took 0.074 seconds
[2024-03-11T11:01:04.563+0000] {processor.py:161} INFO - Started process (PID=303) to work on /home/airflow/.local/lib/python3.8/site-packages/airflow/example_dags/example_python_decorator.py
[2024-03-11T11:01:04.564+0000] {processor.py:830} INFO - Processing file /home/airflow/.local/lib/python3.8/site-packages/airflow/example_dags/example_python_decorator.py for tasks to queue
[2024-03-11T11:01:04.566+0000] {logging_mixin.py:188} INFO - [2024-03-11T11:01:04.565+0000] {dagbag.py:540} INFO - Filling up the DagBag from /home/airflow/.local/lib/python3.8/site-packages/airflow/example_dags/example_python_decorator.py
[2024-03-11T11:01:04.588+0000] {processor.py:840} INFO - DAG(s) 'example_python_decorator' retrieved from /home/airflow/.local/lib/python3.8/site-packages/airflow/example_dags/example_python_decorator.py
[2024-03-11T11:01:04.620+0000] {logging_mixin.py:188} INFO - [2024-03-11T11:01:04.619+0000] {dag.py:3047} INFO - Sync 1 DAGs
[2024-03-11T11:01:04.632+0000] {logging_mixin.py:188} INFO - [2024-03-11T11:01:04.632+0000] {dag.py:3834} INFO - Setting next_dagrun for example_python_decorator to None, run_after=None
[2024-03-11T11:01:04.651+0000] {processor.py:183} INFO - Processing /home/airflow/.local/lib/python3.8/site-packages/airflow/example_dags/example_python_decorator.py took 0.098 seconds
[2024-03-11T11:01:34.866+0000] {processor.py:161} INFO - Started process (PID=358) to work on /home/airflow/.local/lib/python3.8/site-packages/airflow/example_dags/example_python_decorator.py
[2024-03-11T11:01:34.867+0000] {processor.py:830} INFO - Processing file /home/airflow/.local/lib/python3.8/site-packages/airflow/example_dags/example_python_decorator.py for tasks to queue
[2024-03-11T11:01:34.871+0000] {logging_mixin.py:188} INFO - [2024-03-11T11:01:34.871+0000] {dagbag.py:540} INFO - Filling up the DagBag from /home/airflow/.local/lib/python3.8/site-packages/airflow/example_dags/example_python_decorator.py
[2024-03-11T11:01:34.889+0000] {processor.py:840} INFO - DAG(s) 'example_python_decorator' retrieved from /home/airflow/.local/lib/python3.8/site-packages/airflow/example_dags/example_python_decorator.py
[2024-03-11T11:01:34.921+0000] {logging_mixin.py:188} INFO - [2024-03-11T11:01:34.918+0000] {dag.py:3047} INFO - Sync 1 DAGs
[2024-03-11T11:01:34.938+0000] {logging_mixin.py:188} INFO - [2024-03-11T11:01:34.938+0000] {dag.py:3834} INFO - Setting next_dagrun for example_python_decorator to None, run_after=None
[2024-03-11T11:01:34.962+0000] {processor.py:183} INFO - Processing /home/airflow/.local/lib/python3.8/site-packages/airflow/example_dags/example_python_decorator.py took 0.099 seconds
[2024-03-11T11:02:05.293+0000] {processor.py:161} INFO - Started process (PID=413) to work on /home/airflow/.local/lib/python3.8/site-packages/airflow/example_dags/example_python_decorator.py
[2024-03-11T11:02:05.294+0000] {processor.py:830} INFO - Processing file /home/airflow/.local/lib/python3.8/site-packages/airflow/example_dags/example_python_decorator.py for tasks to queue
[2024-03-11T11:02:05.297+0000] {logging_mixin.py:188} INFO - [2024-03-11T11:02:05.296+0000] {dagbag.py:540} INFO - Filling up the DagBag from /home/airflow/.local/lib/python3.8/site-packages/airflow/example_dags/example_python_decorator.py
[2024-03-11T11:02:05.311+0000] {processor.py:840} INFO - DAG(s) 'example_python_decorator' retrieved from /home/airflow/.local/lib/python3.8/site-packages/airflow/example_dags/example_python_decorator.py
[2024-03-11T11:02:05.337+0000] {logging_mixin.py:188} INFO - [2024-03-11T11:02:05.336+0000] {dag.py:3047} INFO - Sync 1 DAGs
[2024-03-11T11:02:05.352+0000] {logging_mixin.py:188} INFO - [2024-03-11T11:02:05.352+0000] {dag.py:3834} INFO - Setting next_dagrun for example_python_decorator to None, run_after=None
[2024-03-11T11:02:05.372+0000] {processor.py:183} INFO - Processing /home/airflow/.local/lib/python3.8/site-packages/airflow/example_dags/example_python_decorator.py took 0.082 seconds
[2024-03-11T13:02:44.053+0000] {processor.py:161} INFO - Started process (PID=85) to work on /home/airflow/.local/lib/python3.8/site-packages/airflow/example_dags/example_python_decorator.py
[2024-03-11T13:02:44.054+0000] {processor.py:830} INFO - Processing file /home/airflow/.local/lib/python3.8/site-packages/airflow/example_dags/example_python_decorator.py for tasks to queue
[2024-03-11T13:02:44.056+0000] {logging_mixin.py:188} INFO - [2024-03-11T13:02:44.056+0000] {dagbag.py:540} INFO - Filling up the DagBag from /home/airflow/.local/lib/python3.8/site-packages/airflow/example_dags/example_python_decorator.py
[2024-03-11T13:02:44.074+0000] {processor.py:840} INFO - DAG(s) 'example_python_decorator' retrieved from /home/airflow/.local/lib/python3.8/site-packages/airflow/example_dags/example_python_decorator.py
[2024-03-11T13:02:44.237+0000] {logging_mixin.py:188} INFO - [2024-03-11T13:02:44.237+0000] {dag.py:3047} INFO - Sync 1 DAGs
[2024-03-11T13:02:44.252+0000] {logging_mixin.py:188} INFO - [2024-03-11T13:02:44.251+0000] {dag.py:3834} INFO - Setting next_dagrun for example_python_decorator to None, run_after=None
[2024-03-11T13:02:44.311+0000] {processor.py:183} INFO - Processing /home/airflow/.local/lib/python3.8/site-packages/airflow/example_dags/example_python_decorator.py took 0.261 seconds
[2024-03-11T13:03:14.435+0000] {processor.py:161} INFO - Started process (PID=141) to work on /home/airflow/.local/lib/python3.8/site-packages/airflow/example_dags/example_python_decorator.py
[2024-03-11T13:03:14.436+0000] {processor.py:830} INFO - Processing file /home/airflow/.local/lib/python3.8/site-packages/airflow/example_dags/example_python_decorator.py for tasks to queue
[2024-03-11T13:03:14.438+0000] {logging_mixin.py:188} INFO - [2024-03-11T13:03:14.437+0000] {dagbag.py:540} INFO - Filling up the DagBag from /home/airflow/.local/lib/python3.8/site-packages/airflow/example_dags/example_python_decorator.py
[2024-03-11T13:03:14.449+0000] {processor.py:840} INFO - DAG(s) 'example_python_decorator' retrieved from /home/airflow/.local/lib/python3.8/site-packages/airflow/example_dags/example_python_decorator.py
[2024-03-11T13:03:14.469+0000] {logging_mixin.py:188} INFO - [2024-03-11T13:03:14.468+0000] {dag.py:3047} INFO - Sync 1 DAGs
[2024-03-11T13:03:14.480+0000] {logging_mixin.py:188} INFO - [2024-03-11T13:03:14.480+0000] {dag.py:3834} INFO - Setting next_dagrun for example_python_decorator to None, run_after=None
[2024-03-11T13:03:14.496+0000] {processor.py:183} INFO - Processing /home/airflow/.local/lib/python3.8/site-packages/airflow/example_dags/example_python_decorator.py took 0.064 seconds
[2024-03-11T13:03:44.598+0000] {processor.py:161} INFO - Started process (PID=196) to work on /home/airflow/.local/lib/python3.8/site-packages/airflow/example_dags/example_python_decorator.py
[2024-03-11T13:03:44.599+0000] {processor.py:830} INFO - Processing file /home/airflow/.local/lib/python3.8/site-packages/airflow/example_dags/example_python_decorator.py for tasks to queue
[2024-03-11T13:03:44.601+0000] {logging_mixin.py:188} INFO - [2024-03-11T13:03:44.601+0000] {dagbag.py:540} INFO - Filling up the DagBag from /home/airflow/.local/lib/python3.8/site-packages/airflow/example_dags/example_python_decorator.py
[2024-03-11T13:03:44.614+0000] {processor.py:840} INFO - DAG(s) 'example_python_decorator' retrieved from /home/airflow/.local/lib/python3.8/site-packages/airflow/example_dags/example_python_decorator.py
[2024-03-11T13:03:44.641+0000] {logging_mixin.py:188} INFO - [2024-03-11T13:03:44.640+0000] {dag.py:3047} INFO - Sync 1 DAGs
[2024-03-11T13:03:44.655+0000] {logging_mixin.py:188} INFO - [2024-03-11T13:03:44.655+0000] {dag.py:3834} INFO - Setting next_dagrun for example_python_decorator to None, run_after=None
[2024-03-11T13:03:44.674+0000] {processor.py:183} INFO - Processing /home/airflow/.local/lib/python3.8/site-packages/airflow/example_dags/example_python_decorator.py took 0.080 seconds
