[2024-03-11T10:58:59.503+0000] {processor.py:161} INFO - Started process (PID=73) to work on /home/airflow/.local/lib/python3.8/site-packages/airflow/example_dags/example_trigger_target_dag.py
[2024-03-11T10:58:59.507+0000] {processor.py:830} INFO - Processing file /home/airflow/.local/lib/python3.8/site-packages/airflow/example_dags/example_trigger_target_dag.py for tasks to queue
[2024-03-11T10:58:59.513+0000] {logging_mixin.py:188} INFO - [2024-03-11T10:58:59.511+0000] {dagbag.py:540} INFO - Filling up the DagBag from /home/airflow/.local/lib/python3.8/site-packages/airflow/example_dags/example_trigger_target_dag.py
[2024-03-11T10:58:59.535+0000] {processor.py:840} INFO - DAG(s) 'example_trigger_target_dag' retrieved from /home/airflow/.local/lib/python3.8/site-packages/airflow/example_dags/example_trigger_target_dag.py
[2024-03-11T10:58:59.703+0000] {logging_mixin.py:188} INFO - [2024-03-11T10:58:59.702+0000] {dag.py:3047} INFO - Sync 1 DAGs
[2024-03-11T10:58:59.715+0000] {logging_mixin.py:188} INFO - [2024-03-11T10:58:59.714+0000] {dag.py:3834} INFO - Setting next_dagrun for example_trigger_target_dag to None, run_after=None
[2024-03-11T10:58:59.767+0000] {processor.py:183} INFO - Processing /home/airflow/.local/lib/python3.8/site-packages/airflow/example_dags/example_trigger_target_dag.py took 0.278 seconds
[2024-03-11T10:59:30.549+0000] {processor.py:161} INFO - Started process (PID=128) to work on /home/airflow/.local/lib/python3.8/site-packages/airflow/example_dags/example_trigger_target_dag.py
[2024-03-11T10:59:30.549+0000] {processor.py:830} INFO - Processing file /home/airflow/.local/lib/python3.8/site-packages/airflow/example_dags/example_trigger_target_dag.py for tasks to queue
[2024-03-11T10:59:30.551+0000] {logging_mixin.py:188} INFO - [2024-03-11T10:59:30.551+0000] {dagbag.py:540} INFO - Filling up the DagBag from /home/airflow/.local/lib/python3.8/site-packages/airflow/example_dags/example_trigger_target_dag.py
[2024-03-11T10:59:30.556+0000] {processor.py:840} INFO - DAG(s) 'example_trigger_target_dag' retrieved from /home/airflow/.local/lib/python3.8/site-packages/airflow/example_dags/example_trigger_target_dag.py
[2024-03-11T10:59:30.574+0000] {logging_mixin.py:188} INFO - [2024-03-11T10:59:30.574+0000] {dag.py:3047} INFO - Sync 1 DAGs
[2024-03-11T10:59:30.586+0000] {logging_mixin.py:188} INFO - [2024-03-11T10:59:30.586+0000] {dag.py:3834} INFO - Setting next_dagrun for example_trigger_target_dag to None, run_after=None
[2024-03-11T10:59:30.606+0000] {processor.py:183} INFO - Processing /home/airflow/.local/lib/python3.8/site-packages/airflow/example_dags/example_trigger_target_dag.py took 0.060 seconds
[2024-03-11T11:00:00.993+0000] {processor.py:161} INFO - Started process (PID=183) to work on /home/airflow/.local/lib/python3.8/site-packages/airflow/example_dags/example_trigger_target_dag.py
[2024-03-11T11:00:00.995+0000] {processor.py:830} INFO - Processing file /home/airflow/.local/lib/python3.8/site-packages/airflow/example_dags/example_trigger_target_dag.py for tasks to queue
[2024-03-11T11:00:00.999+0000] {logging_mixin.py:188} INFO - [2024-03-11T11:00:00.998+0000] {dagbag.py:540} INFO - Filling up the DagBag from /home/airflow/.local/lib/python3.8/site-packages/airflow/example_dags/example_trigger_target_dag.py
[2024-03-11T11:00:01.013+0000] {processor.py:840} INFO - DAG(s) 'example_trigger_target_dag' retrieved from /home/airflow/.local/lib/python3.8/site-packages/airflow/example_dags/example_trigger_target_dag.py
[2024-03-11T11:00:01.057+0000] {logging_mixin.py:188} INFO - [2024-03-11T11:00:01.057+0000] {dag.py:3047} INFO - Sync 1 DAGs
[2024-03-11T11:00:01.070+0000] {logging_mixin.py:188} INFO - [2024-03-11T11:00:01.069+0000] {dag.py:3834} INFO - Setting next_dagrun for example_trigger_target_dag to None, run_after=None
[2024-03-11T11:00:01.096+0000] {processor.py:183} INFO - Processing /home/airflow/.local/lib/python3.8/site-packages/airflow/example_dags/example_trigger_target_dag.py took 0.106 seconds
[2024-03-11T11:00:31.888+0000] {processor.py:161} INFO - Started process (PID=238) to work on /home/airflow/.local/lib/python3.8/site-packages/airflow/example_dags/example_trigger_target_dag.py
[2024-03-11T11:00:31.889+0000] {processor.py:830} INFO - Processing file /home/airflow/.local/lib/python3.8/site-packages/airflow/example_dags/example_trigger_target_dag.py for tasks to queue
[2024-03-11T11:00:31.890+0000] {logging_mixin.py:188} INFO - [2024-03-11T11:00:31.890+0000] {dagbag.py:540} INFO - Filling up the DagBag from /home/airflow/.local/lib/python3.8/site-packages/airflow/example_dags/example_trigger_target_dag.py
[2024-03-11T11:00:31.896+0000] {processor.py:840} INFO - DAG(s) 'example_trigger_target_dag' retrieved from /home/airflow/.local/lib/python3.8/site-packages/airflow/example_dags/example_trigger_target_dag.py
[2024-03-11T11:00:31.913+0000] {logging_mixin.py:188} INFO - [2024-03-11T11:00:31.913+0000] {dag.py:3047} INFO - Sync 1 DAGs
[2024-03-11T11:00:31.925+0000] {logging_mixin.py:188} INFO - [2024-03-11T11:00:31.925+0000] {dag.py:3834} INFO - Setting next_dagrun for example_trigger_target_dag to None, run_after=None
[2024-03-11T11:00:31.944+0000] {processor.py:183} INFO - Processing /home/airflow/.local/lib/python3.8/site-packages/airflow/example_dags/example_trigger_target_dag.py took 0.059 seconds
[2024-03-11T11:01:02.786+0000] {processor.py:161} INFO - Started process (PID=293) to work on /home/airflow/.local/lib/python3.8/site-packages/airflow/example_dags/example_trigger_target_dag.py
[2024-03-11T11:01:02.787+0000] {processor.py:830} INFO - Processing file /home/airflow/.local/lib/python3.8/site-packages/airflow/example_dags/example_trigger_target_dag.py for tasks to queue
[2024-03-11T11:01:02.789+0000] {logging_mixin.py:188} INFO - [2024-03-11T11:01:02.789+0000] {dagbag.py:540} INFO - Filling up the DagBag from /home/airflow/.local/lib/python3.8/site-packages/airflow/example_dags/example_trigger_target_dag.py
[2024-03-11T11:01:02.795+0000] {processor.py:840} INFO - DAG(s) 'example_trigger_target_dag' retrieved from /home/airflow/.local/lib/python3.8/site-packages/airflow/example_dags/example_trigger_target_dag.py
[2024-03-11T11:01:02.820+0000] {logging_mixin.py:188} INFO - [2024-03-11T11:01:02.820+0000] {dag.py:3047} INFO - Sync 1 DAGs
[2024-03-11T11:01:02.838+0000] {logging_mixin.py:188} INFO - [2024-03-11T11:01:02.837+0000] {dag.py:3834} INFO - Setting next_dagrun for example_trigger_target_dag to None, run_after=None
[2024-03-11T11:01:02.865+0000] {processor.py:183} INFO - Processing /home/airflow/.local/lib/python3.8/site-packages/airflow/example_dags/example_trigger_target_dag.py took 0.081 seconds
[2024-03-11T11:01:32.993+0000] {processor.py:161} INFO - Started process (PID=348) to work on /home/airflow/.local/lib/python3.8/site-packages/airflow/example_dags/example_trigger_target_dag.py
[2024-03-11T11:01:32.994+0000] {processor.py:830} INFO - Processing file /home/airflow/.local/lib/python3.8/site-packages/airflow/example_dags/example_trigger_target_dag.py for tasks to queue
[2024-03-11T11:01:32.996+0000] {logging_mixin.py:188} INFO - [2024-03-11T11:01:32.996+0000] {dagbag.py:540} INFO - Filling up the DagBag from /home/airflow/.local/lib/python3.8/site-packages/airflow/example_dags/example_trigger_target_dag.py
[2024-03-11T11:01:33.001+0000] {processor.py:840} INFO - DAG(s) 'example_trigger_target_dag' retrieved from /home/airflow/.local/lib/python3.8/site-packages/airflow/example_dags/example_trigger_target_dag.py
[2024-03-11T11:01:33.041+0000] {logging_mixin.py:188} INFO - [2024-03-11T11:01:33.041+0000] {dag.py:3047} INFO - Sync 1 DAGs
[2024-03-11T11:01:33.056+0000] {logging_mixin.py:188} INFO - [2024-03-11T11:01:33.056+0000] {dag.py:3834} INFO - Setting next_dagrun for example_trigger_target_dag to None, run_after=None
[2024-03-11T11:01:33.075+0000] {processor.py:183} INFO - Processing /home/airflow/.local/lib/python3.8/site-packages/airflow/example_dags/example_trigger_target_dag.py took 0.085 seconds
[2024-03-11T11:02:03.309+0000] {processor.py:161} INFO - Started process (PID=403) to work on /home/airflow/.local/lib/python3.8/site-packages/airflow/example_dags/example_trigger_target_dag.py
[2024-03-11T11:02:03.311+0000] {processor.py:830} INFO - Processing file /home/airflow/.local/lib/python3.8/site-packages/airflow/example_dags/example_trigger_target_dag.py for tasks to queue
[2024-03-11T11:02:03.313+0000] {logging_mixin.py:188} INFO - [2024-03-11T11:02:03.313+0000] {dagbag.py:540} INFO - Filling up the DagBag from /home/airflow/.local/lib/python3.8/site-packages/airflow/example_dags/example_trigger_target_dag.py
[2024-03-11T11:02:03.320+0000] {processor.py:840} INFO - DAG(s) 'example_trigger_target_dag' retrieved from /home/airflow/.local/lib/python3.8/site-packages/airflow/example_dags/example_trigger_target_dag.py
[2024-03-11T11:02:03.342+0000] {logging_mixin.py:188} INFO - [2024-03-11T11:02:03.342+0000] {dag.py:3047} INFO - Sync 1 DAGs
[2024-03-11T11:02:03.355+0000] {logging_mixin.py:188} INFO - [2024-03-11T11:02:03.354+0000] {dag.py:3834} INFO - Setting next_dagrun for example_trigger_target_dag to None, run_after=None
[2024-03-11T11:02:03.376+0000] {processor.py:183} INFO - Processing /home/airflow/.local/lib/python3.8/site-packages/airflow/example_dags/example_trigger_target_dag.py took 0.073 seconds
[2024-03-11T11:02:33.463+0000] {processor.py:161} INFO - Started process (PID=457) to work on /home/airflow/.local/lib/python3.8/site-packages/airflow/example_dags/example_trigger_target_dag.py
[2024-03-11T11:02:33.465+0000] {processor.py:830} INFO - Processing file /home/airflow/.local/lib/python3.8/site-packages/airflow/example_dags/example_trigger_target_dag.py for tasks to queue
[2024-03-11T11:02:33.470+0000] {logging_mixin.py:188} INFO - [2024-03-11T11:02:33.470+0000] {dagbag.py:540} INFO - Filling up the DagBag from /home/airflow/.local/lib/python3.8/site-packages/airflow/example_dags/example_trigger_target_dag.py
[2024-03-11T11:02:33.487+0000] {processor.py:840} INFO - DAG(s) 'example_trigger_target_dag' retrieved from /home/airflow/.local/lib/python3.8/site-packages/airflow/example_dags/example_trigger_target_dag.py
[2024-03-11T11:02:33.537+0000] {logging_mixin.py:188} INFO - [2024-03-11T11:02:33.536+0000] {dag.py:3047} INFO - Sync 1 DAGs
[2024-03-11T11:02:33.604+0000] {logging_mixin.py:188} INFO - [2024-03-11T11:02:33.599+0000] {dag.py:3834} INFO - Setting next_dagrun for example_trigger_target_dag to None, run_after=None
[2024-03-11T13:02:41.774+0000] {processor.py:161} INFO - Started process (PID=75) to work on /home/airflow/.local/lib/python3.8/site-packages/airflow/example_dags/example_trigger_target_dag.py
[2024-03-11T13:02:41.776+0000] {processor.py:830} INFO - Processing file /home/airflow/.local/lib/python3.8/site-packages/airflow/example_dags/example_trigger_target_dag.py for tasks to queue
[2024-03-11T13:02:41.778+0000] {logging_mixin.py:188} INFO - [2024-03-11T13:02:41.777+0000] {dagbag.py:540} INFO - Filling up the DagBag from /home/airflow/.local/lib/python3.8/site-packages/airflow/example_dags/example_trigger_target_dag.py
[2024-03-11T13:02:41.793+0000] {processor.py:840} INFO - DAG(s) 'example_trigger_target_dag' retrieved from /home/airflow/.local/lib/python3.8/site-packages/airflow/example_dags/example_trigger_target_dag.py
[2024-03-11T13:02:42.156+0000] {logging_mixin.py:188} INFO - [2024-03-11T13:02:42.156+0000] {dag.py:3047} INFO - Sync 1 DAGs
[2024-03-11T13:02:42.183+0000] {logging_mixin.py:188} INFO - [2024-03-11T13:02:42.183+0000] {dag.py:3834} INFO - Setting next_dagrun for example_trigger_target_dag to None, run_after=None
[2024-03-11T13:02:42.220+0000] {processor.py:183} INFO - Processing /home/airflow/.local/lib/python3.8/site-packages/airflow/example_dags/example_trigger_target_dag.py took 0.449 seconds
[2024-03-11T13:03:12.654+0000] {processor.py:161} INFO - Started process (PID=131) to work on /home/airflow/.local/lib/python3.8/site-packages/airflow/example_dags/example_trigger_target_dag.py
[2024-03-11T13:03:12.655+0000] {processor.py:830} INFO - Processing file /home/airflow/.local/lib/python3.8/site-packages/airflow/example_dags/example_trigger_target_dag.py for tasks to queue
[2024-03-11T13:03:12.656+0000] {logging_mixin.py:188} INFO - [2024-03-11T13:03:12.656+0000] {dagbag.py:540} INFO - Filling up the DagBag from /home/airflow/.local/lib/python3.8/site-packages/airflow/example_dags/example_trigger_target_dag.py
[2024-03-11T13:03:12.663+0000] {processor.py:840} INFO - DAG(s) 'example_trigger_target_dag' retrieved from /home/airflow/.local/lib/python3.8/site-packages/airflow/example_dags/example_trigger_target_dag.py
[2024-03-11T13:03:12.686+0000] {logging_mixin.py:188} INFO - [2024-03-11T13:03:12.686+0000] {dag.py:3047} INFO - Sync 1 DAGs
[2024-03-11T13:03:12.698+0000] {logging_mixin.py:188} INFO - [2024-03-11T13:03:12.697+0000] {dag.py:3834} INFO - Setting next_dagrun for example_trigger_target_dag to None, run_after=None
[2024-03-11T13:03:12.721+0000] {processor.py:183} INFO - Processing /home/airflow/.local/lib/python3.8/site-packages/airflow/example_dags/example_trigger_target_dag.py took 0.072 seconds
[2024-03-11T13:03:42.907+0000] {processor.py:161} INFO - Started process (PID=186) to work on /home/airflow/.local/lib/python3.8/site-packages/airflow/example_dags/example_trigger_target_dag.py
[2024-03-11T13:03:42.908+0000] {processor.py:830} INFO - Processing file /home/airflow/.local/lib/python3.8/site-packages/airflow/example_dags/example_trigger_target_dag.py for tasks to queue
[2024-03-11T13:03:42.911+0000] {logging_mixin.py:188} INFO - [2024-03-11T13:03:42.911+0000] {dagbag.py:540} INFO - Filling up the DagBag from /home/airflow/.local/lib/python3.8/site-packages/airflow/example_dags/example_trigger_target_dag.py
[2024-03-11T13:03:42.917+0000] {processor.py:840} INFO - DAG(s) 'example_trigger_target_dag' retrieved from /home/airflow/.local/lib/python3.8/site-packages/airflow/example_dags/example_trigger_target_dag.py
[2024-03-11T13:03:42.939+0000] {logging_mixin.py:188} INFO - [2024-03-11T13:03:42.939+0000] {dag.py:3047} INFO - Sync 1 DAGs
[2024-03-11T13:03:42.951+0000] {logging_mixin.py:188} INFO - [2024-03-11T13:03:42.951+0000] {dag.py:3834} INFO - Setting next_dagrun for example_trigger_target_dag to None, run_after=None
[2024-03-11T13:03:42.974+0000] {processor.py:183} INFO - Processing /home/airflow/.local/lib/python3.8/site-packages/airflow/example_dags/example_trigger_target_dag.py took 0.070 seconds
