[2024-03-11T10:58:54.386+0000] {processor.py:161} INFO - Started process (PID=50) to work on /home/airflow/.local/lib/python3.8/site-packages/airflow/example_dags/example_sensors.py
[2024-03-11T10:58:54.401+0000] {processor.py:830} INFO - Processing file /home/airflow/.local/lib/python3.8/site-packages/airflow/example_dags/example_sensors.py for tasks to queue
[2024-03-11T10:58:54.406+0000] {logging_mixin.py:188} INFO - [2024-03-11T10:58:54.402+0000] {dagbag.py:540} INFO - Filling up the DagBag from /home/airflow/.local/lib/python3.8/site-packages/airflow/example_dags/example_sensors.py
[2024-03-11T10:58:54.454+0000] {processor.py:840} INFO - DAG(s) 'example_sensors' retrieved from /home/airflow/.local/lib/python3.8/site-packages/airflow/example_dags/example_sensors.py
[2024-03-11T10:58:54.465+0000] {logging_mixin.py:188} INFO - [2024-03-11T10:58:54.465+0000] {dag.py:3047} INFO - Sync 1 DAGs
[2024-03-11T10:58:54.478+0000] {logging_mixin.py:188} INFO - [2024-03-11T10:58:54.478+0000] {dag.py:3834} INFO - Setting next_dagrun for example_sensors to None, run_after=None
[2024-03-11T10:58:54.560+0000] {processor.py:183} INFO - Processing /home/airflow/.local/lib/python3.8/site-packages/airflow/example_dags/example_sensors.py took 0.177 seconds
[2024-03-11T10:59:24.950+0000] {processor.py:161} INFO - Started process (PID=105) to work on /home/airflow/.local/lib/python3.8/site-packages/airflow/example_dags/example_sensors.py
[2024-03-11T10:59:24.951+0000] {processor.py:830} INFO - Processing file /home/airflow/.local/lib/python3.8/site-packages/airflow/example_dags/example_sensors.py for tasks to queue
[2024-03-11T10:59:24.953+0000] {logging_mixin.py:188} INFO - [2024-03-11T10:59:24.953+0000] {dagbag.py:540} INFO - Filling up the DagBag from /home/airflow/.local/lib/python3.8/site-packages/airflow/example_dags/example_sensors.py
[2024-03-11T10:59:24.964+0000] {processor.py:840} INFO - DAG(s) 'example_sensors' retrieved from /home/airflow/.local/lib/python3.8/site-packages/airflow/example_dags/example_sensors.py
[2024-03-11T10:59:25.066+0000] {logging_mixin.py:188} INFO - [2024-03-11T10:59:25.066+0000] {dag.py:3047} INFO - Sync 1 DAGs
[2024-03-11T10:59:25.077+0000] {logging_mixin.py:188} INFO - [2024-03-11T10:59:25.077+0000] {dag.py:3834} INFO - Setting next_dagrun for example_sensors to None, run_after=None
[2024-03-11T10:59:25.095+0000] {processor.py:183} INFO - Processing /home/airflow/.local/lib/python3.8/site-packages/airflow/example_dags/example_sensors.py took 0.148 seconds
[2024-03-11T10:59:55.265+0000] {processor.py:161} INFO - Started process (PID=160) to work on /home/airflow/.local/lib/python3.8/site-packages/airflow/example_dags/example_sensors.py
[2024-03-11T10:59:55.266+0000] {processor.py:830} INFO - Processing file /home/airflow/.local/lib/python3.8/site-packages/airflow/example_dags/example_sensors.py for tasks to queue
[2024-03-11T10:59:55.269+0000] {logging_mixin.py:188} INFO - [2024-03-11T10:59:55.268+0000] {dagbag.py:540} INFO - Filling up the DagBag from /home/airflow/.local/lib/python3.8/site-packages/airflow/example_dags/example_sensors.py
[2024-03-11T10:59:55.280+0000] {processor.py:840} INFO - DAG(s) 'example_sensors' retrieved from /home/airflow/.local/lib/python3.8/site-packages/airflow/example_dags/example_sensors.py
[2024-03-11T10:59:55.307+0000] {logging_mixin.py:188} INFO - [2024-03-11T10:59:55.307+0000] {dag.py:3047} INFO - Sync 1 DAGs
[2024-03-11T10:59:55.321+0000] {logging_mixin.py:188} INFO - [2024-03-11T10:59:55.320+0000] {dag.py:3834} INFO - Setting next_dagrun for example_sensors to None, run_after=None
[2024-03-11T10:59:55.341+0000] {processor.py:183} INFO - Processing /home/airflow/.local/lib/python3.8/site-packages/airflow/example_dags/example_sensors.py took 0.079 seconds
[2024-03-11T11:00:25.535+0000] {processor.py:161} INFO - Started process (PID=214) to work on /home/airflow/.local/lib/python3.8/site-packages/airflow/example_dags/example_sensors.py
[2024-03-11T11:00:25.536+0000] {processor.py:830} INFO - Processing file /home/airflow/.local/lib/python3.8/site-packages/airflow/example_dags/example_sensors.py for tasks to queue
[2024-03-11T11:00:25.537+0000] {logging_mixin.py:188} INFO - [2024-03-11T11:00:25.537+0000] {dagbag.py:540} INFO - Filling up the DagBag from /home/airflow/.local/lib/python3.8/site-packages/airflow/example_dags/example_sensors.py
[2024-03-11T11:00:25.548+0000] {processor.py:840} INFO - DAG(s) 'example_sensors' retrieved from /home/airflow/.local/lib/python3.8/site-packages/airflow/example_dags/example_sensors.py
[2024-03-11T11:00:25.585+0000] {logging_mixin.py:188} INFO - [2024-03-11T11:00:25.584+0000] {dag.py:3047} INFO - Sync 1 DAGs
[2024-03-11T11:00:25.596+0000] {logging_mixin.py:188} INFO - [2024-03-11T11:00:25.596+0000] {dag.py:3834} INFO - Setting next_dagrun for example_sensors to None, run_after=None
[2024-03-11T11:00:25.614+0000] {processor.py:183} INFO - Processing /home/airflow/.local/lib/python3.8/site-packages/airflow/example_dags/example_sensors.py took 0.082 seconds
[2024-03-11T11:00:56.466+0000] {processor.py:161} INFO - Started process (PID=270) to work on /home/airflow/.local/lib/python3.8/site-packages/airflow/example_dags/example_sensors.py
[2024-03-11T11:00:56.467+0000] {processor.py:830} INFO - Processing file /home/airflow/.local/lib/python3.8/site-packages/airflow/example_dags/example_sensors.py for tasks to queue
[2024-03-11T11:00:56.469+0000] {logging_mixin.py:188} INFO - [2024-03-11T11:00:56.469+0000] {dagbag.py:540} INFO - Filling up the DagBag from /home/airflow/.local/lib/python3.8/site-packages/airflow/example_dags/example_sensors.py
[2024-03-11T11:00:56.478+0000] {processor.py:840} INFO - DAG(s) 'example_sensors' retrieved from /home/airflow/.local/lib/python3.8/site-packages/airflow/example_dags/example_sensors.py
[2024-03-11T11:00:56.500+0000] {logging_mixin.py:188} INFO - [2024-03-11T11:00:56.500+0000] {dag.py:3047} INFO - Sync 1 DAGs
[2024-03-11T11:00:56.511+0000] {logging_mixin.py:188} INFO - [2024-03-11T11:00:56.511+0000] {dag.py:3834} INFO - Setting next_dagrun for example_sensors to None, run_after=None
[2024-03-11T11:00:56.529+0000] {processor.py:183} INFO - Processing /home/airflow/.local/lib/python3.8/site-packages/airflow/example_dags/example_sensors.py took 0.065 seconds
[2024-03-11T11:01:27.544+0000] {processor.py:161} INFO - Started process (PID=325) to work on /home/airflow/.local/lib/python3.8/site-packages/airflow/example_dags/example_sensors.py
[2024-03-11T11:01:27.545+0000] {processor.py:830} INFO - Processing file /home/airflow/.local/lib/python3.8/site-packages/airflow/example_dags/example_sensors.py for tasks to queue
[2024-03-11T11:01:27.547+0000] {logging_mixin.py:188} INFO - [2024-03-11T11:01:27.547+0000] {dagbag.py:540} INFO - Filling up the DagBag from /home/airflow/.local/lib/python3.8/site-packages/airflow/example_dags/example_sensors.py
[2024-03-11T11:01:27.555+0000] {processor.py:840} INFO - DAG(s) 'example_sensors' retrieved from /home/airflow/.local/lib/python3.8/site-packages/airflow/example_dags/example_sensors.py
[2024-03-11T11:01:27.583+0000] {logging_mixin.py:188} INFO - [2024-03-11T11:01:27.582+0000] {dag.py:3047} INFO - Sync 1 DAGs
[2024-03-11T11:01:27.594+0000] {logging_mixin.py:188} INFO - [2024-03-11T11:01:27.594+0000] {dag.py:3834} INFO - Setting next_dagrun for example_sensors to None, run_after=None
[2024-03-11T11:01:27.612+0000] {processor.py:183} INFO - Processing /home/airflow/.local/lib/python3.8/site-packages/airflow/example_dags/example_sensors.py took 0.071 seconds
[2024-03-11T11:01:57.816+0000] {processor.py:161} INFO - Started process (PID=380) to work on /home/airflow/.local/lib/python3.8/site-packages/airflow/example_dags/example_sensors.py
[2024-03-11T11:01:57.817+0000] {processor.py:830} INFO - Processing file /home/airflow/.local/lib/python3.8/site-packages/airflow/example_dags/example_sensors.py for tasks to queue
[2024-03-11T11:01:57.819+0000] {logging_mixin.py:188} INFO - [2024-03-11T11:01:57.819+0000] {dagbag.py:540} INFO - Filling up the DagBag from /home/airflow/.local/lib/python3.8/site-packages/airflow/example_dags/example_sensors.py
[2024-03-11T11:01:57.827+0000] {processor.py:840} INFO - DAG(s) 'example_sensors' retrieved from /home/airflow/.local/lib/python3.8/site-packages/airflow/example_dags/example_sensors.py
[2024-03-11T11:01:57.851+0000] {logging_mixin.py:188} INFO - [2024-03-11T11:01:57.850+0000] {dag.py:3047} INFO - Sync 1 DAGs
[2024-03-11T11:01:57.864+0000] {logging_mixin.py:188} INFO - [2024-03-11T11:01:57.863+0000] {dag.py:3834} INFO - Setting next_dagrun for example_sensors to None, run_after=None
[2024-03-11T11:01:57.886+0000] {processor.py:183} INFO - Processing /home/airflow/.local/lib/python3.8/site-packages/airflow/example_dags/example_sensors.py took 0.072 seconds
[2024-03-11T11:02:28.128+0000] {processor.py:161} INFO - Started process (PID=435) to work on /home/airflow/.local/lib/python3.8/site-packages/airflow/example_dags/example_sensors.py
[2024-03-11T11:02:28.129+0000] {processor.py:830} INFO - Processing file /home/airflow/.local/lib/python3.8/site-packages/airflow/example_dags/example_sensors.py for tasks to queue
[2024-03-11T11:02:28.130+0000] {logging_mixin.py:188} INFO - [2024-03-11T11:02:28.130+0000] {dagbag.py:540} INFO - Filling up the DagBag from /home/airflow/.local/lib/python3.8/site-packages/airflow/example_dags/example_sensors.py
[2024-03-11T11:02:28.138+0000] {processor.py:840} INFO - DAG(s) 'example_sensors' retrieved from /home/airflow/.local/lib/python3.8/site-packages/airflow/example_dags/example_sensors.py
[2024-03-11T11:02:28.163+0000] {logging_mixin.py:188} INFO - [2024-03-11T11:02:28.162+0000] {dag.py:3047} INFO - Sync 1 DAGs
[2024-03-11T11:02:28.174+0000] {logging_mixin.py:188} INFO - [2024-03-11T11:02:28.174+0000] {dag.py:3834} INFO - Setting next_dagrun for example_sensors to None, run_after=None
[2024-03-11T11:02:28.196+0000] {processor.py:183} INFO - Processing /home/airflow/.local/lib/python3.8/site-packages/airflow/example_dags/example_sensors.py took 0.071 seconds
[2024-03-11T13:02:37.758+0000] {processor.py:161} INFO - Started process (PID=52) to work on /home/airflow/.local/lib/python3.8/site-packages/airflow/example_dags/example_sensors.py
[2024-03-11T13:02:37.760+0000] {processor.py:830} INFO - Processing file /home/airflow/.local/lib/python3.8/site-packages/airflow/example_dags/example_sensors.py for tasks to queue
[2024-03-11T13:02:37.762+0000] {logging_mixin.py:188} INFO - [2024-03-11T13:02:37.762+0000] {dagbag.py:540} INFO - Filling up the DagBag from /home/airflow/.local/lib/python3.8/site-packages/airflow/example_dags/example_sensors.py
[2024-03-11T13:02:37.792+0000] {processor.py:840} INFO - DAG(s) 'example_sensors' retrieved from /home/airflow/.local/lib/python3.8/site-packages/airflow/example_dags/example_sensors.py
[2024-03-11T13:02:38.106+0000] {logging_mixin.py:188} INFO - [2024-03-11T13:02:38.105+0000] {dag.py:3047} INFO - Sync 1 DAGs
[2024-03-11T13:02:38.119+0000] {logging_mixin.py:188} INFO - [2024-03-11T13:02:38.119+0000] {dag.py:3834} INFO - Setting next_dagrun for example_sensors to None, run_after=None
[2024-03-11T13:02:38.182+0000] {processor.py:183} INFO - Processing /home/airflow/.local/lib/python3.8/site-packages/airflow/example_dags/example_sensors.py took 0.427 seconds
[2024-03-11T13:03:08.362+0000] {processor.py:161} INFO - Started process (PID=108) to work on /home/airflow/.local/lib/python3.8/site-packages/airflow/example_dags/example_sensors.py
[2024-03-11T13:03:08.366+0000] {processor.py:830} INFO - Processing file /home/airflow/.local/lib/python3.8/site-packages/airflow/example_dags/example_sensors.py for tasks to queue
[2024-03-11T13:03:08.376+0000] {logging_mixin.py:188} INFO - [2024-03-11T13:03:08.376+0000] {dagbag.py:540} INFO - Filling up the DagBag from /home/airflow/.local/lib/python3.8/site-packages/airflow/example_dags/example_sensors.py
[2024-03-11T13:03:08.386+0000] {processor.py:840} INFO - DAG(s) 'example_sensors' retrieved from /home/airflow/.local/lib/python3.8/site-packages/airflow/example_dags/example_sensors.py
[2024-03-11T13:03:08.460+0000] {logging_mixin.py:188} INFO - [2024-03-11T13:03:08.459+0000] {dag.py:3047} INFO - Sync 1 DAGs
[2024-03-11T13:03:08.485+0000] {logging_mixin.py:188} INFO - [2024-03-11T13:03:08.484+0000] {dag.py:3834} INFO - Setting next_dagrun for example_sensors to None, run_after=None
[2024-03-11T13:03:08.595+0000] {processor.py:183} INFO - Processing /home/airflow/.local/lib/python3.8/site-packages/airflow/example_dags/example_sensors.py took 0.237 seconds
[2024-03-11T13:03:39.428+0000] {processor.py:161} INFO - Started process (PID=163) to work on /home/airflow/.local/lib/python3.8/site-packages/airflow/example_dags/example_sensors.py
[2024-03-11T13:03:39.430+0000] {processor.py:830} INFO - Processing file /home/airflow/.local/lib/python3.8/site-packages/airflow/example_dags/example_sensors.py for tasks to queue
[2024-03-11T13:03:39.433+0000] {logging_mixin.py:188} INFO - [2024-03-11T13:03:39.432+0000] {dagbag.py:540} INFO - Filling up the DagBag from /home/airflow/.local/lib/python3.8/site-packages/airflow/example_dags/example_sensors.py
[2024-03-11T13:03:39.449+0000] {processor.py:840} INFO - DAG(s) 'example_sensors' retrieved from /home/airflow/.local/lib/python3.8/site-packages/airflow/example_dags/example_sensors.py
[2024-03-11T13:03:39.490+0000] {logging_mixin.py:188} INFO - [2024-03-11T13:03:39.490+0000] {dag.py:3047} INFO - Sync 1 DAGs
[2024-03-11T13:03:39.511+0000] {logging_mixin.py:188} INFO - [2024-03-11T13:03:39.511+0000] {dag.py:3834} INFO - Setting next_dagrun for example_sensors to None, run_after=None
[2024-03-11T13:03:39.542+0000] {processor.py:183} INFO - Processing /home/airflow/.local/lib/python3.8/site-packages/airflow/example_dags/example_sensors.py took 0.123 seconds
