[2024-03-11T10:59:01.705+0000] {processor.py:161} INFO - Started process (PID=84) to work on /home/airflow/.local/lib/python3.8/site-packages/airflow/example_dags/tutorial_dag.py
[2024-03-11T10:59:01.708+0000] {processor.py:830} INFO - Processing file /home/airflow/.local/lib/python3.8/site-packages/airflow/example_dags/tutorial_dag.py for tasks to queue
[2024-03-11T10:59:01.711+0000] {logging_mixin.py:188} INFO - [2024-03-11T10:59:01.710+0000] {dagbag.py:540} INFO - Filling up the DagBag from /home/airflow/.local/lib/python3.8/site-packages/airflow/example_dags/tutorial_dag.py
[2024-03-11T10:59:01.721+0000] {processor.py:840} INFO - DAG(s) 'tutorial_dag' retrieved from /home/airflow/.local/lib/python3.8/site-packages/airflow/example_dags/tutorial_dag.py
[2024-03-11T10:59:01.975+0000] {logging_mixin.py:188} INFO - [2024-03-11T10:59:01.974+0000] {dag.py:3047} INFO - Sync 1 DAGs
[2024-03-11T10:59:02.001+0000] {logging_mixin.py:188} INFO - [2024-03-11T10:59:02.001+0000] {dag.py:3834} INFO - Setting next_dagrun for tutorial_dag to None, run_after=None
[2024-03-11T10:59:02.057+0000] {processor.py:183} INFO - Processing /home/airflow/.local/lib/python3.8/site-packages/airflow/example_dags/tutorial_dag.py took 0.355 seconds
[2024-03-11T10:59:32.184+0000] {processor.py:161} INFO - Started process (PID=139) to work on /home/airflow/.local/lib/python3.8/site-packages/airflow/example_dags/tutorial_dag.py
[2024-03-11T10:59:32.185+0000] {processor.py:830} INFO - Processing file /home/airflow/.local/lib/python3.8/site-packages/airflow/example_dags/tutorial_dag.py for tasks to queue
[2024-03-11T10:59:32.187+0000] {logging_mixin.py:188} INFO - [2024-03-11T10:59:32.186+0000] {dagbag.py:540} INFO - Filling up the DagBag from /home/airflow/.local/lib/python3.8/site-packages/airflow/example_dags/tutorial_dag.py
[2024-03-11T10:59:32.192+0000] {processor.py:840} INFO - DAG(s) 'tutorial_dag' retrieved from /home/airflow/.local/lib/python3.8/site-packages/airflow/example_dags/tutorial_dag.py
[2024-03-11T10:59:32.211+0000] {logging_mixin.py:188} INFO - [2024-03-11T10:59:32.210+0000] {dag.py:3047} INFO - Sync 1 DAGs
[2024-03-11T10:59:32.223+0000] {logging_mixin.py:188} INFO - [2024-03-11T10:59:32.222+0000] {dag.py:3834} INFO - Setting next_dagrun for tutorial_dag to None, run_after=None
[2024-03-11T10:59:32.241+0000] {processor.py:183} INFO - Processing /home/airflow/.local/lib/python3.8/site-packages/airflow/example_dags/tutorial_dag.py took 0.060 seconds
[2024-03-11T11:00:03.440+0000] {processor.py:161} INFO - Started process (PID=194) to work on /home/airflow/.local/lib/python3.8/site-packages/airflow/example_dags/tutorial_dag.py
[2024-03-11T11:00:03.441+0000] {processor.py:830} INFO - Processing file /home/airflow/.local/lib/python3.8/site-packages/airflow/example_dags/tutorial_dag.py for tasks to queue
[2024-03-11T11:00:03.443+0000] {logging_mixin.py:188} INFO - [2024-03-11T11:00:03.443+0000] {dagbag.py:540} INFO - Filling up the DagBag from /home/airflow/.local/lib/python3.8/site-packages/airflow/example_dags/tutorial_dag.py
[2024-03-11T11:00:03.452+0000] {processor.py:840} INFO - DAG(s) 'tutorial_dag' retrieved from /home/airflow/.local/lib/python3.8/site-packages/airflow/example_dags/tutorial_dag.py
[2024-03-11T11:00:03.492+0000] {logging_mixin.py:188} INFO - [2024-03-11T11:00:03.491+0000] {dag.py:3047} INFO - Sync 1 DAGs
[2024-03-11T11:00:03.504+0000] {logging_mixin.py:188} INFO - [2024-03-11T11:00:03.504+0000] {dag.py:3834} INFO - Setting next_dagrun for tutorial_dag to None, run_after=None
[2024-03-11T11:00:03.548+0000] {processor.py:183} INFO - Processing /home/airflow/.local/lib/python3.8/site-packages/airflow/example_dags/tutorial_dag.py took 0.111 seconds
[2024-03-11T11:00:33.687+0000] {processor.py:161} INFO - Started process (PID=249) to work on /home/airflow/.local/lib/python3.8/site-packages/airflow/example_dags/tutorial_dag.py
[2024-03-11T11:00:33.688+0000] {processor.py:830} INFO - Processing file /home/airflow/.local/lib/python3.8/site-packages/airflow/example_dags/tutorial_dag.py for tasks to queue
[2024-03-11T11:00:33.689+0000] {logging_mixin.py:188} INFO - [2024-03-11T11:00:33.689+0000] {dagbag.py:540} INFO - Filling up the DagBag from /home/airflow/.local/lib/python3.8/site-packages/airflow/example_dags/tutorial_dag.py
[2024-03-11T11:00:33.694+0000] {processor.py:840} INFO - DAG(s) 'tutorial_dag' retrieved from /home/airflow/.local/lib/python3.8/site-packages/airflow/example_dags/tutorial_dag.py
[2024-03-11T11:00:33.716+0000] {logging_mixin.py:188} INFO - [2024-03-11T11:00:33.716+0000] {dag.py:3047} INFO - Sync 1 DAGs
[2024-03-11T11:00:33.728+0000] {logging_mixin.py:188} INFO - [2024-03-11T11:00:33.728+0000] {dag.py:3834} INFO - Setting next_dagrun for tutorial_dag to None, run_after=None
[2024-03-11T11:00:33.749+0000] {processor.py:183} INFO - Processing /home/airflow/.local/lib/python3.8/site-packages/airflow/example_dags/tutorial_dag.py took 0.065 seconds
[2024-03-11T11:01:04.575+0000] {processor.py:161} INFO - Started process (PID=304) to work on /home/airflow/.local/lib/python3.8/site-packages/airflow/example_dags/tutorial_dag.py
[2024-03-11T11:01:04.576+0000] {processor.py:830} INFO - Processing file /home/airflow/.local/lib/python3.8/site-packages/airflow/example_dags/tutorial_dag.py for tasks to queue
[2024-03-11T11:01:04.579+0000] {logging_mixin.py:188} INFO - [2024-03-11T11:01:04.578+0000] {dagbag.py:540} INFO - Filling up the DagBag from /home/airflow/.local/lib/python3.8/site-packages/airflow/example_dags/tutorial_dag.py
[2024-03-11T11:01:04.585+0000] {processor.py:840} INFO - DAG(s) 'tutorial_dag' retrieved from /home/airflow/.local/lib/python3.8/site-packages/airflow/example_dags/tutorial_dag.py
[2024-03-11T11:01:04.607+0000] {logging_mixin.py:188} INFO - [2024-03-11T11:01:04.606+0000] {dag.py:3047} INFO - Sync 1 DAGs
[2024-03-11T11:01:04.619+0000] {logging_mixin.py:188} INFO - [2024-03-11T11:01:04.619+0000] {dag.py:3834} INFO - Setting next_dagrun for tutorial_dag to None, run_after=None
[2024-03-11T11:01:04.637+0000] {processor.py:183} INFO - Processing /home/airflow/.local/lib/python3.8/site-packages/airflow/example_dags/tutorial_dag.py took 0.065 seconds
[2024-03-11T11:01:34.902+0000] {processor.py:161} INFO - Started process (PID=359) to work on /home/airflow/.local/lib/python3.8/site-packages/airflow/example_dags/tutorial_dag.py
[2024-03-11T11:01:34.903+0000] {processor.py:830} INFO - Processing file /home/airflow/.local/lib/python3.8/site-packages/airflow/example_dags/tutorial_dag.py for tasks to queue
[2024-03-11T11:01:34.906+0000] {logging_mixin.py:188} INFO - [2024-03-11T11:01:34.905+0000] {dagbag.py:540} INFO - Filling up the DagBag from /home/airflow/.local/lib/python3.8/site-packages/airflow/example_dags/tutorial_dag.py
[2024-03-11T11:01:34.913+0000] {processor.py:840} INFO - DAG(s) 'tutorial_dag' retrieved from /home/airflow/.local/lib/python3.8/site-packages/airflow/example_dags/tutorial_dag.py
[2024-03-11T11:01:34.937+0000] {logging_mixin.py:188} INFO - [2024-03-11T11:01:34.936+0000] {dag.py:3047} INFO - Sync 1 DAGs
[2024-03-11T11:01:34.952+0000] {logging_mixin.py:188} INFO - [2024-03-11T11:01:34.952+0000] {dag.py:3834} INFO - Setting next_dagrun for tutorial_dag to None, run_after=None
[2024-03-11T11:01:34.974+0000] {processor.py:183} INFO - Processing /home/airflow/.local/lib/python3.8/site-packages/airflow/example_dags/tutorial_dag.py took 0.075 seconds
[2024-03-11T11:02:05.293+0000] {processor.py:161} INFO - Started process (PID=414) to work on /home/airflow/.local/lib/python3.8/site-packages/airflow/example_dags/tutorial_dag.py
[2024-03-11T11:02:05.295+0000] {processor.py:830} INFO - Processing file /home/airflow/.local/lib/python3.8/site-packages/airflow/example_dags/tutorial_dag.py for tasks to queue
[2024-03-11T11:02:05.297+0000] {logging_mixin.py:188} INFO - [2024-03-11T11:02:05.297+0000] {dagbag.py:540} INFO - Filling up the DagBag from /home/airflow/.local/lib/python3.8/site-packages/airflow/example_dags/tutorial_dag.py
[2024-03-11T11:02:05.302+0000] {processor.py:840} INFO - DAG(s) 'tutorial_dag' retrieved from /home/airflow/.local/lib/python3.8/site-packages/airflow/example_dags/tutorial_dag.py
[2024-03-11T11:02:05.326+0000] {logging_mixin.py:188} INFO - [2024-03-11T11:02:05.325+0000] {dag.py:3047} INFO - Sync 1 DAGs
[2024-03-11T11:02:05.338+0000] {logging_mixin.py:188} INFO - [2024-03-11T11:02:05.338+0000] {dag.py:3834} INFO - Setting next_dagrun for tutorial_dag to None, run_after=None
[2024-03-11T11:02:05.362+0000] {processor.py:183} INFO - Processing /home/airflow/.local/lib/python3.8/site-packages/airflow/example_dags/tutorial_dag.py took 0.071 seconds
[2024-03-11T13:02:44.270+0000] {processor.py:161} INFO - Started process (PID=86) to work on /home/airflow/.local/lib/python3.8/site-packages/airflow/example_dags/tutorial_dag.py
[2024-03-11T13:02:44.272+0000] {processor.py:830} INFO - Processing file /home/airflow/.local/lib/python3.8/site-packages/airflow/example_dags/tutorial_dag.py for tasks to queue
[2024-03-11T13:02:44.275+0000] {logging_mixin.py:188} INFO - [2024-03-11T13:02:44.274+0000] {dagbag.py:540} INFO - Filling up the DagBag from /home/airflow/.local/lib/python3.8/site-packages/airflow/example_dags/tutorial_dag.py
[2024-03-11T13:02:44.292+0000] {processor.py:840} INFO - DAG(s) 'tutorial_dag' retrieved from /home/airflow/.local/lib/python3.8/site-packages/airflow/example_dags/tutorial_dag.py
[2024-03-11T13:02:44.509+0000] {logging_mixin.py:188} INFO - [2024-03-11T13:02:44.509+0000] {dag.py:3047} INFO - Sync 1 DAGs
[2024-03-11T13:02:44.529+0000] {logging_mixin.py:188} INFO - [2024-03-11T13:02:44.522+0000] {dag.py:3834} INFO - Setting next_dagrun for tutorial_dag to None, run_after=None
[2024-03-11T13:02:44.578+0000] {processor.py:183} INFO - Processing /home/airflow/.local/lib/python3.8/site-packages/airflow/example_dags/tutorial_dag.py took 0.311 seconds
[2024-03-11T13:03:15.444+0000] {processor.py:161} INFO - Started process (PID=142) to work on /home/airflow/.local/lib/python3.8/site-packages/airflow/example_dags/tutorial_dag.py
[2024-03-11T13:03:15.445+0000] {processor.py:830} INFO - Processing file /home/airflow/.local/lib/python3.8/site-packages/airflow/example_dags/tutorial_dag.py for tasks to queue
[2024-03-11T13:03:15.447+0000] {logging_mixin.py:188} INFO - [2024-03-11T13:03:15.446+0000] {dagbag.py:540} INFO - Filling up the DagBag from /home/airflow/.local/lib/python3.8/site-packages/airflow/example_dags/tutorial_dag.py
[2024-03-11T13:03:15.451+0000] {processor.py:840} INFO - DAG(s) 'tutorial_dag' retrieved from /home/airflow/.local/lib/python3.8/site-packages/airflow/example_dags/tutorial_dag.py
[2024-03-11T13:03:15.471+0000] {logging_mixin.py:188} INFO - [2024-03-11T13:03:15.471+0000] {dag.py:3047} INFO - Sync 1 DAGs
[2024-03-11T13:03:15.485+0000] {logging_mixin.py:188} INFO - [2024-03-11T13:03:15.484+0000] {dag.py:3834} INFO - Setting next_dagrun for tutorial_dag to None, run_after=None
[2024-03-11T13:03:15.504+0000] {processor.py:183} INFO - Processing /home/airflow/.local/lib/python3.8/site-packages/airflow/example_dags/tutorial_dag.py took 0.064 seconds
[2024-03-11T13:03:45.678+0000] {processor.py:161} INFO - Started process (PID=197) to work on /home/airflow/.local/lib/python3.8/site-packages/airflow/example_dags/tutorial_dag.py
[2024-03-11T13:03:45.679+0000] {processor.py:830} INFO - Processing file /home/airflow/.local/lib/python3.8/site-packages/airflow/example_dags/tutorial_dag.py for tasks to queue
[2024-03-11T13:03:45.681+0000] {logging_mixin.py:188} INFO - [2024-03-11T13:03:45.681+0000] {dagbag.py:540} INFO - Filling up the DagBag from /home/airflow/.local/lib/python3.8/site-packages/airflow/example_dags/tutorial_dag.py
[2024-03-11T13:03:45.689+0000] {processor.py:840} INFO - DAG(s) 'tutorial_dag' retrieved from /home/airflow/.local/lib/python3.8/site-packages/airflow/example_dags/tutorial_dag.py
[2024-03-11T13:03:45.712+0000] {logging_mixin.py:188} INFO - [2024-03-11T13:03:45.711+0000] {dag.py:3047} INFO - Sync 1 DAGs
[2024-03-11T13:03:45.725+0000] {logging_mixin.py:188} INFO - [2024-03-11T13:03:45.724+0000] {dag.py:3834} INFO - Setting next_dagrun for tutorial_dag to None, run_after=None
[2024-03-11T13:03:45.746+0000] {processor.py:183} INFO - Processing /home/airflow/.local/lib/python3.8/site-packages/airflow/example_dags/tutorial_dag.py took 0.070 seconds
